[0.208s] DEBUG:colcon:Command line arguments: ['/usr/bin/colcon', 'build', '--cmake-clean-cache', '--cmake-force-configure', '--symlink-install', '--mixin', 'release']
[0.208s] DEBUG:colcon:Parsed command line arguments: Namespace(allow_overriding=[], ament_cmake_args=None, base_paths=['.'], build_base='build', catkin_cmake_args=None, catkin_skip_building_tests=False, cmake_args=['-DCMAKE_BUILD_TYPE=Release'], cmake_clean_cache=True, cmake_clean_first=False, cmake_force_configure=True, cmake_target=None, cmake_target_skip_unavailable=False, continue_on_error=False, event_handlers=None, executor='parallel', ignore_user_meta=False, install_base='install', log_base=None, log_level=None, main=<bound method BuildVerb.main of <colcon_core.verb.build.BuildVerb object at 0x7f0128394d30>>, merge_install=False, metas=['./colcon.meta'], mixin=['release'], mixin_files=None, mixin_verb=('build',), packages_above=None, packages_above_and_dependencies=None, packages_above_depth=None, packages_end=None, packages_ignore=None, packages_ignore_regex=None, packages_select=None, packages_select_build_failed=False, packages_select_by_dep=None, packages_select_regex=None, packages_select_test_failures=False, packages_skip=None, packages_skip_build_finished=False, packages_skip_by_dep=None, packages_skip_regex=None, packages_skip_test_passed=False, packages_skip_up_to=None, packages_start=None, packages_up_to=None, packages_up_to_regex=None, parallel_workers=12, paths=None, symlink_install=True, test_result_base=None, verb_extension=<colcon_core.verb.build.BuildVerb object at 0x7f0128394d30>, verb_name='build', verb_parser=<colcon_mixin.mixin.mixin_argument.MixinArgumentDecorator object at 0x7f012831d340>)
[0.214s] Level 1:colcon.colcon_core.package_discovery:discover_packages(colcon_meta) check parameters
[0.215s] INFO:colcon.colcon_metadata.package_discovery.colcon_meta:Using configuration from '/root/.colcon/metadata/default/Gazebo.meta'
[0.216s] INFO:colcon.colcon_metadata.package_discovery.colcon_meta:Using configuration from '/root/.colcon/metadata/default/fastrtps.meta'
[0.216s] Level 1:colcon.colcon_core.package_discovery:discover_packages(recursive) check parameters
[0.216s] Level 1:colcon.colcon_core.package_discovery:discover_packages(ignore) check parameters
[0.216s] Level 1:colcon.colcon_core.package_discovery:discover_packages(path) check parameters
[0.216s] Level 1:colcon.colcon_core.package_discovery:discover_packages(colcon_meta) discover
[0.216s] Level 1:colcon.colcon_core.package_discovery:discover_packages(recursive) discover
[0.216s] INFO:colcon.colcon_core.package_discovery:Crawling recursively for packages in '/robofuzz/targets/moveit2_ws'
[0.216s] Level 1:colcon.colcon_core.package_identification:_identify(.) by extensions ['ignore', 'ignore_ament_install']
[0.216s] Level 1:colcon.colcon_core.package_identification:_identify(.) by extension 'ignore'
[0.216s] Level 1:colcon.colcon_core.package_identification:_identify(.) by extension 'ignore_ament_install'
[0.216s] Level 1:colcon.colcon_core.package_identification:_identify(.) by extensions ['colcon_pkg']
[0.216s] Level 1:colcon.colcon_core.package_identification:_identify(.) by extension 'colcon_pkg'
[0.216s] Level 1:colcon.colcon_core.package_identification:_identify(.) by extensions ['colcon_meta']
[0.216s] Level 1:colcon.colcon_core.package_identification:_identify(.) by extension 'colcon_meta'
[0.217s] Level 1:colcon.colcon_core.package_identification:_identify(.) by extensions ['ros']
[0.217s] Level 1:colcon.colcon_core.package_identification:_identify(.) by extension 'ros'
[0.229s] Level 1:colcon.colcon_core.package_identification:_identify(.) by extensions ['cmake', 'python']
[0.229s] Level 1:colcon.colcon_core.package_identification:_identify(.) by extension 'cmake'
[0.229s] Level 1:colcon.colcon_core.package_identification:_identify(.) by extension 'python'
[0.229s] Level 1:colcon.colcon_core.package_identification:_identify(.) by extensions ['python_setup_py']
[0.229s] Level 1:colcon.colcon_core.package_identification:_identify(.) by extension 'python_setup_py'
[0.229s] Level 1:colcon.colcon_core.package_identification:_identify(build) by extensions ['ignore', 'ignore_ament_install']
[0.229s] Level 1:colcon.colcon_core.package_identification:_identify(build) by extension 'ignore'
[0.229s] Level 1:colcon.colcon_core.package_identification:_identify(build) ignored
[0.230s] Level 1:colcon.colcon_core.package_identification:_identify(install) by extensions ['ignore', 'ignore_ament_install']
[0.230s] Level 1:colcon.colcon_core.package_identification:_identify(install) by extension 'ignore'
[0.230s] Level 1:colcon.colcon_core.package_identification:_identify(install) ignored
[0.230s] Level 1:colcon.colcon_core.package_identification:_identify(log) by extensions ['ignore', 'ignore_ament_install']
[0.230s] Level 1:colcon.colcon_core.package_identification:_identify(log) by extension 'ignore'
[0.230s] Level 1:colcon.colcon_core.package_identification:_identify(log) ignored
[0.230s] Level 1:colcon.colcon_core.package_identification:_identify(src) by extensions ['ignore', 'ignore_ament_install']
[0.230s] Level 1:colcon.colcon_core.package_identification:_identify(src) by extension 'ignore'
[0.230s] Level 1:colcon.colcon_core.package_identification:_identify(src) by extension 'ignore_ament_install'
[0.230s] Level 1:colcon.colcon_core.package_identification:_identify(src) by extensions ['colcon_pkg']
[0.230s] Level 1:colcon.colcon_core.package_identification:_identify(src) by extension 'colcon_pkg'
[0.230s] Level 1:colcon.colcon_core.package_identification:_identify(src) by extensions ['colcon_meta']
[0.231s] Level 1:colcon.colcon_core.package_identification:_identify(src) by extension 'colcon_meta'
[0.231s] Level 1:colcon.colcon_core.package_identification:_identify(src) by extensions ['ros']
[0.231s] Level 1:colcon.colcon_core.package_identification:_identify(src) by extension 'ros'
[0.231s] Level 1:colcon.colcon_core.package_identification:_identify(src) by extensions ['cmake', 'python']
[0.231s] Level 1:colcon.colcon_core.package_identification:_identify(src) by extension 'cmake'
[0.231s] Level 1:colcon.colcon_core.package_identification:_identify(src) by extension 'python'
[0.231s] Level 1:colcon.colcon_core.package_identification:_identify(src) by extensions ['python_setup_py']
[0.231s] Level 1:colcon.colcon_core.package_identification:_identify(src) by extension 'python_setup_py'
[0.231s] Level 1:colcon.colcon_core.package_identification:_identify(src/moveit2_tutorials) by extensions ['ignore', 'ignore_ament_install']
[0.231s] Level 1:colcon.colcon_core.package_identification:_identify(src/moveit2_tutorials) by extension 'ignore'
[0.231s] Level 1:colcon.colcon_core.package_identification:_identify(src/moveit2_tutorials) by extension 'ignore_ament_install'
[0.231s] Level 1:colcon.colcon_core.package_identification:_identify(src/moveit2_tutorials) by extensions ['colcon_pkg']
[0.231s] Level 1:colcon.colcon_core.package_identification:_identify(src/moveit2_tutorials) by extension 'colcon_pkg'
[0.232s] Level 1:colcon.colcon_core.package_identification:_identify(src/moveit2_tutorials) by extensions ['colcon_meta']
[0.232s] Level 1:colcon.colcon_core.package_identification:_identify(src/moveit2_tutorials) by extension 'colcon_meta'
[0.232s] Level 1:colcon.colcon_core.package_identification:_identify(src/moveit2_tutorials) by extensions ['ros']
[0.232s] Level 1:colcon.colcon_core.package_identification:_identify(src/moveit2_tutorials) by extension 'ros'
[0.237s] DEBUG:colcon.colcon_core.package_identification:Package 'src/moveit2_tutorials' with type 'ros.ament_cmake' and name 'moveit2_tutorials'
[0.237s] Level 1:colcon.colcon_core.package_identification:_identify(src/moveit_visual_tools) by extensions ['ignore', 'ignore_ament_install']
[0.237s] Level 1:colcon.colcon_core.package_identification:_identify(src/moveit_visual_tools) by extension 'ignore'
[0.238s] Level 1:colcon.colcon_core.package_identification:_identify(src/moveit_visual_tools) by extension 'ignore_ament_install'
[0.238s] Level 1:colcon.colcon_core.package_identification:_identify(src/moveit_visual_tools) by extensions ['colcon_pkg']
[0.238s] Level 1:colcon.colcon_core.package_identification:_identify(src/moveit_visual_tools) by extension 'colcon_pkg'
[0.238s] Level 1:colcon.colcon_core.package_identification:_identify(src/moveit_visual_tools) by extensions ['colcon_meta']
[0.238s] Level 1:colcon.colcon_core.package_identification:_identify(src/moveit_visual_tools) by extension 'colcon_meta'
[0.238s] Level 1:colcon.colcon_core.package_identification:_identify(src/moveit_visual_tools) by extensions ['ros']
[0.238s] Level 1:colcon.colcon_core.package_identification:_identify(src/moveit_visual_tools) by extension 'ros'
[0.240s] DEBUG:colcon.colcon_core.package_identification:Package 'src/moveit_visual_tools' with type 'ros.ament_cmake' and name 'moveit_visual_tools'
[0.240s] Level 1:colcon.colcon_core.package_identification:_identify(src/rviz_visual_tools) by extensions ['ignore', 'ignore_ament_install']
[0.240s] Level 1:colcon.colcon_core.package_identification:_identify(src/rviz_visual_tools) by extension 'ignore'
[0.240s] Level 1:colcon.colcon_core.package_identification:_identify(src/rviz_visual_tools) by extension 'ignore_ament_install'
[0.241s] Level 1:colcon.colcon_core.package_identification:_identify(src/rviz_visual_tools) by extensions ['colcon_pkg']
[0.241s] Level 1:colcon.colcon_core.package_identification:_identify(src/rviz_visual_tools) by extension 'colcon_pkg'
[0.241s] Level 1:colcon.colcon_core.package_identification:_identify(src/rviz_visual_tools) by extensions ['colcon_meta']
[0.241s] Level 1:colcon.colcon_core.package_identification:_identify(src/rviz_visual_tools) by extension 'colcon_meta'
[0.241s] Level 1:colcon.colcon_core.package_identification:_identify(src/rviz_visual_tools) by extensions ['ros']
[0.241s] Level 1:colcon.colcon_core.package_identification:_identify(src/rviz_visual_tools) by extension 'ros'
[0.245s] DEBUG:colcon.colcon_core.package_identification:Package 'src/rviz_visual_tools' with type 'ros.ament_cmake' and name 'rviz_visual_tools'
[0.245s] Level 1:colcon.colcon_core.package_discovery:discover_packages(recursive) using defaults
[0.245s] Level 1:colcon.colcon_core.package_discovery:discover_packages(ignore) discover
[0.245s] Level 1:colcon.colcon_core.package_discovery:discover_packages(ignore) using defaults
[0.245s] Level 1:colcon.colcon_core.package_discovery:discover_packages(path) discover
[0.245s] Level 1:colcon.colcon_core.package_discovery:discover_packages(path) using defaults
[0.266s] Level 5:colcon.colcon_core.verb:set package 'rviz_visual_tools' build argument 'cmake_args' from command line to '['-DCMAKE_BUILD_TYPE=Release']'
[0.266s] Level 5:colcon.colcon_core.verb:set package 'rviz_visual_tools' build argument 'cmake_target' from command line to 'None'
[0.266s] Level 5:colcon.colcon_core.verb:set package 'rviz_visual_tools' build argument 'cmake_target_skip_unavailable' from command line to 'False'
[0.266s] Level 5:colcon.colcon_core.verb:set package 'rviz_visual_tools' build argument 'cmake_clean_cache' from command line to 'True'
[0.267s] Level 5:colcon.colcon_core.verb:set package 'rviz_visual_tools' build argument 'cmake_clean_first' from command line to 'False'
[0.267s] Level 5:colcon.colcon_core.verb:set package 'rviz_visual_tools' build argument 'cmake_force_configure' from command line to 'True'
[0.267s] Level 5:colcon.colcon_core.verb:set package 'rviz_visual_tools' build argument 'ament_cmake_args' from command line to 'None'
[0.267s] Level 5:colcon.colcon_core.verb:set package 'rviz_visual_tools' build argument 'catkin_cmake_args' from command line to 'None'
[0.267s] Level 5:colcon.colcon_core.verb:set package 'rviz_visual_tools' build argument 'catkin_skip_building_tests' from command line to 'False'
[0.267s] DEBUG:colcon.colcon_core.verb:Building package 'rviz_visual_tools' with the following arguments: {'ament_cmake_args': None, 'build_base': '/robofuzz/targets/moveit2_ws/build/rviz_visual_tools', 'catkin_cmake_args': None, 'catkin_skip_building_tests': False, 'cmake_args': ['-DCMAKE_BUILD_TYPE=Release'], 'cmake_clean_cache': True, 'cmake_clean_first': False, 'cmake_force_configure': True, 'cmake_target': None, 'cmake_target_skip_unavailable': False, 'install_base': '/robofuzz/targets/moveit2_ws/install/rviz_visual_tools', 'merge_install': False, 'path': '/robofuzz/targets/moveit2_ws/src/rviz_visual_tools', 'symlink_install': True, 'test_result_base': None}
[0.268s] Level 5:colcon.colcon_core.verb:set package 'moveit_visual_tools' build argument 'cmake_args' from command line to '['-DCMAKE_BUILD_TYPE=Release']'
[0.268s] Level 5:colcon.colcon_core.verb:set package 'moveit_visual_tools' build argument 'cmake_target' from command line to 'None'
[0.268s] Level 5:colcon.colcon_core.verb:set package 'moveit_visual_tools' build argument 'cmake_target_skip_unavailable' from command line to 'False'
[0.268s] Level 5:colcon.colcon_core.verb:set package 'moveit_visual_tools' build argument 'cmake_clean_cache' from command line to 'True'
[0.268s] Level 5:colcon.colcon_core.verb:set package 'moveit_visual_tools' build argument 'cmake_clean_first' from command line to 'False'
[0.268s] Level 5:colcon.colcon_core.verb:set package 'moveit_visual_tools' build argument 'cmake_force_configure' from command line to 'True'
[0.268s] Level 5:colcon.colcon_core.verb:set package 'moveit_visual_tools' build argument 'ament_cmake_args' from command line to 'None'
[0.268s] Level 5:colcon.colcon_core.verb:set package 'moveit_visual_tools' build argument 'catkin_cmake_args' from command line to 'None'
[0.268s] Level 5:colcon.colcon_core.verb:set package 'moveit_visual_tools' build argument 'catkin_skip_building_tests' from command line to 'False'
[0.268s] DEBUG:colcon.colcon_core.verb:Building package 'moveit_visual_tools' with the following arguments: {'ament_cmake_args': None, 'build_base': '/robofuzz/targets/moveit2_ws/build/moveit_visual_tools', 'catkin_cmake_args': None, 'catkin_skip_building_tests': False, 'cmake_args': ['-DCMAKE_BUILD_TYPE=Release'], 'cmake_clean_cache': True, 'cmake_clean_first': False, 'cmake_force_configure': True, 'cmake_target': None, 'cmake_target_skip_unavailable': False, 'install_base': '/robofuzz/targets/moveit2_ws/install/moveit_visual_tools', 'merge_install': False, 'path': '/robofuzz/targets/moveit2_ws/src/moveit_visual_tools', 'symlink_install': True, 'test_result_base': None}
[0.269s] Level 5:colcon.colcon_core.verb:set package 'moveit2_tutorials' build argument 'cmake_args' from command line to '['-DCMAKE_BUILD_TYPE=Release']'
[0.269s] Level 5:colcon.colcon_core.verb:set package 'moveit2_tutorials' build argument 'cmake_target' from command line to 'None'
[0.269s] Level 5:colcon.colcon_core.verb:set package 'moveit2_tutorials' build argument 'cmake_target_skip_unavailable' from command line to 'False'
[0.269s] Level 5:colcon.colcon_core.verb:set package 'moveit2_tutorials' build argument 'cmake_clean_cache' from command line to 'True'
[0.269s] Level 5:colcon.colcon_core.verb:set package 'moveit2_tutorials' build argument 'cmake_clean_first' from command line to 'False'
[0.269s] Level 5:colcon.colcon_core.verb:set package 'moveit2_tutorials' build argument 'cmake_force_configure' from command line to 'True'
[0.269s] Level 5:colcon.colcon_core.verb:set package 'moveit2_tutorials' build argument 'ament_cmake_args' from command line to 'None'
[0.269s] Level 5:colcon.colcon_core.verb:set package 'moveit2_tutorials' build argument 'catkin_cmake_args' from command line to 'None'
[0.269s] Level 5:colcon.colcon_core.verb:set package 'moveit2_tutorials' build argument 'catkin_skip_building_tests' from command line to 'False'
[0.269s] DEBUG:colcon.colcon_core.verb:Building package 'moveit2_tutorials' with the following arguments: {'ament_cmake_args': None, 'build_base': '/robofuzz/targets/moveit2_ws/build/moveit2_tutorials', 'catkin_cmake_args': None, 'catkin_skip_building_tests': False, 'cmake_args': ['-DCMAKE_BUILD_TYPE=Release'], 'cmake_clean_cache': True, 'cmake_clean_first': False, 'cmake_force_configure': True, 'cmake_target': None, 'cmake_target_skip_unavailable': False, 'install_base': '/robofuzz/targets/moveit2_ws/install/moveit2_tutorials', 'merge_install': False, 'path': '/robofuzz/targets/moveit2_ws/src/moveit2_tutorials', 'symlink_install': True, 'test_result_base': None}
[0.271s] WARNING:colcon.colcon_ros.prefix_path.ament:The path '/robofuzz/targets/moveit2_ws/install/moveit2_tutorials' in the environment variable AMENT_PREFIX_PATH doesn't exist
[0.271s] WARNING:colcon.colcon_ros.prefix_path.ament:The path '/robofuzz/targets/moveit2_ws/install/moveit_visual_tools' in the environment variable AMENT_PREFIX_PATH doesn't exist
[0.271s] WARNING:colcon.colcon_ros.prefix_path.ament:The path '/robofuzz/targets/moveit2_ws/install/rviz_visual_tools' in the environment variable AMENT_PREFIX_PATH doesn't exist
[0.272s] WARNING:colcon.colcon_ros.prefix_path.catkin:The path '/robofuzz/targets/moveit2_ws/install/moveit2_tutorials' in the environment variable CMAKE_PREFIX_PATH doesn't exist
[0.272s] WARNING:colcon.colcon_ros.prefix_path.catkin:The path '/robofuzz/targets/moveit2_ws/install/moveit_visual_tools' in the environment variable CMAKE_PREFIX_PATH doesn't exist
[0.272s] WARNING:colcon.colcon_ros.prefix_path.catkin:The path '/robofuzz/targets/moveit2_ws/install/rviz_visual_tools' in the environment variable CMAKE_PREFIX_PATH doesn't exist
[0.278s] INFO:colcon.colcon_core.executor:Executing jobs using 'parallel' executor
[0.280s] DEBUG:colcon.colcon_parallel_executor.executor.parallel:run_until_complete
[0.281s] INFO:colcon.colcon_ros.task.ament_cmake.build:Building ROS package in '/robofuzz/targets/moveit2_ws/src/rviz_visual_tools' with build type 'ament_cmake'
[0.281s] INFO:colcon.colcon_cmake.task.cmake.build:Building CMake package in '/robofuzz/targets/moveit2_ws/src/rviz_visual_tools'
[0.285s] INFO:colcon.colcon_core.plugin_system:Skipping extension 'colcon_core.shell.bat': Not used on non-Windows systems
[0.285s] INFO:colcon.colcon_core.shell:Skip shell extension 'powershell' for command environment: Not usable outside of PowerShell
[0.285s] DEBUG:colcon.colcon_core.shell:Skip shell extension 'dsv' for command environment
[0.299s] DEBUG:colcon.colcon_core.event_handler.log_command:Invoking command in '/robofuzz/targets/moveit2_ws/build/rviz_visual_tools': CMAKE_PREFIX_PATH=${CMAKE_PREFIX_PATH}:/robofuzz/targets/turtlebot3_ws/install/turtlebot3_teleop:/robofuzz/targets/turtlebot3_ws/install/turtlebot3_example:/opt/ros/foxy /usr/bin/cmake /robofuzz/targets/moveit2_ws/src/rviz_visual_tools -DCMAKE_BUILD_TYPE=Release -DAMENT_CMAKE_SYMLINK_INSTALL=1 -DCMAKE_INSTALL_PREFIX=/robofuzz/targets/moveit2_ws/install/rviz_visual_tools
[5.062s] DEBUG:colcon.colcon_core.event_handler.log_command:Invoked command in '/robofuzz/targets/moveit2_ws/build/rviz_visual_tools' returned '0': CMAKE_PREFIX_PATH=${CMAKE_PREFIX_PATH}:/robofuzz/targets/turtlebot3_ws/install/turtlebot3_teleop:/robofuzz/targets/turtlebot3_ws/install/turtlebot3_example:/opt/ros/foxy /usr/bin/cmake /robofuzz/targets/moveit2_ws/src/rviz_visual_tools -DCMAKE_BUILD_TYPE=Release -DAMENT_CMAKE_SYMLINK_INSTALL=1 -DCMAKE_INSTALL_PREFIX=/robofuzz/targets/moveit2_ws/install/rviz_visual_tools
[5.063s] DEBUG:colcon.colcon_core.event_handler.log_command:Invoking command in '/robofuzz/targets/moveit2_ws/build/rviz_visual_tools': CMAKE_PREFIX_PATH=${CMAKE_PREFIX_PATH}:/robofuzz/targets/turtlebot3_ws/install/turtlebot3_teleop:/robofuzz/targets/turtlebot3_ws/install/turtlebot3_example:/opt/ros/foxy /usr/bin/cmake --build /robofuzz/targets/moveit2_ws/build/rviz_visual_tools -- -j12 -l12
[37.322s] DEBUG:colcon.colcon_core.event_handler.log_command:Invoked command in '/robofuzz/targets/moveit2_ws/build/rviz_visual_tools' returned '0': CMAKE_PREFIX_PATH=${CMAKE_PREFIX_PATH}:/robofuzz/targets/turtlebot3_ws/install/turtlebot3_teleop:/robofuzz/targets/turtlebot3_ws/install/turtlebot3_example:/opt/ros/foxy /usr/bin/cmake --build /robofuzz/targets/moveit2_ws/build/rviz_visual_tools -- -j12 -l12
[37.399s] DEBUG:colcon.colcon_core.event_handler.log_command:Invoking command in '/robofuzz/targets/moveit2_ws/build/rviz_visual_tools': CMAKE_PREFIX_PATH=${CMAKE_PREFIX_PATH}:/robofuzz/targets/turtlebot3_ws/install/turtlebot3_teleop:/robofuzz/targets/turtlebot3_ws/install/turtlebot3_example:/opt/ros/foxy /usr/bin/cmake --install /robofuzz/targets/moveit2_ws/build/rviz_visual_tools
[37.745s] Level 1:colcon.colcon_core.environment:create_environment_scripts_only(rviz_visual_tools)
[37.746s] DEBUG:colcon.colcon_core.event_handler.log_command:Invoked command in '/robofuzz/targets/moveit2_ws/build/rviz_visual_tools' returned '0': CMAKE_PREFIX_PATH=${CMAKE_PREFIX_PATH}:/robofuzz/targets/turtlebot3_ws/install/turtlebot3_teleop:/robofuzz/targets/turtlebot3_ws/install/turtlebot3_example:/opt/ros/foxy /usr/bin/cmake --install /robofuzz/targets/moveit2_ws/build/rviz_visual_tools
[37.750s] Level 1:colcon.colcon_core.environment:checking '/robofuzz/targets/moveit2_ws/install/rviz_visual_tools' for CMake module files
[37.751s] Level 1:colcon.colcon_core.environment:checking '/robofuzz/targets/moveit2_ws/install/rviz_visual_tools' for CMake config files
[37.752s] Level 1:colcon.colcon_core.shell:create_environment_hook('rviz_visual_tools', 'cmake_prefix_path')
[37.752s] INFO:colcon.colcon_core.shell:Creating environment hook '/robofuzz/targets/moveit2_ws/install/rviz_visual_tools/share/rviz_visual_tools/hook/cmake_prefix_path.ps1'
[37.753s] INFO:colcon.colcon_core.shell:Creating environment descriptor '/robofuzz/targets/moveit2_ws/install/rviz_visual_tools/share/rviz_visual_tools/hook/cmake_prefix_path.dsv'
[37.753s] INFO:colcon.colcon_core.shell:Creating environment hook '/robofuzz/targets/moveit2_ws/install/rviz_visual_tools/share/rviz_visual_tools/hook/cmake_prefix_path.sh'
[37.755s] Level 1:colcon.colcon_core.environment:checking '/robofuzz/targets/moveit2_ws/install/rviz_visual_tools/lib'
[37.755s] Level 1:colcon.colcon_core.shell:create_environment_hook('rviz_visual_tools', 'ld_library_path_lib')
[37.755s] INFO:colcon.colcon_core.shell:Creating environment hook '/robofuzz/targets/moveit2_ws/install/rviz_visual_tools/share/rviz_visual_tools/hook/ld_library_path_lib.ps1'
[37.756s] INFO:colcon.colcon_core.shell:Creating environment descriptor '/robofuzz/targets/moveit2_ws/install/rviz_visual_tools/share/rviz_visual_tools/hook/ld_library_path_lib.dsv'
[37.756s] INFO:colcon.colcon_core.shell:Creating environment hook '/robofuzz/targets/moveit2_ws/install/rviz_visual_tools/share/rviz_visual_tools/hook/ld_library_path_lib.sh'
[37.756s] Level 1:colcon.colcon_core.environment:checking '/robofuzz/targets/moveit2_ws/install/rviz_visual_tools/bin'
[37.756s] Level 1:colcon.colcon_core.environment:checking '/robofuzz/targets/moveit2_ws/install/rviz_visual_tools/lib/pkgconfig/rviz_visual_tools.pc'
[37.756s] Level 1:colcon.colcon_core.environment:checking '/robofuzz/targets/moveit2_ws/install/rviz_visual_tools/lib/python3.8/site-packages'
[37.757s] INFO:colcon.colcon_core.shell:Creating package script '/robofuzz/targets/moveit2_ws/install/rviz_visual_tools/share/rviz_visual_tools/package.ps1'
[37.758s] INFO:colcon.colcon_core.shell:Creating package descriptor '/robofuzz/targets/moveit2_ws/install/rviz_visual_tools/share/rviz_visual_tools/package.dsv'
[37.758s] INFO:colcon.colcon_core.shell:Creating package script '/robofuzz/targets/moveit2_ws/install/rviz_visual_tools/share/rviz_visual_tools/package.sh'
[37.759s] INFO:colcon.colcon_core.shell:Creating package script '/robofuzz/targets/moveit2_ws/install/rviz_visual_tools/share/rviz_visual_tools/package.bash'
[37.760s] INFO:colcon.colcon_core.shell:Creating package script '/robofuzz/targets/moveit2_ws/install/rviz_visual_tools/share/rviz_visual_tools/package.zsh'
[37.761s] Level 1:colcon.colcon_core.environment:create_file_with_runtime_dependencies(/robofuzz/targets/moveit2_ws/install/rviz_visual_tools/share/colcon-core/packages/rviz_visual_tools)
[37.826s] Level 1:colcon.colcon_core.environment:create_environment_scripts_only(rviz_visual_tools)
[37.827s] Level 1:colcon.colcon_core.environment:checking '/robofuzz/targets/moveit2_ws/install/rviz_visual_tools' for CMake module files
[37.828s] Level 1:colcon.colcon_core.environment:checking '/robofuzz/targets/moveit2_ws/install/rviz_visual_tools' for CMake config files
[37.829s] Level 1:colcon.colcon_core.shell:create_environment_hook('rviz_visual_tools', 'cmake_prefix_path')
[37.839s] INFO:colcon.colcon_core.shell:Creating environment hook '/robofuzz/targets/moveit2_ws/install/rviz_visual_tools/share/rviz_visual_tools/hook/cmake_prefix_path.ps1'
[37.839s] INFO:colcon.colcon_core.shell:Creating environment descriptor '/robofuzz/targets/moveit2_ws/install/rviz_visual_tools/share/rviz_visual_tools/hook/cmake_prefix_path.dsv'
[37.840s] INFO:colcon.colcon_core.shell:Creating environment hook '/robofuzz/targets/moveit2_ws/install/rviz_visual_tools/share/rviz_visual_tools/hook/cmake_prefix_path.sh'
[37.840s] Level 1:colcon.colcon_core.environment:checking '/robofuzz/targets/moveit2_ws/install/rviz_visual_tools/lib'
[37.840s] Level 1:colcon.colcon_core.shell:create_environment_hook('rviz_visual_tools', 'ld_library_path_lib')
[37.841s] INFO:colcon.colcon_core.shell:Creating environment hook '/robofuzz/targets/moveit2_ws/install/rviz_visual_tools/share/rviz_visual_tools/hook/ld_library_path_lib.ps1'
[37.841s] INFO:colcon.colcon_core.shell:Creating environment descriptor '/robofuzz/targets/moveit2_ws/install/rviz_visual_tools/share/rviz_visual_tools/hook/ld_library_path_lib.dsv'
[37.842s] INFO:colcon.colcon_core.shell:Creating environment hook '/robofuzz/targets/moveit2_ws/install/rviz_visual_tools/share/rviz_visual_tools/hook/ld_library_path_lib.sh'
[37.842s] Level 1:colcon.colcon_core.environment:checking '/robofuzz/targets/moveit2_ws/install/rviz_visual_tools/bin'
[37.842s] Level 1:colcon.colcon_core.environment:checking '/robofuzz/targets/moveit2_ws/install/rviz_visual_tools/lib/pkgconfig/rviz_visual_tools.pc'
[37.842s] Level 1:colcon.colcon_core.environment:checking '/robofuzz/targets/moveit2_ws/install/rviz_visual_tools/lib/python3.8/site-packages'
[37.843s] INFO:colcon.colcon_core.shell:Creating package script '/robofuzz/targets/moveit2_ws/install/rviz_visual_tools/share/rviz_visual_tools/package.ps1'
[37.843s] INFO:colcon.colcon_core.shell:Creating package descriptor '/robofuzz/targets/moveit2_ws/install/rviz_visual_tools/share/rviz_visual_tools/package.dsv'
[37.844s] INFO:colcon.colcon_core.shell:Creating package script '/robofuzz/targets/moveit2_ws/install/rviz_visual_tools/share/rviz_visual_tools/package.sh'
[37.844s] INFO:colcon.colcon_core.shell:Creating package script '/robofuzz/targets/moveit2_ws/install/rviz_visual_tools/share/rviz_visual_tools/package.bash'
[37.845s] INFO:colcon.colcon_core.shell:Creating package script '/robofuzz/targets/moveit2_ws/install/rviz_visual_tools/share/rviz_visual_tools/package.zsh'
[37.845s] Level 1:colcon.colcon_core.environment:create_file_with_runtime_dependencies(/robofuzz/targets/moveit2_ws/install/rviz_visual_tools/share/colcon-core/packages/rviz_visual_tools)
[37.845s] INFO:colcon.colcon_ros.task.ament_cmake.build:Building ROS package in '/robofuzz/targets/moveit2_ws/src/moveit_visual_tools' with build type 'ament_cmake'
[37.845s] INFO:colcon.colcon_cmake.task.cmake.build:Building CMake package in '/robofuzz/targets/moveit2_ws/src/moveit_visual_tools'
[37.846s] INFO:colcon.colcon_core.shell:Skip shell extension 'powershell' for command environment: Not usable outside of PowerShell
[37.846s] DEBUG:colcon.colcon_core.shell:Skip shell extension 'dsv' for command environment
[37.862s] DEBUG:colcon.colcon_core.event_handler.log_command:Invoking command in '/robofuzz/targets/moveit2_ws/build/moveit_visual_tools': CMAKE_PREFIX_PATH=/robofuzz/targets/moveit2_ws/install/rviz_visual_tools:/robofuzz/targets/moveit2_ws/install/moveit2_tutorials:/robofuzz/targets/moveit2_ws/install/moveit_visual_tools:/robofuzz/targets/turtlebot3_ws/install/turtlebot3:/robofuzz/targets/turtlebot3_ws/install/turtlebot3_simulations:/robofuzz/targets/turtlebot3_ws/install/turtlebot3_bringup:/robofuzz/targets/turtlebot3_ws/install/turtlebot3_node:/robofuzz/targets/turtlebot3_ws/install/turtlebot3_navigation2:/robofuzz/targets/turtlebot3_ws/install/turtlebot3_fake_node:/robofuzz/targets/turtlebot3_ws/install/turtlebot3_msgs:/robofuzz/targets/turtlebot3_ws/install/turtlebot3_gazebo:/robofuzz/targets/turtlebot3_ws/install/turtlebot3_description:/robofuzz/targets/turtlebot3_ws/install/turtlebot3_cartographer:/robofuzz/targets/turtlebot3_ws/install/hls_lfcd_lds_driver:/robofuzz/targets/turtlebot3_ws/install/dynamixel_sdk_examples:/robofuzz/targets/turtlebot3_ws/install/dynamixel_sdk_custom_interfaces:/robofuzz/targets/turtlebot3_ws/install/dynamixel_sdk:/robofuzz/targets/idltest_ws/install/idltest_target:/robofuzz/targets/idltest_ws/install/idltest_msgs:/robofuzz/targets/px4_ros_com_ros2/install/px4_ros_com:/robofuzz/targets/px4_ros_com_ros2/install/px4_msgs:/robofuzz/targets/turtlebot3_ws/install/turtlebot3_teleop:/robofuzz/targets/turtlebot3_ws/install/turtlebot3_example:/opt/ros/foxy LD_LIBRARY_PATH=/robofuzz/targets/moveit2_ws/install/rviz_visual_tools/lib:/robofuzz/targets/moveit2_ws/install/moveit_visual_tools/lib:/robofuzz/targets/turtlebot3_ws/install/turtlebot3_msgs/lib:/robofuzz/targets/turtlebot3_ws/install/dynamixel_sdk_custom_interfaces/lib:/robofuzz/targets/turtlebot3_ws/install/dynamixel_sdk/lib:/robofuzz/targets/idltest_ws/install/idltest_msgs/lib:/robofuzz/targets/px4_ros_com_ros2/install/px4_ros_com/lib:/robofuzz/targets/px4_ros_com_ros2/install/px4_msgs/lib:/usr/lib/x86_64-linux-gnu/gazebo-11/plugins:/opt/ros/foxy/opt/yaml_cpp_vendor/lib:/opt/ros/foxy/opt/rviz_ogre_vendor/lib:/opt/ros/foxy/lib/x86_64-linux-gnu:/opt/ros/foxy/lib /usr/bin/cmake /robofuzz/targets/moveit2_ws/src/moveit_visual_tools -DCMAKE_BUILD_TYPE=Release -DAMENT_CMAKE_SYMLINK_INSTALL=1 -DCMAKE_INSTALL_PREFIX=/robofuzz/targets/moveit2_ws/install/moveit_visual_tools
[46.651s] DEBUG:colcon.colcon_core.event_handler.log_command:Invoked command in '/robofuzz/targets/moveit2_ws/build/moveit_visual_tools' returned '0': CMAKE_PREFIX_PATH=/robofuzz/targets/moveit2_ws/install/rviz_visual_tools:/robofuzz/targets/moveit2_ws/install/moveit2_tutorials:/robofuzz/targets/moveit2_ws/install/moveit_visual_tools:/robofuzz/targets/turtlebot3_ws/install/turtlebot3:/robofuzz/targets/turtlebot3_ws/install/turtlebot3_simulations:/robofuzz/targets/turtlebot3_ws/install/turtlebot3_bringup:/robofuzz/targets/turtlebot3_ws/install/turtlebot3_node:/robofuzz/targets/turtlebot3_ws/install/turtlebot3_navigation2:/robofuzz/targets/turtlebot3_ws/install/turtlebot3_fake_node:/robofuzz/targets/turtlebot3_ws/install/turtlebot3_msgs:/robofuzz/targets/turtlebot3_ws/install/turtlebot3_gazebo:/robofuzz/targets/turtlebot3_ws/install/turtlebot3_description:/robofuzz/targets/turtlebot3_ws/install/turtlebot3_cartographer:/robofuzz/targets/turtlebot3_ws/install/hls_lfcd_lds_driver:/robofuzz/targets/turtlebot3_ws/install/dynamixel_sdk_examples:/robofuzz/targets/turtlebot3_ws/install/dynamixel_sdk_custom_interfaces:/robofuzz/targets/turtlebot3_ws/install/dynamixel_sdk:/robofuzz/targets/idltest_ws/install/idltest_target:/robofuzz/targets/idltest_ws/install/idltest_msgs:/robofuzz/targets/px4_ros_com_ros2/install/px4_ros_com:/robofuzz/targets/px4_ros_com_ros2/install/px4_msgs:/robofuzz/targets/turtlebot3_ws/install/turtlebot3_teleop:/robofuzz/targets/turtlebot3_ws/install/turtlebot3_example:/opt/ros/foxy LD_LIBRARY_PATH=/robofuzz/targets/moveit2_ws/install/rviz_visual_tools/lib:/robofuzz/targets/moveit2_ws/install/moveit_visual_tools/lib:/robofuzz/targets/turtlebot3_ws/install/turtlebot3_msgs/lib:/robofuzz/targets/turtlebot3_ws/install/dynamixel_sdk_custom_interfaces/lib:/robofuzz/targets/turtlebot3_ws/install/dynamixel_sdk/lib:/robofuzz/targets/idltest_ws/install/idltest_msgs/lib:/robofuzz/targets/px4_ros_com_ros2/install/px4_ros_com/lib:/robofuzz/targets/px4_ros_com_ros2/install/px4_msgs/lib:/usr/lib/x86_64-linux-gnu/gazebo-11/plugins:/opt/ros/foxy/opt/yaml_cpp_vendor/lib:/opt/ros/foxy/opt/rviz_ogre_vendor/lib:/opt/ros/foxy/lib/x86_64-linux-gnu:/opt/ros/foxy/lib /usr/bin/cmake /robofuzz/targets/moveit2_ws/src/moveit_visual_tools -DCMAKE_BUILD_TYPE=Release -DAMENT_CMAKE_SYMLINK_INSTALL=1 -DCMAKE_INSTALL_PREFIX=/robofuzz/targets/moveit2_ws/install/moveit_visual_tools
[46.654s] DEBUG:colcon.colcon_core.event_handler.log_command:Invoking command in '/robofuzz/targets/moveit2_ws/build/moveit_visual_tools': CMAKE_PREFIX_PATH=/robofuzz/targets/moveit2_ws/install/rviz_visual_tools:/robofuzz/targets/moveit2_ws/install/moveit2_tutorials:/robofuzz/targets/moveit2_ws/install/moveit_visual_tools:/robofuzz/targets/turtlebot3_ws/install/turtlebot3:/robofuzz/targets/turtlebot3_ws/install/turtlebot3_simulations:/robofuzz/targets/turtlebot3_ws/install/turtlebot3_bringup:/robofuzz/targets/turtlebot3_ws/install/turtlebot3_node:/robofuzz/targets/turtlebot3_ws/install/turtlebot3_navigation2:/robofuzz/targets/turtlebot3_ws/install/turtlebot3_fake_node:/robofuzz/targets/turtlebot3_ws/install/turtlebot3_msgs:/robofuzz/targets/turtlebot3_ws/install/turtlebot3_gazebo:/robofuzz/targets/turtlebot3_ws/install/turtlebot3_description:/robofuzz/targets/turtlebot3_ws/install/turtlebot3_cartographer:/robofuzz/targets/turtlebot3_ws/install/hls_lfcd_lds_driver:/robofuzz/targets/turtlebot3_ws/install/dynamixel_sdk_examples:/robofuzz/targets/turtlebot3_ws/install/dynamixel_sdk_custom_interfaces:/robofuzz/targets/turtlebot3_ws/install/dynamixel_sdk:/robofuzz/targets/idltest_ws/install/idltest_target:/robofuzz/targets/idltest_ws/install/idltest_msgs:/robofuzz/targets/px4_ros_com_ros2/install/px4_ros_com:/robofuzz/targets/px4_ros_com_ros2/install/px4_msgs:/robofuzz/targets/turtlebot3_ws/install/turtlebot3_teleop:/robofuzz/targets/turtlebot3_ws/install/turtlebot3_example:/opt/ros/foxy LD_LIBRARY_PATH=/robofuzz/targets/moveit2_ws/install/rviz_visual_tools/lib:/robofuzz/targets/moveit2_ws/install/moveit_visual_tools/lib:/robofuzz/targets/turtlebot3_ws/install/turtlebot3_msgs/lib:/robofuzz/targets/turtlebot3_ws/install/dynamixel_sdk_custom_interfaces/lib:/robofuzz/targets/turtlebot3_ws/install/dynamixel_sdk/lib:/robofuzz/targets/idltest_ws/install/idltest_msgs/lib:/robofuzz/targets/px4_ros_com_ros2/install/px4_ros_com/lib:/robofuzz/targets/px4_ros_com_ros2/install/px4_msgs/lib:/usr/lib/x86_64-linux-gnu/gazebo-11/plugins:/opt/ros/foxy/opt/yaml_cpp_vendor/lib:/opt/ros/foxy/opt/rviz_ogre_vendor/lib:/opt/ros/foxy/lib/x86_64-linux-gnu:/opt/ros/foxy/lib /usr/bin/cmake --build /robofuzz/targets/moveit2_ws/build/moveit_visual_tools -- -j12 -l12
[76.262s] DEBUG:colcon.colcon_core.event_handler.log_command:Invoked command in '/robofuzz/targets/moveit2_ws/build/moveit_visual_tools' returned '0': CMAKE_PREFIX_PATH=/robofuzz/targets/moveit2_ws/install/rviz_visual_tools:/robofuzz/targets/moveit2_ws/install/moveit2_tutorials:/robofuzz/targets/moveit2_ws/install/moveit_visual_tools:/robofuzz/targets/turtlebot3_ws/install/turtlebot3:/robofuzz/targets/turtlebot3_ws/install/turtlebot3_simulations:/robofuzz/targets/turtlebot3_ws/install/turtlebot3_bringup:/robofuzz/targets/turtlebot3_ws/install/turtlebot3_node:/robofuzz/targets/turtlebot3_ws/install/turtlebot3_navigation2:/robofuzz/targets/turtlebot3_ws/install/turtlebot3_fake_node:/robofuzz/targets/turtlebot3_ws/install/turtlebot3_msgs:/robofuzz/targets/turtlebot3_ws/install/turtlebot3_gazebo:/robofuzz/targets/turtlebot3_ws/install/turtlebot3_description:/robofuzz/targets/turtlebot3_ws/install/turtlebot3_cartographer:/robofuzz/targets/turtlebot3_ws/install/hls_lfcd_lds_driver:/robofuzz/targets/turtlebot3_ws/install/dynamixel_sdk_examples:/robofuzz/targets/turtlebot3_ws/install/dynamixel_sdk_custom_interfaces:/robofuzz/targets/turtlebot3_ws/install/dynamixel_sdk:/robofuzz/targets/idltest_ws/install/idltest_target:/robofuzz/targets/idltest_ws/install/idltest_msgs:/robofuzz/targets/px4_ros_com_ros2/install/px4_ros_com:/robofuzz/targets/px4_ros_com_ros2/install/px4_msgs:/robofuzz/targets/turtlebot3_ws/install/turtlebot3_teleop:/robofuzz/targets/turtlebot3_ws/install/turtlebot3_example:/opt/ros/foxy LD_LIBRARY_PATH=/robofuzz/targets/moveit2_ws/install/rviz_visual_tools/lib:/robofuzz/targets/moveit2_ws/install/moveit_visual_tools/lib:/robofuzz/targets/turtlebot3_ws/install/turtlebot3_msgs/lib:/robofuzz/targets/turtlebot3_ws/install/dynamixel_sdk_custom_interfaces/lib:/robofuzz/targets/turtlebot3_ws/install/dynamixel_sdk/lib:/robofuzz/targets/idltest_ws/install/idltest_msgs/lib:/robofuzz/targets/px4_ros_com_ros2/install/px4_ros_com/lib:/robofuzz/targets/px4_ros_com_ros2/install/px4_msgs/lib:/usr/lib/x86_64-linux-gnu/gazebo-11/plugins:/opt/ros/foxy/opt/yaml_cpp_vendor/lib:/opt/ros/foxy/opt/rviz_ogre_vendor/lib:/opt/ros/foxy/lib/x86_64-linux-gnu:/opt/ros/foxy/lib /usr/bin/cmake --build /robofuzz/targets/moveit2_ws/build/moveit_visual_tools -- -j12 -l12
[76.293s] DEBUG:colcon.colcon_core.event_handler.log_command:Invoking command in '/robofuzz/targets/moveit2_ws/build/moveit_visual_tools': CMAKE_PREFIX_PATH=/robofuzz/targets/moveit2_ws/install/rviz_visual_tools:/robofuzz/targets/moveit2_ws/install/moveit2_tutorials:/robofuzz/targets/moveit2_ws/install/moveit_visual_tools:/robofuzz/targets/turtlebot3_ws/install/turtlebot3:/robofuzz/targets/turtlebot3_ws/install/turtlebot3_simulations:/robofuzz/targets/turtlebot3_ws/install/turtlebot3_bringup:/robofuzz/targets/turtlebot3_ws/install/turtlebot3_node:/robofuzz/targets/turtlebot3_ws/install/turtlebot3_navigation2:/robofuzz/targets/turtlebot3_ws/install/turtlebot3_fake_node:/robofuzz/targets/turtlebot3_ws/install/turtlebot3_msgs:/robofuzz/targets/turtlebot3_ws/install/turtlebot3_gazebo:/robofuzz/targets/turtlebot3_ws/install/turtlebot3_description:/robofuzz/targets/turtlebot3_ws/install/turtlebot3_cartographer:/robofuzz/targets/turtlebot3_ws/install/hls_lfcd_lds_driver:/robofuzz/targets/turtlebot3_ws/install/dynamixel_sdk_examples:/robofuzz/targets/turtlebot3_ws/install/dynamixel_sdk_custom_interfaces:/robofuzz/targets/turtlebot3_ws/install/dynamixel_sdk:/robofuzz/targets/idltest_ws/install/idltest_target:/robofuzz/targets/idltest_ws/install/idltest_msgs:/robofuzz/targets/px4_ros_com_ros2/install/px4_ros_com:/robofuzz/targets/px4_ros_com_ros2/install/px4_msgs:/robofuzz/targets/turtlebot3_ws/install/turtlebot3_teleop:/robofuzz/targets/turtlebot3_ws/install/turtlebot3_example:/opt/ros/foxy LD_LIBRARY_PATH=/robofuzz/targets/moveit2_ws/install/rviz_visual_tools/lib:/robofuzz/targets/moveit2_ws/install/moveit_visual_tools/lib:/robofuzz/targets/turtlebot3_ws/install/turtlebot3_msgs/lib:/robofuzz/targets/turtlebot3_ws/install/dynamixel_sdk_custom_interfaces/lib:/robofuzz/targets/turtlebot3_ws/install/dynamixel_sdk/lib:/robofuzz/targets/idltest_ws/install/idltest_msgs/lib:/robofuzz/targets/px4_ros_com_ros2/install/px4_ros_com/lib:/robofuzz/targets/px4_ros_com_ros2/install/px4_msgs/lib:/usr/lib/x86_64-linux-gnu/gazebo-11/plugins:/opt/ros/foxy/opt/yaml_cpp_vendor/lib:/opt/ros/foxy/opt/rviz_ogre_vendor/lib:/opt/ros/foxy/lib/x86_64-linux-gnu:/opt/ros/foxy/lib /usr/bin/cmake --install /robofuzz/targets/moveit2_ws/build/moveit_visual_tools
[76.562s] Level 1:colcon.colcon_core.environment:create_environment_scripts_only(moveit_visual_tools)
[76.564s] Level 1:colcon.colcon_core.environment:checking '/robofuzz/targets/moveit2_ws/install/moveit_visual_tools' for CMake module files
[76.564s] DEBUG:colcon.colcon_core.event_handler.log_command:Invoked command in '/robofuzz/targets/moveit2_ws/build/moveit_visual_tools' returned '0': CMAKE_PREFIX_PATH=/robofuzz/targets/moveit2_ws/install/rviz_visual_tools:/robofuzz/targets/moveit2_ws/install/moveit2_tutorials:/robofuzz/targets/moveit2_ws/install/moveit_visual_tools:/robofuzz/targets/turtlebot3_ws/install/turtlebot3:/robofuzz/targets/turtlebot3_ws/install/turtlebot3_simulations:/robofuzz/targets/turtlebot3_ws/install/turtlebot3_bringup:/robofuzz/targets/turtlebot3_ws/install/turtlebot3_node:/robofuzz/targets/turtlebot3_ws/install/turtlebot3_navigation2:/robofuzz/targets/turtlebot3_ws/install/turtlebot3_fake_node:/robofuzz/targets/turtlebot3_ws/install/turtlebot3_msgs:/robofuzz/targets/turtlebot3_ws/install/turtlebot3_gazebo:/robofuzz/targets/turtlebot3_ws/install/turtlebot3_description:/robofuzz/targets/turtlebot3_ws/install/turtlebot3_cartographer:/robofuzz/targets/turtlebot3_ws/install/hls_lfcd_lds_driver:/robofuzz/targets/turtlebot3_ws/install/dynamixel_sdk_examples:/robofuzz/targets/turtlebot3_ws/install/dynamixel_sdk_custom_interfaces:/robofuzz/targets/turtlebot3_ws/install/dynamixel_sdk:/robofuzz/targets/idltest_ws/install/idltest_target:/robofuzz/targets/idltest_ws/install/idltest_msgs:/robofuzz/targets/px4_ros_com_ros2/install/px4_ros_com:/robofuzz/targets/px4_ros_com_ros2/install/px4_msgs:/robofuzz/targets/turtlebot3_ws/install/turtlebot3_teleop:/robofuzz/targets/turtlebot3_ws/install/turtlebot3_example:/opt/ros/foxy LD_LIBRARY_PATH=/robofuzz/targets/moveit2_ws/install/rviz_visual_tools/lib:/robofuzz/targets/moveit2_ws/install/moveit_visual_tools/lib:/robofuzz/targets/turtlebot3_ws/install/turtlebot3_msgs/lib:/robofuzz/targets/turtlebot3_ws/install/dynamixel_sdk_custom_interfaces/lib:/robofuzz/targets/turtlebot3_ws/install/dynamixel_sdk/lib:/robofuzz/targets/idltest_ws/install/idltest_msgs/lib:/robofuzz/targets/px4_ros_com_ros2/install/px4_ros_com/lib:/robofuzz/targets/px4_ros_com_ros2/install/px4_msgs/lib:/usr/lib/x86_64-linux-gnu/gazebo-11/plugins:/opt/ros/foxy/opt/yaml_cpp_vendor/lib:/opt/ros/foxy/opt/rviz_ogre_vendor/lib:/opt/ros/foxy/lib/x86_64-linux-gnu:/opt/ros/foxy/lib /usr/bin/cmake --install /robofuzz/targets/moveit2_ws/build/moveit_visual_tools
[76.565s] Level 1:colcon.colcon_core.environment:checking '/robofuzz/targets/moveit2_ws/install/moveit_visual_tools' for CMake config files
[76.565s] Level 1:colcon.colcon_core.shell:create_environment_hook('moveit_visual_tools', 'cmake_prefix_path')
[76.566s] INFO:colcon.colcon_core.shell:Creating environment hook '/robofuzz/targets/moveit2_ws/install/moveit_visual_tools/share/moveit_visual_tools/hook/cmake_prefix_path.ps1'
[76.566s] INFO:colcon.colcon_core.shell:Creating environment descriptor '/robofuzz/targets/moveit2_ws/install/moveit_visual_tools/share/moveit_visual_tools/hook/cmake_prefix_path.dsv'
[76.567s] INFO:colcon.colcon_core.shell:Creating environment hook '/robofuzz/targets/moveit2_ws/install/moveit_visual_tools/share/moveit_visual_tools/hook/cmake_prefix_path.sh'
[76.567s] Level 1:colcon.colcon_core.environment:checking '/robofuzz/targets/moveit2_ws/install/moveit_visual_tools/lib'
[76.567s] Level 1:colcon.colcon_core.shell:create_environment_hook('moveit_visual_tools', 'ld_library_path_lib')
[76.568s] INFO:colcon.colcon_core.shell:Creating environment hook '/robofuzz/targets/moveit2_ws/install/moveit_visual_tools/share/moveit_visual_tools/hook/ld_library_path_lib.ps1'
[76.568s] INFO:colcon.colcon_core.shell:Creating environment descriptor '/robofuzz/targets/moveit2_ws/install/moveit_visual_tools/share/moveit_visual_tools/hook/ld_library_path_lib.dsv'
[76.568s] INFO:colcon.colcon_core.shell:Creating environment hook '/robofuzz/targets/moveit2_ws/install/moveit_visual_tools/share/moveit_visual_tools/hook/ld_library_path_lib.sh'
[76.569s] Level 1:colcon.colcon_core.environment:checking '/robofuzz/targets/moveit2_ws/install/moveit_visual_tools/bin'
[76.569s] Level 1:colcon.colcon_core.environment:checking '/robofuzz/targets/moveit2_ws/install/moveit_visual_tools/lib/pkgconfig/moveit_visual_tools.pc'
[76.569s] Level 1:colcon.colcon_core.environment:checking '/robofuzz/targets/moveit2_ws/install/moveit_visual_tools/lib/python3.8/site-packages'
[76.570s] INFO:colcon.colcon_core.shell:Creating package script '/robofuzz/targets/moveit2_ws/install/moveit_visual_tools/share/moveit_visual_tools/package.ps1'
[76.570s] INFO:colcon.colcon_core.shell:Creating package descriptor '/robofuzz/targets/moveit2_ws/install/moveit_visual_tools/share/moveit_visual_tools/package.dsv'
[76.570s] INFO:colcon.colcon_core.shell:Creating package script '/robofuzz/targets/moveit2_ws/install/moveit_visual_tools/share/moveit_visual_tools/package.sh'
[76.571s] INFO:colcon.colcon_core.shell:Creating package script '/robofuzz/targets/moveit2_ws/install/moveit_visual_tools/share/moveit_visual_tools/package.bash'
[76.571s] INFO:colcon.colcon_core.shell:Creating package script '/robofuzz/targets/moveit2_ws/install/moveit_visual_tools/share/moveit_visual_tools/package.zsh'
[76.571s] Level 1:colcon.colcon_core.environment:create_file_with_runtime_dependencies(/robofuzz/targets/moveit2_ws/install/moveit_visual_tools/share/colcon-core/packages/moveit_visual_tools)
[76.605s] Level 1:colcon.colcon_core.environment:create_environment_scripts_only(moveit_visual_tools)
[76.606s] Level 1:colcon.colcon_core.environment:checking '/robofuzz/targets/moveit2_ws/install/moveit_visual_tools' for CMake module files
[76.607s] Level 1:colcon.colcon_core.environment:checking '/robofuzz/targets/moveit2_ws/install/moveit_visual_tools' for CMake config files
[76.608s] Level 1:colcon.colcon_core.shell:create_environment_hook('moveit_visual_tools', 'cmake_prefix_path')
[76.608s] INFO:colcon.colcon_core.shell:Creating environment hook '/robofuzz/targets/moveit2_ws/install/moveit_visual_tools/share/moveit_visual_tools/hook/cmake_prefix_path.ps1'
[76.609s] INFO:colcon.colcon_core.shell:Creating environment descriptor '/robofuzz/targets/moveit2_ws/install/moveit_visual_tools/share/moveit_visual_tools/hook/cmake_prefix_path.dsv'
[76.609s] INFO:colcon.colcon_core.shell:Creating environment hook '/robofuzz/targets/moveit2_ws/install/moveit_visual_tools/share/moveit_visual_tools/hook/cmake_prefix_path.sh'
[76.610s] Level 1:colcon.colcon_core.environment:checking '/robofuzz/targets/moveit2_ws/install/moveit_visual_tools/lib'
[76.610s] Level 1:colcon.colcon_core.shell:create_environment_hook('moveit_visual_tools', 'ld_library_path_lib')
[76.610s] INFO:colcon.colcon_core.shell:Creating environment hook '/robofuzz/targets/moveit2_ws/install/moveit_visual_tools/share/moveit_visual_tools/hook/ld_library_path_lib.ps1'
[76.611s] INFO:colcon.colcon_core.shell:Creating environment descriptor '/robofuzz/targets/moveit2_ws/install/moveit_visual_tools/share/moveit_visual_tools/hook/ld_library_path_lib.dsv'
[76.611s] INFO:colcon.colcon_core.shell:Creating environment hook '/robofuzz/targets/moveit2_ws/install/moveit_visual_tools/share/moveit_visual_tools/hook/ld_library_path_lib.sh'
[76.611s] Level 1:colcon.colcon_core.environment:checking '/robofuzz/targets/moveit2_ws/install/moveit_visual_tools/bin'
[76.611s] Level 1:colcon.colcon_core.environment:checking '/robofuzz/targets/moveit2_ws/install/moveit_visual_tools/lib/pkgconfig/moveit_visual_tools.pc'
[76.611s] Level 1:colcon.colcon_core.environment:checking '/robofuzz/targets/moveit2_ws/install/moveit_visual_tools/lib/python3.8/site-packages'
[76.612s] INFO:colcon.colcon_core.shell:Creating package script '/robofuzz/targets/moveit2_ws/install/moveit_visual_tools/share/moveit_visual_tools/package.ps1'
[76.612s] INFO:colcon.colcon_core.shell:Creating package descriptor '/robofuzz/targets/moveit2_ws/install/moveit_visual_tools/share/moveit_visual_tools/package.dsv'
[76.613s] INFO:colcon.colcon_core.shell:Creating package script '/robofuzz/targets/moveit2_ws/install/moveit_visual_tools/share/moveit_visual_tools/package.sh'
[76.613s] INFO:colcon.colcon_core.shell:Creating package script '/robofuzz/targets/moveit2_ws/install/moveit_visual_tools/share/moveit_visual_tools/package.bash'
[76.614s] INFO:colcon.colcon_core.shell:Creating package script '/robofuzz/targets/moveit2_ws/install/moveit_visual_tools/share/moveit_visual_tools/package.zsh'
[76.614s] Level 1:colcon.colcon_core.environment:create_file_with_runtime_dependencies(/robofuzz/targets/moveit2_ws/install/moveit_visual_tools/share/colcon-core/packages/moveit_visual_tools)
[76.614s] INFO:colcon.colcon_ros.task.ament_cmake.build:Building ROS package in '/robofuzz/targets/moveit2_ws/src/moveit2_tutorials' with build type 'ament_cmake'
[76.614s] INFO:colcon.colcon_cmake.task.cmake.build:Building CMake package in '/robofuzz/targets/moveit2_ws/src/moveit2_tutorials'
[76.615s] INFO:colcon.colcon_core.shell:Skip shell extension 'powershell' for command environment: Not usable outside of PowerShell
[76.615s] DEBUG:colcon.colcon_core.shell:Skip shell extension 'dsv' for command environment
[76.635s] DEBUG:colcon.colcon_core.event_handler.log_command:Invoking command in '/robofuzz/targets/moveit2_ws/build/moveit2_tutorials': CMAKE_PREFIX_PATH=/robofuzz/targets/moveit2_ws/install/moveit_visual_tools:/robofuzz/targets/moveit2_ws/install/rviz_visual_tools:/robofuzz/targets/moveit2_ws/install/moveit2_tutorials:/robofuzz/targets/turtlebot3_ws/install/turtlebot3:/robofuzz/targets/turtlebot3_ws/install/turtlebot3_simulations:/robofuzz/targets/turtlebot3_ws/install/turtlebot3_bringup:/robofuzz/targets/turtlebot3_ws/install/turtlebot3_node:/robofuzz/targets/turtlebot3_ws/install/turtlebot3_navigation2:/robofuzz/targets/turtlebot3_ws/install/turtlebot3_fake_node:/robofuzz/targets/turtlebot3_ws/install/turtlebot3_msgs:/robofuzz/targets/turtlebot3_ws/install/turtlebot3_gazebo:/robofuzz/targets/turtlebot3_ws/install/turtlebot3_description:/robofuzz/targets/turtlebot3_ws/install/turtlebot3_cartographer:/robofuzz/targets/turtlebot3_ws/install/hls_lfcd_lds_driver:/robofuzz/targets/turtlebot3_ws/install/dynamixel_sdk_examples:/robofuzz/targets/turtlebot3_ws/install/dynamixel_sdk_custom_interfaces:/robofuzz/targets/turtlebot3_ws/install/dynamixel_sdk:/robofuzz/targets/idltest_ws/install/idltest_target:/robofuzz/targets/idltest_ws/install/idltest_msgs:/robofuzz/targets/px4_ros_com_ros2/install/px4_ros_com:/robofuzz/targets/px4_ros_com_ros2/install/px4_msgs:/robofuzz/targets/turtlebot3_ws/install/turtlebot3_teleop:/robofuzz/targets/turtlebot3_ws/install/turtlebot3_example:/opt/ros/foxy /usr/bin/cmake /robofuzz/targets/moveit2_ws/src/moveit2_tutorials -DCMAKE_BUILD_TYPE=Release -DAMENT_CMAKE_SYMLINK_INSTALL=1 -DCMAKE_INSTALL_PREFIX=/robofuzz/targets/moveit2_ws/install/moveit2_tutorials
[93.573s] DEBUG:colcon.colcon_core.event_handler.log_command:Invoked command in '/robofuzz/targets/moveit2_ws/build/moveit2_tutorials' returned '0': CMAKE_PREFIX_PATH=/robofuzz/targets/moveit2_ws/install/moveit_visual_tools:/robofuzz/targets/moveit2_ws/install/rviz_visual_tools:/robofuzz/targets/moveit2_ws/install/moveit2_tutorials:/robofuzz/targets/turtlebot3_ws/install/turtlebot3:/robofuzz/targets/turtlebot3_ws/install/turtlebot3_simulations:/robofuzz/targets/turtlebot3_ws/install/turtlebot3_bringup:/robofuzz/targets/turtlebot3_ws/install/turtlebot3_node:/robofuzz/targets/turtlebot3_ws/install/turtlebot3_navigation2:/robofuzz/targets/turtlebot3_ws/install/turtlebot3_fake_node:/robofuzz/targets/turtlebot3_ws/install/turtlebot3_msgs:/robofuzz/targets/turtlebot3_ws/install/turtlebot3_gazebo:/robofuzz/targets/turtlebot3_ws/install/turtlebot3_description:/robofuzz/targets/turtlebot3_ws/install/turtlebot3_cartographer:/robofuzz/targets/turtlebot3_ws/install/hls_lfcd_lds_driver:/robofuzz/targets/turtlebot3_ws/install/dynamixel_sdk_examples:/robofuzz/targets/turtlebot3_ws/install/dynamixel_sdk_custom_interfaces:/robofuzz/targets/turtlebot3_ws/install/dynamixel_sdk:/robofuzz/targets/idltest_ws/install/idltest_target:/robofuzz/targets/idltest_ws/install/idltest_msgs:/robofuzz/targets/px4_ros_com_ros2/install/px4_ros_com:/robofuzz/targets/px4_ros_com_ros2/install/px4_msgs:/robofuzz/targets/turtlebot3_ws/install/turtlebot3_teleop:/robofuzz/targets/turtlebot3_ws/install/turtlebot3_example:/opt/ros/foxy /usr/bin/cmake /robofuzz/targets/moveit2_ws/src/moveit2_tutorials -DCMAKE_BUILD_TYPE=Release -DAMENT_CMAKE_SYMLINK_INSTALL=1 -DCMAKE_INSTALL_PREFIX=/robofuzz/targets/moveit2_ws/install/moveit2_tutorials
[93.576s] DEBUG:colcon.colcon_core.event_handler.log_command:Invoking command in '/robofuzz/targets/moveit2_ws/build/moveit2_tutorials': CMAKE_PREFIX_PATH=/robofuzz/targets/moveit2_ws/install/moveit_visual_tools:/robofuzz/targets/moveit2_ws/install/rviz_visual_tools:/robofuzz/targets/moveit2_ws/install/moveit2_tutorials:/robofuzz/targets/turtlebot3_ws/install/turtlebot3:/robofuzz/targets/turtlebot3_ws/install/turtlebot3_simulations:/robofuzz/targets/turtlebot3_ws/install/turtlebot3_bringup:/robofuzz/targets/turtlebot3_ws/install/turtlebot3_node:/robofuzz/targets/turtlebot3_ws/install/turtlebot3_navigation2:/robofuzz/targets/turtlebot3_ws/install/turtlebot3_fake_node:/robofuzz/targets/turtlebot3_ws/install/turtlebot3_msgs:/robofuzz/targets/turtlebot3_ws/install/turtlebot3_gazebo:/robofuzz/targets/turtlebot3_ws/install/turtlebot3_description:/robofuzz/targets/turtlebot3_ws/install/turtlebot3_cartographer:/robofuzz/targets/turtlebot3_ws/install/hls_lfcd_lds_driver:/robofuzz/targets/turtlebot3_ws/install/dynamixel_sdk_examples:/robofuzz/targets/turtlebot3_ws/install/dynamixel_sdk_custom_interfaces:/robofuzz/targets/turtlebot3_ws/install/dynamixel_sdk:/robofuzz/targets/idltest_ws/install/idltest_target:/robofuzz/targets/idltest_ws/install/idltest_msgs:/robofuzz/targets/px4_ros_com_ros2/install/px4_ros_com:/robofuzz/targets/px4_ros_com_ros2/install/px4_msgs:/robofuzz/targets/turtlebot3_ws/install/turtlebot3_teleop:/robofuzz/targets/turtlebot3_ws/install/turtlebot3_example:/opt/ros/foxy /usr/bin/cmake --build /robofuzz/targets/moveit2_ws/build/moveit2_tutorials -- -j12 -l12
[118.452s] DEBUG:colcon.colcon_core.event_handler.log_command:Invoked command in '/robofuzz/targets/moveit2_ws/build/moveit2_tutorials' returned '0': CMAKE_PREFIX_PATH=/robofuzz/targets/moveit2_ws/install/moveit_visual_tools:/robofuzz/targets/moveit2_ws/install/rviz_visual_tools:/robofuzz/targets/moveit2_ws/install/moveit2_tutorials:/robofuzz/targets/turtlebot3_ws/install/turtlebot3:/robofuzz/targets/turtlebot3_ws/install/turtlebot3_simulations:/robofuzz/targets/turtlebot3_ws/install/turtlebot3_bringup:/robofuzz/targets/turtlebot3_ws/install/turtlebot3_node:/robofuzz/targets/turtlebot3_ws/install/turtlebot3_navigation2:/robofuzz/targets/turtlebot3_ws/install/turtlebot3_fake_node:/robofuzz/targets/turtlebot3_ws/install/turtlebot3_msgs:/robofuzz/targets/turtlebot3_ws/install/turtlebot3_gazebo:/robofuzz/targets/turtlebot3_ws/install/turtlebot3_description:/robofuzz/targets/turtlebot3_ws/install/turtlebot3_cartographer:/robofuzz/targets/turtlebot3_ws/install/hls_lfcd_lds_driver:/robofuzz/targets/turtlebot3_ws/install/dynamixel_sdk_examples:/robofuzz/targets/turtlebot3_ws/install/dynamixel_sdk_custom_interfaces:/robofuzz/targets/turtlebot3_ws/install/dynamixel_sdk:/robofuzz/targets/idltest_ws/install/idltest_target:/robofuzz/targets/idltest_ws/install/idltest_msgs:/robofuzz/targets/px4_ros_com_ros2/install/px4_ros_com:/robofuzz/targets/px4_ros_com_ros2/install/px4_msgs:/robofuzz/targets/turtlebot3_ws/install/turtlebot3_teleop:/robofuzz/targets/turtlebot3_ws/install/turtlebot3_example:/opt/ros/foxy /usr/bin/cmake --build /robofuzz/targets/moveit2_ws/build/moveit2_tutorials -- -j12 -l12
[118.483s] DEBUG:colcon.colcon_core.event_handler.log_command:Invoking command in '/robofuzz/targets/moveit2_ws/build/moveit2_tutorials': CMAKE_PREFIX_PATH=/robofuzz/targets/moveit2_ws/install/moveit_visual_tools:/robofuzz/targets/moveit2_ws/install/rviz_visual_tools:/robofuzz/targets/moveit2_ws/install/moveit2_tutorials:/robofuzz/targets/turtlebot3_ws/install/turtlebot3:/robofuzz/targets/turtlebot3_ws/install/turtlebot3_simulations:/robofuzz/targets/turtlebot3_ws/install/turtlebot3_bringup:/robofuzz/targets/turtlebot3_ws/install/turtlebot3_node:/robofuzz/targets/turtlebot3_ws/install/turtlebot3_navigation2:/robofuzz/targets/turtlebot3_ws/install/turtlebot3_fake_node:/robofuzz/targets/turtlebot3_ws/install/turtlebot3_msgs:/robofuzz/targets/turtlebot3_ws/install/turtlebot3_gazebo:/robofuzz/targets/turtlebot3_ws/install/turtlebot3_description:/robofuzz/targets/turtlebot3_ws/install/turtlebot3_cartographer:/robofuzz/targets/turtlebot3_ws/install/hls_lfcd_lds_driver:/robofuzz/targets/turtlebot3_ws/install/dynamixel_sdk_examples:/robofuzz/targets/turtlebot3_ws/install/dynamixel_sdk_custom_interfaces:/robofuzz/targets/turtlebot3_ws/install/dynamixel_sdk:/robofuzz/targets/idltest_ws/install/idltest_target:/robofuzz/targets/idltest_ws/install/idltest_msgs:/robofuzz/targets/px4_ros_com_ros2/install/px4_ros_com:/robofuzz/targets/px4_ros_com_ros2/install/px4_msgs:/robofuzz/targets/turtlebot3_ws/install/turtlebot3_teleop:/robofuzz/targets/turtlebot3_ws/install/turtlebot3_example:/opt/ros/foxy /usr/bin/cmake --install /robofuzz/targets/moveit2_ws/build/moveit2_tutorials
[118.886s] Level 1:colcon.colcon_core.environment:create_environment_scripts_only(moveit2_tutorials)
[118.887s] Level 1:colcon.colcon_core.environment:checking '/robofuzz/targets/moveit2_ws/install/moveit2_tutorials' for CMake module files
[118.888s] DEBUG:colcon.colcon_core.event_handler.log_command:Invoked command in '/robofuzz/targets/moveit2_ws/build/moveit2_tutorials' returned '0': CMAKE_PREFIX_PATH=/robofuzz/targets/moveit2_ws/install/moveit_visual_tools:/robofuzz/targets/moveit2_ws/install/rviz_visual_tools:/robofuzz/targets/moveit2_ws/install/moveit2_tutorials:/robofuzz/targets/turtlebot3_ws/install/turtlebot3:/robofuzz/targets/turtlebot3_ws/install/turtlebot3_simulations:/robofuzz/targets/turtlebot3_ws/install/turtlebot3_bringup:/robofuzz/targets/turtlebot3_ws/install/turtlebot3_node:/robofuzz/targets/turtlebot3_ws/install/turtlebot3_navigation2:/robofuzz/targets/turtlebot3_ws/install/turtlebot3_fake_node:/robofuzz/targets/turtlebot3_ws/install/turtlebot3_msgs:/robofuzz/targets/turtlebot3_ws/install/turtlebot3_gazebo:/robofuzz/targets/turtlebot3_ws/install/turtlebot3_description:/robofuzz/targets/turtlebot3_ws/install/turtlebot3_cartographer:/robofuzz/targets/turtlebot3_ws/install/hls_lfcd_lds_driver:/robofuzz/targets/turtlebot3_ws/install/dynamixel_sdk_examples:/robofuzz/targets/turtlebot3_ws/install/dynamixel_sdk_custom_interfaces:/robofuzz/targets/turtlebot3_ws/install/dynamixel_sdk:/robofuzz/targets/idltest_ws/install/idltest_target:/robofuzz/targets/idltest_ws/install/idltest_msgs:/robofuzz/targets/px4_ros_com_ros2/install/px4_ros_com:/robofuzz/targets/px4_ros_com_ros2/install/px4_msgs:/robofuzz/targets/turtlebot3_ws/install/turtlebot3_teleop:/robofuzz/targets/turtlebot3_ws/install/turtlebot3_example:/opt/ros/foxy /usr/bin/cmake --install /robofuzz/targets/moveit2_ws/build/moveit2_tutorials
[118.889s] Level 1:colcon.colcon_core.environment:checking '/robofuzz/targets/moveit2_ws/install/moveit2_tutorials' for CMake config files
[118.889s] Level 1:colcon.colcon_core.shell:create_environment_hook('moveit2_tutorials', 'cmake_prefix_path')
[118.890s] INFO:colcon.colcon_core.shell:Creating environment hook '/robofuzz/targets/moveit2_ws/install/moveit2_tutorials/share/moveit2_tutorials/hook/cmake_prefix_path.ps1'
[118.890s] INFO:colcon.colcon_core.shell:Creating environment descriptor '/robofuzz/targets/moveit2_ws/install/moveit2_tutorials/share/moveit2_tutorials/hook/cmake_prefix_path.dsv'
[118.891s] INFO:colcon.colcon_core.shell:Creating environment hook '/robofuzz/targets/moveit2_ws/install/moveit2_tutorials/share/moveit2_tutorials/hook/cmake_prefix_path.sh'
[118.891s] Level 1:colcon.colcon_core.environment:checking '/robofuzz/targets/moveit2_ws/install/moveit2_tutorials/lib'
[118.891s] Level 1:colcon.colcon_core.environment:checking '/robofuzz/targets/moveit2_ws/install/moveit2_tutorials/bin'
[118.891s] Level 1:colcon.colcon_core.environment:checking '/robofuzz/targets/moveit2_ws/install/moveit2_tutorials/lib/pkgconfig/moveit2_tutorials.pc'
[118.891s] Level 1:colcon.colcon_core.environment:checking '/robofuzz/targets/moveit2_ws/install/moveit2_tutorials/lib/python3.8/site-packages'
[118.892s] INFO:colcon.colcon_core.shell:Creating package script '/robofuzz/targets/moveit2_ws/install/moveit2_tutorials/share/moveit2_tutorials/package.ps1'
[118.892s] INFO:colcon.colcon_core.shell:Creating package descriptor '/robofuzz/targets/moveit2_ws/install/moveit2_tutorials/share/moveit2_tutorials/package.dsv'
[118.893s] INFO:colcon.colcon_core.shell:Creating package script '/robofuzz/targets/moveit2_ws/install/moveit2_tutorials/share/moveit2_tutorials/package.sh'
[118.893s] INFO:colcon.colcon_core.shell:Creating package script '/robofuzz/targets/moveit2_ws/install/moveit2_tutorials/share/moveit2_tutorials/package.bash'
[118.893s] INFO:colcon.colcon_core.shell:Creating package script '/robofuzz/targets/moveit2_ws/install/moveit2_tutorials/share/moveit2_tutorials/package.zsh'
[118.894s] Level 1:colcon.colcon_core.environment:create_file_with_runtime_dependencies(/robofuzz/targets/moveit2_ws/install/moveit2_tutorials/share/colcon-core/packages/moveit2_tutorials)
[118.924s] Level 1:colcon.colcon_core.environment:create_environment_scripts_only(moveit2_tutorials)
[118.926s] Level 1:colcon.colcon_core.environment:checking '/robofuzz/targets/moveit2_ws/install/moveit2_tutorials' for CMake module files
[118.928s] Level 1:colcon.colcon_core.environment:checking '/robofuzz/targets/moveit2_ws/install/moveit2_tutorials' for CMake config files
[118.929s] Level 1:colcon.colcon_core.shell:create_environment_hook('moveit2_tutorials', 'cmake_prefix_path')
[118.929s] INFO:colcon.colcon_core.shell:Creating environment hook '/robofuzz/targets/moveit2_ws/install/moveit2_tutorials/share/moveit2_tutorials/hook/cmake_prefix_path.ps1'
[118.930s] INFO:colcon.colcon_core.shell:Creating environment descriptor '/robofuzz/targets/moveit2_ws/install/moveit2_tutorials/share/moveit2_tutorials/hook/cmake_prefix_path.dsv'
[118.930s] INFO:colcon.colcon_core.shell:Creating environment hook '/robofuzz/targets/moveit2_ws/install/moveit2_tutorials/share/moveit2_tutorials/hook/cmake_prefix_path.sh'
[118.931s] Level 1:colcon.colcon_core.environment:checking '/robofuzz/targets/moveit2_ws/install/moveit2_tutorials/lib'
[118.931s] Level 1:colcon.colcon_core.environment:checking '/robofuzz/targets/moveit2_ws/install/moveit2_tutorials/bin'
[118.931s] Level 1:colcon.colcon_core.environment:checking '/robofuzz/targets/moveit2_ws/install/moveit2_tutorials/lib/pkgconfig/moveit2_tutorials.pc'
[118.931s] Level 1:colcon.colcon_core.environment:checking '/robofuzz/targets/moveit2_ws/install/moveit2_tutorials/lib/python3.8/site-packages'
[118.932s] INFO:colcon.colcon_core.shell:Creating package script '/robofuzz/targets/moveit2_ws/install/moveit2_tutorials/share/moveit2_tutorials/package.ps1'
[118.932s] INFO:colcon.colcon_core.shell:Creating package descriptor '/robofuzz/targets/moveit2_ws/install/moveit2_tutorials/share/moveit2_tutorials/package.dsv'
[118.933s] INFO:colcon.colcon_core.shell:Creating package script '/robofuzz/targets/moveit2_ws/install/moveit2_tutorials/share/moveit2_tutorials/package.sh'
[118.933s] INFO:colcon.colcon_core.shell:Creating package script '/robofuzz/targets/moveit2_ws/install/moveit2_tutorials/share/moveit2_tutorials/package.bash'
[118.933s] INFO:colcon.colcon_core.shell:Creating package script '/robofuzz/targets/moveit2_ws/install/moveit2_tutorials/share/moveit2_tutorials/package.zsh'
[118.934s] Level 1:colcon.colcon_core.environment:create_file_with_runtime_dependencies(/robofuzz/targets/moveit2_ws/install/moveit2_tutorials/share/colcon-core/packages/moveit2_tutorials)
[118.934s] DEBUG:colcon.colcon_parallel_executor.executor.parallel:closing loop
[118.934s] DEBUG:colcon.colcon_parallel_executor.executor.parallel:loop closed
[118.935s] DEBUG:colcon.colcon_parallel_executor.executor.parallel:run_until_complete finished with '0'
[118.935s] DEBUG:colcon.colcon_core.event_reactor:joining thread
[118.942s] INFO:colcon.colcon_core.plugin_system:Skipping extension 'colcon_notification.desktop_notification.notify_send': Could not find 'notify-send'
[118.942s] INFO:colcon.colcon_core.plugin_system:Skipping extension 'colcon_notification.desktop_notification.terminal_notifier': Not used on non-Darwin systems
[118.942s] INFO:colcon.colcon_core.plugin_system:Skipping extension 'colcon_notification.desktop_notification.win32': Not used on non-Windows systems
[118.942s] INFO:colcon.colcon_notification.desktop_notification:Sending desktop notification using 'notify2'
[118.952s] DEBUG:colcon.colcon_notification.desktop_notification.notify2:Failed to initialize notify2: org.freedesktop.DBus.Error.ServiceUnknown: The name org.freedesktop.Notifications was not provided by any .service files
[118.952s] DEBUG:colcon.colcon_core.event_reactor:joined thread
[118.953s] INFO:colcon.colcon_core.shell:Creating prefix script '/robofuzz/targets/moveit2_ws/install/local_setup.ps1'
[118.954s] INFO:colcon.colcon_core.shell:Creating prefix util module '/robofuzz/targets/moveit2_ws/install/_local_setup_util_ps1.py'
[118.956s] INFO:colcon.colcon_core.shell:Creating prefix chain script '/robofuzz/targets/moveit2_ws/install/setup.ps1'
[118.959s] INFO:colcon.colcon_core.shell:Creating prefix script '/robofuzz/targets/moveit2_ws/install/local_setup.sh'
[118.960s] INFO:colcon.colcon_core.shell:Creating prefix util module '/robofuzz/targets/moveit2_ws/install/_local_setup_util_sh.py'
[118.960s] INFO:colcon.colcon_core.shell:Creating prefix chain script '/robofuzz/targets/moveit2_ws/install/setup.sh'
[118.963s] INFO:colcon.colcon_core.shell:Creating prefix script '/robofuzz/targets/moveit2_ws/install/local_setup.bash'
[118.963s] INFO:colcon.colcon_core.shell:Creating prefix chain script '/robofuzz/targets/moveit2_ws/install/setup.bash'
[118.966s] INFO:colcon.colcon_core.shell:Creating prefix script '/robofuzz/targets/moveit2_ws/install/local_setup.zsh'
[118.966s] INFO:colcon.colcon_core.shell:Creating prefix chain script '/robofuzz/targets/moveit2_ws/install/setup.zsh'
