-- The C compiler identification is GNU 9.4.0
-- The CXX compiler identification is GNU 9.4.0
-- Check for working C compiler: /usr/bin/cc
-- Check for working C compiler: /usr/bin/cc -- works
-- Detecting C compiler ABI info
-- Detecting C compiler ABI info - done
-- Detecting C compile features
-- Detecting C compile features - done
-- Check for working CXX compiler: /usr/bin/c++
-- Check for working CXX compiler: /usr/bin/c++ -- works
-- Detecting CXX compiler ABI info
-- Detecting CXX compiler ABI info - done
-- Detecting CXX compile features
-- Detecting CXX compile features - done
-- Found ament_cmake: 0.9.10 (/robofuzz/ros2_foxy/install/ament_cmake/share/ament_cmake/cmake)
-- Found PythonInterp: /usr/bin/python3 (found suitable version "3.8.10", minimum required is "3") 
-- Using PYTHON_EXECUTABLE: /usr/bin/python3
-- Override CMake install command with custom implementation using symlinks instead of copying resources
-- Found rclcpp: 2.4.2 (/robofuzz/ros2_foxy/install/rclcpp/share/rclcpp/cmake)
-- Using all available rosidl_typesupport_c: rosidl_typesupport_fastrtps_c;rosidl_typesupport_introspection_c
-- Found rosidl_adapter: 1.2.1 (/robofuzz/ros2_foxy/install/rosidl_adapter/share/rosidl_adapter/cmake)
-- Found OpenSSL: /usr/lib/x86_64-linux-gnu/libcrypto.so (found version "1.1.1f")  
-- Found FastRTPS: /robofuzz/ros2_foxy/install/fastrtps/include  
-- Using all available rosidl_typesupport_cpp: rosidl_typesupport_introspection_cpp;rosidl_typesupport_fastrtps_cpp
-- Found rmw_implementation_cmake: 1.0.3 (/robofuzz/ros2_foxy/install/rmw_implementation_cmake/share/rmw_implementation_cmake/cmake)
-- Using RMW implementation 'rmw_fastrtps_cpp' as default
-- Looking for pthread.h
-- Looking for pthread.h - found
-- Performing Test CMAKE_HAVE_LIBC_PTHREAD
-- Performing Test CMAKE_HAVE_LIBC_PTHREAD - Failed
-- Looking for pthread_create in pthreads
-- Looking for pthread_create in pthreads - not found
-- Looking for pthread_create in pthread
-- Looking for pthread_create in pthread - found
-- Found Threads: TRUE  
-- Found tlsf: 0.5.0 (/robofuzz/ros2_foxy/install/tlsf/share/tlsf/cmake)
-- Found ament_lint_auto: 0.9.7 (/robofuzz/ros2_foxy/install/ament_lint_auto/share/ament_lint_auto/cmake)
-- Found gtest sources under '/robofuzz/ros2_foxy/install/gtest_vendor/src/gtest_vendor': C++ tests using 'Google Test' will be built
-- Check if compiler accepts -pthread
-- Check if compiler accepts -pthread - yes
-- Added test 'copyright' to check source files copyright and LICENSE
-- Added test 'cppcheck' to perform static code analysis on C / C++ code
-- Configured cppcheck include dirs: /robofuzz/ros2_foxy/src/ros2/realtime_support/tlsf_cpp/include
-- Configured cppcheck exclude dirs and/or files: 
-- Added test 'cpplint' to check C / C++ code against the Google style
-- Configured cpplint exclude dirs and/or files: 
-- Added test 'lint_cmake' to check CMake code style
-- Added test 'uncrustify' to check C / C++ code style
-- Configured uncrustify additional arguments: 
-- Added test 'xmllint' to check XML markup files
-- Configuring done
-- Generating done
-- Build files have been written to: /robofuzz/ros2_foxy/build/tlsf_cpp
[35m[1mScanning dependencies of target gtest[0m
[35m[1mScanning dependencies of target gtest_main[0m
[35m[1mScanning dependencies of target tlsf_allocator_example[0m
[  8%] [32mBuilding CXX object gtest/CMakeFiles/gtest.dir/src/gtest-all.cc.o[0m
[ 16%] [32mBuilding CXX object gtest/CMakeFiles/gtest_main.dir/src/gtest_main.cc.o[0m
[ 25%] [32mBuilding CXX object CMakeFiles/tlsf_allocator_example.dir/example/allocator_example.cpp.o[0m
[ 33%] [32m[1mLinking CXX static library libgtest_main.a[0m
[ 33%] Built target gtest_main
[ 41%] [32m[1mLinking CXX static library libgtest.a[0m
[ 41%] Built target gtest
[ 50%] [32m[1mLinking CXX executable tlsf_allocator_example[0m
[ 50%] Built target tlsf_allocator_example
[35m[1mScanning dependencies of target test_tlsf__rmw_cyclonedds_cpp[0m
[ 58%] [32mBuilding CXX object CMakeFiles/test_tlsf__rmw_cyclonedds_cpp.dir/test/test_tlsf.cpp.o[0m
[ 66%] [32m[1mLinking CXX executable test_tlsf__rmw_cyclonedds_cpp[0m
[ 66%] Built target test_tlsf__rmw_cyclonedds_cpp
[35m[1mScanning dependencies of target test_tlsf__rmw_fastrtps_cpp[0m
[ 75%] [32mBuilding CXX object CMakeFiles/test_tlsf__rmw_fastrtps_cpp.dir/test/test_tlsf.cpp.o[0m
[ 83%] [32m[1mLinking CXX executable test_tlsf__rmw_fastrtps_cpp[0m
[ 83%] Built target test_tlsf__rmw_fastrtps_cpp
[35m[1mScanning dependencies of target test_tlsf__rmw_fastrtps_dynamic_cpp[0m
[ 91%] [32mBuilding CXX object CMakeFiles/test_tlsf__rmw_fastrtps_dynamic_cpp.dir/test/test_tlsf.cpp.o[0m
[100%] [32m[1mLinking CXX executable test_tlsf__rmw_fastrtps_dynamic_cpp[0m
[100%] Built target test_tlsf__rmw_fastrtps_dynamic_cpp
-- Install configuration: ""
-- Execute custom install script
-- Symlinking: /robofuzz/ros2_foxy/install/tlsf_cpp/bin/tlsf_allocator_example
-- Symlinking: /robofuzz/ros2_foxy/install/tlsf_cpp/share/ament_index/resource_index/package_run_dependencies/tlsf_cpp
-- Symlinking: /robofuzz/ros2_foxy/install/tlsf_cpp/share/ament_index/resource_index/parent_prefix_path/tlsf_cpp
-- Symlinking: /robofuzz/ros2_foxy/install/tlsf_cpp/share/tlsf_cpp/environment/ament_prefix_path.sh
-- Symlinking: /robofuzz/ros2_foxy/install/tlsf_cpp/share/tlsf_cpp/environment/ament_prefix_path.dsv
-- Symlinking: /robofuzz/ros2_foxy/install/tlsf_cpp/share/tlsf_cpp/environment/path.sh
-- Symlinking: /robofuzz/ros2_foxy/install/tlsf_cpp/share/tlsf_cpp/environment/path.dsv
-- Symlinking: /robofuzz/ros2_foxy/install/tlsf_cpp/share/tlsf_cpp/local_setup.bash
-- Symlinking: /robofuzz/ros2_foxy/install/tlsf_cpp/share/tlsf_cpp/local_setup.sh
-- Symlinking: /robofuzz/ros2_foxy/install/tlsf_cpp/share/tlsf_cpp/local_setup.zsh
-- Symlinking: /robofuzz/ros2_foxy/install/tlsf_cpp/share/tlsf_cpp/local_setup.dsv
-- Symlinking: /robofuzz/ros2_foxy/install/tlsf_cpp/share/tlsf_cpp/package.dsv
-- Symlinking: /robofuzz/ros2_foxy/install/tlsf_cpp/share/ament_index/resource_index/packages/tlsf_cpp
-- Symlinking: /robofuzz/ros2_foxy/install/tlsf_cpp/share/tlsf_cpp/cmake/ament_cmake_export_include_directories-extras.cmake
-- Symlinking: /robofuzz/ros2_foxy/install/tlsf_cpp/share/tlsf_cpp/cmake/ament_cmake_export_dependencies-extras.cmake
-- Symlinking: /robofuzz/ros2_foxy/install/tlsf_cpp/share/tlsf_cpp/cmake/tlsf_cppConfig.cmake
-- Symlinking: /robofuzz/ros2_foxy/install/tlsf_cpp/share/tlsf_cpp/cmake/tlsf_cppConfig-version.cmake
-- Symlinking: /robofuzz/ros2_foxy/install/tlsf_cpp/share/tlsf_cpp/package.xml
-- Symlinking: /robofuzz/ros2_foxy/install/tlsf_cpp/include/tlsf_cpp/tlsf.hpp
