[0.260s] Invoking command in '/robofuzz/ros2_foxy/build/fastrtps': CMAKE_PREFIX_PATH=/robofuzz/ros2_foxy/install/foonathan_memory_vendor:/robofuzz/ros2_foxy/install/fastcdr:${CMAKE_PREFIX_PATH} LD_LIBRARY_PATH=/robofuzz/ros2_foxy/install/fastcdr/lib:${LD_LIBRARY_PATH} PKG_CONFIG_PATH=/robofuzz/ros2_foxy/install/foonathan_memory_vendor/lib/x86_64-linux-gnu/pkgconfig:/robofuzz/ros2_foxy/install/foonathan_memory_vendor/lib/pkgconfig /usr/bin/cmake /robofuzz/ros2_foxy/src/eProsima/Fast-DDS -DSECURITY=ON -DCMAKE_INSTALL_PREFIX=/robofuzz/ros2_foxy/install/fastrtps
[0.286s] -- Configuring Fast RTPS
[0.287s] -- Version: 2.1.2
[0.287s] -- To change the version modify the file configure.ac
[0.294s] -- Found fastcdr
[0.355s] -- Found Asio
[0.424s] -- Found TinyXML2
[0.438s] -- Found foonathan_memory: /opt/ros/foxy/lib/foonathan_memory/cmake
[0.441s] -- Looking for pthread.h
[0.701s] -- Looking for pthread.h - found
[0.703s] -- Looking for pthread_kill
[0.787s] -- Looking for pthread_kill - not found
[0.788s] -- Looking for pthread_create in pthreads
[0.962s] -- Looking for pthread_create in pthreads - not found
[0.962s] -- Looking for pthread_create in pthread
[1.141s] -- Looking for pthread_create in pthread - found
[1.142s] -- Found Threads: TRUE  
[4.338s] -- Thirdparty/boost compiled OK
[4.536s] -- Found OpenSSL: /usr/lib/x86_64-linux-gnu/libcrypto.so (found version "1.1.1f")  
[4.536s] -- OpenSSL library 1.1.1f found...
[4.541s] -- Performing Test ATOMIC_WITHOUT_LIB
[4.952s] -- Performing Test ATOMIC_WITHOUT_LIB - Success
[4.952s] -- Looking for __atomic_load_8 in atomic
[5.460s] -- Looking for __atomic_load_8 in atomic - found
[5.465s] -- Performing Test ATOMIC_WITH_LIB
[5.849s] -- Performing Test ATOMIC_WITH_LIB - Success
[5.977s] -- Configuring done
[6.150s] -- Generating done
[6.167s] -- Build files have been written to: /robofuzz/ros2_foxy/build/fastrtps
[6.185s] Invoked command in '/robofuzz/ros2_foxy/build/fastrtps' returned '0': CMAKE_PREFIX_PATH=/robofuzz/ros2_foxy/install/foonathan_memory_vendor:/robofuzz/ros2_foxy/install/fastcdr:${CMAKE_PREFIX_PATH} LD_LIBRARY_PATH=/robofuzz/ros2_foxy/install/fastcdr/lib:${LD_LIBRARY_PATH} PKG_CONFIG_PATH=/robofuzz/ros2_foxy/install/foonathan_memory_vendor/lib/x86_64-linux-gnu/pkgconfig:/robofuzz/ros2_foxy/install/foonathan_memory_vendor/lib/pkgconfig /usr/bin/cmake /robofuzz/ros2_foxy/src/eProsima/Fast-DDS -DSECURITY=ON -DCMAKE_INSTALL_PREFIX=/robofuzz/ros2_foxy/install/fastrtps
[6.188s] Invoking command in '/robofuzz/ros2_foxy/build/fastrtps': CMAKE_PREFIX_PATH=/robofuzz/ros2_foxy/install/foonathan_memory_vendor:/robofuzz/ros2_foxy/install/fastcdr:${CMAKE_PREFIX_PATH} LD_LIBRARY_PATH=/robofuzz/ros2_foxy/install/fastcdr/lib:${LD_LIBRARY_PATH} PKG_CONFIG_PATH=/robofuzz/ros2_foxy/install/foonathan_memory_vendor/lib/x86_64-linux-gnu/pkgconfig:/robofuzz/ros2_foxy/install/foonathan_memory_vendor/lib/pkgconfig /usr/bin/cmake --build /robofuzz/ros2_foxy/build/fastrtps -- -j12 -l12
[6.570s] [35m[1mScanning dependencies of target fastrtps[0m
[8.085s] [  0%] [32mBuilding CXX object src/cpp/CMakeFiles/fastrtps.dir/fastdds/log/OStreamConsumer.cpp.o[0m
[8.097s] [  1%] [32mBuilding CXX object src/cpp/CMakeFiles/fastrtps.dir/fastdds/log/Log.cpp.o[0m
[8.106s] [  2%] [32mBuilding CXX object src/cpp/CMakeFiles/fastrtps.dir/fastdds/log/StdoutErrConsumer.cpp.o[0m
[8.137s] [  3%] [32mBuilding CXX object src/cpp/CMakeFiles/fastrtps.dir/fastdds/log/FileConsumer.cpp.o[0m
[8.138s] [  4%] [32mBuilding CXX object src/cpp/CMakeFiles/fastrtps.dir/rtps/resources/ResourceEvent.cpp.o[0m
[8.149s] [  4%] [32mBuilding CXX object src/cpp/CMakeFiles/fastrtps.dir/fastdds/log/StdoutConsumer.cpp.o[0m
[8.169s] [  4%] [32mBuilding CXX object src/cpp/CMakeFiles/fastrtps.dir/rtps/resources/TimedEvent.cpp.o[0m
[8.171s] [  4%] [32mBuilding CXX object src/cpp/CMakeFiles/fastrtps.dir/rtps/common/Time_t.cpp.o[0m
[8.189s] [  5%] [32mBuilding CXX object src/cpp/CMakeFiles/fastrtps.dir/rtps/resources/TimedEventImpl.cpp.o[0m
[8.210s] [  5%] [32mBuilding CXX object src/cpp/CMakeFiles/fastrtps.dir/rtps/resources/AsyncWriterThread.cpp.o[0m
[8.248s] [  5%] [32mBuilding CXX object src/cpp/CMakeFiles/fastrtps.dir/rtps/writer/LivelinessManager.cpp.o[0m
[8.271s] [  6%] [32mBuilding CXX object src/cpp/CMakeFiles/fastrtps.dir/rtps/resources/AsyncInterestTree.cpp.o[0m
[9.559s] [  7%] [32mBuilding CXX object src/cpp/CMakeFiles/fastrtps.dir/rtps/writer/RTPSWriter.cpp.o[0m
[9.881s] [  7%] [32mBuilding CXX object src/cpp/CMakeFiles/fastrtps.dir/rtps/writer/StatefulWriter.cpp.o[0m
[10.142s] [  8%] [32mBuilding CXX object src/cpp/CMakeFiles/fastrtps.dir/rtps/writer/ReaderProxy.cpp.o[0m
[10.264s] [  8%] [32mBuilding CXX object src/cpp/CMakeFiles/fastrtps.dir/rtps/writer/StatelessWriter.cpp.o[0m
[10.460s] [  9%] [32mBuilding CXX object src/cpp/CMakeFiles/fastrtps.dir/rtps/writer/ReaderLocator.cpp.o[0m
[11.021s] [  9%] [32mBuilding CXX object src/cpp/CMakeFiles/fastrtps.dir/rtps/history/CacheChangePool.cpp.o[0m
[11.186s] [  9%] [32mBuilding CXX object src/cpp/CMakeFiles/fastrtps.dir/rtps/history/History.cpp.o[0m
[13.301s] [ 10%] [32mBuilding CXX object src/cpp/CMakeFiles/fastrtps.dir/rtps/history/WriterHistory.cpp.o[0m
[14.398s] [ 10%] [32mBuilding CXX object src/cpp/CMakeFiles/fastrtps.dir/rtps/history/ReaderHistory.cpp.o[0m
[15.583s] [ 11%] [32mBuilding CXX object src/cpp/CMakeFiles/fastrtps.dir/rtps/history/TopicPayloadPool.cpp.o[0m
[16.256s] [ 11%] [32mBuilding CXX object src/cpp/CMakeFiles/fastrtps.dir/rtps/history/TopicPayloadPoolRegistry.cpp.o[0m
[16.310s] [ 12%] [32mBuilding CXX object src/cpp/CMakeFiles/fastrtps.dir/rtps/reader/WriterProxy.cpp.o[0m
[17.179s] [ 12%] [32mBuilding CXX object src/cpp/CMakeFiles/fastrtps.dir/rtps/reader/StatefulReader.cpp.o[0m
[17.222s] [ 13%] [32mBuilding CXX object src/cpp/CMakeFiles/fastrtps.dir/rtps/reader/StatelessReader.cpp.o[0m
[17.262s] [ 13%] [32mBuilding CXX object src/cpp/CMakeFiles/fastrtps.dir/rtps/reader/RTPSReader.cpp.o[0m
[18.924s] [ 14%] [32mBuilding CXX object src/cpp/CMakeFiles/fastrtps.dir/rtps/messages/RTPSMessageCreator.cpp.o[0m
[20.067s] [ 14%] [32mBuilding CXX object src/cpp/CMakeFiles/fastrtps.dir/rtps/messages/RTPSMessageGroup.cpp.o[0m
[21.274s] [ 15%] [32mBuilding CXX object src/cpp/CMakeFiles/fastrtps.dir/rtps/messages/RTPSGapBuilder.cpp.o[0m
[21.353s] [ 15%] [32mBuilding CXX object src/cpp/CMakeFiles/fastrtps.dir/rtps/messages/SendBuffersManager.cpp.o[0m
[21.588s] [ 16%] [32mBuilding CXX object src/cpp/CMakeFiles/fastrtps.dir/rtps/messages/MessageReceiver.cpp.o[0m
[23.472s] [ 16%] [32mBuilding CXX object src/cpp/CMakeFiles/fastrtps.dir/rtps/network/NetworkFactory.cpp.o[0m
[24.571s] [ 17%] [32mBuilding CXX object src/cpp/CMakeFiles/fastrtps.dir/rtps/network/ReceiverResource.cpp.o[0m
[24.599s] [ 17%] [32mBuilding CXX object src/cpp/CMakeFiles/fastrtps.dir/rtps/participant/RTPSParticipant.cpp.o[0m
[26.484s] [ 18%] [32mBuilding CXX object src/cpp/CMakeFiles/fastrtps.dir/rtps/participant/RTPSParticipantImpl.cpp.o[0m
[26.643s] [ 18%] [32mBuilding CXX object src/cpp/CMakeFiles/fastrtps.dir/rtps/RTPSDomain.cpp.o[0m
[27.024s] [ 18%] [32mBuilding CXX object src/cpp/CMakeFiles/fastrtps.dir/fastrtps_deprecated/Domain.cpp.o[0m
[28.241s] [ 19%] [32mBuilding CXX object src/cpp/CMakeFiles/fastrtps.dir/fastrtps_deprecated/participant/Participant.cpp.o[0m
[28.532s] [ 19%] [32mBuilding CXX object src/cpp/CMakeFiles/fastrtps.dir/fastrtps_deprecated/participant/ParticipantImpl.cpp.o[0m
[28.856s] [ 20%] [32mBuilding CXX object src/cpp/CMakeFiles/fastrtps.dir/fastrtps_deprecated/publisher/Publisher.cpp.o[0m
[31.196s] [ 20%] [32mBuilding CXX object src/cpp/CMakeFiles/fastrtps.dir/fastrtps_deprecated/publisher/PublisherImpl.cpp.o[0m
[31.612s] [ 21%] [32mBuilding CXX object src/cpp/CMakeFiles/fastrtps.dir/fastrtps_deprecated/publisher/PublisherHistory.cpp.o[0m
[32.851s] [ 21%] [32mBuilding CXX object src/cpp/CMakeFiles/fastrtps.dir/fastrtps_deprecated/subscriber/Subscriber.cpp.o[0m
[46.379s] [ 22%] [32mBuilding CXX object src/cpp/CMakeFiles/fastrtps.dir/fastdds/publisher/qos/DataWriterQos.cpp.o[0m
[49.345s] [ 22%] [32mBuilding CXX object src/cpp/CMakeFiles/fastrtps.dir/fastdds/subscriber/qos/DataReaderQos.cpp.o[0m
[51.360s] [ 22%] [32mBuilding CXX object src/cpp/CMakeFiles/fastrtps.dir/fastdds/publisher/PublisherImpl.cpp.o[0m
[51.360s] [ 22%] [32mBuilding CXX object src/cpp/CMakeFiles/fastrtps.dir/fastdds/topic/qos/TopicQos.cpp.o[0m
[51.588s] [ 23%] [32mBuilding CXX object src/cpp/CMakeFiles/fastrtps.dir/fastdds/topic/TypeSupport.cpp.o[0m
[52.608s] [ 24%] [32mBuilding CXX object src/cpp/CMakeFiles/fastrtps.dir/fastdds/publisher/qos/PublisherQos.cpp.o[0m
[53.631s] [ 24%] [32mBuilding CXX object src/cpp/CMakeFiles/fastrtps.dir/fastdds/topic/TopicImpl.cpp.o[0m
[53.746s] [ 25%] [32mBuilding CXX object src/cpp/CMakeFiles/fastrtps.dir/fastdds/topic/Topic.cpp.o[0m
[53.937s] [ 25%] [32mBuilding CXX object src/cpp/CMakeFiles/fastrtps.dir/fastdds/publisher/Publisher.cpp.o[0m
[53.937s] [ 25%] [32mBuilding CXX object src/cpp/CMakeFiles/fastrtps.dir/fastdds/publisher/DataWriterImpl.cpp.o[0m
[54.986s] [ 26%] [32mBuilding CXX object src/cpp/CMakeFiles/fastrtps.dir/fastdds/subscriber/SubscriberImpl.cpp.o[0m
[55.974s] [ 27%] [32mBuilding CXX object src/cpp/CMakeFiles/fastrtps.dir/fastdds/subscriber/DataReaderImpl.cpp.o[0m
[58.218s] [ 28%] [32mBuilding CXX object src/cpp/CMakeFiles/fastrtps.dir/fastdds/subscriber/Subscriber.cpp.o[0m
[58.277s] [ 28%] [32mBuilding CXX object src/cpp/CMakeFiles/fastrtps.dir/fastdds/domain/DomainParticipantFactory.cpp.o[0m
[58.392s] [ 29%] [32mBuilding CXX object src/cpp/CMakeFiles/fastrtps.dir/fastdds/domain/DomainParticipantImpl.cpp.o[0m
[60.454s] [ 29%] [32mBuilding CXX object src/cpp/CMakeFiles/fastrtps.dir/fastdds/domain/DomainParticipant.cpp.o[0m
[66.632s] [ 29%] [32mBuilding CXX object src/cpp/CMakeFiles/fastrtps.dir/fastdds/builtin/typelookup/TypeLookupRequestListener.cpp.o[0m
[66.639s] [ 30%] [32mBuilding CXX object src/cpp/CMakeFiles/fastrtps.dir/fastdds/builtin/typelookup/TypeLookupManager.cpp.o[0m
[67.731s] [ 30%] [32mBuilding CXX object src/cpp/CMakeFiles/fastrtps.dir/fastdds/builtin/common/RPCHeadersImpl.cpp.o[0m
[67.753s] [ 31%] [32mBuilding CXX object src/cpp/CMakeFiles/fastrtps.dir/fastdds/builtin/typelookup/common/TypeLookupTypes.cpp.o[0m
[68.885s] [ 31%] [32mBuilding CXX object src/cpp/CMakeFiles/fastrtps.dir/fastdds/domain/qos/DomainParticipantFactoryQos.cpp.o[0m
[68.900s] [ 32%] [32mBuilding CXX object src/cpp/CMakeFiles/fastrtps.dir/fastdds/domain/qos/DomainParticipantQos.cpp.o[0m
[69.028s] [ 32%] [32mBuilding CXX object src/cpp/CMakeFiles/fastrtps.dir/fastdds/subscriber/qos/SubscriberQos.cpp.o[0m
[69.029s] [ 32%] [32mBuilding CXX object src/cpp/CMakeFiles/fastrtps.dir/fastdds/publisher/DataWriter.cpp.o[0m
[70.145s] [ 33%] [32mBuilding CXX object src/cpp/CMakeFiles/fastrtps.dir/fastdds/subscriber/DataReader.cpp.o[0m
[70.196s] [ 33%] [32mBuilding CXX object src/cpp/CMakeFiles/fastrtps.dir/fastrtps_deprecated/subscriber/SubscriberHistory.cpp.o[0m
[78.870s] [ 34%] [32mBuilding CXX object src/cpp/CMakeFiles/fastrtps.dir/rtps/transport/UDPTransportInterface.cpp.o[0m
[82.694s] [ 34%] [32mBuilding CXX object src/cpp/CMakeFiles/fastrtps.dir/rtps/transport/shared_mem/SharedMemTransportDescriptor.cpp.o[0m
[83.932s] [ 35%] [32mBuilding CXX object src/cpp/CMakeFiles/fastrtps.dir/rtps/transport/TCPv4Transport.cpp.o[0m
[90.048s] [ 35%] [32mBuilding CXX object src/cpp/CMakeFiles/fastrtps.dir/rtps/transport/UDPv6Transport.cpp.o[0m
[91.068s] [ 36%] [32mBuilding CXX object src/cpp/CMakeFiles/fastrtps.dir/rtps/transport/TCPv6Transport.cpp.o[0m
[92.104s] [ 36%] [32mBuilding CXX object src/cpp/CMakeFiles/fastrtps.dir/rtps/transport/TCPTransportInterface.cpp.o[0m
[93.141s] [ 37%] [32mBuilding CXX object src/cpp/CMakeFiles/fastrtps.dir/rtps/transport/UDPv4Transport.cpp.o[0m
[94.180s] [ 37%] [32mBuilding CXX object src/cpp/CMakeFiles/fastrtps.dir/rtps/transport/TCPAcceptorBasic.cpp.o[0m
[95.276s] [ 38%] [32mBuilding CXX object src/cpp/CMakeFiles/fastrtps.dir/rtps/transport/TCPAcceptor.cpp.o[0m
[97.389s] [ 38%] [32mBuilding CXX object src/cpp/CMakeFiles/fastrtps.dir/rtps/transport/TCPChannelResourceBasic.cpp.o[0m
[99.501s] [ 38%] [32mBuilding CXX object src/cpp/CMakeFiles/fastrtps.dir/rtps/transport/TCPChannelResource.cpp.o[0m
[111.181s] [ 38%] [32mBuilding CXX object src/cpp/CMakeFiles/fastrtps.dir/dynamic-types/AnnotationParameterValue.cpp.o[0m
[111.191s] [ 39%] [32mBuilding CXX object src/cpp/CMakeFiles/fastrtps.dir/dynamic-types/AnnotationDescriptor.cpp.o[0m
[112.228s] [ 40%] [32mBuilding CXX object src/cpp/CMakeFiles/fastrtps.dir/dynamic-types/DynamicData.cpp.o[0m
[113.209s] [ 40%] [32mBuilding CXX object src/cpp/CMakeFiles/fastrtps.dir/rtps/transport/tcp/RTCPMessageManager.cpp.o[0m
[113.210s] [ 41%] [32mBuilding CXX object src/cpp/CMakeFiles/fastrtps.dir/rtps/transport/tcp/TCPControlMessage.cpp.o[0m
[114.258s] [ 41%] [32mBuilding CXX object src/cpp/CMakeFiles/fastrtps.dir/dynamic-types/DynamicDataFactory.cpp.o[0m
[114.444s] [ 41%] [32mBuilding CXX object src/cpp/CMakeFiles/fastrtps.dir/rtps/transport/test_UDPv4Transport.cpp.o[0m
[114.892s] [ 42%] [32mBuilding CXX object src/cpp/CMakeFiles/fastrtps.dir/dynamic-types/DynamicType.cpp.o[0m
[114.973s] [ 43%] [32mBuilding CXX object src/cpp/CMakeFiles/fastrtps.dir/rtps/transport/UDPChannelResource.cpp.o[0m
[114.987s] [ 43%] [32mBuilding CXX object src/cpp/CMakeFiles/fastrtps.dir/dynamic-types/DynamicPubSubType.cpp.o[0m
[131.043s] [ 43%] [32mBuilding CXX object src/cpp/CMakeFiles/fastrtps.dir/dynamic-types/MemberDescriptor.cpp.o[0m
[132.039s] [ 44%] [32mBuilding CXX object src/cpp/CMakeFiles/fastrtps.dir/dynamic-types/DynamicTypeMember.cpp.o[0m
[133.103s] [ 45%] [32mBuilding CXX object src/cpp/CMakeFiles/fastrtps.dir/dynamic-types/TypeDescriptor.cpp.o[0m
[134.166s] [ 45%] [32mBuilding CXX object src/cpp/CMakeFiles/fastrtps.dir/dynamic-types/DynamicTypeBuilderFactory.cpp.o[0m
[135.073s] [ 46%] [32mBuilding CXX object src/cpp/CMakeFiles/fastrtps.dir/dynamic-types/DynamicTypeBuilderPtr.cpp.o[0m
[135.744s] [ 46%] [32mBuilding CXX object src/cpp/CMakeFiles/fastrtps.dir/dynamic-types/TypeIdentifier.cpp.o[0m
[135.796s] [ 47%] [32mBuilding CXX object src/cpp/CMakeFiles/fastrtps.dir/dynamic-types/TypeIdentifierTypes.cpp.o[0m
[136.197s] [ 47%] [32mBuilding CXX object src/cpp/CMakeFiles/fastrtps.dir/dynamic-types/TypeObject.cpp.o[0m
[136.479s] [ 48%] [32mBuilding CXX object src/cpp/CMakeFiles/fastrtps.dir/dynamic-types/TypeObjectHashId.cpp.o[0m
[138.475s] [ 49%] [32mBuilding CXX object src/cpp/CMakeFiles/fastrtps.dir/dynamic-types/TypeNamesGenerator.cpp.o[0m
[140.454s] [ 50%] [32mBuilding CXX object src/cpp/CMakeFiles/fastrtps.dir/dynamic-types/BuiltinAnnotationsTypeObject.cpp.o[0m
[141.535s] [ 50%] [32mBuilding CXX object src/cpp/CMakeFiles/fastrtps.dir/dynamic-types/DynamicDataHelper.cpp.o[0m
[142.624s] [ 50%] [32mBuilding CXX object src/cpp/CMakeFiles/fastrtps.dir/dynamic-types/TypesBase.cpp.o[0m
[143.694s] [ 50%] [32mBuilding CXX object src/cpp/CMakeFiles/fastrtps.dir/dynamic-types/TypeObjectFactory.cpp.o[0m
[144.310s] [ 51%] [32mBuilding CXX object src/cpp/CMakeFiles/fastrtps.dir/fastrtps_deprecated/attributes/TopicAttributes.cpp.o[0m
[144.403s] [ 51%] [32mBuilding CXX object src/cpp/CMakeFiles/fastrtps.dir/fastdds/core/policy/ParameterList.cpp.o[0m
[145.498s] [ 51%] [32mBuilding CXX object src/cpp/CMakeFiles/fastrtps.dir/fastdds/publisher/qos/WriterQos.cpp.o[0m
[151.901s] [ 52%] [32mBuilding CXX object src/cpp/CMakeFiles/fastrtps.dir/rtps/builtin/discovery/participant/PDPSimple.cpp.o[0m
[155.319s] [ 52%] [32mBuilding CXX object src/cpp/CMakeFiles/fastrtps.dir/rtps/builtin/discovery/participant/PDPListener.cpp.o[0m
[156.339s] [ 53%] [32mBuilding CXX object src/cpp/CMakeFiles/fastrtps.dir/rtps/builtin/discovery/endpoint/EDP.cpp.o[0m
[157.361s] [ 53%] [32mBuilding CXX object src/cpp/CMakeFiles/fastrtps.dir/rtps/builtin/discovery/participant/PDP.cpp.o[0m
[158.383s] [ 54%] [32mBuilding CXX object src/cpp/CMakeFiles/fastrtps.dir/rtps/builtin/discovery/participant/DirectMessageSender.cpp.o[0m
[158.391s] [ 54%] [32mBuilding CXX object src/cpp/CMakeFiles/fastrtps.dir/rtps/builtin/BuiltinProtocols.cpp.o[0m
[159.419s] [ 54%] [32mBuilding CXX object src/cpp/CMakeFiles/fastrtps.dir/rtps/builtin/discovery/endpoint/EDPSimple.cpp.o[0m
[160.485s] [ 55%] [32mBuilding CXX object src/cpp/CMakeFiles/fastrtps.dir/fastdds/subscriber/qos/ReaderQos.cpp.o[0m
[162.549s] [ 55%] [32mBuilding CXX object src/cpp/CMakeFiles/fastrtps.dir/dynamic-types/DynamicTypeBuilder.cpp.o[0m
[162.887s] [ 56%] [32mBuilding CXX object src/cpp/CMakeFiles/fastrtps.dir/dynamic-types/DynamicDataPtr.cpp.o[0m
[163.974s] [ 57%] [32mBuilding CXX object src/cpp/CMakeFiles/fastrtps.dir/rtps/builtin/discovery/endpoint/EDPSimpleListeners.cpp.o[0m
[164.474s] [ 57%] [32mBuilding CXX object src/cpp/CMakeFiles/fastrtps.dir/dynamic-types/DynamicTypePtr.cpp.o[0m
[169.555s] [ 58%] [32mBuilding CXX object src/cpp/CMakeFiles/fastrtps.dir/rtps/flowcontrol/ThroughputControllerDescriptor.cpp.o[0m
[169.668s] [ 58%] [32mBuilding CXX object src/cpp/CMakeFiles/fastrtps.dir/rtps/flowcontrol/FlowController.cpp.o[0m
[171.733s] [ 58%] [32mBuilding CXX object src/cpp/CMakeFiles/fastrtps.dir/rtps/exceptions/Exception.cpp.o[0m
[172.801s] [ 58%] [32mBuilding CXX object src/cpp/CMakeFiles/fastrtps.dir/rtps/flowcontrol/ThroughputController.cpp.o[0m
[173.336s] [ 59%] [32mBuilding CXX object src/cpp/CMakeFiles/fastrtps.dir/rtps/builtin/data/ReaderProxyData.cpp.o[0m
[174.360s] [ 60%] [32mBuilding CXX object src/cpp/CMakeFiles/fastrtps.dir/rtps/attributes/PropertyPolicy.cpp.o[0m
[175.325s] [ 60%] [32mBuilding CXX object src/cpp/CMakeFiles/fastrtps.dir/rtps/builtin/data/WriterProxyData.cpp.o[0m
[175.521s] [ 60%] [32mBuilding CXX object src/cpp/CMakeFiles/fastrtps.dir/rtps/common/Token.cpp.o[0m
[176.306s] [ 61%] [32mBuilding CXX object src/cpp/CMakeFiles/fastrtps.dir/rtps/xmlparser/XMLParserCommon.cpp.o[0m
[176.391s] [ 61%] [32mBuilding CXX object src/cpp/CMakeFiles/fastrtps.dir/rtps/xmlparser/XMLElementParser.cpp.o[0m
[177.430s] [ 62%] [32mBuilding CXX object src/cpp/CMakeFiles/fastrtps.dir/rtps/xmlparser/XMLEndpointParser.cpp.o[0m
[178.478s] [ 63%] [32mBuilding CXX object src/cpp/CMakeFiles/fastrtps.dir/rtps/builtin/data/ParticipantProxyData.cpp.o[0m
[179.593s] [ 63%] [32mBuilding CXX object src/cpp/CMakeFiles/fastrtps.dir/rtps/builtin/liveliness/WLPListener.cpp.o[0m
[180.316s] [ 64%] [32mBuilding CXX object src/cpp/CMakeFiles/fastrtps.dir/rtps/builtin/liveliness/WLP.cpp.o[0m
[186.296s] [ 64%] [32mBuilding CXX object src/cpp/CMakeFiles/fastrtps.dir/rtps/writer/StatefulPersistentWriter.cpp.o[0m
[187.313s] [ 65%] [32mBuilding CXX object src/cpp/CMakeFiles/fastrtps.dir/rtps/writer/StatelessPersistentWriter.cpp.o[0m
[187.385s] [ 65%] [32mBuilding CXX object src/cpp/CMakeFiles/fastrtps.dir/rtps/writer/PersistentWriter.cpp.o[0m
[187.661s] [ 66%] [32mBuilding CXX object src/cpp/CMakeFiles/fastrtps.dir/rtps/reader/StatelessPersistentReader.cpp.o[0m
[188.683s] [ 66%] [32mBuilding CXX object src/cpp/CMakeFiles/fastrtps.dir/rtps/reader/StatefulPersistentReader.cpp.o[0m
[189.091s] [ 67%] [32mBuilding CXX object src/cpp/CMakeFiles/fastrtps.dir/rtps/xmlparser/XMLProfileManager.cpp.o[0m
[190.114s] [ 68%] [32mBuilding CXX object src/cpp/CMakeFiles/fastrtps.dir/rtps/persistence/PersistenceFactory.cpp.o[0m
[190.295s] [ 68%] [32mBuilding CXX object src/cpp/CMakeFiles/fastrtps.dir/rtps/xmlparser/XMLParser.cpp.o[0m
[190.603s] [ 68%] [32mBuilding CXX object src/cpp/CMakeFiles/fastrtps.dir/rtps/builtin/discovery/participant/timedevent/DSClientEvent.cpp.o[0m
[190.898s] [ 69%] [32mBuilding CXX object src/cpp/CMakeFiles/fastrtps.dir/rtps/builtin/discovery/participant/timedevent/DServerEvent.cpp.o[0m
[191.004s] [ 69%] [32mBuilding CXX object src/cpp/CMakeFiles/fastrtps.dir/rtps/builtin/discovery/participant/PDPClient.cpp.o[0m
[191.794s] [ 70%] [32mBuilding CXX object src/cpp/CMakeFiles/fastrtps.dir/rtps/builtin/discovery/participant/PDPServer.cpp.o[0m
[192.818s] [ 70%] [32mBuilding CXX object src/cpp/CMakeFiles/fastrtps.dir/rtps/builtin/discovery/participant/PDPServerListener.cpp.o[0m
[192.838s] [ 70%] [32mBuilding CXX object src/cpp/CMakeFiles/fastrtps.dir/rtps/builtin/discovery/endpoint/EDPStatic.cpp.o[0m
[193.822s] [ 70%] [32mBuilding CXX object src/cpp/CMakeFiles/fastrtps.dir/rtps/builtin/discovery/endpoint/EDPClient.cpp.o[0m
[194.364s] [ 71%] [32mBuilding CXX object src/cpp/CMakeFiles/fastrtps.dir/rtps/builtin/discovery/endpoint/EDPServer.cpp.o[0m
[195.430s] [ 71%] [32mBuilding CXX object src/cpp/CMakeFiles/fastrtps.dir/rtps/builtin/discovery/endpoint/EDPServerListeners.cpp.o[0m
[196.498s] [ 71%] [32mBuilding CXX object src/cpp/CMakeFiles/fastrtps.dir/rtps/transport/ChannelResource.cpp.o[0m
[197.563s] [ 72%] [32mBuilding CXX object src/cpp/CMakeFiles/fastrtps.dir/fastdds/builtin/typelookup/TypeLookupReplyListener.cpp.o[0m
[197.723s] [ 73%] [32mBuilding CXX object src/cpp/CMakeFiles/fastrtps.dir/rtps/builtin/discovery/database/DiscoveryDataBase.cpp.o[0m
[198.433s] [ 73%] [32mBuilding CXX object src/cpp/CMakeFiles/fastrtps.dir/rtps/builtin/discovery/database/DiscoveryParticipantsAckStatus.cpp.o[0m
[198.609s] [ 74%] [32mBuilding CXX object src/cpp/CMakeFiles/fastrtps.dir/rtps/builtin/discovery/database/DiscoveryParticipantInfo.cpp.o[0m
[199.738s] [ 74%] [32mBuilding CXX object src/cpp/CMakeFiles/fastrtps.dir/rtps/builtin/discovery/database/DiscoverySharedInfo.cpp.o[0m
[200.851s] [ 75%] [32mBuilding CXX object src/cpp/CMakeFiles/fastrtps.dir/fastrtps_deprecated/subscriber/SubscriberImpl.cpp.o[0m
[205.931s] [ 76%] [32mBuilding CXX object src/cpp/CMakeFiles/fastrtps.dir/utils/IPFinder.cpp.o[0m
[205.932s] [ 76%] [32mBuilding CXX object src/cpp/CMakeFiles/fastrtps.dir/rtps/builtin/discovery/endpoint/EDPServerListeners2.cpp.o[0m
[206.283s] [ 76%] [32mBuilding CXX object src/cpp/CMakeFiles/fastrtps.dir/rtps/builtin/discovery/endpoint/EDPServer2.cpp.o[0m
[206.945s] [ 77%] [32mBuilding CXX object src/cpp/CMakeFiles/fastrtps.dir/utils/md5.cpp.o[0m
[206.951s] [ 78%] [32mBuilding CXX object src/cpp/CMakeFiles/fastrtps.dir/rtps/builtin/discovery/endpoint/EDPClient2.cpp.o[0m
[207.473s] [ 78%] [32mBuilding CXX object src/cpp/CMakeFiles/fastrtps.dir/utils/StringMatching.cpp.o[0m
[207.526s] [ 78%] [32mBuilding CXX object src/cpp/CMakeFiles/fastrtps.dir/utils/IPLocator.cpp.o[0m
[208.549s] [ 79%] [32mBuilding CXX object src/cpp/CMakeFiles/fastrtps.dir/rtps/builtin/discovery/participant/PDPServerListener2.cpp.o[0m
[208.549s] [ 79%] [32mBuilding CXX object src/cpp/CMakeFiles/fastrtps.dir/utils/System.cpp.o[0m
[208.959s] [ 80%] [32mBuilding CXX object src/cpp/CMakeFiles/fastrtps.dir/rtps/builtin/discovery/participant/PDPClient2.cpp.o[0m
[208.960s] [ 80%] [32mBuilding CXX object src/cpp/CMakeFiles/fastrtps.dir/rtps/builtin/discovery/participant/PDPServer2.cpp.o[0m
[209.332s] [ 80%] [32mBuilding CXX object src/cpp/CMakeFiles/fastrtps.dir/utils/TimedConditionVariable.cpp.o[0m
[209.946s] [ 81%] [32mBuilding CXX object src/cpp/CMakeFiles/fastrtps.dir/utils/string_convert.cpp.o[0m
[209.947s] [ 82%] [32mBuilding CXX object src/cpp/CMakeFiles/fastrtps.dir/rtps/builtin/discovery/participant/DServerEvent2.cpp.o[0m
[210.422s] [ 82%] [32mBuilding CXX object src/cpp/CMakeFiles/fastrtps.dir/dds/core/types.cpp.o[0m
[210.725s] [ 83%] [32mBuilding CXX object src/cpp/CMakeFiles/fastrtps.dir/dds/core/Exception.cpp.o[0m
[211.034s] [ 83%] [32mBuilding CXX object src/cpp/CMakeFiles/fastrtps.dir/rtps/builtin/discovery/participant/DSClientEvent2.cpp.o[0m
[211.038s] [ 83%] [32mBuilding CXX object src/cpp/CMakeFiles/fastrtps.dir/dds/domain/DomainParticipant.cpp.o[0m
[211.100s] [ 84%] [32mBuilding CXX object src/cpp/CMakeFiles/fastrtps.dir/dds/pub/Publisher.cpp.o[0m
[211.713s] [ 84%] [32mBuilding CXX object src/cpp/CMakeFiles/fastrtps.dir/dds/pub/AnyDataWriter.cpp.o[0m
[211.955s] [ 85%] [32mBuilding CXX object src/cpp/CMakeFiles/fastrtps.dir/dds/pub/DataWriter.cpp.o[0m
[211.978s] [ 86%] [32mBuilding CXX object src/cpp/CMakeFiles/fastrtps.dir/rtps/builtin/discovery/database/backup/SharedBackupFunctions.cpp.o[0m
[213.041s] [ 86%] [32mBuilding CXX object src/cpp/CMakeFiles/fastrtps.dir/dds/sub/Subscriber.cpp.o[0m
[213.141s] [ 87%] [32mBuilding CXX object src/cpp/CMakeFiles/fastrtps.dir/dds/sub/DataReader.cpp.o[0m
[215.776s] [ 87%] [32mBuilding CXX object src/cpp/CMakeFiles/fastrtps.dir/dds/topic/Topic.cpp.o[0m
[216.338s] [ 88%] [32mBuilding CXX object src/cpp/CMakeFiles/fastrtps.dir/rtps/transport/shared_mem/test_SharedMemTransport.cpp.o[0m
[216.398s] [ 88%] [32mBuilding CXX object src/cpp/CMakeFiles/fastrtps.dir/rtps/transport/shared_mem/SharedMemTransport.cpp.o[0m
[216.719s] [ 89%] [32mBuilding CXX object src/cpp/CMakeFiles/fastrtps.dir/rtps/transport/TCPChannelResourceSecure.cpp.o[0m
[216.807s] [ 89%] [32mBuilding CXX object src/cpp/CMakeFiles/fastrtps.dir/rtps/transport/TCPAcceptorSecure.cpp.o[0m
[217.231s] [ 90%] [32mBuilding CXX object src/cpp/CMakeFiles/fastrtps.dir/rtps/security/exceptions/SecurityException.cpp.o[0m
[217.947s] [ 90%] [32mBuilding CXX object src/cpp/CMakeFiles/fastrtps.dir/rtps/security/common/SharedSecretHandle.cpp.o[0m
[218.734s] [ 90%] [32mBuilding CXX object src/cpp/CMakeFiles/fastrtps.dir/rtps/security/logging/Logging.cpp.o[0m
[218.985s] [ 91%] [32mBuilding CXX object src/cpp/CMakeFiles/fastrtps.dir/rtps/security/SecurityManager.cpp.o[0m
[219.323s] [ 91%] [32mBuilding CXX object src/cpp/CMakeFiles/fastrtps.dir/rtps/security/SecurityPluginFactory.cpp.o[0m
[220.470s] [ 92%] [32mBuilding CXX object src/cpp/CMakeFiles/fastrtps.dir/security/authentication/PKIDH.cpp.o[0m
[220.717s] [ 92%] [32mBuilding CXX object src/cpp/CMakeFiles/fastrtps.dir/security/accesscontrol/Permissions.cpp.o[0m
[231.058s] [ 93%] [32mBuilding CXX object src/cpp/CMakeFiles/fastrtps.dir/security/authentication/PKIHandshakeHandle.cpp.o[0m
[232.070s] [ 93%] [32mBuilding CXX object src/cpp/CMakeFiles/fastrtps.dir/security/accesscontrol/AccessPermissionsHandle.cpp.o[0m
[232.522s] [ 94%] [32mBuilding CXX object src/cpp/CMakeFiles/fastrtps.dir/security/accesscontrol/CommonParser.cpp.o[0m
[232.803s] [ 94%] [32mBuilding CXX object src/cpp/CMakeFiles/fastrtps.dir/security/accesscontrol/GovernanceParser.cpp.o[0m
[233.876s] [ 95%] [32mBuilding CXX object src/cpp/CMakeFiles/fastrtps.dir/security/accesscontrol/PermissionsParser.cpp.o[0m
[234.722s] [ 95%] [32mBuilding CXX object src/cpp/CMakeFiles/fastrtps.dir/security/authentication/PKIIdentityHandle.cpp.o[0m
[234.803s] [ 95%] [32mBuilding CXX object src/cpp/CMakeFiles/fastrtps.dir/security/logging/LogTopic.cpp.o[0m
[235.890s] [ 96%] [32mBuilding CXX object src/cpp/CMakeFiles/fastrtps.dir/rtps/persistence/SQLite3PersistenceService.cpp.o[0m
[242.799s] [ 96%] [32mBuilding C object src/cpp/CMakeFiles/fastrtps.dir/rtps/persistence/sqlite3.c.o[0m
[303.132s] [ 99%] [32mBuilding CXX object src/cpp/CMakeFiles/fastrtps.dir/security/cryptography/AESGCMGMAC.cpp.o[0m
[303.132s] [ 99%] [32mBuilding CXX object src/cpp/CMakeFiles/fastrtps.dir/security/cryptography/AESGCMGMAC_KeyFactory.cpp.o[0m
[303.132s] [ 99%] [32mBuilding CXX object src/cpp/CMakeFiles/fastrtps.dir/security/cryptography/AESGCMGMAC_Transform.cpp.o[0m
[303.132s] [ 99%] [32mBuilding CXX object src/cpp/CMakeFiles/fastrtps.dir/security/cryptography/AESGCMGMAC_KeyExchange.cpp.o[0m
[303.132s] [ 99%] [32mBuilding CXX object src/cpp/CMakeFiles/fastrtps.dir/security/cryptography/AESGCMGMAC_Types.cpp.o[0m
[305.944s] [100%] [32m[1mLinking CXX shared library libfastrtps.so[0m
[306.553s] [100%] Built target fastrtps
[306.564s] [35m[1mScanning dependencies of target fast-discovery-server[0m
[306.588s] [100%] [32mBuilding CXX object tools/fds/CMakeFiles/fast-discovery-server.dir/server.cpp.o[0m
[311.871s] [100%] [32m[1mLinking CXX executable fast-discovery-server-1.0.0[0m
[312.006s] [100%] Built target fast-discovery-server
[312.017s] Invoked command in '/robofuzz/ros2_foxy/build/fastrtps' returned '0': CMAKE_PREFIX_PATH=/robofuzz/ros2_foxy/install/foonathan_memory_vendor:/robofuzz/ros2_foxy/install/fastcdr:${CMAKE_PREFIX_PATH} LD_LIBRARY_PATH=/robofuzz/ros2_foxy/install/fastcdr/lib:${LD_LIBRARY_PATH} PKG_CONFIG_PATH=/robofuzz/ros2_foxy/install/foonathan_memory_vendor/lib/x86_64-linux-gnu/pkgconfig:/robofuzz/ros2_foxy/install/foonathan_memory_vendor/lib/pkgconfig /usr/bin/cmake --build /robofuzz/ros2_foxy/build/fastrtps -- -j12 -l12
[312.061s] Invoking command in '/robofuzz/ros2_foxy/build/fastrtps': CMAKE_PREFIX_PATH=/robofuzz/ros2_foxy/install/foonathan_memory_vendor:/robofuzz/ros2_foxy/install/fastcdr:${CMAKE_PREFIX_PATH} LD_LIBRARY_PATH=/robofuzz/ros2_foxy/install/fastcdr/lib:${LD_LIBRARY_PATH} PKG_CONFIG_PATH=/robofuzz/ros2_foxy/install/foonathan_memory_vendor/lib/x86_64-linux-gnu/pkgconfig:/robofuzz/ros2_foxy/install/foonathan_memory_vendor/lib/pkgconfig /usr/bin/cmake --install /robofuzz/ros2_foxy/build/fastrtps
[312.070s] -- Install configuration: "Release"
[312.070s] -- Installing: /robofuzz/ros2_foxy/install/fastrtps/share/fastrtps/LICENSE
[312.080s] -- Installing: /robofuzz/ros2_foxy/install/fastrtps/include/fastrtps
[312.080s] -- Installing: /robofuzz/ros2_foxy/install/fastrtps/include/fastrtps/fastrtps_fwd.h
[312.080s] -- Installing: /robofuzz/ros2_foxy/install/fastrtps/include/fastrtps/log
[312.081s] -- Installing: /robofuzz/ros2_foxy/install/fastrtps/include/fastrtps/log/FileConsumer.h
[312.081s] -- Installing: /robofuzz/ros2_foxy/install/fastrtps/include/fastrtps/log/StdoutConsumer.h
[312.081s] -- Installing: /robofuzz/ros2_foxy/install/fastrtps/include/fastrtps/log/Colors.h
[312.081s] -- Installing: /robofuzz/ros2_foxy/install/fastrtps/include/fastrtps/log/Log.h
[312.082s] -- Installing: /robofuzz/ros2_foxy/install/fastrtps/include/fastrtps/transport
[312.082s] -- Installing: /robofuzz/ros2_foxy/install/fastrtps/include/fastrtps/transport/TCPAcceptor.h
[312.082s] -- Installing: /robofuzz/ros2_foxy/install/fastrtps/include/fastrtps/transport/UDPChannelResource.h
[312.082s] -- Installing: /robofuzz/ros2_foxy/install/fastrtps/include/fastrtps/transport/ChannelResource.h
[312.083s] -- Installing: /robofuzz/ros2_foxy/install/fastrtps/include/fastrtps/transport/TCPv6Transport.h
[312.083s] -- Installing: /robofuzz/ros2_foxy/install/fastrtps/include/fastrtps/transport/TCPChannelResource.h
[312.083s] -- Installing: /robofuzz/ros2_foxy/install/fastrtps/include/fastrtps/transport/TCPChannelResourceSecure.h
[312.084s] -- Installing: /robofuzz/ros2_foxy/install/fastrtps/include/fastrtps/transport/TransportReceiverInterface.h
[312.084s] -- Installing: /robofuzz/ros2_foxy/install/fastrtps/include/fastrtps/transport/UDPTransportDescriptor.h
[312.084s] -- Installing: /robofuzz/ros2_foxy/install/fastrtps/include/fastrtps/transport/test_UDPv4TransportDescriptor.h
[312.085s] -- Installing: /robofuzz/ros2_foxy/install/fastrtps/include/fastrtps/transport/TCPAcceptorSecure.h
[312.085s] -- Installing: /robofuzz/ros2_foxy/install/fastrtps/include/fastrtps/transport/SocketTransportDescriptor.h
[312.085s] -- Installing: /robofuzz/ros2_foxy/install/fastrtps/include/fastrtps/transport/TCPTransportDescriptor.h
[312.086s] -- Installing: /robofuzz/ros2_foxy/install/fastrtps/include/fastrtps/transport/UDPv6TransportDescriptor.h
[312.086s] -- Installing: /robofuzz/ros2_foxy/install/fastrtps/include/fastrtps/transport/TCPAcceptorBasic.h
[312.086s] -- Installing: /robofuzz/ros2_foxy/install/fastrtps/include/fastrtps/transport/UDPv6Transport.h
[312.086s] -- Installing: /robofuzz/ros2_foxy/install/fastrtps/include/fastrtps/transport/UDPv4Transport.h
[312.087s] -- Installing: /robofuzz/ros2_foxy/install/fastrtps/include/fastrtps/transport/UDPTransportInterface.h
[312.087s] -- Installing: /robofuzz/ros2_foxy/install/fastrtps/include/fastrtps/transport/test_UDPv4Transport.h
[312.088s] -- Installing: /robofuzz/ros2_foxy/install/fastrtps/include/fastrtps/transport/TCPv6TransportDescriptor.h
[312.088s] -- Installing: /robofuzz/ros2_foxy/install/fastrtps/include/fastrtps/transport/TCPv4TransportDescriptor.h
[312.088s] -- Installing: /robofuzz/ros2_foxy/install/fastrtps/include/fastrtps/transport/TCPTransportInterface.h
[312.088s] -- Installing: /robofuzz/ros2_foxy/install/fastrtps/include/fastrtps/transport/TCPv4Transport.h
[312.089s] -- Installing: /robofuzz/ros2_foxy/install/fastrtps/include/fastrtps/transport/UDPv4TransportDescriptor.h
[312.089s] -- Installing: /robofuzz/ros2_foxy/install/fastrtps/include/fastrtps/transport/TCPChannelResourceBasic.h
[312.089s] -- Installing: /robofuzz/ros2_foxy/install/fastrtps/include/fastrtps/transport/TransportInterface.h
[312.089s] -- Installing: /robofuzz/ros2_foxy/install/fastrtps/include/fastrtps/transport/TransportDescriptorInterface.h
[312.090s] -- Installing: /robofuzz/ros2_foxy/install/fastrtps/include/fastrtps/config
[312.090s] -- Installing: /robofuzz/ros2_foxy/install/fastrtps/include/fastrtps/config/doxygen_modules.h
[312.090s] -- Installing: /robofuzz/ros2_foxy/install/fastrtps/include/fastrtps/publisher
[312.090s] -- Installing: /robofuzz/ros2_foxy/install/fastrtps/include/fastrtps/publisher/PublisherHistory.h
[312.091s] -- Installing: /robofuzz/ros2_foxy/install/fastrtps/include/fastrtps/publisher/Publisher.h
[312.091s] -- Installing: /robofuzz/ros2_foxy/install/fastrtps/include/fastrtps/publisher/PublisherListener.h
[312.091s] -- Installing: /robofuzz/ros2_foxy/install/fastrtps/include/fastrtps/common
[312.091s] -- Installing: /robofuzz/ros2_foxy/install/fastrtps/include/fastrtps/common/KeyedChanges.h
[312.091s] -- Installing: /robofuzz/ros2_foxy/install/fastrtps/include/fastrtps/participant
[312.091s] -- Installing: /robofuzz/ros2_foxy/install/fastrtps/include/fastrtps/participant/ParticipantListener.h
[312.091s] -- Installing: /robofuzz/ros2_foxy/install/fastrtps/include/fastrtps/participant/Participant.h
[312.092s] -- Installing: /robofuzz/ros2_foxy/install/fastrtps/include/fastrtps/rtps
[312.092s] -- Installing: /robofuzz/ros2_foxy/install/fastrtps/include/fastrtps/rtps/rtps_all.h
[312.092s] -- Installing: /robofuzz/ros2_foxy/install/fastrtps/include/fastrtps/rtps/reader
[312.092s] -- Installing: /robofuzz/ros2_foxy/install/fastrtps/include/fastrtps/rtps/reader/StatefulPersistentReader.h
[312.093s] -- Installing: /robofuzz/ros2_foxy/install/fastrtps/include/fastrtps/rtps/reader/StatelessPersistentReader.h
[312.093s] -- Installing: /robofuzz/ros2_foxy/install/fastrtps/include/fastrtps/rtps/reader/RTPSReader.h
[312.093s] -- Installing: /robofuzz/ros2_foxy/install/fastrtps/include/fastrtps/rtps/reader/StatefulReader.h
[312.093s] -- Installing: /robofuzz/ros2_foxy/install/fastrtps/include/fastrtps/rtps/reader/StatelessReader.h
[312.094s] -- Installing: /robofuzz/ros2_foxy/install/fastrtps/include/fastrtps/rtps/reader/ReaderListener.h
[312.094s] -- Installing: /robofuzz/ros2_foxy/install/fastrtps/include/fastrtps/rtps/reader/ReaderDiscoveryInfo.h
[312.094s] -- Installing: /robofuzz/ros2_foxy/install/fastrtps/include/fastrtps/rtps/resources
[312.094s] -- Installing: /robofuzz/ros2_foxy/install/fastrtps/include/fastrtps/rtps/resources/AsyncInterestTree.h
[312.095s] -- Installing: /robofuzz/ros2_foxy/install/fastrtps/include/fastrtps/rtps/resources/TimedEvent.h
[312.095s] -- Installing: /robofuzz/ros2_foxy/install/fastrtps/include/fastrtps/rtps/resources/ResourceEvent.h
[312.096s] -- Installing: /robofuzz/ros2_foxy/install/fastrtps/include/fastrtps/rtps/resources/ResourceManagement.h
[312.096s] -- Installing: /robofuzz/ros2_foxy/install/fastrtps/include/fastrtps/rtps/resources/AsyncWriterThread.h
[312.096s] -- Installing: /robofuzz/ros2_foxy/install/fastrtps/include/fastrtps/rtps/RTPSDomain.h
[312.096s] -- Installing: /robofuzz/ros2_foxy/install/fastrtps/include/fastrtps/rtps/exceptions
[312.097s] -- Installing: /robofuzz/ros2_foxy/install/fastrtps/include/fastrtps/rtps/exceptions/Exception.h
[312.097s] -- Installing: /robofuzz/ros2_foxy/install/fastrtps/include/fastrtps/rtps/network
[312.097s] -- Installing: /robofuzz/ros2_foxy/install/fastrtps/include/fastrtps/rtps/network/ReceiverResource.h
[312.098s] -- Installing: /robofuzz/ros2_foxy/install/fastrtps/include/fastrtps/rtps/network/SenderResource.h
[312.098s] -- Installing: /robofuzz/ros2_foxy/install/fastrtps/include/fastrtps/rtps/network/NetworkFactory.h
[312.098s] -- Installing: /robofuzz/ros2_foxy/install/fastrtps/include/fastrtps/rtps/history
[312.098s] -- Installing: /robofuzz/ros2_foxy/install/fastrtps/include/fastrtps/rtps/history/WriterHistory.h
[312.098s] -- Installing: /robofuzz/ros2_foxy/install/fastrtps/include/fastrtps/rtps/history/ReaderHistory.h
[312.098s] -- Installing: /robofuzz/ros2_foxy/install/fastrtps/include/fastrtps/rtps/history/History.h
[312.099s] -- Installing: /robofuzz/ros2_foxy/install/fastrtps/include/fastrtps/rtps/common
[312.099s] -- Installing: /robofuzz/ros2_foxy/install/fastrtps/include/fastrtps/rtps/common/WriteParams.h
[312.099s] -- Installing: /robofuzz/ros2_foxy/install/fastrtps/include/fastrtps/rtps/common/RemoteLocators.hpp
[312.099s] -- Installing: /robofuzz/ros2_foxy/install/fastrtps/include/fastrtps/rtps/common/Time_t.h
[312.100s] -- Installing: /robofuzz/ros2_foxy/install/fastrtps/include/fastrtps/rtps/common/InstanceHandle.h
[312.100s] -- Installing: /robofuzz/ros2_foxy/install/fastrtps/include/fastrtps/rtps/common/Token.h
[312.100s] -- Installing: /robofuzz/ros2_foxy/install/fastrtps/include/fastrtps/rtps/common/LocatorSelector.hpp
[312.100s] -- Installing: /robofuzz/ros2_foxy/install/fastrtps/include/fastrtps/rtps/common/LocatorListComparisons.hpp
[312.101s] -- Installing: /robofuzz/ros2_foxy/install/fastrtps/include/fastrtps/rtps/common/MatchingInfo.h
[312.101s] -- Installing: /robofuzz/ros2_foxy/install/fastrtps/include/fastrtps/rtps/common/LocatorSelectorEntry.hpp
[312.101s] -- Installing: /robofuzz/ros2_foxy/install/fastrtps/include/fastrtps/rtps/common/Types.h
[312.102s] -- Installing: /robofuzz/ros2_foxy/install/fastrtps/include/fastrtps/rtps/common/SequenceNumber.h
[312.102s] -- Installing: /robofuzz/ros2_foxy/install/fastrtps/include/fastrtps/rtps/common/all_common.h
[312.103s] -- Installing: /robofuzz/ros2_foxy/install/fastrtps/include/fastrtps/rtps/common/SerializedPayload.h
[312.103s] -- Installing: /robofuzz/ros2_foxy/install/fastrtps/include/fastrtps/rtps/common/PortParameters.h
[312.103s] -- Installing: /robofuzz/ros2_foxy/install/fastrtps/include/fastrtps/rtps/common/Guid.h
[312.104s] -- Installing: /robofuzz/ros2_foxy/install/fastrtps/include/fastrtps/rtps/common/BinaryProperty.h
[312.104s] -- Installing: /robofuzz/ros2_foxy/install/fastrtps/include/fastrtps/rtps/common/CDRMessage_t.h
[312.104s] -- Installing: /robofuzz/ros2_foxy/install/fastrtps/include/fastrtps/rtps/common/FragmentNumber.h
[312.105s] -- Installing: /robofuzz/ros2_foxy/install/fastrtps/include/fastrtps/rtps/common/Property.h
[312.105s] -- Installing: /robofuzz/ros2_foxy/install/fastrtps/include/fastrtps/rtps/common/Locator.h
[312.105s] -- Installing: /robofuzz/ros2_foxy/install/fastrtps/include/fastrtps/rtps/common/CacheChange.h
[312.105s] -- Installing: /robofuzz/ros2_foxy/install/fastrtps/include/fastrtps/rtps/common/SampleIdentity.h
[312.105s] -- Installing: /robofuzz/ros2_foxy/install/fastrtps/include/fastrtps/rtps/writer
[312.105s] -- Installing: /robofuzz/ros2_foxy/install/fastrtps/include/fastrtps/rtps/writer/WriterListener.h
[312.106s] -- Installing: /robofuzz/ros2_foxy/install/fastrtps/include/fastrtps/rtps/writer/StatefulWriter.h
[312.106s] -- Installing: /robofuzz/ros2_foxy/install/fastrtps/include/fastrtps/rtps/writer/LivelinessManager.h
[312.106s] -- Installing: /robofuzz/ros2_foxy/install/fastrtps/include/fastrtps/rtps/writer/RTPSWriter.h
[312.107s] -- Installing: /robofuzz/ros2_foxy/install/fastrtps/include/fastrtps/rtps/writer/StatelessPersistentWriter.h
[312.107s] -- Installing: /robofuzz/ros2_foxy/install/fastrtps/include/fastrtps/rtps/writer/StatefulPersistentWriter.h
[312.107s] -- Installing: /robofuzz/ros2_foxy/install/fastrtps/include/fastrtps/rtps/writer/LivelinessData.h
[312.108s] -- Installing: /robofuzz/ros2_foxy/install/fastrtps/include/fastrtps/rtps/writer/PersistentWriter.h
[312.108s] -- Installing: /robofuzz/ros2_foxy/install/fastrtps/include/fastrtps/rtps/writer/WriterDiscoveryInfo.h
[312.108s] -- Installing: /robofuzz/ros2_foxy/install/fastrtps/include/fastrtps/rtps/writer/StatelessWriter.h
[312.108s] -- Installing: /robofuzz/ros2_foxy/install/fastrtps/include/fastrtps/rtps/writer/ReaderLocator.h
[312.108s] -- Installing: /robofuzz/ros2_foxy/install/fastrtps/include/fastrtps/rtps/writer/ReaderProxy.h
[312.109s] -- Installing: /robofuzz/ros2_foxy/install/fastrtps/include/fastrtps/rtps/participant
[312.109s] -- Installing: /robofuzz/ros2_foxy/install/fastrtps/include/fastrtps/rtps/participant/RTPSParticipant.h
[312.109s] -- Installing: /robofuzz/ros2_foxy/install/fastrtps/include/fastrtps/rtps/participant/ParticipantDiscoveryInfo.h
[312.110s] -- Installing: /robofuzz/ros2_foxy/install/fastrtps/include/fastrtps/rtps/participant/RTPSParticipantListener.h
[312.110s] -- Installing: /robofuzz/ros2_foxy/install/fastrtps/include/fastrtps/rtps/messages
[312.110s] -- Installing: /robofuzz/ros2_foxy/install/fastrtps/include/fastrtps/rtps/messages/RTPSMessageSenderInterface.hpp
[312.111s] -- Installing: /robofuzz/ros2_foxy/install/fastrtps/include/fastrtps/rtps/messages/MessageReceiver.h
[312.111s] -- Installing: /robofuzz/ros2_foxy/install/fastrtps/include/fastrtps/rtps/messages/RTPSMessageGroup.h
[312.111s] -- Installing: /robofuzz/ros2_foxy/install/fastrtps/include/fastrtps/rtps/messages/RTPS_messages.h
[312.111s] -- Installing: /robofuzz/ros2_foxy/install/fastrtps/include/fastrtps/rtps/messages/RTPSMessageCreator.h
[312.111s] -- Installing: /robofuzz/ros2_foxy/install/fastrtps/include/fastrtps/rtps/messages/CDRMessage.h
[312.111s] -- Installing: /robofuzz/ros2_foxy/install/fastrtps/include/fastrtps/rtps/Endpoint.h
[312.112s] -- Installing: /robofuzz/ros2_foxy/install/fastrtps/include/fastrtps/rtps/security
[312.112s] -- Installing: /robofuzz/ros2_foxy/install/fastrtps/include/fastrtps/rtps/security/accesscontrol
[312.113s] -- Installing: /robofuzz/ros2_foxy/install/fastrtps/include/fastrtps/rtps/security/accesscontrol/SecurityMaskUtilities.h
[312.113s] -- Installing: /robofuzz/ros2_foxy/install/fastrtps/include/fastrtps/rtps/security/accesscontrol/ParticipantSecurityAttributes.h
[312.113s] -- Installing: /robofuzz/ros2_foxy/install/fastrtps/include/fastrtps/rtps/security/accesscontrol/AccessControl.h
[312.114s] -- Installing: /robofuzz/ros2_foxy/install/fastrtps/include/fastrtps/rtps/security/accesscontrol/EndpointSecurityAttributes.h
[312.114s] -- Installing: /robofuzz/ros2_foxy/install/fastrtps/include/fastrtps/rtps/security/exceptions
[312.114s] -- Installing: /robofuzz/ros2_foxy/install/fastrtps/include/fastrtps/rtps/security/exceptions/SecurityException.h
[312.115s] -- Installing: /robofuzz/ros2_foxy/install/fastrtps/include/fastrtps/rtps/security/common
[312.115s] -- Installing: /robofuzz/ros2_foxy/install/fastrtps/include/fastrtps/rtps/security/common/Handle.h
[312.115s] -- Installing: /robofuzz/ros2_foxy/install/fastrtps/include/fastrtps/rtps/security/common/ParticipantGenericMessage.h
[312.115s] -- Installing: /robofuzz/ros2_foxy/install/fastrtps/include/fastrtps/rtps/security/common/SharedSecretHandle.h
[312.116s] -- Installing: /robofuzz/ros2_foxy/install/fastrtps/include/fastrtps/rtps/security/authentication
[312.116s] -- Installing: /robofuzz/ros2_foxy/install/fastrtps/include/fastrtps/rtps/security/authentication/Handshake.h
[312.116s] -- Installing: /robofuzz/ros2_foxy/install/fastrtps/include/fastrtps/rtps/security/authentication/Authentication.h
[312.117s] -- Installing: /robofuzz/ros2_foxy/install/fastrtps/include/fastrtps/rtps/security/cryptography
[312.117s] -- Installing: /robofuzz/ros2_foxy/install/fastrtps/include/fastrtps/rtps/security/cryptography/CryptoTypes.h
[312.117s] -- Installing: /robofuzz/ros2_foxy/install/fastrtps/include/fastrtps/rtps/security/cryptography/CryptoKeyFactory.h
[312.117s] -- Installing: /robofuzz/ros2_foxy/install/fastrtps/include/fastrtps/rtps/security/cryptography/CryptoKeyExchange.h
[312.118s] -- Installing: /robofuzz/ros2_foxy/install/fastrtps/include/fastrtps/rtps/security/cryptography/CryptoTransform.h
[312.118s] -- Installing: /robofuzz/ros2_foxy/install/fastrtps/include/fastrtps/rtps/security/cryptography/Cryptography.h
[312.118s] -- Installing: /robofuzz/ros2_foxy/install/fastrtps/include/fastrtps/rtps/builtin
[312.118s] -- Installing: /robofuzz/ros2_foxy/install/fastrtps/include/fastrtps/rtps/builtin/data
[312.119s] -- Installing: /robofuzz/ros2_foxy/install/fastrtps/include/fastrtps/rtps/builtin/data/ReaderProxyData.h
[312.119s] -- Installing: /robofuzz/ros2_foxy/install/fastrtps/include/fastrtps/rtps/builtin/data/WriterProxyData.h
[312.120s] -- Installing: /robofuzz/ros2_foxy/install/fastrtps/include/fastrtps/rtps/builtin/data/ParticipantProxyData.h
[312.120s] -- Installing: /robofuzz/ros2_foxy/install/fastrtps/include/fastrtps/rtps/builtin/BuiltinProtocols.h
[312.120s] -- Installing: /robofuzz/ros2_foxy/install/fastrtps/include/fastrtps/rtps/builtin/liveliness
[312.120s] -- Installing: /robofuzz/ros2_foxy/install/fastrtps/include/fastrtps/rtps/builtin/liveliness/WLPListener.h
[312.121s] -- Installing: /robofuzz/ros2_foxy/install/fastrtps/include/fastrtps/rtps/builtin/liveliness/WLP.h
[312.121s] -- Installing: /robofuzz/ros2_foxy/install/fastrtps/include/fastrtps/rtps/builtin/discovery
[312.121s] -- Installing: /robofuzz/ros2_foxy/install/fastrtps/include/fastrtps/rtps/builtin/discovery/participant
[312.121s] -- Installing: /robofuzz/ros2_foxy/install/fastrtps/include/fastrtps/rtps/builtin/discovery/participant/PDPClient.h
[312.122s] -- Installing: /robofuzz/ros2_foxy/install/fastrtps/include/fastrtps/rtps/builtin/discovery/participant/PDP.h
[312.122s] -- Installing: /robofuzz/ros2_foxy/install/fastrtps/include/fastrtps/rtps/builtin/discovery/participant/timedevent
[312.122s] -- Installing: /robofuzz/ros2_foxy/install/fastrtps/include/fastrtps/rtps/builtin/discovery/participant/timedevent/DSClientEvent.h
[312.122s] -- Installing: /robofuzz/ros2_foxy/install/fastrtps/include/fastrtps/rtps/builtin/discovery/participant/timedevent/DServerEvent.h
[312.123s] -- Installing: /robofuzz/ros2_foxy/install/fastrtps/include/fastrtps/rtps/builtin/discovery/participant/PDPServer.h
[312.123s] -- Installing: /robofuzz/ros2_foxy/install/fastrtps/include/fastrtps/rtps/builtin/discovery/participant/PDPListener.h
[312.123s] -- Installing: /robofuzz/ros2_foxy/install/fastrtps/include/fastrtps/rtps/builtin/discovery/participant/PDPServerListener.h
[312.124s] -- Installing: /robofuzz/ros2_foxy/install/fastrtps/include/fastrtps/rtps/builtin/discovery/participant/PDPSimple.h
[312.124s] -- Installing: /robofuzz/ros2_foxy/install/fastrtps/include/fastrtps/rtps/builtin/discovery/endpoint
[312.124s] -- Installing: /robofuzz/ros2_foxy/install/fastrtps/include/fastrtps/rtps/builtin/discovery/endpoint/EDPSimple.h
[312.124s] -- Installing: /robofuzz/ros2_foxy/install/fastrtps/include/fastrtps/rtps/builtin/discovery/endpoint/EDPStatic.h
[312.125s] -- Installing: /robofuzz/ros2_foxy/install/fastrtps/include/fastrtps/rtps/builtin/discovery/endpoint/EDPServer.h
[312.125s] -- Installing: /robofuzz/ros2_foxy/install/fastrtps/include/fastrtps/rtps/builtin/discovery/endpoint/EDPClient.h
[312.125s] -- Installing: /robofuzz/ros2_foxy/install/fastrtps/include/fastrtps/rtps/builtin/discovery/endpoint/EDP.h
[312.125s] -- Installing: /robofuzz/ros2_foxy/install/fastrtps/include/fastrtps/rtps/rtps_fwd.h
[312.125s] -- Installing: /robofuzz/ros2_foxy/install/fastrtps/include/fastrtps/rtps/attributes
[312.126s] -- Installing: /robofuzz/ros2_foxy/install/fastrtps/include/fastrtps/rtps/attributes/EndpointAttributes.h
[312.126s] -- Installing: /robofuzz/ros2_foxy/install/fastrtps/include/fastrtps/rtps/attributes/HistoryAttributes.h
[312.126s] -- Installing: /robofuzz/ros2_foxy/install/fastrtps/include/fastrtps/rtps/attributes/RTPSParticipantAttributes.h
[312.126s] -- Installing: /robofuzz/ros2_foxy/install/fastrtps/include/fastrtps/rtps/attributes/PropertyPolicy.h
[312.127s] -- Installing: /robofuzz/ros2_foxy/install/fastrtps/include/fastrtps/rtps/attributes/RTPSParticipantAllocationAttributes.hpp
[312.127s] -- Installing: /robofuzz/ros2_foxy/install/fastrtps/include/fastrtps/rtps/attributes/WriterAttributes.h
[312.127s] -- Installing: /robofuzz/ros2_foxy/install/fastrtps/include/fastrtps/rtps/attributes/ServerAttributes.h
[312.127s] -- Installing: /robofuzz/ros2_foxy/install/fastrtps/include/fastrtps/rtps/attributes/ReaderAttributes.h
[312.128s] -- Installing: /robofuzz/ros2_foxy/install/fastrtps/include/fastrtps/rtps/flowcontrol
[312.128s] -- Installing: /robofuzz/ros2_foxy/install/fastrtps/include/fastrtps/rtps/flowcontrol/ThroughputControllerDescriptor.h
[312.128s] -- Installing: /robofuzz/ros2_foxy/install/fastrtps/include/fastrtps/xmlparser
[312.128s] -- Installing: /robofuzz/ros2_foxy/install/fastrtps/include/fastrtps/xmlparser/XMLProfileManager.h
[312.128s] -- Installing: /robofuzz/ros2_foxy/install/fastrtps/include/fastrtps/xmlparser/XMLEndpointParser.h
[312.129s] -- Installing: /robofuzz/ros2_foxy/install/fastrtps/include/fastrtps/xmlparser/XMLParser.h
[312.129s] -- Installing: /robofuzz/ros2_foxy/install/fastrtps/include/fastrtps/xmlparser/XMLParserCommon.h
[312.129s] -- Installing: /robofuzz/ros2_foxy/install/fastrtps/include/fastrtps/xmlparser/XMLTree.h
[312.129s] -- Installing: /robofuzz/ros2_foxy/install/fastrtps/include/fastrtps/fastrtps_dll.h
[312.129s] -- Installing: /robofuzz/ros2_foxy/install/fastrtps/include/fastrtps/Domain.h
[312.129s] -- Installing: /robofuzz/ros2_foxy/install/fastrtps/include/fastrtps/qos
[312.129s] -- Installing: /robofuzz/ros2_foxy/install/fastrtps/include/fastrtps/qos/ParameterTypes.h
[312.129s] -- Installing: /robofuzz/ros2_foxy/install/fastrtps/include/fastrtps/qos/WriterQos.h
[312.129s] -- Installing: /robofuzz/ros2_foxy/install/fastrtps/include/fastrtps/qos/DeadlineMissedStatus.h
[312.130s] -- Installing: /robofuzz/ros2_foxy/install/fastrtps/include/fastrtps/qos/ReaderQos.h
[312.130s] -- Installing: /robofuzz/ros2_foxy/install/fastrtps/include/fastrtps/qos/LivelinessLostStatus.h
[312.130s] -- Installing: /robofuzz/ros2_foxy/install/fastrtps/include/fastrtps/qos/LivelinessChangedStatus.h
[312.130s] -- Installing: /robofuzz/ros2_foxy/install/fastrtps/include/fastrtps/qos/QosPolicies.h
[312.130s] -- Installing: /robofuzz/ros2_foxy/install/fastrtps/include/fastrtps/qos/SampleRejectedStatus.hpp
[312.130s] -- Installing: /robofuzz/ros2_foxy/install/fastrtps/include/fastrtps/qos/IncompatibleQosStatus.hpp
[312.130s] -- Installing: /robofuzz/ros2_foxy/install/fastrtps/include/fastrtps/TopicDataType.h
[312.131s] -- Installing: /robofuzz/ros2_foxy/install/fastrtps/include/fastrtps/types
[312.131s] -- Installing: /robofuzz/ros2_foxy/install/fastrtps/include/fastrtps/types/TypeNamesGenerator.h
[312.131s] -- Installing: /robofuzz/ros2_foxy/install/fastrtps/include/fastrtps/types/AnnotationDescriptor.h
[312.131s] -- Installing: /robofuzz/ros2_foxy/install/fastrtps/include/fastrtps/types/DynamicTypeBuilderPtr.h
[312.131s] -- Installing: /robofuzz/ros2_foxy/install/fastrtps/include/fastrtps/types/AnnotationParameterValue.h
[312.131s] -- Installing: /robofuzz/ros2_foxy/install/fastrtps/include/fastrtps/types/TypeDescriptor.h
[312.131s] -- Installing: /robofuzz/ros2_foxy/install/fastrtps/include/fastrtps/types/DynamicTypeBuilder.h
[312.132s] -- Installing: /robofuzz/ros2_foxy/install/fastrtps/include/fastrtps/types/DynamicTypeBuilderFactory.h
[312.132s] -- Installing: /robofuzz/ros2_foxy/install/fastrtps/include/fastrtps/types/TypeIdentifier.h
[312.132s] -- Installing: /robofuzz/ros2_foxy/install/fastrtps/include/fastrtps/types/DynamicPubSubType.h
[312.132s] -- Installing: /robofuzz/ros2_foxy/install/fastrtps/include/fastrtps/types/DynamicData.h
[312.132s] -- Installing: /robofuzz/ros2_foxy/install/fastrtps/include/fastrtps/types/MemberDescriptor.h
[312.132s] -- Installing: /robofuzz/ros2_foxy/install/fastrtps/include/fastrtps/types/DynamicTypeMember.h
[312.133s] -- Installing: /robofuzz/ros2_foxy/install/fastrtps/include/fastrtps/types/DynamicType.h
[312.133s] -- Installing: /robofuzz/ros2_foxy/install/fastrtps/include/fastrtps/types/DynamicDataHelper.hpp
[312.133s] -- Installing: /robofuzz/ros2_foxy/install/fastrtps/include/fastrtps/types/TypeIdentifierTypes.h
[312.133s] -- Installing: /robofuzz/ros2_foxy/install/fastrtps/include/fastrtps/types/DynamicDataPtr.h
[312.133s] -- Installing: /robofuzz/ros2_foxy/install/fastrtps/include/fastrtps/types/TypesBase.h
[312.133s] -- Installing: /robofuzz/ros2_foxy/install/fastrtps/include/fastrtps/types/TypeObjectHashId.h
[312.133s] -- Installing: /robofuzz/ros2_foxy/install/fastrtps/include/fastrtps/types/TypeObject.h
[312.134s] -- Installing: /robofuzz/ros2_foxy/install/fastrtps/include/fastrtps/types/BuiltinAnnotationsTypeObject.h
[312.134s] -- Installing: /robofuzz/ros2_foxy/install/fastrtps/include/fastrtps/types/DynamicDataFactory.h
[312.134s] -- Installing: /robofuzz/ros2_foxy/install/fastrtps/include/fastrtps/types/TypeObjectFactory.h
[312.134s] -- Installing: /robofuzz/ros2_foxy/install/fastrtps/include/fastrtps/types/DynamicTypePtr.h
[312.134s] -- Installing: /robofuzz/ros2_foxy/install/fastrtps/include/fastrtps/utils
[312.134s] -- Installing: /robofuzz/ros2_foxy/install/fastrtps/include/fastrtps/utils/collections
[312.134s] -- Installing: /robofuzz/ros2_foxy/install/fastrtps/include/fastrtps/utils/collections/ResourceLimitedContainerConfig.hpp
[312.135s] -- Installing: /robofuzz/ros2_foxy/install/fastrtps/include/fastrtps/utils/collections/ResourceLimitedVector.hpp
[312.135s] -- Installing: /robofuzz/ros2_foxy/install/fastrtps/include/fastrtps/utils/collections/foonathan_memory_helpers.hpp
[312.135s] -- Installing: /robofuzz/ros2_foxy/install/fastrtps/include/fastrtps/utils/TimedConditionVariable.hpp
[312.135s] -- Installing: /robofuzz/ros2_foxy/install/fastrtps/include/fastrtps/utils/System.h
[312.135s] -- Installing: /robofuzz/ros2_foxy/install/fastrtps/include/fastrtps/utils/Semaphore.h
[312.135s] -- Installing: /robofuzz/ros2_foxy/install/fastrtps/include/fastrtps/utils/IPLocator.h
[312.135s] -- Installing: /robofuzz/ros2_foxy/install/fastrtps/include/fastrtps/utils/md5.h
[312.136s] -- Installing: /robofuzz/ros2_foxy/install/fastrtps/include/fastrtps/utils/StringMatching.h
[312.136s] -- Installing: /robofuzz/ros2_foxy/install/fastrtps/include/fastrtps/utils/TimeConversion.h
[312.136s] -- Installing: /robofuzz/ros2_foxy/install/fastrtps/include/fastrtps/utils/DBQueue.h
[312.136s] -- Installing: /robofuzz/ros2_foxy/install/fastrtps/include/fastrtps/utils/fixed_size_bitmap.hpp
[312.136s] -- Installing: /robofuzz/ros2_foxy/install/fastrtps/include/fastrtps/utils/string_convert.hpp
[312.136s] -- Installing: /robofuzz/ros2_foxy/install/fastrtps/include/fastrtps/utils/IPFinder.h
[312.136s] -- Installing: /robofuzz/ros2_foxy/install/fastrtps/include/fastrtps/utils/fixed_size_string.hpp
[312.137s] -- Installing: /robofuzz/ros2_foxy/install/fastrtps/include/fastrtps/utils/TimedMutex.hpp
[312.137s] -- Installing: /robofuzz/ros2_foxy/install/fastrtps/include/fastrtps/fastrtps_all.h
[312.137s] -- Installing: /robofuzz/ros2_foxy/install/fastrtps/include/fastrtps/eProsima_auto_link.h
[312.137s] -- Installing: /robofuzz/ros2_foxy/install/fastrtps/include/fastrtps/subscriber
[312.137s] -- Installing: /robofuzz/ros2_foxy/install/fastrtps/include/fastrtps/subscriber/SubscriberListener.h
[312.137s] -- Installing: /robofuzz/ros2_foxy/install/fastrtps/include/fastrtps/subscriber/SubscriberHistory.h
[312.138s] -- Installing: /robofuzz/ros2_foxy/install/fastrtps/include/fastrtps/subscriber/Subscriber.h
[312.138s] -- Installing: /robofuzz/ros2_foxy/install/fastrtps/include/fastrtps/subscriber/SampleInfo.h
[312.138s] -- Installing: /robofuzz/ros2_foxy/install/fastrtps/include/fastrtps/attributes
[312.138s] -- Installing: /robofuzz/ros2_foxy/install/fastrtps/include/fastrtps/attributes/ParticipantAttributes.h
[312.138s] -- Installing: /robofuzz/ros2_foxy/install/fastrtps/include/fastrtps/attributes/SubscriberAttributes.h
[312.138s] -- Installing: /robofuzz/ros2_foxy/install/fastrtps/include/fastrtps/attributes/LibrarySettingsAttributes.h
[312.138s] -- Installing: /robofuzz/ros2_foxy/install/fastrtps/include/fastrtps/attributes/TopicAttributes.h
[312.138s] -- Installing: /robofuzz/ros2_foxy/install/fastrtps/include/fastrtps/attributes/all_attributes.h
[312.139s] -- Installing: /robofuzz/ros2_foxy/install/fastrtps/include/fastrtps/attributes/PublisherAttributes.h
[312.139s] -- Installing: /robofuzz/ros2_foxy/install/fastrtps/include/fastrtps/attributes/ReplierAttributes.hpp
[312.139s] -- Installing: /robofuzz/ros2_foxy/install/fastrtps/include/fastrtps/attributes/RequesterAttributes.hpp
[312.139s] -- Installing: /robofuzz/ros2_foxy/install/fastrtps/include/fastdds
[312.139s] -- Installing: /robofuzz/ros2_foxy/install/fastrtps/include/fastdds/rtps
[312.140s] -- Installing: /robofuzz/ros2_foxy/install/fastrtps/include/fastdds/rtps/rtps_all.h
[312.140s] -- Installing: /robofuzz/ros2_foxy/install/fastrtps/include/fastdds/rtps/reader
[312.140s] -- Installing: /robofuzz/ros2_foxy/install/fastrtps/include/fastdds/rtps/reader/StatefulPersistentReader.h
[312.140s] -- Installing: /robofuzz/ros2_foxy/install/fastrtps/include/fastdds/rtps/reader/StatelessPersistentReader.h
[312.140s] -- Installing: /robofuzz/ros2_foxy/install/fastrtps/include/fastdds/rtps/reader/RTPSReader.h
[312.141s] -- Installing: /robofuzz/ros2_foxy/install/fastrtps/include/fastdds/rtps/reader/StatefulReader.h
[312.141s] -- Installing: /robofuzz/ros2_foxy/install/fastrtps/include/fastdds/rtps/reader/StatelessReader.h
[312.141s] -- Installing: /robofuzz/ros2_foxy/install/fastrtps/include/fastdds/rtps/reader/ReaderListener.h
[312.141s] -- Installing: /robofuzz/ros2_foxy/install/fastrtps/include/fastdds/rtps/reader/ReaderDiscoveryInfo.h
[312.141s] -- Installing: /robofuzz/ros2_foxy/install/fastrtps/include/fastdds/rtps/resources
[312.141s] -- Installing: /robofuzz/ros2_foxy/install/fastrtps/include/fastdds/rtps/resources/AsyncInterestTree.h
[312.141s] -- Installing: /robofuzz/ros2_foxy/install/fastrtps/include/fastdds/rtps/resources/TimedEvent.h
[312.141s] -- Installing: /robofuzz/ros2_foxy/install/fastrtps/include/fastdds/rtps/resources/ResourceEvent.h
[312.142s] -- Installing: /robofuzz/ros2_foxy/install/fastrtps/include/fastdds/rtps/resources/ResourceManagement.h
[312.142s] -- Installing: /robofuzz/ros2_foxy/install/fastrtps/include/fastdds/rtps/resources/AsyncWriterThread.h
[312.142s] -- Installing: /robofuzz/ros2_foxy/install/fastrtps/include/fastdds/rtps/RTPSDomain.h
[312.142s] -- Installing: /robofuzz/ros2_foxy/install/fastrtps/include/fastdds/rtps/transport
[312.142s] -- Installing: /robofuzz/ros2_foxy/install/fastrtps/include/fastdds/rtps/transport/TCPAcceptor.h
[312.142s] -- Installing: /robofuzz/ros2_foxy/install/fastrtps/include/fastdds/rtps/transport/UDPChannelResource.h
[312.142s] -- Installing: /robofuzz/ros2_foxy/install/fastrtps/include/fastdds/rtps/transport/ChannelResource.h
[312.142s] -- Installing: /robofuzz/ros2_foxy/install/fastrtps/include/fastdds/rtps/transport/TCPv6Transport.h
[312.143s] -- Installing: /robofuzz/ros2_foxy/install/fastrtps/include/fastdds/rtps/transport/TCPChannelResource.h
[312.143s] -- Installing: /robofuzz/ros2_foxy/install/fastrtps/include/fastdds/rtps/transport/TCPChannelResourceSecure.h
[312.143s] -- Installing: /robofuzz/ros2_foxy/install/fastrtps/include/fastdds/rtps/transport/TransportReceiverInterface.h
[312.143s] -- Installing: /robofuzz/ros2_foxy/install/fastrtps/include/fastdds/rtps/transport/UDPTransportDescriptor.h
[312.143s] -- Installing: /robofuzz/ros2_foxy/install/fastrtps/include/fastdds/rtps/transport/test_UDPv4TransportDescriptor.h
[312.143s] -- Installing: /robofuzz/ros2_foxy/install/fastrtps/include/fastdds/rtps/transport/TCPAcceptorSecure.h
[312.143s] -- Installing: /robofuzz/ros2_foxy/install/fastrtps/include/fastdds/rtps/transport/SocketTransportDescriptor.h
[312.143s] -- Installing: /robofuzz/ros2_foxy/install/fastrtps/include/fastdds/rtps/transport/TCPTransportDescriptor.h
[312.144s] -- Installing: /robofuzz/ros2_foxy/install/fastrtps/include/fastdds/rtps/transport/UDPv6TransportDescriptor.h
[312.144s] -- Installing: /robofuzz/ros2_foxy/install/fastrtps/include/fastdds/rtps/transport/TCPAcceptorBasic.h
[312.144s] -- Installing: /robofuzz/ros2_foxy/install/fastrtps/include/fastdds/rtps/transport/shared_mem
[312.144s] -- Installing: /robofuzz/ros2_foxy/install/fastrtps/include/fastdds/rtps/transport/shared_mem/SharedMemTransportDescriptor.h
[312.144s] -- Installing: /robofuzz/ros2_foxy/install/fastrtps/include/fastdds/rtps/transport/UDPv6Transport.h
[312.144s] -- Installing: /robofuzz/ros2_foxy/install/fastrtps/include/fastdds/rtps/transport/UDPv4Transport.h
[312.144s] -- Installing: /robofuzz/ros2_foxy/install/fastrtps/include/fastdds/rtps/transport/UDPTransportInterface.h
[312.145s] -- Installing: /robofuzz/ros2_foxy/install/fastrtps/include/fastdds/rtps/transport/test_UDPv4Transport.h
[312.145s] -- Installing: /robofuzz/ros2_foxy/install/fastrtps/include/fastdds/rtps/transport/TCPv6TransportDescriptor.h
[312.145s] -- Installing: /robofuzz/ros2_foxy/install/fastrtps/include/fastdds/rtps/transport/tcp
[312.145s] -- Installing: /robofuzz/ros2_foxy/install/fastrtps/include/fastdds/rtps/transport/tcp/TCPControlMessage.h
[312.145s] -- Installing: /robofuzz/ros2_foxy/install/fastrtps/include/fastdds/rtps/transport/tcp/RTCPMessageManager.h
[312.145s] -- Installing: /robofuzz/ros2_foxy/install/fastrtps/include/fastdds/rtps/transport/tcp/RTCPHeader.h
[312.145s] -- Installing: /robofuzz/ros2_foxy/install/fastrtps/include/fastdds/rtps/transport/TCPv4TransportDescriptor.h
[312.146s] -- Installing: /robofuzz/ros2_foxy/install/fastrtps/include/fastdds/rtps/transport/TCPTransportInterface.h
[312.146s] -- Installing: /robofuzz/ros2_foxy/install/fastrtps/include/fastdds/rtps/transport/TCPv4Transport.h
[312.146s] -- Installing: /robofuzz/ros2_foxy/install/fastrtps/include/fastdds/rtps/transport/UDPv4TransportDescriptor.h
[312.146s] -- Installing: /robofuzz/ros2_foxy/install/fastrtps/include/fastdds/rtps/transport/TCPChannelResourceBasic.h
[312.146s] -- Installing: /robofuzz/ros2_foxy/install/fastrtps/include/fastdds/rtps/transport/TransportInterface.h
[312.146s] -- Installing: /robofuzz/ros2_foxy/install/fastrtps/include/fastdds/rtps/transport/TransportDescriptorInterface.h
[312.146s] -- Installing: /robofuzz/ros2_foxy/install/fastrtps/include/fastdds/rtps/exceptions
[312.146s] -- Installing: /robofuzz/ros2_foxy/install/fastrtps/include/fastdds/rtps/exceptions/Exception.h
[312.147s] -- Installing: /robofuzz/ros2_foxy/install/fastrtps/include/fastdds/rtps/network
[312.147s] -- Installing: /robofuzz/ros2_foxy/install/fastrtps/include/fastdds/rtps/network/ReceiverResource.h
[312.147s] -- Installing: /robofuzz/ros2_foxy/install/fastrtps/include/fastdds/rtps/network/SenderResource.h
[312.147s] -- Installing: /robofuzz/ros2_foxy/install/fastrtps/include/fastdds/rtps/network/NetworkFactory.h
[312.147s] -- Installing: /robofuzz/ros2_foxy/install/fastrtps/include/fastdds/rtps/history
[312.147s] -- Installing: /robofuzz/ros2_foxy/install/fastrtps/include/fastdds/rtps/history/WriterHistory.h
[312.147s] -- Installing: /robofuzz/ros2_foxy/install/fastrtps/include/fastdds/rtps/history/ReaderHistory.h
[312.147s] -- Installing: /robofuzz/ros2_foxy/install/fastrtps/include/fastdds/rtps/history/History.h
[312.148s] -- Installing: /robofuzz/ros2_foxy/install/fastrtps/include/fastdds/rtps/history/IPayloadPool.h
[312.148s] -- Installing: /robofuzz/ros2_foxy/install/fastrtps/include/fastdds/rtps/history/IChangePool.h
[312.148s] -- Installing: /robofuzz/ros2_foxy/install/fastrtps/include/fastdds/rtps/common
[312.148s] -- Installing: /robofuzz/ros2_foxy/install/fastrtps/include/fastdds/rtps/common/WriteParams.h
[312.148s] -- Installing: /robofuzz/ros2_foxy/install/fastrtps/include/fastdds/rtps/common/RemoteLocators.hpp
[312.148s] -- Installing: /robofuzz/ros2_foxy/install/fastrtps/include/fastdds/rtps/common/VendorId_t.hpp
[312.148s] -- Installing: /robofuzz/ros2_foxy/install/fastrtps/include/fastdds/rtps/common/GuidPrefix_t.hpp
[312.149s] -- Installing: /robofuzz/ros2_foxy/install/fastrtps/include/fastdds/rtps/common/Time_t.h
[312.149s] -- Installing: /robofuzz/ros2_foxy/install/fastrtps/include/fastdds/rtps/common/InstanceHandle.h
[312.149s] -- Installing: /robofuzz/ros2_foxy/install/fastrtps/include/fastdds/rtps/common/Token.h
[312.149s] -- Installing: /robofuzz/ros2_foxy/install/fastrtps/include/fastdds/rtps/common/LocatorSelector.hpp
[312.149s] -- Installing: /robofuzz/ros2_foxy/install/fastrtps/include/fastdds/rtps/common/LocatorListComparisons.hpp
[312.149s] -- Installing: /robofuzz/ros2_foxy/install/fastrtps/include/fastdds/rtps/common/MatchingInfo.h
[312.149s] -- Installing: /robofuzz/ros2_foxy/install/fastrtps/include/fastdds/rtps/common/LocatorSelectorEntry.hpp
[312.150s] -- Installing: /robofuzz/ros2_foxy/install/fastrtps/include/fastdds/rtps/common/Types.h
[312.150s] -- Installing: /robofuzz/ros2_foxy/install/fastrtps/include/fastdds/rtps/common/SequenceNumber.h
[312.150s] -- Installing: /robofuzz/ros2_foxy/install/fastrtps/include/fastdds/rtps/common/all_common.h
[312.150s] -- Installing: /robofuzz/ros2_foxy/install/fastrtps/include/fastdds/rtps/common/SerializedPayload.h
[312.150s] -- Installing: /robofuzz/ros2_foxy/install/fastrtps/include/fastdds/rtps/common/PortParameters.h
[312.150s] -- Installing: /robofuzz/ros2_foxy/install/fastrtps/include/fastdds/rtps/common/Guid.h
[312.150s] -- Installing: /robofuzz/ros2_foxy/install/fastrtps/include/fastdds/rtps/common/BinaryProperty.h
[312.150s] -- Installing: /robofuzz/ros2_foxy/install/fastrtps/include/fastdds/rtps/common/ChangeKind_t.hpp
[312.151s] -- Installing: /robofuzz/ros2_foxy/install/fastrtps/include/fastdds/rtps/common/CDRMessage_t.h
[312.151s] -- Installing: /robofuzz/ros2_foxy/install/fastrtps/include/fastdds/rtps/common/FragmentNumber.h
[312.151s] -- Installing: /robofuzz/ros2_foxy/install/fastrtps/include/fastdds/rtps/common/EntityId_t.hpp
[312.151s] -- Installing: /robofuzz/ros2_foxy/install/fastrtps/include/fastdds/rtps/common/Property.h
[312.151s] -- Installing: /robofuzz/ros2_foxy/install/fastrtps/include/fastdds/rtps/common/Locator.h
[312.152s] -- Installing: /robofuzz/ros2_foxy/install/fastrtps/include/fastdds/rtps/common/CacheChange.h
[312.152s] -- Installing: /robofuzz/ros2_foxy/install/fastrtps/include/fastdds/rtps/common/SampleIdentity.h
[312.152s] -- Installing: /robofuzz/ros2_foxy/install/fastrtps/include/fastdds/rtps/writer
[312.152s] -- Installing: /robofuzz/ros2_foxy/install/fastrtps/include/fastdds/rtps/writer/WriterListener.h
[312.152s] -- Installing: /robofuzz/ros2_foxy/install/fastrtps/include/fastdds/rtps/writer/StatefulWriter.h
[312.152s] -- Installing: /robofuzz/ros2_foxy/install/fastrtps/include/fastdds/rtps/writer/LivelinessManager.h
[312.152s] -- Installing: /robofuzz/ros2_foxy/install/fastrtps/include/fastdds/rtps/writer/RTPSWriter.h
[312.152s] -- Installing: /robofuzz/ros2_foxy/install/fastrtps/include/fastdds/rtps/writer/IReaderDataFilter.hpp
[312.153s] -- Installing: /robofuzz/ros2_foxy/install/fastrtps/include/fastdds/rtps/writer/StatelessPersistentWriter.h
[312.153s] -- Installing: /robofuzz/ros2_foxy/install/fastrtps/include/fastdds/rtps/writer/StatefulPersistentWriter.h
[312.153s] -- Installing: /robofuzz/ros2_foxy/install/fastrtps/include/fastdds/rtps/writer/LivelinessData.h
[312.153s] -- Installing: /robofuzz/ros2_foxy/install/fastrtps/include/fastdds/rtps/writer/ChangeForReader.h
[312.153s] -- Installing: /robofuzz/ros2_foxy/install/fastrtps/include/fastdds/rtps/writer/PersistentWriter.h
[312.153s] -- Installing: /robofuzz/ros2_foxy/install/fastrtps/include/fastdds/rtps/writer/WriterDiscoveryInfo.h
[312.153s] -- Installing: /robofuzz/ros2_foxy/install/fastrtps/include/fastdds/rtps/writer/StatelessWriter.h
[312.153s] -- Installing: /robofuzz/ros2_foxy/install/fastrtps/include/fastdds/rtps/writer/ReaderLocator.h
[312.154s] -- Installing: /robofuzz/ros2_foxy/install/fastrtps/include/fastdds/rtps/writer/ReaderProxy.h
[312.154s] -- Installing: /robofuzz/ros2_foxy/install/fastrtps/include/fastdds/rtps/participant
[312.154s] -- Installing: /robofuzz/ros2_foxy/install/fastrtps/include/fastdds/rtps/participant/RTPSParticipant.h
[312.154s] -- Installing: /robofuzz/ros2_foxy/install/fastrtps/include/fastdds/rtps/participant/ParticipantDiscoveryInfo.h
[312.154s] -- Installing: /robofuzz/ros2_foxy/install/fastrtps/include/fastdds/rtps/participant/RTPSParticipantListener.h
[312.154s] -- Installing: /robofuzz/ros2_foxy/install/fastrtps/include/fastdds/rtps/messages
[312.154s] -- Installing: /robofuzz/ros2_foxy/install/fastrtps/include/fastdds/rtps/messages/RTPSMessageSenderInterface.hpp
[312.154s] -- Installing: /robofuzz/ros2_foxy/install/fastrtps/include/fastdds/rtps/messages/MessageReceiver.h
[312.155s] -- Installing: /robofuzz/ros2_foxy/install/fastrtps/include/fastdds/rtps/messages/RTPSMessageGroup.h
[312.155s] -- Installing: /robofuzz/ros2_foxy/install/fastrtps/include/fastdds/rtps/messages/RTPS_messages.h
[312.155s] -- Installing: /robofuzz/ros2_foxy/install/fastrtps/include/fastdds/rtps/messages/CDRMessage.hpp
[312.155s] -- Installing: /robofuzz/ros2_foxy/install/fastrtps/include/fastdds/rtps/messages/RTPSMessageCreator.h
[312.155s] -- Installing: /robofuzz/ros2_foxy/install/fastrtps/include/fastdds/rtps/messages/CDRMessage.h
[312.155s] -- Installing: /robofuzz/ros2_foxy/install/fastrtps/include/fastdds/rtps/Endpoint.h
[312.155s] -- Installing: /robofuzz/ros2_foxy/install/fastrtps/include/fastdds/rtps/security
[312.156s] -- Installing: /robofuzz/ros2_foxy/install/fastrtps/include/fastdds/rtps/security/accesscontrol
[312.156s] -- Installing: /robofuzz/ros2_foxy/install/fastrtps/include/fastdds/rtps/security/accesscontrol/SecurityMaskUtilities.h
[312.156s] -- Installing: /robofuzz/ros2_foxy/install/fastrtps/include/fastdds/rtps/security/accesscontrol/ParticipantSecurityAttributes.h
[312.156s] -- Installing: /robofuzz/ros2_foxy/install/fastrtps/include/fastdds/rtps/security/accesscontrol/AccessControl.h
[312.156s] -- Installing: /robofuzz/ros2_foxy/install/fastrtps/include/fastdds/rtps/security/accesscontrol/EndpointSecurityAttributes.h
[312.156s] -- Installing: /robofuzz/ros2_foxy/install/fastrtps/include/fastdds/rtps/security/exceptions
[312.156s] -- Installing: /robofuzz/ros2_foxy/install/fastrtps/include/fastdds/rtps/security/exceptions/SecurityException.h
[312.156s] -- Installing: /robofuzz/ros2_foxy/install/fastrtps/include/fastdds/rtps/security/common
[312.157s] -- Installing: /robofuzz/ros2_foxy/install/fastrtps/include/fastdds/rtps/security/common/Handle.h
[312.157s] -- Installing: /robofuzz/ros2_foxy/install/fastrtps/include/fastdds/rtps/security/common/ParticipantGenericMessage.h
[312.157s] -- Installing: /robofuzz/ros2_foxy/install/fastrtps/include/fastdds/rtps/security/common/SharedSecretHandle.h
[312.157s] -- Installing: /robofuzz/ros2_foxy/install/fastrtps/include/fastdds/rtps/security/authentication
[312.157s] -- Installing: /robofuzz/ros2_foxy/install/fastrtps/include/fastdds/rtps/security/authentication/Handshake.h
[312.157s] -- Installing: /robofuzz/ros2_foxy/install/fastrtps/include/fastdds/rtps/security/authentication/Authentication.h
[312.157s] -- Installing: /robofuzz/ros2_foxy/install/fastrtps/include/fastdds/rtps/security/cryptography
[312.157s] -- Installing: /robofuzz/ros2_foxy/install/fastrtps/include/fastdds/rtps/security/cryptography/CryptoTypes.h
[312.157s] -- Installing: /robofuzz/ros2_foxy/install/fastrtps/include/fastdds/rtps/security/cryptography/CryptoKeyFactory.h
[312.158s] -- Installing: /robofuzz/ros2_foxy/install/fastrtps/include/fastdds/rtps/security/cryptography/CryptoKeyExchange.h
[312.158s] -- Installing: /robofuzz/ros2_foxy/install/fastrtps/include/fastdds/rtps/security/cryptography/CryptoTransform.h
[312.158s] -- Installing: /robofuzz/ros2_foxy/install/fastrtps/include/fastdds/rtps/security/cryptography/Cryptography.h
[312.158s] -- Installing: /robofuzz/ros2_foxy/install/fastrtps/include/fastdds/rtps/security/logging
[312.158s] -- Installing: /robofuzz/ros2_foxy/install/fastrtps/include/fastdds/rtps/security/logging/NameValuePair.h
[312.158s] -- Installing: /robofuzz/ros2_foxy/install/fastrtps/include/fastdds/rtps/security/logging/Logging.h
[312.158s] -- Installing: /robofuzz/ros2_foxy/install/fastrtps/include/fastdds/rtps/security/logging/LogOptions.h
[312.158s] -- Installing: /robofuzz/ros2_foxy/install/fastrtps/include/fastdds/rtps/security/logging/LoggingLevel.h
[312.159s] -- Installing: /robofuzz/ros2_foxy/install/fastrtps/include/fastdds/rtps/security/logging/BuiltinLoggingType.h
[312.159s] -- Installing: /robofuzz/ros2_foxy/install/fastrtps/include/fastdds/rtps/builtin
[312.159s] -- Installing: /robofuzz/ros2_foxy/install/fastrtps/include/fastdds/rtps/builtin/data
[312.159s] -- Installing: /robofuzz/ros2_foxy/install/fastrtps/include/fastdds/rtps/builtin/data/ReaderProxyData.h
[312.159s] -- Installing: /robofuzz/ros2_foxy/install/fastrtps/include/fastdds/rtps/builtin/data/WriterProxyData.h
[312.159s] -- Installing: /robofuzz/ros2_foxy/install/fastrtps/include/fastdds/rtps/builtin/data/ParticipantProxyData.h
[312.159s] -- Installing: /robofuzz/ros2_foxy/install/fastrtps/include/fastdds/rtps/builtin/BuiltinProtocols.h
[312.159s] -- Installing: /robofuzz/ros2_foxy/install/fastrtps/include/fastdds/rtps/builtin/liveliness
[312.159s] -- Installing: /robofuzz/ros2_foxy/install/fastrtps/include/fastdds/rtps/builtin/liveliness/WLPListener.h
[312.160s] -- Installing: /robofuzz/ros2_foxy/install/fastrtps/include/fastdds/rtps/builtin/liveliness/WLP.h
[312.160s] -- Installing: /robofuzz/ros2_foxy/install/fastrtps/include/fastdds/rtps/builtin/discovery
[312.160s] -- Installing: /robofuzz/ros2_foxy/install/fastrtps/include/fastdds/rtps/builtin/discovery/participant
[312.160s] -- Installing: /robofuzz/ros2_foxy/install/fastrtps/include/fastdds/rtps/builtin/discovery/participant/PDPClient.h
[312.160s] -- Installing: /robofuzz/ros2_foxy/install/fastrtps/include/fastdds/rtps/builtin/discovery/participant/PDP.h
[312.160s] -- Installing: /robofuzz/ros2_foxy/install/fastrtps/include/fastdds/rtps/builtin/discovery/participant/timedevent
[312.161s] -- Installing: /robofuzz/ros2_foxy/install/fastrtps/include/fastdds/rtps/builtin/discovery/participant/timedevent/DSClientEvent.h
[312.161s] -- Installing: /robofuzz/ros2_foxy/install/fastrtps/include/fastdds/rtps/builtin/discovery/participant/timedevent/DServerEvent.h
[312.161s] -- Installing: /robofuzz/ros2_foxy/install/fastrtps/include/fastdds/rtps/builtin/discovery/participant/PDPServer.h
[312.161s] -- Installing: /robofuzz/ros2_foxy/install/fastrtps/include/fastdds/rtps/builtin/discovery/participant/PDPListener.h
[312.161s] -- Installing: /robofuzz/ros2_foxy/install/fastrtps/include/fastdds/rtps/builtin/discovery/participant/PDPServerListener.h
[312.161s] -- Installing: /robofuzz/ros2_foxy/install/fastrtps/include/fastdds/rtps/builtin/discovery/participant/PDPSimple.h
[312.161s] -- Installing: /robofuzz/ros2_foxy/install/fastrtps/include/fastdds/rtps/builtin/discovery/endpoint
[312.161s] -- Installing: /robofuzz/ros2_foxy/install/fastrtps/include/fastdds/rtps/builtin/discovery/endpoint/EDPSimple.h
[312.161s] -- Installing: /robofuzz/ros2_foxy/install/fastrtps/include/fastdds/rtps/builtin/discovery/endpoint/EDPStatic.h
[312.162s] -- Installing: /robofuzz/ros2_foxy/install/fastrtps/include/fastdds/rtps/builtin/discovery/endpoint/EDPServer.h
[312.162s] -- Installing: /robofuzz/ros2_foxy/install/fastrtps/include/fastdds/rtps/builtin/discovery/endpoint/EDPClient.h
[312.162s] -- Installing: /robofuzz/ros2_foxy/install/fastrtps/include/fastdds/rtps/builtin/discovery/endpoint/EDP.h
[312.162s] -- Installing: /robofuzz/ros2_foxy/install/fastrtps/include/fastdds/rtps/rtps_fwd.h
[312.162s] -- Installing: /robofuzz/ros2_foxy/install/fastrtps/include/fastdds/rtps/attributes
[312.162s] -- Installing: /robofuzz/ros2_foxy/install/fastrtps/include/fastdds/rtps/attributes/EndpointAttributes.h
[312.162s] -- Installing: /robofuzz/ros2_foxy/install/fastrtps/include/fastdds/rtps/attributes/HistoryAttributes.h
[312.163s] -- Installing: /robofuzz/ros2_foxy/install/fastrtps/include/fastdds/rtps/attributes/RTPSParticipantAttributes.h
[312.163s] -- Installing: /robofuzz/ros2_foxy/install/fastrtps/include/fastdds/rtps/attributes/PropertyPolicy.h
[312.163s] -- Installing: /robofuzz/ros2_foxy/install/fastrtps/include/fastdds/rtps/attributes/RTPSParticipantAllocationAttributes.hpp
[312.163s] -- Installing: /robofuzz/ros2_foxy/install/fastrtps/include/fastdds/rtps/attributes/WriterAttributes.h
[312.163s] -- Installing: /robofuzz/ros2_foxy/install/fastrtps/include/fastdds/rtps/attributes/ServerAttributes.h
[312.163s] -- Installing: /robofuzz/ros2_foxy/install/fastrtps/include/fastdds/rtps/attributes/ReaderAttributes.h
[312.163s] -- Installing: /robofuzz/ros2_foxy/install/fastrtps/include/fastdds/rtps/flowcontrol
[312.163s] -- Installing: /robofuzz/ros2_foxy/install/fastrtps/include/fastdds/rtps/flowcontrol/ThroughputControllerDescriptor.h
[312.163s] -- Installing: /robofuzz/ros2_foxy/install/fastrtps/include/fastdds/dds
[312.164s] -- Installing: /robofuzz/ros2_foxy/install/fastrtps/include/fastdds/dds/domain
[312.164s] -- Installing: /robofuzz/ros2_foxy/install/fastrtps/include/fastdds/dds/domain/DomainParticipantListener.hpp
[312.164s] -- Installing: /robofuzz/ros2_foxy/install/fastrtps/include/fastdds/dds/domain/DomainParticipant.hpp
[312.164s] -- Installing: /robofuzz/ros2_foxy/install/fastrtps/include/fastdds/dds/domain/qos
[312.164s] -- Installing: /robofuzz/ros2_foxy/install/fastrtps/include/fastdds/dds/domain/qos/DomainParticipantQos.hpp
[312.164s] -- Installing: /robofuzz/ros2_foxy/install/fastrtps/include/fastdds/dds/domain/qos/DomainParticipantFactoryQos.hpp
[312.164s] -- Installing: /robofuzz/ros2_foxy/install/fastrtps/include/fastdds/dds/domain/DomainParticipantFactory.hpp
[312.165s] -- Installing: /robofuzz/ros2_foxy/install/fastrtps/include/fastdds/dds/core
[312.165s] -- Installing: /robofuzz/ros2_foxy/install/fastrtps/include/fastdds/dds/core/status
[312.165s] -- Installing: /robofuzz/ros2_foxy/install/fastrtps/include/fastdds/dds/core/status/BaseStatus.hpp
[312.165s] -- Installing: /robofuzz/ros2_foxy/install/fastrtps/include/fastdds/dds/core/status/MatchedStatus.hpp
[312.165s] -- Installing: /robofuzz/ros2_foxy/install/fastrtps/include/fastdds/dds/core/status/LivelinessChangedStatus.hpp
[312.165s] -- Installing: /robofuzz/ros2_foxy/install/fastrtps/include/fastdds/dds/core/status/StatusMask.hpp
[312.165s] -- Installing: /robofuzz/ros2_foxy/install/fastrtps/include/fastdds/dds/core/status/SubscriptionMatchedStatus.hpp
[312.165s] -- Installing: /robofuzz/ros2_foxy/install/fastrtps/include/fastdds/dds/core/status/DeadlineMissedStatus.hpp
[312.165s] -- Installing: /robofuzz/ros2_foxy/install/fastrtps/include/fastdds/dds/core/status/PublicationMatchedStatus.hpp
[312.165s] -- Installing: /robofuzz/ros2_foxy/install/fastrtps/include/fastdds/dds/core/status/SampleRejectedStatus.hpp
[312.166s] -- Installing: /robofuzz/ros2_foxy/install/fastrtps/include/fastdds/dds/core/status/IncompatibleQosStatus.hpp
[312.166s] -- Installing: /robofuzz/ros2_foxy/install/fastrtps/include/fastdds/dds/core/policy
[312.166s] -- Installing: /robofuzz/ros2_foxy/install/fastrtps/include/fastdds/dds/core/policy/ReaderDataLifecycleQosPolicy.hpp
[312.166s] -- Installing: /robofuzz/ros2_foxy/install/fastrtps/include/fastdds/dds/core/policy/WriterDataLifecycleQosPolicy.hpp
[312.166s] -- Installing: /robofuzz/ros2_foxy/install/fastrtps/include/fastdds/dds/core/policy/QosPolicies.hpp
[312.166s] -- Installing: /robofuzz/ros2_foxy/install/fastrtps/include/fastdds/dds/core/policy/ParameterTypes.hpp
[312.166s] -- Installing: /robofuzz/ros2_foxy/install/fastrtps/include/fastdds/dds/core/Entity.hpp
[312.166s] -- Installing: /robofuzz/ros2_foxy/install/fastrtps/include/fastdds/dds/log
[312.166s] -- Installing: /robofuzz/ros2_foxy/install/fastrtps/include/fastdds/dds/log/StdoutErrConsumer.hpp
[312.167s] -- Installing: /robofuzz/ros2_foxy/install/fastrtps/include/fastdds/dds/log/Colors.hpp
[312.167s] -- Installing: /robofuzz/ros2_foxy/install/fastrtps/include/fastdds/dds/log/Log.hpp
[312.167s] -- Installing: /robofuzz/ros2_foxy/install/fastrtps/include/fastdds/dds/log/StdoutConsumer.hpp
[312.167s] -- Installing: /robofuzz/ros2_foxy/install/fastrtps/include/fastdds/dds/log/OStreamConsumer.hpp
[312.167s] -- Installing: /robofuzz/ros2_foxy/install/fastrtps/include/fastdds/dds/log/FileConsumer.hpp
[312.167s] -- Installing: /robofuzz/ros2_foxy/install/fastrtps/include/fastdds/dds/publisher
[312.167s] -- Installing: /robofuzz/ros2_foxy/install/fastrtps/include/fastdds/dds/publisher/DataWriter.hpp
[312.167s] -- Installing: /robofuzz/ros2_foxy/install/fastrtps/include/fastdds/dds/publisher/DataWriterListener.hpp
[312.168s] -- Installing: /robofuzz/ros2_foxy/install/fastrtps/include/fastdds/dds/publisher/PublisherListener.hpp
[312.168s] -- Installing: /robofuzz/ros2_foxy/install/fastrtps/include/fastdds/dds/publisher/qos
[312.168s] -- Installing: /robofuzz/ros2_foxy/install/fastrtps/include/fastdds/dds/publisher/qos/WriterQos.hpp
[312.168s] -- Installing: /robofuzz/ros2_foxy/install/fastrtps/include/fastdds/dds/publisher/qos/PublisherQos.hpp
[312.168s] -- Installing: /robofuzz/ros2_foxy/install/fastrtps/include/fastdds/dds/publisher/qos/DataWriterQos.hpp
[312.168s] -- Installing: /robofuzz/ros2_foxy/install/fastrtps/include/fastdds/dds/publisher/Publisher.hpp
[312.168s] -- Installing: /robofuzz/ros2_foxy/install/fastrtps/include/fastdds/dds/topic
[312.168s] -- Installing: /robofuzz/ros2_foxy/install/fastrtps/include/fastdds/dds/topic/Topic.hpp
[312.168s] -- Installing: /robofuzz/ros2_foxy/install/fastrtps/include/fastdds/dds/topic/TopicDataType.hpp
[312.168s] -- Installing: /robofuzz/ros2_foxy/install/fastrtps/include/fastdds/dds/topic/TopicListener.hpp
[312.169s] -- Installing: /robofuzz/ros2_foxy/install/fastrtps/include/fastdds/dds/topic/TopicDescription.hpp
[312.169s] -- Installing: /robofuzz/ros2_foxy/install/fastrtps/include/fastdds/dds/topic/qos
[312.169s] -- Installing: /robofuzz/ros2_foxy/install/fastrtps/include/fastdds/dds/topic/qos/TopicQos.hpp
[312.169s] -- Installing: /robofuzz/ros2_foxy/install/fastrtps/include/fastdds/dds/topic/TypeSupport.hpp
[312.169s] -- Installing: /robofuzz/ros2_foxy/install/fastrtps/include/fastdds/dds/builtin
[312.169s] -- Installing: /robofuzz/ros2_foxy/install/fastrtps/include/fastdds/dds/builtin/typelookup
[312.169s] -- Installing: /robofuzz/ros2_foxy/install/fastrtps/include/fastdds/dds/builtin/typelookup/TypeLookupRequestListener.hpp
[312.170s] -- Installing: /robofuzz/ros2_foxy/install/fastrtps/include/fastdds/dds/builtin/typelookup/common
[312.170s] -- Installing: /robofuzz/ros2_foxy/install/fastrtps/include/fastdds/dds/builtin/typelookup/common/TypeLookupTypes.hpp
[312.170s] -- Installing: /robofuzz/ros2_foxy/install/fastrtps/include/fastdds/dds/builtin/typelookup/TypeLookupReplyListener.hpp
[312.170s] -- Installing: /robofuzz/ros2_foxy/install/fastrtps/include/fastdds/dds/builtin/typelookup/TypeLookupManager.hpp
[312.170s] -- Installing: /robofuzz/ros2_foxy/install/fastrtps/include/fastdds/dds/builtin/common
[312.170s] -- Installing: /robofuzz/ros2_foxy/install/fastrtps/include/fastdds/dds/builtin/common/Types.hpp
[312.170s] -- Installing: /robofuzz/ros2_foxy/install/fastrtps/include/fastdds/dds/builtin/common/RequestHeader.hpp
[312.170s] -- Installing: /robofuzz/ros2_foxy/install/fastrtps/include/fastdds/dds/builtin/common/ReplyHeader.hpp
[312.170s] -- Installing: /robofuzz/ros2_foxy/install/fastrtps/include/fastdds/dds/subscriber
[312.170s] -- Installing: /robofuzz/ros2_foxy/install/fastrtps/include/fastdds/dds/subscriber/DataReader.hpp
[312.171s] -- Installing: /robofuzz/ros2_foxy/install/fastrtps/include/fastdds/dds/subscriber/Subscriber.hpp
[312.171s] -- Installing: /robofuzz/ros2_foxy/install/fastrtps/include/fastdds/dds/subscriber/SubscriberListener.hpp
[312.171s] -- Installing: /robofuzz/ros2_foxy/install/fastrtps/include/fastdds/dds/subscriber/qos
[312.171s] -- Installing: /robofuzz/ros2_foxy/install/fastrtps/include/fastdds/dds/subscriber/qos/ReaderQos.hpp
[312.171s] -- Installing: /robofuzz/ros2_foxy/install/fastrtps/include/fastdds/dds/subscriber/qos/SubscriberQos.hpp
[312.171s] -- Installing: /robofuzz/ros2_foxy/install/fastrtps/include/fastdds/dds/subscriber/qos/DataReaderQos.hpp
[312.171s] -- Installing: /robofuzz/ros2_foxy/install/fastrtps/include/fastdds/dds/subscriber/DataReaderListener.hpp
[312.171s] -- Installing: /robofuzz/ros2_foxy/install/fastrtps/include/fastdds/dds/subscriber/SampleInfo.hpp
[312.172s] -- Installing: /robofuzz/ros2_foxy/install/fastrtps/include/fastrtps/config.h
[312.172s] -- Installing: /robofuzz/ros2_foxy/install/fastrtps/lib/libfastrtps.so.2.1.2
[312.182s] -- Installing: /robofuzz/ros2_foxy/install/fastrtps/lib/libfastrtps.so.2
[312.182s] -- Set runtime path of "/robofuzz/ros2_foxy/install/fastrtps/lib/libfastrtps.so.2.1.2" to ""
[312.183s] -- Installing: /robofuzz/ros2_foxy/install/fastrtps/lib/libfastrtps.so
[312.183s] -- Installing: /robofuzz/ros2_foxy/install/fastrtps/share/fastrtps/cmake/fastrtps-targets.cmake
[312.183s] -- Installing: /robofuzz/ros2_foxy/install/fastrtps/share/fastrtps/cmake/fastrtps-targets-release.cmake
[312.183s] -- Installing: /robofuzz/ros2_foxy/install/fastrtps/share/fastrtps/cmake/fastrtps-config.cmake
[312.183s] -- Installing: /robofuzz/ros2_foxy/install/fastrtps/share/fastrtps/cmake/fastrtps-config-version.cmake
[312.184s] -- Installing: /robofuzz/ros2_foxy/install/fastrtps/bin/fast-discovery-server-1.0.0
[312.184s] -- Set runtime path of "/robofuzz/ros2_foxy/install/fastrtps/bin/fast-discovery-server-1.0.0" to ""
[312.185s] -- Installing: /robofuzz/ros2_foxy/install/fastrtps/share/fastrtps/cmake/fast-discovery-server-targets.cmake
[312.185s] -- Installing: /robofuzz/ros2_foxy/install/fastrtps/share/fastrtps/cmake/fast-discovery-server-targets-release.cmake
[312.191s] -- Installing: /robofuzz/ros2_foxy/install/fastrtps/tools/fastdds
[312.191s] -- Installing: /robofuzz/ros2_foxy/install/fastrtps/tools/fastdds/shm
[312.191s] -- Installing: /robofuzz/ros2_foxy/install/fastrtps/tools/fastdds/shm/parser.py
[312.191s] -- Installing: /robofuzz/ros2_foxy/install/fastrtps/tools/fastdds/shm/clean.py
[312.192s] -- Installing: /robofuzz/ros2_foxy/install/fastrtps/tools/fastdds/fastdds.py
[312.192s] -- Installing: /robofuzz/ros2_foxy/install/fastrtps/tools/fastdds/discovery
[312.192s] -- Installing: /robofuzz/ros2_foxy/install/fastrtps/tools/fastdds/discovery/parser.py
[312.193s] -- Up-to-date: /robofuzz/ros2_foxy/install/fastrtps/bin
[312.193s] -- Installing: /robofuzz/ros2_foxy/install/fastrtps/bin/fastdds
[312.193s] -- Installing: /robofuzz/ros2_foxy/install/fastrtps/bin/ros-discovery
[312.197s] Invoked command in '/robofuzz/ros2_foxy/build/fastrtps' returned '0': CMAKE_PREFIX_PATH=/robofuzz/ros2_foxy/install/foonathan_memory_vendor:/robofuzz/ros2_foxy/install/fastcdr:${CMAKE_PREFIX_PATH} LD_LIBRARY_PATH=/robofuzz/ros2_foxy/install/fastcdr/lib:${LD_LIBRARY_PATH} PKG_CONFIG_PATH=/robofuzz/ros2_foxy/install/foonathan_memory_vendor/lib/x86_64-linux-gnu/pkgconfig:/robofuzz/ros2_foxy/install/foonathan_memory_vendor/lib/pkgconfig /usr/bin/cmake --install /robofuzz/ros2_foxy/build/fastrtps
