[0.701s] Invoking command in '/robofuzz/ros2_foxy/build/fastcdr': /usr/bin/cmake --build /robofuzz/ros2_foxy/build/fastcdr -- -j12 -l12
[1.644s] [100%] Built target fastcdr
[1.652s] Invoked command in '/robofuzz/ros2_foxy/build/fastcdr' returned '0': /usr/bin/cmake --build /robofuzz/ros2_foxy/build/fastcdr -- -j12 -l12
[1.725s] Invoking command in '/robofuzz/ros2_foxy/build/fastcdr': /usr/bin/cmake --install /robofuzz/ros2_foxy/build/fastcdr
[1.755s] -- Install configuration: "Release"
[1.756s] -- Up-to-date: /robofuzz/ros2_foxy/install/fastcdr/share/fastcdr/LICENSE
[1.757s] -- Up-to-date: /robofuzz/ros2_foxy/install/fastcdr/include/fastcdr
[1.761s] -- Up-to-date: /robofuzz/ros2_foxy/install/fastcdr/include/fastcdr/exceptions
[1.762s] -- Up-to-date: /robofuzz/ros2_foxy/install/fastcdr/include/fastcdr/exceptions/Exception.h
[1.763s] -- Up-to-date: /robofuzz/ros2_foxy/install/fastcdr/include/fastcdr/exceptions/NotEnoughMemoryException.h
[1.764s] -- Up-to-date: /robofuzz/ros2_foxy/install/fastcdr/include/fastcdr/exceptions/BadParamException.h
[1.764s] -- Up-to-date: /robofuzz/ros2_foxy/install/fastcdr/include/fastcdr/FastCdr.h
[1.765s] -- Up-to-date: /robofuzz/ros2_foxy/install/fastcdr/include/fastcdr/fastcdr_dll.h
[1.765s] -- Up-to-date: /robofuzz/ros2_foxy/install/fastcdr/include/fastcdr/Cdr.h
[1.770s] -- Up-to-date: /robofuzz/ros2_foxy/install/fastcdr/include/fastcdr/eProsima_auto_link.h
[1.771s] -- Up-to-date: /robofuzz/ros2_foxy/install/fastcdr/include/fastcdr/FastBuffer.h
[1.772s] -- Up-to-date: /robofuzz/ros2_foxy/install/fastcdr/include/fastcdr/config.h
[1.774s] -- Up-to-date: /robofuzz/ros2_foxy/install/fastcdr/lib/libfastcdr.so.1.0.13
[1.775s] -- Up-to-date: /robofuzz/ros2_foxy/install/fastcdr/lib/libfastcdr.so.1
[1.776s] -- Up-to-date: /robofuzz/ros2_foxy/install/fastcdr/lib/libfastcdr.so
[1.777s] -- Up-to-date: /robofuzz/ros2_foxy/install/fastcdr/lib/cmake/fastcdr/fastcdr-targets.cmake
[1.777s] -- Up-to-date: /robofuzz/ros2_foxy/install/fastcdr/lib/cmake/fastcdr/fastcdr-targets-release.cmake
[1.777s] -- Up-to-date: /robofuzz/ros2_foxy/install/fastcdr/lib/cmake/fastcdr/fastcdr-config.cmake
[1.778s] -- Up-to-date: /robofuzz/ros2_foxy/install/fastcdr/lib/cmake/fastcdr/fastcdr-config-version.cmake
[1.934s] Invoked command in '/robofuzz/ros2_foxy/build/fastcdr' returned '0': /usr/bin/cmake --install /robofuzz/ros2_foxy/build/fastcdr
