-- The C compiler identification is GNU 9.4.0
-- The CXX compiler identification is GNU 9.4.0
-- Check for working C compiler: /usr/bin/cc
-- Check for working C compiler: /usr/bin/cc -- works
-- Detecting C compiler ABI info
-- Detecting C compiler ABI info - done
-- Detecting C compile features
-- Detecting C compile features - done
-- Check for working CXX compiler: /usr/bin/c++
-- Check for working CXX compiler: /usr/bin/c++ -- works
-- Detecting CXX compiler ABI info
-- Detecting CXX compiler ABI info - done
-- Detecting CXX compile features
-- Detecting CXX compile features - done
-- Found ament_cmake: 0.9.10 (/robofuzz/ros2_foxy/install/ament_cmake/share/ament_cmake/cmake)
-- Found PythonInterp: /usr/bin/python3 (found suitable version "3.8.10", minimum required is "3") 
-- Using PYTHON_EXECUTABLE: /usr/bin/python3
-- Override CMake install command with custom implementation using symlinks instead of copying resources
-- Found ament_lint_auto: 0.9.7 (/robofuzz/ros2_foxy/install/ament_lint_auto/share/ament_lint_auto/cmake)
-- Found gtest sources under '/robofuzz/ros2_foxy/install/gtest_vendor/src/gtest_vendor': C++ tests using 'Google Test' will be built
-- Looking for pthread.h
-- Looking for pthread.h - found
-- Performing Test CMAKE_HAVE_LIBC_PTHREAD
-- Performing Test CMAKE_HAVE_LIBC_PTHREAD - Failed
-- Check if compiler accepts -pthread
-- Check if compiler accepts -pthread - yes
-- Found Threads: TRUE  
-- Performance tests are disabled by default, so Google Benchmark tests will be skipped. To enable these tests, set the CMake variable 'AMENT_RUN_PERFORMANCE_TESTS'.
-- Added test 'copyright' to check source files copyright and LICENSE
-- Added test 'cppcheck' to perform static code analysis on C / C++ code
-- Configured cppcheck include dirs: /robofuzz/ros2_foxy/install/performance_test_fixture/include
-- Configured cppcheck exclude dirs and/or files: 
-- Added test 'cpplint' to check C / C++ code against the Google style
-- Configured cpplint exclude dirs and/or files: 
-- Added test 'lint_cmake' to check CMake code style
-- Added test 'uncrustify' to check C / C++ code style
-- Configured uncrustify additional arguments: 
-- Added test 'xmllint' to check XML markup files
-- Configuring done
-- Generating done
-- Build files have been written to: /robofuzz/ros2_foxy/build/libyaml_vendor
[35m[1mScanning dependencies of target libyaml-10c9078[0m
[35m[1mScanning dependencies of target gtest[0m
[  6%] [34m[1mCreating directories for 'libyaml-10c9078'[0m
[ 12%] [32mBuilding CXX object gtest/CMakeFiles/gtest.dir/src/gtest-all.cc.o[0m
[ 18%] [34m[1mPerforming download step (download, verify and extract) for 'libyaml-10c9078'[0m
-- Downloading...
   dst='/robofuzz/ros2_foxy/build/libyaml_vendor/libyaml-10c9078-prefix/src/10c907871f1ccd779c7fccf6b81a62762b5c4e7b.zip'
   timeout='60 seconds'
-- Using src='https://github.com/yaml/libyaml/archive/10c907871f1ccd779c7fccf6b81a62762b5c4e7b.zip'
-- verifying file...
       file='/robofuzz/ros2_foxy/build/libyaml_vendor/libyaml-10c9078-prefix/src/10c907871f1ccd779c7fccf6b81a62762b5c4e7b.zip'
-- Downloading... done
-- extracting...
     src='/robofuzz/ros2_foxy/build/libyaml_vendor/libyaml-10c9078-prefix/src/10c907871f1ccd779c7fccf6b81a62762b5c4e7b.zip'
     dst='/robofuzz/ros2_foxy/build/libyaml_vendor/libyaml-10c9078-prefix/src/libyaml-10c9078'
-- extracting... [tar xfz]
-- extracting... [analysis]
-- extracting... [rename]
-- extracting... [clean up]
-- extracting... done
[ 25%] [34m[1mNo patch step for 'libyaml-10c9078'[0m
[ 31%] [34m[1mNo update step for 'libyaml-10c9078'[0m
[ 37%] [34m[1mPerforming configure step for 'libyaml-10c9078'[0m
-- The C compiler identification is GNU 9.4.0
-- Check for working C compiler: /usr/bin/cc
-- Check for working C compiler: /usr/bin/cc -- works
-- Detecting C compiler ABI info
-- Detecting C compiler ABI info - done
-- Detecting C compile features
-- Detecting C compile features - done
-- Configuring done
-- Generating done
-- Build files have been written to: /robofuzz/ros2_foxy/build/libyaml_vendor/libyaml-10c9078-prefix/src/libyaml-10c9078-build
[ 43%] [34m[1mPerforming build step for 'libyaml-10c9078'[0m
[35m[1mScanning dependencies of target yaml[0m
[ 22%] [32mBuilding C object CMakeFiles/yaml.dir/src/dumper.c.o[0m
[ 22%] [32mBuilding C object CMakeFiles/yaml.dir/src/api.c.o[0m
[ 33%] [32mBuilding C object CMakeFiles/yaml.dir/src/writer.c.o[0m
[ 44%] [32mBuilding C object CMakeFiles/yaml.dir/src/scanner.c.o[0m
[ 55%] [32mBuilding C object CMakeFiles/yaml.dir/src/reader.c.o[0m
[ 66%] [32mBuilding C object CMakeFiles/yaml.dir/src/parser.c.o[0m
[ 77%] [32mBuilding C object CMakeFiles/yaml.dir/src/loader.c.o[0m
[ 88%] [32mBuilding C object CMakeFiles/yaml.dir/src/emitter.c.o[0m
[100%] [32m[1mLinking C shared library libyaml.so[0m
[100%] Built target yaml
[ 50%] [34m[1mPerforming install step for 'libyaml-10c9078'[0m
[100%] Built target yaml
[36mInstall the project...[0m
-- Install configuration: ""
-- Installing: /robofuzz/ros2_foxy/build/libyaml_vendor/libyaml_install/include/yaml.h
-- Installing: /robofuzz/ros2_foxy/build/libyaml_vendor/libyaml_install/include/config.h
-- Installing: /robofuzz/ros2_foxy/build/libyaml_vendor/libyaml_install/lib/libyaml.so
-- Installing: /robofuzz/ros2_foxy/build/libyaml_vendor/libyaml_install/cmake/yamlConfig.cmake
-- Installing: /robofuzz/ros2_foxy/build/libyaml_vendor/libyaml_install/cmake/yamlTargets.cmake
-- Installing: /robofuzz/ros2_foxy/build/libyaml_vendor/libyaml_install/cmake/yamlTargets-noconfig.cmake
-- Installing: /robofuzz/ros2_foxy/build/libyaml_vendor/libyaml_install/cmake/yamlConfigVersion.cmake
[ 56%] [34m[1mCompleted 'libyaml-10c9078'[0m
[ 56%] Built target libyaml-10c9078
[ 62%] [32m[1mLinking CXX static library libgtest.a[0m
[ 62%] Built target gtest
[35m[1mScanning dependencies of target benchmark_reader[0m
[ 68%] [32mBuilding CXX object CMakeFiles/benchmark_reader.dir/test/benchmark/benchmark_reader.cpp.o[0m
[ 75%] [32m[1mLinking CXX executable benchmark_reader[0m
[ 75%] Built target benchmark_reader
[35m[1mScanning dependencies of target gtest_main[0m
[ 81%] [32mBuilding CXX object gtest/CMakeFiles/gtest_main.dir/src/gtest_main.cc.o[0m
[ 87%] [32m[1mLinking CXX static library libgtest_main.a[0m
[ 87%] Built target gtest_main
[35m[1mScanning dependencies of target test_yaml_reader[0m
[ 93%] [32mBuilding CXX object CMakeFiles/test_yaml_reader.dir/test/test_reader.cpp.o[0m
[100%] [32m[1mLinking CXX executable test_yaml_reader[0m
[100%] Built target test_yaml_reader
-- Install configuration: ""
-- Execute custom install script
-- Symlinking: /robofuzz/ros2_foxy/install/libyaml_vendor/cmake/yamlConfig.cmake
-- Symlinking: /robofuzz/ros2_foxy/install/libyaml_vendor/cmake/yamlConfigVersion.cmake
-- Symlinking: /robofuzz/ros2_foxy/install/libyaml_vendor/cmake/yamlTargets-noconfig.cmake
-- Symlinking: /robofuzz/ros2_foxy/install/libyaml_vendor/cmake/yamlTargets.cmake
-- Symlinking: /robofuzz/ros2_foxy/install/libyaml_vendor/include/yaml.h
-- Symlinking: /robofuzz/ros2_foxy/install/libyaml_vendor/lib/libyaml.so
-- Symlinking: /robofuzz/ros2_foxy/install/libyaml_vendor/share/libyaml_vendor/environment/library_path.sh
-- Symlinking: /robofuzz/ros2_foxy/install/libyaml_vendor/share/libyaml_vendor/environment/library_path.dsv
-- Symlinking: /robofuzz/ros2_foxy/install/libyaml_vendor/share/ament_index/resource_index/package_run_dependencies/libyaml_vendor
-- Symlinking: /robofuzz/ros2_foxy/install/libyaml_vendor/share/ament_index/resource_index/parent_prefix_path/libyaml_vendor
-- Symlinking: /robofuzz/ros2_foxy/install/libyaml_vendor/share/libyaml_vendor/environment/ament_prefix_path.sh
-- Symlinking: /robofuzz/ros2_foxy/install/libyaml_vendor/share/libyaml_vendor/environment/ament_prefix_path.dsv
-- Symlinking: /robofuzz/ros2_foxy/install/libyaml_vendor/share/libyaml_vendor/environment/path.sh
-- Symlinking: /robofuzz/ros2_foxy/install/libyaml_vendor/share/libyaml_vendor/environment/path.dsv
-- Symlinking: /robofuzz/ros2_foxy/install/libyaml_vendor/share/libyaml_vendor/local_setup.bash
-- Symlinking: /robofuzz/ros2_foxy/install/libyaml_vendor/share/libyaml_vendor/local_setup.sh
-- Symlinking: /robofuzz/ros2_foxy/install/libyaml_vendor/share/libyaml_vendor/local_setup.zsh
-- Symlinking: /robofuzz/ros2_foxy/install/libyaml_vendor/share/libyaml_vendor/local_setup.dsv
-- Symlinking: /robofuzz/ros2_foxy/install/libyaml_vendor/share/libyaml_vendor/package.dsv
-- Symlinking: /robofuzz/ros2_foxy/install/libyaml_vendor/share/ament_index/resource_index/packages/libyaml_vendor
-- Symlinking: /robofuzz/ros2_foxy/install/libyaml_vendor/share/libyaml_vendor/cmake/libyaml_vendor-extras.cmake
-- Symlinking: /robofuzz/ros2_foxy/install/libyaml_vendor/share/libyaml_vendor/cmake/ament_cmake_export_libraries-extras.cmake
-- Symlinking: /robofuzz/ros2_foxy/install/libyaml_vendor/share/libyaml_vendor/cmake/ament_cmake_export_dependencies-extras.cmake
-- Symlinking: /robofuzz/ros2_foxy/install/libyaml_vendor/share/libyaml_vendor/cmake/libyaml_vendorConfig.cmake
-- Symlinking: /robofuzz/ros2_foxy/install/libyaml_vendor/share/libyaml_vendor/cmake/libyaml_vendorConfig-version.cmake
-- Symlinking: /robofuzz/ros2_foxy/install/libyaml_vendor/share/libyaml_vendor/package.xml
