running develop
running egg_info
creating ament_pyflakes.egg-info
writing ament_pyflakes.egg-info/PKG-INFO
writing dependency_links to ament_pyflakes.egg-info/dependency_links.txt
writing entry points to ament_pyflakes.egg-info/entry_points.txt
writing requirements to ament_pyflakes.egg-info/requires.txt
writing top-level names to ament_pyflakes.egg-info/top_level.txt
writing manifest file 'ament_pyflakes.egg-info/SOURCES.txt'
reading manifest file 'ament_pyflakes.egg-info/SOURCES.txt'
writing manifest file 'ament_pyflakes.egg-info/SOURCES.txt'
running build_ext
Creating /robofuzz/ros2_foxy/install/ament_pyflakes/lib/python3.8/site-packages/site.py
Creating /robofuzz/ros2_foxy/install/ament_pyflakes/lib/python3.8/site-packages/ament-pyflakes.egg-link (link to .)
Installing ament_pyflakes script to /robofuzz/ros2_foxy/install/ament_pyflakes/bin

Installed /robofuzz/ros2_foxy/build/ament_pyflakes
running install_data
copying package.xml -> /robofuzz/ros2_foxy/install/ament_pyflakes/share/ament_pyflakes
creating /robofuzz/ros2_foxy/install/ament_pyflakes/share/ament_index
creating /robofuzz/ros2_foxy/install/ament_pyflakes/share/ament_index/resource_index
creating /robofuzz/ros2_foxy/install/ament_pyflakes/share/ament_index/resource_index/packages
copying resource/ament_pyflakes -> /robofuzz/ros2_foxy/install/ament_pyflakes/share/ament_index/resource_index/packages
