[1.602s] Invoking command in '/robofuzz/ros2_foxy/build/rcutils': AMENT_PREFIX_PATH=/robofuzz/ros2_foxy/install/launch_testing_ament_cmake:/robofuzz/ros2_foxy/install/python_cmake_module:/robofuzz/ros2_foxy/install/mimick_vendor:/robofuzz/ros2_foxy/install/ament_cmake_ros:/robofuzz/ros2_foxy/install/ament_lint_common:/robofuzz/ros2_foxy/install/ament_cmake_xmllint:/robofuzz/ros2_foxy/install/ament_cmake_uncrustify:/robofuzz/ros2_foxy/install/ament_cmake_pep257:/robofuzz/ros2_foxy/install/ament_cmake_flake8:/robofuzz/ros2_foxy/install/ament_cmake_cpplint:/robofuzz/ros2_foxy/install/ament_cmake_cppcheck:/robofuzz/ros2_foxy/install/launch_testing:/robofuzz/ros2_foxy/install/ament_uncrustify:/robofuzz/ros2_foxy/install/ament_cmake_copyright:/robofuzz/ros2_foxy/install/uncrustify_vendor:/robofuzz/ros2_foxy/install/launch:/robofuzz/ros2_foxy/install/ament_cmake_lint_cmake:/robofuzz/ros2_foxy/install/ament_cmake_gmock:/robofuzz/ros2_foxy/install/domain_coordinator:/robofuzz/ros2_foxy/install/ament_xmllint:/robofuzz/ros2_foxy/install/ament_lint_cmake:/robofuzz/ros2_foxy/install/ament_lint_auto:/robofuzz/ros2_foxy/install/ament_index_python:/robofuzz/ros2_foxy/install/ament_cpplint:/robofuzz/ros2_foxy/install/ament_cmake_pytest:/robofuzz/ros2_foxy/install/ament_cmake_gtest:/robofuzz/ros2_foxy/install/ament_cmake:/robofuzz/ros2_foxy/install/ament_copyright:/robofuzz/ros2_foxy/install/ament_cmake_test:/robofuzz/ros2_foxy/install/ament_cmake_target_dependencies:/robofuzz/ros2_foxy/install/ament_cmake_export_targets:/robofuzz/ros2_foxy/install/ament_cmake_export_interfaces:/robofuzz/ros2_foxy/install/ament_cmake_export_dependencies:/robofuzz/ros2_foxy/install/ament_pep257:/robofuzz/ros2_foxy/install/ament_cmake_version:/robofuzz/ros2_foxy/install/ament_cmake_python:/robofuzz/ros2_foxy/install/ament_cmake_libraries:/robofuzz/ros2_foxy/install/ament_cmake_include_directories:/robofuzz/ros2_foxy/install/ament_cmake_export_link_flags:/robofuzz/ros2_foxy/install/ament_cmake_export_libraries:/robofuzz/ros2_foxy/install/ament_cmake_export_include_directories:/robofuzz/ros2_foxy/install/ament_cmake_export_definitions:/robofuzz/ros2_foxy/install/ament_flake8:/robofuzz/ros2_foxy/install/ament_cmake_core:/robofuzz/ros2_foxy/install/osrf_pycommon:/robofuzz/ros2_foxy/install/ament_package:/robofuzz/ros2_foxy/install/ament_lint:/robofuzz/ros2_foxy/install/ament_cppcheck:${AMENT_PREFIX_PATH} CMAKE_PREFIX_PATH=/robofuzz/ros2_foxy/install/launch_testing_ament_cmake:/robofuzz/ros2_foxy/install/python_cmake_module:/robofuzz/ros2_foxy/install/mimick_vendor:/robofuzz/ros2_foxy/install/ament_cmake_ros:/robofuzz/ros2_foxy/install/ament_lint_common:/robofuzz/ros2_foxy/install/ament_cmake_xmllint:/robofuzz/ros2_foxy/install/ament_cmake_uncrustify:/robofuzz/ros2_foxy/install/ament_cmake_pep257:/robofuzz/ros2_foxy/install/ament_cmake_flake8:/robofuzz/ros2_foxy/install/ament_cmake_cpplint:/robofuzz/ros2_foxy/install/ament_cmake_cppcheck:/robofuzz/ros2_foxy/install/ament_cmake_copyright:/robofuzz/ros2_foxy/install/uncrustify_vendor:/robofuzz/ros2_foxy/install/ament_cmake_lint_cmake:/robofuzz/ros2_foxy/install/ament_cmake_gmock:/robofuzz/ros2_foxy/install/ament_lint_auto:/robofuzz/ros2_foxy/install/ament_cmake_pytest:/robofuzz/ros2_foxy/install/ament_cmake_gtest:/robofuzz/ros2_foxy/install/ament_cmake:/robofuzz/ros2_foxy/install/ament_cmake_test:/robofuzz/ros2_foxy/install/ament_cmake_target_dependencies:/robofuzz/ros2_foxy/install/ament_cmake_export_targets:/robofuzz/ros2_foxy/install/ament_cmake_export_interfaces:/robofuzz/ros2_foxy/install/ament_cmake_export_dependencies:/robofuzz/ros2_foxy/install/ament_cmake_version:/robofuzz/ros2_foxy/install/ament_cmake_python:/robofuzz/ros2_foxy/install/ament_cmake_libraries:/robofuzz/ros2_foxy/install/ament_cmake_include_directories:/robofuzz/ros2_foxy/install/ament_cmake_export_link_flags:/robofuzz/ros2_foxy/install/ament_cmake_export_libraries:/robofuzz/ros2_foxy/install/ament_cmake_export_include_directories:/robofuzz/ros2_foxy/install/ament_cmake_export_definitions:/robofuzz/ros2_foxy/install/gmock_vendor:/robofuzz/ros2_foxy/install/ament_cmake_core:/robofuzz/ros2_foxy/install/osrf_testing_tools_cpp:/robofuzz/ros2_foxy/install/gtest_vendor:/robofuzz/targets/moveit2_ws/install/moveit2_tutorials:/robofuzz/targets/moveit2_ws/install/moveit_visual_tools:/robofuzz/targets/moveit2_ws/install/rviz_visual_tools:/robofuzz/targets/turtlebot3_ws/install/turtlebot3:/robofuzz/targets/turtlebot3_ws/install/turtlebot3_simulations:/robofuzz/targets/turtlebot3_ws/install/turtlebot3_bringup:/robofuzz/targets/turtlebot3_ws/install/turtlebot3_node:/robofuzz/targets/turtlebot3_ws/install/turtlebot3_navigation2:/robofuzz/targets/turtlebot3_ws/install/turtlebot3_fake_node:/robofuzz/targets/turtlebot3_ws/install/turtlebot3_msgs:/robofuzz/targets/turtlebot3_ws/install/turtlebot3_gazebo:/robofuzz/targets/turtlebot3_ws/install/turtlebot3_description:/robofuzz/targets/turtlebot3_ws/install/turtlebot3_cartographer:/robofuzz/targets/turtlebot3_ws/install/hls_lfcd_lds_driver:/robofuzz/targets/turtlebot3_ws/install/dynamixel_sdk_examples:/robofuzz/targets/turtlebot3_ws/install/dynamixel_sdk_custom_interfaces:/robofuzz/targets/turtlebot3_ws/install/dynamixel_sdk:/robofuzz/targets/idltest_ws/install/idltest_target:/robofuzz/targets/idltest_ws/install/idltest_msgs:/robofuzz/targets/px4_ros_com_ros2/install/px4_ros_com:/robofuzz/targets/px4_ros_com_ros2/install/px4_msgs:/robofuzz/targets/turtlebot3_ws/install/turtlebot3_teleop:/robofuzz/targets/turtlebot3_ws/install/turtlebot3_example:/opt/ros/foxy LD_LIBRARY_PATH=/robofuzz/ros2_foxy/install/mimick_vendor/lib:/robofuzz/ros2_foxy/install/osrf_testing_tools_cpp/lib:${LD_LIBRARY_PATH} PATH=/robofuzz/ros2_foxy/install/launch_testing/bin:/robofuzz/ros2_foxy/install/ament_uncrustify/bin:/robofuzz/ros2_foxy/install/ament_xmllint/bin:/robofuzz/ros2_foxy/install/ament_lint_cmake/bin:/robofuzz/ros2_foxy/install/ament_index_python/bin:/robofuzz/ros2_foxy/install/ament_cpplint/bin:/robofuzz/ros2_foxy/install/ament_copyright/bin:/robofuzz/ros2_foxy/install/ament_pep257/bin:/robofuzz/ros2_foxy/install/ament_flake8/bin:/robofuzz/ros2_foxy/install/ament_cppcheck/bin:${PATH} PKG_CONFIG_PATH=/robofuzz/ros2_foxy/install/gmock_vendor/lib/x86_64-linux-gnu/pkgconfig:/robofuzz/ros2_foxy/install/gmock_vendor/lib/pkgconfig:/robofuzz/ros2_foxy/install/osrf_testing_tools_cpp/lib/x86_64-linux-gnu/pkgconfig:/robofuzz/ros2_foxy/install/osrf_testing_tools_cpp/lib/pkgconfig:/robofuzz/ros2_foxy/install/gtest_vendor/lib/x86_64-linux-gnu/pkgconfig:/robofuzz/ros2_foxy/install/gtest_vendor/lib/pkgconfig PYTHONPATH=/robofuzz/ros2_foxy/build/launch_testing:/robofuzz/ros2_foxy/install/launch_testing/lib/python3.8/site-packages:/robofuzz/ros2_foxy/build/ament_uncrustify:/robofuzz/ros2_foxy/install/ament_uncrustify/lib/python3.8/site-packages:/robofuzz/ros2_foxy/build/launch:/robofuzz/ros2_foxy/install/launch/lib/python3.8/site-packages:/robofuzz/ros2_foxy/build/domain_coordinator:/robofuzz/ros2_foxy/install/domain_coordinator/lib/python3.8/site-packages:/robofuzz/ros2_foxy/build/ament_xmllint:/robofuzz/ros2_foxy/install/ament_xmllint/lib/python3.8/site-packages:/robofuzz/ros2_foxy/build/ament_lint_cmake:/robofuzz/ros2_foxy/install/ament_lint_cmake/lib/python3.8/site-packages:/robofuzz/ros2_foxy/build/ament_index_python:/robofuzz/ros2_foxy/install/ament_index_python/lib/python3.8/site-packages:/robofuzz/ros2_foxy/build/ament_cpplint:/robofuzz/ros2_foxy/install/ament_cpplint/lib/python3.8/site-packages:/robofuzz/ros2_foxy/build/ament_copyright:/robofuzz/ros2_foxy/install/ament_copyright/lib/python3.8/site-packages:/robofuzz/ros2_foxy/install/ament_cmake_test/lib/python3.8/site-packages:/robofuzz/ros2_foxy/build/ament_pep257:/robofuzz/ros2_foxy/install/ament_pep257/lib/python3.8/site-packages:/robofuzz/ros2_foxy/build/ament_flake8:/robofuzz/ros2_foxy/install/ament_flake8/lib/python3.8/site-packages:/robofuzz/ros2_foxy/build/osrf_pycommon:/robofuzz/ros2_foxy/install/osrf_pycommon/lib/python3.8/site-packages:/robofuzz/ros2_foxy/build/ament_package:/robofuzz/ros2_foxy/install/ament_package/lib/python3.8/site-packages:/robofuzz/ros2_foxy/build/ament_lint:/robofuzz/ros2_foxy/install/ament_lint/lib/python3.8/site-packages:/robofuzz/ros2_foxy/build/ament_cppcheck:/robofuzz/ros2_foxy/install/ament_cppcheck/lib/python3.8/site-packages:${PYTHONPATH} /usr/bin/cmake /robofuzz/ros2_foxy/src/ros2/rcutils -DAMENT_CMAKE_SYMLINK_INSTALL=1 -DCMAKE_INSTALL_PREFIX=/robofuzz/ros2_foxy/install/rcutils
[2.227s] -- The C compiler identification is GNU 9.4.0
[2.387s] -- The CXX compiler identification is GNU 9.4.0
[2.417s] -- Check for working C compiler: /usr/bin/cc
[2.955s] -- Check for working C compiler: /usr/bin/cc -- works
[2.957s] -- Detecting C compiler ABI info
[3.388s] -- Detecting C compiler ABI info - done
[3.451s] -- Detecting C compile features
[3.451s] -- Detecting C compile features - done
[3.458s] -- Check for working CXX compiler: /usr/bin/c++
[3.902s] -- Check for working CXX compiler: /usr/bin/c++ -- works
[3.905s] -- Detecting CXX compiler ABI info
[4.394s] -- Detecting CXX compiler ABI info - done
[4.475s] -- Detecting CXX compile features
[4.489s] -- Detecting CXX compile features - done
[4.498s] -- Found ament_cmake_python: 0.9.10 (/robofuzz/ros2_foxy/install/ament_cmake_python/share/ament_cmake_python/cmake)
[4.516s] -- Found ament_cmake_ros: 0.9.2 (/robofuzz/ros2_foxy/install/ament_cmake_ros/share/ament_cmake_ros/cmake)
[4.853s] -- Found PythonInterp: /usr/bin/python3 (found suitable version "3.8.10", minimum required is "3") 
[4.854s] -- Using PYTHON_EXECUTABLE: /usr/bin/python3
[6.035s] -- Override CMake install command with custom implementation using symlinks instead of copying resources
[6.456s] -- Performing Test USES_GLIBC
[6.866s] -- Performing Test USES_GLIBC - Success
[6.875s] -- Found ament_lint_auto: 0.9.7 (/robofuzz/ros2_foxy/install/ament_lint_auto/share/ament_lint_auto/cmake)
[7.721s] -- Found python_cmake_module: 0.8.1 (/robofuzz/ros2_foxy/install/python_cmake_module/share/python_cmake_module/cmake)
[7.915s] -- Found PythonInterp: /usr/bin/python3 (found suitable version "3.8.10", minimum required is "3.5") 
[7.991s] -- Found PythonLibs: /usr/lib/x86_64-linux-gnu/libpython3.8.so (found suitable version "3.8.10", minimum required is "3.5") 
[7.991s] -- Using PYTHON_EXECUTABLE: /usr/bin/python3
[7.991s] -- Using PYTHON_INCLUDE_DIRS: /usr/include/python3.8
[7.992s] -- Using PYTHON_LIBRARIES: /usr/lib/x86_64-linux-gnu/libpython3.8.so
[8.324s] -- Found PythonExtra: .so  
[8.333s] -- Looking for __atomic_load_8 in atomic
[8.753s] -- Looking for __atomic_load_8 in atomic - found
[8.800s] -- Found gtest sources under '/robofuzz/ros2_foxy/install/gtest_vendor/src/gtest_vendor': C++ tests using 'Google Test' will be built
[8.806s] -- Looking for pthread.h
[9.289s] -- Looking for pthread.h - found
[9.289s] -- Performing Test CMAKE_HAVE_LIBC_PTHREAD
[9.793s] -- Performing Test CMAKE_HAVE_LIBC_PTHREAD - Failed
[9.794s] -- Check if compiler accepts -pthread
[10.240s] -- Check if compiler accepts -pthread - yes
[10.241s] -- Found Threads: TRUE  
[10.260s] -- Found gmock sources under '/robofuzz/ros2_foxy/install/gmock_vendor/src/gmock_vendor': C++ tests using 'Google Mock' will be built
[10.584s] -- Added test 'copyright' to check source files copyright and LICENSE
[10.643s] -- Added test 'cppcheck' to perform static code analysis on C / C++ code
[10.647s] -- Configured cppcheck include dirs: $<BUILD_INTERFACE:/robofuzz/ros2_foxy/src/ros2/rcutils/include>;/robofuzz/ros2_foxy/src/ros2/rcutils/include
[10.647s] -- Configured cppcheck exclude dirs and/or files: 
[10.678s] -- Added test 'cpplint' to check C / C++ code against the Google style
[10.678s] -- Configured cpplint exclude dirs and/or files: 
[10.682s] -- Added test 'flake8' to check Python code syntax and style conventions
[10.691s] -- Added test 'lint_cmake' to check CMake code style
[10.721s] -- Added test 'pep257' to check Python code against some of the style conventions in PEP 257
[10.762s] -- Added test 'uncrustify' to check C / C++ code style
[10.767s] -- Configured uncrustify additional arguments: 
[10.775s] -- Added test 'xmllint' to check XML markup files
[10.823s] -- Configuring done
[11.030s] -- Generating done
[11.047s] -- Build files have been written to: /robofuzz/ros2_foxy/build/rcutils
[11.112s] Invoked command in '/robofuzz/ros2_foxy/build/rcutils' returned '0': AMENT_PREFIX_PATH=/robofuzz/ros2_foxy/install/launch_testing_ament_cmake:/robofuzz/ros2_foxy/install/python_cmake_module:/robofuzz/ros2_foxy/install/mimick_vendor:/robofuzz/ros2_foxy/install/ament_cmake_ros:/robofuzz/ros2_foxy/install/ament_lint_common:/robofuzz/ros2_foxy/install/ament_cmake_xmllint:/robofuzz/ros2_foxy/install/ament_cmake_uncrustify:/robofuzz/ros2_foxy/install/ament_cmake_pep257:/robofuzz/ros2_foxy/install/ament_cmake_flake8:/robofuzz/ros2_foxy/install/ament_cmake_cpplint:/robofuzz/ros2_foxy/install/ament_cmake_cppcheck:/robofuzz/ros2_foxy/install/launch_testing:/robofuzz/ros2_foxy/install/ament_uncrustify:/robofuzz/ros2_foxy/install/ament_cmake_copyright:/robofuzz/ros2_foxy/install/uncrustify_vendor:/robofuzz/ros2_foxy/install/launch:/robofuzz/ros2_foxy/install/ament_cmake_lint_cmake:/robofuzz/ros2_foxy/install/ament_cmake_gmock:/robofuzz/ros2_foxy/install/domain_coordinator:/robofuzz/ros2_foxy/install/ament_xmllint:/robofuzz/ros2_foxy/install/ament_lint_cmake:/robofuzz/ros2_foxy/install/ament_lint_auto:/robofuzz/ros2_foxy/install/ament_index_python:/robofuzz/ros2_foxy/install/ament_cpplint:/robofuzz/ros2_foxy/install/ament_cmake_pytest:/robofuzz/ros2_foxy/install/ament_cmake_gtest:/robofuzz/ros2_foxy/install/ament_cmake:/robofuzz/ros2_foxy/install/ament_copyright:/robofuzz/ros2_foxy/install/ament_cmake_test:/robofuzz/ros2_foxy/install/ament_cmake_target_dependencies:/robofuzz/ros2_foxy/install/ament_cmake_export_targets:/robofuzz/ros2_foxy/install/ament_cmake_export_interfaces:/robofuzz/ros2_foxy/install/ament_cmake_export_dependencies:/robofuzz/ros2_foxy/install/ament_pep257:/robofuzz/ros2_foxy/install/ament_cmake_version:/robofuzz/ros2_foxy/install/ament_cmake_python:/robofuzz/ros2_foxy/install/ament_cmake_libraries:/robofuzz/ros2_foxy/install/ament_cmake_include_directories:/robofuzz/ros2_foxy/install/ament_cmake_export_link_flags:/robofuzz/ros2_foxy/install/ament_cmake_export_libraries:/robofuzz/ros2_foxy/install/ament_cmake_export_include_directories:/robofuzz/ros2_foxy/install/ament_cmake_export_definitions:/robofuzz/ros2_foxy/install/ament_flake8:/robofuzz/ros2_foxy/install/ament_cmake_core:/robofuzz/ros2_foxy/install/osrf_pycommon:/robofuzz/ros2_foxy/install/ament_package:/robofuzz/ros2_foxy/install/ament_lint:/robofuzz/ros2_foxy/install/ament_cppcheck:${AMENT_PREFIX_PATH} CMAKE_PREFIX_PATH=/robofuzz/ros2_foxy/install/launch_testing_ament_cmake:/robofuzz/ros2_foxy/install/python_cmake_module:/robofuzz/ros2_foxy/install/mimick_vendor:/robofuzz/ros2_foxy/install/ament_cmake_ros:/robofuzz/ros2_foxy/install/ament_lint_common:/robofuzz/ros2_foxy/install/ament_cmake_xmllint:/robofuzz/ros2_foxy/install/ament_cmake_uncrustify:/robofuzz/ros2_foxy/install/ament_cmake_pep257:/robofuzz/ros2_foxy/install/ament_cmake_flake8:/robofuzz/ros2_foxy/install/ament_cmake_cpplint:/robofuzz/ros2_foxy/install/ament_cmake_cppcheck:/robofuzz/ros2_foxy/install/ament_cmake_copyright:/robofuzz/ros2_foxy/install/uncrustify_vendor:/robofuzz/ros2_foxy/install/ament_cmake_lint_cmake:/robofuzz/ros2_foxy/install/ament_cmake_gmock:/robofuzz/ros2_foxy/install/ament_lint_auto:/robofuzz/ros2_foxy/install/ament_cmake_pytest:/robofuzz/ros2_foxy/install/ament_cmake_gtest:/robofuzz/ros2_foxy/install/ament_cmake:/robofuzz/ros2_foxy/install/ament_cmake_test:/robofuzz/ros2_foxy/install/ament_cmake_target_dependencies:/robofuzz/ros2_foxy/install/ament_cmake_export_targets:/robofuzz/ros2_foxy/install/ament_cmake_export_interfaces:/robofuzz/ros2_foxy/install/ament_cmake_export_dependencies:/robofuzz/ros2_foxy/install/ament_cmake_version:/robofuzz/ros2_foxy/install/ament_cmake_python:/robofuzz/ros2_foxy/install/ament_cmake_libraries:/robofuzz/ros2_foxy/install/ament_cmake_include_directories:/robofuzz/ros2_foxy/install/ament_cmake_export_link_flags:/robofuzz/ros2_foxy/install/ament_cmake_export_libraries:/robofuzz/ros2_foxy/install/ament_cmake_export_include_directories:/robofuzz/ros2_foxy/install/ament_cmake_export_definitions:/robofuzz/ros2_foxy/install/gmock_vendor:/robofuzz/ros2_foxy/install/ament_cmake_core:/robofuzz/ros2_foxy/install/osrf_testing_tools_cpp:/robofuzz/ros2_foxy/install/gtest_vendor:/robofuzz/targets/moveit2_ws/install/moveit2_tutorials:/robofuzz/targets/moveit2_ws/install/moveit_visual_tools:/robofuzz/targets/moveit2_ws/install/rviz_visual_tools:/robofuzz/targets/turtlebot3_ws/install/turtlebot3:/robofuzz/targets/turtlebot3_ws/install/turtlebot3_simulations:/robofuzz/targets/turtlebot3_ws/install/turtlebot3_bringup:/robofuzz/targets/turtlebot3_ws/install/turtlebot3_node:/robofuzz/targets/turtlebot3_ws/install/turtlebot3_navigation2:/robofuzz/targets/turtlebot3_ws/install/turtlebot3_fake_node:/robofuzz/targets/turtlebot3_ws/install/turtlebot3_msgs:/robofuzz/targets/turtlebot3_ws/install/turtlebot3_gazebo:/robofuzz/targets/turtlebot3_ws/install/turtlebot3_description:/robofuzz/targets/turtlebot3_ws/install/turtlebot3_cartographer:/robofuzz/targets/turtlebot3_ws/install/hls_lfcd_lds_driver:/robofuzz/targets/turtlebot3_ws/install/dynamixel_sdk_examples:/robofuzz/targets/turtlebot3_ws/install/dynamixel_sdk_custom_interfaces:/robofuzz/targets/turtlebot3_ws/install/dynamixel_sdk:/robofuzz/targets/idltest_ws/install/idltest_target:/robofuzz/targets/idltest_ws/install/idltest_msgs:/robofuzz/targets/px4_ros_com_ros2/install/px4_ros_com:/robofuzz/targets/px4_ros_com_ros2/install/px4_msgs:/robofuzz/targets/turtlebot3_ws/install/turtlebot3_teleop:/robofuzz/targets/turtlebot3_ws/install/turtlebot3_example:/opt/ros/foxy LD_LIBRARY_PATH=/robofuzz/ros2_foxy/install/mimick_vendor/lib:/robofuzz/ros2_foxy/install/osrf_testing_tools_cpp/lib:${LD_LIBRARY_PATH} PATH=/robofuzz/ros2_foxy/install/launch_testing/bin:/robofuzz/ros2_foxy/install/ament_uncrustify/bin:/robofuzz/ros2_foxy/install/ament_xmllint/bin:/robofuzz/ros2_foxy/install/ament_lint_cmake/bin:/robofuzz/ros2_foxy/install/ament_index_python/bin:/robofuzz/ros2_foxy/install/ament_cpplint/bin:/robofuzz/ros2_foxy/install/ament_copyright/bin:/robofuzz/ros2_foxy/install/ament_pep257/bin:/robofuzz/ros2_foxy/install/ament_flake8/bin:/robofuzz/ros2_foxy/install/ament_cppcheck/bin:${PATH} PKG_CONFIG_PATH=/robofuzz/ros2_foxy/install/gmock_vendor/lib/x86_64-linux-gnu/pkgconfig:/robofuzz/ros2_foxy/install/gmock_vendor/lib/pkgconfig:/robofuzz/ros2_foxy/install/osrf_testing_tools_cpp/lib/x86_64-linux-gnu/pkgconfig:/robofuzz/ros2_foxy/install/osrf_testing_tools_cpp/lib/pkgconfig:/robofuzz/ros2_foxy/install/gtest_vendor/lib/x86_64-linux-gnu/pkgconfig:/robofuzz/ros2_foxy/install/gtest_vendor/lib/pkgconfig PYTHONPATH=/robofuzz/ros2_foxy/build/launch_testing:/robofuzz/ros2_foxy/install/launch_testing/lib/python3.8/site-packages:/robofuzz/ros2_foxy/build/ament_uncrustify:/robofuzz/ros2_foxy/install/ament_uncrustify/lib/python3.8/site-packages:/robofuzz/ros2_foxy/build/launch:/robofuzz/ros2_foxy/install/launch/lib/python3.8/site-packages:/robofuzz/ros2_foxy/build/domain_coordinator:/robofuzz/ros2_foxy/install/domain_coordinator/lib/python3.8/site-packages:/robofuzz/ros2_foxy/build/ament_xmllint:/robofuzz/ros2_foxy/install/ament_xmllint/lib/python3.8/site-packages:/robofuzz/ros2_foxy/build/ament_lint_cmake:/robofuzz/ros2_foxy/install/ament_lint_cmake/lib/python3.8/site-packages:/robofuzz/ros2_foxy/build/ament_index_python:/robofuzz/ros2_foxy/install/ament_index_python/lib/python3.8/site-packages:/robofuzz/ros2_foxy/build/ament_cpplint:/robofuzz/ros2_foxy/install/ament_cpplint/lib/python3.8/site-packages:/robofuzz/ros2_foxy/build/ament_copyright:/robofuzz/ros2_foxy/install/ament_copyright/lib/python3.8/site-packages:/robofuzz/ros2_foxy/install/ament_cmake_test/lib/python3.8/site-packages:/robofuzz/ros2_foxy/build/ament_pep257:/robofuzz/ros2_foxy/install/ament_pep257/lib/python3.8/site-packages:/robofuzz/ros2_foxy/build/ament_flake8:/robofuzz/ros2_foxy/install/ament_flake8/lib/python3.8/site-packages:/robofuzz/ros2_foxy/build/osrf_pycommon:/robofuzz/ros2_foxy/install/osrf_pycommon/lib/python3.8/site-packages:/robofuzz/ros2_foxy/build/ament_package:/robofuzz/ros2_foxy/install/ament_package/lib/python3.8/site-packages:/robofuzz/ros2_foxy/build/ament_lint:/robofuzz/ros2_foxy/install/ament_lint/lib/python3.8/site-packages:/robofuzz/ros2_foxy/build/ament_cppcheck:/robofuzz/ros2_foxy/install/ament_cppcheck/lib/python3.8/site-packages:${PYTHONPATH} /usr/bin/cmake /robofuzz/ros2_foxy/src/ros2/rcutils -DAMENT_CMAKE_SYMLINK_INSTALL=1 -DCMAKE_INSTALL_PREFIX=/robofuzz/ros2_foxy/install/rcutils
[11.114s] Invoking command in '/robofuzz/ros2_foxy/build/rcutils': AMENT_PREFIX_PATH=/robofuzz/ros2_foxy/install/launch_testing_ament_cmake:/robofuzz/ros2_foxy/install/python_cmake_module:/robofuzz/ros2_foxy/install/mimick_vendor:/robofuzz/ros2_foxy/install/ament_cmake_ros:/robofuzz/ros2_foxy/install/ament_lint_common:/robofuzz/ros2_foxy/install/ament_cmake_xmllint:/robofuzz/ros2_foxy/install/ament_cmake_uncrustify:/robofuzz/ros2_foxy/install/ament_cmake_pep257:/robofuzz/ros2_foxy/install/ament_cmake_flake8:/robofuzz/ros2_foxy/install/ament_cmake_cpplint:/robofuzz/ros2_foxy/install/ament_cmake_cppcheck:/robofuzz/ros2_foxy/install/launch_testing:/robofuzz/ros2_foxy/install/ament_uncrustify:/robofuzz/ros2_foxy/install/ament_cmake_copyright:/robofuzz/ros2_foxy/install/uncrustify_vendor:/robofuzz/ros2_foxy/install/launch:/robofuzz/ros2_foxy/install/ament_cmake_lint_cmake:/robofuzz/ros2_foxy/install/ament_cmake_gmock:/robofuzz/ros2_foxy/install/domain_coordinator:/robofuzz/ros2_foxy/install/ament_xmllint:/robofuzz/ros2_foxy/install/ament_lint_cmake:/robofuzz/ros2_foxy/install/ament_lint_auto:/robofuzz/ros2_foxy/install/ament_index_python:/robofuzz/ros2_foxy/install/ament_cpplint:/robofuzz/ros2_foxy/install/ament_cmake_pytest:/robofuzz/ros2_foxy/install/ament_cmake_gtest:/robofuzz/ros2_foxy/install/ament_cmake:/robofuzz/ros2_foxy/install/ament_copyright:/robofuzz/ros2_foxy/install/ament_cmake_test:/robofuzz/ros2_foxy/install/ament_cmake_target_dependencies:/robofuzz/ros2_foxy/install/ament_cmake_export_targets:/robofuzz/ros2_foxy/install/ament_cmake_export_interfaces:/robofuzz/ros2_foxy/install/ament_cmake_export_dependencies:/robofuzz/ros2_foxy/install/ament_pep257:/robofuzz/ros2_foxy/install/ament_cmake_version:/robofuzz/ros2_foxy/install/ament_cmake_python:/robofuzz/ros2_foxy/install/ament_cmake_libraries:/robofuzz/ros2_foxy/install/ament_cmake_include_directories:/robofuzz/ros2_foxy/install/ament_cmake_export_link_flags:/robofuzz/ros2_foxy/install/ament_cmake_export_libraries:/robofuzz/ros2_foxy/install/ament_cmake_export_include_directories:/robofuzz/ros2_foxy/install/ament_cmake_export_definitions:/robofuzz/ros2_foxy/install/ament_flake8:/robofuzz/ros2_foxy/install/ament_cmake_core:/robofuzz/ros2_foxy/install/osrf_pycommon:/robofuzz/ros2_foxy/install/ament_package:/robofuzz/ros2_foxy/install/ament_lint:/robofuzz/ros2_foxy/install/ament_cppcheck:${AMENT_PREFIX_PATH} CMAKE_PREFIX_PATH=/robofuzz/ros2_foxy/install/launch_testing_ament_cmake:/robofuzz/ros2_foxy/install/python_cmake_module:/robofuzz/ros2_foxy/install/mimick_vendor:/robofuzz/ros2_foxy/install/ament_cmake_ros:/robofuzz/ros2_foxy/install/ament_lint_common:/robofuzz/ros2_foxy/install/ament_cmake_xmllint:/robofuzz/ros2_foxy/install/ament_cmake_uncrustify:/robofuzz/ros2_foxy/install/ament_cmake_pep257:/robofuzz/ros2_foxy/install/ament_cmake_flake8:/robofuzz/ros2_foxy/install/ament_cmake_cpplint:/robofuzz/ros2_foxy/install/ament_cmake_cppcheck:/robofuzz/ros2_foxy/install/ament_cmake_copyright:/robofuzz/ros2_foxy/install/uncrustify_vendor:/robofuzz/ros2_foxy/install/ament_cmake_lint_cmake:/robofuzz/ros2_foxy/install/ament_cmake_gmock:/robofuzz/ros2_foxy/install/ament_lint_auto:/robofuzz/ros2_foxy/install/ament_cmake_pytest:/robofuzz/ros2_foxy/install/ament_cmake_gtest:/robofuzz/ros2_foxy/install/ament_cmake:/robofuzz/ros2_foxy/install/ament_cmake_test:/robofuzz/ros2_foxy/install/ament_cmake_target_dependencies:/robofuzz/ros2_foxy/install/ament_cmake_export_targets:/robofuzz/ros2_foxy/install/ament_cmake_export_interfaces:/robofuzz/ros2_foxy/install/ament_cmake_export_dependencies:/robofuzz/ros2_foxy/install/ament_cmake_version:/robofuzz/ros2_foxy/install/ament_cmake_python:/robofuzz/ros2_foxy/install/ament_cmake_libraries:/robofuzz/ros2_foxy/install/ament_cmake_include_directories:/robofuzz/ros2_foxy/install/ament_cmake_export_link_flags:/robofuzz/ros2_foxy/install/ament_cmake_export_libraries:/robofuzz/ros2_foxy/install/ament_cmake_export_include_directories:/robofuzz/ros2_foxy/install/ament_cmake_export_definitions:/robofuzz/ros2_foxy/install/gmock_vendor:/robofuzz/ros2_foxy/install/ament_cmake_core:/robofuzz/ros2_foxy/install/osrf_testing_tools_cpp:/robofuzz/ros2_foxy/install/gtest_vendor:/robofuzz/targets/moveit2_ws/install/moveit2_tutorials:/robofuzz/targets/moveit2_ws/install/moveit_visual_tools:/robofuzz/targets/moveit2_ws/install/rviz_visual_tools:/robofuzz/targets/turtlebot3_ws/install/turtlebot3:/robofuzz/targets/turtlebot3_ws/install/turtlebot3_simulations:/robofuzz/targets/turtlebot3_ws/install/turtlebot3_bringup:/robofuzz/targets/turtlebot3_ws/install/turtlebot3_node:/robofuzz/targets/turtlebot3_ws/install/turtlebot3_navigation2:/robofuzz/targets/turtlebot3_ws/install/turtlebot3_fake_node:/robofuzz/targets/turtlebot3_ws/install/turtlebot3_msgs:/robofuzz/targets/turtlebot3_ws/install/turtlebot3_gazebo:/robofuzz/targets/turtlebot3_ws/install/turtlebot3_description:/robofuzz/targets/turtlebot3_ws/install/turtlebot3_cartographer:/robofuzz/targets/turtlebot3_ws/install/hls_lfcd_lds_driver:/robofuzz/targets/turtlebot3_ws/install/dynamixel_sdk_examples:/robofuzz/targets/turtlebot3_ws/install/dynamixel_sdk_custom_interfaces:/robofuzz/targets/turtlebot3_ws/install/dynamixel_sdk:/robofuzz/targets/idltest_ws/install/idltest_target:/robofuzz/targets/idltest_ws/install/idltest_msgs:/robofuzz/targets/px4_ros_com_ros2/install/px4_ros_com:/robofuzz/targets/px4_ros_com_ros2/install/px4_msgs:/robofuzz/targets/turtlebot3_ws/install/turtlebot3_teleop:/robofuzz/targets/turtlebot3_ws/install/turtlebot3_example:/opt/ros/foxy LD_LIBRARY_PATH=/robofuzz/ros2_foxy/install/mimick_vendor/lib:/robofuzz/ros2_foxy/install/osrf_testing_tools_cpp/lib:${LD_LIBRARY_PATH} PATH=/robofuzz/ros2_foxy/install/launch_testing/bin:/robofuzz/ros2_foxy/install/ament_uncrustify/bin:/robofuzz/ros2_foxy/install/ament_xmllint/bin:/robofuzz/ros2_foxy/install/ament_lint_cmake/bin:/robofuzz/ros2_foxy/install/ament_index_python/bin:/robofuzz/ros2_foxy/install/ament_cpplint/bin:/robofuzz/ros2_foxy/install/ament_copyright/bin:/robofuzz/ros2_foxy/install/ament_pep257/bin:/robofuzz/ros2_foxy/install/ament_flake8/bin:/robofuzz/ros2_foxy/install/ament_cppcheck/bin:${PATH} PKG_CONFIG_PATH=/robofuzz/ros2_foxy/install/gmock_vendor/lib/x86_64-linux-gnu/pkgconfig:/robofuzz/ros2_foxy/install/gmock_vendor/lib/pkgconfig:/robofuzz/ros2_foxy/install/osrf_testing_tools_cpp/lib/x86_64-linux-gnu/pkgconfig:/robofuzz/ros2_foxy/install/osrf_testing_tools_cpp/lib/pkgconfig:/robofuzz/ros2_foxy/install/gtest_vendor/lib/x86_64-linux-gnu/pkgconfig:/robofuzz/ros2_foxy/install/gtest_vendor/lib/pkgconfig PYTHONPATH=/robofuzz/ros2_foxy/build/launch_testing:/robofuzz/ros2_foxy/install/launch_testing/lib/python3.8/site-packages:/robofuzz/ros2_foxy/build/ament_uncrustify:/robofuzz/ros2_foxy/install/ament_uncrustify/lib/python3.8/site-packages:/robofuzz/ros2_foxy/build/launch:/robofuzz/ros2_foxy/install/launch/lib/python3.8/site-packages:/robofuzz/ros2_foxy/build/domain_coordinator:/robofuzz/ros2_foxy/install/domain_coordinator/lib/python3.8/site-packages:/robofuzz/ros2_foxy/build/ament_xmllint:/robofuzz/ros2_foxy/install/ament_xmllint/lib/python3.8/site-packages:/robofuzz/ros2_foxy/build/ament_lint_cmake:/robofuzz/ros2_foxy/install/ament_lint_cmake/lib/python3.8/site-packages:/robofuzz/ros2_foxy/build/ament_index_python:/robofuzz/ros2_foxy/install/ament_index_python/lib/python3.8/site-packages:/robofuzz/ros2_foxy/build/ament_cpplint:/robofuzz/ros2_foxy/install/ament_cpplint/lib/python3.8/site-packages:/robofuzz/ros2_foxy/build/ament_copyright:/robofuzz/ros2_foxy/install/ament_copyright/lib/python3.8/site-packages:/robofuzz/ros2_foxy/install/ament_cmake_test/lib/python3.8/site-packages:/robofuzz/ros2_foxy/build/ament_pep257:/robofuzz/ros2_foxy/install/ament_pep257/lib/python3.8/site-packages:/robofuzz/ros2_foxy/build/ament_flake8:/robofuzz/ros2_foxy/install/ament_flake8/lib/python3.8/site-packages:/robofuzz/ros2_foxy/build/osrf_pycommon:/robofuzz/ros2_foxy/install/osrf_pycommon/lib/python3.8/site-packages:/robofuzz/ros2_foxy/build/ament_package:/robofuzz/ros2_foxy/install/ament_package/lib/python3.8/site-packages:/robofuzz/ros2_foxy/build/ament_lint:/robofuzz/ros2_foxy/install/ament_lint/lib/python3.8/site-packages:/robofuzz/ros2_foxy/build/ament_cppcheck:/robofuzz/ros2_foxy/install/ament_cppcheck/lib/python3.8/site-packages:${PYTHONPATH} /usr/bin/cmake --build /robofuzz/ros2_foxy/build/rcutils -- -j12 -l12
[11.399s] [35m[1mScanning dependencies of target gtest[0m
[11.425s] [  1%] [34m[1mExpanding logging_macros.h.em[0m
[11.427s] [35m[1mScanning dependencies of target gmock[0m
[11.432s] [35m[1mScanning dependencies of target gmock_main[0m
[11.444s] [35m[1mScanning dependencies of target gtest_main[0m
[11.459s] [35m[1mScanning dependencies of target dummy_shared_library[0m
[11.517s] [  2%] [32mBuilding CXX object gtest/CMakeFiles/gtest_main.dir/src/gtest_main.cc.o[0m
[11.539s] [  3%] [32mBuilding CXX object gtest/CMakeFiles/gtest.dir/src/gtest-all.cc.o[0m
[11.573s] [  3%] [32mBuilding C object CMakeFiles/dummy_shared_library.dir/test/dummy_shared_library/dummy_shared_library.c.o[0m
[11.582s] [  4%] [32mBuilding CXX object gmock/CMakeFiles/gmock_main.dir/src/gmock_main.cc.o[0m
[11.598s] [  5%] [32mBuilding CXX object gmock/CMakeFiles/gmock.dir/robofuzz/ros2_foxy/install/gtest_vendor/src/gtest_vendor/src/gtest-all.cc.o[0m
[11.624s] [  6%] [32mBuilding CXX object gmock/CMakeFiles/gmock.dir/src/gmock-all.cc.o[0m
[11.761s] [  7%] [32m[1mLinking C shared library libdummy_shared_library.so[0m
[11.994s] [  7%] Built target dummy_shared_library
[12.600s] [35m[1mScanning dependencies of target rcutils[0m
[12.803s] [  8%] [32mBuilding C object CMakeFiles/rcutils.dir/src/allocator.c.o[0m
[12.850s] [  9%] [32mBuilding C object CMakeFiles/rcutils.dir/src/array_list.c.o[0m
[12.878s] [ 10%] [32mBuilding C object CMakeFiles/rcutils.dir/src/env.c.o[0m
[12.878s] [ 11%] [32mBuilding C object CMakeFiles/rcutils.dir/src/char_array.c.o[0m
[12.889s] [ 12%] [32mBuilding C object CMakeFiles/rcutils.dir/src/cmdline_parser.c.o[0m
[12.946s] [ 12%] [32mBuilding C object CMakeFiles/rcutils.dir/src/error_handling.c.o[0m
[12.958s] [ 13%] [32mBuilding C object CMakeFiles/rcutils.dir/src/filesystem.c.o[0m
[13.121s] [ 14%] [32mBuilding C object CMakeFiles/rcutils.dir/src/find.c.o[0m
[13.160s] [ 16%] [32mBuilding C object CMakeFiles/rcutils.dir/src/get_env.c.o[0m
[13.161s] [ 16%] [32mBuilding C object CMakeFiles/rcutils.dir/src/format_string.c.o[0m
[13.287s] [ 17%] [32mBuilding C object CMakeFiles/rcutils.dir/src/hash_map.c.o[0m
[13.337s] [ 18%] [32mBuilding C object CMakeFiles/rcutils.dir/src/logging.c.o[0m
[13.439s] [ 19%] [32mBuilding C object CMakeFiles/rcutils.dir/src/process.c.o[0m
[13.472s] [ 20%] [32mBuilding C object CMakeFiles/rcutils.dir/src/qsort.c.o[0m
[13.503s] [ 20%] [32mBuilding C object CMakeFiles/rcutils.dir/src/repl_str.c.o[0m
[13.515s] [ 21%] [32mBuilding C object CMakeFiles/rcutils.dir/src/shared_library.c.o[0m
[13.795s] [ 22%] [32mBuilding C object CMakeFiles/rcutils.dir/src/snprintf.c.o[0m
[13.808s] [ 23%] [32mBuilding C object CMakeFiles/rcutils.dir/src/split.c.o[0m
[13.847s] [ 24%] [32mBuilding C object CMakeFiles/rcutils.dir/src/strdup.c.o[0m
[13.891s] [ 25%] [32mBuilding C object CMakeFiles/rcutils.dir/src/strerror.c.o[0m
[13.943s] [ 26%] [32mBuilding C object CMakeFiles/rcutils.dir/src/string_array.c.o[0m
[14.070s] [ 26%] [32mBuilding C object CMakeFiles/rcutils.dir/src/testing/fault_injection.c.o[0m
[14.183s] [ 27%] [32mBuilding C object CMakeFiles/rcutils.dir/src/uint8_array.c.o[0m
[14.184s] [ 28%] [32mBuilding C object CMakeFiles/rcutils.dir/src/time.c.o[0m
[14.272s] [ 29%] [32mBuilding C object CMakeFiles/rcutils.dir/src/time_unix.c.o[0m
[14.355s] [ 30%] [32mBuilding C object CMakeFiles/rcutils.dir/src/string_map.c.o[0m
[14.968s] [ 31%] [32m[1mLinking C shared library librcutils.so[0m
[15.247s] [ 31%] Built target rcutils
[15.366s] [35m[1mScanning dependencies of target test_atomics_executable[0m
[15.401s] [35m[1mScanning dependencies of target test_logging_macros_c[0m
[15.463s] [ 31%] [32mBuilding C object CMakeFiles/test_atomics_executable.dir/test/test_atomics.c.o[0m
[15.530s] [ 32%] [32mBuilding C object CMakeFiles/test_logging_macros_c.dir/test/test_logging_macros.c.o[0m
[15.738s] [ 33%] [32m[1mLinking C executable test_atomics_executable[0m
[15.863s] [ 34%] [32m[1mLinking C executable test_logging_macros_c[0m
[16.106s] [ 34%] Built target test_atomics_executable
[16.167s] [ 34%] Built target test_logging_macros_c
[16.230s] [35m[1mScanning dependencies of target test_logging_long_messages[0m
[16.391s] [ 35%] [32mBuilding CXX object CMakeFiles/test_logging_long_messages.dir/test/test_logging_long_messages.cpp.o[0m
[16.461s] [ 36%] [32m[1mLinking CXX static library libgmock_main.a[0m
[16.798s] [ 36%] Built target gmock_main
[17.018s] [ 37%] [32m[1mLinking CXX static library libgtest_main.a[0m
[17.250s] [ 37%] Built target gtest_main
[17.856s] [ 38%] [32m[1mLinking CXX executable test_logging_long_messages[0m
[18.312s] [ 38%] Built target test_logging_long_messages
[26.294s] [ 38%] [32m[1mLinking CXX static library libgtest.a[0m
[26.543s] [ 38%] Built target gtest
[26.829s] [ 39%] [32m[1mLinking CXX static library libgmock.a[0m
[27.023s] [ 39%] Built target gmock
[27.054s] [35m[1mScanning dependencies of target test_char_array[0m
[27.109s] [ 40%] [32mBuilding CXX object CMakeFiles/test_char_array.dir/test/test_char_array.cpp.o[0m
[29.258s] [ 41%] [32m[1mLinking CXX executable test_char_array[0m
[29.518s] [ 41%] Built target test_char_array
[29.545s] [35m[1mScanning dependencies of target test_allocator[0m
[29.585s] [ 42%] [32mBuilding CXX object CMakeFiles/test_allocator.dir/test/test_allocator.cpp.o[0m
[31.664s] [ 43%] [32m[1mLinking CXX executable test_allocator[0m
[31.841s] [ 43%] Built target test_allocator
[31.855s] [35m[1mScanning dependencies of target test_split[0m
[31.879s] [ 44%] [32mBuilding CXX object CMakeFiles/test_split.dir/test/test_split.cpp.o[0m
[32.923s] [ 45%] [32m[1mLinking CXX executable test_split[0m
[33.093s] [ 45%] Built target test_split
[33.107s] [35m[1mScanning dependencies of target test_strdup[0m
[33.129s] [ 46%] [32mBuilding CXX object CMakeFiles/test_strdup.dir/test/test_strdup.cpp.o[0m
[34.107s] [ 47%] [32m[1mLinking CXX executable test_strdup[0m
[34.138s] [35m[1mScanning dependencies of target test_error_handling[0m
[34.191s] [ 48%] [32mBuilding CXX object CMakeFiles/test_error_handling.dir/test/test_error_handling.cpp.o[0m
[34.374s] [ 48%] Built target test_strdup
[34.395s] [35m[1mScanning dependencies of target test_array_list[0m
[34.431s] [ 49%] [32mBuilding CXX object CMakeFiles/test_array_list.dir/test/test_array_list.cpp.o[0m
[35.434s] [35m[1mScanning dependencies of target test_format_string[0m
[35.473s] [ 50%] [32mBuilding CXX object CMakeFiles/test_format_string.dir/test/test_format_string.cpp.o[0m
[36.132s] [ 51%] [32m[1mLinking CXX executable test_array_list[0m
[36.465s] [ 51%] Built target test_array_list
[36.468s] [35m[1mScanning dependencies of target test_process[0m
[36.489s] [35m[1mScanning dependencies of target test_hash_map[0m
[36.509s] [ 52%] [32mBuilding CXX object CMakeFiles/test_process.dir/test/test_process.cpp.o[0m
[36.530s] [ 53%] [32mBuilding CXX object CMakeFiles/test_hash_map.dir/test/test_hash_map.cpp.o[0m
[37.231s] [ 53%] [32m[1mLinking CXX executable test_format_string[0m
[37.235s] [ 53%] [32m[1mLinking CXX executable test_error_handling[0m
[37.542s] [35m[1mScanning dependencies of target test_logging_custom_env2[0m
[37.564s] [ 53%] Built target test_format_string
[37.591s] [35m[1mScanning dependencies of target test_cmdline_parser[0m
[37.628s] [ 54%] [32mBuilding CXX object CMakeFiles/test_logging_custom_env2.dir/test/test_logging_custom_env.cpp.o[0m
[37.641s] [ 55%] [32mBuilding CXX object CMakeFiles/test_cmdline_parser.dir/test/test_cmdline_parser.cpp.o[0m
[37.683s] [ 55%] Built target test_error_handling
[37.690s] [35m[1mScanning dependencies of target test_time[0m
[37.710s] [35m[1mScanning dependencies of target test_logging_custom_env[0m
[37.762s] [ 56%] [32mBuilding CXX object CMakeFiles/test_logging_custom_env.dir/test/test_logging_custom_env.cpp.o[0m
[37.797s] [ 57%] [32mBuilding CXX object CMakeFiles/test_time.dir/test/test_time.cpp.o[0m
[38.399s] [ 58%] [32m[1mLinking CXX executable test_process[0m
[38.901s] [ 58%] Built target test_process
[39.442s] [ 59%] [32m[1mLinking CXX executable test_hash_map[0m
[39.521s] [ 60%] [32m[1mLinking CXX executable test_cmdline_parser[0m
[39.919s] [ 60%] Built target test_hash_map
[39.985s] [ 60%] Built target test_cmdline_parser
[40.035s] [ 61%] [32m[1mLinking CXX executable test_logging_custom_env2[0m
[40.041s] [ 61%] [32m[1mLinking CXX executable test_logging_custom_env[0m
[40.384s] [ 61%] Built target test_logging_custom_env2
[40.388s] [ 61%] Built target test_logging_custom_env
[41.246s] [ 62%] [32m[1mLinking CXX executable test_time[0m
[41.414s] [35m[1mScanning dependencies of target test_string_array[0m
[41.457s] [ 63%] [32mBuilding CXX object CMakeFiles/test_string_array.dir/test/test_string_array.cpp.o[0m
[41.595s] [ 63%] Built target test_time
[41.626s] [35m[1mScanning dependencies of target test_repl_str[0m
[41.680s] [ 64%] [32mBuilding CXX object CMakeFiles/test_repl_str.dir/test/test_repl_str.cpp.o[0m
[42.726s] [35m[1mScanning dependencies of target test_isalnum_no_locale[0m
[42.866s] [ 65%] [32mBuilding CXX object CMakeFiles/test_isalnum_no_locale.dir/test/test_isalnum_no_locale.cpp.o[0m
[43.774s] [ 66%] [32m[1mLinking CXX executable test_repl_str[0m
[43.991s] [ 67%] [32m[1mLinking CXX executable test_string_array[0m
[44.275s] [ 67%] Built target test_repl_str
[44.506s] [ 67%] Built target test_string_array
[45.073s] [ 68%] [32m[1mLinking CXX executable test_isalnum_no_locale[0m
[45.407s] [ 68%] Built target test_isalnum_no_locale
[45.433s] [35m[1mScanning dependencies of target test_env[0m
[45.475s] [ 69%] [32mBuilding CXX object CMakeFiles/test_env.dir/test/test_env.cpp.o[0m
[46.813s] [ 70%] [32m[1mLinking CXX executable test_env[0m
[47.039s] [ 70%] Built target test_env
[47.058s] [35m[1mScanning dependencies of target test_filesystem[0m
[47.093s] [ 71%] [32mBuilding CXX object CMakeFiles/test_filesystem.dir/test/test_filesystem.cpp.o[0m
[49.093s] [35m[1mScanning dependencies of target test_get_env[0m
[49.093s] [35m[1mScanning dependencies of target test_string_map[0m
[49.131s] [ 72%] [32mBuilding CXX object CMakeFiles/test_get_env.dir/test/test_get_env.cpp.o[0m
[49.132s] [ 73%] [32mBuilding CXX object CMakeFiles/test_string_map.dir/test/test_string_map.cpp.o[0m
[50.162s] [35m[1mScanning dependencies of target test_logging[0m
[50.162s] [35m[1mScanning dependencies of target test_strerror[0m
[50.249s] [ 74%] [32mBuilding CXX object CMakeFiles/test_strerror.dir/test/test_strerror.cpp.o[0m
[50.278s] [ 75%] [32mBuilding CXX object CMakeFiles/test_logging.dir/test/test_logging.cpp.o[0m
[50.751s] [ 76%] [32m[1mLinking CXX executable test_filesystem[0m
[51.333s] [35m[1mScanning dependencies of target test_logging_macros[0m
[51.367s] [35m[1mScanning dependencies of target test_error_handling_helpers[0m
[51.625s] [ 77%] [32mBuilding CXX object CMakeFiles/test_error_handling_helpers.dir/test/test_error_handling_helpers.cpp.o[0m
[51.629s] [ 78%] [32mBuilding CXX object CMakeFiles/test_logging_macros.dir/test/test_logging_macros.cpp.o[0m
[51.991s] [ 78%] Built target test_filesystem
[52.051s] [35m[1mScanning dependencies of target test_logging_bad_env[0m
[52.085s] [35m[1mScanning dependencies of target test_logging_bad_env3[0m
[52.088s] [35m[1mScanning dependencies of target test_logging_enable_for[0m
[52.192s] [ 78%] [32mBuilding CXX object CMakeFiles/test_logging_bad_env.dir/test/test_logging_bad_env.cpp.o[0m
[52.235s] [ 79%] [32mBuilding CXX object CMakeFiles/test_logging_bad_env3.dir/test/test_logging_bad_env.cpp.o[0m
[52.259s] [ 80%] [32mBuilding CXX object CMakeFiles/test_logging_enable_for.dir/test/test_logging_enable_for.cpp.o[0m
[52.460s] [ 81%] [32m[1mLinking CXX executable test_get_env[0m
[53.248s] [ 81%] Built target test_get_env
[53.277s] [35m[1mScanning dependencies of target test_shared_library[0m
[53.297s] [35m[1mScanning dependencies of target test_logging_console_output_handler[0m
[53.355s] [35m[1mScanning dependencies of target test_macros[0m
[53.431s] [ 81%] [32mBuilding CXX object CMakeFiles/test_shared_library.dir/test/test_shared_library.cpp.o[0m
[53.511s] [ 82%] [32mBuilding CXX object CMakeFiles/test_logging_console_output_handler.dir/test/test_logging_console_output_handler.cpp.o[0m
[53.515s] [ 83%] [32mBuilding CXX object CMakeFiles/test_macros.dir/test/test_macros.cpp.o[0m
[54.796s] [ 83%] [32m[1mLinking CXX executable test_strerror[0m
[55.627s] [ 83%] Built target test_strerror
[55.857s] [ 84%] [32m[1mLinking CXX executable test_logging[0m
[56.562s] [ 85%] [32m[1mLinking CXX executable test_logging_enable_for[0m
[56.686s] [ 85%] Built target test_logging
[56.820s] [ 86%] [32m[1mLinking CXX executable test_logging_bad_env[0m
[56.955s] [ 87%] [32m[1mLinking CXX executable test_logging_bad_env3[0m
[57.070s] [ 88%] [32m[1mLinking CXX executable test_error_handling_helpers[0m
[57.308s] [ 88%] Built target test_logging_bad_env
[57.444s] [ 89%] [32m[1mLinking CXX executable test_string_map[0m
[57.493s] [ 89%] Built target test_logging_enable_for
[57.594s] [ 90%] [32m[1mLinking CXX executable test_logging_console_output_handler[0m
[57.819s] [ 90%] Built target test_error_handling_helpers
[57.836s] [ 90%] Built target test_logging_bad_env3
[58.019s] [ 91%] [32m[1mLinking CXX executable test_macros[0m
[58.268s] [ 91%] [32m[1mLinking CXX executable test_logging_macros[0m
[58.282s] [ 91%] Built target test_string_map
[58.290s] [ 91%] Built target test_logging_console_output_handler
[58.361s] [ 92%] [32m[1mLinking CXX executable test_shared_library[0m
[58.565s] [ 92%] Built target test_macros
[58.835s] [ 92%] Built target test_shared_library
[59.130s] [ 92%] Built target test_logging_macros
[59.156s] [35m[1mScanning dependencies of target test_uint8_array[0m
[59.200s] [ 93%] [32mBuilding CXX object CMakeFiles/test_uint8_array.dir/test/test_uint8_array.cpp.o[0m
[60.537s] [ 94%] [32m[1mLinking CXX executable test_uint8_array[0m
[60.698s] [ 94%] Built target test_uint8_array
[60.711s] [35m[1mScanning dependencies of target test_snprintf[0m
[60.732s] [ 95%] [32mBuilding CXX object CMakeFiles/test_snprintf.dir/test/test_snprintf.cpp.o[0m
[61.606s] [ 96%] [32m[1mLinking CXX executable test_snprintf[0m
[61.751s] [ 96%] Built target test_snprintf
[61.764s] [35m[1mScanning dependencies of target test_logging_bad_env2[0m
[61.786s] [ 97%] [32mBuilding CXX object CMakeFiles/test_logging_bad_env2.dir/test/test_logging_bad_env.cpp.o[0m
[62.627s] [ 98%] [32m[1mLinking CXX executable test_logging_bad_env2[0m
[62.781s] [ 98%] Built target test_logging_bad_env2
[62.794s] [35m[1mScanning dependencies of target test_find[0m
[62.816s] [ 99%] [32mBuilding CXX object CMakeFiles/test_find.dir/test/test_find.cpp.o[0m
[63.705s] [100%] [32m[1mLinking CXX executable test_find[0m
[63.868s] [100%] Built target test_find
[63.884s] Invoked command in '/robofuzz/ros2_foxy/build/rcutils' returned '0': AMENT_PREFIX_PATH=/robofuzz/ros2_foxy/install/launch_testing_ament_cmake:/robofuzz/ros2_foxy/install/python_cmake_module:/robofuzz/ros2_foxy/install/mimick_vendor:/robofuzz/ros2_foxy/install/ament_cmake_ros:/robofuzz/ros2_foxy/install/ament_lint_common:/robofuzz/ros2_foxy/install/ament_cmake_xmllint:/robofuzz/ros2_foxy/install/ament_cmake_uncrustify:/robofuzz/ros2_foxy/install/ament_cmake_pep257:/robofuzz/ros2_foxy/install/ament_cmake_flake8:/robofuzz/ros2_foxy/install/ament_cmake_cpplint:/robofuzz/ros2_foxy/install/ament_cmake_cppcheck:/robofuzz/ros2_foxy/install/launch_testing:/robofuzz/ros2_foxy/install/ament_uncrustify:/robofuzz/ros2_foxy/install/ament_cmake_copyright:/robofuzz/ros2_foxy/install/uncrustify_vendor:/robofuzz/ros2_foxy/install/launch:/robofuzz/ros2_foxy/install/ament_cmake_lint_cmake:/robofuzz/ros2_foxy/install/ament_cmake_gmock:/robofuzz/ros2_foxy/install/domain_coordinator:/robofuzz/ros2_foxy/install/ament_xmllint:/robofuzz/ros2_foxy/install/ament_lint_cmake:/robofuzz/ros2_foxy/install/ament_lint_auto:/robofuzz/ros2_foxy/install/ament_index_python:/robofuzz/ros2_foxy/install/ament_cpplint:/robofuzz/ros2_foxy/install/ament_cmake_pytest:/robofuzz/ros2_foxy/install/ament_cmake_gtest:/robofuzz/ros2_foxy/install/ament_cmake:/robofuzz/ros2_foxy/install/ament_copyright:/robofuzz/ros2_foxy/install/ament_cmake_test:/robofuzz/ros2_foxy/install/ament_cmake_target_dependencies:/robofuzz/ros2_foxy/install/ament_cmake_export_targets:/robofuzz/ros2_foxy/install/ament_cmake_export_interfaces:/robofuzz/ros2_foxy/install/ament_cmake_export_dependencies:/robofuzz/ros2_foxy/install/ament_pep257:/robofuzz/ros2_foxy/install/ament_cmake_version:/robofuzz/ros2_foxy/install/ament_cmake_python:/robofuzz/ros2_foxy/install/ament_cmake_libraries:/robofuzz/ros2_foxy/install/ament_cmake_include_directories:/robofuzz/ros2_foxy/install/ament_cmake_export_link_flags:/robofuzz/ros2_foxy/install/ament_cmake_export_libraries:/robofuzz/ros2_foxy/install/ament_cmake_export_include_directories:/robofuzz/ros2_foxy/install/ament_cmake_export_definitions:/robofuzz/ros2_foxy/install/ament_flake8:/robofuzz/ros2_foxy/install/ament_cmake_core:/robofuzz/ros2_foxy/install/osrf_pycommon:/robofuzz/ros2_foxy/install/ament_package:/robofuzz/ros2_foxy/install/ament_lint:/robofuzz/ros2_foxy/install/ament_cppcheck:${AMENT_PREFIX_PATH} CMAKE_PREFIX_PATH=/robofuzz/ros2_foxy/install/launch_testing_ament_cmake:/robofuzz/ros2_foxy/install/python_cmake_module:/robofuzz/ros2_foxy/install/mimick_vendor:/robofuzz/ros2_foxy/install/ament_cmake_ros:/robofuzz/ros2_foxy/install/ament_lint_common:/robofuzz/ros2_foxy/install/ament_cmake_xmllint:/robofuzz/ros2_foxy/install/ament_cmake_uncrustify:/robofuzz/ros2_foxy/install/ament_cmake_pep257:/robofuzz/ros2_foxy/install/ament_cmake_flake8:/robofuzz/ros2_foxy/install/ament_cmake_cpplint:/robofuzz/ros2_foxy/install/ament_cmake_cppcheck:/robofuzz/ros2_foxy/install/ament_cmake_copyright:/robofuzz/ros2_foxy/install/uncrustify_vendor:/robofuzz/ros2_foxy/install/ament_cmake_lint_cmake:/robofuzz/ros2_foxy/install/ament_cmake_gmock:/robofuzz/ros2_foxy/install/ament_lint_auto:/robofuzz/ros2_foxy/install/ament_cmake_pytest:/robofuzz/ros2_foxy/install/ament_cmake_gtest:/robofuzz/ros2_foxy/install/ament_cmake:/robofuzz/ros2_foxy/install/ament_cmake_test:/robofuzz/ros2_foxy/install/ament_cmake_target_dependencies:/robofuzz/ros2_foxy/install/ament_cmake_export_targets:/robofuzz/ros2_foxy/install/ament_cmake_export_interfaces:/robofuzz/ros2_foxy/install/ament_cmake_export_dependencies:/robofuzz/ros2_foxy/install/ament_cmake_version:/robofuzz/ros2_foxy/install/ament_cmake_python:/robofuzz/ros2_foxy/install/ament_cmake_libraries:/robofuzz/ros2_foxy/install/ament_cmake_include_directories:/robofuzz/ros2_foxy/install/ament_cmake_export_link_flags:/robofuzz/ros2_foxy/install/ament_cmake_export_libraries:/robofuzz/ros2_foxy/install/ament_cmake_export_include_directories:/robofuzz/ros2_foxy/install/ament_cmake_export_definitions:/robofuzz/ros2_foxy/install/gmock_vendor:/robofuzz/ros2_foxy/install/ament_cmake_core:/robofuzz/ros2_foxy/install/osrf_testing_tools_cpp:/robofuzz/ros2_foxy/install/gtest_vendor:/robofuzz/targets/moveit2_ws/install/moveit2_tutorials:/robofuzz/targets/moveit2_ws/install/moveit_visual_tools:/robofuzz/targets/moveit2_ws/install/rviz_visual_tools:/robofuzz/targets/turtlebot3_ws/install/turtlebot3:/robofuzz/targets/turtlebot3_ws/install/turtlebot3_simulations:/robofuzz/targets/turtlebot3_ws/install/turtlebot3_bringup:/robofuzz/targets/turtlebot3_ws/install/turtlebot3_node:/robofuzz/targets/turtlebot3_ws/install/turtlebot3_navigation2:/robofuzz/targets/turtlebot3_ws/install/turtlebot3_fake_node:/robofuzz/targets/turtlebot3_ws/install/turtlebot3_msgs:/robofuzz/targets/turtlebot3_ws/install/turtlebot3_gazebo:/robofuzz/targets/turtlebot3_ws/install/turtlebot3_description:/robofuzz/targets/turtlebot3_ws/install/turtlebot3_cartographer:/robofuzz/targets/turtlebot3_ws/install/hls_lfcd_lds_driver:/robofuzz/targets/turtlebot3_ws/install/dynamixel_sdk_examples:/robofuzz/targets/turtlebot3_ws/install/dynamixel_sdk_custom_interfaces:/robofuzz/targets/turtlebot3_ws/install/dynamixel_sdk:/robofuzz/targets/idltest_ws/install/idltest_target:/robofuzz/targets/idltest_ws/install/idltest_msgs:/robofuzz/targets/px4_ros_com_ros2/install/px4_ros_com:/robofuzz/targets/px4_ros_com_ros2/install/px4_msgs:/robofuzz/targets/turtlebot3_ws/install/turtlebot3_teleop:/robofuzz/targets/turtlebot3_ws/install/turtlebot3_example:/opt/ros/foxy LD_LIBRARY_PATH=/robofuzz/ros2_foxy/install/mimick_vendor/lib:/robofuzz/ros2_foxy/install/osrf_testing_tools_cpp/lib:${LD_LIBRARY_PATH} PATH=/robofuzz/ros2_foxy/install/launch_testing/bin:/robofuzz/ros2_foxy/install/ament_uncrustify/bin:/robofuzz/ros2_foxy/install/ament_xmllint/bin:/robofuzz/ros2_foxy/install/ament_lint_cmake/bin:/robofuzz/ros2_foxy/install/ament_index_python/bin:/robofuzz/ros2_foxy/install/ament_cpplint/bin:/robofuzz/ros2_foxy/install/ament_copyright/bin:/robofuzz/ros2_foxy/install/ament_pep257/bin:/robofuzz/ros2_foxy/install/ament_flake8/bin:/robofuzz/ros2_foxy/install/ament_cppcheck/bin:${PATH} PKG_CONFIG_PATH=/robofuzz/ros2_foxy/install/gmock_vendor/lib/x86_64-linux-gnu/pkgconfig:/robofuzz/ros2_foxy/install/gmock_vendor/lib/pkgconfig:/robofuzz/ros2_foxy/install/osrf_testing_tools_cpp/lib/x86_64-linux-gnu/pkgconfig:/robofuzz/ros2_foxy/install/osrf_testing_tools_cpp/lib/pkgconfig:/robofuzz/ros2_foxy/install/gtest_vendor/lib/x86_64-linux-gnu/pkgconfig:/robofuzz/ros2_foxy/install/gtest_vendor/lib/pkgconfig PYTHONPATH=/robofuzz/ros2_foxy/build/launch_testing:/robofuzz/ros2_foxy/install/launch_testing/lib/python3.8/site-packages:/robofuzz/ros2_foxy/build/ament_uncrustify:/robofuzz/ros2_foxy/install/ament_uncrustify/lib/python3.8/site-packages:/robofuzz/ros2_foxy/build/launch:/robofuzz/ros2_foxy/install/launch/lib/python3.8/site-packages:/robofuzz/ros2_foxy/build/domain_coordinator:/robofuzz/ros2_foxy/install/domain_coordinator/lib/python3.8/site-packages:/robofuzz/ros2_foxy/build/ament_xmllint:/robofuzz/ros2_foxy/install/ament_xmllint/lib/python3.8/site-packages:/robofuzz/ros2_foxy/build/ament_lint_cmake:/robofuzz/ros2_foxy/install/ament_lint_cmake/lib/python3.8/site-packages:/robofuzz/ros2_foxy/build/ament_index_python:/robofuzz/ros2_foxy/install/ament_index_python/lib/python3.8/site-packages:/robofuzz/ros2_foxy/build/ament_cpplint:/robofuzz/ros2_foxy/install/ament_cpplint/lib/python3.8/site-packages:/robofuzz/ros2_foxy/build/ament_copyright:/robofuzz/ros2_foxy/install/ament_copyright/lib/python3.8/site-packages:/robofuzz/ros2_foxy/install/ament_cmake_test/lib/python3.8/site-packages:/robofuzz/ros2_foxy/build/ament_pep257:/robofuzz/ros2_foxy/install/ament_pep257/lib/python3.8/site-packages:/robofuzz/ros2_foxy/build/ament_flake8:/robofuzz/ros2_foxy/install/ament_flake8/lib/python3.8/site-packages:/robofuzz/ros2_foxy/build/osrf_pycommon:/robofuzz/ros2_foxy/install/osrf_pycommon/lib/python3.8/site-packages:/robofuzz/ros2_foxy/build/ament_package:/robofuzz/ros2_foxy/install/ament_package/lib/python3.8/site-packages:/robofuzz/ros2_foxy/build/ament_lint:/robofuzz/ros2_foxy/install/ament_lint/lib/python3.8/site-packages:/robofuzz/ros2_foxy/build/ament_cppcheck:/robofuzz/ros2_foxy/install/ament_cppcheck/lib/python3.8/site-packages:${PYTHONPATH} /usr/bin/cmake --build /robofuzz/ros2_foxy/build/rcutils -- -j12 -l12
[64.106s] Invoking command in '/robofuzz/ros2_foxy/build/rcutils': AMENT_PREFIX_PATH=/robofuzz/ros2_foxy/install/launch_testing_ament_cmake:/robofuzz/ros2_foxy/install/python_cmake_module:/robofuzz/ros2_foxy/install/mimick_vendor:/robofuzz/ros2_foxy/install/ament_cmake_ros:/robofuzz/ros2_foxy/install/ament_lint_common:/robofuzz/ros2_foxy/install/ament_cmake_xmllint:/robofuzz/ros2_foxy/install/ament_cmake_uncrustify:/robofuzz/ros2_foxy/install/ament_cmake_pep257:/robofuzz/ros2_foxy/install/ament_cmake_flake8:/robofuzz/ros2_foxy/install/ament_cmake_cpplint:/robofuzz/ros2_foxy/install/ament_cmake_cppcheck:/robofuzz/ros2_foxy/install/launch_testing:/robofuzz/ros2_foxy/install/ament_uncrustify:/robofuzz/ros2_foxy/install/ament_cmake_copyright:/robofuzz/ros2_foxy/install/uncrustify_vendor:/robofuzz/ros2_foxy/install/launch:/robofuzz/ros2_foxy/install/ament_cmake_lint_cmake:/robofuzz/ros2_foxy/install/ament_cmake_gmock:/robofuzz/ros2_foxy/install/domain_coordinator:/robofuzz/ros2_foxy/install/ament_xmllint:/robofuzz/ros2_foxy/install/ament_lint_cmake:/robofuzz/ros2_foxy/install/ament_lint_auto:/robofuzz/ros2_foxy/install/ament_index_python:/robofuzz/ros2_foxy/install/ament_cpplint:/robofuzz/ros2_foxy/install/ament_cmake_pytest:/robofuzz/ros2_foxy/install/ament_cmake_gtest:/robofuzz/ros2_foxy/install/ament_cmake:/robofuzz/ros2_foxy/install/ament_copyright:/robofuzz/ros2_foxy/install/ament_cmake_test:/robofuzz/ros2_foxy/install/ament_cmake_target_dependencies:/robofuzz/ros2_foxy/install/ament_cmake_export_targets:/robofuzz/ros2_foxy/install/ament_cmake_export_interfaces:/robofuzz/ros2_foxy/install/ament_cmake_export_dependencies:/robofuzz/ros2_foxy/install/ament_pep257:/robofuzz/ros2_foxy/install/ament_cmake_version:/robofuzz/ros2_foxy/install/ament_cmake_python:/robofuzz/ros2_foxy/install/ament_cmake_libraries:/robofuzz/ros2_foxy/install/ament_cmake_include_directories:/robofuzz/ros2_foxy/install/ament_cmake_export_link_flags:/robofuzz/ros2_foxy/install/ament_cmake_export_libraries:/robofuzz/ros2_foxy/install/ament_cmake_export_include_directories:/robofuzz/ros2_foxy/install/ament_cmake_export_definitions:/robofuzz/ros2_foxy/install/ament_flake8:/robofuzz/ros2_foxy/install/ament_cmake_core:/robofuzz/ros2_foxy/install/osrf_pycommon:/robofuzz/ros2_foxy/install/ament_package:/robofuzz/ros2_foxy/install/ament_lint:/robofuzz/ros2_foxy/install/ament_cppcheck:${AMENT_PREFIX_PATH} CMAKE_PREFIX_PATH=/robofuzz/ros2_foxy/install/launch_testing_ament_cmake:/robofuzz/ros2_foxy/install/python_cmake_module:/robofuzz/ros2_foxy/install/mimick_vendor:/robofuzz/ros2_foxy/install/ament_cmake_ros:/robofuzz/ros2_foxy/install/ament_lint_common:/robofuzz/ros2_foxy/install/ament_cmake_xmllint:/robofuzz/ros2_foxy/install/ament_cmake_uncrustify:/robofuzz/ros2_foxy/install/ament_cmake_pep257:/robofuzz/ros2_foxy/install/ament_cmake_flake8:/robofuzz/ros2_foxy/install/ament_cmake_cpplint:/robofuzz/ros2_foxy/install/ament_cmake_cppcheck:/robofuzz/ros2_foxy/install/ament_cmake_copyright:/robofuzz/ros2_foxy/install/uncrustify_vendor:/robofuzz/ros2_foxy/install/ament_cmake_lint_cmake:/robofuzz/ros2_foxy/install/ament_cmake_gmock:/robofuzz/ros2_foxy/install/ament_lint_auto:/robofuzz/ros2_foxy/install/ament_cmake_pytest:/robofuzz/ros2_foxy/install/ament_cmake_gtest:/robofuzz/ros2_foxy/install/ament_cmake:/robofuzz/ros2_foxy/install/ament_cmake_test:/robofuzz/ros2_foxy/install/ament_cmake_target_dependencies:/robofuzz/ros2_foxy/install/ament_cmake_export_targets:/robofuzz/ros2_foxy/install/ament_cmake_export_interfaces:/robofuzz/ros2_foxy/install/ament_cmake_export_dependencies:/robofuzz/ros2_foxy/install/ament_cmake_version:/robofuzz/ros2_foxy/install/ament_cmake_python:/robofuzz/ros2_foxy/install/ament_cmake_libraries:/robofuzz/ros2_foxy/install/ament_cmake_include_directories:/robofuzz/ros2_foxy/install/ament_cmake_export_link_flags:/robofuzz/ros2_foxy/install/ament_cmake_export_libraries:/robofuzz/ros2_foxy/install/ament_cmake_export_include_directories:/robofuzz/ros2_foxy/install/ament_cmake_export_definitions:/robofuzz/ros2_foxy/install/gmock_vendor:/robofuzz/ros2_foxy/install/ament_cmake_core:/robofuzz/ros2_foxy/install/osrf_testing_tools_cpp:/robofuzz/ros2_foxy/install/gtest_vendor:/robofuzz/targets/moveit2_ws/install/moveit2_tutorials:/robofuzz/targets/moveit2_ws/install/moveit_visual_tools:/robofuzz/targets/moveit2_ws/install/rviz_visual_tools:/robofuzz/targets/turtlebot3_ws/install/turtlebot3:/robofuzz/targets/turtlebot3_ws/install/turtlebot3_simulations:/robofuzz/targets/turtlebot3_ws/install/turtlebot3_bringup:/robofuzz/targets/turtlebot3_ws/install/turtlebot3_node:/robofuzz/targets/turtlebot3_ws/install/turtlebot3_navigation2:/robofuzz/targets/turtlebot3_ws/install/turtlebot3_fake_node:/robofuzz/targets/turtlebot3_ws/install/turtlebot3_msgs:/robofuzz/targets/turtlebot3_ws/install/turtlebot3_gazebo:/robofuzz/targets/turtlebot3_ws/install/turtlebot3_description:/robofuzz/targets/turtlebot3_ws/install/turtlebot3_cartographer:/robofuzz/targets/turtlebot3_ws/install/hls_lfcd_lds_driver:/robofuzz/targets/turtlebot3_ws/install/dynamixel_sdk_examples:/robofuzz/targets/turtlebot3_ws/install/dynamixel_sdk_custom_interfaces:/robofuzz/targets/turtlebot3_ws/install/dynamixel_sdk:/robofuzz/targets/idltest_ws/install/idltest_target:/robofuzz/targets/idltest_ws/install/idltest_msgs:/robofuzz/targets/px4_ros_com_ros2/install/px4_ros_com:/robofuzz/targets/px4_ros_com_ros2/install/px4_msgs:/robofuzz/targets/turtlebot3_ws/install/turtlebot3_teleop:/robofuzz/targets/turtlebot3_ws/install/turtlebot3_example:/opt/ros/foxy LD_LIBRARY_PATH=/robofuzz/ros2_foxy/install/mimick_vendor/lib:/robofuzz/ros2_foxy/install/osrf_testing_tools_cpp/lib:${LD_LIBRARY_PATH} PATH=/robofuzz/ros2_foxy/install/launch_testing/bin:/robofuzz/ros2_foxy/install/ament_uncrustify/bin:/robofuzz/ros2_foxy/install/ament_xmllint/bin:/robofuzz/ros2_foxy/install/ament_lint_cmake/bin:/robofuzz/ros2_foxy/install/ament_index_python/bin:/robofuzz/ros2_foxy/install/ament_cpplint/bin:/robofuzz/ros2_foxy/install/ament_copyright/bin:/robofuzz/ros2_foxy/install/ament_pep257/bin:/robofuzz/ros2_foxy/install/ament_flake8/bin:/robofuzz/ros2_foxy/install/ament_cppcheck/bin:${PATH} PKG_CONFIG_PATH=/robofuzz/ros2_foxy/install/gmock_vendor/lib/x86_64-linux-gnu/pkgconfig:/robofuzz/ros2_foxy/install/gmock_vendor/lib/pkgconfig:/robofuzz/ros2_foxy/install/osrf_testing_tools_cpp/lib/x86_64-linux-gnu/pkgconfig:/robofuzz/ros2_foxy/install/osrf_testing_tools_cpp/lib/pkgconfig:/robofuzz/ros2_foxy/install/gtest_vendor/lib/x86_64-linux-gnu/pkgconfig:/robofuzz/ros2_foxy/install/gtest_vendor/lib/pkgconfig PYTHONPATH=/robofuzz/ros2_foxy/build/launch_testing:/robofuzz/ros2_foxy/install/launch_testing/lib/python3.8/site-packages:/robofuzz/ros2_foxy/build/ament_uncrustify:/robofuzz/ros2_foxy/install/ament_uncrustify/lib/python3.8/site-packages:/robofuzz/ros2_foxy/build/launch:/robofuzz/ros2_foxy/install/launch/lib/python3.8/site-packages:/robofuzz/ros2_foxy/build/domain_coordinator:/robofuzz/ros2_foxy/install/domain_coordinator/lib/python3.8/site-packages:/robofuzz/ros2_foxy/build/ament_xmllint:/robofuzz/ros2_foxy/install/ament_xmllint/lib/python3.8/site-packages:/robofuzz/ros2_foxy/build/ament_lint_cmake:/robofuzz/ros2_foxy/install/ament_lint_cmake/lib/python3.8/site-packages:/robofuzz/ros2_foxy/build/ament_index_python:/robofuzz/ros2_foxy/install/ament_index_python/lib/python3.8/site-packages:/robofuzz/ros2_foxy/build/ament_cpplint:/robofuzz/ros2_foxy/install/ament_cpplint/lib/python3.8/site-packages:/robofuzz/ros2_foxy/build/ament_copyright:/robofuzz/ros2_foxy/install/ament_copyright/lib/python3.8/site-packages:/robofuzz/ros2_foxy/install/ament_cmake_test/lib/python3.8/site-packages:/robofuzz/ros2_foxy/build/ament_pep257:/robofuzz/ros2_foxy/install/ament_pep257/lib/python3.8/site-packages:/robofuzz/ros2_foxy/build/ament_flake8:/robofuzz/ros2_foxy/install/ament_flake8/lib/python3.8/site-packages:/robofuzz/ros2_foxy/build/osrf_pycommon:/robofuzz/ros2_foxy/install/osrf_pycommon/lib/python3.8/site-packages:/robofuzz/ros2_foxy/build/ament_package:/robofuzz/ros2_foxy/install/ament_package/lib/python3.8/site-packages:/robofuzz/ros2_foxy/build/ament_lint:/robofuzz/ros2_foxy/install/ament_lint/lib/python3.8/site-packages:/robofuzz/ros2_foxy/build/ament_cppcheck:/robofuzz/ros2_foxy/install/ament_cppcheck/lib/python3.8/site-packages:${PYTHONPATH} /usr/bin/cmake --install /robofuzz/ros2_foxy/build/rcutils
[64.117s] -- Install configuration: ""
[64.117s] -- Execute custom install script
[64.118s] -- Symlinking: /robofuzz/ros2_foxy/install/rcutils/share/rcutils/environment/pythonpath.sh
[64.130s] -- Symlinking: /robofuzz/ros2_foxy/install/rcutils/share/rcutils/environment/pythonpath.dsv
[64.142s] -- Symlinking: /robofuzz/ros2_foxy/install/rcutils/lib/python3.8/site-packages/rcutils/__init__.py
[64.154s] -- Symlinking: /robofuzz/ros2_foxy/install/rcutils/lib/python3.8/site-packages/rcutils/logging.py
[64.167s] -- Symlinking: /robofuzz/ros2_foxy/install/rcutils/share/rcutils/environment/library_path.sh
[64.179s] -- Symlinking: /robofuzz/ros2_foxy/install/rcutils/share/rcutils/environment/library_path.dsv
[64.191s] -- Symlinking: /robofuzz/ros2_foxy/install/rcutils/share/ament_index/resource_index/package_run_dependencies/rcutils
[64.202s] -- Symlinking: /robofuzz/ros2_foxy/install/rcutils/share/ament_index/resource_index/parent_prefix_path/rcutils
[64.214s] -- Symlinking: /robofuzz/ros2_foxy/install/rcutils/share/rcutils/environment/ament_prefix_path.sh
[64.226s] -- Symlinking: /robofuzz/ros2_foxy/install/rcutils/share/rcutils/environment/ament_prefix_path.dsv
[64.238s] -- Symlinking: /robofuzz/ros2_foxy/install/rcutils/share/rcutils/environment/path.sh
[64.250s] -- Symlinking: /robofuzz/ros2_foxy/install/rcutils/share/rcutils/environment/path.dsv
[64.262s] -- Symlinking: /robofuzz/ros2_foxy/install/rcutils/share/rcutils/local_setup.bash
[64.274s] -- Symlinking: /robofuzz/ros2_foxy/install/rcutils/share/rcutils/local_setup.sh
[64.286s] -- Symlinking: /robofuzz/ros2_foxy/install/rcutils/share/rcutils/local_setup.zsh
[64.298s] -- Symlinking: /robofuzz/ros2_foxy/install/rcutils/share/rcutils/local_setup.dsv
[64.310s] -- Symlinking: /robofuzz/ros2_foxy/install/rcutils/share/rcutils/package.dsv
[64.322s] -- Symlinking: /robofuzz/ros2_foxy/install/rcutils/share/ament_index/resource_index/packages/rcutils
[64.334s] -- Symlinking: /robofuzz/ros2_foxy/install/rcutils/share/rcutils/cmake/ament_cmake_export_link_flags-extras.cmake
[64.345s] -- Symlinking: /robofuzz/ros2_foxy/install/rcutils/share/rcutils/cmake/ament_cmake_export_dependencies-extras.cmake
[64.357s] -- Symlinking: /robofuzz/ros2_foxy/install/rcutils/share/rcutils/cmake/ament_cmake_export_include_directories-extras.cmake
[64.370s] -- Symlinking: /robofuzz/ros2_foxy/install/rcutils/share/rcutils/cmake/ament_cmake_export_libraries-extras.cmake
[64.382s] -- Symlinking: /robofuzz/ros2_foxy/install/rcutils/share/rcutils/cmake/ament_cmake_export_targets-extras.cmake
[64.394s] -- Symlinking: /robofuzz/ros2_foxy/install/rcutils/share/rcutils/cmake/rcutilsConfig.cmake
[64.406s] -- Symlinking: /robofuzz/ros2_foxy/install/rcutils/share/rcutils/cmake/rcutilsConfig-version.cmake
[64.418s] -- Symlinking: /robofuzz/ros2_foxy/install/rcutils/share/rcutils/package.xml
[64.431s] -- Symlinking: /robofuzz/ros2_foxy/install/rcutils/include/rcutils/allocator.h
[64.443s] -- Symlinking: /robofuzz/ros2_foxy/install/rcutils/include/rcutils/cmdline_parser.h
[64.454s] -- Symlinking: /robofuzz/ros2_foxy/install/rcutils/include/rcutils/env.h
[64.466s] -- Symlinking: /robofuzz/ros2_foxy/install/rcutils/include/rcutils/error_handling.h
[64.477s] -- Symlinking: /robofuzz/ros2_foxy/install/rcutils/include/rcutils/filesystem.h
[64.489s] -- Symlinking: /robofuzz/ros2_foxy/install/rcutils/include/rcutils/find.h
[64.500s] -- Symlinking: /robofuzz/ros2_foxy/install/rcutils/include/rcutils/format_string.h
[64.512s] -- Symlinking: /robofuzz/ros2_foxy/install/rcutils/include/rcutils/get_env.h
[64.524s] -- Symlinking: /robofuzz/ros2_foxy/install/rcutils/include/rcutils/isalnum_no_locale.h
[64.535s] -- Symlinking: /robofuzz/ros2_foxy/install/rcutils/include/rcutils/logging.h
[64.547s] -- Symlinking: /robofuzz/ros2_foxy/install/rcutils/include/rcutils/macros.h
[64.558s] -- Symlinking: /robofuzz/ros2_foxy/install/rcutils/include/rcutils/process.h
[64.570s] -- Symlinking: /robofuzz/ros2_foxy/install/rcutils/include/rcutils/qsort.h
[64.582s] -- Symlinking: /robofuzz/ros2_foxy/install/rcutils/include/rcutils/repl_str.h
[64.594s] -- Symlinking: /robofuzz/ros2_foxy/install/rcutils/include/rcutils/shared_library.h
[64.606s] -- Symlinking: /robofuzz/ros2_foxy/install/rcutils/include/rcutils/snprintf.h
[64.617s] -- Symlinking: /robofuzz/ros2_foxy/install/rcutils/include/rcutils/split.h
[64.630s] -- Symlinking: /robofuzz/ros2_foxy/install/rcutils/include/rcutils/stdatomic_helper.h
[64.641s] -- Symlinking: /robofuzz/ros2_foxy/install/rcutils/include/rcutils/stdatomic_helper/gcc/stdatomic.h
[64.654s] -- Symlinking: /robofuzz/ros2_foxy/install/rcutils/include/rcutils/stdatomic_helper/win32/stdatomic.h
[64.666s] -- Symlinking: /robofuzz/ros2_foxy/install/rcutils/include/rcutils/strdup.h
[64.678s] -- Symlinking: /robofuzz/ros2_foxy/install/rcutils/include/rcutils/strerror.h
[64.690s] -- Symlinking: /robofuzz/ros2_foxy/install/rcutils/include/rcutils/testing/fault_injection.h
[64.702s] -- Symlinking: /robofuzz/ros2_foxy/install/rcutils/include/rcutils/time.h
[64.714s] -- Symlinking: /robofuzz/ros2_foxy/install/rcutils/include/rcutils/types.h
[64.725s] -- Symlinking: /robofuzz/ros2_foxy/install/rcutils/include/rcutils/types/array_list.h
[64.737s] -- Symlinking: /robofuzz/ros2_foxy/install/rcutils/include/rcutils/types/char_array.h
[64.749s] -- Symlinking: /robofuzz/ros2_foxy/install/rcutils/include/rcutils/types/hash_map.h
[64.760s] -- Symlinking: /robofuzz/ros2_foxy/install/rcutils/include/rcutils/types/rcutils_ret.h
[64.772s] -- Symlinking: /robofuzz/ros2_foxy/install/rcutils/include/rcutils/types/string_array.h
[64.783s] -- Symlinking: /robofuzz/ros2_foxy/install/rcutils/include/rcutils/types/string_map.h
[64.795s] -- Symlinking: /robofuzz/ros2_foxy/install/rcutils/include/rcutils/types/uint8_array.h
[64.807s] -- Symlinking: /robofuzz/ros2_foxy/install/rcutils/include/rcutils/visibility_control.h
[64.818s] -- Symlinking: /robofuzz/ros2_foxy/install/rcutils/include/rcutils/visibility_control_macros.h
[64.830s] -- Symlinking: /robofuzz/ros2_foxy/install/rcutils/include/rcutils/logging_macros.h
[64.954s] Listing '/robofuzz/ros2_foxy/install/rcutils/lib/python3.8/site-packages/rcutils'...
[64.954s] Compiling '/robofuzz/ros2_foxy/install/rcutils/lib/python3.8/site-packages/rcutils/__init__.py'...
[64.954s] Compiling '/robofuzz/ros2_foxy/install/rcutils/lib/python3.8/site-packages/rcutils/logging.py'...
[64.959s] -- Installing: /robofuzz/ros2_foxy/install/rcutils/lib/librcutils.so
[64.959s] -- Installing: /robofuzz/ros2_foxy/install/rcutils/share/rcutils/cmake/rcutilsExport.cmake
[64.960s] -- Installing: /robofuzz/ros2_foxy/install/rcutils/share/rcutils/cmake/rcutilsExport-noconfig.cmake
[64.965s] Invoked command in '/robofuzz/ros2_foxy/build/rcutils' returned '0': AMENT_PREFIX_PATH=/robofuzz/ros2_foxy/install/launch_testing_ament_cmake:/robofuzz/ros2_foxy/install/python_cmake_module:/robofuzz/ros2_foxy/install/mimick_vendor:/robofuzz/ros2_foxy/install/ament_cmake_ros:/robofuzz/ros2_foxy/install/ament_lint_common:/robofuzz/ros2_foxy/install/ament_cmake_xmllint:/robofuzz/ros2_foxy/install/ament_cmake_uncrustify:/robofuzz/ros2_foxy/install/ament_cmake_pep257:/robofuzz/ros2_foxy/install/ament_cmake_flake8:/robofuzz/ros2_foxy/install/ament_cmake_cpplint:/robofuzz/ros2_foxy/install/ament_cmake_cppcheck:/robofuzz/ros2_foxy/install/launch_testing:/robofuzz/ros2_foxy/install/ament_uncrustify:/robofuzz/ros2_foxy/install/ament_cmake_copyright:/robofuzz/ros2_foxy/install/uncrustify_vendor:/robofuzz/ros2_foxy/install/launch:/robofuzz/ros2_foxy/install/ament_cmake_lint_cmake:/robofuzz/ros2_foxy/install/ament_cmake_gmock:/robofuzz/ros2_foxy/install/domain_coordinator:/robofuzz/ros2_foxy/install/ament_xmllint:/robofuzz/ros2_foxy/install/ament_lint_cmake:/robofuzz/ros2_foxy/install/ament_lint_auto:/robofuzz/ros2_foxy/install/ament_index_python:/robofuzz/ros2_foxy/install/ament_cpplint:/robofuzz/ros2_foxy/install/ament_cmake_pytest:/robofuzz/ros2_foxy/install/ament_cmake_gtest:/robofuzz/ros2_foxy/install/ament_cmake:/robofuzz/ros2_foxy/install/ament_copyright:/robofuzz/ros2_foxy/install/ament_cmake_test:/robofuzz/ros2_foxy/install/ament_cmake_target_dependencies:/robofuzz/ros2_foxy/install/ament_cmake_export_targets:/robofuzz/ros2_foxy/install/ament_cmake_export_interfaces:/robofuzz/ros2_foxy/install/ament_cmake_export_dependencies:/robofuzz/ros2_foxy/install/ament_pep257:/robofuzz/ros2_foxy/install/ament_cmake_version:/robofuzz/ros2_foxy/install/ament_cmake_python:/robofuzz/ros2_foxy/install/ament_cmake_libraries:/robofuzz/ros2_foxy/install/ament_cmake_include_directories:/robofuzz/ros2_foxy/install/ament_cmake_export_link_flags:/robofuzz/ros2_foxy/install/ament_cmake_export_libraries:/robofuzz/ros2_foxy/install/ament_cmake_export_include_directories:/robofuzz/ros2_foxy/install/ament_cmake_export_definitions:/robofuzz/ros2_foxy/install/ament_flake8:/robofuzz/ros2_foxy/install/ament_cmake_core:/robofuzz/ros2_foxy/install/osrf_pycommon:/robofuzz/ros2_foxy/install/ament_package:/robofuzz/ros2_foxy/install/ament_lint:/robofuzz/ros2_foxy/install/ament_cppcheck:${AMENT_PREFIX_PATH} CMAKE_PREFIX_PATH=/robofuzz/ros2_foxy/install/launch_testing_ament_cmake:/robofuzz/ros2_foxy/install/python_cmake_module:/robofuzz/ros2_foxy/install/mimick_vendor:/robofuzz/ros2_foxy/install/ament_cmake_ros:/robofuzz/ros2_foxy/install/ament_lint_common:/robofuzz/ros2_foxy/install/ament_cmake_xmllint:/robofuzz/ros2_foxy/install/ament_cmake_uncrustify:/robofuzz/ros2_foxy/install/ament_cmake_pep257:/robofuzz/ros2_foxy/install/ament_cmake_flake8:/robofuzz/ros2_foxy/install/ament_cmake_cpplint:/robofuzz/ros2_foxy/install/ament_cmake_cppcheck:/robofuzz/ros2_foxy/install/ament_cmake_copyright:/robofuzz/ros2_foxy/install/uncrustify_vendor:/robofuzz/ros2_foxy/install/ament_cmake_lint_cmake:/robofuzz/ros2_foxy/install/ament_cmake_gmock:/robofuzz/ros2_foxy/install/ament_lint_auto:/robofuzz/ros2_foxy/install/ament_cmake_pytest:/robofuzz/ros2_foxy/install/ament_cmake_gtest:/robofuzz/ros2_foxy/install/ament_cmake:/robofuzz/ros2_foxy/install/ament_cmake_test:/robofuzz/ros2_foxy/install/ament_cmake_target_dependencies:/robofuzz/ros2_foxy/install/ament_cmake_export_targets:/robofuzz/ros2_foxy/install/ament_cmake_export_interfaces:/robofuzz/ros2_foxy/install/ament_cmake_export_dependencies:/robofuzz/ros2_foxy/install/ament_cmake_version:/robofuzz/ros2_foxy/install/ament_cmake_python:/robofuzz/ros2_foxy/install/ament_cmake_libraries:/robofuzz/ros2_foxy/install/ament_cmake_include_directories:/robofuzz/ros2_foxy/install/ament_cmake_export_link_flags:/robofuzz/ros2_foxy/install/ament_cmake_export_libraries:/robofuzz/ros2_foxy/install/ament_cmake_export_include_directories:/robofuzz/ros2_foxy/install/ament_cmake_export_definitions:/robofuzz/ros2_foxy/install/gmock_vendor:/robofuzz/ros2_foxy/install/ament_cmake_core:/robofuzz/ros2_foxy/install/osrf_testing_tools_cpp:/robofuzz/ros2_foxy/install/gtest_vendor:/robofuzz/targets/moveit2_ws/install/moveit2_tutorials:/robofuzz/targets/moveit2_ws/install/moveit_visual_tools:/robofuzz/targets/moveit2_ws/install/rviz_visual_tools:/robofuzz/targets/turtlebot3_ws/install/turtlebot3:/robofuzz/targets/turtlebot3_ws/install/turtlebot3_simulations:/robofuzz/targets/turtlebot3_ws/install/turtlebot3_bringup:/robofuzz/targets/turtlebot3_ws/install/turtlebot3_node:/robofuzz/targets/turtlebot3_ws/install/turtlebot3_navigation2:/robofuzz/targets/turtlebot3_ws/install/turtlebot3_fake_node:/robofuzz/targets/turtlebot3_ws/install/turtlebot3_msgs:/robofuzz/targets/turtlebot3_ws/install/turtlebot3_gazebo:/robofuzz/targets/turtlebot3_ws/install/turtlebot3_description:/robofuzz/targets/turtlebot3_ws/install/turtlebot3_cartographer:/robofuzz/targets/turtlebot3_ws/install/hls_lfcd_lds_driver:/robofuzz/targets/turtlebot3_ws/install/dynamixel_sdk_examples:/robofuzz/targets/turtlebot3_ws/install/dynamixel_sdk_custom_interfaces:/robofuzz/targets/turtlebot3_ws/install/dynamixel_sdk:/robofuzz/targets/idltest_ws/install/idltest_target:/robofuzz/targets/idltest_ws/install/idltest_msgs:/robofuzz/targets/px4_ros_com_ros2/install/px4_ros_com:/robofuzz/targets/px4_ros_com_ros2/install/px4_msgs:/robofuzz/targets/turtlebot3_ws/install/turtlebot3_teleop:/robofuzz/targets/turtlebot3_ws/install/turtlebot3_example:/opt/ros/foxy LD_LIBRARY_PATH=/robofuzz/ros2_foxy/install/mimick_vendor/lib:/robofuzz/ros2_foxy/install/osrf_testing_tools_cpp/lib:${LD_LIBRARY_PATH} PATH=/robofuzz/ros2_foxy/install/launch_testing/bin:/robofuzz/ros2_foxy/install/ament_uncrustify/bin:/robofuzz/ros2_foxy/install/ament_xmllint/bin:/robofuzz/ros2_foxy/install/ament_lint_cmake/bin:/robofuzz/ros2_foxy/install/ament_index_python/bin:/robofuzz/ros2_foxy/install/ament_cpplint/bin:/robofuzz/ros2_foxy/install/ament_copyright/bin:/robofuzz/ros2_foxy/install/ament_pep257/bin:/robofuzz/ros2_foxy/install/ament_flake8/bin:/robofuzz/ros2_foxy/install/ament_cppcheck/bin:${PATH} PKG_CONFIG_PATH=/robofuzz/ros2_foxy/install/gmock_vendor/lib/x86_64-linux-gnu/pkgconfig:/robofuzz/ros2_foxy/install/gmock_vendor/lib/pkgconfig:/robofuzz/ros2_foxy/install/osrf_testing_tools_cpp/lib/x86_64-linux-gnu/pkgconfig:/robofuzz/ros2_foxy/install/osrf_testing_tools_cpp/lib/pkgconfig:/robofuzz/ros2_foxy/install/gtest_vendor/lib/x86_64-linux-gnu/pkgconfig:/robofuzz/ros2_foxy/install/gtest_vendor/lib/pkgconfig PYTHONPATH=/robofuzz/ros2_foxy/build/launch_testing:/robofuzz/ros2_foxy/install/launch_testing/lib/python3.8/site-packages:/robofuzz/ros2_foxy/build/ament_uncrustify:/robofuzz/ros2_foxy/install/ament_uncrustify/lib/python3.8/site-packages:/robofuzz/ros2_foxy/build/launch:/robofuzz/ros2_foxy/install/launch/lib/python3.8/site-packages:/robofuzz/ros2_foxy/build/domain_coordinator:/robofuzz/ros2_foxy/install/domain_coordinator/lib/python3.8/site-packages:/robofuzz/ros2_foxy/build/ament_xmllint:/robofuzz/ros2_foxy/install/ament_xmllint/lib/python3.8/site-packages:/robofuzz/ros2_foxy/build/ament_lint_cmake:/robofuzz/ros2_foxy/install/ament_lint_cmake/lib/python3.8/site-packages:/robofuzz/ros2_foxy/build/ament_index_python:/robofuzz/ros2_foxy/install/ament_index_python/lib/python3.8/site-packages:/robofuzz/ros2_foxy/build/ament_cpplint:/robofuzz/ros2_foxy/install/ament_cpplint/lib/python3.8/site-packages:/robofuzz/ros2_foxy/build/ament_copyright:/robofuzz/ros2_foxy/install/ament_copyright/lib/python3.8/site-packages:/robofuzz/ros2_foxy/install/ament_cmake_test/lib/python3.8/site-packages:/robofuzz/ros2_foxy/build/ament_pep257:/robofuzz/ros2_foxy/install/ament_pep257/lib/python3.8/site-packages:/robofuzz/ros2_foxy/build/ament_flake8:/robofuzz/ros2_foxy/install/ament_flake8/lib/python3.8/site-packages:/robofuzz/ros2_foxy/build/osrf_pycommon:/robofuzz/ros2_foxy/install/osrf_pycommon/lib/python3.8/site-packages:/robofuzz/ros2_foxy/build/ament_package:/robofuzz/ros2_foxy/install/ament_package/lib/python3.8/site-packages:/robofuzz/ros2_foxy/build/ament_lint:/robofuzz/ros2_foxy/install/ament_lint/lib/python3.8/site-packages:/robofuzz/ros2_foxy/build/ament_cppcheck:/robofuzz/ros2_foxy/install/ament_cppcheck/lib/python3.8/site-packages:${PYTHONPATH} /usr/bin/cmake --install /robofuzz/ros2_foxy/build/rcutils
