[0.129s] Invoking command in '/robofuzz/ros2_foxy/build/rviz_rendering': AMENT_PREFIX_PATH=/robofuzz/ros2_foxy/install/resource_retriever:/robofuzz/ros2_foxy/install/ament_index_cpp:/robofuzz/ros2_foxy/install/eigen3_cmake_module:/robofuzz/ros2_foxy/install/ament_cmake_uncrustify:/robofuzz/ros2_foxy/install/ament_cmake_cpplint:/robofuzz/ros2_foxy/install/ament_cmake_cppcheck:/robofuzz/ros2_foxy/install/ament_uncrustify:/robofuzz/ros2_foxy/install/uncrustify_vendor:/robofuzz/ros2_foxy/install/rviz_ogre_vendor:/robofuzz/ros2_foxy/install/rviz_assimp_vendor:/robofuzz/ros2_foxy/install/libcurl_vendor:/robofuzz/ros2_foxy/install/ament_cmake_lint_cmake:/robofuzz/ros2_foxy/install/ament_cmake_gmock:/robofuzz/ros2_foxy/install/ament_lint_cmake:/robofuzz/ros2_foxy/install/ament_index_python:/robofuzz/ros2_foxy/install/ament_cpplint:/robofuzz/ros2_foxy/install/ament_cmake_gtest:/robofuzz/ros2_foxy/install/ament_cmake:/robofuzz/ros2_foxy/install/ament_cmake_test:/robofuzz/ros2_foxy/install/ament_cmake_target_dependencies:/robofuzz/ros2_foxy/install/ament_cmake_export_targets:/robofuzz/ros2_foxy/install/ament_cmake_export_interfaces:/robofuzz/ros2_foxy/install/ament_cmake_export_dependencies:/robofuzz/ros2_foxy/install/ament_cmake_version:/robofuzz/ros2_foxy/install/ament_cmake_python:/robofuzz/ros2_foxy/install/ament_cmake_libraries:/robofuzz/ros2_foxy/install/ament_cmake_include_directories:/robofuzz/ros2_foxy/install/ament_cmake_export_link_flags:/robofuzz/ros2_foxy/install/ament_cmake_export_libraries:/robofuzz/ros2_foxy/install/ament_cmake_export_include_directories:/robofuzz/ros2_foxy/install/ament_cmake_export_definitions:/robofuzz/ros2_foxy/install/ament_cmake_core:/robofuzz/ros2_foxy/install/ament_package:/robofuzz/ros2_foxy/install/ament_cppcheck:${AMENT_PREFIX_PATH} CMAKE_PREFIX_PATH=/robofuzz/ros2_foxy/install/resource_retriever:/robofuzz/ros2_foxy/install/ament_index_cpp:/robofuzz/ros2_foxy/install/eigen3_cmake_module:/robofuzz/ros2_foxy/install/ament_cmake_uncrustify:/robofuzz/ros2_foxy/install/ament_cmake_cpplint:/robofuzz/ros2_foxy/install/ament_cmake_cppcheck:/robofuzz/ros2_foxy/install/uncrustify_vendor:/robofuzz/ros2_foxy/install/rviz_ogre_vendor:/robofuzz/ros2_foxy/install/rviz_assimp_vendor:/robofuzz/ros2_foxy/install/libcurl_vendor:/robofuzz/ros2_foxy/install/ament_cmake_lint_cmake:/robofuzz/ros2_foxy/install/ament_cmake_gmock:/robofuzz/ros2_foxy/install/ament_cmake_gtest:/robofuzz/ros2_foxy/install/ament_cmake:/robofuzz/ros2_foxy/install/ament_cmake_test:/robofuzz/ros2_foxy/install/ament_cmake_target_dependencies:/robofuzz/ros2_foxy/install/ament_cmake_export_targets:/robofuzz/ros2_foxy/install/ament_cmake_export_interfaces:/robofuzz/ros2_foxy/install/ament_cmake_export_dependencies:/robofuzz/ros2_foxy/install/ament_cmake_version:/robofuzz/ros2_foxy/install/ament_cmake_python:/robofuzz/ros2_foxy/install/ament_cmake_libraries:/robofuzz/ros2_foxy/install/ament_cmake_include_directories:/robofuzz/ros2_foxy/install/ament_cmake_export_link_flags:/robofuzz/ros2_foxy/install/ament_cmake_export_libraries:/robofuzz/ros2_foxy/install/ament_cmake_export_include_directories:/robofuzz/ros2_foxy/install/ament_cmake_export_definitions:/robofuzz/ros2_foxy/install/gmock_vendor:/robofuzz/ros2_foxy/install/ament_cmake_core:/robofuzz/ros2_foxy/install/gtest_vendor:/robofuzz/targets/moveit2_ws/install/moveit2_tutorials:/robofuzz/targets/moveit2_ws/install/moveit_visual_tools:/robofuzz/targets/moveit2_ws/install/rviz_visual_tools:/robofuzz/targets/turtlebot3_ws/install/turtlebot3:/robofuzz/targets/turtlebot3_ws/install/turtlebot3_simulations:/robofuzz/targets/turtlebot3_ws/install/turtlebot3_bringup:/robofuzz/targets/turtlebot3_ws/install/turtlebot3_node:/robofuzz/targets/turtlebot3_ws/install/turtlebot3_navigation2:/robofuzz/targets/turtlebot3_ws/install/turtlebot3_fake_node:/robofuzz/targets/turtlebot3_ws/install/turtlebot3_msgs:/robofuzz/targets/turtlebot3_ws/install/turtlebot3_gazebo:/robofuzz/targets/turtlebot3_ws/install/turtlebot3_description:/robofuzz/targets/turtlebot3_ws/install/turtlebot3_cartographer:/robofuzz/targets/turtlebot3_ws/install/hls_lfcd_lds_driver:/robofuzz/targets/turtlebot3_ws/install/dynamixel_sdk_examples:/robofuzz/targets/turtlebot3_ws/install/dynamixel_sdk_custom_interfaces:/robofuzz/targets/turtlebot3_ws/install/dynamixel_sdk:/robofuzz/targets/idltest_ws/install/idltest_target:/robofuzz/targets/idltest_ws/install/idltest_msgs:/robofuzz/targets/px4_ros_com_ros2/install/px4_ros_com:/robofuzz/targets/px4_ros_com_ros2/install/px4_msgs:/robofuzz/targets/turtlebot3_ws/install/turtlebot3_teleop:/robofuzz/targets/turtlebot3_ws/install/turtlebot3_example:/opt/ros/foxy LD_LIBRARY_PATH=/robofuzz/ros2_foxy/install/resource_retriever/lib:/robofuzz/ros2_foxy/install/ament_index_cpp/lib:/robofuzz/ros2_foxy/install/rviz_ogre_vendor/opt/rviz_ogre_vendor/lib:${LD_LIBRARY_PATH} PATH=/robofuzz/ros2_foxy/install/ament_uncrustify/bin:/robofuzz/ros2_foxy/install/ament_lint_cmake/bin:/robofuzz/ros2_foxy/install/ament_index_python/bin:/robofuzz/ros2_foxy/install/ament_cpplint/bin:/robofuzz/ros2_foxy/install/ament_cppcheck/bin:${PATH} PKG_CONFIG_PATH=/robofuzz/ros2_foxy/install/gmock_vendor/lib/x86_64-linux-gnu/pkgconfig:/robofuzz/ros2_foxy/install/gmock_vendor/lib/pkgconfig:/robofuzz/ros2_foxy/install/gtest_vendor/lib/x86_64-linux-gnu/pkgconfig:/robofuzz/ros2_foxy/install/gtest_vendor/lib/pkgconfig PYTHONPATH=/robofuzz/ros2_foxy/install/resource_retriever/lib/python3.8/site-packages:/robofuzz/ros2_foxy/build/ament_uncrustify:/robofuzz/ros2_foxy/install/ament_uncrustify/lib/python3.8/site-packages:/robofuzz/ros2_foxy/build/ament_lint_cmake:/robofuzz/ros2_foxy/install/ament_lint_cmake/lib/python3.8/site-packages:/robofuzz/ros2_foxy/build/ament_index_python:/robofuzz/ros2_foxy/install/ament_index_python/lib/python3.8/site-packages:/robofuzz/ros2_foxy/build/ament_cpplint:/robofuzz/ros2_foxy/install/ament_cpplint/lib/python3.8/site-packages:/robofuzz/ros2_foxy/install/ament_cmake_test/lib/python3.8/site-packages:/robofuzz/ros2_foxy/build/ament_package:/robofuzz/ros2_foxy/install/ament_package/lib/python3.8/site-packages:/robofuzz/ros2_foxy/build/ament_cppcheck:/robofuzz/ros2_foxy/install/ament_cppcheck/lib/python3.8/site-packages:${PYTHONPATH} /usr/bin/cmake /robofuzz/ros2_foxy/src/ros2/rviz/rviz_rendering -DAMENT_CMAKE_SYMLINK_INSTALL=1 -DCMAKE_INSTALL_PREFIX=/robofuzz/ros2_foxy/install/rviz_rendering
[0.253s] -- The C compiler identification is GNU 9.4.0
[0.387s] -- The CXX compiler identification is GNU 9.4.0
[0.405s] -- Check for working C compiler: /usr/bin/cc
[0.559s] -- Check for working C compiler: /usr/bin/cc -- works
[0.561s] -- Detecting C compiler ABI info
[0.720s] -- Detecting C compiler ABI info - done
[0.753s] -- Detecting C compile features
[0.753s] -- Detecting C compile features - done
[0.759s] -- Check for working CXX compiler: /usr/bin/c++
[0.916s] -- Check for working CXX compiler: /usr/bin/c++ -- works
[0.918s] -- Detecting CXX compiler ABI info
[1.098s] -- Detecting CXX compiler ABI info - done
[1.124s] -- Detecting CXX compile features
[1.125s] -- Detecting CXX compile features - done
[1.126s] -- Enabling tests requiring a display
[1.129s] -- Found ament_cmake: 0.9.10 (/robofuzz/ros2_foxy/install/ament_cmake/share/ament_cmake/cmake)
[1.215s] -- Found PythonInterp: /usr/bin/python3 (found suitable version "3.8.10", minimum required is "3") 
[1.216s] -- Using PYTHON_EXECUTABLE: /usr/bin/python3
[1.783s] -- Override CMake install command with custom implementation using symlinks instead of copying resources
[1.890s] -- Found rviz_ogre_vendor: 8.2.6 (/robofuzz/ros2_foxy/install/rviz_ogre_vendor/share/rviz_ogre_vendor/cmake)
[1.893s] -- Setting OGRE_DIR to: '/robofuzz/ros2_foxy/install/rviz_ogre_vendor/share/rviz_ogre_vendor/cmake/../../../opt/rviz_ogre_vendor/lib/OGRE/cmake'
[1.908s] -- Found OGRE
[1.908s] --   static     : OFF
[1.908s] --   components : HLMS;MeshLodGenerator;Overlay;Paging;Property;RTShaderSystem;Terrain;Volume
[1.908s] --   plugins    : Plugin_BSPSceneManager;Plugin_OctreeSceneManager;Plugin_PCZSceneManager;Plugin_ParticleFX;RenderSystem_GL;RenderSystem_GL3Plus;Codec_STBI;Codec_FreeImage;Codec_EXR
[1.910s] --   media      : /robofuzz/ros2_foxy/install/rviz_ogre_vendor/opt/rviz_ogre_vendor/share/OGRE/Media
[1.910s] -- OGRE_LIBRARIES: OgreHLMS;OgreMeshLodGenerator;OgreOverlay;OgrePaging;OgreProperty;OgreRTShaderSystem;OgreTerrain;OgreVolume;OgreMain
[1.910s] -- OGRE_LIBRARY_DIRS: /robofuzz/ros2_foxy/install/rviz_ogre_vendor/opt/rviz_ogre_vendor/lib
[1.910s] -- OGRE_PLUGINS: Plugin_BSPSceneManager;Plugin_OctreeSceneManager;Plugin_PCZSceneManager;Plugin_ParticleFX;RenderSystem_GL;RenderSystem_GL3Plus;Codec_STBI;Codec_FreeImage;Codec_EXR
[1.911s] -- OGRE_PLUGIN_DIR: /robofuzz/ros2_foxy/install/rviz_ogre_vendor/opt/rviz_ogre_vendor/lib/OGRE
[1.911s] -- rviz_ogre_vendor::OgreOverlay for IMPORTED_LOCATION_RELEASE: /robofuzz/ros2_foxy/install/rviz_ogre_vendor/opt/rviz_ogre_vendor/lib/libOgreOverlay.so
[1.912s] -- rviz_ogre_vendor::OgreOverlay for IMPORTED_LOCATION_DEBUG: /robofuzz/ros2_foxy/install/rviz_ogre_vendor/opt/rviz_ogre_vendor/lib/libOgreOverlay.so
[1.912s] -- rviz_ogre_vendor::OgreMain for IMPORTED_LOCATION_RELEASE: /robofuzz/ros2_foxy/install/rviz_ogre_vendor/opt/rviz_ogre_vendor/lib/libOgreMain.so
[1.912s] -- rviz_ogre_vendor::OgreMain for IMPORTED_LOCATION_DEBUG: /robofuzz/ros2_foxy/install/rviz_ogre_vendor/opt/rviz_ogre_vendor/lib/libOgreMain.so
[2.058s] -- Found ZLIB: /usr/lib/x86_64-linux-gnu/libz.so (found version "1.2.11") 
[2.089s] -- Found OpenGL: /usr/lib/x86_64-linux-gnu/libOpenGL.so   
[2.518s] -- Found X11: /usr/include   
[2.523s] -- Looking for XOpenDisplay in /usr/lib/x86_64-linux-gnu/libX11.so;/usr/lib/x86_64-linux-gnu/libXext.so
[2.985s] -- Looking for XOpenDisplay in /usr/lib/x86_64-linux-gnu/libX11.so;/usr/lib/x86_64-linux-gnu/libXext.so - found
[2.985s] -- Looking for gethostbyname
[3.417s] -- Looking for gethostbyname - found
[3.417s] -- Looking for connect
[3.830s] -- Looking for connect - found
[3.830s] -- Looking for remove
[4.270s] -- Looking for remove - found
[4.270s] -- Looking for shmat
[4.708s] -- Looking for shmat - found
[4.708s] -- Looking for IceConnectionNumber in ICE
[5.008s] -- Looking for IceConnectionNumber in ICE - found
[5.018s] -- rviz_ogre_vendor::RenderSystem_GL for IMPORTED_LOCATION_RELEASE: _render_system_gl_static_library_abs-NOTFOUND
[5.018s] -- rviz_ogre_vendor::RenderSystem_GL for IMPORTED_LOCATION_DEBUG: _render_system_gl_static_library_abs-NOTFOUND
[5.024s] -- Found rviz_assimp_vendor: 8.2.6 (/robofuzz/ros2_foxy/install/rviz_assimp_vendor/share/rviz_assimp_vendor/cmake)
[5.049s] -- library: libassimp.so.5
[5.104s] -- Found ament_index_cpp: 1.1.0 (/robofuzz/ros2_foxy/install/ament_index_cpp/share/ament_index_cpp/cmake)
[5.118s] -- Found eigen3_cmake_module: 0.1.1 (/robofuzz/ros2_foxy/install/eigen3_cmake_module/share/eigen3_cmake_module/cmake)
[5.144s] -- Found Eigen3: TRUE (found version "3.3.7") 
[5.145s] -- Found resource_retriever: 2.3.4 (/robofuzz/ros2_foxy/install/resource_retriever/share/resource_retriever/cmake)
[5.401s] -- library: /usr/lib/x86_64-linux-gnu/libcurl.so
[5.423s] -- Found ament_cmake_cppcheck: 0.9.7 (/robofuzz/ros2_foxy/install/ament_cmake_cppcheck/share/ament_cmake_cppcheck/cmake)
[5.426s] -- Found ament_cmake_cpplint: 0.9.7 (/robofuzz/ros2_foxy/install/ament_cmake_cpplint/share/ament_cmake_cpplint/cmake)
[5.431s] -- Found ament_cmake_lint_cmake: 0.9.7 (/robofuzz/ros2_foxy/install/ament_cmake_lint_cmake/share/ament_cmake_lint_cmake/cmake)
[5.433s] -- Found ament_cmake_uncrustify: 0.9.7 (/robofuzz/ros2_foxy/install/ament_cmake_uncrustify/share/ament_cmake_uncrustify/cmake)
[5.448s] -- Found ament_cmake_gmock: 0.9.10 (/robofuzz/ros2_foxy/install/ament_cmake_gmock/share/ament_cmake_gmock/cmake)
[5.453s] -- Found ament_cmake_gtest: 0.9.10 (/robofuzz/ros2_foxy/install/ament_cmake_gtest/share/ament_cmake_gtest/cmake)
[5.461s] -- Found gmock sources under '/robofuzz/ros2_foxy/install/gmock_vendor/src/gmock_vendor': C++ tests using 'Google Mock' will be built
[5.472s] -- Found gtest sources under '/robofuzz/ros2_foxy/install/gtest_vendor/src/gtest_vendor': C++ tests using 'Google Test' will be built
[5.716s] -- Configuring done
[5.930s] -- Generating done
[5.939s] -- Build files have been written to: /robofuzz/ros2_foxy/build/rviz_rendering
[5.956s] Invoked command in '/robofuzz/ros2_foxy/build/rviz_rendering' returned '0': AMENT_PREFIX_PATH=/robofuzz/ros2_foxy/install/resource_retriever:/robofuzz/ros2_foxy/install/ament_index_cpp:/robofuzz/ros2_foxy/install/eigen3_cmake_module:/robofuzz/ros2_foxy/install/ament_cmake_uncrustify:/robofuzz/ros2_foxy/install/ament_cmake_cpplint:/robofuzz/ros2_foxy/install/ament_cmake_cppcheck:/robofuzz/ros2_foxy/install/ament_uncrustify:/robofuzz/ros2_foxy/install/uncrustify_vendor:/robofuzz/ros2_foxy/install/rviz_ogre_vendor:/robofuzz/ros2_foxy/install/rviz_assimp_vendor:/robofuzz/ros2_foxy/install/libcurl_vendor:/robofuzz/ros2_foxy/install/ament_cmake_lint_cmake:/robofuzz/ros2_foxy/install/ament_cmake_gmock:/robofuzz/ros2_foxy/install/ament_lint_cmake:/robofuzz/ros2_foxy/install/ament_index_python:/robofuzz/ros2_foxy/install/ament_cpplint:/robofuzz/ros2_foxy/install/ament_cmake_gtest:/robofuzz/ros2_foxy/install/ament_cmake:/robofuzz/ros2_foxy/install/ament_cmake_test:/robofuzz/ros2_foxy/install/ament_cmake_target_dependencies:/robofuzz/ros2_foxy/install/ament_cmake_export_targets:/robofuzz/ros2_foxy/install/ament_cmake_export_interfaces:/robofuzz/ros2_foxy/install/ament_cmake_export_dependencies:/robofuzz/ros2_foxy/install/ament_cmake_version:/robofuzz/ros2_foxy/install/ament_cmake_python:/robofuzz/ros2_foxy/install/ament_cmake_libraries:/robofuzz/ros2_foxy/install/ament_cmake_include_directories:/robofuzz/ros2_foxy/install/ament_cmake_export_link_flags:/robofuzz/ros2_foxy/install/ament_cmake_export_libraries:/robofuzz/ros2_foxy/install/ament_cmake_export_include_directories:/robofuzz/ros2_foxy/install/ament_cmake_export_definitions:/robofuzz/ros2_foxy/install/ament_cmake_core:/robofuzz/ros2_foxy/install/ament_package:/robofuzz/ros2_foxy/install/ament_cppcheck:${AMENT_PREFIX_PATH} CMAKE_PREFIX_PATH=/robofuzz/ros2_foxy/install/resource_retriever:/robofuzz/ros2_foxy/install/ament_index_cpp:/robofuzz/ros2_foxy/install/eigen3_cmake_module:/robofuzz/ros2_foxy/install/ament_cmake_uncrustify:/robofuzz/ros2_foxy/install/ament_cmake_cpplint:/robofuzz/ros2_foxy/install/ament_cmake_cppcheck:/robofuzz/ros2_foxy/install/uncrustify_vendor:/robofuzz/ros2_foxy/install/rviz_ogre_vendor:/robofuzz/ros2_foxy/install/rviz_assimp_vendor:/robofuzz/ros2_foxy/install/libcurl_vendor:/robofuzz/ros2_foxy/install/ament_cmake_lint_cmake:/robofuzz/ros2_foxy/install/ament_cmake_gmock:/robofuzz/ros2_foxy/install/ament_cmake_gtest:/robofuzz/ros2_foxy/install/ament_cmake:/robofuzz/ros2_foxy/install/ament_cmake_test:/robofuzz/ros2_foxy/install/ament_cmake_target_dependencies:/robofuzz/ros2_foxy/install/ament_cmake_export_targets:/robofuzz/ros2_foxy/install/ament_cmake_export_interfaces:/robofuzz/ros2_foxy/install/ament_cmake_export_dependencies:/robofuzz/ros2_foxy/install/ament_cmake_version:/robofuzz/ros2_foxy/install/ament_cmake_python:/robofuzz/ros2_foxy/install/ament_cmake_libraries:/robofuzz/ros2_foxy/install/ament_cmake_include_directories:/robofuzz/ros2_foxy/install/ament_cmake_export_link_flags:/robofuzz/ros2_foxy/install/ament_cmake_export_libraries:/robofuzz/ros2_foxy/install/ament_cmake_export_include_directories:/robofuzz/ros2_foxy/install/ament_cmake_export_definitions:/robofuzz/ros2_foxy/install/gmock_vendor:/robofuzz/ros2_foxy/install/ament_cmake_core:/robofuzz/ros2_foxy/install/gtest_vendor:/robofuzz/targets/moveit2_ws/install/moveit2_tutorials:/robofuzz/targets/moveit2_ws/install/moveit_visual_tools:/robofuzz/targets/moveit2_ws/install/rviz_visual_tools:/robofuzz/targets/turtlebot3_ws/install/turtlebot3:/robofuzz/targets/turtlebot3_ws/install/turtlebot3_simulations:/robofuzz/targets/turtlebot3_ws/install/turtlebot3_bringup:/robofuzz/targets/turtlebot3_ws/install/turtlebot3_node:/robofuzz/targets/turtlebot3_ws/install/turtlebot3_navigation2:/robofuzz/targets/turtlebot3_ws/install/turtlebot3_fake_node:/robofuzz/targets/turtlebot3_ws/install/turtlebot3_msgs:/robofuzz/targets/turtlebot3_ws/install/turtlebot3_gazebo:/robofuzz/targets/turtlebot3_ws/install/turtlebot3_description:/robofuzz/targets/turtlebot3_ws/install/turtlebot3_cartographer:/robofuzz/targets/turtlebot3_ws/install/hls_lfcd_lds_driver:/robofuzz/targets/turtlebot3_ws/install/dynamixel_sdk_examples:/robofuzz/targets/turtlebot3_ws/install/dynamixel_sdk_custom_interfaces:/robofuzz/targets/turtlebot3_ws/install/dynamixel_sdk:/robofuzz/targets/idltest_ws/install/idltest_target:/robofuzz/targets/idltest_ws/install/idltest_msgs:/robofuzz/targets/px4_ros_com_ros2/install/px4_ros_com:/robofuzz/targets/px4_ros_com_ros2/install/px4_msgs:/robofuzz/targets/turtlebot3_ws/install/turtlebot3_teleop:/robofuzz/targets/turtlebot3_ws/install/turtlebot3_example:/opt/ros/foxy LD_LIBRARY_PATH=/robofuzz/ros2_foxy/install/resource_retriever/lib:/robofuzz/ros2_foxy/install/ament_index_cpp/lib:/robofuzz/ros2_foxy/install/rviz_ogre_vendor/opt/rviz_ogre_vendor/lib:${LD_LIBRARY_PATH} PATH=/robofuzz/ros2_foxy/install/ament_uncrustify/bin:/robofuzz/ros2_foxy/install/ament_lint_cmake/bin:/robofuzz/ros2_foxy/install/ament_index_python/bin:/robofuzz/ros2_foxy/install/ament_cpplint/bin:/robofuzz/ros2_foxy/install/ament_cppcheck/bin:${PATH} PKG_CONFIG_PATH=/robofuzz/ros2_foxy/install/gmock_vendor/lib/x86_64-linux-gnu/pkgconfig:/robofuzz/ros2_foxy/install/gmock_vendor/lib/pkgconfig:/robofuzz/ros2_foxy/install/gtest_vendor/lib/x86_64-linux-gnu/pkgconfig:/robofuzz/ros2_foxy/install/gtest_vendor/lib/pkgconfig PYTHONPATH=/robofuzz/ros2_foxy/install/resource_retriever/lib/python3.8/site-packages:/robofuzz/ros2_foxy/build/ament_uncrustify:/robofuzz/ros2_foxy/install/ament_uncrustify/lib/python3.8/site-packages:/robofuzz/ros2_foxy/build/ament_lint_cmake:/robofuzz/ros2_foxy/install/ament_lint_cmake/lib/python3.8/site-packages:/robofuzz/ros2_foxy/build/ament_index_python:/robofuzz/ros2_foxy/install/ament_index_python/lib/python3.8/site-packages:/robofuzz/ros2_foxy/build/ament_cpplint:/robofuzz/ros2_foxy/install/ament_cpplint/lib/python3.8/site-packages:/robofuzz/ros2_foxy/install/ament_cmake_test/lib/python3.8/site-packages:/robofuzz/ros2_foxy/build/ament_package:/robofuzz/ros2_foxy/install/ament_package/lib/python3.8/site-packages:/robofuzz/ros2_foxy/build/ament_cppcheck:/robofuzz/ros2_foxy/install/ament_cppcheck/lib/python3.8/site-packages:${PYTHONPATH} /usr/bin/cmake /robofuzz/ros2_foxy/src/ros2/rviz/rviz_rendering -DAMENT_CMAKE_SYMLINK_INSTALL=1 -DCMAKE_INSTALL_PREFIX=/robofuzz/ros2_foxy/install/rviz_rendering
[5.963s] Invoking command in '/robofuzz/ros2_foxy/build/rviz_rendering': AMENT_PREFIX_PATH=/robofuzz/ros2_foxy/install/resource_retriever:/robofuzz/ros2_foxy/install/ament_index_cpp:/robofuzz/ros2_foxy/install/eigen3_cmake_module:/robofuzz/ros2_foxy/install/ament_cmake_uncrustify:/robofuzz/ros2_foxy/install/ament_cmake_cpplint:/robofuzz/ros2_foxy/install/ament_cmake_cppcheck:/robofuzz/ros2_foxy/install/ament_uncrustify:/robofuzz/ros2_foxy/install/uncrustify_vendor:/robofuzz/ros2_foxy/install/rviz_ogre_vendor:/robofuzz/ros2_foxy/install/rviz_assimp_vendor:/robofuzz/ros2_foxy/install/libcurl_vendor:/robofuzz/ros2_foxy/install/ament_cmake_lint_cmake:/robofuzz/ros2_foxy/install/ament_cmake_gmock:/robofuzz/ros2_foxy/install/ament_lint_cmake:/robofuzz/ros2_foxy/install/ament_index_python:/robofuzz/ros2_foxy/install/ament_cpplint:/robofuzz/ros2_foxy/install/ament_cmake_gtest:/robofuzz/ros2_foxy/install/ament_cmake:/robofuzz/ros2_foxy/install/ament_cmake_test:/robofuzz/ros2_foxy/install/ament_cmake_target_dependencies:/robofuzz/ros2_foxy/install/ament_cmake_export_targets:/robofuzz/ros2_foxy/install/ament_cmake_export_interfaces:/robofuzz/ros2_foxy/install/ament_cmake_export_dependencies:/robofuzz/ros2_foxy/install/ament_cmake_version:/robofuzz/ros2_foxy/install/ament_cmake_python:/robofuzz/ros2_foxy/install/ament_cmake_libraries:/robofuzz/ros2_foxy/install/ament_cmake_include_directories:/robofuzz/ros2_foxy/install/ament_cmake_export_link_flags:/robofuzz/ros2_foxy/install/ament_cmake_export_libraries:/robofuzz/ros2_foxy/install/ament_cmake_export_include_directories:/robofuzz/ros2_foxy/install/ament_cmake_export_definitions:/robofuzz/ros2_foxy/install/ament_cmake_core:/robofuzz/ros2_foxy/install/ament_package:/robofuzz/ros2_foxy/install/ament_cppcheck:${AMENT_PREFIX_PATH} CMAKE_PREFIX_PATH=/robofuzz/ros2_foxy/install/resource_retriever:/robofuzz/ros2_foxy/install/ament_index_cpp:/robofuzz/ros2_foxy/install/eigen3_cmake_module:/robofuzz/ros2_foxy/install/ament_cmake_uncrustify:/robofuzz/ros2_foxy/install/ament_cmake_cpplint:/robofuzz/ros2_foxy/install/ament_cmake_cppcheck:/robofuzz/ros2_foxy/install/uncrustify_vendor:/robofuzz/ros2_foxy/install/rviz_ogre_vendor:/robofuzz/ros2_foxy/install/rviz_assimp_vendor:/robofuzz/ros2_foxy/install/libcurl_vendor:/robofuzz/ros2_foxy/install/ament_cmake_lint_cmake:/robofuzz/ros2_foxy/install/ament_cmake_gmock:/robofuzz/ros2_foxy/install/ament_cmake_gtest:/robofuzz/ros2_foxy/install/ament_cmake:/robofuzz/ros2_foxy/install/ament_cmake_test:/robofuzz/ros2_foxy/install/ament_cmake_target_dependencies:/robofuzz/ros2_foxy/install/ament_cmake_export_targets:/robofuzz/ros2_foxy/install/ament_cmake_export_interfaces:/robofuzz/ros2_foxy/install/ament_cmake_export_dependencies:/robofuzz/ros2_foxy/install/ament_cmake_version:/robofuzz/ros2_foxy/install/ament_cmake_python:/robofuzz/ros2_foxy/install/ament_cmake_libraries:/robofuzz/ros2_foxy/install/ament_cmake_include_directories:/robofuzz/ros2_foxy/install/ament_cmake_export_link_flags:/robofuzz/ros2_foxy/install/ament_cmake_export_libraries:/robofuzz/ros2_foxy/install/ament_cmake_export_include_directories:/robofuzz/ros2_foxy/install/ament_cmake_export_definitions:/robofuzz/ros2_foxy/install/gmock_vendor:/robofuzz/ros2_foxy/install/ament_cmake_core:/robofuzz/ros2_foxy/install/gtest_vendor:/robofuzz/targets/moveit2_ws/install/moveit2_tutorials:/robofuzz/targets/moveit2_ws/install/moveit_visual_tools:/robofuzz/targets/moveit2_ws/install/rviz_visual_tools:/robofuzz/targets/turtlebot3_ws/install/turtlebot3:/robofuzz/targets/turtlebot3_ws/install/turtlebot3_simulations:/robofuzz/targets/turtlebot3_ws/install/turtlebot3_bringup:/robofuzz/targets/turtlebot3_ws/install/turtlebot3_node:/robofuzz/targets/turtlebot3_ws/install/turtlebot3_navigation2:/robofuzz/targets/turtlebot3_ws/install/turtlebot3_fake_node:/robofuzz/targets/turtlebot3_ws/install/turtlebot3_msgs:/robofuzz/targets/turtlebot3_ws/install/turtlebot3_gazebo:/robofuzz/targets/turtlebot3_ws/install/turtlebot3_description:/robofuzz/targets/turtlebot3_ws/install/turtlebot3_cartographer:/robofuzz/targets/turtlebot3_ws/install/hls_lfcd_lds_driver:/robofuzz/targets/turtlebot3_ws/install/dynamixel_sdk_examples:/robofuzz/targets/turtlebot3_ws/install/dynamixel_sdk_custom_interfaces:/robofuzz/targets/turtlebot3_ws/install/dynamixel_sdk:/robofuzz/targets/idltest_ws/install/idltest_target:/robofuzz/targets/idltest_ws/install/idltest_msgs:/robofuzz/targets/px4_ros_com_ros2/install/px4_ros_com:/robofuzz/targets/px4_ros_com_ros2/install/px4_msgs:/robofuzz/targets/turtlebot3_ws/install/turtlebot3_teleop:/robofuzz/targets/turtlebot3_ws/install/turtlebot3_example:/opt/ros/foxy LD_LIBRARY_PATH=/robofuzz/ros2_foxy/install/resource_retriever/lib:/robofuzz/ros2_foxy/install/ament_index_cpp/lib:/robofuzz/ros2_foxy/install/rviz_ogre_vendor/opt/rviz_ogre_vendor/lib:${LD_LIBRARY_PATH} PATH=/robofuzz/ros2_foxy/install/ament_uncrustify/bin:/robofuzz/ros2_foxy/install/ament_lint_cmake/bin:/robofuzz/ros2_foxy/install/ament_index_python/bin:/robofuzz/ros2_foxy/install/ament_cpplint/bin:/robofuzz/ros2_foxy/install/ament_cppcheck/bin:${PATH} PKG_CONFIG_PATH=/robofuzz/ros2_foxy/install/gmock_vendor/lib/x86_64-linux-gnu/pkgconfig:/robofuzz/ros2_foxy/install/gmock_vendor/lib/pkgconfig:/robofuzz/ros2_foxy/install/gtest_vendor/lib/x86_64-linux-gnu/pkgconfig:/robofuzz/ros2_foxy/install/gtest_vendor/lib/pkgconfig PYTHONPATH=/robofuzz/ros2_foxy/install/resource_retriever/lib/python3.8/site-packages:/robofuzz/ros2_foxy/build/ament_uncrustify:/robofuzz/ros2_foxy/install/ament_uncrustify/lib/python3.8/site-packages:/robofuzz/ros2_foxy/build/ament_lint_cmake:/robofuzz/ros2_foxy/install/ament_lint_cmake/lib/python3.8/site-packages:/robofuzz/ros2_foxy/build/ament_index_python:/robofuzz/ros2_foxy/install/ament_index_python/lib/python3.8/site-packages:/robofuzz/ros2_foxy/build/ament_cpplint:/robofuzz/ros2_foxy/install/ament_cpplint/lib/python3.8/site-packages:/robofuzz/ros2_foxy/install/ament_cmake_test/lib/python3.8/site-packages:/robofuzz/ros2_foxy/build/ament_package:/robofuzz/ros2_foxy/install/ament_package/lib/python3.8/site-packages:/robofuzz/ros2_foxy/build/ament_cppcheck:/robofuzz/ros2_foxy/install/ament_cppcheck/lib/python3.8/site-packages:${PYTHONPATH} /usr/bin/cmake --build /robofuzz/ros2_foxy/build/rviz_rendering -- -j12 -l12
[6.043s] [35m[1mScanning dependencies of target gmock[0m
[6.046s] [  1%] [34m[1mGenerating include/rviz_rendering/moc_render_window.cpp[0m
[6.077s] [35m[1mScanning dependencies of target rviz_rendering[0m
[6.092s] [  3%] [32mBuilding CXX object gmock/CMakeFiles/gmock.dir/robofuzz/ros2_foxy/install/gtest_vendor/src/gtest_vendor/src/gtest-all.cc.o[0m
[6.093s] [  5%] [32mBuilding CXX object gmock/CMakeFiles/gmock.dir/src/gmock-all.cc.o[0m
[6.593s] [  7%] [32mBuilding CXX object CMakeFiles/rviz_rendering.dir/include/rviz_rendering/moc_render_window.cpp.o[0m
[6.622s] [  8%] [32mBuilding CXX object CMakeFiles/rviz_rendering.dir/src/rviz_rendering/apply_visibility_bits.cpp.o[0m
[7.687s] [ 10%] [32mBuilding CXX object CMakeFiles/rviz_rendering.dir/src/rviz_rendering/ogre_render_window_impl.cpp.o[0m
[13.181s] [ 12%] [32mBuilding CXX object CMakeFiles/rviz_rendering.dir/src/rviz_rendering/render_window.cpp.o[0m
[13.217s] [ 14%] [32m[1mLinking CXX static library libgmock.a[0m
[13.344s] [ 14%] Built target gmock
[14.373s] [ 17%] [32mBuilding CXX object CMakeFiles/rviz_rendering.dir/src/rviz_rendering/mesh_loader_helpers/stl_loader.cpp.o[0m
[14.374s] [ 17%] [32mBuilding CXX object CMakeFiles/rviz_rendering.dir/src/rviz_rendering/resource_config.cpp.o[0m
[15.114s] [ 19%] [32mBuilding CXX object CMakeFiles/rviz_rendering.dir/src/rviz_rendering/render_system.cpp.o[0m
[15.115s] [ 21%] [32mBuilding CXX object CMakeFiles/rviz_rendering.dir/src/rviz_rendering/orthographic.cpp.o[0m
[16.225s] [ 23%] [32mBuilding CXX object CMakeFiles/rviz_rendering.dir/src/rviz_rendering/mesh_loader_helpers/assimp_loader.cpp.o[0m
[16.239s] [ 25%] [32mBuilding CXX object CMakeFiles/rviz_rendering.dir/src/rviz_rendering/ogre_logging.cpp.o[0m
[17.360s] [ 26%] [32mBuilding CXX object CMakeFiles/rviz_rendering.dir/src/rviz_rendering/mesh_loader.cpp.o[0m
[17.381s] [ 28%] [32mBuilding CXX object CMakeFiles/rviz_rendering.dir/src/rviz_rendering/material_manager.cpp.o[0m
[18.210s] [ 30%] [32mBuilding CXX object CMakeFiles/rviz_rendering.dir/src/rviz_rendering/logging.cpp.o[0m
[18.225s] [ 32%] [32mBuilding CXX object CMakeFiles/rviz_rendering.dir/src/rviz_rendering/viewport_projection_finder.cpp.o[0m
[25.707s] [ 33%] [32mBuilding CXX object CMakeFiles/rviz_rendering.dir/src/rviz_rendering/objects/object.cpp.o[0m
[26.417s] [ 35%] [32mBuilding CXX object CMakeFiles/rviz_rendering.dir/src/rviz_rendering/objects/point_cloud.cpp.o[0m
[29.202s] [ 37%] [32mBuilding CXX object CMakeFiles/rviz_rendering.dir/src/rviz_rendering/objects/point_cloud_renderable.cpp.o[0m
[31.953s] [ 39%] [32mBuilding CXX object CMakeFiles/rviz_rendering.dir/src/rviz_rendering/objects/shape.cpp.o[0m
[35.302s] [ 41%] [32mBuilding CXX object CMakeFiles/rviz_rendering.dir/src/rviz_rendering/objects/wrench_visual.cpp.o[0m
[38.384s] [ 42%] [32mBuilding CXX object CMakeFiles/rviz_rendering.dir/src/rviz_rendering/objects/movable_text.cpp.o[0m
[45.695s] [ 44%] [32mBuilding CXX object CMakeFiles/rviz_rendering.dir/src/rviz_rendering/objects/line.cpp.o[0m
[45.706s] [ 46%] [32mBuilding CXX object CMakeFiles/rviz_rendering.dir/src/rviz_rendering/objects/grid.cpp.o[0m
[54.272s] [ 48%] [32mBuilding CXX object CMakeFiles/rviz_rendering.dir/src/rviz_rendering/objects/covariance_visual.cpp.o[0m
[82.785s] [ 50%] [32mBuilding CXX object CMakeFiles/rviz_rendering.dir/src/rviz_rendering/objects/axes.cpp.o[0m
[82.785s] [ 51%] [32mBuilding CXX object CMakeFiles/rviz_rendering.dir/src/rviz_rendering/objects/billboard_line.cpp.o[0m
[86.337s] [ 53%] [32mBuilding CXX object CMakeFiles/rviz_rendering.dir/src/rviz_rendering/objects/arrow.cpp.o[0m
[86.602s] [ 55%] [32mBuilding CXX object CMakeFiles/rviz_rendering.dir/src/rviz_rendering/string_helper.cpp.o[0m
[87.561s] [ 57%] [32mBuilding CXX object CMakeFiles/rviz_rendering.dir/src/rviz_rendering/geometry.cpp.o[0m
[89.911s] [ 58%] [32m[1mLinking CXX shared library librviz_rendering.so[0m
[92.033s] [ 58%] Built target rviz_rendering
[92.097s] [35m[1mScanning dependencies of target gmock_main[0m
[92.140s] [35m[1mScanning dependencies of target rviz_rendering_test_utils[0m
[92.147s] [ 60%] [32mBuilding CXX object gmock/CMakeFiles/gmock_main.dir/src/gmock_main.cc.o[0m
[92.434s] [ 62%] [32mBuilding CXX object CMakeFiles/rviz_rendering_test_utils.dir/test/rviz_rendering/ogre_testing_environment.cpp.o[0m
[92.452s] [ 64%] [32mBuilding CXX object CMakeFiles/rviz_rendering_test_utils.dir/test/rviz_rendering/scene_graph_introspection.cpp.o[0m
[95.650s] [ 66%] [32m[1mLinking CXX static library libgmock_main.a[0m
[95.845s] [ 66%] Built target gmock_main
[99.236s] [ 67%] [32m[1mLinking CXX static library librviz_rendering_test_utils.a[0m
[99.287s] [ 67%] Built target rviz_rendering_test_utils
[99.303s] [35m[1mScanning dependencies of target string_helper_test[0m
[99.342s] [ 69%] [32mBuilding CXX object CMakeFiles/string_helper_test.dir/test/rviz_rendering/string_helper_test.cpp.o[0m
[101.009s] [ 71%] [32m[1mLinking CXX executable string_helper_test[0m
[101.343s] [ 71%] Built target string_helper_test
[101.361s] [35m[1mScanning dependencies of target line_test_target[0m
[101.463s] [ 73%] [32mBuilding CXX object CMakeFiles/line_test_target.dir/test/rviz_rendering/objects/line_test.cpp.o[0m
[106.813s] [ 75%] [32m[1mLinking CXX executable line_test_target[0m
[108.065s] [ 75%] Built target line_test_target
[108.094s] [35m[1mScanning dependencies of target movable_text_test_target[0m
[108.120s] [35m[1mScanning dependencies of target grid_test_target[0m
[108.203s] [ 76%] [32mBuilding CXX object CMakeFiles/movable_text_test_target.dir/test/rviz_rendering/objects/movable_text_test.cpp.o[0m
[108.255s] [ 78%] [32mBuilding CXX object CMakeFiles/grid_test_target.dir/test/rviz_rendering/objects/grid_test.cpp.o[0m
[113.969s] [ 80%] [32m[1mLinking CXX executable movable_text_test_target[0m
[115.211s] [ 80%] Built target movable_text_test_target
[115.533s] [ 82%] [32m[1mLinking CXX executable grid_test_target[0m
[116.535s] [ 82%] Built target grid_test_target
[116.569s] [35m[1mScanning dependencies of target covariance_visual_test_target[0m
[116.875s] [ 83%] [32mBuilding CXX object CMakeFiles/covariance_visual_test_target.dir/test/rviz_rendering/objects/covariance_visual_test.cpp.o[0m
[129.540s] [ 85%] [32m[1mLinking CXX executable covariance_visual_test_target[0m
[130.905s] [ 85%] Built target covariance_visual_test_target
[130.929s] [35m[1mScanning dependencies of target billboard_line_test_target[0m
[131.028s] [ 87%] [32mBuilding CXX object CMakeFiles/billboard_line_test_target.dir/test/rviz_rendering/objects/billboard_line_test.cpp.o[0m
[135.643s] [ 89%] [32m[1mLinking CXX executable billboard_line_test_target[0m
[136.441s] [ 89%] Built target billboard_line_test_target
[136.465s] [35m[1mScanning dependencies of target wrench_visual_test_target[0m
[136.465s] [35m[1mScanning dependencies of target point_cloud_renderable_test_target[0m
[136.562s] [ 91%] [32mBuilding CXX object CMakeFiles/point_cloud_renderable_test_target.dir/test/rviz_rendering/objects/point_cloud_renderable_test.cpp.o[0m
[136.563s] [ 92%] [32mBuilding CXX object CMakeFiles/wrench_visual_test_target.dir/test/rviz_rendering/objects/wrench_visual_test.cpp.o[0m
[142.059s] [ 94%] [32m[1mLinking CXX executable point_cloud_renderable_test_target[0m
[143.358s] [ 96%] [32m[1mLinking CXX executable wrench_visual_test_target[0m
[143.378s] [ 96%] Built target point_cloud_renderable_test_target
[143.418s] [35m[1mScanning dependencies of target point_cloud_test_target[0m
[143.760s] [ 98%] [32mBuilding CXX object CMakeFiles/point_cloud_test_target.dir/test/rviz_rendering/objects/point_cloud_test.cpp.o[0m
[144.856s] [ 98%] Built target wrench_visual_test_target
[157.208s] [100%] [32m[1mLinking CXX executable point_cloud_test_target[0m
[158.678s] [100%] Built target point_cloud_test_target
[158.711s] Invoked command in '/robofuzz/ros2_foxy/build/rviz_rendering' returned '0': AMENT_PREFIX_PATH=/robofuzz/ros2_foxy/install/resource_retriever:/robofuzz/ros2_foxy/install/ament_index_cpp:/robofuzz/ros2_foxy/install/eigen3_cmake_module:/robofuzz/ros2_foxy/install/ament_cmake_uncrustify:/robofuzz/ros2_foxy/install/ament_cmake_cpplint:/robofuzz/ros2_foxy/install/ament_cmake_cppcheck:/robofuzz/ros2_foxy/install/ament_uncrustify:/robofuzz/ros2_foxy/install/uncrustify_vendor:/robofuzz/ros2_foxy/install/rviz_ogre_vendor:/robofuzz/ros2_foxy/install/rviz_assimp_vendor:/robofuzz/ros2_foxy/install/libcurl_vendor:/robofuzz/ros2_foxy/install/ament_cmake_lint_cmake:/robofuzz/ros2_foxy/install/ament_cmake_gmock:/robofuzz/ros2_foxy/install/ament_lint_cmake:/robofuzz/ros2_foxy/install/ament_index_python:/robofuzz/ros2_foxy/install/ament_cpplint:/robofuzz/ros2_foxy/install/ament_cmake_gtest:/robofuzz/ros2_foxy/install/ament_cmake:/robofuzz/ros2_foxy/install/ament_cmake_test:/robofuzz/ros2_foxy/install/ament_cmake_target_dependencies:/robofuzz/ros2_foxy/install/ament_cmake_export_targets:/robofuzz/ros2_foxy/install/ament_cmake_export_interfaces:/robofuzz/ros2_foxy/install/ament_cmake_export_dependencies:/robofuzz/ros2_foxy/install/ament_cmake_version:/robofuzz/ros2_foxy/install/ament_cmake_python:/robofuzz/ros2_foxy/install/ament_cmake_libraries:/robofuzz/ros2_foxy/install/ament_cmake_include_directories:/robofuzz/ros2_foxy/install/ament_cmake_export_link_flags:/robofuzz/ros2_foxy/install/ament_cmake_export_libraries:/robofuzz/ros2_foxy/install/ament_cmake_export_include_directories:/robofuzz/ros2_foxy/install/ament_cmake_export_definitions:/robofuzz/ros2_foxy/install/ament_cmake_core:/robofuzz/ros2_foxy/install/ament_package:/robofuzz/ros2_foxy/install/ament_cppcheck:${AMENT_PREFIX_PATH} CMAKE_PREFIX_PATH=/robofuzz/ros2_foxy/install/resource_retriever:/robofuzz/ros2_foxy/install/ament_index_cpp:/robofuzz/ros2_foxy/install/eigen3_cmake_module:/robofuzz/ros2_foxy/install/ament_cmake_uncrustify:/robofuzz/ros2_foxy/install/ament_cmake_cpplint:/robofuzz/ros2_foxy/install/ament_cmake_cppcheck:/robofuzz/ros2_foxy/install/uncrustify_vendor:/robofuzz/ros2_foxy/install/rviz_ogre_vendor:/robofuzz/ros2_foxy/install/rviz_assimp_vendor:/robofuzz/ros2_foxy/install/libcurl_vendor:/robofuzz/ros2_foxy/install/ament_cmake_lint_cmake:/robofuzz/ros2_foxy/install/ament_cmake_gmock:/robofuzz/ros2_foxy/install/ament_cmake_gtest:/robofuzz/ros2_foxy/install/ament_cmake:/robofuzz/ros2_foxy/install/ament_cmake_test:/robofuzz/ros2_foxy/install/ament_cmake_target_dependencies:/robofuzz/ros2_foxy/install/ament_cmake_export_targets:/robofuzz/ros2_foxy/install/ament_cmake_export_interfaces:/robofuzz/ros2_foxy/install/ament_cmake_export_dependencies:/robofuzz/ros2_foxy/install/ament_cmake_version:/robofuzz/ros2_foxy/install/ament_cmake_python:/robofuzz/ros2_foxy/install/ament_cmake_libraries:/robofuzz/ros2_foxy/install/ament_cmake_include_directories:/robofuzz/ros2_foxy/install/ament_cmake_export_link_flags:/robofuzz/ros2_foxy/install/ament_cmake_export_libraries:/robofuzz/ros2_foxy/install/ament_cmake_export_include_directories:/robofuzz/ros2_foxy/install/ament_cmake_export_definitions:/robofuzz/ros2_foxy/install/gmock_vendor:/robofuzz/ros2_foxy/install/ament_cmake_core:/robofuzz/ros2_foxy/install/gtest_vendor:/robofuzz/targets/moveit2_ws/install/moveit2_tutorials:/robofuzz/targets/moveit2_ws/install/moveit_visual_tools:/robofuzz/targets/moveit2_ws/install/rviz_visual_tools:/robofuzz/targets/turtlebot3_ws/install/turtlebot3:/robofuzz/targets/turtlebot3_ws/install/turtlebot3_simulations:/robofuzz/targets/turtlebot3_ws/install/turtlebot3_bringup:/robofuzz/targets/turtlebot3_ws/install/turtlebot3_node:/robofuzz/targets/turtlebot3_ws/install/turtlebot3_navigation2:/robofuzz/targets/turtlebot3_ws/install/turtlebot3_fake_node:/robofuzz/targets/turtlebot3_ws/install/turtlebot3_msgs:/robofuzz/targets/turtlebot3_ws/install/turtlebot3_gazebo:/robofuzz/targets/turtlebot3_ws/install/turtlebot3_description:/robofuzz/targets/turtlebot3_ws/install/turtlebot3_cartographer:/robofuzz/targets/turtlebot3_ws/install/hls_lfcd_lds_driver:/robofuzz/targets/turtlebot3_ws/install/dynamixel_sdk_examples:/robofuzz/targets/turtlebot3_ws/install/dynamixel_sdk_custom_interfaces:/robofuzz/targets/turtlebot3_ws/install/dynamixel_sdk:/robofuzz/targets/idltest_ws/install/idltest_target:/robofuzz/targets/idltest_ws/install/idltest_msgs:/robofuzz/targets/px4_ros_com_ros2/install/px4_ros_com:/robofuzz/targets/px4_ros_com_ros2/install/px4_msgs:/robofuzz/targets/turtlebot3_ws/install/turtlebot3_teleop:/robofuzz/targets/turtlebot3_ws/install/turtlebot3_example:/opt/ros/foxy LD_LIBRARY_PATH=/robofuzz/ros2_foxy/install/resource_retriever/lib:/robofuzz/ros2_foxy/install/ament_index_cpp/lib:/robofuzz/ros2_foxy/install/rviz_ogre_vendor/opt/rviz_ogre_vendor/lib:${LD_LIBRARY_PATH} PATH=/robofuzz/ros2_foxy/install/ament_uncrustify/bin:/robofuzz/ros2_foxy/install/ament_lint_cmake/bin:/robofuzz/ros2_foxy/install/ament_index_python/bin:/robofuzz/ros2_foxy/install/ament_cpplint/bin:/robofuzz/ros2_foxy/install/ament_cppcheck/bin:${PATH} PKG_CONFIG_PATH=/robofuzz/ros2_foxy/install/gmock_vendor/lib/x86_64-linux-gnu/pkgconfig:/robofuzz/ros2_foxy/install/gmock_vendor/lib/pkgconfig:/robofuzz/ros2_foxy/install/gtest_vendor/lib/x86_64-linux-gnu/pkgconfig:/robofuzz/ros2_foxy/install/gtest_vendor/lib/pkgconfig PYTHONPATH=/robofuzz/ros2_foxy/install/resource_retriever/lib/python3.8/site-packages:/robofuzz/ros2_foxy/build/ament_uncrustify:/robofuzz/ros2_foxy/install/ament_uncrustify/lib/python3.8/site-packages:/robofuzz/ros2_foxy/build/ament_lint_cmake:/robofuzz/ros2_foxy/install/ament_lint_cmake/lib/python3.8/site-packages:/robofuzz/ros2_foxy/build/ament_index_python:/robofuzz/ros2_foxy/install/ament_index_python/lib/python3.8/site-packages:/robofuzz/ros2_foxy/build/ament_cpplint:/robofuzz/ros2_foxy/install/ament_cpplint/lib/python3.8/site-packages:/robofuzz/ros2_foxy/install/ament_cmake_test/lib/python3.8/site-packages:/robofuzz/ros2_foxy/build/ament_package:/robofuzz/ros2_foxy/install/ament_package/lib/python3.8/site-packages:/robofuzz/ros2_foxy/build/ament_cppcheck:/robofuzz/ros2_foxy/install/ament_cppcheck/lib/python3.8/site-packages:${PYTHONPATH} /usr/bin/cmake --build /robofuzz/ros2_foxy/build/rviz_rendering -- -j12 -l12
[159.839s] Invoking command in '/robofuzz/ros2_foxy/build/rviz_rendering': AMENT_PREFIX_PATH=/robofuzz/ros2_foxy/install/resource_retriever:/robofuzz/ros2_foxy/install/ament_index_cpp:/robofuzz/ros2_foxy/install/eigen3_cmake_module:/robofuzz/ros2_foxy/install/ament_cmake_uncrustify:/robofuzz/ros2_foxy/install/ament_cmake_cpplint:/robofuzz/ros2_foxy/install/ament_cmake_cppcheck:/robofuzz/ros2_foxy/install/ament_uncrustify:/robofuzz/ros2_foxy/install/uncrustify_vendor:/robofuzz/ros2_foxy/install/rviz_ogre_vendor:/robofuzz/ros2_foxy/install/rviz_assimp_vendor:/robofuzz/ros2_foxy/install/libcurl_vendor:/robofuzz/ros2_foxy/install/ament_cmake_lint_cmake:/robofuzz/ros2_foxy/install/ament_cmake_gmock:/robofuzz/ros2_foxy/install/ament_lint_cmake:/robofuzz/ros2_foxy/install/ament_index_python:/robofuzz/ros2_foxy/install/ament_cpplint:/robofuzz/ros2_foxy/install/ament_cmake_gtest:/robofuzz/ros2_foxy/install/ament_cmake:/robofuzz/ros2_foxy/install/ament_cmake_test:/robofuzz/ros2_foxy/install/ament_cmake_target_dependencies:/robofuzz/ros2_foxy/install/ament_cmake_export_targets:/robofuzz/ros2_foxy/install/ament_cmake_export_interfaces:/robofuzz/ros2_foxy/install/ament_cmake_export_dependencies:/robofuzz/ros2_foxy/install/ament_cmake_version:/robofuzz/ros2_foxy/install/ament_cmake_python:/robofuzz/ros2_foxy/install/ament_cmake_libraries:/robofuzz/ros2_foxy/install/ament_cmake_include_directories:/robofuzz/ros2_foxy/install/ament_cmake_export_link_flags:/robofuzz/ros2_foxy/install/ament_cmake_export_libraries:/robofuzz/ros2_foxy/install/ament_cmake_export_include_directories:/robofuzz/ros2_foxy/install/ament_cmake_export_definitions:/robofuzz/ros2_foxy/install/ament_cmake_core:/robofuzz/ros2_foxy/install/ament_package:/robofuzz/ros2_foxy/install/ament_cppcheck:${AMENT_PREFIX_PATH} CMAKE_PREFIX_PATH=/robofuzz/ros2_foxy/install/resource_retriever:/robofuzz/ros2_foxy/install/ament_index_cpp:/robofuzz/ros2_foxy/install/eigen3_cmake_module:/robofuzz/ros2_foxy/install/ament_cmake_uncrustify:/robofuzz/ros2_foxy/install/ament_cmake_cpplint:/robofuzz/ros2_foxy/install/ament_cmake_cppcheck:/robofuzz/ros2_foxy/install/uncrustify_vendor:/robofuzz/ros2_foxy/install/rviz_ogre_vendor:/robofuzz/ros2_foxy/install/rviz_assimp_vendor:/robofuzz/ros2_foxy/install/libcurl_vendor:/robofuzz/ros2_foxy/install/ament_cmake_lint_cmake:/robofuzz/ros2_foxy/install/ament_cmake_gmock:/robofuzz/ros2_foxy/install/ament_cmake_gtest:/robofuzz/ros2_foxy/install/ament_cmake:/robofuzz/ros2_foxy/install/ament_cmake_test:/robofuzz/ros2_foxy/install/ament_cmake_target_dependencies:/robofuzz/ros2_foxy/install/ament_cmake_export_targets:/robofuzz/ros2_foxy/install/ament_cmake_export_interfaces:/robofuzz/ros2_foxy/install/ament_cmake_export_dependencies:/robofuzz/ros2_foxy/install/ament_cmake_version:/robofuzz/ros2_foxy/install/ament_cmake_python:/robofuzz/ros2_foxy/install/ament_cmake_libraries:/robofuzz/ros2_foxy/install/ament_cmake_include_directories:/robofuzz/ros2_foxy/install/ament_cmake_export_link_flags:/robofuzz/ros2_foxy/install/ament_cmake_export_libraries:/robofuzz/ros2_foxy/install/ament_cmake_export_include_directories:/robofuzz/ros2_foxy/install/ament_cmake_export_definitions:/robofuzz/ros2_foxy/install/gmock_vendor:/robofuzz/ros2_foxy/install/ament_cmake_core:/robofuzz/ros2_foxy/install/gtest_vendor:/robofuzz/targets/moveit2_ws/install/moveit2_tutorials:/robofuzz/targets/moveit2_ws/install/moveit_visual_tools:/robofuzz/targets/moveit2_ws/install/rviz_visual_tools:/robofuzz/targets/turtlebot3_ws/install/turtlebot3:/robofuzz/targets/turtlebot3_ws/install/turtlebot3_simulations:/robofuzz/targets/turtlebot3_ws/install/turtlebot3_bringup:/robofuzz/targets/turtlebot3_ws/install/turtlebot3_node:/robofuzz/targets/turtlebot3_ws/install/turtlebot3_navigation2:/robofuzz/targets/turtlebot3_ws/install/turtlebot3_fake_node:/robofuzz/targets/turtlebot3_ws/install/turtlebot3_msgs:/robofuzz/targets/turtlebot3_ws/install/turtlebot3_gazebo:/robofuzz/targets/turtlebot3_ws/install/turtlebot3_description:/robofuzz/targets/turtlebot3_ws/install/turtlebot3_cartographer:/robofuzz/targets/turtlebot3_ws/install/hls_lfcd_lds_driver:/robofuzz/targets/turtlebot3_ws/install/dynamixel_sdk_examples:/robofuzz/targets/turtlebot3_ws/install/dynamixel_sdk_custom_interfaces:/robofuzz/targets/turtlebot3_ws/install/dynamixel_sdk:/robofuzz/targets/idltest_ws/install/idltest_target:/robofuzz/targets/idltest_ws/install/idltest_msgs:/robofuzz/targets/px4_ros_com_ros2/install/px4_ros_com:/robofuzz/targets/px4_ros_com_ros2/install/px4_msgs:/robofuzz/targets/turtlebot3_ws/install/turtlebot3_teleop:/robofuzz/targets/turtlebot3_ws/install/turtlebot3_example:/opt/ros/foxy LD_LIBRARY_PATH=/robofuzz/ros2_foxy/install/resource_retriever/lib:/robofuzz/ros2_foxy/install/ament_index_cpp/lib:/robofuzz/ros2_foxy/install/rviz_ogre_vendor/opt/rviz_ogre_vendor/lib:${LD_LIBRARY_PATH} PATH=/robofuzz/ros2_foxy/install/ament_uncrustify/bin:/robofuzz/ros2_foxy/install/ament_lint_cmake/bin:/robofuzz/ros2_foxy/install/ament_index_python/bin:/robofuzz/ros2_foxy/install/ament_cpplint/bin:/robofuzz/ros2_foxy/install/ament_cppcheck/bin:${PATH} PKG_CONFIG_PATH=/robofuzz/ros2_foxy/install/gmock_vendor/lib/x86_64-linux-gnu/pkgconfig:/robofuzz/ros2_foxy/install/gmock_vendor/lib/pkgconfig:/robofuzz/ros2_foxy/install/gtest_vendor/lib/x86_64-linux-gnu/pkgconfig:/robofuzz/ros2_foxy/install/gtest_vendor/lib/pkgconfig PYTHONPATH=/robofuzz/ros2_foxy/install/resource_retriever/lib/python3.8/site-packages:/robofuzz/ros2_foxy/build/ament_uncrustify:/robofuzz/ros2_foxy/install/ament_uncrustify/lib/python3.8/site-packages:/robofuzz/ros2_foxy/build/ament_lint_cmake:/robofuzz/ros2_foxy/install/ament_lint_cmake/lib/python3.8/site-packages:/robofuzz/ros2_foxy/build/ament_index_python:/robofuzz/ros2_foxy/install/ament_index_python/lib/python3.8/site-packages:/robofuzz/ros2_foxy/build/ament_cpplint:/robofuzz/ros2_foxy/install/ament_cpplint/lib/python3.8/site-packages:/robofuzz/ros2_foxy/install/ament_cmake_test/lib/python3.8/site-packages:/robofuzz/ros2_foxy/build/ament_package:/robofuzz/ros2_foxy/install/ament_package/lib/python3.8/site-packages:/robofuzz/ros2_foxy/build/ament_cppcheck:/robofuzz/ros2_foxy/install/ament_cppcheck/lib/python3.8/site-packages:${PYTHONPATH} /usr/bin/cmake --install /robofuzz/ros2_foxy/build/rviz_rendering
[159.893s] -- Install configuration: ""
[159.895s] -- Execute custom install script
[159.896s] -- Symlinking: /robofuzz/ros2_foxy/install/rviz_rendering/share/rviz_rendering/environment/library_path.sh
[159.965s] -- Symlinking: /robofuzz/ros2_foxy/install/rviz_rendering/share/rviz_rendering/environment/library_path.dsv
[160.035s] -- Symlinking: /robofuzz/ros2_foxy/install/rviz_rendering/include/rviz_rendering/apply_visibility_bits.hpp
[160.086s] -- Symlinking: /robofuzz/ros2_foxy/install/rviz_rendering/include/rviz_rendering/custom_parameter_indices.hpp
[160.140s] -- Symlinking: /robofuzz/ros2_foxy/install/rviz_rendering/include/rviz_rendering/geometry.hpp
[160.205s] -- Symlinking: /robofuzz/ros2_foxy/install/rviz_rendering/include/rviz_rendering/logging.hpp
[160.263s] -- Symlinking: /robofuzz/ros2_foxy/install/rviz_rendering/include/rviz_rendering/logging_handler.hpp
[160.323s] -- Symlinking: /robofuzz/ros2_foxy/install/rviz_rendering/include/rviz_rendering/material_manager.hpp
[160.376s] -- Symlinking: /robofuzz/ros2_foxy/install/rviz_rendering/include/rviz_rendering/mesh_loader.hpp
[160.402s] -- Symlinking: /robofuzz/ros2_foxy/install/rviz_rendering/include/rviz_rendering/objects/arrow.hpp
[160.427s] -- Symlinking: /robofuzz/ros2_foxy/install/rviz_rendering/include/rviz_rendering/objects/axes.hpp
[160.458s] -- Symlinking: /robofuzz/ros2_foxy/install/rviz_rendering/include/rviz_rendering/objects/billboard_line.hpp
[160.487s] -- Symlinking: /robofuzz/ros2_foxy/install/rviz_rendering/include/rviz_rendering/objects/covariance_visual.hpp
[160.513s] -- Symlinking: /robofuzz/ros2_foxy/install/rviz_rendering/include/rviz_rendering/objects/grid.hpp
[160.540s] -- Symlinking: /robofuzz/ros2_foxy/install/rviz_rendering/include/rviz_rendering/objects/line.hpp
[160.571s] -- Symlinking: /robofuzz/ros2_foxy/install/rviz_rendering/include/rviz_rendering/objects/movable_text.hpp
[160.626s] -- Symlinking: /robofuzz/ros2_foxy/install/rviz_rendering/include/rviz_rendering/objects/object.hpp
[160.689s] -- Symlinking: /robofuzz/ros2_foxy/install/rviz_rendering/include/rviz_rendering/objects/point_cloud.hpp
[160.746s] -- Symlinking: /robofuzz/ros2_foxy/install/rviz_rendering/include/rviz_rendering/objects/point_cloud_renderable.hpp
[160.808s] -- Symlinking: /robofuzz/ros2_foxy/install/rviz_rendering/include/rviz_rendering/objects/shape.hpp
[160.871s] -- Symlinking: /robofuzz/ros2_foxy/install/rviz_rendering/include/rviz_rendering/objects/wrench_visual.hpp
[160.928s] -- Symlinking: /robofuzz/ros2_foxy/install/rviz_rendering/include/rviz_rendering/ogre_logging.hpp
[160.976s] -- Symlinking: /robofuzz/ros2_foxy/install/rviz_rendering/include/rviz_rendering/orthographic.hpp
[161.029s] -- Symlinking: /robofuzz/ros2_foxy/install/rviz_rendering/include/rviz_rendering/render_system.hpp
[161.084s] -- Symlinking: /robofuzz/ros2_foxy/install/rviz_rendering/include/rviz_rendering/render_window.hpp
[161.139s] -- Symlinking: /robofuzz/ros2_foxy/install/rviz_rendering/include/rviz_rendering/resource_config.hpp
[161.195s] -- Symlinking: /robofuzz/ros2_foxy/install/rviz_rendering/include/rviz_rendering/rviz_rendering.hpp
[161.252s] -- Symlinking: /robofuzz/ros2_foxy/install/rviz_rendering/include/rviz_rendering/viewport_projection_finder.hpp
[161.323s] -- Symlinking: /robofuzz/ros2_foxy/install/rviz_rendering/include/rviz_rendering/visibility_control.hpp
[161.375s] -- Symlinking: /robofuzz/ros2_foxy/install/rviz_rendering/share/rviz_rendering/cmake/register_rviz_ogre_media_exports.cmake
[161.424s] -- Symlinking: /robofuzz/ros2_foxy/install/rviz_rendering/share/rviz_rendering/cmake/register_rviz_ogre_media_exports_hook-extras.cmake
[161.477s] -- Symlinking: /robofuzz/ros2_foxy/install/rviz_rendering/share/rviz_rendering/cmake/register_rviz_ogre_media_exports_hook.cmake
[161.532s] -- Symlinking: /robofuzz/ros2_foxy/install/rviz_rendering/share/ament_index/resource_index/package_run_dependencies/rviz_rendering
[161.587s] -- Symlinking: /robofuzz/ros2_foxy/install/rviz_rendering/share/ament_index/resource_index/parent_prefix_path/rviz_rendering
[161.636s] -- Symlinking: /robofuzz/ros2_foxy/install/rviz_rendering/share/rviz_rendering/environment/ament_prefix_path.sh
[161.705s] -- Symlinking: /robofuzz/ros2_foxy/install/rviz_rendering/share/rviz_rendering/environment/ament_prefix_path.dsv
[161.774s] -- Symlinking: /robofuzz/ros2_foxy/install/rviz_rendering/share/rviz_rendering/environment/path.sh
[161.842s] -- Symlinking: /robofuzz/ros2_foxy/install/rviz_rendering/share/rviz_rendering/environment/path.dsv
[161.912s] -- Symlinking: /robofuzz/ros2_foxy/install/rviz_rendering/share/rviz_rendering/local_setup.bash
[161.963s] -- Symlinking: /robofuzz/ros2_foxy/install/rviz_rendering/share/rviz_rendering/local_setup.sh
[162.011s] -- Symlinking: /robofuzz/ros2_foxy/install/rviz_rendering/share/rviz_rendering/local_setup.zsh
[162.059s] -- Symlinking: /robofuzz/ros2_foxy/install/rviz_rendering/share/rviz_rendering/local_setup.dsv
[162.121s] -- Symlinking: /robofuzz/ros2_foxy/install/rviz_rendering/share/rviz_rendering/package.dsv
[162.180s] -- Symlinking: /robofuzz/ros2_foxy/install/rviz_rendering/share/ament_index/resource_index/packages/rviz_rendering
[162.232s] -- Symlinking: /robofuzz/ros2_foxy/install/rviz_rendering/share/rviz_rendering/cmake/rviz_rendering-extras.cmake
[162.284s] -- Up-to-date symlink: /robofuzz/ros2_foxy/install/rviz_rendering/share/rviz_rendering/cmake/register_rviz_ogre_media_exports_hook-extras.cmake
[162.286s] -- Up-to-date symlink: /robofuzz/ros2_foxy/install/rviz_rendering/share/rviz_rendering/cmake/register_rviz_ogre_media_exports.cmake
[162.287s] -- Symlinking: /robofuzz/ros2_foxy/install/rviz_rendering/share/rviz_rendering/cmake/ament_cmake_export_targets-extras.cmake
[162.349s] -- Symlinking: /robofuzz/ros2_foxy/install/rviz_rendering/share/rviz_rendering/cmake/ament_cmake_export_dependencies-extras.cmake
[162.399s] -- Symlinking: /robofuzz/ros2_foxy/install/rviz_rendering/share/rviz_rendering/cmake/ament_cmake_export_include_directories-extras.cmake
[162.452s] -- Symlinking: /robofuzz/ros2_foxy/install/rviz_rendering/share/rviz_rendering/cmake/ament_cmake_export_libraries-extras.cmake
[162.488s] -- Symlinking: /robofuzz/ros2_foxy/install/rviz_rendering/share/rviz_rendering/cmake/rviz_renderingConfig.cmake
[162.512s] -- Symlinking: /robofuzz/ros2_foxy/install/rviz_rendering/share/rviz_rendering/cmake/rviz_renderingConfig-version.cmake
[162.535s] -- Symlinking: /robofuzz/ros2_foxy/install/rviz_rendering/share/rviz_rendering/package.xml
[162.561s] -- Installing: /robofuzz/ros2_foxy/install/rviz_rendering/lib/librviz_rendering.so
[162.571s] -- Set runtime path of "/robofuzz/ros2_foxy/install/rviz_rendering/lib/librviz_rendering.so" to ""
[162.572s] -- Installing: /robofuzz/ros2_foxy/install/rviz_rendering/share/rviz_rendering/ogre_media
[162.584s] -- Installing: /robofuzz/ros2_foxy/install/rviz_rendering/share/rviz_rendering/ogre_media/plugins.cfg
[162.586s] -- Installing: /robofuzz/ros2_foxy/install/rviz_rendering/share/rviz_rendering/ogre_media/materials
[162.587s] -- Installing: /robofuzz/ros2_foxy/install/rviz_rendering/share/rviz_rendering/ogre_media/materials/glsl120
[162.588s] -- Installing: /robofuzz/ros2_foxy/install/rviz_rendering/share/rviz_rendering/ogre_media/materials/glsl120/pass_color_circle.frag
[162.589s] -- Installing: /robofuzz/ros2_foxy/install/rviz_rendering/share/rviz_rendering/ogre_media/materials/glsl120/point.vert
[162.590s] -- Installing: /robofuzz/ros2_foxy/install/rviz_rendering/share/rviz_rendering/ogre_media/materials/glsl120/include
[162.591s] -- Installing: /robofuzz/ros2_foxy/install/rviz_rendering/share/rviz_rendering/ogre_media/materials/glsl120/include/circle_impl.frag
[162.592s] -- Installing: /robofuzz/ros2_foxy/install/rviz_rendering/share/rviz_rendering/ogre_media/materials/glsl120/include/pack_depth.frag
[162.593s] -- Installing: /robofuzz/ros2_foxy/install/rviz_rendering/share/rviz_rendering/ogre_media/materials/glsl120/include/pass_depth.vert
[162.594s] -- Installing: /robofuzz/ros2_foxy/install/rviz_rendering/share/rviz_rendering/ogre_media/materials/glsl120/smooth_square.frag
[162.595s] -- Installing: /robofuzz/ros2_foxy/install/rviz_rendering/share/rviz_rendering/ogre_media/materials/glsl120/indexed_8bit_image.frag
[162.597s] -- Installing: /robofuzz/ros2_foxy/install/rviz_rendering/share/rviz_rendering/ogre_media/materials/glsl120/depth.frag
[162.598s] -- Installing: /robofuzz/ros2_foxy/install/rviz_rendering/share/rviz_rendering/ogre_media/materials/glsl120/indexed_8bit_image.vert
[162.599s] -- Installing: /robofuzz/ros2_foxy/install/rviz_rendering/share/rviz_rendering/ogre_media/materials/glsl120/depth.vert
[162.600s] -- Installing: /robofuzz/ros2_foxy/install/rviz_rendering/share/rviz_rendering/ogre_media/materials/glsl120/test_glsl.sh
[162.601s] -- Installing: /robofuzz/ros2_foxy/install/rviz_rendering/share/rviz_rendering/ogre_media/materials/glsl120/black.frag
[162.602s] -- Installing: /robofuzz/ros2_foxy/install/rviz_rendering/share/rviz_rendering/ogre_media/materials/glsl120/glsl120.program
[162.603s] -- Installing: /robofuzz/ros2_foxy/install/rviz_rendering/share/rviz_rendering/ogre_media/materials/glsl120/pickcolor_circle.frag
[162.605s] -- Installing: /robofuzz/ros2_foxy/install/rviz_rendering/share/rviz_rendering/ogre_media/materials/glsl120/depth_circle.frag
[162.606s] -- Installing: /robofuzz/ros2_foxy/install/rviz_rendering/share/rviz_rendering/ogre_media/materials/glsl120/nogp
[162.607s] -- Installing: /robofuzz/ros2_foxy/install/rviz_rendering/share/rviz_rendering/ogre_media/materials/glsl120/nogp/billboard.vert
[162.608s] -- Installing: /robofuzz/ros2_foxy/install/rviz_rendering/share/rviz_rendering/ogre_media/materials/glsl120/nogp/nogp.program
[162.610s] -- Installing: /robofuzz/ros2_foxy/install/rviz_rendering/share/rviz_rendering/ogre_media/materials/glsl120/nogp/box.vert
[162.610s] -- Installing: /robofuzz/ros2_foxy/install/rviz_rendering/share/rviz_rendering/ogre_media/materials/glsl120/nogp/box.frag
[162.610s] -- Installing: /robofuzz/ros2_foxy/install/rviz_rendering/share/rviz_rendering/ogre_media/materials/glsl120/nogp/billboard_tile.vert
[162.610s] -- Installing: /robofuzz/ros2_foxy/install/rviz_rendering/share/rviz_rendering/ogre_media/materials/glsl120/flat_color.frag
[162.611s] -- Installing: /robofuzz/ros2_foxy/install/rviz_rendering/share/rviz_rendering/ogre_media/materials/glsl120/pass_color.frag
[162.611s] -- Installing: /robofuzz/ros2_foxy/install/rviz_rendering/share/rviz_rendering/ogre_media/materials/glsl120/shaded_circle.frag
[162.612s] -- Installing: /robofuzz/ros2_foxy/install/rviz_rendering/share/rviz_rendering/ogre_media/materials/glsl120/flat_color_circle.frag
[162.612s] -- Installing: /robofuzz/ros2_foxy/install/rviz_rendering/share/rviz_rendering/ogre_media/materials/glsl120/pickcolor.frag
[162.614s] -- Installing: /robofuzz/ros2_foxy/install/rviz_rendering/share/rviz_rendering/ogre_media/materials/scripts150
[162.615s] -- Installing: /robofuzz/ros2_foxy/install/rviz_rendering/share/rviz_rendering/ogre_media/materials/scripts150/point_cloud_square.material
[162.615s] -- Installing: /robofuzz/ros2_foxy/install/rviz_rendering/share/rviz_rendering/ogre_media/materials/scripts150/point_cloud_flat_square.material
[162.616s] -- Installing: /robofuzz/ros2_foxy/install/rviz_rendering/share/rviz_rendering/ogre_media/materials/scripts150/point_cloud_box.material
[162.617s] -- Installing: /robofuzz/ros2_foxy/install/rviz_rendering/share/rviz_rendering/ogre_media/materials/scripts150/point_cloud_sphere.material
[162.617s] -- Installing: /robofuzz/ros2_foxy/install/rviz_rendering/share/rviz_rendering/ogre_media/materials/scripts
[162.618s] -- Installing: /robofuzz/ros2_foxy/install/rviz_rendering/share/rviz_rendering/ogre_media/materials/scripts/default_pick_and_depth.material
[162.625s] -- Installing: /robofuzz/ros2_foxy/install/rviz_rendering/share/rviz_rendering/ogre_media/materials/scripts/point_cloud_point.material
[162.625s] -- Installing: /robofuzz/ros2_foxy/install/rviz_rendering/share/rviz_rendering/ogre_media/materials/scripts/indexed_8bit_image.material
[162.625s] -- Installing: /robofuzz/ros2_foxy/install/rviz_rendering/share/rviz_rendering/ogre_media/materials/scripts/point_cloud_tile.material
[162.626s] -- Installing: /robofuzz/ros2_foxy/install/rviz_rendering/share/rviz_rendering/ogre_media/materials/glsl150
[162.626s] -- Installing: /robofuzz/ros2_foxy/install/rviz_rendering/share/rviz_rendering/ogre_media/materials/glsl150/pass_pos_color.vert
[162.627s] -- Installing: /robofuzz/ros2_foxy/install/rviz_rendering/share/rviz_rendering/ogre_media/materials/glsl150/box.geom
[162.627s] -- Installing: /robofuzz/ros2_foxy/install/rviz_rendering/share/rviz_rendering/ogre_media/materials/glsl150/billboard.geom
[162.628s] -- Installing: /robofuzz/ros2_foxy/install/rviz_rendering/share/rviz_rendering/ogre_media/materials/glsl150/glsl150.program
[162.628s] -- Installing: /robofuzz/ros2_foxy/install/rviz_rendering/share/rviz_rendering/ogre_media/materials/scripts120
[162.629s] -- Installing: /robofuzz/ros2_foxy/install/rviz_rendering/share/rviz_rendering/ogre_media/materials/scripts120/point_cloud_square.material
[162.629s] -- Installing: /robofuzz/ros2_foxy/install/rviz_rendering/share/rviz_rendering/ogre_media/materials/scripts120/point_cloud_flat_square.material
[162.630s] -- Installing: /robofuzz/ros2_foxy/install/rviz_rendering/share/rviz_rendering/ogre_media/materials/scripts120/point_cloud_box.material
[162.630s] -- Installing: /robofuzz/ros2_foxy/install/rviz_rendering/share/rviz_rendering/ogre_media/materials/scripts120/point_cloud_sphere.material
[162.631s] -- Installing: /robofuzz/ros2_foxy/install/rviz_rendering/share/rviz_rendering/ogre_media/models
[162.631s] -- Installing: /robofuzz/ros2_foxy/install/rviz_rendering/share/rviz_rendering/ogre_media/models/rviz_cylinder.mesh
[162.632s] -- Installing: /robofuzz/ros2_foxy/install/rviz_rendering/share/rviz_rendering/ogre_media/models/rviz_cone.mesh
[162.632s] -- Installing: /robofuzz/ros2_foxy/install/rviz_rendering/share/rviz_rendering/ogre_media/models/rviz_cube.mesh
[162.633s] -- Installing: /robofuzz/ros2_foxy/install/rviz_rendering/share/rviz_rendering/ogre_media/models/rviz_sphere.mesh
[162.634s] -- Installing: /robofuzz/ros2_foxy/install/rviz_rendering/share/rviz_rendering/ogre_media/textures
[162.634s] -- Installing: /robofuzz/ros2_foxy/install/rviz_rendering/share/rviz_rendering/ogre_media/textures/test_20x20.png
[162.635s] -- Installing: /robofuzz/ros2_foxy/install/rviz_rendering/share/rviz_rendering/ogre_media/textures/no_image.png
[162.635s] -- Installing: /robofuzz/ros2_foxy/install/rviz_rendering/share/rviz_rendering/ogre_media/fonts
[162.635s] -- Installing: /robofuzz/ros2_foxy/install/rviz_rendering/share/rviz_rendering/ogre_media/fonts/README.md
[162.636s] -- Installing: /robofuzz/ros2_foxy/install/rviz_rendering/share/rviz_rendering/ogre_media/fonts/liberation-sans
[162.636s] -- Installing: /robofuzz/ros2_foxy/install/rviz_rendering/share/rviz_rendering/ogre_media/fonts/liberation-sans/LiberationSans-Regular.ttf
[162.638s] -- Installing: /robofuzz/ros2_foxy/install/rviz_rendering/share/rviz_rendering/ogre_media/fonts/liberation-sans/LiberationSans-Italic.ttf
[162.649s] -- Installing: /robofuzz/ros2_foxy/install/rviz_rendering/share/rviz_rendering/ogre_media/fonts/liberation-sans/SIL Open Font License.txt
[162.650s] -- Installing: /robofuzz/ros2_foxy/install/rviz_rendering/share/rviz_rendering/ogre_media/fonts/liberation-sans/LiberationSans-BoldItalic.ttf
[162.652s] -- Installing: /robofuzz/ros2_foxy/install/rviz_rendering/share/rviz_rendering/ogre_media/fonts/liberation-sans/LiberationSans-Bold.ttf
[162.654s] -- Installing: /robofuzz/ros2_foxy/install/rviz_rendering/share/rviz_rendering/ogre_media/fonts/liberation_sans.fontdef
[162.654s] -- Installing: /robofuzz/ros2_foxy/install/rviz_rendering/share/rviz_rendering/cmake/rviz_renderingExport.cmake
[162.655s] -- Installing: /robofuzz/ros2_foxy/install/rviz_rendering/share/rviz_rendering/cmake/rviz_renderingExport-noconfig.cmake
[162.664s] Invoked command in '/robofuzz/ros2_foxy/build/rviz_rendering' returned '0': AMENT_PREFIX_PATH=/robofuzz/ros2_foxy/install/resource_retriever:/robofuzz/ros2_foxy/install/ament_index_cpp:/robofuzz/ros2_foxy/install/eigen3_cmake_module:/robofuzz/ros2_foxy/install/ament_cmake_uncrustify:/robofuzz/ros2_foxy/install/ament_cmake_cpplint:/robofuzz/ros2_foxy/install/ament_cmake_cppcheck:/robofuzz/ros2_foxy/install/ament_uncrustify:/robofuzz/ros2_foxy/install/uncrustify_vendor:/robofuzz/ros2_foxy/install/rviz_ogre_vendor:/robofuzz/ros2_foxy/install/rviz_assimp_vendor:/robofuzz/ros2_foxy/install/libcurl_vendor:/robofuzz/ros2_foxy/install/ament_cmake_lint_cmake:/robofuzz/ros2_foxy/install/ament_cmake_gmock:/robofuzz/ros2_foxy/install/ament_lint_cmake:/robofuzz/ros2_foxy/install/ament_index_python:/robofuzz/ros2_foxy/install/ament_cpplint:/robofuzz/ros2_foxy/install/ament_cmake_gtest:/robofuzz/ros2_foxy/install/ament_cmake:/robofuzz/ros2_foxy/install/ament_cmake_test:/robofuzz/ros2_foxy/install/ament_cmake_target_dependencies:/robofuzz/ros2_foxy/install/ament_cmake_export_targets:/robofuzz/ros2_foxy/install/ament_cmake_export_interfaces:/robofuzz/ros2_foxy/install/ament_cmake_export_dependencies:/robofuzz/ros2_foxy/install/ament_cmake_version:/robofuzz/ros2_foxy/install/ament_cmake_python:/robofuzz/ros2_foxy/install/ament_cmake_libraries:/robofuzz/ros2_foxy/install/ament_cmake_include_directories:/robofuzz/ros2_foxy/install/ament_cmake_export_link_flags:/robofuzz/ros2_foxy/install/ament_cmake_export_libraries:/robofuzz/ros2_foxy/install/ament_cmake_export_include_directories:/robofuzz/ros2_foxy/install/ament_cmake_export_definitions:/robofuzz/ros2_foxy/install/ament_cmake_core:/robofuzz/ros2_foxy/install/ament_package:/robofuzz/ros2_foxy/install/ament_cppcheck:${AMENT_PREFIX_PATH} CMAKE_PREFIX_PATH=/robofuzz/ros2_foxy/install/resource_retriever:/robofuzz/ros2_foxy/install/ament_index_cpp:/robofuzz/ros2_foxy/install/eigen3_cmake_module:/robofuzz/ros2_foxy/install/ament_cmake_uncrustify:/robofuzz/ros2_foxy/install/ament_cmake_cpplint:/robofuzz/ros2_foxy/install/ament_cmake_cppcheck:/robofuzz/ros2_foxy/install/uncrustify_vendor:/robofuzz/ros2_foxy/install/rviz_ogre_vendor:/robofuzz/ros2_foxy/install/rviz_assimp_vendor:/robofuzz/ros2_foxy/install/libcurl_vendor:/robofuzz/ros2_foxy/install/ament_cmake_lint_cmake:/robofuzz/ros2_foxy/install/ament_cmake_gmock:/robofuzz/ros2_foxy/install/ament_cmake_gtest:/robofuzz/ros2_foxy/install/ament_cmake:/robofuzz/ros2_foxy/install/ament_cmake_test:/robofuzz/ros2_foxy/install/ament_cmake_target_dependencies:/robofuzz/ros2_foxy/install/ament_cmake_export_targets:/robofuzz/ros2_foxy/install/ament_cmake_export_interfaces:/robofuzz/ros2_foxy/install/ament_cmake_export_dependencies:/robofuzz/ros2_foxy/install/ament_cmake_version:/robofuzz/ros2_foxy/install/ament_cmake_python:/robofuzz/ros2_foxy/install/ament_cmake_libraries:/robofuzz/ros2_foxy/install/ament_cmake_include_directories:/robofuzz/ros2_foxy/install/ament_cmake_export_link_flags:/robofuzz/ros2_foxy/install/ament_cmake_export_libraries:/robofuzz/ros2_foxy/install/ament_cmake_export_include_directories:/robofuzz/ros2_foxy/install/ament_cmake_export_definitions:/robofuzz/ros2_foxy/install/gmock_vendor:/robofuzz/ros2_foxy/install/ament_cmake_core:/robofuzz/ros2_foxy/install/gtest_vendor:/robofuzz/targets/moveit2_ws/install/moveit2_tutorials:/robofuzz/targets/moveit2_ws/install/moveit_visual_tools:/robofuzz/targets/moveit2_ws/install/rviz_visual_tools:/robofuzz/targets/turtlebot3_ws/install/turtlebot3:/robofuzz/targets/turtlebot3_ws/install/turtlebot3_simulations:/robofuzz/targets/turtlebot3_ws/install/turtlebot3_bringup:/robofuzz/targets/turtlebot3_ws/install/turtlebot3_node:/robofuzz/targets/turtlebot3_ws/install/turtlebot3_navigation2:/robofuzz/targets/turtlebot3_ws/install/turtlebot3_fake_node:/robofuzz/targets/turtlebot3_ws/install/turtlebot3_msgs:/robofuzz/targets/turtlebot3_ws/install/turtlebot3_gazebo:/robofuzz/targets/turtlebot3_ws/install/turtlebot3_description:/robofuzz/targets/turtlebot3_ws/install/turtlebot3_cartographer:/robofuzz/targets/turtlebot3_ws/install/hls_lfcd_lds_driver:/robofuzz/targets/turtlebot3_ws/install/dynamixel_sdk_examples:/robofuzz/targets/turtlebot3_ws/install/dynamixel_sdk_custom_interfaces:/robofuzz/targets/turtlebot3_ws/install/dynamixel_sdk:/robofuzz/targets/idltest_ws/install/idltest_target:/robofuzz/targets/idltest_ws/install/idltest_msgs:/robofuzz/targets/px4_ros_com_ros2/install/px4_ros_com:/robofuzz/targets/px4_ros_com_ros2/install/px4_msgs:/robofuzz/targets/turtlebot3_ws/install/turtlebot3_teleop:/robofuzz/targets/turtlebot3_ws/install/turtlebot3_example:/opt/ros/foxy LD_LIBRARY_PATH=/robofuzz/ros2_foxy/install/resource_retriever/lib:/robofuzz/ros2_foxy/install/ament_index_cpp/lib:/robofuzz/ros2_foxy/install/rviz_ogre_vendor/opt/rviz_ogre_vendor/lib:${LD_LIBRARY_PATH} PATH=/robofuzz/ros2_foxy/install/ament_uncrustify/bin:/robofuzz/ros2_foxy/install/ament_lint_cmake/bin:/robofuzz/ros2_foxy/install/ament_index_python/bin:/robofuzz/ros2_foxy/install/ament_cpplint/bin:/robofuzz/ros2_foxy/install/ament_cppcheck/bin:${PATH} PKG_CONFIG_PATH=/robofuzz/ros2_foxy/install/gmock_vendor/lib/x86_64-linux-gnu/pkgconfig:/robofuzz/ros2_foxy/install/gmock_vendor/lib/pkgconfig:/robofuzz/ros2_foxy/install/gtest_vendor/lib/x86_64-linux-gnu/pkgconfig:/robofuzz/ros2_foxy/install/gtest_vendor/lib/pkgconfig PYTHONPATH=/robofuzz/ros2_foxy/install/resource_retriever/lib/python3.8/site-packages:/robofuzz/ros2_foxy/build/ament_uncrustify:/robofuzz/ros2_foxy/install/ament_uncrustify/lib/python3.8/site-packages:/robofuzz/ros2_foxy/build/ament_lint_cmake:/robofuzz/ros2_foxy/install/ament_lint_cmake/lib/python3.8/site-packages:/robofuzz/ros2_foxy/build/ament_index_python:/robofuzz/ros2_foxy/install/ament_index_python/lib/python3.8/site-packages:/robofuzz/ros2_foxy/build/ament_cpplint:/robofuzz/ros2_foxy/install/ament_cpplint/lib/python3.8/site-packages:/robofuzz/ros2_foxy/install/ament_cmake_test/lib/python3.8/site-packages:/robofuzz/ros2_foxy/build/ament_package:/robofuzz/ros2_foxy/install/ament_package/lib/python3.8/site-packages:/robofuzz/ros2_foxy/build/ament_cppcheck:/robofuzz/ros2_foxy/install/ament_cppcheck/lib/python3.8/site-packages:${PYTHONPATH} /usr/bin/cmake --install /robofuzz/ros2_foxy/build/rviz_rendering
