-- The C compiler identification is GNU 9.4.0
-- The CXX compiler identification is GNU 9.4.0
-- Check for working C compiler: /usr/bin/cc
-- Check for working C compiler: /usr/bin/cc -- works
-- Detecting C compiler ABI info
-- Detecting C compiler ABI info - done
-- Detecting C compile features
-- Detecting C compile features - done
-- Check for working CXX compiler: /usr/bin/c++
-- Check for working CXX compiler: /usr/bin/c++ -- works
-- Detecting CXX compiler ABI info
-- Detecting CXX compiler ABI info - done
-- Detecting CXX compile features
-- Detecting CXX compile features - done
-- Found ament_cmake_python: 0.9.10 (/robofuzz/ros2_foxy/install/ament_cmake_python/share/ament_cmake_python/cmake)
-- Found ament_cmake_ros: 0.9.2 (/robofuzz/ros2_foxy/install/ament_cmake_ros/share/ament_cmake_ros/cmake)
-- Found PythonInterp: /usr/bin/python3 (found suitable version "3.8.10", minimum required is "3") 
-- Using PYTHON_EXECUTABLE: /usr/bin/python3
-- Override CMake install command with custom implementation using symlinks instead of copying resources
-- Found ament_lint_auto: 0.9.7 (/robofuzz/ros2_foxy/install/ament_lint_auto/share/ament_lint_auto/cmake)
-- Added test 'copyright' to check source files copyright and LICENSE
-- Added test 'cppcheck' to perform static code analysis on C / C++ code
-- Configured cppcheck include dirs: $<BUILD_INTERFACE:/robofuzz/ros2_foxy/src/ros2/rosidl/rosidl_typesupport_introspection_c/include>
-- Configured cppcheck exclude dirs and/or files: 
-- Added test 'cpplint' to check C / C++ code against the Google style
-- Configured cpplint exclude dirs and/or files: 
-- Added test 'flake8' to check Python code syntax and style conventions
-- Added test 'lint_cmake' to check CMake code style
-- Added test 'pep257' to check Python code against some of the style conventions in PEP 257
-- Added test 'uncrustify' to check C / C++ code style
-- Configured uncrustify additional arguments: 
-- Added test 'xmllint' to check XML markup files
-- Configuring done
-- Generating done
-- Build files have been written to: /robofuzz/ros2_foxy/build/rosidl_typesupport_introspection_c
[35m[1mScanning dependencies of target rosidl_typesupport_introspection_c[0m
[ 50%] [32mBuilding C object CMakeFiles/rosidl_typesupport_introspection_c.dir/src/identifier.c.o[0m
[100%] [32m[1mLinking C shared library librosidl_typesupport_introspection_c.so[0m
[100%] Built target rosidl_typesupport_introspection_c
-- Install configuration: ""
-- Execute custom install script
-- Symlinking: /robofuzz/ros2_foxy/install/rosidl_typesupport_introspection_c/share/rosidl_typesupport_introspection_c/environment/pythonpath.sh
-- Symlinking: /robofuzz/ros2_foxy/install/rosidl_typesupport_introspection_c/share/rosidl_typesupport_introspection_c/environment/pythonpath.dsv
-- Symlinking: /robofuzz/ros2_foxy/install/rosidl_typesupport_introspection_c/lib/python3.8/site-packages/rosidl_typesupport_introspection_c/__init__.py
-- Symlinking: /robofuzz/ros2_foxy/install/rosidl_typesupport_introspection_c/share/rosidl_typesupport_introspection_c/environment/library_path.sh
-- Symlinking: /robofuzz/ros2_foxy/install/rosidl_typesupport_introspection_c/share/rosidl_typesupport_introspection_c/environment/library_path.dsv
-- Symlinking: /robofuzz/ros2_foxy/install/rosidl_typesupport_introspection_c/share/ament_index/resource_index/rosidl_typesupport_c/rosidl_typesupport_introspection_c
-- Symlinking: /robofuzz/ros2_foxy/install/rosidl_typesupport_introspection_c/share/ament_index/resource_index/rosidl_runtime_packages/rosidl_typesupport_introspection_c
-- Symlinking: /robofuzz/ros2_foxy/install/rosidl_typesupport_introspection_c/share/ament_index/resource_index/package_run_dependencies/rosidl_typesupport_introspection_c
-- Symlinking: /robofuzz/ros2_foxy/install/rosidl_typesupport_introspection_c/share/ament_index/resource_index/parent_prefix_path/rosidl_typesupport_introspection_c
-- Symlinking: /robofuzz/ros2_foxy/install/rosidl_typesupport_introspection_c/share/rosidl_typesupport_introspection_c/environment/ament_prefix_path.sh
-- Symlinking: /robofuzz/ros2_foxy/install/rosidl_typesupport_introspection_c/share/rosidl_typesupport_introspection_c/environment/ament_prefix_path.dsv
-- Symlinking: /robofuzz/ros2_foxy/install/rosidl_typesupport_introspection_c/share/rosidl_typesupport_introspection_c/environment/path.sh
-- Symlinking: /robofuzz/ros2_foxy/install/rosidl_typesupport_introspection_c/share/rosidl_typesupport_introspection_c/environment/path.dsv
-- Symlinking: /robofuzz/ros2_foxy/install/rosidl_typesupport_introspection_c/share/rosidl_typesupport_introspection_c/local_setup.bash
-- Symlinking: /robofuzz/ros2_foxy/install/rosidl_typesupport_introspection_c/share/rosidl_typesupport_introspection_c/local_setup.sh
-- Symlinking: /robofuzz/ros2_foxy/install/rosidl_typesupport_introspection_c/share/rosidl_typesupport_introspection_c/local_setup.zsh
-- Symlinking: /robofuzz/ros2_foxy/install/rosidl_typesupport_introspection_c/share/rosidl_typesupport_introspection_c/local_setup.dsv
-- Symlinking: /robofuzz/ros2_foxy/install/rosidl_typesupport_introspection_c/share/rosidl_typesupport_introspection_c/package.dsv
-- Symlinking: /robofuzz/ros2_foxy/install/rosidl_typesupport_introspection_c/share/ament_index/resource_index/packages/rosidl_typesupport_introspection_c
-- Symlinking: /robofuzz/ros2_foxy/install/rosidl_typesupport_introspection_c/share/rosidl_typesupport_introspection_c/cmake/rosidl_typesupport_introspection_c-extras.cmake
-- Symlinking: /robofuzz/ros2_foxy/install/rosidl_typesupport_introspection_c/share/rosidl_typesupport_introspection_c/cmake/ament_cmake_export_dependencies-extras.cmake
-- Symlinking: /robofuzz/ros2_foxy/install/rosidl_typesupport_introspection_c/share/rosidl_typesupport_introspection_c/cmake/ament_cmake_export_include_directories-extras.cmake
-- Symlinking: /robofuzz/ros2_foxy/install/rosidl_typesupport_introspection_c/share/rosidl_typesupport_introspection_c/cmake/ament_cmake_export_libraries-extras.cmake
-- Symlinking: /robofuzz/ros2_foxy/install/rosidl_typesupport_introspection_c/share/rosidl_typesupport_introspection_c/cmake/ament_cmake_export_targets-extras.cmake
-- Symlinking: /robofuzz/ros2_foxy/install/rosidl_typesupport_introspection_c/share/rosidl_typesupport_introspection_c/cmake/rosidl_typesupport_introspection_cConfig.cmake
-- Symlinking: /robofuzz/ros2_foxy/install/rosidl_typesupport_introspection_c/share/rosidl_typesupport_introspection_c/cmake/rosidl_typesupport_introspection_cConfig-version.cmake
-- Symlinking: /robofuzz/ros2_foxy/install/rosidl_typesupport_introspection_c/share/rosidl_typesupport_introspection_c/package.xml
-- Symlinking: /robofuzz/ros2_foxy/install/rosidl_typesupport_introspection_c/lib/rosidl_typesupport_introspection_c/rosidl_typesupport_introspection_c
-- Symlinking: /robofuzz/ros2_foxy/install/rosidl_typesupport_introspection_c/share/rosidl_typesupport_introspection_c/cmake/rosidl_typesupport_introspection_c_generate_interfaces.cmake
-- Symlinking: /robofuzz/ros2_foxy/install/rosidl_typesupport_introspection_c/share/rosidl_typesupport_introspection_c/resource/idl__rosidl_typesupport_introspection_c.h.em
-- Symlinking: /robofuzz/ros2_foxy/install/rosidl_typesupport_introspection_c/share/rosidl_typesupport_introspection_c/resource/idl__type_support.c.em
-- Symlinking: /robofuzz/ros2_foxy/install/rosidl_typesupport_introspection_c/share/rosidl_typesupport_introspection_c/resource/msg__rosidl_typesupport_introspection_c.h.em
-- Symlinking: /robofuzz/ros2_foxy/install/rosidl_typesupport_introspection_c/share/rosidl_typesupport_introspection_c/resource/msg__type_support.c.em
-- Symlinking: /robofuzz/ros2_foxy/install/rosidl_typesupport_introspection_c/share/rosidl_typesupport_introspection_c/resource/rosidl_typesupport_introspection_c__visibility_control.h.in
-- Symlinking: /robofuzz/ros2_foxy/install/rosidl_typesupport_introspection_c/share/rosidl_typesupport_introspection_c/resource/srv__rosidl_typesupport_introspection_c.h.em
-- Symlinking: /robofuzz/ros2_foxy/install/rosidl_typesupport_introspection_c/share/rosidl_typesupport_introspection_c/resource/srv__type_support.c.em
-- Symlinking: /robofuzz/ros2_foxy/install/rosidl_typesupport_introspection_c/include/rosidl_typesupport_introspection_c/field_types.h
-- Symlinking: /robofuzz/ros2_foxy/install/rosidl_typesupport_introspection_c/include/rosidl_typesupport_introspection_c/identifier.h
-- Symlinking: /robofuzz/ros2_foxy/install/rosidl_typesupport_introspection_c/include/rosidl_typesupport_introspection_c/message_introspection.h
-- Symlinking: /robofuzz/ros2_foxy/install/rosidl_typesupport_introspection_c/include/rosidl_typesupport_introspection_c/service_introspection.h
-- Symlinking: /robofuzz/ros2_foxy/install/rosidl_typesupport_introspection_c/include/rosidl_typesupport_introspection_c/visibility_control.h
Listing '/robofuzz/ros2_foxy/install/rosidl_typesupport_introspection_c/lib/python3.8/site-packages/rosidl_typesupport_introspection_c'...
Compiling '/robofuzz/ros2_foxy/install/rosidl_typesupport_introspection_c/lib/python3.8/site-packages/rosidl_typesupport_introspection_c/__init__.py'...
-- Installing: /robofuzz/ros2_foxy/install/rosidl_typesupport_introspection_c/share/rosidl_typesupport_introspection_c/cmake/rosidl_typesupport_introspection_cExport.cmake
-- Installing: /robofuzz/ros2_foxy/install/rosidl_typesupport_introspection_c/share/rosidl_typesupport_introspection_c/cmake/rosidl_typesupport_introspection_cExport-noconfig.cmake
-- Installing: /robofuzz/ros2_foxy/install/rosidl_typesupport_introspection_c/lib/librosidl_typesupport_introspection_c.so
