running develop
running egg_info
creating launch_yaml.egg-info
writing launch_yaml.egg-info/PKG-INFO
writing dependency_links to launch_yaml.egg-info/dependency_links.txt
writing entry points to launch_yaml.egg-info/entry_points.txt
writing requirements to launch_yaml.egg-info/requires.txt
writing top-level names to launch_yaml.egg-info/top_level.txt
writing manifest file 'launch_yaml.egg-info/SOURCES.txt'
reading manifest file 'launch_yaml.egg-info/SOURCES.txt'
writing manifest file 'launch_yaml.egg-info/SOURCES.txt'
running build_ext
Creating /robofuzz/ros2_foxy/install/launch_yaml/lib/python3.8/site-packages/site.py
Creating /robofuzz/ros2_foxy/install/launch_yaml/lib/python3.8/site-packages/launch-yaml.egg-link (link to .)

Installed /robofuzz/ros2_foxy/build/launch_yaml
running install_data
copying package.xml -> /robofuzz/ros2_foxy/install/launch_yaml/share/launch_yaml
creating /robofuzz/ros2_foxy/install/launch_yaml/share/ament_index
creating /robofuzz/ros2_foxy/install/launch_yaml/share/ament_index/resource_index
creating /robofuzz/ros2_foxy/install/launch_yaml/share/ament_index/resource_index/packages
copying resource/launch_yaml -> /robofuzz/ros2_foxy/install/launch_yaml/share/ament_index/resource_index/packages
