running develop
running egg_info
creating domain_coordinator.egg-info
writing domain_coordinator.egg-info/PKG-INFO
writing dependency_links to domain_coordinator.egg-info/dependency_links.txt
writing requirements to domain_coordinator.egg-info/requires.txt
writing top-level names to domain_coordinator.egg-info/top_level.txt
writing manifest file 'domain_coordinator.egg-info/SOURCES.txt'
reading manifest file 'domain_coordinator.egg-info/SOURCES.txt'
writing manifest file 'domain_coordinator.egg-info/SOURCES.txt'
running build_ext
Creating /robofuzz/ros2_foxy/install/domain_coordinator/lib/python3.8/site-packages/site.py
Creating /robofuzz/ros2_foxy/install/domain_coordinator/lib/python3.8/site-packages/domain-coordinator.egg-link (link to .)

Installed /robofuzz/ros2_foxy/build/domain_coordinator
running install_data
copying package.xml -> /robofuzz/ros2_foxy/install/domain_coordinator/share/domain_coordinator
creating /robofuzz/ros2_foxy/install/domain_coordinator/share/ament_index
creating /robofuzz/ros2_foxy/install/domain_coordinator/share/ament_index/resource_index
creating /robofuzz/ros2_foxy/install/domain_coordinator/share/ament_index/resource_index/packages
copying resource/domain_coordinator -> /robofuzz/ros2_foxy/install/domain_coordinator/share/ament_index/resource_index/packages
