-- The C compiler identification is GNU 9.4.0
-- The CXX compiler identification is GNU 9.4.0
-- Check for working C compiler: /usr/bin/cc
-- Check for working C compiler: /usr/bin/cc -- works
-- Detecting C compiler ABI info
-- Detecting C compiler ABI info - done
-- Detecting C compile features
-- Detecting C compile features - done
-- Check for working CXX compiler: /usr/bin/c++
-- Check for working CXX compiler: /usr/bin/c++ -- works
-- Detecting CXX compiler ABI info
-- Detecting CXX compiler ABI info - done
-- Detecting CXX compile features
-- Detecting CXX compile features - done
-- Found ament_cmake: 0.9.10 (/robofuzz/ros2_foxy/install/ament_cmake/share/ament_cmake/cmake)
-- Found PythonInterp: /usr/bin/python3 (found suitable version "3.8.10", minimum required is "3") 
-- Using PYTHON_EXECUTABLE: /usr/bin/python3
-- Override CMake install command with custom implementation using symlinks instead of copying resources
-- Found example_interfaces: 0.9.1 (/robofuzz/ros2_foxy/install/example_interfaces/share/example_interfaces/cmake)
-- Using all available rosidl_typesupport_c: rosidl_typesupport_fastrtps_c;rosidl_typesupport_introspection_c
-- Found rosidl_adapter: 1.2.1 (/robofuzz/ros2_foxy/install/rosidl_adapter/share/rosidl_adapter/cmake)
-- Found OpenSSL: /usr/lib/x86_64-linux-gnu/libcrypto.so (found version "1.1.1f")  
-- Found FastRTPS: /robofuzz/ros2_foxy/install/fastrtps/include  
-- Using all available rosidl_typesupport_cpp: rosidl_typesupport_introspection_cpp;rosidl_typesupport_fastrtps_cpp
-- Found rclcpp: 2.4.2 (/robofuzz/ros2_foxy/install/rclcpp/share/rclcpp/cmake)
-- Found rmw_implementation_cmake: 1.0.3 (/robofuzz/ros2_foxy/install/rmw_implementation_cmake/share/rmw_implementation_cmake/cmake)
-- Using RMW implementation 'rmw_fastrtps_cpp' as default
-- Looking for pthread.h
-- Looking for pthread.h - found
-- Performing Test CMAKE_HAVE_LIBC_PTHREAD
-- Performing Test CMAKE_HAVE_LIBC_PTHREAD - Failed
-- Looking for pthread_create in pthreads
-- Looking for pthread_create in pthreads - not found
-- Looking for pthread_create in pthread
-- Looking for pthread_create in pthread - found
-- Found Threads: TRUE  
-- Found rosbag2_cpp: 0.3.9 (/robofuzz/ros2_foxy/install/rosbag2_cpp/share/rosbag2_cpp/cmake)
-- Setting yaml-cpp_DIR to: '/robofuzz/ros2_foxy/install/yaml_cpp_vendor/share/yaml_cpp_vendor/cmake/../../../opt/yaml_cpp_vendor/lib/cmake/yaml-cpp'
-- Found ament_lint_auto: 0.9.7 (/robofuzz/ros2_foxy/install/ament_lint_auto/share/ament_lint_auto/cmake)
-- Added test 'copyright' to check source files copyright and LICENSE
-- Added test 'cppcheck' to perform static code analysis on C / C++ code
-- Configured cppcheck include dirs: 
-- Configured cppcheck exclude dirs and/or files: 
-- Added test 'cpplint' to check C / C++ code against the Google style
-- Configured cpplint exclude dirs and/or files: 
-- Added test 'lint_cmake' to check CMake code style
-- Added test 'uncrustify' to check C / C++ code style
-- Configured uncrustify additional arguments: 
-- Added test 'xmllint' to check XML markup files
-- Configuring done
-- Generating done
-- Build files have been written to: /robofuzz/ros2_foxy/build/bag_recorder_nodes
[35m[1mScanning dependencies of target data_generator_executable[0m
[ 16%] [32mBuilding CXX object CMakeFiles/data_generator_executable.dir/src/data_generator_executable.cpp.o[0m
[ 33%] [32m[1mLinking CXX executable data_generator_executable[0m
[ 33%] Built target data_generator_executable
[35m[1mScanning dependencies of target simple_bag_recorder[0m
[ 50%] [32mBuilding CXX object CMakeFiles/simple_bag_recorder.dir/src/simple_bag_recorder.cpp.o[0m
[ 66%] [32m[1mLinking CXX executable simple_bag_recorder[0m
[ 66%] Built target simple_bag_recorder
[35m[1mScanning dependencies of target data_generator_node[0m
[ 83%] [32mBuilding CXX object CMakeFiles/data_generator_node.dir/src/data_generator_node.cpp.o[0m
[100%] [32m[1mLinking CXX executable data_generator_node[0m
[100%] Built target data_generator_node
-- Install configuration: ""
-- Execute custom install script
-- Symlinking: /robofuzz/ros2_foxy/install/bag_recorder_nodes/lib/bag_recorder_nodes/simple_bag_recorder
-- Symlinking: /robofuzz/ros2_foxy/install/bag_recorder_nodes/lib/bag_recorder_nodes/data_generator_node
-- Symlinking: /robofuzz/ros2_foxy/install/bag_recorder_nodes/lib/bag_recorder_nodes/data_generator_executable
-- Symlinking: /robofuzz/ros2_foxy/install/bag_recorder_nodes/share/ament_index/resource_index/package_run_dependencies/bag_recorder_nodes
-- Symlinking: /robofuzz/ros2_foxy/install/bag_recorder_nodes/share/ament_index/resource_index/parent_prefix_path/bag_recorder_nodes
-- Symlinking: /robofuzz/ros2_foxy/install/bag_recorder_nodes/share/bag_recorder_nodes/environment/ament_prefix_path.sh
-- Symlinking: /robofuzz/ros2_foxy/install/bag_recorder_nodes/share/bag_recorder_nodes/environment/ament_prefix_path.dsv
-- Symlinking: /robofuzz/ros2_foxy/install/bag_recorder_nodes/share/bag_recorder_nodes/environment/path.sh
-- Symlinking: /robofuzz/ros2_foxy/install/bag_recorder_nodes/share/bag_recorder_nodes/environment/path.dsv
-- Symlinking: /robofuzz/ros2_foxy/install/bag_recorder_nodes/share/bag_recorder_nodes/local_setup.bash
-- Symlinking: /robofuzz/ros2_foxy/install/bag_recorder_nodes/share/bag_recorder_nodes/local_setup.sh
-- Symlinking: /robofuzz/ros2_foxy/install/bag_recorder_nodes/share/bag_recorder_nodes/local_setup.zsh
-- Symlinking: /robofuzz/ros2_foxy/install/bag_recorder_nodes/share/bag_recorder_nodes/local_setup.dsv
-- Symlinking: /robofuzz/ros2_foxy/install/bag_recorder_nodes/share/bag_recorder_nodes/package.dsv
-- Symlinking: /robofuzz/ros2_foxy/install/bag_recorder_nodes/share/ament_index/resource_index/packages/bag_recorder_nodes
-- Symlinking: /robofuzz/ros2_foxy/install/bag_recorder_nodes/share/bag_recorder_nodes/cmake/bag_recorder_nodesConfig.cmake
-- Symlinking: /robofuzz/ros2_foxy/install/bag_recorder_nodes/share/bag_recorder_nodes/cmake/bag_recorder_nodesConfig-version.cmake
-- Symlinking: /robofuzz/ros2_foxy/install/bag_recorder_nodes/share/bag_recorder_nodes/package.xml
