running develop
running egg_info
creating ros2topic.egg-info
writing ros2topic.egg-info/PKG-INFO
writing dependency_links to ros2topic.egg-info/dependency_links.txt
writing entry points to ros2topic.egg-info/entry_points.txt
writing requirements to ros2topic.egg-info/requires.txt
writing top-level names to ros2topic.egg-info/top_level.txt
writing manifest file 'ros2topic.egg-info/SOURCES.txt'
reading manifest file 'ros2topic.egg-info/SOURCES.txt'
writing manifest file 'ros2topic.egg-info/SOURCES.txt'
running build_ext
Creating /robofuzz/ros2_foxy/install/ros2topic/lib/python3.8/site-packages/site.py
Creating /robofuzz/ros2_foxy/install/ros2topic/lib/python3.8/site-packages/ros2topic.egg-link (link to .)

Installed /robofuzz/ros2_foxy/build/ros2topic
running install_data
copying package.xml -> /robofuzz/ros2_foxy/install/ros2topic/share/ros2topic
creating /robofuzz/ros2_foxy/install/ros2topic/share/ament_index
creating /robofuzz/ros2_foxy/install/ros2topic/share/ament_index/resource_index
creating /robofuzz/ros2_foxy/install/ros2topic/share/ament_index/resource_index/packages
copying resource/ros2topic -> /robofuzz/ros2_foxy/install/ros2topic/share/ament_index/resource_index/packages
