running develop
running egg_info
creating ros2pkg.egg-info
writing ros2pkg.egg-info/PKG-INFO
writing dependency_links to ros2pkg.egg-info/dependency_links.txt
writing entry points to ros2pkg.egg-info/entry_points.txt
writing requirements to ros2pkg.egg-info/requires.txt
writing top-level names to ros2pkg.egg-info/top_level.txt
writing manifest file 'ros2pkg.egg-info/SOURCES.txt'
reading manifest file 'ros2pkg.egg-info/SOURCES.txt'
writing manifest file 'ros2pkg.egg-info/SOURCES.txt'
running build_ext
Creating /robofuzz/ros2_foxy/install/ros2pkg/lib/python3.8/site-packages/site.py
Creating /robofuzz/ros2_foxy/install/ros2pkg/lib/python3.8/site-packages/ros2pkg.egg-link (link to .)

Installed /robofuzz/ros2_foxy/build/ros2pkg
running install_data
copying package.xml -> /robofuzz/ros2_foxy/install/ros2pkg/share/ros2pkg
creating /robofuzz/ros2_foxy/install/ros2pkg/share/ament_index
creating /robofuzz/ros2_foxy/install/ros2pkg/share/ament_index/resource_index
creating /robofuzz/ros2_foxy/install/ros2pkg/share/ament_index/resource_index/packages
copying resource/ros2pkg -> /robofuzz/ros2_foxy/install/ros2pkg/share/ament_index/resource_index/packages
