running develop
running egg_info
creating src/rqt_msg.egg-info
writing src/rqt_msg.egg-info/PKG-INFO
writing dependency_links to src/rqt_msg.egg-info/dependency_links.txt
writing entry points to src/rqt_msg.egg-info/entry_points.txt
writing requirements to src/rqt_msg.egg-info/requires.txt
writing top-level names to src/rqt_msg.egg-info/top_level.txt
writing manifest file 'src/rqt_msg.egg-info/SOURCES.txt'
reading manifest file 'src/rqt_msg.egg-info/SOURCES.txt'
writing manifest file 'src/rqt_msg.egg-info/SOURCES.txt'
running build_ext
Creating /robofuzz/ros2_foxy/install/rqt_msg/lib/python3.8/site-packages/site.py
Creating /robofuzz/ros2_foxy/install/rqt_msg/lib/python3.8/site-packages/rqt-msg.egg-link (link to src)
Installing rqt_msg script to /robofuzz/ros2_foxy/install/rqt_msg/lib/rqt_msg

Installed /robofuzz/ros2_foxy/build/rqt_msg/src
running install_data
creating /robofuzz/ros2_foxy/install/rqt_msg/share/ament_index
creating /robofuzz/ros2_foxy/install/rqt_msg/share/ament_index/resource_index
creating /robofuzz/ros2_foxy/install/rqt_msg/share/ament_index/resource_index/packages
copying resource/rqt_msg -> /robofuzz/ros2_foxy/install/rqt_msg/share/ament_index/resource_index/packages
creating /robofuzz/ros2_foxy/install/rqt_msg/share/rqt_msg/resource
copying resource/messages.ui -> /robofuzz/ros2_foxy/install/rqt_msg/share/rqt_msg/resource
copying package.xml -> /robofuzz/ros2_foxy/install/rqt_msg/share/rqt_msg
copying plugin.xml -> /robofuzz/ros2_foxy/install/rqt_msg/share/rqt_msg
