[0.188s] Invoking command in '/robofuzz/ros2_foxy/build/urdfdom': AMENT_PREFIX_PATH=/robofuzz/ros2_foxy/install/console_bridge_vendor:/robofuzz/ros2_foxy/install/tinyxml_vendor:${AMENT_PREFIX_PATH} CMAKE_PREFIX_PATH=/robofuzz/ros2_foxy/install/console_bridge_vendor:/robofuzz/ros2_foxy/install/tinyxml_vendor:/robofuzz/ros2_foxy/install/urdfdom_headers:/robofuzz/targets/moveit2_ws/install/moveit2_tutorials:/robofuzz/targets/moveit2_ws/install/moveit_visual_tools:/robofuzz/targets/moveit2_ws/install/rviz_visual_tools:/robofuzz/targets/turtlebot3_ws/install/turtlebot3:/robofuzz/targets/turtlebot3_ws/install/turtlebot3_simulations:/robofuzz/targets/turtlebot3_ws/install/turtlebot3_bringup:/robofuzz/targets/turtlebot3_ws/install/turtlebot3_node:/robofuzz/targets/turtlebot3_ws/install/turtlebot3_navigation2:/robofuzz/targets/turtlebot3_ws/install/turtlebot3_fake_node:/robofuzz/targets/turtlebot3_ws/install/turtlebot3_msgs:/robofuzz/targets/turtlebot3_ws/install/turtlebot3_gazebo:/robofuzz/targets/turtlebot3_ws/install/turtlebot3_description:/robofuzz/targets/turtlebot3_ws/install/turtlebot3_cartographer:/robofuzz/targets/turtlebot3_ws/install/hls_lfcd_lds_driver:/robofuzz/targets/turtlebot3_ws/install/dynamixel_sdk_examples:/robofuzz/targets/turtlebot3_ws/install/dynamixel_sdk_custom_interfaces:/robofuzz/targets/turtlebot3_ws/install/dynamixel_sdk:/robofuzz/targets/idltest_ws/install/idltest_target:/robofuzz/targets/idltest_ws/install/idltest_msgs:/robofuzz/targets/px4_ros_com_ros2/install/px4_ros_com:/robofuzz/targets/px4_ros_com_ros2/install/px4_msgs:/robofuzz/targets/turtlebot3_ws/install/turtlebot3_teleop:/robofuzz/targets/turtlebot3_ws/install/turtlebot3_example:/opt/ros/foxy PKG_CONFIG_PATH=/robofuzz/ros2_foxy/install/urdfdom_headers/lib/pkgconfig /usr/bin/cmake /robofuzz/ros2_foxy/src/ros/urdfdom -DCMAKE_INSTALL_PREFIX=/robofuzz/ros2_foxy/install/urdfdom
[0.580s] -- The CXX compiler identification is GNU 9.4.0
[0.833s] -- The C compiler identification is GNU 9.4.0
[0.862s] -- Check for working CXX compiler: /usr/bin/c++
[1.417s] -- Check for working CXX compiler: /usr/bin/c++ -- works
[1.418s] -- Detecting CXX compiler ABI info
[1.983s] -- Detecting CXX compiler ABI info - done
[2.057s] -- Detecting CXX compile features
[2.060s] -- Detecting CXX compile features - done
[2.072s] -- Check for working C compiler: /usr/bin/cc
[2.499s] -- Check for working C compiler: /usr/bin/cc -- works
[2.502s] -- Detecting C compiler ABI info
[2.995s] -- Detecting C compiler ABI info - done
[3.064s] -- Detecting C compile features
[3.065s] -- Detecting C compile features - done
[3.066s] -- urdfdom version 1.0.0
[3.083s] -- Performing Test HAS_VISIBILITY
[3.549s] -- Performing Test HAS_VISIBILITY - Success
[3.552s] -- Found tinyxml_vendor: 0.8.2 (/robofuzz/ros2_foxy/install/tinyxml_vendor/share/tinyxml_vendor/cmake)
[3.714s] -- Found TinyXML: /usr/lib/x86_64-linux-gnu/libtinyxml.so  
[3.720s] -- Found console_bridge_vendor: 1.2.4 (/robofuzz/ros2_foxy/install/console_bridge_vendor/share/console_bridge_vendor/cmake)
[3.811s] -- Configuration successful. Type make to compile urdfdom
[3.814s] -- Configuring done
[3.981s] -- Generating done
[3.990s] -- Build files have been written to: /robofuzz/ros2_foxy/build/urdfdom
[4.021s] Invoked command in '/robofuzz/ros2_foxy/build/urdfdom' returned '0': AMENT_PREFIX_PATH=/robofuzz/ros2_foxy/install/console_bridge_vendor:/robofuzz/ros2_foxy/install/tinyxml_vendor:${AMENT_PREFIX_PATH} CMAKE_PREFIX_PATH=/robofuzz/ros2_foxy/install/console_bridge_vendor:/robofuzz/ros2_foxy/install/tinyxml_vendor:/robofuzz/ros2_foxy/install/urdfdom_headers:/robofuzz/targets/moveit2_ws/install/moveit2_tutorials:/robofuzz/targets/moveit2_ws/install/moveit_visual_tools:/robofuzz/targets/moveit2_ws/install/rviz_visual_tools:/robofuzz/targets/turtlebot3_ws/install/turtlebot3:/robofuzz/targets/turtlebot3_ws/install/turtlebot3_simulations:/robofuzz/targets/turtlebot3_ws/install/turtlebot3_bringup:/robofuzz/targets/turtlebot3_ws/install/turtlebot3_node:/robofuzz/targets/turtlebot3_ws/install/turtlebot3_navigation2:/robofuzz/targets/turtlebot3_ws/install/turtlebot3_fake_node:/robofuzz/targets/turtlebot3_ws/install/turtlebot3_msgs:/robofuzz/targets/turtlebot3_ws/install/turtlebot3_gazebo:/robofuzz/targets/turtlebot3_ws/install/turtlebot3_description:/robofuzz/targets/turtlebot3_ws/install/turtlebot3_cartographer:/robofuzz/targets/turtlebot3_ws/install/hls_lfcd_lds_driver:/robofuzz/targets/turtlebot3_ws/install/dynamixel_sdk_examples:/robofuzz/targets/turtlebot3_ws/install/dynamixel_sdk_custom_interfaces:/robofuzz/targets/turtlebot3_ws/install/dynamixel_sdk:/robofuzz/targets/idltest_ws/install/idltest_target:/robofuzz/targets/idltest_ws/install/idltest_msgs:/robofuzz/targets/px4_ros_com_ros2/install/px4_ros_com:/robofuzz/targets/px4_ros_com_ros2/install/px4_msgs:/robofuzz/targets/turtlebot3_ws/install/turtlebot3_teleop:/robofuzz/targets/turtlebot3_ws/install/turtlebot3_example:/opt/ros/foxy PKG_CONFIG_PATH=/robofuzz/ros2_foxy/install/urdfdom_headers/lib/pkgconfig /usr/bin/cmake /robofuzz/ros2_foxy/src/ros/urdfdom -DCMAKE_INSTALL_PREFIX=/robofuzz/ros2_foxy/install/urdfdom
[4.028s] Invoking command in '/robofuzz/ros2_foxy/build/urdfdom': AMENT_PREFIX_PATH=/robofuzz/ros2_foxy/install/console_bridge_vendor:/robofuzz/ros2_foxy/install/tinyxml_vendor:${AMENT_PREFIX_PATH} CMAKE_PREFIX_PATH=/robofuzz/ros2_foxy/install/console_bridge_vendor:/robofuzz/ros2_foxy/install/tinyxml_vendor:/robofuzz/ros2_foxy/install/urdfdom_headers:/robofuzz/targets/moveit2_ws/install/moveit2_tutorials:/robofuzz/targets/moveit2_ws/install/moveit_visual_tools:/robofuzz/targets/moveit2_ws/install/rviz_visual_tools:/robofuzz/targets/turtlebot3_ws/install/turtlebot3:/robofuzz/targets/turtlebot3_ws/install/turtlebot3_simulations:/robofuzz/targets/turtlebot3_ws/install/turtlebot3_bringup:/robofuzz/targets/turtlebot3_ws/install/turtlebot3_node:/robofuzz/targets/turtlebot3_ws/install/turtlebot3_navigation2:/robofuzz/targets/turtlebot3_ws/install/turtlebot3_fake_node:/robofuzz/targets/turtlebot3_ws/install/turtlebot3_msgs:/robofuzz/targets/turtlebot3_ws/install/turtlebot3_gazebo:/robofuzz/targets/turtlebot3_ws/install/turtlebot3_description:/robofuzz/targets/turtlebot3_ws/install/turtlebot3_cartographer:/robofuzz/targets/turtlebot3_ws/install/hls_lfcd_lds_driver:/robofuzz/targets/turtlebot3_ws/install/dynamixel_sdk_examples:/robofuzz/targets/turtlebot3_ws/install/dynamixel_sdk_custom_interfaces:/robofuzz/targets/turtlebot3_ws/install/dynamixel_sdk:/robofuzz/targets/idltest_ws/install/idltest_target:/robofuzz/targets/idltest_ws/install/idltest_msgs:/robofuzz/targets/px4_ros_com_ros2/install/px4_ros_com:/robofuzz/targets/px4_ros_com_ros2/install/px4_msgs:/robofuzz/targets/turtlebot3_ws/install/turtlebot3_teleop:/robofuzz/targets/turtlebot3_ws/install/turtlebot3_example:/opt/ros/foxy PKG_CONFIG_PATH=/robofuzz/ros2_foxy/install/urdfdom_headers/lib/pkgconfig /usr/bin/cmake --build /robofuzz/ros2_foxy/build/urdfdom -- -j12 -l12
[4.335s] [35m[1mScanning dependencies of target urdfdom_world[0m
[4.360s] [35m[1mScanning dependencies of target urdfdom_model[0m
[4.371s] [35m[1mScanning dependencies of target urdfdom_model_state[0m
[4.504s] [  4%] [32mBuilding CXX object urdf_parser/CMakeFiles/urdfdom_model.dir/src/pose.cpp.o[0m
[4.504s] [  8%] [32mBuilding CXX object urdf_parser/CMakeFiles/urdfdom_world.dir/src/pose.cpp.o[0m
[4.506s] [ 12%] [32mBuilding CXX object urdf_parser/CMakeFiles/urdfdom_model.dir/src/model.cpp.o[0m
[4.506s] [ 16%] [32mBuilding CXX object urdf_parser/CMakeFiles/urdfdom_world.dir/src/model.cpp.o[0m
[4.513s] [ 20%] [32mBuilding CXX object urdf_parser/CMakeFiles/urdfdom_model_state.dir/src/urdf_model_state.cpp.o[0m
[4.527s] [ 25%] [32mBuilding CXX object urdf_parser/CMakeFiles/urdfdom_world.dir/src/link.cpp.o[0m
[4.535s] [ 29%] [32mBuilding CXX object urdf_parser/CMakeFiles/urdfdom_model.dir/src/link.cpp.o[0m
[4.552s] [ 33%] [32mBuilding CXX object urdf_parser/CMakeFiles/urdfdom_model.dir/src/joint.cpp.o[0m
[4.554s] [ 37%] [32mBuilding CXX object urdf_parser/CMakeFiles/urdfdom_model_state.dir/src/twist.cpp.o[0m
[4.555s] [ 41%] [32mBuilding CXX object urdf_parser/CMakeFiles/urdfdom_world.dir/src/world.cpp.o[0m
[4.557s] [ 45%] [32mBuilding CXX object urdf_parser/CMakeFiles/urdfdom_world.dir/src/joint.cpp.o[0m
[11.922s] [ 50%] [32m[1mLinking CXX shared library ../lib/liburdfdom_model_state.so[0m
[12.652s] [ 50%] Built target urdfdom_model_state
[14.272s] [ 54%] [32m[1mLinking CXX shared library ../lib/liburdfdom_model.so[0m
[14.740s] [ 54%] Built target urdfdom_model
[14.991s] [ 58%] [32m[1mLinking CXX shared library ../lib/liburdfdom_world.so[0m
[15.343s] [ 58%] Built target urdfdom_world
[15.390s] [35m[1mScanning dependencies of target urdf_unit_test[0m
[15.438s] [ 62%] [32mBuilding CXX object urdf_parser/test/CMakeFiles/urdf_unit_test.dir/urdf_unit_test.cpp.o[0m
[17.256s] [ 66%] [32m[1mLinking CXX executable ../../bin/urdf_unit_test[0m
[17.480s] [ 66%] Built target urdf_unit_test
[17.511s] [35m[1mScanning dependencies of target check_urdf[0m
[17.559s] [ 70%] [32mBuilding CXX object urdf_parser/CMakeFiles/check_urdf.dir/src/check_urdf.cpp.o[0m
[19.965s] [ 75%] [32m[1mLinking CXX executable ../bin/check_urdf[0m
[20.161s] [ 75%] Built target check_urdf
[20.190s] [35m[1mScanning dependencies of target urdfdom_sensor[0m
[20.225s] [ 79%] [32mBuilding CXX object urdf_parser/CMakeFiles/urdfdom_sensor.dir/src/urdf_sensor.cpp.o[0m
[22.268s] [ 83%] [32m[1mLinking CXX shared library ../lib/liburdfdom_sensor.so[0m
[22.433s] [ 83%] Built target urdfdom_sensor
[22.454s] [35m[1mScanning dependencies of target urdf_mem_test[0m
[22.478s] [ 87%] [32mBuilding CXX object urdf_parser/CMakeFiles/urdf_mem_test.dir/test/memtest.cpp.o[0m
[23.816s] [ 91%] [32m[1mLinking CXX executable ../bin/urdf_mem_test[0m
[23.942s] [ 91%] Built target urdf_mem_test
[23.957s] [35m[1mScanning dependencies of target urdf_to_graphiz[0m
[23.973s] [ 95%] [32mBuilding CXX object urdf_parser/CMakeFiles/urdf_to_graphiz.dir/src/urdf_to_graphiz.cpp.o[0m
[24.986s] [100%] [32m[1mLinking CXX executable ../bin/urdf_to_graphiz[0m
[25.084s] [100%] Built target urdf_to_graphiz
[25.101s] Invoked command in '/robofuzz/ros2_foxy/build/urdfdom' returned '0': AMENT_PREFIX_PATH=/robofuzz/ros2_foxy/install/console_bridge_vendor:/robofuzz/ros2_foxy/install/tinyxml_vendor:${AMENT_PREFIX_PATH} CMAKE_PREFIX_PATH=/robofuzz/ros2_foxy/install/console_bridge_vendor:/robofuzz/ros2_foxy/install/tinyxml_vendor:/robofuzz/ros2_foxy/install/urdfdom_headers:/robofuzz/targets/moveit2_ws/install/moveit2_tutorials:/robofuzz/targets/moveit2_ws/install/moveit_visual_tools:/robofuzz/targets/moveit2_ws/install/rviz_visual_tools:/robofuzz/targets/turtlebot3_ws/install/turtlebot3:/robofuzz/targets/turtlebot3_ws/install/turtlebot3_simulations:/robofuzz/targets/turtlebot3_ws/install/turtlebot3_bringup:/robofuzz/targets/turtlebot3_ws/install/turtlebot3_node:/robofuzz/targets/turtlebot3_ws/install/turtlebot3_navigation2:/robofuzz/targets/turtlebot3_ws/install/turtlebot3_fake_node:/robofuzz/targets/turtlebot3_ws/install/turtlebot3_msgs:/robofuzz/targets/turtlebot3_ws/install/turtlebot3_gazebo:/robofuzz/targets/turtlebot3_ws/install/turtlebot3_description:/robofuzz/targets/turtlebot3_ws/install/turtlebot3_cartographer:/robofuzz/targets/turtlebot3_ws/install/hls_lfcd_lds_driver:/robofuzz/targets/turtlebot3_ws/install/dynamixel_sdk_examples:/robofuzz/targets/turtlebot3_ws/install/dynamixel_sdk_custom_interfaces:/robofuzz/targets/turtlebot3_ws/install/dynamixel_sdk:/robofuzz/targets/idltest_ws/install/idltest_target:/robofuzz/targets/idltest_ws/install/idltest_msgs:/robofuzz/targets/px4_ros_com_ros2/install/px4_ros_com:/robofuzz/targets/px4_ros_com_ros2/install/px4_msgs:/robofuzz/targets/turtlebot3_ws/install/turtlebot3_teleop:/robofuzz/targets/turtlebot3_ws/install/turtlebot3_example:/opt/ros/foxy PKG_CONFIG_PATH=/robofuzz/ros2_foxy/install/urdfdom_headers/lib/pkgconfig /usr/bin/cmake --build /robofuzz/ros2_foxy/build/urdfdom -- -j12 -l12
[25.161s] Invoking command in '/robofuzz/ros2_foxy/build/urdfdom': AMENT_PREFIX_PATH=/robofuzz/ros2_foxy/install/console_bridge_vendor:/robofuzz/ros2_foxy/install/tinyxml_vendor:${AMENT_PREFIX_PATH} CMAKE_PREFIX_PATH=/robofuzz/ros2_foxy/install/console_bridge_vendor:/robofuzz/ros2_foxy/install/tinyxml_vendor:/robofuzz/ros2_foxy/install/urdfdom_headers:/robofuzz/targets/moveit2_ws/install/moveit2_tutorials:/robofuzz/targets/moveit2_ws/install/moveit_visual_tools:/robofuzz/targets/moveit2_ws/install/rviz_visual_tools:/robofuzz/targets/turtlebot3_ws/install/turtlebot3:/robofuzz/targets/turtlebot3_ws/install/turtlebot3_simulations:/robofuzz/targets/turtlebot3_ws/install/turtlebot3_bringup:/robofuzz/targets/turtlebot3_ws/install/turtlebot3_node:/robofuzz/targets/turtlebot3_ws/install/turtlebot3_navigation2:/robofuzz/targets/turtlebot3_ws/install/turtlebot3_fake_node:/robofuzz/targets/turtlebot3_ws/install/turtlebot3_msgs:/robofuzz/targets/turtlebot3_ws/install/turtlebot3_gazebo:/robofuzz/targets/turtlebot3_ws/install/turtlebot3_description:/robofuzz/targets/turtlebot3_ws/install/turtlebot3_cartographer:/robofuzz/targets/turtlebot3_ws/install/hls_lfcd_lds_driver:/robofuzz/targets/turtlebot3_ws/install/dynamixel_sdk_examples:/robofuzz/targets/turtlebot3_ws/install/dynamixel_sdk_custom_interfaces:/robofuzz/targets/turtlebot3_ws/install/dynamixel_sdk:/robofuzz/targets/idltest_ws/install/idltest_target:/robofuzz/targets/idltest_ws/install/idltest_msgs:/robofuzz/targets/px4_ros_com_ros2/install/px4_ros_com:/robofuzz/targets/px4_ros_com_ros2/install/px4_msgs:/robofuzz/targets/turtlebot3_ws/install/turtlebot3_teleop:/robofuzz/targets/turtlebot3_ws/install/turtlebot3_example:/opt/ros/foxy PKG_CONFIG_PATH=/robofuzz/ros2_foxy/install/urdfdom_headers/lib/pkgconfig /usr/bin/cmake --install /robofuzz/ros2_foxy/build/urdfdom
[25.172s] -- Install configuration: "Release"
[25.172s] -- Installing: /robofuzz/ros2_foxy/install/urdfdom/share/urdfdom/package.xml
[25.173s] -- Installing: /robofuzz/ros2_foxy/install/urdfdom/lib/urdfdom/cmake/urdfdom-config.cmake
[25.173s] -- Installing: /robofuzz/ros2_foxy/install/urdfdom/lib/pkgconfig/urdfdom.pc
[25.174s] -- Installing: /robofuzz/ros2_foxy/install/urdfdom/bin/check_urdf
[25.174s] -- Set runtime path of "/robofuzz/ros2_foxy/install/urdfdom/bin/check_urdf" to ""
[25.174s] -- Installing: /robofuzz/ros2_foxy/install/urdfdom/bin/urdf_to_graphiz
[25.175s] -- Set runtime path of "/robofuzz/ros2_foxy/install/urdfdom/bin/urdf_to_graphiz" to ""
[25.175s] -- Installing: /robofuzz/ros2_foxy/install/urdfdom/bin/urdf_mem_test
[25.175s] -- Set runtime path of "/robofuzz/ros2_foxy/install/urdfdom/bin/urdf_mem_test" to ""
[25.175s] -- Installing: /robofuzz/ros2_foxy/install/urdfdom/lib/liburdfdom_model.so.1.0
[25.176s] -- Set runtime path of "/robofuzz/ros2_foxy/install/urdfdom/lib/liburdfdom_model.so.1.0" to ""
[25.176s] -- Installing: /robofuzz/ros2_foxy/install/urdfdom/lib/liburdfdom_model.so
[25.176s] -- Installing: /robofuzz/ros2_foxy/install/urdfdom/lib/liburdfdom_world.so.1.0
[25.177s] -- Set runtime path of "/robofuzz/ros2_foxy/install/urdfdom/lib/liburdfdom_world.so.1.0" to ""
[25.177s] -- Installing: /robofuzz/ros2_foxy/install/urdfdom/lib/liburdfdom_world.so
[25.177s] -- Installing: /robofuzz/ros2_foxy/install/urdfdom/lib/liburdfdom_sensor.so.1.0
[25.178s] -- Set runtime path of "/robofuzz/ros2_foxy/install/urdfdom/lib/liburdfdom_sensor.so.1.0" to ""
[25.178s] -- Installing: /robofuzz/ros2_foxy/install/urdfdom/lib/liburdfdom_sensor.so
[25.178s] -- Installing: /robofuzz/ros2_foxy/install/urdfdom/lib/liburdfdom_model_state.so.1.0
[25.178s] -- Set runtime path of "/robofuzz/ros2_foxy/install/urdfdom/lib/liburdfdom_model_state.so.1.0" to ""
[25.179s] -- Installing: /robofuzz/ros2_foxy/install/urdfdom/lib/liburdfdom_model_state.so
[25.179s] -- Installing: /robofuzz/ros2_foxy/install/urdfdom/lib/urdfdom/cmake/urdfdomExport.cmake
[25.179s] -- Installing: /robofuzz/ros2_foxy/install/urdfdom/lib/urdfdom/cmake/urdfdomExport-release.cmake
[25.179s] -- Installing: /robofuzz/ros2_foxy/install/urdfdom/include/urdf_parser
[25.179s] -- Installing: /robofuzz/ros2_foxy/install/urdfdom/include/urdf_parser/exportdecl.h
[25.179s] -- Installing: /robofuzz/ros2_foxy/install/urdfdom/include/urdf_parser/urdf_parser.h
[25.182s] Invoked command in '/robofuzz/ros2_foxy/build/urdfdom' returned '0': AMENT_PREFIX_PATH=/robofuzz/ros2_foxy/install/console_bridge_vendor:/robofuzz/ros2_foxy/install/tinyxml_vendor:${AMENT_PREFIX_PATH} CMAKE_PREFIX_PATH=/robofuzz/ros2_foxy/install/console_bridge_vendor:/robofuzz/ros2_foxy/install/tinyxml_vendor:/robofuzz/ros2_foxy/install/urdfdom_headers:/robofuzz/targets/moveit2_ws/install/moveit2_tutorials:/robofuzz/targets/moveit2_ws/install/moveit_visual_tools:/robofuzz/targets/moveit2_ws/install/rviz_visual_tools:/robofuzz/targets/turtlebot3_ws/install/turtlebot3:/robofuzz/targets/turtlebot3_ws/install/turtlebot3_simulations:/robofuzz/targets/turtlebot3_ws/install/turtlebot3_bringup:/robofuzz/targets/turtlebot3_ws/install/turtlebot3_node:/robofuzz/targets/turtlebot3_ws/install/turtlebot3_navigation2:/robofuzz/targets/turtlebot3_ws/install/turtlebot3_fake_node:/robofuzz/targets/turtlebot3_ws/install/turtlebot3_msgs:/robofuzz/targets/turtlebot3_ws/install/turtlebot3_gazebo:/robofuzz/targets/turtlebot3_ws/install/turtlebot3_description:/robofuzz/targets/turtlebot3_ws/install/turtlebot3_cartographer:/robofuzz/targets/turtlebot3_ws/install/hls_lfcd_lds_driver:/robofuzz/targets/turtlebot3_ws/install/dynamixel_sdk_examples:/robofuzz/targets/turtlebot3_ws/install/dynamixel_sdk_custom_interfaces:/robofuzz/targets/turtlebot3_ws/install/dynamixel_sdk:/robofuzz/targets/idltest_ws/install/idltest_target:/robofuzz/targets/idltest_ws/install/idltest_msgs:/robofuzz/targets/px4_ros_com_ros2/install/px4_ros_com:/robofuzz/targets/px4_ros_com_ros2/install/px4_msgs:/robofuzz/targets/turtlebot3_ws/install/turtlebot3_teleop:/robofuzz/targets/turtlebot3_ws/install/turtlebot3_example:/opt/ros/foxy PKG_CONFIG_PATH=/robofuzz/ros2_foxy/install/urdfdom_headers/lib/pkgconfig /usr/bin/cmake --install /robofuzz/ros2_foxy/build/urdfdom
