[3.089s] Invoking command in '/robofuzz/ros2_foxy/build/ament_lint_cmake': AMENT_PREFIX_PATH=/robofuzz/ros2_foxy/install/ament_copyright:/robofuzz/ros2_foxy/install/ament_pep257:/robofuzz/ros2_foxy/install/ament_flake8:/robofuzz/ros2_foxy/install/ament_lint:${AMENT_PREFIX_PATH} PATH=/robofuzz/ros2_foxy/install/ament_copyright/bin:/robofuzz/ros2_foxy/install/ament_pep257/bin:/robofuzz/ros2_foxy/install/ament_flake8/bin:${PATH} PYTHONPATH=/robofuzz/ros2_foxy/install/ament_lint_cmake/lib/python3.8/site-packages:/robofuzz/ros2_foxy/build/ament_copyright:/robofuzz/ros2_foxy/install/ament_copyright/lib/python3.8/site-packages:/robofuzz/ros2_foxy/build/ament_pep257:/robofuzz/ros2_foxy/install/ament_pep257/lib/python3.8/site-packages:/robofuzz/ros2_foxy/build/ament_flake8:/robofuzz/ros2_foxy/install/ament_flake8/lib/python3.8/site-packages:/robofuzz/ros2_foxy/build/ament_lint:/robofuzz/ros2_foxy/install/ament_lint/lib/python3.8/site-packages:${PYTHONPATH} /usr/bin/python3 setup.py develop --prefix /robofuzz/ros2_foxy/install/ament_lint_cmake --editable --build-directory /robofuzz/ros2_foxy/build/ament_lint_cmake/build --no-deps install_data --install-dir /robofuzz/ros2_foxy/install/ament_lint_cmake
[3.638s] running develop
[3.995s] running egg_info
[3.995s] creating ament_lint_cmake.egg-info
[3.995s] writing ament_lint_cmake.egg-info/PKG-INFO
[3.997s] writing dependency_links to ament_lint_cmake.egg-info/dependency_links.txt
[3.998s] writing entry points to ament_lint_cmake.egg-info/entry_points.txt
[3.999s] writing requirements to ament_lint_cmake.egg-info/requires.txt
[3.999s] writing top-level names to ament_lint_cmake.egg-info/top_level.txt
[4.003s] writing manifest file 'ament_lint_cmake.egg-info/SOURCES.txt'
[4.099s] reading manifest file 'ament_lint_cmake.egg-info/SOURCES.txt'
[4.101s] writing manifest file 'ament_lint_cmake.egg-info/SOURCES.txt'
[4.220s] running build_ext
[4.220s] Creating /robofuzz/ros2_foxy/install/ament_lint_cmake/lib/python3.8/site-packages/site.py
[4.226s] Creating /robofuzz/ros2_foxy/install/ament_lint_cmake/lib/python3.8/site-packages/ament-lint-cmake.egg-link (link to .)
[4.228s] Installing ament_lint_cmake script to /robofuzz/ros2_foxy/install/ament_lint_cmake/bin
[4.233s] 
[4.234s] Installed /robofuzz/ros2_foxy/build/ament_lint_cmake
[4.235s] running install_data
[4.235s] copying package.xml -> /robofuzz/ros2_foxy/install/ament_lint_cmake/share/ament_lint_cmake
[4.235s] creating /robofuzz/ros2_foxy/install/ament_lint_cmake/share/ament_index
[4.235s] creating /robofuzz/ros2_foxy/install/ament_lint_cmake/share/ament_index/resource_index
[4.235s] creating /robofuzz/ros2_foxy/install/ament_lint_cmake/share/ament_index/resource_index/packages
[4.236s] copying resource/ament_lint_cmake -> /robofuzz/ros2_foxy/install/ament_lint_cmake/share/ament_index/resource_index/packages
[4.390s] Invoked command in '/robofuzz/ros2_foxy/build/ament_lint_cmake' returned '0': AMENT_PREFIX_PATH=/robofuzz/ros2_foxy/install/ament_copyright:/robofuzz/ros2_foxy/install/ament_pep257:/robofuzz/ros2_foxy/install/ament_flake8:/robofuzz/ros2_foxy/install/ament_lint:${AMENT_PREFIX_PATH} PATH=/robofuzz/ros2_foxy/install/ament_copyright/bin:/robofuzz/ros2_foxy/install/ament_pep257/bin:/robofuzz/ros2_foxy/install/ament_flake8/bin:${PATH} PYTHONPATH=/robofuzz/ros2_foxy/install/ament_lint_cmake/lib/python3.8/site-packages:/robofuzz/ros2_foxy/build/ament_copyright:/robofuzz/ros2_foxy/install/ament_copyright/lib/python3.8/site-packages:/robofuzz/ros2_foxy/build/ament_pep257:/robofuzz/ros2_foxy/install/ament_pep257/lib/python3.8/site-packages:/robofuzz/ros2_foxy/build/ament_flake8:/robofuzz/ros2_foxy/install/ament_flake8/lib/python3.8/site-packages:/robofuzz/ros2_foxy/build/ament_lint:/robofuzz/ros2_foxy/install/ament_lint/lib/python3.8/site-packages:${PYTHONPATH} /usr/bin/python3 setup.py develop --prefix /robofuzz/ros2_foxy/install/ament_lint_cmake --editable --build-directory /robofuzz/ros2_foxy/build/ament_lint_cmake/build --no-deps install_data --install-dir /robofuzz/ros2_foxy/install/ament_lint_cmake
