[0.107s] Invoking command in '/robofuzz/ros2_foxy/build/qt_gui_cpp': AMENT_PREFIX_PATH=/robofuzz/ros2_foxy/install/pluginlib:/robofuzz/ros2_foxy/install/class_loader:/robofuzz/ros2_foxy/install/rcpputils:/robofuzz/ros2_foxy/install/rcutils:/robofuzz/ros2_foxy/install/qt_gui:/robofuzz/ros2_foxy/install/console_bridge_vendor:/robofuzz/ros2_foxy/install/tango_icons_vendor:/robofuzz/ros2_foxy/install/python_qt_binding:/robofuzz/ros2_foxy/install/ament_index_cpp:/robofuzz/ros2_foxy/install/tinyxml2_vendor:/robofuzz/ros2_foxy/install/ament_index_python:/robofuzz/ros2_foxy/install/ament_cmake_pytest:/robofuzz/ros2_foxy/install/ament_cmake:/robofuzz/ros2_foxy/install/ament_cmake_test:/robofuzz/ros2_foxy/install/ament_cmake_target_dependencies:/robofuzz/ros2_foxy/install/ament_cmake_export_targets:/robofuzz/ros2_foxy/install/ament_cmake_export_interfaces:/robofuzz/ros2_foxy/install/ament_cmake_export_dependencies:/robofuzz/ros2_foxy/install/ament_cmake_version:/robofuzz/ros2_foxy/install/ament_cmake_python:/robofuzz/ros2_foxy/install/ament_cmake_libraries:/robofuzz/ros2_foxy/install/ament_cmake_include_directories:/robofuzz/ros2_foxy/install/ament_cmake_export_link_flags:/robofuzz/ros2_foxy/install/ament_cmake_export_libraries:/robofuzz/ros2_foxy/install/ament_cmake_export_include_directories:/robofuzz/ros2_foxy/install/ament_cmake_export_definitions:/robofuzz/ros2_foxy/install/ament_cmake_core:/robofuzz/ros2_foxy/install/ament_package:${AMENT_PREFIX_PATH} CMAKE_PREFIX_PATH=/robofuzz/ros2_foxy/install/pluginlib:/robofuzz/ros2_foxy/install/class_loader:/robofuzz/ros2_foxy/install/rcpputils:/robofuzz/ros2_foxy/install/rcutils:/robofuzz/ros2_foxy/install/qt_gui:/robofuzz/ros2_foxy/install/console_bridge_vendor:/robofuzz/ros2_foxy/install/tango_icons_vendor:/robofuzz/ros2_foxy/install/python_qt_binding:/robofuzz/ros2_foxy/install/ament_index_cpp:/robofuzz/ros2_foxy/install/tinyxml2_vendor:/robofuzz/ros2_foxy/install/ament_cmake_pytest:/robofuzz/ros2_foxy/install/ament_cmake:/robofuzz/ros2_foxy/install/ament_cmake_test:/robofuzz/ros2_foxy/install/ament_cmake_target_dependencies:/robofuzz/ros2_foxy/install/ament_cmake_export_targets:/robofuzz/ros2_foxy/install/ament_cmake_export_interfaces:/robofuzz/ros2_foxy/install/ament_cmake_export_dependencies:/robofuzz/ros2_foxy/install/ament_cmake_version:/robofuzz/ros2_foxy/install/ament_cmake_python:/robofuzz/ros2_foxy/install/ament_cmake_libraries:/robofuzz/ros2_foxy/install/ament_cmake_include_directories:/robofuzz/ros2_foxy/install/ament_cmake_export_link_flags:/robofuzz/ros2_foxy/install/ament_cmake_export_libraries:/robofuzz/ros2_foxy/install/ament_cmake_export_include_directories:/robofuzz/ros2_foxy/install/ament_cmake_export_definitions:/robofuzz/ros2_foxy/install/ament_cmake_core:/robofuzz/targets/moveit2_ws/install/moveit2_tutorials:/robofuzz/targets/moveit2_ws/install/moveit_visual_tools:/robofuzz/targets/moveit2_ws/install/rviz_visual_tools:/robofuzz/targets/turtlebot3_ws/install/turtlebot3:/robofuzz/targets/turtlebot3_ws/install/turtlebot3_simulations:/robofuzz/targets/turtlebot3_ws/install/turtlebot3_bringup:/robofuzz/targets/turtlebot3_ws/install/turtlebot3_node:/robofuzz/targets/turtlebot3_ws/install/turtlebot3_navigation2:/robofuzz/targets/turtlebot3_ws/install/turtlebot3_fake_node:/robofuzz/targets/turtlebot3_ws/install/turtlebot3_msgs:/robofuzz/targets/turtlebot3_ws/install/turtlebot3_gazebo:/robofuzz/targets/turtlebot3_ws/install/turtlebot3_description:/robofuzz/targets/turtlebot3_ws/install/turtlebot3_cartographer:/robofuzz/targets/turtlebot3_ws/install/hls_lfcd_lds_driver:/robofuzz/targets/turtlebot3_ws/install/dynamixel_sdk_examples:/robofuzz/targets/turtlebot3_ws/install/dynamixel_sdk_custom_interfaces:/robofuzz/targets/turtlebot3_ws/install/dynamixel_sdk:/robofuzz/targets/idltest_ws/install/idltest_target:/robofuzz/targets/idltest_ws/install/idltest_msgs:/robofuzz/targets/px4_ros_com_ros2/install/px4_ros_com:/robofuzz/targets/px4_ros_com_ros2/install/px4_msgs:/robofuzz/targets/turtlebot3_ws/install/turtlebot3_teleop:/robofuzz/targets/turtlebot3_ws/install/turtlebot3_example:/opt/ros/foxy LD_LIBRARY_PATH=/robofuzz/ros2_foxy/install/class_loader/lib:/robofuzz/ros2_foxy/install/rcpputils/lib:/robofuzz/ros2_foxy/install/rcutils/lib:/robofuzz/ros2_foxy/install/ament_index_cpp/lib:${LD_LIBRARY_PATH} PATH=/robofuzz/ros2_foxy/install/ament_index_python/bin:${PATH} PYTHONPATH=/robofuzz/ros2_foxy/install/rcutils/lib/python3.8/site-packages:/robofuzz/ros2_foxy/install/qt_gui/lib/python3.8/site-packages:/robofuzz/ros2_foxy/install/python_qt_binding/lib/python3.8/site-packages:/robofuzz/ros2_foxy/build/ament_index_python:/robofuzz/ros2_foxy/install/ament_index_python/lib/python3.8/site-packages:/robofuzz/ros2_foxy/install/ament_cmake_test/lib/python3.8/site-packages:/robofuzz/ros2_foxy/build/ament_package:/robofuzz/ros2_foxy/install/ament_package/lib/python3.8/site-packages:${PYTHONPATH} /usr/bin/cmake /robofuzz/ros2_foxy/src/ros-visualization/qt_gui_core/qt_gui_cpp -DAMENT_CMAKE_SYMLINK_INSTALL=1 -DCMAKE_INSTALL_PREFIX=/robofuzz/ros2_foxy/install/qt_gui_cpp
[0.227s] -- The C compiler identification is GNU 9.4.0
[0.364s] -- The CXX compiler identification is GNU 9.4.0
[0.382s] -- Check for working C compiler: /usr/bin/cc
[0.533s] -- Check for working C compiler: /usr/bin/cc -- works
[0.535s] -- Detecting C compiler ABI info
[0.687s] -- Detecting C compiler ABI info - done
[0.722s] -- Detecting C compile features
[0.723s] -- Detecting C compile features - done
[0.730s] -- Check for working CXX compiler: /usr/bin/c++
[0.910s] -- Check for working CXX compiler: /usr/bin/c++ -- works
[0.912s] -- Detecting CXX compiler ABI info
[1.096s] -- Detecting CXX compiler ABI info - done
[1.132s] -- Detecting CXX compile features
[1.134s] -- Detecting CXX compile features - done
[1.138s] -- Found ament_cmake: 0.9.10 (/robofuzz/ros2_foxy/install/ament_cmake/share/ament_cmake/cmake)
[1.243s] -- Found PythonInterp: /usr/bin/python3 (found suitable version "3.8.10", minimum required is "3") 
[1.243s] -- Using PYTHON_EXECUTABLE: /usr/bin/python3
[1.808s] -- Override CMake install command with custom implementation using symlinks instead of copying resources
[1.879s] -- Found pluginlib: 2.5.4 (/robofuzz/ros2_foxy/install/pluginlib/share/pluginlib/cmake)
[2.084s] -- Found TinyXML2: /usr/lib/x86_64-linux-gnu/libtinyxml2.so  
[2.214s] -- Found PythonLibs: /usr/lib/x86_64-linux-gnu/libpython3.8.so (found suitable version "3.8.10", minimum required is "3.8") 
[2.332s] -- Found python_qt_binding: 1.0.6 (/robofuzz/ros2_foxy/install/python_qt_binding/share/python_qt_binding/cmake)
[2.350s] -- Shiboken2Config: Using default python: .cpython-38-x86_64-linux-gnu
[2.451s] -- Found PythonLibs: /usr/lib/x86_64-linux-gnu/libpython3.8.so (found suitable version "3.8.10", minimum required is "3") 
[2.539s] -- SHIBOKEN_PYTHON_INCLUDE_DIRS computed to value: '/usr/include/python3.8'
[2.540s] -- SHIBOKEN_PYTHON_LIBRARIES computed to value: ''
[2.540s] -- libshiboken built for RelWithDebInfo
[2.540s] -- Found Shiboken2 version 5.14.0
[2.541s] -- Using SHIBOKEN_INCLUDE_DIR: /usr/include/shiboken2;/usr/include/python3.8
[2.541s] -- Using SHIBOKEN_LIBRARY: /usr/lib/x86_64-linux-gnu/libshiboken2.cpython-38-x86_64-linux-gnu.so.5.14.0
[2.541s] -- Using SHIBOKEN_BINARY: Shiboken2::shiboken2
[2.563s] -- Found PySide2 version 5.14.0
[2.563s] -- Using PYSIDE_INCLUDE_DIR: /usr/lib/../include/PySide2
[2.563s] -- Using PYSIDE_LIBRARY: /usr/lib/x86_64-linux-gnu/libpyside2.cpython-38-x86_64-linux-gnu.so.5.14.0
[2.567s] -- Found PythonLibs: /usr/lib/x86_64-linux-gnu/libpython3.8.so (found suitable version "3.8.10", minimum required is "3.8") 
[2.568s] -- Shiboken binding generator available.
[2.629s] -- Found python_qt_binding: 1.0.6 (/robofuzz/ros2_foxy/install/python_qt_binding/share/python_qt_binding/cmake)
[2.721s] -- Found PythonInterp: /usr/bin/python3 (found suitable version "3.8.10", minimum required is "3.8") 
[2.824s] -- SIP binding generator available at: /usr/bin/sip
[2.826s] -- Python binding generators: shiboken;sip
[2.835s] -- Found ament_cmake_pytest: 0.9.10 (/robofuzz/ros2_foxy/install/ament_cmake_pytest/share/ament_cmake_pytest/cmake)
[4.540s] -- Configuring done
[4.589s] -- Generating done
[4.595s] -- Build files have been written to: /robofuzz/ros2_foxy/build/qt_gui_cpp
[4.610s] Invoked command in '/robofuzz/ros2_foxy/build/qt_gui_cpp' returned '0': AMENT_PREFIX_PATH=/robofuzz/ros2_foxy/install/pluginlib:/robofuzz/ros2_foxy/install/class_loader:/robofuzz/ros2_foxy/install/rcpputils:/robofuzz/ros2_foxy/install/rcutils:/robofuzz/ros2_foxy/install/qt_gui:/robofuzz/ros2_foxy/install/console_bridge_vendor:/robofuzz/ros2_foxy/install/tango_icons_vendor:/robofuzz/ros2_foxy/install/python_qt_binding:/robofuzz/ros2_foxy/install/ament_index_cpp:/robofuzz/ros2_foxy/install/tinyxml2_vendor:/robofuzz/ros2_foxy/install/ament_index_python:/robofuzz/ros2_foxy/install/ament_cmake_pytest:/robofuzz/ros2_foxy/install/ament_cmake:/robofuzz/ros2_foxy/install/ament_cmake_test:/robofuzz/ros2_foxy/install/ament_cmake_target_dependencies:/robofuzz/ros2_foxy/install/ament_cmake_export_targets:/robofuzz/ros2_foxy/install/ament_cmake_export_interfaces:/robofuzz/ros2_foxy/install/ament_cmake_export_dependencies:/robofuzz/ros2_foxy/install/ament_cmake_version:/robofuzz/ros2_foxy/install/ament_cmake_python:/robofuzz/ros2_foxy/install/ament_cmake_libraries:/robofuzz/ros2_foxy/install/ament_cmake_include_directories:/robofuzz/ros2_foxy/install/ament_cmake_export_link_flags:/robofuzz/ros2_foxy/install/ament_cmake_export_libraries:/robofuzz/ros2_foxy/install/ament_cmake_export_include_directories:/robofuzz/ros2_foxy/install/ament_cmake_export_definitions:/robofuzz/ros2_foxy/install/ament_cmake_core:/robofuzz/ros2_foxy/install/ament_package:${AMENT_PREFIX_PATH} CMAKE_PREFIX_PATH=/robofuzz/ros2_foxy/install/pluginlib:/robofuzz/ros2_foxy/install/class_loader:/robofuzz/ros2_foxy/install/rcpputils:/robofuzz/ros2_foxy/install/rcutils:/robofuzz/ros2_foxy/install/qt_gui:/robofuzz/ros2_foxy/install/console_bridge_vendor:/robofuzz/ros2_foxy/install/tango_icons_vendor:/robofuzz/ros2_foxy/install/python_qt_binding:/robofuzz/ros2_foxy/install/ament_index_cpp:/robofuzz/ros2_foxy/install/tinyxml2_vendor:/robofuzz/ros2_foxy/install/ament_cmake_pytest:/robofuzz/ros2_foxy/install/ament_cmake:/robofuzz/ros2_foxy/install/ament_cmake_test:/robofuzz/ros2_foxy/install/ament_cmake_target_dependencies:/robofuzz/ros2_foxy/install/ament_cmake_export_targets:/robofuzz/ros2_foxy/install/ament_cmake_export_interfaces:/robofuzz/ros2_foxy/install/ament_cmake_export_dependencies:/robofuzz/ros2_foxy/install/ament_cmake_version:/robofuzz/ros2_foxy/install/ament_cmake_python:/robofuzz/ros2_foxy/install/ament_cmake_libraries:/robofuzz/ros2_foxy/install/ament_cmake_include_directories:/robofuzz/ros2_foxy/install/ament_cmake_export_link_flags:/robofuzz/ros2_foxy/install/ament_cmake_export_libraries:/robofuzz/ros2_foxy/install/ament_cmake_export_include_directories:/robofuzz/ros2_foxy/install/ament_cmake_export_definitions:/robofuzz/ros2_foxy/install/ament_cmake_core:/robofuzz/targets/moveit2_ws/install/moveit2_tutorials:/robofuzz/targets/moveit2_ws/install/moveit_visual_tools:/robofuzz/targets/moveit2_ws/install/rviz_visual_tools:/robofuzz/targets/turtlebot3_ws/install/turtlebot3:/robofuzz/targets/turtlebot3_ws/install/turtlebot3_simulations:/robofuzz/targets/turtlebot3_ws/install/turtlebot3_bringup:/robofuzz/targets/turtlebot3_ws/install/turtlebot3_node:/robofuzz/targets/turtlebot3_ws/install/turtlebot3_navigation2:/robofuzz/targets/turtlebot3_ws/install/turtlebot3_fake_node:/robofuzz/targets/turtlebot3_ws/install/turtlebot3_msgs:/robofuzz/targets/turtlebot3_ws/install/turtlebot3_gazebo:/robofuzz/targets/turtlebot3_ws/install/turtlebot3_description:/robofuzz/targets/turtlebot3_ws/install/turtlebot3_cartographer:/robofuzz/targets/turtlebot3_ws/install/hls_lfcd_lds_driver:/robofuzz/targets/turtlebot3_ws/install/dynamixel_sdk_examples:/robofuzz/targets/turtlebot3_ws/install/dynamixel_sdk_custom_interfaces:/robofuzz/targets/turtlebot3_ws/install/dynamixel_sdk:/robofuzz/targets/idltest_ws/install/idltest_target:/robofuzz/targets/idltest_ws/install/idltest_msgs:/robofuzz/targets/px4_ros_com_ros2/install/px4_ros_com:/robofuzz/targets/px4_ros_com_ros2/install/px4_msgs:/robofuzz/targets/turtlebot3_ws/install/turtlebot3_teleop:/robofuzz/targets/turtlebot3_ws/install/turtlebot3_example:/opt/ros/foxy LD_LIBRARY_PATH=/robofuzz/ros2_foxy/install/class_loader/lib:/robofuzz/ros2_foxy/install/rcpputils/lib:/robofuzz/ros2_foxy/install/rcutils/lib:/robofuzz/ros2_foxy/install/ament_index_cpp/lib:${LD_LIBRARY_PATH} PATH=/robofuzz/ros2_foxy/install/ament_index_python/bin:${PATH} PYTHONPATH=/robofuzz/ros2_foxy/install/rcutils/lib/python3.8/site-packages:/robofuzz/ros2_foxy/install/qt_gui/lib/python3.8/site-packages:/robofuzz/ros2_foxy/install/python_qt_binding/lib/python3.8/site-packages:/robofuzz/ros2_foxy/build/ament_index_python:/robofuzz/ros2_foxy/install/ament_index_python/lib/python3.8/site-packages:/robofuzz/ros2_foxy/install/ament_cmake_test/lib/python3.8/site-packages:/robofuzz/ros2_foxy/build/ament_package:/robofuzz/ros2_foxy/install/ament_package/lib/python3.8/site-packages:${PYTHONPATH} /usr/bin/cmake /robofuzz/ros2_foxy/src/ros-visualization/qt_gui_core/qt_gui_cpp -DAMENT_CMAKE_SYMLINK_INSTALL=1 -DCMAKE_INSTALL_PREFIX=/robofuzz/ros2_foxy/install/qt_gui_cpp
[4.617s] Invoking command in '/robofuzz/ros2_foxy/build/qt_gui_cpp': AMENT_PREFIX_PATH=/robofuzz/ros2_foxy/install/pluginlib:/robofuzz/ros2_foxy/install/class_loader:/robofuzz/ros2_foxy/install/rcpputils:/robofuzz/ros2_foxy/install/rcutils:/robofuzz/ros2_foxy/install/qt_gui:/robofuzz/ros2_foxy/install/console_bridge_vendor:/robofuzz/ros2_foxy/install/tango_icons_vendor:/robofuzz/ros2_foxy/install/python_qt_binding:/robofuzz/ros2_foxy/install/ament_index_cpp:/robofuzz/ros2_foxy/install/tinyxml2_vendor:/robofuzz/ros2_foxy/install/ament_index_python:/robofuzz/ros2_foxy/install/ament_cmake_pytest:/robofuzz/ros2_foxy/install/ament_cmake:/robofuzz/ros2_foxy/install/ament_cmake_test:/robofuzz/ros2_foxy/install/ament_cmake_target_dependencies:/robofuzz/ros2_foxy/install/ament_cmake_export_targets:/robofuzz/ros2_foxy/install/ament_cmake_export_interfaces:/robofuzz/ros2_foxy/install/ament_cmake_export_dependencies:/robofuzz/ros2_foxy/install/ament_cmake_version:/robofuzz/ros2_foxy/install/ament_cmake_python:/robofuzz/ros2_foxy/install/ament_cmake_libraries:/robofuzz/ros2_foxy/install/ament_cmake_include_directories:/robofuzz/ros2_foxy/install/ament_cmake_export_link_flags:/robofuzz/ros2_foxy/install/ament_cmake_export_libraries:/robofuzz/ros2_foxy/install/ament_cmake_export_include_directories:/robofuzz/ros2_foxy/install/ament_cmake_export_definitions:/robofuzz/ros2_foxy/install/ament_cmake_core:/robofuzz/ros2_foxy/install/ament_package:${AMENT_PREFIX_PATH} CMAKE_PREFIX_PATH=/robofuzz/ros2_foxy/install/pluginlib:/robofuzz/ros2_foxy/install/class_loader:/robofuzz/ros2_foxy/install/rcpputils:/robofuzz/ros2_foxy/install/rcutils:/robofuzz/ros2_foxy/install/qt_gui:/robofuzz/ros2_foxy/install/console_bridge_vendor:/robofuzz/ros2_foxy/install/tango_icons_vendor:/robofuzz/ros2_foxy/install/python_qt_binding:/robofuzz/ros2_foxy/install/ament_index_cpp:/robofuzz/ros2_foxy/install/tinyxml2_vendor:/robofuzz/ros2_foxy/install/ament_cmake_pytest:/robofuzz/ros2_foxy/install/ament_cmake:/robofuzz/ros2_foxy/install/ament_cmake_test:/robofuzz/ros2_foxy/install/ament_cmake_target_dependencies:/robofuzz/ros2_foxy/install/ament_cmake_export_targets:/robofuzz/ros2_foxy/install/ament_cmake_export_interfaces:/robofuzz/ros2_foxy/install/ament_cmake_export_dependencies:/robofuzz/ros2_foxy/install/ament_cmake_version:/robofuzz/ros2_foxy/install/ament_cmake_python:/robofuzz/ros2_foxy/install/ament_cmake_libraries:/robofuzz/ros2_foxy/install/ament_cmake_include_directories:/robofuzz/ros2_foxy/install/ament_cmake_export_link_flags:/robofuzz/ros2_foxy/install/ament_cmake_export_libraries:/robofuzz/ros2_foxy/install/ament_cmake_export_include_directories:/robofuzz/ros2_foxy/install/ament_cmake_export_definitions:/robofuzz/ros2_foxy/install/ament_cmake_core:/robofuzz/targets/moveit2_ws/install/moveit2_tutorials:/robofuzz/targets/moveit2_ws/install/moveit_visual_tools:/robofuzz/targets/moveit2_ws/install/rviz_visual_tools:/robofuzz/targets/turtlebot3_ws/install/turtlebot3:/robofuzz/targets/turtlebot3_ws/install/turtlebot3_simulations:/robofuzz/targets/turtlebot3_ws/install/turtlebot3_bringup:/robofuzz/targets/turtlebot3_ws/install/turtlebot3_node:/robofuzz/targets/turtlebot3_ws/install/turtlebot3_navigation2:/robofuzz/targets/turtlebot3_ws/install/turtlebot3_fake_node:/robofuzz/targets/turtlebot3_ws/install/turtlebot3_msgs:/robofuzz/targets/turtlebot3_ws/install/turtlebot3_gazebo:/robofuzz/targets/turtlebot3_ws/install/turtlebot3_description:/robofuzz/targets/turtlebot3_ws/install/turtlebot3_cartographer:/robofuzz/targets/turtlebot3_ws/install/hls_lfcd_lds_driver:/robofuzz/targets/turtlebot3_ws/install/dynamixel_sdk_examples:/robofuzz/targets/turtlebot3_ws/install/dynamixel_sdk_custom_interfaces:/robofuzz/targets/turtlebot3_ws/install/dynamixel_sdk:/robofuzz/targets/idltest_ws/install/idltest_target:/robofuzz/targets/idltest_ws/install/idltest_msgs:/robofuzz/targets/px4_ros_com_ros2/install/px4_ros_com:/robofuzz/targets/px4_ros_com_ros2/install/px4_msgs:/robofuzz/targets/turtlebot3_ws/install/turtlebot3_teleop:/robofuzz/targets/turtlebot3_ws/install/turtlebot3_example:/opt/ros/foxy LD_LIBRARY_PATH=/robofuzz/ros2_foxy/install/class_loader/lib:/robofuzz/ros2_foxy/install/rcpputils/lib:/robofuzz/ros2_foxy/install/rcutils/lib:/robofuzz/ros2_foxy/install/ament_index_cpp/lib:${LD_LIBRARY_PATH} PATH=/robofuzz/ros2_foxy/install/ament_index_python/bin:${PATH} PYTHONPATH=/robofuzz/ros2_foxy/install/rcutils/lib/python3.8/site-packages:/robofuzz/ros2_foxy/install/qt_gui/lib/python3.8/site-packages:/robofuzz/ros2_foxy/install/python_qt_binding/lib/python3.8/site-packages:/robofuzz/ros2_foxy/build/ament_index_python:/robofuzz/ros2_foxy/install/ament_index_python/lib/python3.8/site-packages:/robofuzz/ros2_foxy/install/ament_cmake_test/lib/python3.8/site-packages:/robofuzz/ros2_foxy/build/ament_package:/robofuzz/ros2_foxy/install/ament_package/lib/python3.8/site-packages:${PYTHONPATH} /usr/bin/cmake --build /robofuzz/ros2_foxy/build/qt_gui_cpp -- -j12 -l12
[4.739s] [  3%] [34m[1mGenerating __/__/include/qt_gui_cpp/moc_plugin_context.cpp[0m
[4.744s] [  6%] [34m[1mGenerating __/__/include/qt_gui_cpp/moc_plugin.cpp[0m
[4.772s] [  9%] [34m[1mGenerating __/__/include/qt_gui_cpp/moc_plugin_bridge.cpp[0m
[4.807s] [35m[1mScanning dependencies of target qt_gui_cpp[0m
[4.971s] [ 12%] [32mBuilding CXX object src/qt_gui_cpp/CMakeFiles/qt_gui_cpp.dir/composite_plugin_provider.cpp.o[0m
[4.982s] [ 15%] [32mBuilding CXX object src/qt_gui_cpp/CMakeFiles/qt_gui_cpp.dir/generic_proxy.cpp.o[0m
[6.853s] [ 18%] [32mBuilding CXX object src/qt_gui_cpp/CMakeFiles/qt_gui_cpp.dir/__/__/include/qt_gui_cpp/moc_plugin_context.cpp.o[0m
[8.189s] [ 21%] [32mBuilding CXX object src/qt_gui_cpp/CMakeFiles/qt_gui_cpp.dir/__/__/include/qt_gui_cpp/moc_plugin_bridge.cpp.o[0m
[10.344s] [ 24%] [32mBuilding CXX object src/qt_gui_cpp/CMakeFiles/qt_gui_cpp.dir/__/__/include/qt_gui_cpp/moc_plugin.cpp.o[0m
[10.905s] [ 27%] [32mBuilding CXX object src/qt_gui_cpp/CMakeFiles/qt_gui_cpp.dir/settings.cpp.o[0m
[13.566s] [ 30%] [32mBuilding CXX object src/qt_gui_cpp/CMakeFiles/qt_gui_cpp.dir/recursive_plugin_provider.cpp.o[0m
[16.791s] [ 33%] [32mBuilding CXX object src/qt_gui_cpp/CMakeFiles/qt_gui_cpp.dir/plugin_descriptor.cpp.o[0m
[16.796s] [ 39%] [32mBuilding CXX object src/qt_gui_cpp/CMakeFiles/qt_gui_cpp.dir/plugin_context.cpp.o[0m
[16.796s] [ 39%] [32mBuilding CXX object src/qt_gui_cpp/CMakeFiles/qt_gui_cpp.dir/plugin_provider.cpp.o[0m
[17.751s] [ 42%] [32mBuilding CXX object src/qt_gui_cpp/CMakeFiles/qt_gui_cpp.dir/plugin_bridge.cpp.o[0m
[19.127s] [ 45%] [32m[1mLinking CXX static library libqt_gui_cpp.a[0m
[19.207s] [ 45%] Built target qt_gui_cpp
[19.233s] [35m[1mScanning dependencies of target libqt_gui_cpp_sip[0m
[19.234s] [ 48%] [34m[1mRunning Shiboken generator for libqt_gui_cpp Python bindings...[0m
[19.262s] [ 51%] [34m[1mRunning SIP generator for qt_gui_cpp_sip Python bindings...[0m
[19.807s] qt.shiboken: (typesystem) Unable to locate Clang's built-in include directory (neither by checking the environment variables LLVM_INSTALL_DIR, CLANG_INSTALL_DIR  nor running llvm-config). This may lead to parse errors.
[19.808s] (typesystem) clang_parseTranslationUnit2(0x0, cmd[25]=-fPIC -Wno-constant-logical-operand -std=c++14 -I/robofuzz/ros2_foxy/src/ros-visualization/qt_gui_core/qt_gui_cpp/include -I/robofuzz/ros2_foxy/install/pluginlib/include -I/robofuzz/ros2_foxy/install/class_loader/include -I/robofuzz/ros2_foxy/install/rcpputils/include -I/robofuzz/ros2_foxy/install/rcutils/include -I/robofuzz/ros2_foxy/install/ament_index_cpp/include -I/opt/ros/foxy/include -I/usr/include -I/usr/include/x86_64-linux-gnu/qt5 -I/usr/include/x86_64-linux-gnu/qt5/QtWidgets -I/usr/include/x86_64-linux-gnu/qt5/QtGui -I/usr/include/x86_64-linux-gnu/qt5/QtCore -I/usr/lib/x86_64-linux-gnu/qt5/mkspecs/linux-g++ -I/usr/include/PySide2 -I/usr/include/c++/9 -I/usr/include/x86_64-linux-gnu/c++/9 -I/usr/include/c++/9/backward -I/usr/lib/gcc/x86_64-linux-gnu/9/include -I/usr/local/include -I/usr/include/x86_64-linux-gnu -I/usr/include /tmp/global_kCuOXR.hpp)
[25.497s] (typesystem)     [6s] Generating class model (1130)...                            [[1;33mWARNING[0m]
[25.497s] qt.shiboken: (typesystem) Enum 'RCUTILS_LOG_SEVERITY' does not have a type entry
[25.497s] (typesystem)     [6s] Generating enum model (5)...                                [[1;33mWARNING[0m]
[25.502s] (typesystem)     [6s] Generating namespace model (97)...                          [[0;32mOK[0m]
[28.405s] qt.shiboken: (typesystem) While traversing QOpenGLShaderProgram: setAttributeArray(int,const float*,int,int): Cannot use parameter 2 as an array: <array> modification already applied.
[31.091s] (typesystem)     [6s] Resolving typedefs (2663)...                                [[1;33mWARNING[0m]
[31.102s] qt.shiboken: (typesystem) class 'QAccessibleWidget' inherits from unknown base class 'QAccessibleActionInterface'
[31.103s] qt.shiboken: (typesystem) class not found for setup inheritance 'QAccessibleActionInterface'
[31.115s] (typesystem)    [11s] Fixing class inheritance...                                 [[1;33mWARNING[0m]
[37.309s] (typesystem)    [11s] Detecting inconsistencies in class model...                 [ 54%] [34m[1mCompiling generated code for qt_gui_cpp_sip Python bindings...[0m
[40.611s] [[0;32mOK[0m]
[40.746s] (typesystem)    [21s] Detecting inconsistencies in typesystem (7408)...           [[0;32mOK[0m]
[40.747s] (typesystem)    [21s] Checking inconsistencies in function modifications...       [[0;32mOK[0m]
[40.880s] (typesystem)    [21s] Writing log files...                                        [[0;32mOK[0m]
[40.967s] (typesystem)    [21s] Running Source generator...                                 [[0;32mOK[0m]
[40.976s] (typesystem)    [21s] Running Header generator...                                 [[0;32mOK[0m]
[40.976s] Done, (typesystem) 21s, 5 warnings (1073 known issues)
[41.374s] [35m[1mScanning dependencies of target qt_gui_cpp_shiboken[0m
[41.828s] [ 57%] [32mBuilding CXX object src/qt_gui_cpp_shiboken/CMakeFiles/qt_gui_cpp_shiboken.dir/libqt_gui_cpp_shiboken/libqt_gui_cpp_shiboken_module_wrapper.cpp.o[0m
[44.162s] [ 60%] [32mBuilding CXX object src/qt_gui_cpp_shiboken/CMakeFiles/qt_gui_cpp_shiboken.dir/libqt_gui_cpp_shiboken/qt_gui_cpp_compositepluginprovider_wrapper.cpp.o[0m
[45.220s] [ 63%] [32mBuilding CXX object src/qt_gui_cpp_shiboken/CMakeFiles/qt_gui_cpp_shiboken.dir/libqt_gui_cpp_shiboken/qt_gui_cpp_genericproxy_wrapper.cpp.o[0m
[46.144s] [ 66%] [32mBuilding CXX object src/qt_gui_cpp_shiboken/CMakeFiles/qt_gui_cpp_shiboken.dir/libqt_gui_cpp_shiboken/qt_gui_cpp_plugin_wrapper.cpp.o[0m
[61.437s] [ 69%] [32mBuilding CXX object src/qt_gui_cpp_shiboken/CMakeFiles/qt_gui_cpp_shiboken.dir/libqt_gui_cpp_shiboken/qt_gui_cpp_pluginbridge_wrapper.cpp.o[0m
[62.483s] [ 72%] [32mBuilding CXX object src/qt_gui_cpp_shiboken/CMakeFiles/qt_gui_cpp_shiboken.dir/libqt_gui_cpp_shiboken/qt_gui_cpp_plugincontext_wrapper.cpp.o[0m
[76.575s] [ 75%] [32mBuilding CXX object src/qt_gui_cpp_shiboken/CMakeFiles/qt_gui_cpp_shiboken.dir/libqt_gui_cpp_shiboken/qt_gui_cpp_plugindescriptor_wrapper.cpp.o[0m
[77.639s] [ 78%] [32mBuilding CXX object src/qt_gui_cpp_shiboken/CMakeFiles/qt_gui_cpp_shiboken.dir/libqt_gui_cpp_shiboken/qt_gui_cpp_pluginprovider_wrapper.cpp.o[0m
[90.449s] [ 81%] [32mBuilding CXX object src/qt_gui_cpp_shiboken/CMakeFiles/qt_gui_cpp_shiboken.dir/libqt_gui_cpp_shiboken/qt_gui_cpp_recursivepluginprovider_wrapper.cpp.o[0m
[90.833s] [ 84%] [32mBuilding CXX object src/qt_gui_cpp_shiboken/CMakeFiles/qt_gui_cpp_shiboken.dir/libqt_gui_cpp_shiboken/qt_gui_cpp_rospluginlibpluginprovider_forpluginproviders_wrapper.cpp.o[0m
[91.618s] [ 87%] [32mBuilding CXX object src/qt_gui_cpp_shiboken/CMakeFiles/qt_gui_cpp_shiboken.dir/libqt_gui_cpp_shiboken/qt_gui_cpp_rospluginlibpluginprovider_forplugins_wrapper.cpp.o[0m
[93.650s] [ 90%] [32mBuilding CXX object src/qt_gui_cpp_shiboken/CMakeFiles/qt_gui_cpp_shiboken.dir/libqt_gui_cpp_shiboken/qt_gui_cpp_settings_wrapper.cpp.o[0m
[94.524s] [ 93%] [32mBuilding CXX object src/qt_gui_cpp_shiboken/CMakeFiles/qt_gui_cpp_shiboken.dir/libqt_gui_cpp_shiboken/qt_gui_cpp_wrapper.cpp.o[0m
[97.670s] [ 96%] [34m[1mMeta target for qt_gui_cpp_sip Python bindings...[0m
[97.684s] [ 96%] Built target libqt_gui_cpp_sip
[100.623s] [100%] [32m[1mLinking CXX shared library libqt_gui_cpp_shiboken.so[0m
[100.984s] [100%] Built target qt_gui_cpp_shiboken
[101.000s] Invoked command in '/robofuzz/ros2_foxy/build/qt_gui_cpp' returned '0': AMENT_PREFIX_PATH=/robofuzz/ros2_foxy/install/pluginlib:/robofuzz/ros2_foxy/install/class_loader:/robofuzz/ros2_foxy/install/rcpputils:/robofuzz/ros2_foxy/install/rcutils:/robofuzz/ros2_foxy/install/qt_gui:/robofuzz/ros2_foxy/install/console_bridge_vendor:/robofuzz/ros2_foxy/install/tango_icons_vendor:/robofuzz/ros2_foxy/install/python_qt_binding:/robofuzz/ros2_foxy/install/ament_index_cpp:/robofuzz/ros2_foxy/install/tinyxml2_vendor:/robofuzz/ros2_foxy/install/ament_index_python:/robofuzz/ros2_foxy/install/ament_cmake_pytest:/robofuzz/ros2_foxy/install/ament_cmake:/robofuzz/ros2_foxy/install/ament_cmake_test:/robofuzz/ros2_foxy/install/ament_cmake_target_dependencies:/robofuzz/ros2_foxy/install/ament_cmake_export_targets:/robofuzz/ros2_foxy/install/ament_cmake_export_interfaces:/robofuzz/ros2_foxy/install/ament_cmake_export_dependencies:/robofuzz/ros2_foxy/install/ament_cmake_version:/robofuzz/ros2_foxy/install/ament_cmake_python:/robofuzz/ros2_foxy/install/ament_cmake_libraries:/robofuzz/ros2_foxy/install/ament_cmake_include_directories:/robofuzz/ros2_foxy/install/ament_cmake_export_link_flags:/robofuzz/ros2_foxy/install/ament_cmake_export_libraries:/robofuzz/ros2_foxy/install/ament_cmake_export_include_directories:/robofuzz/ros2_foxy/install/ament_cmake_export_definitions:/robofuzz/ros2_foxy/install/ament_cmake_core:/robofuzz/ros2_foxy/install/ament_package:${AMENT_PREFIX_PATH} CMAKE_PREFIX_PATH=/robofuzz/ros2_foxy/install/pluginlib:/robofuzz/ros2_foxy/install/class_loader:/robofuzz/ros2_foxy/install/rcpputils:/robofuzz/ros2_foxy/install/rcutils:/robofuzz/ros2_foxy/install/qt_gui:/robofuzz/ros2_foxy/install/console_bridge_vendor:/robofuzz/ros2_foxy/install/tango_icons_vendor:/robofuzz/ros2_foxy/install/python_qt_binding:/robofuzz/ros2_foxy/install/ament_index_cpp:/robofuzz/ros2_foxy/install/tinyxml2_vendor:/robofuzz/ros2_foxy/install/ament_cmake_pytest:/robofuzz/ros2_foxy/install/ament_cmake:/robofuzz/ros2_foxy/install/ament_cmake_test:/robofuzz/ros2_foxy/install/ament_cmake_target_dependencies:/robofuzz/ros2_foxy/install/ament_cmake_export_targets:/robofuzz/ros2_foxy/install/ament_cmake_export_interfaces:/robofuzz/ros2_foxy/install/ament_cmake_export_dependencies:/robofuzz/ros2_foxy/install/ament_cmake_version:/robofuzz/ros2_foxy/install/ament_cmake_python:/robofuzz/ros2_foxy/install/ament_cmake_libraries:/robofuzz/ros2_foxy/install/ament_cmake_include_directories:/robofuzz/ros2_foxy/install/ament_cmake_export_link_flags:/robofuzz/ros2_foxy/install/ament_cmake_export_libraries:/robofuzz/ros2_foxy/install/ament_cmake_export_include_directories:/robofuzz/ros2_foxy/install/ament_cmake_export_definitions:/robofuzz/ros2_foxy/install/ament_cmake_core:/robofuzz/targets/moveit2_ws/install/moveit2_tutorials:/robofuzz/targets/moveit2_ws/install/moveit_visual_tools:/robofuzz/targets/moveit2_ws/install/rviz_visual_tools:/robofuzz/targets/turtlebot3_ws/install/turtlebot3:/robofuzz/targets/turtlebot3_ws/install/turtlebot3_simulations:/robofuzz/targets/turtlebot3_ws/install/turtlebot3_bringup:/robofuzz/targets/turtlebot3_ws/install/turtlebot3_node:/robofuzz/targets/turtlebot3_ws/install/turtlebot3_navigation2:/robofuzz/targets/turtlebot3_ws/install/turtlebot3_fake_node:/robofuzz/targets/turtlebot3_ws/install/turtlebot3_msgs:/robofuzz/targets/turtlebot3_ws/install/turtlebot3_gazebo:/robofuzz/targets/turtlebot3_ws/install/turtlebot3_description:/robofuzz/targets/turtlebot3_ws/install/turtlebot3_cartographer:/robofuzz/targets/turtlebot3_ws/install/hls_lfcd_lds_driver:/robofuzz/targets/turtlebot3_ws/install/dynamixel_sdk_examples:/robofuzz/targets/turtlebot3_ws/install/dynamixel_sdk_custom_interfaces:/robofuzz/targets/turtlebot3_ws/install/dynamixel_sdk:/robofuzz/targets/idltest_ws/install/idltest_target:/robofuzz/targets/idltest_ws/install/idltest_msgs:/robofuzz/targets/px4_ros_com_ros2/install/px4_ros_com:/robofuzz/targets/px4_ros_com_ros2/install/px4_msgs:/robofuzz/targets/turtlebot3_ws/install/turtlebot3_teleop:/robofuzz/targets/turtlebot3_ws/install/turtlebot3_example:/opt/ros/foxy LD_LIBRARY_PATH=/robofuzz/ros2_foxy/install/class_loader/lib:/robofuzz/ros2_foxy/install/rcpputils/lib:/robofuzz/ros2_foxy/install/rcutils/lib:/robofuzz/ros2_foxy/install/ament_index_cpp/lib:${LD_LIBRARY_PATH} PATH=/robofuzz/ros2_foxy/install/ament_index_python/bin:${PATH} PYTHONPATH=/robofuzz/ros2_foxy/install/rcutils/lib/python3.8/site-packages:/robofuzz/ros2_foxy/install/qt_gui/lib/python3.8/site-packages:/robofuzz/ros2_foxy/install/python_qt_binding/lib/python3.8/site-packages:/robofuzz/ros2_foxy/build/ament_index_python:/robofuzz/ros2_foxy/install/ament_index_python/lib/python3.8/site-packages:/robofuzz/ros2_foxy/install/ament_cmake_test/lib/python3.8/site-packages:/robofuzz/ros2_foxy/build/ament_package:/robofuzz/ros2_foxy/install/ament_package/lib/python3.8/site-packages:${PYTHONPATH} /usr/bin/cmake --build /robofuzz/ros2_foxy/build/qt_gui_cpp -- -j12 -l12
[101.030s] Invoking command in '/robofuzz/ros2_foxy/build/qt_gui_cpp': AMENT_PREFIX_PATH=/robofuzz/ros2_foxy/install/pluginlib:/robofuzz/ros2_foxy/install/class_loader:/robofuzz/ros2_foxy/install/rcpputils:/robofuzz/ros2_foxy/install/rcutils:/robofuzz/ros2_foxy/install/qt_gui:/robofuzz/ros2_foxy/install/console_bridge_vendor:/robofuzz/ros2_foxy/install/tango_icons_vendor:/robofuzz/ros2_foxy/install/python_qt_binding:/robofuzz/ros2_foxy/install/ament_index_cpp:/robofuzz/ros2_foxy/install/tinyxml2_vendor:/robofuzz/ros2_foxy/install/ament_index_python:/robofuzz/ros2_foxy/install/ament_cmake_pytest:/robofuzz/ros2_foxy/install/ament_cmake:/robofuzz/ros2_foxy/install/ament_cmake_test:/robofuzz/ros2_foxy/install/ament_cmake_target_dependencies:/robofuzz/ros2_foxy/install/ament_cmake_export_targets:/robofuzz/ros2_foxy/install/ament_cmake_export_interfaces:/robofuzz/ros2_foxy/install/ament_cmake_export_dependencies:/robofuzz/ros2_foxy/install/ament_cmake_version:/robofuzz/ros2_foxy/install/ament_cmake_python:/robofuzz/ros2_foxy/install/ament_cmake_libraries:/robofuzz/ros2_foxy/install/ament_cmake_include_directories:/robofuzz/ros2_foxy/install/ament_cmake_export_link_flags:/robofuzz/ros2_foxy/install/ament_cmake_export_libraries:/robofuzz/ros2_foxy/install/ament_cmake_export_include_directories:/robofuzz/ros2_foxy/install/ament_cmake_export_definitions:/robofuzz/ros2_foxy/install/ament_cmake_core:/robofuzz/ros2_foxy/install/ament_package:${AMENT_PREFIX_PATH} CMAKE_PREFIX_PATH=/robofuzz/ros2_foxy/install/pluginlib:/robofuzz/ros2_foxy/install/class_loader:/robofuzz/ros2_foxy/install/rcpputils:/robofuzz/ros2_foxy/install/rcutils:/robofuzz/ros2_foxy/install/qt_gui:/robofuzz/ros2_foxy/install/console_bridge_vendor:/robofuzz/ros2_foxy/install/tango_icons_vendor:/robofuzz/ros2_foxy/install/python_qt_binding:/robofuzz/ros2_foxy/install/ament_index_cpp:/robofuzz/ros2_foxy/install/tinyxml2_vendor:/robofuzz/ros2_foxy/install/ament_cmake_pytest:/robofuzz/ros2_foxy/install/ament_cmake:/robofuzz/ros2_foxy/install/ament_cmake_test:/robofuzz/ros2_foxy/install/ament_cmake_target_dependencies:/robofuzz/ros2_foxy/install/ament_cmake_export_targets:/robofuzz/ros2_foxy/install/ament_cmake_export_interfaces:/robofuzz/ros2_foxy/install/ament_cmake_export_dependencies:/robofuzz/ros2_foxy/install/ament_cmake_version:/robofuzz/ros2_foxy/install/ament_cmake_python:/robofuzz/ros2_foxy/install/ament_cmake_libraries:/robofuzz/ros2_foxy/install/ament_cmake_include_directories:/robofuzz/ros2_foxy/install/ament_cmake_export_link_flags:/robofuzz/ros2_foxy/install/ament_cmake_export_libraries:/robofuzz/ros2_foxy/install/ament_cmake_export_include_directories:/robofuzz/ros2_foxy/install/ament_cmake_export_definitions:/robofuzz/ros2_foxy/install/ament_cmake_core:/robofuzz/targets/moveit2_ws/install/moveit2_tutorials:/robofuzz/targets/moveit2_ws/install/moveit_visual_tools:/robofuzz/targets/moveit2_ws/install/rviz_visual_tools:/robofuzz/targets/turtlebot3_ws/install/turtlebot3:/robofuzz/targets/turtlebot3_ws/install/turtlebot3_simulations:/robofuzz/targets/turtlebot3_ws/install/turtlebot3_bringup:/robofuzz/targets/turtlebot3_ws/install/turtlebot3_node:/robofuzz/targets/turtlebot3_ws/install/turtlebot3_navigation2:/robofuzz/targets/turtlebot3_ws/install/turtlebot3_fake_node:/robofuzz/targets/turtlebot3_ws/install/turtlebot3_msgs:/robofuzz/targets/turtlebot3_ws/install/turtlebot3_gazebo:/robofuzz/targets/turtlebot3_ws/install/turtlebot3_description:/robofuzz/targets/turtlebot3_ws/install/turtlebot3_cartographer:/robofuzz/targets/turtlebot3_ws/install/hls_lfcd_lds_driver:/robofuzz/targets/turtlebot3_ws/install/dynamixel_sdk_examples:/robofuzz/targets/turtlebot3_ws/install/dynamixel_sdk_custom_interfaces:/robofuzz/targets/turtlebot3_ws/install/dynamixel_sdk:/robofuzz/targets/idltest_ws/install/idltest_target:/robofuzz/targets/idltest_ws/install/idltest_msgs:/robofuzz/targets/px4_ros_com_ros2/install/px4_ros_com:/robofuzz/targets/px4_ros_com_ros2/install/px4_msgs:/robofuzz/targets/turtlebot3_ws/install/turtlebot3_teleop:/robofuzz/targets/turtlebot3_ws/install/turtlebot3_example:/opt/ros/foxy LD_LIBRARY_PATH=/robofuzz/ros2_foxy/install/class_loader/lib:/robofuzz/ros2_foxy/install/rcpputils/lib:/robofuzz/ros2_foxy/install/rcutils/lib:/robofuzz/ros2_foxy/install/ament_index_cpp/lib:${LD_LIBRARY_PATH} PATH=/robofuzz/ros2_foxy/install/ament_index_python/bin:${PATH} PYTHONPATH=/robofuzz/ros2_foxy/install/rcutils/lib/python3.8/site-packages:/robofuzz/ros2_foxy/install/qt_gui/lib/python3.8/site-packages:/robofuzz/ros2_foxy/install/python_qt_binding/lib/python3.8/site-packages:/robofuzz/ros2_foxy/build/ament_index_python:/robofuzz/ros2_foxy/install/ament_index_python/lib/python3.8/site-packages:/robofuzz/ros2_foxy/install/ament_cmake_test/lib/python3.8/site-packages:/robofuzz/ros2_foxy/build/ament_package:/robofuzz/ros2_foxy/install/ament_package/lib/python3.8/site-packages:${PYTHONPATH} /usr/bin/cmake --install /robofuzz/ros2_foxy/build/qt_gui_cpp
[101.041s] -- Install configuration: ""
[101.041s] -- Execute custom install script
[101.042s] -- Symlinking: /robofuzz/ros2_foxy/install/qt_gui_cpp/share/qt_gui_cpp/environment/pythonpath.sh
[101.053s] -- Symlinking: /robofuzz/ros2_foxy/install/qt_gui_cpp/share/qt_gui_cpp/environment/pythonpath.dsv
[101.064s] -- Symlinking: /robofuzz/ros2_foxy/install/qt_gui_cpp/lib/python3.8/site-packages/qt_gui_cpp/CMakeLists.txt
[101.075s] -- Symlinking: /robofuzz/ros2_foxy/install/qt_gui_cpp/lib/python3.8/site-packages/qt_gui_cpp/__init__.py
[101.086s] -- Symlinking: /robofuzz/ros2_foxy/install/qt_gui_cpp/lib/python3.8/site-packages/qt_gui_cpp/composite_plugin_provider.cpp
[101.097s] -- Symlinking: /robofuzz/ros2_foxy/install/qt_gui_cpp/lib/python3.8/site-packages/qt_gui_cpp/cpp_binding_helper.py
[101.108s] -- Symlinking: /robofuzz/ros2_foxy/install/qt_gui_cpp/lib/python3.8/site-packages/qt_gui_cpp/cpp_plugin_provider.py
[101.119s] -- Symlinking: /robofuzz/ros2_foxy/install/qt_gui_cpp/lib/python3.8/site-packages/qt_gui_cpp/generic_proxy.cpp
[101.130s] -- Symlinking: /robofuzz/ros2_foxy/install/qt_gui_cpp/lib/python3.8/site-packages/qt_gui_cpp/plugin_bridge.cpp
[101.141s] -- Symlinking: /robofuzz/ros2_foxy/install/qt_gui_cpp/lib/python3.8/site-packages/qt_gui_cpp/plugin_context.cpp
[101.152s] -- Symlinking: /robofuzz/ros2_foxy/install/qt_gui_cpp/lib/python3.8/site-packages/qt_gui_cpp/plugin_descriptor.cpp
[101.162s] -- Symlinking: /robofuzz/ros2_foxy/install/qt_gui_cpp/lib/python3.8/site-packages/qt_gui_cpp/plugin_provider.cpp
[101.173s] -- Symlinking: /robofuzz/ros2_foxy/install/qt_gui_cpp/lib/python3.8/site-packages/qt_gui_cpp/recursive_plugin_provider.cpp
[101.184s] -- Symlinking: /robofuzz/ros2_foxy/install/qt_gui_cpp/lib/python3.8/site-packages/qt_gui_cpp/ros_pluginlib_plugin_provider.py
[101.195s] -- Symlinking: /robofuzz/ros2_foxy/install/qt_gui_cpp/lib/python3.8/site-packages/qt_gui_cpp/settings.cpp
[101.206s] -- Symlinking: /robofuzz/ros2_foxy/install/qt_gui_cpp/lib/libqt_gui_cpp.a
[101.217s] -- Symlinking: /robofuzz/ros2_foxy/install/qt_gui_cpp/lib/python3.8/site-packages/qt_gui_cpp/libqt_gui_cpp_shiboken.so
[101.229s] -- Symlinking: /robofuzz/ros2_foxy/install/qt_gui_cpp/lib/python3.8/site-packages/qt_gui_cpp/libqt_gui_cpp_sip.so
[101.239s] -- Symlinking: /robofuzz/ros2_foxy/install/qt_gui_cpp/share/qt_gui_cpp/plugin.xml
[101.251s] -- Symlinking: /robofuzz/ros2_foxy/install/qt_gui_cpp/include/qt_gui_cpp/composite_plugin_provider.h
[101.262s] -- Symlinking: /robofuzz/ros2_foxy/install/qt_gui_cpp/include/qt_gui_cpp/generic_proxy.h
[101.275s] -- Symlinking: /robofuzz/ros2_foxy/install/qt_gui_cpp/include/qt_gui_cpp/plugin.h
[101.286s] -- Symlinking: /robofuzz/ros2_foxy/install/qt_gui_cpp/include/qt_gui_cpp/plugin_bridge.h
[101.297s] -- Symlinking: /robofuzz/ros2_foxy/install/qt_gui_cpp/include/qt_gui_cpp/plugin_context.h
[101.307s] -- Symlinking: /robofuzz/ros2_foxy/install/qt_gui_cpp/include/qt_gui_cpp/plugin_descriptor.h
[101.318s] -- Symlinking: /robofuzz/ros2_foxy/install/qt_gui_cpp/include/qt_gui_cpp/plugin_provider.h
[101.329s] -- Symlinking: /robofuzz/ros2_foxy/install/qt_gui_cpp/include/qt_gui_cpp/recursive_plugin_provider.h
[101.340s] -- Symlinking: /robofuzz/ros2_foxy/install/qt_gui_cpp/include/qt_gui_cpp/ros_pluginlib_plugin_provider.h
[101.351s] -- Symlinking: /robofuzz/ros2_foxy/install/qt_gui_cpp/include/qt_gui_cpp/ros_pluginlib_plugin_provider_for_plugin_providers.h
[101.362s] -- Symlinking: /robofuzz/ros2_foxy/install/qt_gui_cpp/include/qt_gui_cpp/ros_pluginlib_plugin_provider_for_plugins.h
[101.373s] -- Symlinking: /robofuzz/ros2_foxy/install/qt_gui_cpp/include/qt_gui_cpp/settings.h
[101.384s] -- Symlinking: /robofuzz/ros2_foxy/install/qt_gui_cpp/share/qt_gui_cpp/environment/library_path.sh
[101.395s] -- Symlinking: /robofuzz/ros2_foxy/install/qt_gui_cpp/share/qt_gui_cpp/environment/library_path.dsv
[101.406s] -- Symlinking: /robofuzz/ros2_foxy/install/qt_gui_cpp/share/ament_index/resource_index/package_run_dependencies/qt_gui_cpp
[101.417s] -- Symlinking: /robofuzz/ros2_foxy/install/qt_gui_cpp/share/ament_index/resource_index/parent_prefix_path/qt_gui_cpp
[101.429s] -- Symlinking: /robofuzz/ros2_foxy/install/qt_gui_cpp/share/qt_gui_cpp/environment/ament_prefix_path.sh
[101.440s] -- Symlinking: /robofuzz/ros2_foxy/install/qt_gui_cpp/share/qt_gui_cpp/environment/ament_prefix_path.dsv
[101.451s] -- Symlinking: /robofuzz/ros2_foxy/install/qt_gui_cpp/share/qt_gui_cpp/environment/path.sh
[101.462s] -- Symlinking: /robofuzz/ros2_foxy/install/qt_gui_cpp/share/qt_gui_cpp/environment/path.dsv
[101.473s] -- Symlinking: /robofuzz/ros2_foxy/install/qt_gui_cpp/share/qt_gui_cpp/local_setup.bash
[101.484s] -- Symlinking: /robofuzz/ros2_foxy/install/qt_gui_cpp/share/qt_gui_cpp/local_setup.sh
[101.495s] -- Symlinking: /robofuzz/ros2_foxy/install/qt_gui_cpp/share/qt_gui_cpp/local_setup.zsh
[101.506s] -- Symlinking: /robofuzz/ros2_foxy/install/qt_gui_cpp/share/qt_gui_cpp/local_setup.dsv
[101.518s] -- Symlinking: /robofuzz/ros2_foxy/install/qt_gui_cpp/share/qt_gui_cpp/package.dsv
[101.529s] -- Symlinking: /robofuzz/ros2_foxy/install/qt_gui_cpp/share/ament_index/resource_index/packages/qt_gui_cpp
[101.540s] -- Symlinking: /robofuzz/ros2_foxy/install/qt_gui_cpp/share/qt_gui_cpp/cmake/qt_gui_cpp-extras.cmake
[101.551s] -- Symlinking: /robofuzz/ros2_foxy/install/qt_gui_cpp/share/qt_gui_cpp/cmake/ament_cmake_export_dependencies-extras.cmake
[101.562s] -- Symlinking: /robofuzz/ros2_foxy/install/qt_gui_cpp/share/qt_gui_cpp/cmake/ament_cmake_export_include_directories-extras.cmake
[101.573s] -- Symlinking: /robofuzz/ros2_foxy/install/qt_gui_cpp/share/qt_gui_cpp/cmake/ament_cmake_export_libraries-extras.cmake
[101.584s] -- Symlinking: /robofuzz/ros2_foxy/install/qt_gui_cpp/share/qt_gui_cpp/cmake/qt_gui_cppConfig.cmake
[101.595s] -- Symlinking: /robofuzz/ros2_foxy/install/qt_gui_cpp/share/qt_gui_cpp/cmake/qt_gui_cppConfig-version.cmake
[101.606s] -- Symlinking: /robofuzz/ros2_foxy/install/qt_gui_cpp/share/qt_gui_cpp/package.xml
[101.684s] Listing '/robofuzz/ros2_foxy/install/qt_gui_cpp/lib/python3.8/site-packages/qt_gui_cpp'...
[101.685s] Compiling '/robofuzz/ros2_foxy/install/qt_gui_cpp/lib/python3.8/site-packages/qt_gui_cpp/__init__.py'...
[101.685s] Compiling '/robofuzz/ros2_foxy/install/qt_gui_cpp/lib/python3.8/site-packages/qt_gui_cpp/cpp_binding_helper.py'...
[101.685s] Compiling '/robofuzz/ros2_foxy/install/qt_gui_cpp/lib/python3.8/site-packages/qt_gui_cpp/cpp_plugin_provider.py'...
[101.685s] Compiling '/robofuzz/ros2_foxy/install/qt_gui_cpp/lib/python3.8/site-packages/qt_gui_cpp/ros_pluginlib_plugin_provider.py'...
[101.694s] Invoked command in '/robofuzz/ros2_foxy/build/qt_gui_cpp' returned '0': AMENT_PREFIX_PATH=/robofuzz/ros2_foxy/install/pluginlib:/robofuzz/ros2_foxy/install/class_loader:/robofuzz/ros2_foxy/install/rcpputils:/robofuzz/ros2_foxy/install/rcutils:/robofuzz/ros2_foxy/install/qt_gui:/robofuzz/ros2_foxy/install/console_bridge_vendor:/robofuzz/ros2_foxy/install/tango_icons_vendor:/robofuzz/ros2_foxy/install/python_qt_binding:/robofuzz/ros2_foxy/install/ament_index_cpp:/robofuzz/ros2_foxy/install/tinyxml2_vendor:/robofuzz/ros2_foxy/install/ament_index_python:/robofuzz/ros2_foxy/install/ament_cmake_pytest:/robofuzz/ros2_foxy/install/ament_cmake:/robofuzz/ros2_foxy/install/ament_cmake_test:/robofuzz/ros2_foxy/install/ament_cmake_target_dependencies:/robofuzz/ros2_foxy/install/ament_cmake_export_targets:/robofuzz/ros2_foxy/install/ament_cmake_export_interfaces:/robofuzz/ros2_foxy/install/ament_cmake_export_dependencies:/robofuzz/ros2_foxy/install/ament_cmake_version:/robofuzz/ros2_foxy/install/ament_cmake_python:/robofuzz/ros2_foxy/install/ament_cmake_libraries:/robofuzz/ros2_foxy/install/ament_cmake_include_directories:/robofuzz/ros2_foxy/install/ament_cmake_export_link_flags:/robofuzz/ros2_foxy/install/ament_cmake_export_libraries:/robofuzz/ros2_foxy/install/ament_cmake_export_include_directories:/robofuzz/ros2_foxy/install/ament_cmake_export_definitions:/robofuzz/ros2_foxy/install/ament_cmake_core:/robofuzz/ros2_foxy/install/ament_package:${AMENT_PREFIX_PATH} CMAKE_PREFIX_PATH=/robofuzz/ros2_foxy/install/pluginlib:/robofuzz/ros2_foxy/install/class_loader:/robofuzz/ros2_foxy/install/rcpputils:/robofuzz/ros2_foxy/install/rcutils:/robofuzz/ros2_foxy/install/qt_gui:/robofuzz/ros2_foxy/install/console_bridge_vendor:/robofuzz/ros2_foxy/install/tango_icons_vendor:/robofuzz/ros2_foxy/install/python_qt_binding:/robofuzz/ros2_foxy/install/ament_index_cpp:/robofuzz/ros2_foxy/install/tinyxml2_vendor:/robofuzz/ros2_foxy/install/ament_cmake_pytest:/robofuzz/ros2_foxy/install/ament_cmake:/robofuzz/ros2_foxy/install/ament_cmake_test:/robofuzz/ros2_foxy/install/ament_cmake_target_dependencies:/robofuzz/ros2_foxy/install/ament_cmake_export_targets:/robofuzz/ros2_foxy/install/ament_cmake_export_interfaces:/robofuzz/ros2_foxy/install/ament_cmake_export_dependencies:/robofuzz/ros2_foxy/install/ament_cmake_version:/robofuzz/ros2_foxy/install/ament_cmake_python:/robofuzz/ros2_foxy/install/ament_cmake_libraries:/robofuzz/ros2_foxy/install/ament_cmake_include_directories:/robofuzz/ros2_foxy/install/ament_cmake_export_link_flags:/robofuzz/ros2_foxy/install/ament_cmake_export_libraries:/robofuzz/ros2_foxy/install/ament_cmake_export_include_directories:/robofuzz/ros2_foxy/install/ament_cmake_export_definitions:/robofuzz/ros2_foxy/install/ament_cmake_core:/robofuzz/targets/moveit2_ws/install/moveit2_tutorials:/robofuzz/targets/moveit2_ws/install/moveit_visual_tools:/robofuzz/targets/moveit2_ws/install/rviz_visual_tools:/robofuzz/targets/turtlebot3_ws/install/turtlebot3:/robofuzz/targets/turtlebot3_ws/install/turtlebot3_simulations:/robofuzz/targets/turtlebot3_ws/install/turtlebot3_bringup:/robofuzz/targets/turtlebot3_ws/install/turtlebot3_node:/robofuzz/targets/turtlebot3_ws/install/turtlebot3_navigation2:/robofuzz/targets/turtlebot3_ws/install/turtlebot3_fake_node:/robofuzz/targets/turtlebot3_ws/install/turtlebot3_msgs:/robofuzz/targets/turtlebot3_ws/install/turtlebot3_gazebo:/robofuzz/targets/turtlebot3_ws/install/turtlebot3_description:/robofuzz/targets/turtlebot3_ws/install/turtlebot3_cartographer:/robofuzz/targets/turtlebot3_ws/install/hls_lfcd_lds_driver:/robofuzz/targets/turtlebot3_ws/install/dynamixel_sdk_examples:/robofuzz/targets/turtlebot3_ws/install/dynamixel_sdk_custom_interfaces:/robofuzz/targets/turtlebot3_ws/install/dynamixel_sdk:/robofuzz/targets/idltest_ws/install/idltest_target:/robofuzz/targets/idltest_ws/install/idltest_msgs:/robofuzz/targets/px4_ros_com_ros2/install/px4_ros_com:/robofuzz/targets/px4_ros_com_ros2/install/px4_msgs:/robofuzz/targets/turtlebot3_ws/install/turtlebot3_teleop:/robofuzz/targets/turtlebot3_ws/install/turtlebot3_example:/opt/ros/foxy LD_LIBRARY_PATH=/robofuzz/ros2_foxy/install/class_loader/lib:/robofuzz/ros2_foxy/install/rcpputils/lib:/robofuzz/ros2_foxy/install/rcutils/lib:/robofuzz/ros2_foxy/install/ament_index_cpp/lib:${LD_LIBRARY_PATH} PATH=/robofuzz/ros2_foxy/install/ament_index_python/bin:${PATH} PYTHONPATH=/robofuzz/ros2_foxy/install/rcutils/lib/python3.8/site-packages:/robofuzz/ros2_foxy/install/qt_gui/lib/python3.8/site-packages:/robofuzz/ros2_foxy/install/python_qt_binding/lib/python3.8/site-packages:/robofuzz/ros2_foxy/build/ament_index_python:/robofuzz/ros2_foxy/install/ament_index_python/lib/python3.8/site-packages:/robofuzz/ros2_foxy/install/ament_cmake_test/lib/python3.8/site-packages:/robofuzz/ros2_foxy/build/ament_package:/robofuzz/ros2_foxy/install/ament_package/lib/python3.8/site-packages:${PYTHONPATH} /usr/bin/cmake --install /robofuzz/ros2_foxy/build/qt_gui_cpp
