running develop
running egg_info
creating action_tutorials_py.egg-info
writing action_tutorials_py.egg-info/PKG-INFO
writing dependency_links to action_tutorials_py.egg-info/dependency_links.txt
writing entry points to action_tutorials_py.egg-info/entry_points.txt
writing requirements to action_tutorials_py.egg-info/requires.txt
writing top-level names to action_tutorials_py.egg-info/top_level.txt
writing manifest file 'action_tutorials_py.egg-info/SOURCES.txt'
reading manifest file 'action_tutorials_py.egg-info/SOURCES.txt'
writing manifest file 'action_tutorials_py.egg-info/SOURCES.txt'
running build_ext
Creating /robofuzz/ros2_foxy/install/action_tutorials_py/lib/python3.8/site-packages/site.py
Creating /robofuzz/ros2_foxy/install/action_tutorials_py/lib/python3.8/site-packages/action-tutorials-py.egg-link (link to .)
Installing fibonacci_action_client script to /robofuzz/ros2_foxy/install/action_tutorials_py/lib/action_tutorials_py
Installing fibonacci_action_server script to /robofuzz/ros2_foxy/install/action_tutorials_py/lib/action_tutorials_py

Installed /robofuzz/ros2_foxy/build/action_tutorials_py
running install_data
creating /robofuzz/ros2_foxy/install/action_tutorials_py/share/ament_index
creating /robofuzz/ros2_foxy/install/action_tutorials_py/share/ament_index/resource_index
creating /robofuzz/ros2_foxy/install/action_tutorials_py/share/ament_index/resource_index/packages
copying resource/action_tutorials_py -> /robofuzz/ros2_foxy/install/action_tutorials_py/share/ament_index/resource_index/packages
copying package.xml -> /robofuzz/ros2_foxy/install/action_tutorials_py/share/action_tutorials_py
