[0.134s] Invoking command in '/robofuzz/targets/rcl_lang_ws/build/rclcpp_create_node': CMAKE_PREFIX_PATH=${CMAKE_PREFIX_PATH}:/robofuzz/targets/turtlebot3_ws/install/turtlebot3_teleop:/robofuzz/targets/turtlebot3_ws/install/turtlebot3_example:/opt/ros/foxy /usr/bin/cmake --build /robofuzz/targets/rcl_lang_ws/build/rclcpp_create_node -- -j12 -l12
[1.533s] [100%] Built target rclcpp_create_node
[1.538s] Invoked command in '/robofuzz/targets/rcl_lang_ws/build/rclcpp_create_node' returned '0': CMAKE_PREFIX_PATH=${CMAKE_PREFIX_PATH}:/robofuzz/targets/turtlebot3_ws/install/turtlebot3_teleop:/robofuzz/targets/turtlebot3_ws/install/turtlebot3_example:/opt/ros/foxy /usr/bin/cmake --build /robofuzz/targets/rcl_lang_ws/build/rclcpp_create_node -- -j12 -l12
[1.600s] Invoking command in '/robofuzz/targets/rcl_lang_ws/build/rclcpp_create_node': CMAKE_PREFIX_PATH=${CMAKE_PREFIX_PATH}:/robofuzz/targets/turtlebot3_ws/install/turtlebot3_teleop:/robofuzz/targets/turtlebot3_ws/install/turtlebot3_example:/opt/ros/foxy /usr/bin/cmake --install /robofuzz/targets/rcl_lang_ws/build/rclcpp_create_node
[1.630s] -- Install configuration: ""
[1.631s] -- Execute custom install script
[1.632s] -- Up-to-date symlink: /robofuzz/targets/rcl_lang_ws/install/rclcpp_create_node/lib/rclcpp_create_node/rclcpp_create_node
[1.633s] -- Up-to-date symlink: /robofuzz/targets/rcl_lang_ws/install/rclcpp_create_node/share/ament_index/resource_index/package_run_dependencies/rclcpp_create_node
[1.635s] -- Up-to-date symlink: /robofuzz/targets/rcl_lang_ws/install/rclcpp_create_node/share/ament_index/resource_index/parent_prefix_path/rclcpp_create_node
[1.636s] -- Up-to-date symlink: /robofuzz/targets/rcl_lang_ws/install/rclcpp_create_node/share/rclcpp_create_node/environment/ament_prefix_path.sh
[1.636s] -- Up-to-date symlink: /robofuzz/targets/rcl_lang_ws/install/rclcpp_create_node/share/rclcpp_create_node/environment/ament_prefix_path.dsv
[1.637s] -- Up-to-date symlink: /robofuzz/targets/rcl_lang_ws/install/rclcpp_create_node/share/rclcpp_create_node/environment/path.sh
[1.637s] -- Up-to-date symlink: /robofuzz/targets/rcl_lang_ws/install/rclcpp_create_node/share/rclcpp_create_node/environment/path.dsv
[1.637s] -- Up-to-date symlink: /robofuzz/targets/rcl_lang_ws/install/rclcpp_create_node/share/rclcpp_create_node/local_setup.bash
[1.638s] -- Up-to-date symlink: /robofuzz/targets/rcl_lang_ws/install/rclcpp_create_node/share/rclcpp_create_node/local_setup.sh
[1.638s] -- Up-to-date symlink: /robofuzz/targets/rcl_lang_ws/install/rclcpp_create_node/share/rclcpp_create_node/local_setup.zsh
[1.639s] -- Up-to-date symlink: /robofuzz/targets/rcl_lang_ws/install/rclcpp_create_node/share/rclcpp_create_node/local_setup.dsv
[1.639s] -- Symlinking: /robofuzz/targets/rcl_lang_ws/install/rclcpp_create_node/share/rclcpp_create_node/package.dsv
[1.653s] -- Up-to-date symlink: /robofuzz/targets/rcl_lang_ws/install/rclcpp_create_node/share/ament_index/resource_index/packages/rclcpp_create_node
[1.653s] -- Up-to-date symlink: /robofuzz/targets/rcl_lang_ws/install/rclcpp_create_node/share/rclcpp_create_node/cmake/rclcpp_create_nodeConfig.cmake
[1.654s] -- Up-to-date symlink: /robofuzz/targets/rcl_lang_ws/install/rclcpp_create_node/share/rclcpp_create_node/cmake/rclcpp_create_nodeConfig-version.cmake
[1.655s] -- Up-to-date symlink: /robofuzz/targets/rcl_lang_ws/install/rclcpp_create_node/share/rclcpp_create_node/package.xml
[1.664s] Invoked command in '/robofuzz/targets/rcl_lang_ws/build/rclcpp_create_node' returned '0': CMAKE_PREFIX_PATH=${CMAKE_PREFIX_PATH}:/robofuzz/targets/turtlebot3_ws/install/turtlebot3_teleop:/robofuzz/targets/turtlebot3_ws/install/turtlebot3_example:/opt/ros/foxy /usr/bin/cmake --install /robofuzz/targets/rcl_lang_ws/build/rclcpp_create_node
