[0.987s] Invoking command in '/robofuzz/ros2_foxy/build/cyclonedds': CMAKE_PREFIX_PATH=${CMAKE_PREFIX_PATH}:/robofuzz/targets/turtlebot3_ws/install/turtlebot3_teleop:/robofuzz/targets/turtlebot3_ws/install/turtlebot3_example:/opt/ros/foxy /usr/bin/cmake --build /robofuzz/ros2_foxy/build/cyclonedds -- -j12 -l12
[1.615s] [ 81%] Built target ddsc
[1.615s] [ 85%] Built target ddsls
[1.616s] [ 88%] Built target pubsub
[1.616s] [ 88%] Built target ddsconf
[1.617s] [ 90%] Built target dds_security_auth
[1.617s] [ 99%] Built target dds_security_crypto
[1.618s] [ 99%] Built target dds_security_ac
[1.618s] [100%] Built target schema
[1.626s] Invoked command in '/robofuzz/ros2_foxy/build/cyclonedds' returned '0': CMAKE_PREFIX_PATH=${CMAKE_PREFIX_PATH}:/robofuzz/targets/turtlebot3_ws/install/turtlebot3_teleop:/robofuzz/targets/turtlebot3_ws/install/turtlebot3_example:/opt/ros/foxy /usr/bin/cmake --build /robofuzz/ros2_foxy/build/cyclonedds -- -j12 -l12
[1.704s] Invoking command in '/robofuzz/ros2_foxy/build/cyclonedds': CMAKE_PREFIX_PATH=${CMAKE_PREFIX_PATH}:/robofuzz/targets/turtlebot3_ws/install/turtlebot3_teleop:/robofuzz/targets/turtlebot3_ws/install/turtlebot3_example:/opt/ros/foxy /usr/bin/cmake --install /robofuzz/ros2_foxy/build/cyclonedds
[1.770s] -- Install configuration: "RelWithDebInfo"
[1.770s] -- Up-to-date: /robofuzz/ros2_foxy/install/cyclonedds/lib/cmake/CycloneDDS/CycloneDDSConfig.cmake
[1.771s] -- Up-to-date: /robofuzz/ros2_foxy/install/cyclonedds/lib/cmake/CycloneDDS/CycloneDDSVersion.cmake
[1.771s] -- Up-to-date: /robofuzz/ros2_foxy/install/cyclonedds/lib/cmake/CycloneDDS/CycloneDDSTargets.cmake
[1.771s] -- Up-to-date: /robofuzz/ros2_foxy/install/cyclonedds/lib/cmake/CycloneDDS/CycloneDDSTargets-relwithdebinfo.cmake
[1.771s] -- Up-to-date: /robofuzz/ros2_foxy/install/cyclonedds/include
[1.771s] -- Up-to-date: /robofuzz/ros2_foxy/install/cyclonedds/include/dds
[1.771s] -- Up-to-date: /robofuzz/ros2_foxy/install/cyclonedds/include/dds/ddsrt
[1.772s] -- Up-to-date: /robofuzz/ros2_foxy/install/cyclonedds/include/dds/ddsrt/random.h
[1.772s] -- Up-to-date: /robofuzz/ros2_foxy/install/cyclonedds/include/dds/ddsrt/environ.h
[1.773s] -- Up-to-date: /robofuzz/ros2_foxy/install/cyclonedds/include/dds/ddsrt/expand_vars.h
[1.773s] -- Up-to-date: /robofuzz/ros2_foxy/install/cyclonedds/include/dds/ddsrt/sockets
[1.774s] -- Up-to-date: /robofuzz/ros2_foxy/install/cyclonedds/include/dds/ddsrt/sockets/windows.h
[1.774s] -- Up-to-date: /robofuzz/ros2_foxy/install/cyclonedds/include/dds/ddsrt/sockets/posix.h
[1.774s] -- Up-to-date: /robofuzz/ros2_foxy/install/cyclonedds/include/dds/ddsrt/filesystem
[1.775s] -- Up-to-date: /robofuzz/ros2_foxy/install/cyclonedds/include/dds/ddsrt/filesystem/windows.h
[1.775s] -- Up-to-date: /robofuzz/ros2_foxy/install/cyclonedds/include/dds/ddsrt/filesystem/posix.h
[1.775s] -- Up-to-date: /robofuzz/ros2_foxy/install/cyclonedds/include/dds/ddsrt/circlist.h
[1.775s] -- Up-to-date: /robofuzz/ros2_foxy/install/cyclonedds/include/dds/ddsrt/atomics
[1.776s] -- Up-to-date: /robofuzz/ros2_foxy/install/cyclonedds/include/dds/ddsrt/atomics/gcc.h
[1.776s] -- Up-to-date: /robofuzz/ros2_foxy/install/cyclonedds/include/dds/ddsrt/atomics/sun.h
[1.776s] -- Up-to-date: /robofuzz/ros2_foxy/install/cyclonedds/include/dds/ddsrt/atomics/arm.h
[1.777s] -- Up-to-date: /robofuzz/ros2_foxy/install/cyclonedds/include/dds/ddsrt/atomics/msvc.h
[1.777s] -- Up-to-date: /robofuzz/ros2_foxy/install/cyclonedds/include/dds/ddsrt/process.h
[1.777s] -- Up-to-date: /robofuzz/ros2_foxy/install/cyclonedds/include/dds/ddsrt/arch.h
[1.777s] -- Up-to-date: /robofuzz/ros2_foxy/install/cyclonedds/include/dds/ddsrt/dynlib.h
[1.779s] -- Up-to-date: /robofuzz/ros2_foxy/install/cyclonedds/include/dds/ddsrt/fibheap.h
[1.780s] -- Up-to-date: /robofuzz/ros2_foxy/install/cyclonedds/include/dds/ddsrt/countargs.h
[1.780s] -- Up-to-date: /robofuzz/ros2_foxy/install/cyclonedds/include/dds/ddsrt/hopscotch.h
[1.780s] -- Up-to-date: /robofuzz/ros2_foxy/install/cyclonedds/include/dds/ddsrt/endian.h
[1.781s] -- Up-to-date: /robofuzz/ros2_foxy/install/cyclonedds/include/dds/ddsrt/bswap.h
[1.781s] -- Up-to-date: /robofuzz/ros2_foxy/install/cyclonedds/include/dds/ddsrt/attributes.h
[1.781s] -- Up-to-date: /robofuzz/ros2_foxy/install/cyclonedds/include/dds/ddsrt/threads
[1.782s] -- Up-to-date: /robofuzz/ros2_foxy/install/cyclonedds/include/dds/ddsrt/threads/windows.h
[1.782s] -- Up-to-date: /robofuzz/ros2_foxy/install/cyclonedds/include/dds/ddsrt/threads/freertos.h
[1.782s] -- Up-to-date: /robofuzz/ros2_foxy/install/cyclonedds/include/dds/ddsrt/threads/posix.h
[1.783s] -- Up-to-date: /robofuzz/ros2_foxy/install/cyclonedds/include/dds/ddsrt/xmlparser.h
[1.783s] -- Up-to-date: /robofuzz/ros2_foxy/install/cyclonedds/include/dds/ddsrt/heap.h
[1.784s] -- Up-to-date: /robofuzz/ros2_foxy/install/cyclonedds/include/dds/ddsrt/md5.h
[1.784s] -- Up-to-date: /robofuzz/ros2_foxy/install/cyclonedds/include/dds/ddsrt/atomics.h
[1.786s] -- Up-to-date: /robofuzz/ros2_foxy/install/cyclonedds/include/dds/ddsrt/thread_pool.h
[1.786s] -- Up-to-date: /robofuzz/ros2_foxy/install/cyclonedds/include/dds/ddsrt/rusage.h
[1.786s] -- Up-to-date: /robofuzz/ros2_foxy/install/cyclonedds/include/dds/ddsrt/mh3.h
[1.786s] -- Up-to-date: /robofuzz/ros2_foxy/install/cyclonedds/include/dds/ddsrt/static_assert.h
[1.787s] -- Up-to-date: /robofuzz/ros2_foxy/install/cyclonedds/include/dds/ddsrt/time.h
[1.787s] -- Up-to-date: /robofuzz/ros2_foxy/install/cyclonedds/include/dds/ddsrt/string.h
[1.787s] -- Up-to-date: /robofuzz/ros2_foxy/install/cyclonedds/include/dds/ddsrt/sync.h
[1.788s] -- Up-to-date: /robofuzz/ros2_foxy/install/cyclonedds/include/dds/ddsrt/types.h
[1.788s] -- Up-to-date: /robofuzz/ros2_foxy/install/cyclonedds/include/dds/ddsrt/filesystem.h
[1.789s] -- Up-to-date: /robofuzz/ros2_foxy/install/cyclonedds/include/dds/ddsrt/time
[1.789s] -- Up-to-date: /robofuzz/ros2_foxy/install/cyclonedds/include/dds/ddsrt/time/freertos.h
[1.789s] -- Up-to-date: /robofuzz/ros2_foxy/install/cyclonedds/include/dds/ddsrt/misc.h
[1.791s] -- Up-to-date: /robofuzz/ros2_foxy/install/cyclonedds/include/dds/ddsrt/threads.h
[1.791s] -- Up-to-date: /robofuzz/ros2_foxy/install/cyclonedds/include/dds/ddsrt/sockets.h
[1.791s] -- Up-to-date: /robofuzz/ros2_foxy/install/cyclonedds/include/dds/ddsrt/avl.h
[1.791s] -- Up-to-date: /robofuzz/ros2_foxy/install/cyclonedds/include/dds/ddsrt/types
[1.792s] -- Up-to-date: /robofuzz/ros2_foxy/install/cyclonedds/include/dds/ddsrt/types/windows.h
[1.793s] -- Up-to-date: /robofuzz/ros2_foxy/install/cyclonedds/include/dds/ddsrt/types/vxworks.h
[1.793s] -- Up-to-date: /robofuzz/ros2_foxy/install/cyclonedds/include/dds/ddsrt/types/posix.h
[1.793s] -- Up-to-date: /robofuzz/ros2_foxy/install/cyclonedds/include/dds/ddsrt/retcode.h
[1.794s] -- Up-to-date: /robofuzz/ros2_foxy/install/cyclonedds/include/dds/ddsrt/netstat.h
[1.795s] -- Up-to-date: /robofuzz/ros2_foxy/install/cyclonedds/include/dds/ddsrt/io.h
[1.795s] -- Up-to-date: /robofuzz/ros2_foxy/install/cyclonedds/include/dds/ddsrt/cdtors.h
[1.795s] -- Up-to-date: /robofuzz/ros2_foxy/install/cyclonedds/include/dds/ddsrt/strtol.h
[1.797s] -- Up-to-date: /robofuzz/ros2_foxy/install/cyclonedds/include/dds/ddsrt/sync
[1.797s] -- Up-to-date: /robofuzz/ros2_foxy/install/cyclonedds/include/dds/ddsrt/sync/windows.h
[1.797s] -- Up-to-date: /robofuzz/ros2_foxy/install/cyclonedds/include/dds/ddsrt/sync/freertos.h
[1.797s] -- Up-to-date: /robofuzz/ros2_foxy/install/cyclonedds/include/dds/ddsrt/sync/solaris2.6.h
[1.798s] -- Up-to-date: /robofuzz/ros2_foxy/install/cyclonedds/include/dds/ddsrt/sync/posix.h
[1.799s] -- Up-to-date: /robofuzz/ros2_foxy/install/cyclonedds/include/dds/ddsrt/log.h
[1.799s] -- Up-to-date: /robofuzz/ros2_foxy/install/cyclonedds/include/dds/ddsrt/strtod.h
[1.800s] -- Up-to-date: /robofuzz/ros2_foxy/install/cyclonedds/include/dds/ddsrt/ifaddrs.h
[1.800s] -- Up-to-date: /robofuzz/ros2_foxy/install/cyclonedds/include
[1.801s] -- Up-to-date: /robofuzz/ros2_foxy/install/cyclonedds/include/dds
[1.801s] -- Up-to-date: /robofuzz/ros2_foxy/install/cyclonedds/include/dds/version.h
[1.802s] -- Up-to-date: /robofuzz/ros2_foxy/install/cyclonedds/include
[1.803s] -- Up-to-date: /robofuzz/ros2_foxy/install/cyclonedds/include/dds
[1.822s] -- Up-to-date: /robofuzz/ros2_foxy/install/cyclonedds/include/dds/security
[1.825s] -- Up-to-date: /robofuzz/ros2_foxy/install/cyclonedds/include/dds/security/dds_security_api_defs.h
[1.825s] -- Up-to-date: /robofuzz/ros2_foxy/install/cyclonedds/include/dds/security/dds_security_api_cryptography.h
[1.825s] -- Up-to-date: /robofuzz/ros2_foxy/install/cyclonedds/include/dds/security/dds_security_api_err.h
[1.825s] -- Up-to-date: /robofuzz/ros2_foxy/install/cyclonedds/include/dds/security/dds_security_api_access_control.h
[1.825s] -- Up-to-date: /robofuzz/ros2_foxy/install/cyclonedds/include/dds/security/dds_security_api.h
[1.826s] -- Up-to-date: /robofuzz/ros2_foxy/install/cyclonedds/include/dds/security/dds_security_api_types.h
[1.826s] -- Up-to-date: /robofuzz/ros2_foxy/install/cyclonedds/include/dds/security/dds_security_api_authentication.h
[1.826s] -- Up-to-date: /robofuzz/ros2_foxy/install/cyclonedds/include/dds/security/core/
[1.826s] -- Up-to-date: /robofuzz/ros2_foxy/install/cyclonedds/include/dds/security/core//shared_secret.h
[1.826s] -- Up-to-date: /robofuzz/ros2_foxy/install/cyclonedds/include/dds/security/core//dds_security_fsm.h
[1.827s] -- Up-to-date: /robofuzz/ros2_foxy/install/cyclonedds/include/dds/security/core//dds_security_types.h
[1.827s] -- Up-to-date: /robofuzz/ros2_foxy/install/cyclonedds/include/dds/security/core//dds_security_serialize.h
[1.827s] -- Up-to-date: /robofuzz/ros2_foxy/install/cyclonedds/include/dds/security/core//dds_security_utils.h
[1.827s] -- Up-to-date: /robofuzz/ros2_foxy/install/cyclonedds/include/dds/security/core//dds_security_timed_cb.h
[1.827s] -- Up-to-date: /robofuzz/ros2_foxy/install/cyclonedds/include/dds/security/core//dds_security_plugins.h
[1.828s] -- Up-to-date: /robofuzz/ros2_foxy/install/cyclonedds/lib/libdds_security_ac.so
[1.833s] -- Up-to-date: /robofuzz/ros2_foxy/install/cyclonedds/lib/libdds_security_auth.so
[1.837s] -- Up-to-date: /robofuzz/ros2_foxy/install/cyclonedds/lib/libdds_security_crypto.so
[1.838s] -- Up-to-date: /robofuzz/ros2_foxy/install/cyclonedds/include
[1.838s] -- Up-to-date: /robofuzz/ros2_foxy/install/cyclonedds/include/dds
[1.839s] -- Up-to-date: /robofuzz/ros2_foxy/install/cyclonedds/include/dds/ddsi
[1.839s] -- Up-to-date: /robofuzz/ros2_foxy/install/cyclonedds/include/dds/ddsi/q_transmit.h
[1.839s] -- Up-to-date: /robofuzz/ros2_foxy/install/cyclonedds/include/dds/ddsi/ddsi_serdata_plist.h
[1.841s] -- Up-to-date: /robofuzz/ros2_foxy/install/cyclonedds/include/dds/ddsi/ddsi_security_util.h
[1.841s] -- Up-to-date: /robofuzz/ros2_foxy/install/cyclonedds/include/dds/ddsi/ddsi_guid.h
[1.842s] -- Up-to-date: /robofuzz/ros2_foxy/install/cyclonedds/include/dds/ddsi/ddsi_time.h
[1.842s] -- Up-to-date: /robofuzz/ros2_foxy/install/cyclonedds/include/dds/ddsi/ddsi_lifespan.h
[1.843s] -- Up-to-date: /robofuzz/ros2_foxy/install/cyclonedds/include/dds/ddsi/ddsi_handshake.h
[1.843s] -- Up-to-date: /robofuzz/ros2_foxy/install/cyclonedds/include/dds/ddsi/ddsi_raweth.h
[1.844s] -- Up-to-date: /robofuzz/ros2_foxy/install/cyclonedds/include/dds/ddsi/q_thread.h
[1.844s] -- Up-to-date: /robofuzz/ros2_foxy/install/cyclonedds/include/dds/ddsi/q_radmin.h
[1.844s] -- Up-to-date: /robofuzz/ros2_foxy/install/cyclonedds/include/dds/ddsi/q_log.h
[1.845s] -- Up-to-date: /robofuzz/ros2_foxy/install/cyclonedds/include/dds/ddsi/q_unused.h
[1.845s] -- Up-to-date: /robofuzz/ros2_foxy/install/cyclonedds/include/dds/ddsi/ddsi_ssl.h
[1.845s] -- Up-to-date: /robofuzz/ros2_foxy/install/cyclonedds/include/dds/ddsi/ddsi_pmd.h
[1.846s] -- Up-to-date: /robofuzz/ros2_foxy/install/cyclonedds/include/dds/ddsi/q_protocol.h
[1.846s] -- Up-to-date: /robofuzz/ros2_foxy/install/cyclonedds/include/dds/ddsi/ddsi_acknack.h
[1.846s] -- Up-to-date: /robofuzz/ros2_foxy/install/cyclonedds/include/dds/ddsi/q_whc.h
[1.846s] -- Up-to-date: /robofuzz/ros2_foxy/install/cyclonedds/include/dds/ddsi/q_config.h
[1.847s] -- Up-to-date: /robofuzz/ros2_foxy/install/cyclonedds/include/dds/ddsi/ddsi_serdata_pserop.h
[1.847s] -- Up-to-date: /robofuzz/ros2_foxy/install/cyclonedds/include/dds/ddsi/q_misc.h
[1.847s] -- Up-to-date: /robofuzz/ros2_foxy/install/cyclonedds/include/dds/ddsi/ddsi_statistics.h
[1.848s] -- Up-to-date: /robofuzz/ros2_foxy/install/cyclonedds/include/dds/ddsi/q_xevent.h
[1.848s] -- Up-to-date: /robofuzz/ros2_foxy/install/cyclonedds/include/dds/ddsi/ddsi_deadline.h
[1.863s] -- Up-to-date: /robofuzz/ros2_foxy/install/cyclonedds/include/dds/ddsi/ddsi_cfgunits.h
[1.863s] -- Up-to-date: /robofuzz/ros2_foxy/install/cyclonedds/include/dds/ddsi/ddsi_portmapping.h
[1.866s] -- Up-to-date: /robofuzz/ros2_foxy/install/cyclonedds/include/dds/ddsi/sysdeps.h
[1.866s] -- Up-to-date: /robofuzz/ros2_foxy/install/cyclonedds/include/dds/ddsi/q_pcap.h
[1.867s] -- Up-to-date: /robofuzz/ros2_foxy/install/cyclonedds/include/dds/ddsi/ddsi_mcgroup.h
[1.867s] -- Up-to-date: /robofuzz/ros2_foxy/install/cyclonedds/include/dds/ddsi/q_bswap.h
[1.868s] -- Up-to-date: /robofuzz/ros2_foxy/install/cyclonedds/include/dds/ddsi/q_rtps.h
[1.870s] -- Up-to-date: /robofuzz/ros2_foxy/install/cyclonedds/include/dds/ddsi/q_addrset.h
[1.871s] -- Up-to-date: /robofuzz/ros2_foxy/install/cyclonedds/include/dds/ddsi/ddsi_cdrstream.h
[1.871s] -- Up-to-date: /robofuzz/ros2_foxy/install/cyclonedds/include/dds/ddsi/ddsi_sertopic.h
[1.871s] -- Up-to-date: /robofuzz/ros2_foxy/install/cyclonedds/include/dds/ddsi/q_qosmatch.h
[1.871s] -- Up-to-date: /robofuzz/ros2_foxy/install/cyclonedds/include/dds/ddsi/ddsi_xqos.h
[1.872s] -- Up-to-date: /robofuzz/ros2_foxy/install/cyclonedds/include/dds/ddsi/q_freelist.h
[1.872s] -- Up-to-date: /robofuzz/ros2_foxy/install/cyclonedds/include/dds/ddsi/ddsi_ownip.h
[1.873s] -- Up-to-date: /robofuzz/ros2_foxy/install/cyclonedds/include/dds/ddsi/ddsi_tcp.h
[1.876s] -- Up-to-date: /robofuzz/ros2_foxy/install/cyclonedds/include/dds/ddsi/q_lat_estim.h
[1.876s] -- Up-to-date: /robofuzz/ros2_foxy/install/cyclonedds/include/dds/ddsi/ddsi_entity_index.h
[1.877s] -- Up-to-date: /robofuzz/ros2_foxy/install/cyclonedds/include/dds/ddsi/q_bitset.h
[1.877s] -- Up-to-date: /robofuzz/ros2_foxy/install/cyclonedds/include/dds/ddsi/q_debmon.h
[1.877s] -- Up-to-date: /robofuzz/ros2_foxy/install/cyclonedds/include/dds/ddsi/ddsi_serdata.h
[1.877s] -- Up-to-date: /robofuzz/ros2_foxy/install/cyclonedds/include/dds/ddsi/q_receive.h
[1.878s] -- Up-to-date: /robofuzz/ros2_foxy/install/cyclonedds/include/dds/ddsi/q_inverse_uint32_set.h
[1.880s] -- Up-to-date: /robofuzz/ros2_foxy/install/cyclonedds/include/dds/ddsi/q_xmsg.h
[1.881s] -- Up-to-date: /robofuzz/ros2_foxy/install/cyclonedds/include/dds/ddsi/ddsi_udp.h
[1.888s] -- Up-to-date: /robofuzz/ros2_foxy/install/cyclonedds/include/dds/ddsi/q_gc.h
[1.888s] -- Up-to-date: /robofuzz/ros2_foxy/install/cyclonedds/include/dds/ddsi/ddsi_serdata_default.h
[1.888s] -- Up-to-date: /robofuzz/ros2_foxy/install/cyclonedds/include/dds/ddsi/q_entity.h
[1.888s] -- Up-to-date: /robofuzz/ros2_foxy/install/cyclonedds/include/dds/ddsi/ddsi_builtin_topic_if.h
[1.889s] -- Up-to-date: /robofuzz/ros2_foxy/install/cyclonedds/include/dds/ddsi/ddsi_deliver_locally.h
[1.889s] -- Up-to-date: /robofuzz/ros2_foxy/install/cyclonedds/include/dds/ddsi/q_ddsi_discovery.h
[1.889s] -- Up-to-date: /robofuzz/ros2_foxy/install/cyclonedds/include/dds/ddsi/ddsi_rhc.h
[1.889s] -- Up-to-date: /robofuzz/ros2_foxy/install/cyclonedds/include/dds/ddsi/q_init.h
[1.889s] -- Up-to-date: /robofuzz/ros2_foxy/install/cyclonedds/include/dds/ddsi/ddsi_tran.h
[1.890s] -- Up-to-date: /robofuzz/ros2_foxy/install/cyclonedds/include/dds/ddsi/ddsi_plist_generic.h
[1.890s] -- Up-to-date: /robofuzz/ros2_foxy/install/cyclonedds/include/dds/ddsi/ddsi_domaingv.h
[1.890s] -- Up-to-date: /robofuzz/ros2_foxy/install/cyclonedds/include/dds/ddsi/ddsi_tkmap.h
[1.890s] -- Up-to-date: /robofuzz/ros2_foxy/install/cyclonedds/include/dds/ddsi/ddsi_iid.h
[1.891s] -- Up-to-date: /robofuzz/ros2_foxy/install/cyclonedds/include/dds/ddsi/ddsi_security_omg.h
[1.891s] -- Up-to-date: /robofuzz/ros2_foxy/install/cyclonedds/include/dds/ddsi/ddsi_ipaddr.h
[1.891s] -- Up-to-date: /robofuzz/ros2_foxy/install/cyclonedds/include/dds/ddsi/q_lease.h
[1.891s] -- Up-to-date: /robofuzz/ros2_foxy/install/cyclonedds/include/dds/ddsi/q_feature_check.h
[1.891s] -- Up-to-date: /robofuzz/ros2_foxy/install/cyclonedds/include/dds/ddsi/ddsi_threadmon.h
[1.891s] -- Up-to-date: /robofuzz/ros2_foxy/install/cyclonedds/include/dds/ddsi/ddsi_cfgelems.h
[1.892s] -- Up-to-date: /robofuzz/ros2_foxy/install/cyclonedds/include/dds/ddsi/ddsi_security_exchange.h
[1.892s] -- Up-to-date: /robofuzz/ros2_foxy/install/cyclonedds/include/dds/ddsi/q_hbcontrol.h
[1.892s] -- Up-to-date: /robofuzz/ros2_foxy/install/cyclonedds/include/dds/ddsi/ddsi_vendor.h
[1.892s] -- Up-to-date: /robofuzz/ros2_foxy/install/cyclonedds/include/dds/ddsi/ddsi_plist.h
[1.892s] -- Up-to-date: /robofuzz/ros2_foxy/install/cyclonedds/include/dds/ddsi/ddsi_keyhash.h
[1.892s] -- Up-to-date: /robofuzz/ros2_foxy/install/cyclonedds/include/dds/ddsi/q_sockwaitset.h
[1.893s] -- Up-to-date: /robofuzz/ros2_foxy/install/cyclonedds/include/dds/ddsi/ddsi_security_msg.h
[1.893s] -- Up-to-date: /robofuzz/ros2_foxy/install/cyclonedds/include
[1.893s] -- Up-to-date: /robofuzz/ros2_foxy/install/cyclonedds/include/ddsc
[1.893s] -- Up-to-date: /robofuzz/ros2_foxy/install/cyclonedds/include/ddsc/dds.h
[1.896s] -- Up-to-date: /robofuzz/ros2_foxy/install/cyclonedds/include/dds
[1.897s] -- Up-to-date: /robofuzz/ros2_foxy/install/cyclonedds/include/dds/ddsc
[1.900s] -- Up-to-date: /robofuzz/ros2_foxy/install/cyclonedds/include/dds/ddsc/dds_rhc.h
[1.900s] -- Up-to-date: /robofuzz/ros2_foxy/install/cyclonedds/include/dds/ddsc/dds_public_alloc.h
[1.903s] -- Up-to-date: /robofuzz/ros2_foxy/install/cyclonedds/include/dds/ddsc/dds_public_listener.h
[1.903s] -- Up-to-date: /robofuzz/ros2_foxy/install/cyclonedds/include/dds/ddsc/dds_internal_api.h
[1.904s] -- Up-to-date: /robofuzz/ros2_foxy/install/cyclonedds/include/dds/ddsc/dds_public_error.h
[1.904s] -- Up-to-date: /robofuzz/ros2_foxy/install/cyclonedds/include/dds/ddsc/dds_statistics.h
[1.904s] -- Up-to-date: /robofuzz/ros2_foxy/install/cyclonedds/include/dds/ddsc/dds_public_impl.h
[1.904s] -- Up-to-date: /robofuzz/ros2_foxy/install/cyclonedds/include/dds/ddsc/dds_public_status.h
[1.905s] -- Up-to-date: /robofuzz/ros2_foxy/install/cyclonedds/include/dds/ddsc/dds_public_qosdefs.h
[1.905s] -- Up-to-date: /robofuzz/ros2_foxy/install/cyclonedds/include/dds/ddsc/dds_public_qos.h
[1.905s] -- Up-to-date: /robofuzz/ros2_foxy/install/cyclonedds/include/dds/dds.h
[1.906s] -- Up-to-date: /robofuzz/ros2_foxy/install/cyclonedds/include
[1.906s] -- Up-to-date: /robofuzz/ros2_foxy/install/cyclonedds/include/dds
[1.907s] -- Up-to-date: /robofuzz/ros2_foxy/install/cyclonedds/include/dds/features.h
[1.907s] -- Up-to-date: /robofuzz/ros2_foxy/install/cyclonedds/include/dds/export.h
[1.907s] -- Up-to-date: /robofuzz/ros2_foxy/install/cyclonedds/lib/libddsc.so.0.7.0
[1.907s] -- Up-to-date: /robofuzz/ros2_foxy/install/cyclonedds/lib/libddsc.so.0
[1.907s] -- Up-to-date: /robofuzz/ros2_foxy/install/cyclonedds/lib/libddsc.so
[1.908s] -- Up-to-date: /robofuzz/ros2_foxy/install/cyclonedds/bin/pubsub
[1.908s] -- Up-to-date: /robofuzz/ros2_foxy/install/cyclonedds/bin/ddsls
[1.950s] Invoked command in '/robofuzz/ros2_foxy/build/cyclonedds' returned '0': CMAKE_PREFIX_PATH=${CMAKE_PREFIX_PATH}:/robofuzz/targets/turtlebot3_ws/install/turtlebot3_teleop:/robofuzz/targets/turtlebot3_ws/install/turtlebot3_example:/opt/ros/foxy /usr/bin/cmake --install /robofuzz/ros2_foxy/build/cyclonedds
