-- The C compiler identification is GNU 9.4.0
-- The CXX compiler identification is GNU 9.4.0
-- Check for working C compiler: /usr/bin/cc
-- Check for working C compiler: /usr/bin/cc -- works
-- Detecting C compiler ABI info
-- Detecting C compiler ABI info - done
-- Detecting C compile features
-- Detecting C compile features - done
-- Check for working CXX compiler: /usr/bin/c++
-- Check for working CXX compiler: /usr/bin/c++ -- works
-- Detecting CXX compiler ABI info
-- Detecting CXX compiler ABI info - done
-- Detecting CXX compile features
-- Detecting CXX compile features - done
-- Found ament_cmake: 0.9.10 (/robofuzz/ros2_foxy/install/ament_cmake/share/ament_cmake/cmake)
-- Found PythonInterp: /usr/bin/python3 (found suitable version "3.8.10", minimum required is "3") 
-- Using PYTHON_EXECUTABLE: /usr/bin/python3
-- Override CMake install command with custom implementation using symlinks instead of copying resources
-- Found example_interfaces: 0.9.1 (/robofuzz/ros2_foxy/install/example_interfaces/share/example_interfaces/cmake)
-- Using all available rosidl_typesupport_c: rosidl_typesupport_fastrtps_c;rosidl_typesupport_introspection_c
-- Found rosidl_adapter: 1.2.1 (/robofuzz/ros2_foxy/install/rosidl_adapter/share/rosidl_adapter/cmake)
-- Found OpenSSL: /usr/lib/x86_64-linux-gnu/libcrypto.so (found version "1.1.1f")  
-- Found FastRTPS: /robofuzz/ros2_foxy/install/fastrtps/include  
-- Using all available rosidl_typesupport_cpp: rosidl_typesupport_introspection_cpp;rosidl_typesupport_fastrtps_cpp
-- Found rclcpp: 2.4.2 (/robofuzz/ros2_foxy/install/rclcpp/share/rclcpp/cmake)
-- Found rmw_implementation_cmake: 1.0.3 (/robofuzz/ros2_foxy/install/rmw_implementation_cmake/share/rmw_implementation_cmake/cmake)
-- Using RMW implementation 'rmw_fastrtps_cpp' as default
-- Looking for pthread.h
-- Looking for pthread.h - found
-- Performing Test CMAKE_HAVE_LIBC_PTHREAD
-- Performing Test CMAKE_HAVE_LIBC_PTHREAD - Failed
-- Looking for pthread_create in pthreads
-- Looking for pthread_create in pthreads - not found
-- Looking for pthread_create in pthread
-- Looking for pthread_create in pthread - found
-- Found Threads: TRUE  
-- Found rclcpp_components: 2.4.2 (/robofuzz/ros2_foxy/install/rclcpp_components/share/rclcpp_components/cmake)
-- Found ament_lint_auto: 0.9.7 (/robofuzz/ros2_foxy/install/ament_lint_auto/share/ament_lint_auto/cmake)
-- Found python_cmake_module: 0.8.1 (/robofuzz/ros2_foxy/install/python_cmake_module/share/python_cmake_module/cmake)
-- Found PythonInterp: /usr/bin/python3 (found suitable version "3.8.10", minimum required is "3.5") 
-- Found PythonLibs: /usr/lib/x86_64-linux-gnu/libpython3.8.so (found suitable version "3.8.10", minimum required is "3.5") 
-- Using PYTHON_EXECUTABLE: /usr/bin/python3
-- Using PYTHON_INCLUDE_DIRS: /usr/include/python3.8
-- Using PYTHON_LIBRARIES: /usr/lib/x86_64-linux-gnu/libpython3.8.so
-- Found PythonExtra: .so  
-- Added test 'copyright' to check source files copyright and LICENSE
-- Added test 'cppcheck' to perform static code analysis on C / C++ code
-- Configured cppcheck include dirs: /robofuzz/ros2_foxy/src/ros2/demos/demo_nodes_cpp/include
-- Configured cppcheck exclude dirs and/or files: 
-- Added test 'cpplint' to check C / C++ code against the Google style
-- Configured cpplint exclude dirs and/or files: 
-- Added test 'flake8' to check Python code syntax and style conventions
-- Added test 'lint_cmake' to check CMake code style
-- Added test 'pep257' to check Python code against some of the style conventions in PEP 257
-- Added test 'uncrustify' to check C / C++ code style
-- Configured uncrustify additional arguments: 
-- Added test 'xmllint' to check XML markup files
-- Configuring done
-- Generating done
-- Build files have been written to: /robofuzz/ros2_foxy/build/demo_nodes_cpp
[35m[1mScanning dependencies of target parameters_library[0m
[  1%] [32mBuilding CXX object CMakeFiles/parameters_library.dir/src/parameters/list_parameters.cpp.o[0m
[  3%] [32mBuilding CXX object CMakeFiles/parameters_library.dir/src/parameters/parameter_blackboard.cpp.o[0m
[  5%] [32mBuilding CXX object CMakeFiles/parameters_library.dir/src/parameters/set_and_get_parameters.cpp.o[0m
[  6%] [32mBuilding CXX object CMakeFiles/parameters_library.dir/src/parameters/parameter_events_async.cpp.o[0m
[  8%] [32mBuilding CXX object CMakeFiles/parameters_library.dir/src/parameters/even_parameters_node.cpp.o[0m
[ 10%] [32m[1mLinking CXX shared library libparameters_library.so[0m
[ 10%] Built target parameters_library
[35m[1mScanning dependencies of target add_two_ints_client_async[0m
[ 11%] [32mBuilding CXX object CMakeFiles/add_two_ints_client_async.dir/rclcpp_components/node_main_add_two_ints_client_async.cpp.o[0m
[ 13%] [32m[1mLinking CXX executable add_two_ints_client_async[0m
[ 13%] Built target add_two_ints_client_async
[35m[1mScanning dependencies of target talker[0m
[ 15%] [32mBuilding CXX object CMakeFiles/talker.dir/rclcpp_components/node_main_talker.cpp.o[0m
[35m[1mScanning dependencies of target allocator_tutorial[0m
[35m[1mScanning dependencies of target one_off_timer[0m
[ 16%] [32mBuilding CXX object CMakeFiles/allocator_tutorial.dir/src/topics/allocator_tutorial.cpp.o[0m
[ 18%] [32mBuilding CXX object CMakeFiles/one_off_timer.dir/rclcpp_components/node_main_one_off_timer.cpp.o[0m
[35m[1mScanning dependencies of target listener_best_effort[0m
[ 20%] [32mBuilding CXX object CMakeFiles/listener_best_effort.dir/rclcpp_components/node_main_listener_best_effort.cpp.o[0m
[35m[1mScanning dependencies of target add_two_ints_client[0m
[35m[1mScanning dependencies of target set_and_get_parameters[0m
[ 21%] [32mBuilding CXX object CMakeFiles/add_two_ints_client.dir/src/services/add_two_ints_client.cpp.o[0m
[ 23%] [32mBuilding CXX object CMakeFiles/set_and_get_parameters.dir/rclcpp_components/node_main_set_and_get_parameters.cpp.o[0m
[ 25%] [32m[1mLinking CXX executable talker[0m
[ 25%] Built target talker
[ 26%] [32m[1mLinking CXX executable listener_best_effort[0m
[ 28%] [32m[1mLinking CXX executable one_off_timer[0m
[ 28%] Built target listener_best_effort
[ 30%] [32m[1mLinking CXX executable add_two_ints_client[0m
[ 30%] Built target one_off_timer
[ 30%] Built target add_two_ints_client
[ 31%] [32m[1mLinking CXX executable set_and_get_parameters[0m
[ 31%] Built target set_and_get_parameters
[ 33%] [32m[1mLinking CXX executable allocator_tutorial[0m
[ 33%] Built target allocator_tutorial
[35m[1mScanning dependencies of target even_parameters_node[0m
[ 35%] [32mBuilding CXX object CMakeFiles/even_parameters_node.dir/rclcpp_components/node_main_even_parameters_node.cpp.o[0m
[ 36%] [32m[1mLinking CXX executable even_parameters_node[0m
[ 36%] Built target even_parameters_node
[35m[1mScanning dependencies of target topics_library[0m
[ 38%] [32mBuilding CXX object CMakeFiles/topics_library.dir/src/topics/talker.cpp.o[0m
[ 40%] [32mBuilding CXX object CMakeFiles/topics_library.dir/src/topics/talker_loaned_message.cpp.o[0m
[ 41%] [32mBuilding CXX object CMakeFiles/topics_library.dir/src/topics/talker_serialized_message.cpp.o[0m
[ 43%] [32mBuilding CXX object CMakeFiles/topics_library.dir/src/topics/listener.cpp.o[0m
[35m[1mScanning dependencies of target talker_loaned_message[0m
[35m[1mScanning dependencies of target parameter_events_async[0m
[ 45%] [32mBuilding CXX object CMakeFiles/talker_loaned_message.dir/rclcpp_components/node_main_talker_loaned_message.cpp.o[0m
[ 46%] [32mBuilding CXX object CMakeFiles/parameter_events_async.dir/rclcpp_components/node_main_parameter_events_async.cpp.o[0m
[35m[1mScanning dependencies of target parameter_blackboard[0m
[35m[1mScanning dependencies of target services_library[0m
[ 48%] [32mBuilding CXX object CMakeFiles/parameter_blackboard.dir/rclcpp_components/node_main_parameter_blackboard.cpp.o[0m
[35m[1mScanning dependencies of target set_and_get_parameters_async[0m
[ 50%] [32mBuilding CXX object CMakeFiles/services_library.dir/src/services/add_two_ints_server.cpp.o[0m
[ 51%] [32mBuilding CXX object CMakeFiles/set_and_get_parameters_async.dir/src/parameters/set_and_get_parameters_async.cpp.o[0m
[ 53%] [32m[1mLinking CXX executable talker_loaned_message[0m
[ 55%] [32m[1mLinking CXX executable parameter_blackboard[0m
[ 56%] [32m[1mLinking CXX executable parameter_events_async[0m
[ 56%] Built target talker_loaned_message
[ 58%] [32m[1mLinking CXX executable set_and_get_parameters_async[0m
[ 58%] Built target parameter_blackboard
[ 60%] [32mBuilding CXX object CMakeFiles/services_library.dir/src/services/add_two_ints_client_async.cpp.o[0m
[ 60%] Built target parameter_events_async
[ 61%] [32mBuilding CXX object CMakeFiles/topics_library.dir/src/topics/listener_serialized_message.cpp.o[0m
[ 61%] Built target set_and_get_parameters_async
[ 63%] [32mBuilding CXX object CMakeFiles/services_library.dir/src/services/add_two_ints_client.cpp.o[0m
[ 65%] [32mBuilding CXX object CMakeFiles/topics_library.dir/src/topics/listener_best_effort.cpp.o[0m
[ 66%] [32m[1mLinking CXX shared library libservices_library.so[0m
[ 66%] Built target services_library
[ 68%] [32m[1mLinking CXX shared library libtopics_library.so[0m
[ 68%] Built target topics_library
[35m[1mScanning dependencies of target list_parameters_async[0m
[ 70%] [32mBuilding CXX object CMakeFiles/list_parameters_async.dir/src/parameters/list_parameters_async.cpp.o[0m
[ 71%] [32m[1mLinking CXX executable list_parameters_async[0m
[ 71%] Built target list_parameters_async
[35m[1mScanning dependencies of target listener[0m
[ 73%] [32mBuilding CXX object CMakeFiles/listener.dir/rclcpp_components/node_main_listener.cpp.o[0m
[ 75%] [32m[1mLinking CXX executable listener[0m
[ 75%] Built target listener
[35m[1mScanning dependencies of target add_two_ints_server[0m
[ 76%] [32mBuilding CXX object CMakeFiles/add_two_ints_server.dir/rclcpp_components/node_main_add_two_ints_server.cpp.o[0m
[ 78%] [32m[1mLinking CXX executable add_two_ints_server[0m
[ 78%] Built target add_two_ints_server
[35m[1mScanning dependencies of target listener_serialized_message[0m
[ 80%] [32mBuilding CXX object CMakeFiles/listener_serialized_message.dir/rclcpp_components/node_main_listener_serialized_message.cpp.o[0m
[ 81%] [32m[1mLinking CXX executable listener_serialized_message[0m
[ 81%] Built target listener_serialized_message
[35m[1mScanning dependencies of target timers_library[0m
[ 83%] [32mBuilding CXX object CMakeFiles/timers_library.dir/src/timers/one_off_timer.cpp.o[0m
[ 85%] [32mBuilding CXX object CMakeFiles/timers_library.dir/src/timers/reuse_timer.cpp.o[0m
[ 86%] [32m[1mLinking CXX shared library libtimers_library.so[0m
[ 86%] Built target timers_library
[35m[1mScanning dependencies of target reuse_timer[0m
[ 88%] [32mBuilding CXX object CMakeFiles/reuse_timer.dir/rclcpp_components/node_main_reuse_timer.cpp.o[0m
[ 90%] [32m[1mLinking CXX executable reuse_timer[0m
[ 90%] Built target reuse_timer
[35m[1mScanning dependencies of target list_parameters[0m
[35m[1mScanning dependencies of target parameter_events[0m
[ 91%] [32mBuilding CXX object CMakeFiles/list_parameters.dir/rclcpp_components/node_main_list_parameters.cpp.o[0m
[ 93%] [32mBuilding CXX object CMakeFiles/parameter_events.dir/src/parameters/parameter_events.cpp.o[0m
[ 95%] [32m[1mLinking CXX executable list_parameters[0m
[ 95%] Built target list_parameters
[ 96%] [32m[1mLinking CXX executable parameter_events[0m
[ 96%] Built target parameter_events
[35m[1mScanning dependencies of target talker_serialized_message[0m
[ 98%] [32mBuilding CXX object CMakeFiles/talker_serialized_message.dir/rclcpp_components/node_main_talker_serialized_message.cpp.o[0m
[100%] [32m[1mLinking CXX executable talker_serialized_message[0m
[100%] Built target talker_serialized_message
-- Install configuration: ""
-- Execute custom install script
-- Symlinking: /robofuzz/ros2_foxy/install/demo_nodes_cpp/lib/demo_nodes_cpp/allocator_tutorial
-- Symlinking: /robofuzz/ros2_foxy/install/demo_nodes_cpp/lib/demo_nodes_cpp/add_two_ints_client
-- Symlinking: /robofuzz/ros2_foxy/install/demo_nodes_cpp/lib/demo_nodes_cpp/list_parameters_async
-- Symlinking: /robofuzz/ros2_foxy/install/demo_nodes_cpp/lib/demo_nodes_cpp/parameter_events
-- Symlinking: /robofuzz/ros2_foxy/install/demo_nodes_cpp/lib/demo_nodes_cpp/set_and_get_parameters_async
-- Symlinking: /robofuzz/ros2_foxy/install/demo_nodes_cpp/lib/demo_nodes_cpp/one_off_timer
-- Symlinking: /robofuzz/ros2_foxy/install/demo_nodes_cpp/lib/demo_nodes_cpp/reuse_timer
-- Symlinking: /robofuzz/ros2_foxy/install/demo_nodes_cpp/lib/demo_nodes_cpp/add_two_ints_server
-- Symlinking: /robofuzz/ros2_foxy/install/demo_nodes_cpp/lib/demo_nodes_cpp/add_two_ints_client_async
-- Symlinking: /robofuzz/ros2_foxy/install/demo_nodes_cpp/lib/demo_nodes_cpp/list_parameters
-- Symlinking: /robofuzz/ros2_foxy/install/demo_nodes_cpp/lib/demo_nodes_cpp/parameter_blackboard
-- Symlinking: /robofuzz/ros2_foxy/install/demo_nodes_cpp/lib/demo_nodes_cpp/set_and_get_parameters
-- Symlinking: /robofuzz/ros2_foxy/install/demo_nodes_cpp/lib/demo_nodes_cpp/parameter_events_async
-- Symlinking: /robofuzz/ros2_foxy/install/demo_nodes_cpp/lib/demo_nodes_cpp/even_parameters_node
-- Symlinking: /robofuzz/ros2_foxy/install/demo_nodes_cpp/lib/demo_nodes_cpp/talker
-- Symlinking: /robofuzz/ros2_foxy/install/demo_nodes_cpp/lib/demo_nodes_cpp/talker_loaned_message
-- Symlinking: /robofuzz/ros2_foxy/install/demo_nodes_cpp/lib/demo_nodes_cpp/talker_serialized_message
-- Symlinking: /robofuzz/ros2_foxy/install/demo_nodes_cpp/lib/demo_nodes_cpp/listener
-- Symlinking: /robofuzz/ros2_foxy/install/demo_nodes_cpp/lib/demo_nodes_cpp/listener_serialized_message
-- Symlinking: /robofuzz/ros2_foxy/install/demo_nodes_cpp/lib/demo_nodes_cpp/listener_best_effort
-- Symlinking: /robofuzz/ros2_foxy/install/demo_nodes_cpp/lib/libtimers_library.so
-- Symlinking: /robofuzz/ros2_foxy/install/demo_nodes_cpp/lib/libservices_library.so
-- Symlinking: /robofuzz/ros2_foxy/install/demo_nodes_cpp/lib/libparameters_library.so
-- Symlinking: /robofuzz/ros2_foxy/install/demo_nodes_cpp/lib/libtopics_library.so
-- Symlinking: /robofuzz/ros2_foxy/install/demo_nodes_cpp/share/demo_nodes_cpp//launch/services/add_two_ints.launch.py
-- Symlinking: /robofuzz/ros2_foxy/install/demo_nodes_cpp/share/demo_nodes_cpp//launch/services/add_two_ints.launch.xml
-- Symlinking: /robofuzz/ros2_foxy/install/demo_nodes_cpp/share/demo_nodes_cpp//launch/services/add_two_ints_async.launch.py
-- Symlinking: /robofuzz/ros2_foxy/install/demo_nodes_cpp/share/demo_nodes_cpp//launch/services/add_two_ints_async.launch.xml
-- Symlinking: /robofuzz/ros2_foxy/install/demo_nodes_cpp/share/demo_nodes_cpp//launch/topics/talker_listener.launch.py
-- Symlinking: /robofuzz/ros2_foxy/install/demo_nodes_cpp/share/demo_nodes_cpp//launch/topics/talker_listener.launch.xml
-- Symlinking: /robofuzz/ros2_foxy/install/demo_nodes_cpp/share/demo_nodes_cpp//launch/topics/talker_listener_best_effort.launch.py
-- Symlinking: /robofuzz/ros2_foxy/install/demo_nodes_cpp/share/demo_nodes_cpp//launch/topics/talker_listener_best_effort.launch.xml
-- Symlinking: /robofuzz/ros2_foxy/install/demo_nodes_cpp/share/ament_index/resource_index/package_run_dependencies/demo_nodes_cpp
-- Symlinking: /robofuzz/ros2_foxy/install/demo_nodes_cpp/share/ament_index/resource_index/parent_prefix_path/demo_nodes_cpp
-- Symlinking: /robofuzz/ros2_foxy/install/demo_nodes_cpp/share/demo_nodes_cpp/environment/ament_prefix_path.sh
-- Symlinking: /robofuzz/ros2_foxy/install/demo_nodes_cpp/share/demo_nodes_cpp/environment/ament_prefix_path.dsv
-- Symlinking: /robofuzz/ros2_foxy/install/demo_nodes_cpp/share/demo_nodes_cpp/environment/path.sh
-- Symlinking: /robofuzz/ros2_foxy/install/demo_nodes_cpp/share/demo_nodes_cpp/environment/path.dsv
-- Symlinking: /robofuzz/ros2_foxy/install/demo_nodes_cpp/share/demo_nodes_cpp/local_setup.bash
-- Symlinking: /robofuzz/ros2_foxy/install/demo_nodes_cpp/share/demo_nodes_cpp/local_setup.sh
-- Symlinking: /robofuzz/ros2_foxy/install/demo_nodes_cpp/share/demo_nodes_cpp/local_setup.zsh
-- Symlinking: /robofuzz/ros2_foxy/install/demo_nodes_cpp/share/demo_nodes_cpp/local_setup.dsv
-- Symlinking: /robofuzz/ros2_foxy/install/demo_nodes_cpp/share/demo_nodes_cpp/package.dsv
-- Symlinking: /robofuzz/ros2_foxy/install/demo_nodes_cpp/share/ament_index/resource_index/packages/demo_nodes_cpp
-- Symlinking: /robofuzz/ros2_foxy/install/demo_nodes_cpp/share/ament_index/resource_index/rclcpp_components/demo_nodes_cpp
-- Symlinking: /robofuzz/ros2_foxy/install/demo_nodes_cpp/share/demo_nodes_cpp/cmake/demo_nodes_cppConfig.cmake
-- Symlinking: /robofuzz/ros2_foxy/install/demo_nodes_cpp/share/demo_nodes_cpp/cmake/demo_nodes_cppConfig-version.cmake
-- Symlinking: /robofuzz/ros2_foxy/install/demo_nodes_cpp/share/demo_nodes_cpp/package.xml
