[1.776s] Invoking command in '/robofuzz/ros2_foxy/build/ament_clang_format': AMENT_PREFIX_PATH=/robofuzz/ros2_foxy/install/ament_copyright:/robofuzz/ros2_foxy/install/ament_pep257:/robofuzz/ros2_foxy/install/ament_flake8:/robofuzz/ros2_foxy/install/ament_lint:${AMENT_PREFIX_PATH} PATH=/robofuzz/ros2_foxy/install/ament_copyright/bin:/robofuzz/ros2_foxy/install/ament_pep257/bin:/robofuzz/ros2_foxy/install/ament_flake8/bin:${PATH} PYTHONPATH=/robofuzz/ros2_foxy/install/ament_clang_format/lib/python3.8/site-packages:/robofuzz/ros2_foxy/build/ament_copyright:/robofuzz/ros2_foxy/install/ament_copyright/lib/python3.8/site-packages:/robofuzz/ros2_foxy/build/ament_pep257:/robofuzz/ros2_foxy/install/ament_pep257/lib/python3.8/site-packages:/robofuzz/ros2_foxy/build/ament_flake8:/robofuzz/ros2_foxy/install/ament_flake8/lib/python3.8/site-packages:/robofuzz/ros2_foxy/build/ament_lint:/robofuzz/ros2_foxy/install/ament_lint/lib/python3.8/site-packages:${PYTHONPATH} /usr/bin/python3 setup.py develop --prefix /robofuzz/ros2_foxy/install/ament_clang_format --editable --build-directory /robofuzz/ros2_foxy/build/ament_clang_format/build --no-deps install_data --install-dir /robofuzz/ros2_foxy/install/ament_clang_format
[2.341s] running develop
[2.584s] running egg_info
[2.585s] creating ament_clang_format.egg-info
[2.585s] writing ament_clang_format.egg-info/PKG-INFO
[2.585s] writing dependency_links to ament_clang_format.egg-info/dependency_links.txt
[2.585s] writing entry points to ament_clang_format.egg-info/entry_points.txt
[2.585s] writing requirements to ament_clang_format.egg-info/requires.txt
[2.586s] writing top-level names to ament_clang_format.egg-info/top_level.txt
[2.587s] writing manifest file 'ament_clang_format.egg-info/SOURCES.txt'
[2.648s] reading manifest file 'ament_clang_format.egg-info/SOURCES.txt'
[2.649s] writing manifest file 'ament_clang_format.egg-info/SOURCES.txt'
[2.725s] running build_ext
[2.726s] Creating /robofuzz/ros2_foxy/install/ament_clang_format/lib/python3.8/site-packages/site.py
[2.727s] Creating /robofuzz/ros2_foxy/install/ament_clang_format/lib/python3.8/site-packages/ament-clang-format.egg-link (link to .)
[2.728s] Installing ament_clang_format script to /robofuzz/ros2_foxy/install/ament_clang_format/bin
[2.728s] 
[2.729s] Installed /robofuzz/ros2_foxy/build/ament_clang_format
[2.730s] running install_data
[2.733s] copying package.xml -> /robofuzz/ros2_foxy/install/ament_clang_format/share/ament_clang_format
[2.734s] creating /robofuzz/ros2_foxy/install/ament_clang_format/share/ament_index
[2.734s] creating /robofuzz/ros2_foxy/install/ament_clang_format/share/ament_index/resource_index
[2.735s] creating /robofuzz/ros2_foxy/install/ament_clang_format/share/ament_index/resource_index/packages
[2.735s] copying resource/ament_clang_format -> /robofuzz/ros2_foxy/install/ament_clang_format/share/ament_index/resource_index/packages
[3.231s] Invoked command in '/robofuzz/ros2_foxy/build/ament_clang_format' returned '0': AMENT_PREFIX_PATH=/robofuzz/ros2_foxy/install/ament_copyright:/robofuzz/ros2_foxy/install/ament_pep257:/robofuzz/ros2_foxy/install/ament_flake8:/robofuzz/ros2_foxy/install/ament_lint:${AMENT_PREFIX_PATH} PATH=/robofuzz/ros2_foxy/install/ament_copyright/bin:/robofuzz/ros2_foxy/install/ament_pep257/bin:/robofuzz/ros2_foxy/install/ament_flake8/bin:${PATH} PYTHONPATH=/robofuzz/ros2_foxy/install/ament_clang_format/lib/python3.8/site-packages:/robofuzz/ros2_foxy/build/ament_copyright:/robofuzz/ros2_foxy/install/ament_copyright/lib/python3.8/site-packages:/robofuzz/ros2_foxy/build/ament_pep257:/robofuzz/ros2_foxy/install/ament_pep257/lib/python3.8/site-packages:/robofuzz/ros2_foxy/build/ament_flake8:/robofuzz/ros2_foxy/install/ament_flake8/lib/python3.8/site-packages:/robofuzz/ros2_foxy/build/ament_lint:/robofuzz/ros2_foxy/install/ament_lint/lib/python3.8/site-packages:${PYTHONPATH} /usr/bin/python3 setup.py develop --prefix /robofuzz/ros2_foxy/install/ament_clang_format --editable --build-directory /robofuzz/ros2_foxy/build/ament_clang_format/build --no-deps install_data --install-dir /robofuzz/ros2_foxy/install/ament_clang_format
