-- The C compiler identification is GNU 9.4.0
-- The CXX compiler identification is GNU 9.4.0
-- Check for working C compiler: /usr/bin/cc
-- Check for working C compiler: /usr/bin/cc -- works
-- Detecting C compiler ABI info
-- Detecting C compiler ABI info - done
-- Detecting C compile features
-- Detecting C compile features - done
-- Check for working CXX compiler: /usr/bin/c++
-- Check for working CXX compiler: /usr/bin/c++ -- works
-- Detecting CXX compiler ABI info
-- Detecting CXX compiler ABI info - done
-- Detecting CXX compile features
-- Detecting CXX compile features - done
-- Found ament_cmake: 0.9.10 (/robofuzz/ros2_foxy/install/ament_cmake/share/ament_cmake/cmake)
-- Found PythonInterp: /usr/bin/python3 (found suitable version "3.8.10", minimum required is "3") 
-- Using PYTHON_EXECUTABLE: /usr/bin/python3
-- Override CMake install command with custom implementation using symlinks instead of copying resources
-- Found ament_lint_auto: 0.9.7 (/robofuzz/ros2_foxy/install/ament_lint_auto/share/ament_lint_auto/cmake)
-- Performance tests are disabled by default, so Google Benchmark tests will be skipped. To enable these tests, set the CMake variable 'AMENT_RUN_PERFORMANCE_TESTS'.
-- Added test 'copyright' to check source files copyright and LICENSE
-- Added test 'cppcheck' to perform static code analysis on C / C++ code
-- Configured cppcheck include dirs: /robofuzz/ros2_foxy/install/performance_test_fixture/include
-- Configured cppcheck exclude dirs and/or files: 
-- Added test 'cpplint' to check C / C++ code against the Google style
-- Configured cpplint exclude dirs and/or files: 
-- Added test 'lint_cmake' to check CMake code style
-- Added test 'uncrustify' to check C / C++ code style
-- Configured uncrustify additional arguments: 
-- Added test 'xmllint' to check XML markup files
-- Configuring done
-- Generating done
-- Build files have been written to: /robofuzz/ros2_foxy/build/console_bridge_vendor
[35m[1mScanning dependencies of target benchmark_log[0m
[ 50%] [32mBuilding CXX object CMakeFiles/benchmark_log.dir/test/benchmark/benchmark_log.cpp.o[0m
[100%] [32m[1mLinking CXX executable benchmark_log[0m
[100%] Built target benchmark_log
-- Install configuration: ""
-- Execute custom install script
-- Symlinking: /robofuzz/ros2_foxy/install/console_bridge_vendor/share/ament_index/resource_index/package_run_dependencies/console_bridge_vendor
-- Symlinking: /robofuzz/ros2_foxy/install/console_bridge_vendor/share/ament_index/resource_index/parent_prefix_path/console_bridge_vendor
-- Symlinking: /robofuzz/ros2_foxy/install/console_bridge_vendor/share/console_bridge_vendor/environment/ament_prefix_path.sh
-- Symlinking: /robofuzz/ros2_foxy/install/console_bridge_vendor/share/console_bridge_vendor/environment/ament_prefix_path.dsv
-- Symlinking: /robofuzz/ros2_foxy/install/console_bridge_vendor/share/console_bridge_vendor/environment/path.sh
-- Symlinking: /robofuzz/ros2_foxy/install/console_bridge_vendor/share/console_bridge_vendor/environment/path.dsv
-- Symlinking: /robofuzz/ros2_foxy/install/console_bridge_vendor/share/console_bridge_vendor/local_setup.bash
-- Symlinking: /robofuzz/ros2_foxy/install/console_bridge_vendor/share/console_bridge_vendor/local_setup.sh
-- Symlinking: /robofuzz/ros2_foxy/install/console_bridge_vendor/share/console_bridge_vendor/local_setup.zsh
-- Symlinking: /robofuzz/ros2_foxy/install/console_bridge_vendor/share/console_bridge_vendor/local_setup.dsv
-- Symlinking: /robofuzz/ros2_foxy/install/console_bridge_vendor/share/console_bridge_vendor/package.dsv
-- Symlinking: /robofuzz/ros2_foxy/install/console_bridge_vendor/share/ament_index/resource_index/packages/console_bridge_vendor
-- Symlinking: /robofuzz/ros2_foxy/install/console_bridge_vendor/share/console_bridge_vendor/cmake/console_bridge_vendorConfig.cmake
-- Symlinking: /robofuzz/ros2_foxy/install/console_bridge_vendor/share/console_bridge_vendor/cmake/console_bridge_vendorConfig-version.cmake
-- Symlinking: /robofuzz/ros2_foxy/install/console_bridge_vendor/share/console_bridge_vendor/package.xml
