running develop
running egg_info
creating ament_pycodestyle.egg-info
writing ament_pycodestyle.egg-info/PKG-INFO
writing dependency_links to ament_pycodestyle.egg-info/dependency_links.txt
writing entry points to ament_pycodestyle.egg-info/entry_points.txt
writing requirements to ament_pycodestyle.egg-info/requires.txt
writing top-level names to ament_pycodestyle.egg-info/top_level.txt
writing manifest file 'ament_pycodestyle.egg-info/SOURCES.txt'
reading manifest file 'ament_pycodestyle.egg-info/SOURCES.txt'
writing manifest file 'ament_pycodestyle.egg-info/SOURCES.txt'
running build_ext
Creating /robofuzz/ros2_foxy/install/ament_pycodestyle/lib/python3.8/site-packages/site.py
Creating /robofuzz/ros2_foxy/install/ament_pycodestyle/lib/python3.8/site-packages/ament-pycodestyle.egg-link (link to .)
Installing ament_pycodestyle script to /robofuzz/ros2_foxy/install/ament_pycodestyle/bin

Installed /robofuzz/ros2_foxy/build/ament_pycodestyle
running install_data
copying package.xml -> /robofuzz/ros2_foxy/install/ament_pycodestyle/share/ament_pycodestyle
creating /robofuzz/ros2_foxy/install/ament_pycodestyle/share/ament_index
creating /robofuzz/ros2_foxy/install/ament_pycodestyle/share/ament_index/resource_index
creating /robofuzz/ros2_foxy/install/ament_pycodestyle/share/ament_index/resource_index/packages
copying resource/ament_pycodestyle -> /robofuzz/ros2_foxy/install/ament_pycodestyle/share/ament_index/resource_index/packages
