[2.774s] Invoking command in '/robofuzz/ros2_foxy/build/ament_pycodestyle': PYTHONPATH=/robofuzz/ros2_foxy/install/ament_pycodestyle/lib/python3.8/site-packages:${PYTHONPATH} /usr/bin/python3 setup.py develop --prefix /robofuzz/ros2_foxy/install/ament_pycodestyle --editable --build-directory /robofuzz/ros2_foxy/build/ament_pycodestyle/build --no-deps install_data --install-dir /robofuzz/ros2_foxy/install/ament_pycodestyle
[3.413s] running develop
[3.757s] running egg_info
[3.757s] creating ament_pycodestyle.egg-info
[3.757s] writing ament_pycodestyle.egg-info/PKG-INFO
[3.758s] writing dependency_links to ament_pycodestyle.egg-info/dependency_links.txt
[3.758s] writing entry points to ament_pycodestyle.egg-info/entry_points.txt
[3.758s] writing requirements to ament_pycodestyle.egg-info/requires.txt
[3.758s] writing top-level names to ament_pycodestyle.egg-info/top_level.txt
[3.761s] writing manifest file 'ament_pycodestyle.egg-info/SOURCES.txt'
[3.937s] reading manifest file 'ament_pycodestyle.egg-info/SOURCES.txt'
[3.938s] writing manifest file 'ament_pycodestyle.egg-info/SOURCES.txt'
[4.107s] running build_ext
[4.108s] Creating /robofuzz/ros2_foxy/install/ament_pycodestyle/lib/python3.8/site-packages/site.py
[4.108s] Creating /robofuzz/ros2_foxy/install/ament_pycodestyle/lib/python3.8/site-packages/ament-pycodestyle.egg-link (link to .)
[4.108s] Installing ament_pycodestyle script to /robofuzz/ros2_foxy/install/ament_pycodestyle/bin
[4.108s] 
[4.108s] Installed /robofuzz/ros2_foxy/build/ament_pycodestyle
[4.109s] running install_data
[4.109s] copying package.xml -> /robofuzz/ros2_foxy/install/ament_pycodestyle/share/ament_pycodestyle
[4.109s] creating /robofuzz/ros2_foxy/install/ament_pycodestyle/share/ament_index
[4.109s] creating /robofuzz/ros2_foxy/install/ament_pycodestyle/share/ament_index/resource_index
[4.109s] creating /robofuzz/ros2_foxy/install/ament_pycodestyle/share/ament_index/resource_index/packages
[4.110s] copying resource/ament_pycodestyle -> /robofuzz/ros2_foxy/install/ament_pycodestyle/share/ament_index/resource_index/packages
[4.447s] Invoked command in '/robofuzz/ros2_foxy/build/ament_pycodestyle' returned '0': PYTHONPATH=/robofuzz/ros2_foxy/install/ament_pycodestyle/lib/python3.8/site-packages:${PYTHONPATH} /usr/bin/python3 setup.py develop --prefix /robofuzz/ros2_foxy/install/ament_pycodestyle --editable --build-directory /robofuzz/ros2_foxy/build/ament_pycodestyle/build --no-deps install_data --install-dir /robofuzz/ros2_foxy/install/ament_pycodestyle
