-- Install configuration: ""
-- Execute custom install script
-- Symlinking: /robofuzz/ros2_foxy/install/rmw_implementation_cmake/share/ament_index/resource_index/package_run_dependencies/rmw_implementation_cmake
-- Symlinking: /robofuzz/ros2_foxy/install/rmw_implementation_cmake/share/ament_index/resource_index/parent_prefix_path/rmw_implementation_cmake
-- Symlinking: /robofuzz/ros2_foxy/install/rmw_implementation_cmake/share/rmw_implementation_cmake/environment/ament_prefix_path.sh
-- Symlinking: /robofuzz/ros2_foxy/install/rmw_implementation_cmake/share/rmw_implementation_cmake/environment/ament_prefix_path.dsv
-- Symlinking: /robofuzz/ros2_foxy/install/rmw_implementation_cmake/share/rmw_implementation_cmake/environment/path.sh
-- Symlinking: /robofuzz/ros2_foxy/install/rmw_implementation_cmake/share/rmw_implementation_cmake/environment/path.dsv
-- Symlinking: /robofuzz/ros2_foxy/install/rmw_implementation_cmake/share/rmw_implementation_cmake/local_setup.bash
-- Symlinking: /robofuzz/ros2_foxy/install/rmw_implementation_cmake/share/rmw_implementation_cmake/local_setup.sh
-- Symlinking: /robofuzz/ros2_foxy/install/rmw_implementation_cmake/share/rmw_implementation_cmake/local_setup.zsh
-- Symlinking: /robofuzz/ros2_foxy/install/rmw_implementation_cmake/share/rmw_implementation_cmake/local_setup.dsv
-- Symlinking: /robofuzz/ros2_foxy/install/rmw_implementation_cmake/share/rmw_implementation_cmake/package.dsv
-- Symlinking: /robofuzz/ros2_foxy/install/rmw_implementation_cmake/share/ament_index/resource_index/packages/rmw_implementation_cmake
-- Symlinking: /robofuzz/ros2_foxy/install/rmw_implementation_cmake/share/rmw_implementation_cmake/cmake/rmw_implementation_cmake-extras.cmake
-- Symlinking: /robofuzz/ros2_foxy/install/rmw_implementation_cmake/share/rmw_implementation_cmake/cmake/ament_cmake_export_dependencies-extras.cmake
-- Symlinking: /robofuzz/ros2_foxy/install/rmw_implementation_cmake/share/rmw_implementation_cmake/cmake/rmw_implementation_cmakeConfig.cmake
-- Symlinking: /robofuzz/ros2_foxy/install/rmw_implementation_cmake/share/rmw_implementation_cmake/cmake/rmw_implementation_cmakeConfig-version.cmake
-- Symlinking: /robofuzz/ros2_foxy/install/rmw_implementation_cmake/share/rmw_implementation_cmake/package.xml
-- Symlinking: /robofuzz/ros2_foxy/install/rmw_implementation_cmake/share/rmw_implementation_cmake/cmake/call_for_each_rmw_implementation.cmake
-- Symlinking: /robofuzz/ros2_foxy/install/rmw_implementation_cmake/share/rmw_implementation_cmake/cmake/get_available_rmw_implementations.cmake
-- Symlinking: /robofuzz/ros2_foxy/install/rmw_implementation_cmake/share/rmw_implementation_cmake/cmake/get_default_rmw_implementation.cmake
