-- The C compiler identification is GNU 9.4.0
-- The CXX compiler identification is GNU 9.4.0
-- Check for working C compiler: /usr/bin/cc
-- Check for working C compiler: /usr/bin/cc -- works
-- Detecting C compiler ABI info
-- Detecting C compiler ABI info - done
-- Detecting C compile features
-- Detecting C compile features - done
-- Check for working CXX compiler: /usr/bin/c++
-- Check for working CXX compiler: /usr/bin/c++ -- works
-- Detecting CXX compiler ABI info
-- Detecting CXX compiler ABI info - done
-- Detecting CXX compile features
-- Detecting CXX compile features - done
-- Found ament_cmake_ros: 0.9.2 (/robofuzz/ros2_foxy/install/ament_cmake_ros/share/ament_cmake_ros/cmake)
-- Found PythonInterp: /usr/bin/python3 (found suitable version "3.8.10", minimum required is "3") 
-- Using PYTHON_EXECUTABLE: /usr/bin/python3
-- Override CMake install command with custom implementation using symlinks instead of copying resources
-- Found PkgConfig: /usr/bin/pkg-config (found version "0.29.1") 
-- Checking for module 'lttng-ust'
--   No package 'lttng-ust' found
-- Found ament_lint_auto: 0.9.7 (/robofuzz/ros2_foxy/install/ament_lint_auto/share/ament_lint_auto/cmake)
-- Added test 'copyright' to check source files copyright and LICENSE
-- Added test 'cppcheck' to perform static code analysis on C / C++ code
-- Configured cppcheck include dirs: 
-- Configured cppcheck exclude dirs and/or files: 
-- Added test 'cpplint' to check C / C++ code against the Google style
-- Configured cpplint exclude dirs and/or files: 
-- Added test 'lint_cmake' to check CMake code style
-- Added test 'uncrustify' to check C / C++ code style
-- Configured uncrustify additional arguments: 
-- Added test 'xmllint' to check XML markup files
-- Configuring done
-- Generating done
-- Build files have been written to: /robofuzz/ros2_foxy/build/tracetools
[35m[1mScanning dependencies of target tracetools[0m
[ 20%] [32mBuilding CXX object CMakeFiles/tracetools.dir/src/utils.cpp.o[0m
[ 40%] [32mBuilding C object CMakeFiles/tracetools.dir/src/tracetools.c.o[0m
[ 60%] [32m[1mLinking CXX shared library libtracetools.so[0m
[ 60%] Built target tracetools
[35m[1mScanning dependencies of target status[0m
[ 80%] [32mBuilding C object CMakeFiles/status.dir/src/status.c.o[0m
[100%] [32m[1mLinking C executable status[0m
[100%] Built target status
-- Install configuration: ""
-- Execute custom install script
-- Symlinking: /robofuzz/ros2_foxy/install/tracetools/share/tracetools/environment/library_path.sh
-- Symlinking: /robofuzz/ros2_foxy/install/tracetools/share/tracetools/environment/library_path.dsv
-- Symlinking: /robofuzz/ros2_foxy/install/tracetools/lib/tracetools/status
-- Symlinking: /robofuzz/ros2_foxy/install/tracetools/include/tracetools/config.h
-- Symlinking: /robofuzz/ros2_foxy/install/tracetools/include/tracetools/tracetools.h
-- Symlinking: /robofuzz/ros2_foxy/install/tracetools/include/tracetools/utils.hpp
-- Symlinking: /robofuzz/ros2_foxy/install/tracetools/include/tracetools/visibility_control.hpp
-- Symlinking: /robofuzz/ros2_foxy/install/tracetools/share/ament_index/resource_index/package_run_dependencies/tracetools
-- Symlinking: /robofuzz/ros2_foxy/install/tracetools/share/ament_index/resource_index/parent_prefix_path/tracetools
-- Symlinking: /robofuzz/ros2_foxy/install/tracetools/share/tracetools/environment/ament_prefix_path.sh
-- Symlinking: /robofuzz/ros2_foxy/install/tracetools/share/tracetools/environment/ament_prefix_path.dsv
-- Symlinking: /robofuzz/ros2_foxy/install/tracetools/share/tracetools/environment/path.sh
-- Symlinking: /robofuzz/ros2_foxy/install/tracetools/share/tracetools/environment/path.dsv
-- Symlinking: /robofuzz/ros2_foxy/install/tracetools/share/tracetools/local_setup.bash
-- Symlinking: /robofuzz/ros2_foxy/install/tracetools/share/tracetools/local_setup.sh
-- Symlinking: /robofuzz/ros2_foxy/install/tracetools/share/tracetools/local_setup.zsh
-- Symlinking: /robofuzz/ros2_foxy/install/tracetools/share/tracetools/local_setup.dsv
-- Symlinking: /robofuzz/ros2_foxy/install/tracetools/share/tracetools/package.dsv
-- Symlinking: /robofuzz/ros2_foxy/install/tracetools/share/ament_index/resource_index/packages/tracetools
-- Symlinking: /robofuzz/ros2_foxy/install/tracetools/share/tracetools/cmake/ament_cmake_export_targets-extras.cmake
-- Symlinking: /robofuzz/ros2_foxy/install/tracetools/share/tracetools/cmake/ament_cmake_export_include_directories-extras.cmake
-- Symlinking: /robofuzz/ros2_foxy/install/tracetools/share/tracetools/cmake/ament_cmake_export_libraries-extras.cmake
-- Symlinking: /robofuzz/ros2_foxy/install/tracetools/share/tracetools/cmake/tracetoolsConfig.cmake
-- Symlinking: /robofuzz/ros2_foxy/install/tracetools/share/tracetools/cmake/tracetoolsConfig-version.cmake
-- Symlinking: /robofuzz/ros2_foxy/install/tracetools/share/tracetools/package.xml
-- Installing: /robofuzz/ros2_foxy/install/tracetools/lib/libtracetools.so
-- Installing: /robofuzz/ros2_foxy/install/tracetools/share/tracetools/cmake/tracetools_exportExport.cmake
-- Installing: /robofuzz/ros2_foxy/install/tracetools/share/tracetools/cmake/tracetools_exportExport-noconfig.cmake
