-- The C compiler identification is GNU 9.4.0
-- The CXX compiler identification is GNU 9.4.0
-- Check for working C compiler: /usr/bin/cc
-- Check for working C compiler: /usr/bin/cc -- works
-- Detecting C compiler ABI info
-- Detecting C compiler ABI info - done
-- Detecting C compile features
-- Detecting C compile features - done
-- Check for working CXX compiler: /usr/bin/c++
-- Check for working CXX compiler: /usr/bin/c++ -- works
-- Detecting CXX compiler ABI info
-- Detecting CXX compiler ABI info - done
-- Detecting CXX compile features
-- Detecting CXX compile features - done
-- Found ament_cmake_ros: 0.9.2 (/robofuzz/ros2_foxy/install/ament_cmake_ros/share/ament_cmake_ros/cmake)
-- Found PythonInterp: /usr/bin/python3 (found suitable version "3.8.10", minimum required is "3") 
-- Using PYTHON_EXECUTABLE: /usr/bin/python3
-- Override CMake install command with custom implementation using symlinks instead of copying resources
-- Found tinyxml_vendor: 0.8.2 (/robofuzz/ros2_foxy/install/tinyxml_vendor/share/tinyxml_vendor/cmake)
-- Found TinyXML: /usr/lib/x86_64-linux-gnu/libtinyxml.so  
-- Found ament_cmake_cppcheck: 0.9.7 (/robofuzz/ros2_foxy/install/ament_cmake_cppcheck/share/ament_cmake_cppcheck/cmake)
-- Found ament_cmake_cpplint: 0.9.7 (/robofuzz/ros2_foxy/install/ament_cmake_cpplint/share/ament_cmake_cpplint/cmake)
-- Found ament_cmake_lint_cmake: 0.9.7 (/robofuzz/ros2_foxy/install/ament_cmake_lint_cmake/share/ament_cmake_lint_cmake/cmake)
-- Found ament_cmake_uncrustify: 0.9.7 (/robofuzz/ros2_foxy/install/ament_cmake_uncrustify/share/ament_cmake_uncrustify/cmake)
-- Configuring done
-- Generating done
-- Build files have been written to: /robofuzz/ros2_foxy/build/urdf
[35m[1mScanning dependencies of target urdf[0m
[ 50%] [32mBuilding CXX object CMakeFiles/urdf.dir/src/model.cpp.o[0m
[100%] [32m[1mLinking CXX shared library liburdf.so[0m
[100%] Built target urdf
-- Install configuration: ""
-- Execute custom install script
-- Symlinking: /robofuzz/ros2_foxy/install/urdf/include/urdf/urdfdom_compatibility.h
-- Symlinking: /robofuzz/ros2_foxy/install/urdf/include/urdf/model.h
-- Symlinking: /robofuzz/ros2_foxy/install/urdf/include/urdf/visibility_control.hpp
-- Symlinking: /robofuzz/ros2_foxy/install/urdf/share/urdf/environment/library_path.sh
-- Symlinking: /robofuzz/ros2_foxy/install/urdf/share/urdf/environment/library_path.dsv
-- Symlinking: /robofuzz/ros2_foxy/install/urdf/share/ament_index/resource_index/package_run_dependencies/urdf
-- Symlinking: /robofuzz/ros2_foxy/install/urdf/share/ament_index/resource_index/parent_prefix_path/urdf
-- Symlinking: /robofuzz/ros2_foxy/install/urdf/share/urdf/environment/ament_prefix_path.sh
-- Symlinking: /robofuzz/ros2_foxy/install/urdf/share/urdf/environment/ament_prefix_path.dsv
-- Symlinking: /robofuzz/ros2_foxy/install/urdf/share/urdf/environment/path.sh
-- Symlinking: /robofuzz/ros2_foxy/install/urdf/share/urdf/environment/path.dsv
-- Symlinking: /robofuzz/ros2_foxy/install/urdf/share/urdf/local_setup.bash
-- Symlinking: /robofuzz/ros2_foxy/install/urdf/share/urdf/local_setup.sh
-- Symlinking: /robofuzz/ros2_foxy/install/urdf/share/urdf/local_setup.zsh
-- Symlinking: /robofuzz/ros2_foxy/install/urdf/share/urdf/local_setup.dsv
-- Symlinking: /robofuzz/ros2_foxy/install/urdf/share/urdf/package.dsv
-- Symlinking: /robofuzz/ros2_foxy/install/urdf/share/ament_index/resource_index/packages/urdf
-- Symlinking: /robofuzz/ros2_foxy/install/urdf/share/urdf/cmake/ament_cmake_export_libraries-extras.cmake
-- Symlinking: /robofuzz/ros2_foxy/install/urdf/share/urdf/cmake/ament_cmake_export_targets-extras.cmake
-- Symlinking: /robofuzz/ros2_foxy/install/urdf/share/urdf/cmake/ament_cmake_export_include_directories-extras.cmake
-- Symlinking: /robofuzz/ros2_foxy/install/urdf/share/urdf/cmake/ament_cmake_export_dependencies-extras.cmake
-- Symlinking: /robofuzz/ros2_foxy/install/urdf/share/urdf/cmake/urdfConfig.cmake
-- Symlinking: /robofuzz/ros2_foxy/install/urdf/share/urdf/cmake/urdfConfig-version.cmake
-- Symlinking: /robofuzz/ros2_foxy/install/urdf/share/urdf/package.xml
-- Installing: /robofuzz/ros2_foxy/install/urdf/lib/liburdf.so
-- Set runtime path of "/robofuzz/ros2_foxy/install/urdf/lib/liburdf.so" to ""
-- Installing: /robofuzz/ros2_foxy/install/urdf/share/urdf/cmake/urdfExport.cmake
-- Installing: /robofuzz/ros2_foxy/install/urdf/share/urdf/cmake/urdfExport-noconfig.cmake
