running develop
running egg_info
creating src/rqt_topic.egg-info
writing src/rqt_topic.egg-info/PKG-INFO
writing dependency_links to src/rqt_topic.egg-info/dependency_links.txt
writing entry points to src/rqt_topic.egg-info/entry_points.txt
writing requirements to src/rqt_topic.egg-info/requires.txt
writing top-level names to src/rqt_topic.egg-info/top_level.txt
writing manifest file 'src/rqt_topic.egg-info/SOURCES.txt'
reading manifest file 'src/rqt_topic.egg-info/SOURCES.txt'
writing manifest file 'src/rqt_topic.egg-info/SOURCES.txt'
running build_ext
Creating /robofuzz/ros2_foxy/install/rqt_topic/lib/python3.8/site-packages/site.py
Creating /robofuzz/ros2_foxy/install/rqt_topic/lib/python3.8/site-packages/rqt-topic.egg-link (link to src)
Installing rqt_topic script to /robofuzz/ros2_foxy/install/rqt_topic/lib/rqt_topic

Installed /robofuzz/ros2_foxy/build/rqt_topic/src
running install_data
creating /robofuzz/ros2_foxy/install/rqt_topic/share/ament_index
creating /robofuzz/ros2_foxy/install/rqt_topic/share/ament_index/resource_index
creating /robofuzz/ros2_foxy/install/rqt_topic/share/ament_index/resource_index/packages
copying resource/rqt_topic -> /robofuzz/ros2_foxy/install/rqt_topic/share/ament_index/resource_index/packages
creating /robofuzz/ros2_foxy/install/rqt_topic/share/rqt_topic/resource
copying resource/TopicWidget.ui -> /robofuzz/ros2_foxy/install/rqt_topic/share/rqt_topic/resource
copying package.xml -> /robofuzz/ros2_foxy/install/rqt_topic/share/rqt_topic
copying plugin.xml -> /robofuzz/ros2_foxy/install/rqt_topic/share/rqt_topic
