running develop
running egg_info
creating src/rqt_service_caller.egg-info
writing src/rqt_service_caller.egg-info/PKG-INFO
writing dependency_links to src/rqt_service_caller.egg-info/dependency_links.txt
writing entry points to src/rqt_service_caller.egg-info/entry_points.txt
writing requirements to src/rqt_service_caller.egg-info/requires.txt
writing top-level names to src/rqt_service_caller.egg-info/top_level.txt
writing manifest file 'src/rqt_service_caller.egg-info/SOURCES.txt'
reading manifest file 'src/rqt_service_caller.egg-info/SOURCES.txt'
writing manifest file 'src/rqt_service_caller.egg-info/SOURCES.txt'
running build_ext
Creating /robofuzz/ros2_foxy/install/rqt_service_caller/lib/python3.8/site-packages/site.py
Creating /robofuzz/ros2_foxy/install/rqt_service_caller/lib/python3.8/site-packages/rqt-service-caller.egg-link (link to src)
Installing rqt_service_caller script to /robofuzz/ros2_foxy/install/rqt_service_caller/lib/rqt_service_caller

Installed /robofuzz/ros2_foxy/build/rqt_service_caller/src
running install_data
creating /robofuzz/ros2_foxy/install/rqt_service_caller/share/ament_index
creating /robofuzz/ros2_foxy/install/rqt_service_caller/share/ament_index/resource_index
creating /robofuzz/ros2_foxy/install/rqt_service_caller/share/ament_index/resource_index/packages
copying resource/rqt_service_caller -> /robofuzz/ros2_foxy/install/rqt_service_caller/share/ament_index/resource_index/packages
creating /robofuzz/ros2_foxy/install/rqt_service_caller/share/rqt_service_caller/resource
copying resource/ServiceCaller.ui -> /robofuzz/ros2_foxy/install/rqt_service_caller/share/rqt_service_caller/resource
copying package.xml -> /robofuzz/ros2_foxy/install/rqt_service_caller/share/rqt_service_caller
copying plugin.xml -> /robofuzz/ros2_foxy/install/rqt_service_caller/share/rqt_service_caller
