[0.153s] Invoking command in '/robofuzz/ros2_foxy/build/gmock_vendor': CMAKE_PREFIX_PATH=/robofuzz/ros2_foxy/install/gtest_vendor:/robofuzz/targets/moveit2_ws/install/moveit2_tutorials:/robofuzz/targets/moveit2_ws/install/moveit_visual_tools:/robofuzz/targets/moveit2_ws/install/rviz_visual_tools:/robofuzz/targets/turtlebot3_ws/install/turtlebot3:/robofuzz/targets/turtlebot3_ws/install/turtlebot3_simulations:/robofuzz/targets/turtlebot3_ws/install/turtlebot3_bringup:/robofuzz/targets/turtlebot3_ws/install/turtlebot3_node:/robofuzz/targets/turtlebot3_ws/install/turtlebot3_navigation2:/robofuzz/targets/turtlebot3_ws/install/turtlebot3_fake_node:/robofuzz/targets/turtlebot3_ws/install/turtlebot3_msgs:/robofuzz/targets/turtlebot3_ws/install/turtlebot3_gazebo:/robofuzz/targets/turtlebot3_ws/install/turtlebot3_description:/robofuzz/targets/turtlebot3_ws/install/turtlebot3_cartographer:/robofuzz/targets/turtlebot3_ws/install/hls_lfcd_lds_driver:/robofuzz/targets/turtlebot3_ws/install/dynamixel_sdk_examples:/robofuzz/targets/turtlebot3_ws/install/dynamixel_sdk_custom_interfaces:/robofuzz/targets/turtlebot3_ws/install/dynamixel_sdk:/robofuzz/targets/idltest_ws/install/idltest_target:/robofuzz/targets/idltest_ws/install/idltest_msgs:/robofuzz/targets/px4_ros_com_ros2/install/px4_ros_com:/robofuzz/targets/px4_ros_com_ros2/install/px4_msgs:/robofuzz/targets/turtlebot3_ws/install/turtlebot3_teleop:/robofuzz/targets/turtlebot3_ws/install/turtlebot3_example:/opt/ros/foxy PKG_CONFIG_PATH=/robofuzz/ros2_foxy/install/gtest_vendor/lib/x86_64-linux-gnu/pkgconfig:/robofuzz/ros2_foxy/install/gtest_vendor/lib/pkgconfig /usr/bin/cmake --build /robofuzz/ros2_foxy/build/gmock_vendor -- -j12 -l12
[0.207s] Invoked command in '/robofuzz/ros2_foxy/build/gmock_vendor' returned '0': CMAKE_PREFIX_PATH=/robofuzz/ros2_foxy/install/gtest_vendor:/robofuzz/targets/moveit2_ws/install/moveit2_tutorials:/robofuzz/targets/moveit2_ws/install/moveit_visual_tools:/robofuzz/targets/moveit2_ws/install/rviz_visual_tools:/robofuzz/targets/turtlebot3_ws/install/turtlebot3:/robofuzz/targets/turtlebot3_ws/install/turtlebot3_simulations:/robofuzz/targets/turtlebot3_ws/install/turtlebot3_bringup:/robofuzz/targets/turtlebot3_ws/install/turtlebot3_node:/robofuzz/targets/turtlebot3_ws/install/turtlebot3_navigation2:/robofuzz/targets/turtlebot3_ws/install/turtlebot3_fake_node:/robofuzz/targets/turtlebot3_ws/install/turtlebot3_msgs:/robofuzz/targets/turtlebot3_ws/install/turtlebot3_gazebo:/robofuzz/targets/turtlebot3_ws/install/turtlebot3_description:/robofuzz/targets/turtlebot3_ws/install/turtlebot3_cartographer:/robofuzz/targets/turtlebot3_ws/install/hls_lfcd_lds_driver:/robofuzz/targets/turtlebot3_ws/install/dynamixel_sdk_examples:/robofuzz/targets/turtlebot3_ws/install/dynamixel_sdk_custom_interfaces:/robofuzz/targets/turtlebot3_ws/install/dynamixel_sdk:/robofuzz/targets/idltest_ws/install/idltest_target:/robofuzz/targets/idltest_ws/install/idltest_msgs:/robofuzz/targets/px4_ros_com_ros2/install/px4_ros_com:/robofuzz/targets/px4_ros_com_ros2/install/px4_msgs:/robofuzz/targets/turtlebot3_ws/install/turtlebot3_teleop:/robofuzz/targets/turtlebot3_ws/install/turtlebot3_example:/opt/ros/foxy PKG_CONFIG_PATH=/robofuzz/ros2_foxy/install/gtest_vendor/lib/x86_64-linux-gnu/pkgconfig:/robofuzz/ros2_foxy/install/gtest_vendor/lib/pkgconfig /usr/bin/cmake --build /robofuzz/ros2_foxy/build/gmock_vendor -- -j12 -l12
[0.237s] Invoking command in '/robofuzz/ros2_foxy/build/gmock_vendor': CMAKE_PREFIX_PATH=/robofuzz/ros2_foxy/install/gtest_vendor:/robofuzz/targets/moveit2_ws/install/moveit2_tutorials:/robofuzz/targets/moveit2_ws/install/moveit_visual_tools:/robofuzz/targets/moveit2_ws/install/rviz_visual_tools:/robofuzz/targets/turtlebot3_ws/install/turtlebot3:/robofuzz/targets/turtlebot3_ws/install/turtlebot3_simulations:/robofuzz/targets/turtlebot3_ws/install/turtlebot3_bringup:/robofuzz/targets/turtlebot3_ws/install/turtlebot3_node:/robofuzz/targets/turtlebot3_ws/install/turtlebot3_navigation2:/robofuzz/targets/turtlebot3_ws/install/turtlebot3_fake_node:/robofuzz/targets/turtlebot3_ws/install/turtlebot3_msgs:/robofuzz/targets/turtlebot3_ws/install/turtlebot3_gazebo:/robofuzz/targets/turtlebot3_ws/install/turtlebot3_description:/robofuzz/targets/turtlebot3_ws/install/turtlebot3_cartographer:/robofuzz/targets/turtlebot3_ws/install/hls_lfcd_lds_driver:/robofuzz/targets/turtlebot3_ws/install/dynamixel_sdk_examples:/robofuzz/targets/turtlebot3_ws/install/dynamixel_sdk_custom_interfaces:/robofuzz/targets/turtlebot3_ws/install/dynamixel_sdk:/robofuzz/targets/idltest_ws/install/idltest_target:/robofuzz/targets/idltest_ws/install/idltest_msgs:/robofuzz/targets/px4_ros_com_ros2/install/px4_ros_com:/robofuzz/targets/px4_ros_com_ros2/install/px4_msgs:/robofuzz/targets/turtlebot3_ws/install/turtlebot3_teleop:/robofuzz/targets/turtlebot3_ws/install/turtlebot3_example:/opt/ros/foxy PKG_CONFIG_PATH=/robofuzz/ros2_foxy/install/gtest_vendor/lib/x86_64-linux-gnu/pkgconfig:/robofuzz/ros2_foxy/install/gtest_vendor/lib/pkgconfig /usr/bin/cmake --install /robofuzz/ros2_foxy/build/gmock_vendor
[0.249s] -- Install configuration: ""
[0.249s] -- Up-to-date: /robofuzz/ros2_foxy/install/gmock_vendor/share/gmock_vendor/cmake/gmock_vendorConfig.cmake
[0.249s] -- Up-to-date: /robofuzz/ros2_foxy/install/gmock_vendor/share/gmock_vendor/package.xml
[0.249s] -- Up-to-date: /robofuzz/ros2_foxy/install/gmock_vendor/src/gmock_vendor/CMakeLists.txt
[0.250s] -- Up-to-date: /robofuzz/ros2_foxy/install/gmock_vendor/src/gmock_vendor/include/gmock
[0.250s] -- Up-to-date: /robofuzz/ros2_foxy/install/gmock_vendor/src/gmock_vendor/include/gmock/internal
[0.250s] -- Up-to-date: /robofuzz/ros2_foxy/install/gmock_vendor/src/gmock_vendor/include/gmock/internal/gmock-generated-internal-utils.h.pump
[0.250s] -- Up-to-date: /robofuzz/ros2_foxy/install/gmock_vendor/src/gmock_vendor/include/gmock/internal/custom
[0.251s] -- Up-to-date: /robofuzz/ros2_foxy/install/gmock_vendor/src/gmock_vendor/include/gmock/internal/custom/README.md
[0.251s] -- Up-to-date: /robofuzz/ros2_foxy/install/gmock_vendor/src/gmock_vendor/include/gmock/internal/custom/gmock-matchers.h
[0.251s] -- Up-to-date: /robofuzz/ros2_foxy/install/gmock_vendor/src/gmock_vendor/include/gmock/internal/custom/gmock-port.h
[0.251s] -- Up-to-date: /robofuzz/ros2_foxy/install/gmock_vendor/src/gmock_vendor/include/gmock/internal/custom/gmock-generated-actions.h
[0.252s] -- Up-to-date: /robofuzz/ros2_foxy/install/gmock_vendor/src/gmock_vendor/include/gmock/internal/custom/gmock-generated-actions.h.pump
[0.252s] -- Up-to-date: /robofuzz/ros2_foxy/install/gmock_vendor/src/gmock_vendor/include/gmock/internal/gmock-generated-internal-utils.h
[0.252s] -- Up-to-date: /robofuzz/ros2_foxy/install/gmock_vendor/src/gmock_vendor/include/gmock/internal/gmock-port.h
[0.252s] -- Up-to-date: /robofuzz/ros2_foxy/install/gmock_vendor/src/gmock_vendor/include/gmock/internal/gmock-internal-utils.h
[0.252s] -- Up-to-date: /robofuzz/ros2_foxy/install/gmock_vendor/src/gmock_vendor/include/gmock/internal/gmock-pp.h
[0.252s] -- Up-to-date: /robofuzz/ros2_foxy/install/gmock_vendor/src/gmock_vendor/include/gmock/gmock-generated-matchers.h
[0.253s] -- Up-to-date: /robofuzz/ros2_foxy/install/gmock_vendor/src/gmock_vendor/include/gmock/gmock-matchers.h
[0.253s] -- Up-to-date: /robofuzz/ros2_foxy/install/gmock_vendor/src/gmock_vendor/include/gmock/gmock-generated-nice-strict.h
[0.253s] -- Up-to-date: /robofuzz/ros2_foxy/install/gmock_vendor/src/gmock_vendor/include/gmock/gmock-spec-builders.h
[0.254s] -- Up-to-date: /robofuzz/ros2_foxy/install/gmock_vendor/src/gmock_vendor/include/gmock/gmock-more-actions.h
[0.254s] -- Up-to-date: /robofuzz/ros2_foxy/install/gmock_vendor/src/gmock_vendor/include/gmock/gmock-generated-function-mockers.h
[0.255s] -- Up-to-date: /robofuzz/ros2_foxy/install/gmock_vendor/src/gmock_vendor/include/gmock/gmock-generated-actions.h
[0.258s] -- Up-to-date: /robofuzz/ros2_foxy/install/gmock_vendor/src/gmock_vendor/include/gmock/gmock-generated-actions.h.pump
[0.259s] -- Up-to-date: /robofuzz/ros2_foxy/install/gmock_vendor/src/gmock_vendor/include/gmock/gmock-actions.h
[0.259s] -- Up-to-date: /robofuzz/ros2_foxy/install/gmock_vendor/src/gmock_vendor/include/gmock/gmock-more-matchers.h
[0.259s] -- Up-to-date: /robofuzz/ros2_foxy/install/gmock_vendor/src/gmock_vendor/include/gmock/gmock-function-mocker.h
[0.259s] -- Up-to-date: /robofuzz/ros2_foxy/install/gmock_vendor/src/gmock_vendor/include/gmock/gmock-cardinalities.h
[0.259s] -- Up-to-date: /robofuzz/ros2_foxy/install/gmock_vendor/src/gmock_vendor/include/gmock/gmock.h
[0.259s] -- Up-to-date: /robofuzz/ros2_foxy/install/gmock_vendor/src/gmock_vendor/include/gmock/gmock-generated-matchers.h.pump
[0.260s] -- Up-to-date: /robofuzz/ros2_foxy/install/gmock_vendor/src/gmock_vendor/include/gmock/gmock-generated-function-mockers.h.pump
[0.261s] -- Up-to-date: /robofuzz/ros2_foxy/install/gmock_vendor/src/gmock_vendor/include/gmock/gmock-generated-nice-strict.h.pump
[0.261s] -- Up-to-date: /robofuzz/ros2_foxy/install/gmock_vendor/src/gmock_vendor/src
[0.262s] -- Up-to-date: /robofuzz/ros2_foxy/install/gmock_vendor/src/gmock_vendor/src/gmock-cardinalities.cc
[0.262s] -- Up-to-date: /robofuzz/ros2_foxy/install/gmock_vendor/src/gmock_vendor/src/gmock-all.cc
[0.262s] -- Up-to-date: /robofuzz/ros2_foxy/install/gmock_vendor/src/gmock_vendor/src/gmock-spec-builders.cc
[0.262s] -- Up-to-date: /robofuzz/ros2_foxy/install/gmock_vendor/src/gmock_vendor/src/gmock.cc
[0.262s] -- Up-to-date: /robofuzz/ros2_foxy/install/gmock_vendor/src/gmock_vendor/src/gmock_main.cc
[0.262s] -- Up-to-date: /robofuzz/ros2_foxy/install/gmock_vendor/src/gmock_vendor/src/gmock-internal-utils.cc
[0.263s] -- Up-to-date: /robofuzz/ros2_foxy/install/gmock_vendor/src/gmock_vendor/src/gmock-matchers.cc
[0.263s] Invoked command in '/robofuzz/ros2_foxy/build/gmock_vendor' returned '0': CMAKE_PREFIX_PATH=/robofuzz/ros2_foxy/install/gtest_vendor:/robofuzz/targets/moveit2_ws/install/moveit2_tutorials:/robofuzz/targets/moveit2_ws/install/moveit_visual_tools:/robofuzz/targets/moveit2_ws/install/rviz_visual_tools:/robofuzz/targets/turtlebot3_ws/install/turtlebot3:/robofuzz/targets/turtlebot3_ws/install/turtlebot3_simulations:/robofuzz/targets/turtlebot3_ws/install/turtlebot3_bringup:/robofuzz/targets/turtlebot3_ws/install/turtlebot3_node:/robofuzz/targets/turtlebot3_ws/install/turtlebot3_navigation2:/robofuzz/targets/turtlebot3_ws/install/turtlebot3_fake_node:/robofuzz/targets/turtlebot3_ws/install/turtlebot3_msgs:/robofuzz/targets/turtlebot3_ws/install/turtlebot3_gazebo:/robofuzz/targets/turtlebot3_ws/install/turtlebot3_description:/robofuzz/targets/turtlebot3_ws/install/turtlebot3_cartographer:/robofuzz/targets/turtlebot3_ws/install/hls_lfcd_lds_driver:/robofuzz/targets/turtlebot3_ws/install/dynamixel_sdk_examples:/robofuzz/targets/turtlebot3_ws/install/dynamixel_sdk_custom_interfaces:/robofuzz/targets/turtlebot3_ws/install/dynamixel_sdk:/robofuzz/targets/idltest_ws/install/idltest_target:/robofuzz/targets/idltest_ws/install/idltest_msgs:/robofuzz/targets/px4_ros_com_ros2/install/px4_ros_com:/robofuzz/targets/px4_ros_com_ros2/install/px4_msgs:/robofuzz/targets/turtlebot3_ws/install/turtlebot3_teleop:/robofuzz/targets/turtlebot3_ws/install/turtlebot3_example:/opt/ros/foxy PKG_CONFIG_PATH=/robofuzz/ros2_foxy/install/gtest_vendor/lib/x86_64-linux-gnu/pkgconfig:/robofuzz/ros2_foxy/install/gtest_vendor/lib/pkgconfig /usr/bin/cmake --install /robofuzz/ros2_foxy/build/gmock_vendor
