running develop
running egg_info
creating ament_pclint.egg-info
writing ament_pclint.egg-info/PKG-INFO
writing dependency_links to ament_pclint.egg-info/dependency_links.txt
writing entry points to ament_pclint.egg-info/entry_points.txt
writing requirements to ament_pclint.egg-info/requires.txt
writing top-level names to ament_pclint.egg-info/top_level.txt
writing manifest file 'ament_pclint.egg-info/SOURCES.txt'
reading manifest file 'ament_pclint.egg-info/SOURCES.txt'
writing manifest file 'ament_pclint.egg-info/SOURCES.txt'
running build_ext
Creating /robofuzz/ros2_foxy/install/ament_pclint/lib/python3.8/site-packages/site.py
Creating /robofuzz/ros2_foxy/install/ament_pclint/lib/python3.8/site-packages/ament-pclint.egg-link (link to .)
Installing ament_pclint script to /robofuzz/ros2_foxy/install/ament_pclint/bin

Installed /robofuzz/ros2_foxy/build/ament_pclint
running install_data
copying package.xml -> /robofuzz/ros2_foxy/install/ament_pclint/share/ament_pclint
creating /robofuzz/ros2_foxy/install/ament_pclint/share/ament_index
creating /robofuzz/ros2_foxy/install/ament_pclint/share/ament_index/resource_index
creating /robofuzz/ros2_foxy/install/ament_pclint/share/ament_index/resource_index/packages
copying resource/ament_pclint -> /robofuzz/ros2_foxy/install/ament_pclint/share/ament_index/resource_index/packages
