[2.014s] Invoking command in '/robofuzz/ros2_foxy/build/ament_pclint': AMENT_PREFIX_PATH=/robofuzz/ros2_foxy/install/ament_copyright:/robofuzz/ros2_foxy/install/ament_pep257:/robofuzz/ros2_foxy/install/ament_flake8:/robofuzz/ros2_foxy/install/ament_lint:${AMENT_PREFIX_PATH} PATH=/robofuzz/ros2_foxy/install/ament_copyright/bin:/robofuzz/ros2_foxy/install/ament_pep257/bin:/robofuzz/ros2_foxy/install/ament_flake8/bin:${PATH} PYTHONPATH=/robofuzz/ros2_foxy/install/ament_pclint/lib/python3.8/site-packages:/robofuzz/ros2_foxy/build/ament_copyright:/robofuzz/ros2_foxy/install/ament_copyright/lib/python3.8/site-packages:/robofuzz/ros2_foxy/build/ament_pep257:/robofuzz/ros2_foxy/install/ament_pep257/lib/python3.8/site-packages:/robofuzz/ros2_foxy/build/ament_flake8:/robofuzz/ros2_foxy/install/ament_flake8/lib/python3.8/site-packages:/robofuzz/ros2_foxy/build/ament_lint:/robofuzz/ros2_foxy/install/ament_lint/lib/python3.8/site-packages:${PYTHONPATH} /usr/bin/python3 setup.py develop --prefix /robofuzz/ros2_foxy/install/ament_pclint --editable --build-directory /robofuzz/ros2_foxy/build/ament_pclint/build --no-deps install_data --install-dir /robofuzz/ros2_foxy/install/ament_pclint
[2.684s] running develop
[3.040s] running egg_info
[3.040s] creating ament_pclint.egg-info
[3.040s] writing ament_pclint.egg-info/PKG-INFO
[3.041s] writing dependency_links to ament_pclint.egg-info/dependency_links.txt
[3.041s] writing entry points to ament_pclint.egg-info/entry_points.txt
[3.041s] writing requirements to ament_pclint.egg-info/requires.txt
[3.042s] writing top-level names to ament_pclint.egg-info/top_level.txt
[3.045s] writing manifest file 'ament_pclint.egg-info/SOURCES.txt'
[3.143s] reading manifest file 'ament_pclint.egg-info/SOURCES.txt'
[3.145s] writing manifest file 'ament_pclint.egg-info/SOURCES.txt'
[3.256s] running build_ext
[3.257s] Creating /robofuzz/ros2_foxy/install/ament_pclint/lib/python3.8/site-packages/site.py
[3.262s] Creating /robofuzz/ros2_foxy/install/ament_pclint/lib/python3.8/site-packages/ament-pclint.egg-link (link to .)
[3.264s] Installing ament_pclint script to /robofuzz/ros2_foxy/install/ament_pclint/bin
[3.265s] 
[3.265s] Installed /robofuzz/ros2_foxy/build/ament_pclint
[3.265s] running install_data
[3.266s] copying package.xml -> /robofuzz/ros2_foxy/install/ament_pclint/share/ament_pclint
[3.266s] creating /robofuzz/ros2_foxy/install/ament_pclint/share/ament_index
[3.266s] creating /robofuzz/ros2_foxy/install/ament_pclint/share/ament_index/resource_index
[3.267s] creating /robofuzz/ros2_foxy/install/ament_pclint/share/ament_index/resource_index/packages
[3.267s] copying resource/ament_pclint -> /robofuzz/ros2_foxy/install/ament_pclint/share/ament_index/resource_index/packages
[4.016s] Invoked command in '/robofuzz/ros2_foxy/build/ament_pclint' returned '0': AMENT_PREFIX_PATH=/robofuzz/ros2_foxy/install/ament_copyright:/robofuzz/ros2_foxy/install/ament_pep257:/robofuzz/ros2_foxy/install/ament_flake8:/robofuzz/ros2_foxy/install/ament_lint:${AMENT_PREFIX_PATH} PATH=/robofuzz/ros2_foxy/install/ament_copyright/bin:/robofuzz/ros2_foxy/install/ament_pep257/bin:/robofuzz/ros2_foxy/install/ament_flake8/bin:${PATH} PYTHONPATH=/robofuzz/ros2_foxy/install/ament_pclint/lib/python3.8/site-packages:/robofuzz/ros2_foxy/build/ament_copyright:/robofuzz/ros2_foxy/install/ament_copyright/lib/python3.8/site-packages:/robofuzz/ros2_foxy/build/ament_pep257:/robofuzz/ros2_foxy/install/ament_pep257/lib/python3.8/site-packages:/robofuzz/ros2_foxy/build/ament_flake8:/robofuzz/ros2_foxy/install/ament_flake8/lib/python3.8/site-packages:/robofuzz/ros2_foxy/build/ament_lint:/robofuzz/ros2_foxy/install/ament_lint/lib/python3.8/site-packages:${PYTHONPATH} /usr/bin/python3 setup.py develop --prefix /robofuzz/ros2_foxy/install/ament_pclint --editable --build-directory /robofuzz/ros2_foxy/build/ament_pclint/build --no-deps install_data --install-dir /robofuzz/ros2_foxy/install/ament_pclint
