-- The C compiler identification is GNU 9.4.0
-- The CXX compiler identification is GNU 9.4.0
-- Check for working C compiler: /usr/bin/cc
-- Check for working C compiler: /usr/bin/cc -- works
-- Detecting C compiler ABI info
-- Detecting C compiler ABI info - done
-- Detecting C compile features
-- Detecting C compile features - done
-- Check for working CXX compiler: /usr/bin/c++
-- Check for working CXX compiler: /usr/bin/c++ -- works
-- Detecting CXX compiler ABI info
-- Detecting CXX compiler ABI info - done
-- Detecting CXX compile features
-- Detecting CXX compile features - done
-- Found ament_cmake: 0.9.10 (/robofuzz/ros2_foxy/install/ament_cmake/share/ament_cmake/cmake)
-- Found PythonInterp: /usr/bin/python3 (found suitable version "3.8.10", minimum required is "3") 
-- Using PYTHON_EXECUTABLE: /usr/bin/python3
-- Override CMake install command with custom implementation using symlinks instead of copying resources
-- Found geometry_msgs: 2.0.5 (/robofuzz/ros2_foxy/install/geometry_msgs/share/geometry_msgs/cmake)
-- Using all available rosidl_typesupport_c: rosidl_typesupport_fastrtps_c;rosidl_typesupport_introspection_c
-- Found rosidl_adapter: 1.2.1 (/robofuzz/ros2_foxy/install/rosidl_adapter/share/rosidl_adapter/cmake)
-- Found OpenSSL: /usr/lib/x86_64-linux-gnu/libcrypto.so (found version "1.1.1f")  
-- Found FastRTPS: /robofuzz/ros2_foxy/install/fastrtps/include  
-- Using all available rosidl_typesupport_cpp: rosidl_typesupport_introspection_cpp;rosidl_typesupport_fastrtps_cpp
-- Found tf2: 0.13.13 (/robofuzz/ros2_foxy/install/tf2/share/tf2/cmake)
-- Found tf2_ros: 0.13.13 (/robofuzz/ros2_foxy/install/tf2_ros/share/tf2_ros/cmake)
-- Found rmw_implementation_cmake: 1.0.3 (/robofuzz/ros2_foxy/install/rmw_implementation_cmake/share/rmw_implementation_cmake/cmake)
-- Using RMW implementation 'rmw_fastrtps_cpp' as default
-- Looking for pthread.h
-- Looking for pthread.h - found
-- Performing Test CMAKE_HAVE_LIBC_PTHREAD
-- Performing Test CMAKE_HAVE_LIBC_PTHREAD - Failed
-- Looking for pthread_create in pthreads
-- Looking for pthread_create in pthreads - not found
-- Looking for pthread_create in pthread
-- Looking for pthread_create in pthread - found
-- Found Threads: TRUE  
-- Found Bullet: /usr/lib/x86_64-linux-gnu/libBulletDynamics.so  
-- Found ament_lint_auto: 0.9.7 (/robofuzz/ros2_foxy/install/ament_lint_auto/share/ament_lint_auto/cmake)
-- Found ament_cmake_cppcheck: 0.9.7 (/robofuzz/ros2_foxy/install/ament_cmake_cppcheck/share/ament_cmake_cppcheck/cmake)
-- Found gtest sources under '/robofuzz/ros2_foxy/install/gtest_vendor/src/gtest_vendor': C++ tests using 'Google Test' will be built
-- Check if compiler accepts -pthread
-- Check if compiler accepts -pthread - yes
-- Added test 'copyright' to check source files copyright and LICENSE
-- Added test 'cpplint' to check C / C++ code against the Google style
-- Configured cpplint exclude dirs and/or files: 
-- Added test 'lint_cmake' to check CMake code style
-- Added test 'uncrustify' to check C / C++ code style
-- Configured uncrustify additional arguments: 
-- Added test 'xmllint' to check XML markup files
-- Configuring done
-- Generating done
-- Build files have been written to: /robofuzz/ros2_foxy/build/tf2_bullet
[35m[1mScanning dependencies of target gtest[0m
[ 16%] [32mBuilding CXX object gtest/CMakeFiles/gtest.dir/src/gtest-all.cc.o[0m
[ 33%] [32m[1mLinking CXX static library libgtest.a[0m
[ 33%] Built target gtest
[35m[1mScanning dependencies of target gtest_main[0m
[ 50%] [32mBuilding CXX object gtest/CMakeFiles/gtest_main.dir/src/gtest_main.cc.o[0m
[ 66%] [32m[1mLinking CXX static library libgtest_main.a[0m
[ 66%] Built target gtest_main
[35m[1mScanning dependencies of target test_bullet[0m
[ 83%] [32mBuilding CXX object CMakeFiles/test_bullet.dir/test/test_tf2_bullet.cpp.o[0m
[100%] [32m[1mLinking CXX executable test_bullet[0m
[100%] Built target test_bullet
-- Install configuration: ""
-- Execute custom install script
-- Symlinking: /robofuzz/ros2_foxy/install/tf2_bullet/include/tf2_bullet/tf2_bullet.h
-- Symlinking: /robofuzz/ros2_foxy/install/tf2_bullet/include/tf2_bullet/tf2_bullet/tf2_bullet.h
-- Symlinking: /robofuzz/ros2_foxy/install/tf2_bullet/share/tf2_bullet/environment/library_path.sh
-- Symlinking: /robofuzz/ros2_foxy/install/tf2_bullet/share/tf2_bullet/environment/library_path.dsv
-- Symlinking: /robofuzz/ros2_foxy/install/tf2_bullet/share/ament_index/resource_index/package_run_dependencies/tf2_bullet
-- Symlinking: /robofuzz/ros2_foxy/install/tf2_bullet/share/ament_index/resource_index/parent_prefix_path/tf2_bullet
-- Symlinking: /robofuzz/ros2_foxy/install/tf2_bullet/share/tf2_bullet/environment/ament_prefix_path.sh
-- Symlinking: /robofuzz/ros2_foxy/install/tf2_bullet/share/tf2_bullet/environment/ament_prefix_path.dsv
-- Symlinking: /robofuzz/ros2_foxy/install/tf2_bullet/share/tf2_bullet/environment/path.sh
-- Symlinking: /robofuzz/ros2_foxy/install/tf2_bullet/share/tf2_bullet/environment/path.dsv
-- Symlinking: /robofuzz/ros2_foxy/install/tf2_bullet/share/tf2_bullet/local_setup.bash
-- Symlinking: /robofuzz/ros2_foxy/install/tf2_bullet/share/tf2_bullet/local_setup.sh
-- Symlinking: /robofuzz/ros2_foxy/install/tf2_bullet/share/tf2_bullet/local_setup.zsh
-- Symlinking: /robofuzz/ros2_foxy/install/tf2_bullet/share/tf2_bullet/local_setup.dsv
-- Symlinking: /robofuzz/ros2_foxy/install/tf2_bullet/share/tf2_bullet/package.dsv
-- Symlinking: /robofuzz/ros2_foxy/install/tf2_bullet/share/ament_index/resource_index/packages/tf2_bullet
-- Symlinking: /robofuzz/ros2_foxy/install/tf2_bullet/share/tf2_bullet/cmake/ament_cmake_export_include_directories-extras.cmake
-- Symlinking: /robofuzz/ros2_foxy/install/tf2_bullet/share/tf2_bullet/cmake/ament_cmake_export_libraries-extras.cmake
-- Symlinking: /robofuzz/ros2_foxy/install/tf2_bullet/share/tf2_bullet/cmake/tf2_bulletConfig.cmake
-- Symlinking: /robofuzz/ros2_foxy/install/tf2_bullet/share/tf2_bullet/cmake/tf2_bulletConfig-version.cmake
-- Symlinking: /robofuzz/ros2_foxy/install/tf2_bullet/share/tf2_bullet/package.xml
