-- The C compiler identification is GNU 9.4.0
-- The CXX compiler identification is GNU 9.4.0
-- Check for working C compiler: /usr/bin/cc
-- Check for working C compiler: /usr/bin/cc -- works
-- Detecting C compiler ABI info
-- Detecting C compiler ABI info - done
-- Detecting C compile features
-- Detecting C compile features - done
-- Check for working CXX compiler: /usr/bin/c++
-- Check for working CXX compiler: /usr/bin/c++ -- works
-- Detecting CXX compiler ABI info
-- Detecting CXX compiler ABI info - done
-- Detecting CXX compile features
-- Detecting CXX compile features - done
-- Found ament_cmake: 0.9.10 (/robofuzz/ros2_foxy/install/ament_cmake/share/ament_cmake/cmake)
-- Found PythonInterp: /usr/bin/python3 (found suitable version "3.8.10", minimum required is "3") 
-- Using PYTHON_EXECUTABLE: /usr/bin/python3
-- Override CMake install command with custom implementation using symlinks instead of copying resources
-- Found ament_cmake_ros: 0.9.2 (/robofuzz/ros2_foxy/install/ament_cmake_ros/share/ament_cmake_ros/cmake)
-- Found rcutils: 1.1.4 (/robofuzz/ros2_foxy/install/rcutils/share/rcutils/cmake)
-- Found ament_lint_auto: 0.9.7 (/robofuzz/ros2_foxy/install/ament_lint_auto/share/ament_lint_auto/cmake)
-- Found gtest sources under '/robofuzz/ros2_foxy/install/gtest_vendor/src/gtest_vendor': C++ tests using 'Google Test' will be built
-- Looking for pthread.h
-- Looking for pthread.h - found
-- Performing Test CMAKE_HAVE_LIBC_PTHREAD
-- Performing Test CMAKE_HAVE_LIBC_PTHREAD - Failed
-- Check if compiler accepts -pthread
-- Check if compiler accepts -pthread - yes
-- Found Threads: TRUE  
-- Added test 'copyright' to check source files copyright and LICENSE
-- Added test 'cppcheck' to perform static code analysis on C / C++ code
-- Configured cppcheck include dirs: /robofuzz/ros2_foxy/src/ros2/rcpputils/include;$<BUILD_INTERFACE:/robofuzz/ros2_foxy/src/ros2/rcpputils/include>
-- Configured cppcheck exclude dirs and/or files: 
-- Added test 'cpplint' to check C / C++ code against the Google style
-- Configured cpplint exclude dirs and/or files: 
-- Added test 'lint_cmake' to check CMake code style
-- Added test 'uncrustify' to check C / C++ code style
-- Configured uncrustify additional arguments: 
-- Added test 'xmllint' to check XML markup files
-- Configuring done
-- Generating done
-- Build files have been written to: /robofuzz/ros2_foxy/build/rcpputils
[35m[1mScanning dependencies of target gtest[0m
[  2%] [32mBuilding CXX object gtest/CMakeFiles/gtest.dir/src/gtest-all.cc.o[0m
[  4%] [32m[1mLinking CXX static library libgtest.a[0m
[  4%] Built target gtest
[35m[1mScanning dependencies of target dummy_shared_library[0m
[35m[1mScanning dependencies of target test_library[0m
[35m[1mScanning dependencies of target rcpputils[0m
[  7%] [32mBuilding C object CMakeFiles/dummy_shared_library.dir/test/dummy_shared_library/dummy_shared_library.c.o[0m
[  9%] [32mBuilding CXX object CMakeFiles/test_library.dir/test/test_library.cpp.o[0m
[ 16%] [32mBuilding CXX object CMakeFiles/rcpputils.dir/src/shared_library.cpp.o[0m
[ 16%] [32mBuilding CXX object CMakeFiles/rcpputils.dir/src/asserts.cpp.o[0m
[ 16%] [32mBuilding CXX object CMakeFiles/rcpputils.dir/src/find_library.cpp.o[0m
[ 19%] [32m[1mLinking CXX shared library libtest_library.so[0m
[ 21%] [32m[1mLinking C shared library libdummy_shared_library.so[0m
[ 21%] Built target test_library
[ 21%] Built target dummy_shared_library
[35m[1mScanning dependencies of target gtest_main[0m
[ 23%] [32mBuilding CXX object gtest/CMakeFiles/gtest_main.dir/src/gtest_main.cc.o[0m
[ 26%] [32m[1mLinking CXX shared library librcpputils.so[0m
[ 26%] Built target rcpputils
[ 28%] [32m[1mLinking CXX static library libgtest_main.a[0m
[ 28%] Built target gtest_main
[35m[1mScanning dependencies of target test_shared_library[0m
[35m[1mScanning dependencies of target test_clamp[0m
[35m[1mScanning dependencies of target test_find_library[0m
[ 30%] [32mBuilding CXX object CMakeFiles/test_clamp.dir/test/test_clamp.cpp.o[0m
[ 35%] [32mBuilding CXX object CMakeFiles/test_find_library.dir/test/test_find_library.cpp.o[0m
[ 35%] [32mBuilding CXX object CMakeFiles/test_shared_library.dir/test/test_shared_library.cpp.o[0m
[35m[1mScanning dependencies of target test_find_and_replace[0m
[ 38%] [32mBuilding CXX object CMakeFiles/test_find_and_replace.dir/test/test_find_and_replace.cpp.o[0m
[35m[1mScanning dependencies of target test_scope_exit[0m
[ 40%] [32mBuilding CXX object CMakeFiles/test_scope_exit.dir/test/test_scope_exit.cpp.o[0m
[ 42%] [32m[1mLinking CXX executable test_shared_library[0m
[ 45%] [32m[1mLinking CXX executable test_find_library[0m
[ 47%] [32m[1mLinking CXX executable test_clamp[0m
[ 47%] Built target test_find_library
[ 47%] Built target test_shared_library
[ 47%] Built target test_clamp
[ 50%] [32m[1mLinking CXX executable test_find_and_replace[0m
[ 50%] Built target test_find_and_replace
[ 52%] [32m[1mLinking CXX executable test_scope_exit[0m
[ 52%] Built target test_scope_exit
[35m[1mScanning dependencies of target test_pointer_traits[0m
[ 54%] [32mBuilding CXX object CMakeFiles/test_pointer_traits.dir/test/test_pointer_traits.cpp.o[0m
[ 57%] [32m[1mLinking CXX executable test_pointer_traits[0m
[ 57%] Built target test_pointer_traits
[35m[1mScanning dependencies of target test_filesystem_helper[0m
[ 59%] [32mBuilding CXX object CMakeFiles/test_filesystem_helper.dir/test/test_filesystem_helper.cpp.o[0m
[ 61%] [32m[1mLinking CXX executable test_filesystem_helper[0m
[ 61%] Built target test_filesystem_helper
[35m[1mScanning dependencies of target test_split[0m
[35m[1mScanning dependencies of target test_get_env[0m
[35m[1mScanning dependencies of target test_asserts_ndebug[0m
[ 64%] [32mBuilding CXX object CMakeFiles/test_get_env.dir/test/test_get_env.cpp.o[0m
[ 69%] [32mBuilding CXX object CMakeFiles/test_asserts_ndebug.dir/test/test_asserts.cpp.o[0m
[ 69%] [32mBuilding CXX object CMakeFiles/test_split.dir/test/test_split.cpp.o[0m
[ 71%] [32m[1mLinking CXX executable test_get_env[0m
[ 73%] [32m[1mLinking CXX executable test_asserts_ndebug[0m
[ 73%] Built target test_get_env
[35m[1mScanning dependencies of target test_thread_safety_annotations[0m
[35m[1mScanning dependencies of target test_join[0m
[ 76%] [32mBuilding CXX object CMakeFiles/test_join.dir/test/test_join.cpp.o[0m
[ 78%] [32mBuilding CXX object CMakeFiles/test_thread_safety_annotations.dir/test/test_thread_safety_annotations.cpp.o[0m
[ 78%] Built target test_asserts_ndebug
[ 80%] [32m[1mLinking CXX executable test_split[0m
[ 80%] Built target test_split
[ 83%] [32m[1mLinking CXX executable test_thread_safety_annotations[0m
[ 83%] Built target test_thread_safety_annotations
[ 85%] [32m[1mLinking CXX executable test_join[0m
[ 85%] Built target test_join
[35m[1mScanning dependencies of target test_asserts_debug[0m
[ 88%] [32mBuilding CXX object CMakeFiles/test_asserts_debug.dir/test/test_asserts.cpp.o[0m
[ 90%] [32m[1mLinking CXX executable test_asserts_debug[0m
[ 90%] Built target test_asserts_debug
[35m[1mScanning dependencies of target test_endian[0m
[ 92%] [32mBuilding CXX object CMakeFiles/test_endian.dir/test/test_endian.cpp.o[0m
[ 95%] [32m[1mLinking CXX executable test_endian[0m
[ 95%] Built target test_endian
[35m[1mScanning dependencies of target test_process[0m
[ 97%] [32mBuilding CXX object CMakeFiles/test_process.dir/test/test_process.cpp.o[0m
[100%] [32m[1mLinking CXX executable test_process[0m
[100%] Built target test_process
-- Install configuration: ""
-- Execute custom install script
-- Symlinking: /robofuzz/ros2_foxy/install/rcpputils/share/rcpputils/environment/library_path.sh
-- Symlinking: /robofuzz/ros2_foxy/install/rcpputils/share/rcpputils/environment/library_path.dsv
-- Symlinking: /robofuzz/ros2_foxy/install/rcpputils/share/ament_index/resource_index/package_run_dependencies/rcpputils
-- Symlinking: /robofuzz/ros2_foxy/install/rcpputils/share/ament_index/resource_index/parent_prefix_path/rcpputils
-- Symlinking: /robofuzz/ros2_foxy/install/rcpputils/share/rcpputils/environment/ament_prefix_path.sh
-- Symlinking: /robofuzz/ros2_foxy/install/rcpputils/share/rcpputils/environment/ament_prefix_path.dsv
-- Symlinking: /robofuzz/ros2_foxy/install/rcpputils/share/rcpputils/environment/path.sh
-- Symlinking: /robofuzz/ros2_foxy/install/rcpputils/share/rcpputils/environment/path.dsv
-- Symlinking: /robofuzz/ros2_foxy/install/rcpputils/share/rcpputils/local_setup.bash
-- Symlinking: /robofuzz/ros2_foxy/install/rcpputils/share/rcpputils/local_setup.sh
-- Symlinking: /robofuzz/ros2_foxy/install/rcpputils/share/rcpputils/local_setup.zsh
-- Symlinking: /robofuzz/ros2_foxy/install/rcpputils/share/rcpputils/local_setup.dsv
-- Symlinking: /robofuzz/ros2_foxy/install/rcpputils/share/rcpputils/package.dsv
-- Symlinking: /robofuzz/ros2_foxy/install/rcpputils/share/ament_index/resource_index/packages/rcpputils
-- Symlinking: /robofuzz/ros2_foxy/install/rcpputils/share/rcpputils/cmake/ament_cmake_export_include_directories-extras.cmake
-- Symlinking: /robofuzz/ros2_foxy/install/rcpputils/share/rcpputils/cmake/ament_cmake_export_libraries-extras.cmake
-- Symlinking: /robofuzz/ros2_foxy/install/rcpputils/share/rcpputils/cmake/ament_cmake_export_targets-extras.cmake
-- Symlinking: /robofuzz/ros2_foxy/install/rcpputils/share/rcpputils/cmake/ament_cmake_export_dependencies-extras.cmake
-- Symlinking: /robofuzz/ros2_foxy/install/rcpputils/share/rcpputils/cmake/rcpputilsConfig.cmake
-- Symlinking: /robofuzz/ros2_foxy/install/rcpputils/share/rcpputils/cmake/rcpputilsConfig-version.cmake
-- Symlinking: /robofuzz/ros2_foxy/install/rcpputils/share/rcpputils/package.xml
-- Symlinking: /robofuzz/ros2_foxy/install/rcpputils/include/rcppmath/clamp.hpp
-- Symlinking: /robofuzz/ros2_foxy/install/rcpputils/include/rcpputils/asserts.hpp
-- Symlinking: /robofuzz/ros2_foxy/install/rcpputils/include/rcpputils/endian.hpp
-- Symlinking: /robofuzz/ros2_foxy/install/rcpputils/include/rcpputils/filesystem_helper.hpp
-- Symlinking: /robofuzz/ros2_foxy/install/rcpputils/include/rcpputils/find_and_replace.hpp
-- Symlinking: /robofuzz/ros2_foxy/install/rcpputils/include/rcpputils/find_library.hpp
-- Symlinking: /robofuzz/ros2_foxy/install/rcpputils/include/rcpputils/get_env.hpp
-- Symlinking: /robofuzz/ros2_foxy/install/rcpputils/include/rcpputils/join.hpp
-- Symlinking: /robofuzz/ros2_foxy/install/rcpputils/include/rcpputils/pointer_traits.hpp
-- Symlinking: /robofuzz/ros2_foxy/install/rcpputils/include/rcpputils/process.hpp
-- Symlinking: /robofuzz/ros2_foxy/install/rcpputils/include/rcpputils/scope_exit.hpp
-- Symlinking: /robofuzz/ros2_foxy/install/rcpputils/include/rcpputils/shared_library.hpp
-- Symlinking: /robofuzz/ros2_foxy/install/rcpputils/include/rcpputils/split.hpp
-- Symlinking: /robofuzz/ros2_foxy/install/rcpputils/include/rcpputils/thread_safety_annotations.hpp
-- Symlinking: /robofuzz/ros2_foxy/install/rcpputils/include/rcpputils/visibility_control.hpp
-- Installing: /robofuzz/ros2_foxy/install/rcpputils/share/rcpputils/cmake/rcpputilsExport.cmake
-- Installing: /robofuzz/ros2_foxy/install/rcpputils/share/rcpputils/cmake/rcpputilsExport-noconfig.cmake
-- Installing: /robofuzz/ros2_foxy/install/rcpputils/lib/librcpputils.so
-- Set runtime path of "/robofuzz/ros2_foxy/install/rcpputils/lib/librcpputils.so" to ""
