running develop
running egg_info
creating ros2launch.egg-info
writing ros2launch.egg-info/PKG-INFO
writing dependency_links to ros2launch.egg-info/dependency_links.txt
writing entry points to ros2launch.egg-info/entry_points.txt
writing requirements to ros2launch.egg-info/requires.txt
writing top-level names to ros2launch.egg-info/top_level.txt
writing manifest file 'ros2launch.egg-info/SOURCES.txt'
reading manifest file 'ros2launch.egg-info/SOURCES.txt'
writing manifest file 'ros2launch.egg-info/SOURCES.txt'
running build_ext
Creating /robofuzz/ros2_foxy/install/ros2launch/lib/python3.8/site-packages/site.py
Creating /robofuzz/ros2_foxy/install/ros2launch/lib/python3.8/site-packages/ros2launch.egg-link (link to .)

Installed /robofuzz/ros2_foxy/build/ros2launch
running install_data
copying package.xml -> /robofuzz/ros2_foxy/install/ros2launch/share/ros2launch
creating /robofuzz/ros2_foxy/install/ros2launch/share/ament_index
creating /robofuzz/ros2_foxy/install/ros2launch/share/ament_index/resource_index
creating /robofuzz/ros2_foxy/install/ros2launch/share/ament_index/resource_index/packages
copying resource/ros2launch -> /robofuzz/ros2_foxy/install/ros2launch/share/ament_index/resource_index/packages
