[0.135s] Invoking command in '/robofuzz/targets/rcl_lang_ws/build/rclcpp_create_node': CMAKE_PREFIX_PATH=${CMAKE_PREFIX_PATH}:/robofuzz/targets/turtlebot3_ws/install/turtlebot3_teleop:/robofuzz/targets/turtlebot3_ws/install/turtlebot3_example:/opt/ros/foxy /usr/bin/cmake /robofuzz/targets/rcl_lang_ws/src/rclcpp_create_node -DAMENT_CMAKE_SYMLINK_INSTALL=1 -DCMAKE_INSTALL_PREFIX=/robofuzz/targets/rcl_lang_ws/install/rclcpp_create_node
[2.106s] -- The C compiler identification is GNU 9.4.0
[2.108s] -- The CXX compiler identification is GNU 9.4.0
[2.110s] -- Check for working C compiler: /usr/bin/cc
[2.111s] -- Check for working C compiler: /usr/bin/cc -- works
[2.112s] -- Detecting C compiler ABI info
[2.112s] -- Detecting C compiler ABI info - done
[2.115s] -- Detecting C compile features
[2.115s] -- Detecting C compile features - done
[2.116s] -- Check for working CXX compiler: /usr/bin/c++
[2.118s] -- Check for working CXX compiler: /usr/bin/c++ -- works
[2.119s] -- Detecting CXX compiler ABI info
[2.120s] -- Detecting CXX compiler ABI info - done
[2.121s] -- Detecting CXX compile features
[2.121s] -- Detecting CXX compile features - done
[2.122s] -- Found ament_cmake: 0.9.9 (/opt/ros/foxy/share/ament_cmake/cmake)
[2.122s] -- Found PythonInterp: /usr/bin/python3 (found suitable version "3.8.10", minimum required is "3") 
[2.122s] -- Using PYTHON_EXECUTABLE: /usr/bin/python3
[2.125s] -- Override CMake install command with custom implementation using symlinks instead of copying resources
[2.125s] -- Found rclcpp: 2.4.1 (/opt/ros/foxy/share/rclcpp/cmake)
[2.127s] -- Using all available rosidl_typesupport_c: rosidl_typesupport_fastrtps_c;rosidl_typesupport_introspection_c
[2.128s] -- Found rosidl_adapter: 1.2.1 (/opt/ros/foxy/share/rosidl_adapter/cmake)
[2.128s] -- Found OpenSSL: /usr/lib/x86_64-linux-gnu/libcrypto.so (found version "1.1.1f")  
[2.132s] -- Found FastRTPS: /opt/ros/foxy/include  
[2.133s] -- Using all available rosidl_typesupport_cpp: rosidl_typesupport_fastrtps_cpp;rosidl_typesupport_introspection_cpp
[2.133s] -- Found rmw_implementation_cmake: 1.0.3 (/opt/ros/foxy/share/rmw_implementation_cmake/cmake)
[2.134s] -- Using RMW implementation 'rmw_fastrtps_cpp' as default
[2.134s] -- Looking for pthread.h
[2.134s] -- Looking for pthread.h - found
[2.134s] -- Performing Test CMAKE_HAVE_LIBC_PTHREAD
[2.136s] -- Performing Test CMAKE_HAVE_LIBC_PTHREAD - Failed
[2.136s] -- Looking for pthread_create in pthreads
[2.173s] -- Looking for pthread_create in pthreads - not found
[2.173s] -- Looking for pthread_create in pthread
[2.310s] -- Looking for pthread_create in pthread - found
[2.313s] -- Found Threads: TRUE  
[2.863s] -- Found ament_lint_auto: 0.9.6 (/opt/ros/foxy/share/ament_lint_auto/cmake)
[3.097s] -- Added test 'copyright' to check source files copyright and LICENSE
[3.100s] -- Added test 'cppcheck' to perform static code analysis on C / C++ code
[3.100s] -- Configured cppcheck include dirs: 
[3.100s] -- Configured cppcheck exclude dirs and/or files: 
[3.102s] -- Added test 'cpplint' to check C / C++ code against the Google style
[3.102s] -- Configured cpplint exclude dirs and/or files: 
[3.104s] -- Added test 'lint_cmake' to check CMake code style
[3.106s] -- Added test 'uncrustify' to check C / C++ code style
[3.107s] -- Configured uncrustify additional arguments: 
[3.108s] -- Added test 'xmllint' to check XML markup files
[3.121s] -- Configuring done
[3.145s] -- Generating done
[3.147s] -- Build files have been written to: /robofuzz/targets/rcl_lang_ws/build/rclcpp_create_node
[3.175s] Invoked command in '/robofuzz/targets/rcl_lang_ws/build/rclcpp_create_node' returned '0': CMAKE_PREFIX_PATH=${CMAKE_PREFIX_PATH}:/robofuzz/targets/turtlebot3_ws/install/turtlebot3_teleop:/robofuzz/targets/turtlebot3_ws/install/turtlebot3_example:/opt/ros/foxy /usr/bin/cmake /robofuzz/targets/rcl_lang_ws/src/rclcpp_create_node -DAMENT_CMAKE_SYMLINK_INSTALL=1 -DCMAKE_INSTALL_PREFIX=/robofuzz/targets/rcl_lang_ws/install/rclcpp_create_node
[3.181s] Invoking command in '/robofuzz/targets/rcl_lang_ws/build/rclcpp_create_node': CMAKE_PREFIX_PATH=${CMAKE_PREFIX_PATH}:/robofuzz/targets/turtlebot3_ws/install/turtlebot3_teleop:/robofuzz/targets/turtlebot3_ws/install/turtlebot3_example:/opt/ros/foxy /usr/bin/cmake --build /robofuzz/targets/rcl_lang_ws/build/rclcpp_create_node -- -j12 -l12
[3.286s] [35m[1mScanning dependencies of target rclcpp_create_node[0m
[3.381s] [ 50%] [32mBuilding CXX object CMakeFiles/rclcpp_create_node.dir/node.cpp.o[0m
[5.823s] [100%] [32m[1mLinking CXX executable rclcpp_create_node[0m
[5.985s] [100%] Built target rclcpp_create_node
[5.999s] Invoked command in '/robofuzz/targets/rcl_lang_ws/build/rclcpp_create_node' returned '0': CMAKE_PREFIX_PATH=${CMAKE_PREFIX_PATH}:/robofuzz/targets/turtlebot3_ws/install/turtlebot3_teleop:/robofuzz/targets/turtlebot3_ws/install/turtlebot3_example:/opt/ros/foxy /usr/bin/cmake --build /robofuzz/targets/rcl_lang_ws/build/rclcpp_create_node -- -j12 -l12
[6.049s] Invoking command in '/robofuzz/targets/rcl_lang_ws/build/rclcpp_create_node': CMAKE_PREFIX_PATH=${CMAKE_PREFIX_PATH}:/robofuzz/targets/turtlebot3_ws/install/turtlebot3_teleop:/robofuzz/targets/turtlebot3_ws/install/turtlebot3_example:/opt/ros/foxy /usr/bin/cmake --install /robofuzz/targets/rcl_lang_ws/build/rclcpp_create_node
[6.059s] -- Install configuration: ""
[6.060s] -- Execute custom install script
[6.060s] -- Symlinking: /robofuzz/targets/rcl_lang_ws/install/rclcpp_create_node/lib/rclcpp_create_node/rclcpp_create_node
[6.072s] -- Symlinking: /robofuzz/targets/rcl_lang_ws/install/rclcpp_create_node/share/ament_index/resource_index/package_run_dependencies/rclcpp_create_node
[6.084s] -- Symlinking: /robofuzz/targets/rcl_lang_ws/install/rclcpp_create_node/share/ament_index/resource_index/parent_prefix_path/rclcpp_create_node
[6.096s] -- Symlinking: /robofuzz/targets/rcl_lang_ws/install/rclcpp_create_node/share/rclcpp_create_node/environment/ament_prefix_path.sh
[6.107s] -- Symlinking: /robofuzz/targets/rcl_lang_ws/install/rclcpp_create_node/share/rclcpp_create_node/environment/ament_prefix_path.dsv
[6.119s] -- Symlinking: /robofuzz/targets/rcl_lang_ws/install/rclcpp_create_node/share/rclcpp_create_node/environment/path.sh
[6.130s] -- Symlinking: /robofuzz/targets/rcl_lang_ws/install/rclcpp_create_node/share/rclcpp_create_node/environment/path.dsv
[6.142s] -- Symlinking: /robofuzz/targets/rcl_lang_ws/install/rclcpp_create_node/share/rclcpp_create_node/local_setup.bash
[6.153s] -- Symlinking: /robofuzz/targets/rcl_lang_ws/install/rclcpp_create_node/share/rclcpp_create_node/local_setup.sh
[6.166s] -- Symlinking: /robofuzz/targets/rcl_lang_ws/install/rclcpp_create_node/share/rclcpp_create_node/local_setup.zsh
[6.178s] -- Symlinking: /robofuzz/targets/rcl_lang_ws/install/rclcpp_create_node/share/rclcpp_create_node/local_setup.dsv
[6.189s] -- Symlinking: /robofuzz/targets/rcl_lang_ws/install/rclcpp_create_node/share/rclcpp_create_node/package.dsv
[6.200s] -- Symlinking: /robofuzz/targets/rcl_lang_ws/install/rclcpp_create_node/share/ament_index/resource_index/packages/rclcpp_create_node
[6.211s] -- Symlinking: /robofuzz/targets/rcl_lang_ws/install/rclcpp_create_node/share/rclcpp_create_node/cmake/rclcpp_create_nodeConfig.cmake
[6.223s] -- Symlinking: /robofuzz/targets/rcl_lang_ws/install/rclcpp_create_node/share/rclcpp_create_node/cmake/rclcpp_create_nodeConfig-version.cmake
[6.234s] -- Symlinking: /robofuzz/targets/rcl_lang_ws/install/rclcpp_create_node/share/rclcpp_create_node/package.xml
[6.251s] Invoked command in '/robofuzz/targets/rcl_lang_ws/build/rclcpp_create_node' returned '0': CMAKE_PREFIX_PATH=${CMAKE_PREFIX_PATH}:/robofuzz/targets/turtlebot3_ws/install/turtlebot3_teleop:/robofuzz/targets/turtlebot3_ws/install/turtlebot3_example:/opt/ros/foxy /usr/bin/cmake --install /robofuzz/targets/rcl_lang_ws/build/rclcpp_create_node
