running develop
running egg_info
creating ament_xmllint.egg-info
writing ament_xmllint.egg-info/PKG-INFO
writing dependency_links to ament_xmllint.egg-info/dependency_links.txt
writing entry points to ament_xmllint.egg-info/entry_points.txt
writing requirements to ament_xmllint.egg-info/requires.txt
writing top-level names to ament_xmllint.egg-info/top_level.txt
writing manifest file 'ament_xmllint.egg-info/SOURCES.txt'
reading manifest file 'ament_xmllint.egg-info/SOURCES.txt'
writing manifest file 'ament_xmllint.egg-info/SOURCES.txt'
running build_ext
Creating /robofuzz/ros2_foxy/install/ament_xmllint/lib/python3.8/site-packages/site.py
Creating /robofuzz/ros2_foxy/install/ament_xmllint/lib/python3.8/site-packages/ament-xmllint.egg-link (link to .)
Installing ament_xmllint script to /robofuzz/ros2_foxy/install/ament_xmllint/bin

Installed /robofuzz/ros2_foxy/build/ament_xmllint
running install_data
copying package.xml -> /robofuzz/ros2_foxy/install/ament_xmllint/share/ament_xmllint
creating /robofuzz/ros2_foxy/install/ament_xmllint/share/ament_index
creating /robofuzz/ros2_foxy/install/ament_xmllint/share/ament_index/resource_index
creating /robofuzz/ros2_foxy/install/ament_xmllint/share/ament_index/resource_index/packages
copying resource/ament_xmllint -> /robofuzz/ros2_foxy/install/ament_xmllint/share/ament_index/resource_index/packages
