[0.111s] Invoking command in '/robofuzz/targets/rcl_lang_ws/build/rclcpp_publisher': CMAKE_PREFIX_PATH=${CMAKE_PREFIX_PATH}:/robofuzz/targets/turtlebot3_ws/install/turtlebot3_teleop:/robofuzz/targets/turtlebot3_ws/install/turtlebot3_example:/opt/ros/foxy /usr/bin/cmake --build /robofuzz/targets/rcl_lang_ws/build/rclcpp_publisher -- -j12 -l12
[1.493s] [100%] Built target rclcpp_publisher
[1.503s] Invoked command in '/robofuzz/targets/rcl_lang_ws/build/rclcpp_publisher' returned '0': CMAKE_PREFIX_PATH=${CMAKE_PREFIX_PATH}:/robofuzz/targets/turtlebot3_ws/install/turtlebot3_teleop:/robofuzz/targets/turtlebot3_ws/install/turtlebot3_example:/opt/ros/foxy /usr/bin/cmake --build /robofuzz/targets/rcl_lang_ws/build/rclcpp_publisher -- -j12 -l12
[1.594s] Invoking command in '/robofuzz/targets/rcl_lang_ws/build/rclcpp_publisher': CMAKE_PREFIX_PATH=${CMAKE_PREFIX_PATH}:/robofuzz/targets/turtlebot3_ws/install/turtlebot3_teleop:/robofuzz/targets/turtlebot3_ws/install/turtlebot3_example:/opt/ros/foxy /usr/bin/cmake --install /robofuzz/targets/rcl_lang_ws/build/rclcpp_publisher
[1.608s] -- Install configuration: ""
[1.609s] -- Execute custom install script
[1.610s] -- Up-to-date symlink: /robofuzz/targets/rcl_lang_ws/install/rclcpp_publisher/lib/rclcpp_publisher/rclcpp_publisher
[1.611s] -- Up-to-date symlink: /robofuzz/targets/rcl_lang_ws/install/rclcpp_publisher/share/ament_index/resource_index/package_run_dependencies/rclcpp_publisher
[1.612s] -- Up-to-date symlink: /robofuzz/targets/rcl_lang_ws/install/rclcpp_publisher/share/ament_index/resource_index/parent_prefix_path/rclcpp_publisher
[1.613s] -- Up-to-date symlink: /robofuzz/targets/rcl_lang_ws/install/rclcpp_publisher/share/rclcpp_publisher/environment/ament_prefix_path.sh
[1.616s] -- Up-to-date symlink: /robofuzz/targets/rcl_lang_ws/install/rclcpp_publisher/share/rclcpp_publisher/environment/ament_prefix_path.dsv
[1.619s] -- Up-to-date symlink: /robofuzz/targets/rcl_lang_ws/install/rclcpp_publisher/share/rclcpp_publisher/environment/path.sh
[1.620s] -- Up-to-date symlink: /robofuzz/targets/rcl_lang_ws/install/rclcpp_publisher/share/rclcpp_publisher/environment/path.dsv
[1.620s] -- Up-to-date symlink: /robofuzz/targets/rcl_lang_ws/install/rclcpp_publisher/share/rclcpp_publisher/local_setup.bash
[1.621s] -- Up-to-date symlink: /robofuzz/targets/rcl_lang_ws/install/rclcpp_publisher/share/rclcpp_publisher/local_setup.sh
[1.621s] -- Up-to-date symlink: /robofuzz/targets/rcl_lang_ws/install/rclcpp_publisher/share/rclcpp_publisher/local_setup.zsh
[1.622s] -- Up-to-date symlink: /robofuzz/targets/rcl_lang_ws/install/rclcpp_publisher/share/rclcpp_publisher/local_setup.dsv
[1.622s] -- Symlinking: /robofuzz/targets/rcl_lang_ws/install/rclcpp_publisher/share/rclcpp_publisher/package.dsv
[1.639s] -- Up-to-date symlink: /robofuzz/targets/rcl_lang_ws/install/rclcpp_publisher/share/ament_index/resource_index/packages/rclcpp_publisher
[1.640s] -- Up-to-date symlink: /robofuzz/targets/rcl_lang_ws/install/rclcpp_publisher/share/rclcpp_publisher/cmake/rclcpp_publisherConfig.cmake
[1.641s] -- Up-to-date symlink: /robofuzz/targets/rcl_lang_ws/install/rclcpp_publisher/share/rclcpp_publisher/cmake/rclcpp_publisherConfig-version.cmake
[1.642s] -- Up-to-date symlink: /robofuzz/targets/rcl_lang_ws/install/rclcpp_publisher/share/rclcpp_publisher/package.xml
[1.714s] Invoked command in '/robofuzz/targets/rcl_lang_ws/build/rclcpp_publisher' returned '0': CMAKE_PREFIX_PATH=${CMAKE_PREFIX_PATH}:/robofuzz/targets/turtlebot3_ws/install/turtlebot3_teleop:/robofuzz/targets/turtlebot3_ws/install/turtlebot3_example:/opt/ros/foxy /usr/bin/cmake --install /robofuzz/targets/rcl_lang_ws/build/rclcpp_publisher
