-- The C compiler identification is GNU 9.4.0
-- The CXX compiler identification is GNU 9.4.0
-- Check for working C compiler: /usr/bin/cc
-- Check for working C compiler: /usr/bin/cc -- works
-- Detecting C compiler ABI info
-- Detecting C compiler ABI info - done
-- Detecting C compile features
-- Detecting C compile features - done
-- Check for working CXX compiler: /usr/bin/c++
-- Check for working CXX compiler: /usr/bin/c++ -- works
-- Detecting CXX compiler ABI info
-- Detecting CXX compiler ABI info - done
-- Detecting CXX compile features
-- Detecting CXX compile features - done
-- Found ament_cmake: 0.9.10 (/robofuzz/ros2_foxy/install/ament_cmake/share/ament_cmake/cmake)
-- Found PythonInterp: /usr/bin/python3 (found suitable version "3.8.10", minimum required is "3") 
-- Using PYTHON_EXECUTABLE: /usr/bin/python3
-- Override CMake install command with custom implementation using symlinks instead of copying resources
-- Found rcpputils: 1.3.2 (/robofuzz/ros2_foxy/install/rcpputils/share/rcpputils/cmake)
-- Found rmw: 1.0.3 (/robofuzz/ros2_foxy/install/rmw/share/rmw/cmake)
-- Found rosidl_default_generators: 1.0.1 (/robofuzz/ros2_foxy/install/rosidl_default_generators/share/rosidl_default_generators/cmake)
-- Using all available rosidl_typesupport_c: rosidl_typesupport_fastrtps_c;rosidl_typesupport_introspection_c
-- Found rosidl_adapter: 1.2.1 (/robofuzz/ros2_foxy/install/rosidl_adapter/share/rosidl_adapter/cmake)
-- Found OpenSSL: /usr/lib/x86_64-linux-gnu/libcrypto.so (found version "1.1.1f")  
-- Found FastRTPS: /robofuzz/ros2_foxy/install/fastrtps/include  
-- Using all available rosidl_typesupport_cpp: rosidl_typesupport_introspection_cpp;rosidl_typesupport_fastrtps_cpp
-- Found PythonInterp: /usr/bin/python3 (found version "3.8.10") 
-- Found ament_cmake_ros: 0.9.2 (/robofuzz/ros2_foxy/install/ament_cmake_ros/share/ament_cmake_ros/cmake)
-- Using all available rosidl_typesupport_c: rosidl_typesupport_fastrtps_c;rosidl_typesupport_introspection_c
-- Using all available rosidl_typesupport_cpp: rosidl_typesupport_introspection_cpp;rosidl_typesupport_fastrtps_cpp
-- Found PythonInterp: /usr/bin/python3 (found suitable version "3.8.10", minimum required is "3.5") 
-- Found python_cmake_module: 0.8.1 (/robofuzz/ros2_foxy/install/python_cmake_module/share/python_cmake_module/cmake)
-- Found PythonLibs: /usr/lib/x86_64-linux-gnu/libpython3.8.so (found suitable version "3.8.10", minimum required is "3.5") 
-- Using PYTHON_EXECUTABLE: /usr/bin/python3
-- Using PYTHON_INCLUDE_DIRS: /usr/include/python3.8
-- Using PYTHON_LIBRARIES: /usr/lib/x86_64-linux-gnu/libpython3.8.so
-- Found PythonExtra: .so  
-- Found ament_lint_auto: 0.9.7 (/robofuzz/ros2_foxy/install/ament_lint_auto/share/ament_lint_auto/cmake)
-- Found gmock sources under '/robofuzz/ros2_foxy/install/gmock_vendor/src/gmock_vendor': C++ tests using 'Google Mock' will be built
-- Found gtest sources under '/robofuzz/ros2_foxy/install/gtest_vendor/src/gtest_vendor': C++ tests using 'Google Test' will be built
-- Performance tests are disabled by default, so Google Benchmark tests will be skipped. To enable these tests, set the CMake variable 'AMENT_RUN_PERFORMANCE_TESTS'.
-- Added test 'copyright' to check source files copyright and LICENSE
-- Added test 'cppcheck' to perform static code analysis on C / C++ code
-- Configured cppcheck include dirs: /robofuzz/ros2_foxy/install/performance_test_fixture/include;$<BUILD_INTERFACE:/robofuzz/ros2_foxy/src/ros2/rmw_dds_common/rmw_dds_common/include>
-- Configured cppcheck exclude dirs and/or files: 
-- Added test 'cpplint' to check C / C++ code against the Google style
-- Configured cpplint exclude dirs and/or files: 
-- Added test 'lint_cmake' to check CMake code style
-- Added test 'uncrustify' to check C / C++ code style
-- Configured uncrustify additional arguments: 
-- Added test 'xmllint' to check XML markup files
-- Configuring done
-- Generating done
-- Build files have been written to: /robofuzz/ros2_foxy/build/rmw_dds_common
[35m[1mScanning dependencies of target rmw_dds_common__cpp[0m
[35m[1mScanning dependencies of target gmock[0m
[  1%] [34m[1mGenerating C code for ROS interfaces[0m
[35m[1mScanning dependencies of target gmock_main[0m
[  3%] [34m[1mGenerating C++ code for ROS interfaces[0m
[  4%] [32mBuilding CXX object gmock/CMakeFiles/gmock_main.dir/src/gmock_main.cc.o[0m
[  6%] [32mBuilding CXX object gmock/CMakeFiles/gmock.dir/robofuzz/ros2_foxy/install/gtest_vendor/src/gtest_vendor/src/gtest-all.cc.o[0m
[  8%] [32mBuilding CXX object gmock/CMakeFiles/gmock.dir/src/gmock-all.cc.o[0m
[35m[1mScanning dependencies of target rmw_dds_common__rosidl_generator_c[0m
[  8%] Built target rmw_dds_common__cpp
[  9%] [32mBuilding C object CMakeFiles/rmw_dds_common__rosidl_generator_c.dir/rosidl_generator_c/rmw_dds_common/msg/detail/gid__functions.c.o[0m
[ 11%] [34m[1mGenerating C++ type support dispatch for ROS interfaces[0m
[ 13%] [34m[1mGenerating C++ type support for eProsima Fast-RTPS[0m
[ 14%] [32mBuilding C object CMakeFiles/rmw_dds_common__rosidl_generator_c.dir/rosidl_generator_c/rmw_dds_common/msg/detail/node_entities_info__functions.c.o[0m
[ 16%] [34m[1mGenerating C++ introspection for ROS interfaces[0m
[ 18%] [32mBuilding C object CMakeFiles/rmw_dds_common__rosidl_generator_c.dir/rosidl_generator_c/rmw_dds_common/msg/detail/participant_entities_info__functions.c.o[0m
[ 19%] [32m[1mLinking C shared library librmw_dds_common__rosidl_generator_c.so[0m
[ 19%] Built target rmw_dds_common__rosidl_generator_c
[ 21%] [34m[1mGenerating C introspection for ROS interfaces[0m
[ 22%] [34m[1mGenerating C type support dispatch for ROS interfaces[0m
[35m[1mScanning dependencies of target rmw_dds_common__rosidl_typesupport_cpp[0m
[ 24%] [32mBuilding CXX object CMakeFiles/rmw_dds_common__rosidl_typesupport_cpp.dir/rosidl_typesupport_cpp/rmw_dds_common/msg/gid__type_support.cpp.o[0m
[ 26%] [32m[1mLinking CXX static library libgmock_main.a[0m
[ 27%] [32mBuilding CXX object CMakeFiles/rmw_dds_common__rosidl_typesupport_cpp.dir/rosidl_typesupport_cpp/rmw_dds_common/msg/participant_entities_info__type_support.cpp.o[0m
[ 29%] [32mBuilding CXX object CMakeFiles/rmw_dds_common__rosidl_typesupport_cpp.dir/rosidl_typesupport_cpp/rmw_dds_common/msg/node_entities_info__type_support.cpp.o[0m
[ 29%] Built target gmock_main
[35m[1mScanning dependencies of target rmw_dds_common__rosidl_typesupport_introspection_cpp[0m
[ 31%] [32mBuilding CXX object CMakeFiles/rmw_dds_common__rosidl_typesupport_introspection_cpp.dir/rosidl_typesupport_introspection_cpp/rmw_dds_common/msg/detail/participant_entities_info__type_support.cpp.o[0m
[ 32%] [32mBuilding CXX object CMakeFiles/rmw_dds_common__rosidl_typesupport_introspection_cpp.dir/rosidl_typesupport_introspection_cpp/rmw_dds_common/msg/detail/node_entities_info__type_support.cpp.o[0m
[ 34%] [32mBuilding CXX object CMakeFiles/rmw_dds_common__rosidl_typesupport_introspection_cpp.dir/rosidl_typesupport_introspection_cpp/rmw_dds_common/msg/detail/gid__type_support.cpp.o[0m
[35m[1mScanning dependencies of target rmw_dds_common__rosidl_typesupport_introspection_c[0m
[35m[1mScanning dependencies of target rmw_dds_common__rosidl_typesupport_fastrtps_cpp[0m
[ 36%] [32mBuilding C object CMakeFiles/rmw_dds_common__rosidl_typesupport_introspection_c.dir/rosidl_typesupport_introspection_c/rmw_dds_common/msg/detail/participant_entities_info__type_support.c.o[0m
[35m[1mScanning dependencies of target rmw_dds_common__rosidl_typesupport_c[0m
[ 37%] [32mBuilding C object CMakeFiles/rmw_dds_common__rosidl_typesupport_introspection_c.dir/rosidl_typesupport_introspection_c/rmw_dds_common/msg/detail/node_entities_info__type_support.c.o[0m
[ 39%] [32mBuilding C object CMakeFiles/rmw_dds_common__rosidl_typesupport_introspection_c.dir/rosidl_typesupport_introspection_c/rmw_dds_common/msg/detail/gid__type_support.c.o[0m
[ 40%] [32mBuilding CXX object CMakeFiles/rmw_dds_common__rosidl_typesupport_fastrtps_cpp.dir/rosidl_typesupport_fastrtps_cpp/rmw_dds_common/msg/detail/dds_fastrtps/gid__type_support.cpp.o[0m
[ 42%] [32mBuilding CXX object CMakeFiles/rmw_dds_common__rosidl_typesupport_c.dir/rosidl_typesupport_c/rmw_dds_common/msg/gid__type_support.cpp.o[0m
[ 44%] [32mBuilding CXX object CMakeFiles/rmw_dds_common__rosidl_typesupport_c.dir/rosidl_typesupport_c/rmw_dds_common/msg/node_entities_info__type_support.cpp.o[0m
[ 47%] [32mBuilding CXX object CMakeFiles/rmw_dds_common__rosidl_typesupport_fastrtps_cpp.dir/rosidl_typesupport_fastrtps_cpp/rmw_dds_common/msg/detail/dds_fastrtps/node_entities_info__type_support.cpp.o[0m
[ 47%] [32m[1mLinking C shared library librmw_dds_common__rosidl_typesupport_introspection_c.so[0m
[ 49%] [32mBuilding CXX object CMakeFiles/rmw_dds_common__rosidl_typesupport_fastrtps_cpp.dir/rosidl_typesupport_fastrtps_cpp/rmw_dds_common/msg/detail/dds_fastrtps/participant_entities_info__type_support.cpp.o[0m
[ 50%] [32mBuilding CXX object CMakeFiles/rmw_dds_common__rosidl_typesupport_c.dir/rosidl_typesupport_c/rmw_dds_common/msg/participant_entities_info__type_support.cpp.o[0m
[ 50%] Built target rmw_dds_common__rosidl_typesupport_introspection_c
[ 52%] [32m[1mLinking CXX shared library librmw_dds_common__rosidl_typesupport_cpp.so[0m
[ 54%] [32m[1mLinking CXX shared library librmw_dds_common__rosidl_typesupport_c.so[0m
[ 54%] Built target rmw_dds_common__rosidl_typesupport_c
[ 54%] Built target rmw_dds_common__rosidl_typesupport_cpp
[ 55%] [32m[1mLinking CXX shared library librmw_dds_common__rosidl_typesupport_introspection_cpp.so[0m
[ 55%] Built target rmw_dds_common__rosidl_typesupport_introspection_cpp
[ 57%] [32m[1mLinking CXX shared library librmw_dds_common__rosidl_typesupport_fastrtps_cpp.so[0m
[ 57%] Built target rmw_dds_common__rosidl_typesupport_fastrtps_cpp
[ 59%] [34m[1mGenerating C type support for eProsima Fast-RTPS[0m
[35m[1mScanning dependencies of target rmw_dds_common__rosidl_typesupport_fastrtps_c[0m
[ 62%] [32mBuilding CXX object CMakeFiles/rmw_dds_common__rosidl_typesupport_fastrtps_c.dir/rosidl_typesupport_fastrtps_c/rmw_dds_common/msg/detail/gid__type_support_c.cpp.o[0m
[ 62%] [32mBuilding CXX object CMakeFiles/rmw_dds_common__rosidl_typesupport_fastrtps_c.dir/rosidl_typesupport_fastrtps_c/rmw_dds_common/msg/detail/participant_entities_info__type_support_c.cpp.o[0m
[ 63%] [32mBuilding CXX object CMakeFiles/rmw_dds_common__rosidl_typesupport_fastrtps_c.dir/rosidl_typesupport_fastrtps_c/rmw_dds_common/msg/detail/node_entities_info__type_support_c.cpp.o[0m
[ 65%] [32m[1mLinking CXX shared library librmw_dds_common__rosidl_typesupport_fastrtps_c.so[0m
[ 65%] Built target rmw_dds_common__rosidl_typesupport_fastrtps_c
[35m[1mScanning dependencies of target rmw_dds_common[0m
[ 65%] Built target rmw_dds_common
[35m[1mScanning dependencies of target rmw_dds_common_library[0m
[35m[1mScanning dependencies of target rmw_dds_common__py[0m
[ 67%] [34m[1mGenerating Python code for ROS interfaces[0m
[ 68%] [32mBuilding CXX object CMakeFiles/rmw_dds_common_library.dir/src/gid_utils.cpp.o[0m
[ 70%] [32mBuilding CXX object CMakeFiles/rmw_dds_common_library.dir/src/graph_cache.cpp.o[0m
[ 72%] [32m[1mLinking CXX static library libgmock.a[0m
[ 72%] Built target gmock
[ 72%] Built target rmw_dds_common__py
[35m[1mScanning dependencies of target rmw_dds_common__python[0m
[ 73%] [32mBuilding C object CMakeFiles/rmw_dds_common__python.dir/rosidl_generator_py/rmw_dds_common/msg/_gid_s.c.o[0m
[ 75%] [32mBuilding C object CMakeFiles/rmw_dds_common__python.dir/rosidl_generator_py/rmw_dds_common/msg/_participant_entities_info_s.c.o[0m
[ 77%] [32mBuilding C object CMakeFiles/rmw_dds_common__python.dir/rosidl_generator_py/rmw_dds_common/msg/_node_entities_info_s.c.o[0m
[ 78%] [32m[1mLinking C shared library rosidl_generator_py/rmw_dds_common/librmw_dds_common__python.so[0m
[ 78%] Built target rmw_dds_common__python
[35m[1mScanning dependencies of target rmw_dds_common__rosidl_typesupport_fastrtps_c__pyext[0m
[35m[1mScanning dependencies of target rmw_dds_common__rosidl_typesupport_c__pyext[0m
[35m[1mScanning dependencies of target rmw_dds_common__rosidl_typesupport_introspection_c__pyext[0m
[ 80%] [32mBuilding C object CMakeFiles/rmw_dds_common__rosidl_typesupport_fastrtps_c__pyext.dir/rosidl_generator_py/rmw_dds_common/_rmw_dds_common_s.ep.rosidl_typesupport_fastrtps_c.c.o[0m
[ 81%] [32mBuilding C object CMakeFiles/rmw_dds_common__rosidl_typesupport_introspection_c__pyext.dir/rosidl_generator_py/rmw_dds_common/_rmw_dds_common_s.ep.rosidl_typesupport_introspection_c.c.o[0m
[ 83%] [32mBuilding C object CMakeFiles/rmw_dds_common__rosidl_typesupport_c__pyext.dir/rosidl_generator_py/rmw_dds_common/_rmw_dds_common_s.ep.rosidl_typesupport_c.c.o[0m
[ 85%] [32m[1mLinking C shared library rosidl_generator_py/rmw_dds_common/rmw_dds_common_s__rosidl_typesupport_c.cpython-38-x86_64-linux-gnu.so[0m
[ 86%] [32m[1mLinking C shared library rosidl_generator_py/rmw_dds_common/rmw_dds_common_s__rosidl_typesupport_introspection_c.cpython-38-x86_64-linux-gnu.so[0m
[ 88%] [32m[1mLinking CXX shared library rosidl_generator_py/rmw_dds_common/rmw_dds_common_s__rosidl_typesupport_fastrtps_c.cpython-38-x86_64-linux-gnu.so[0m
[ 88%] Built target rmw_dds_common__rosidl_typesupport_c__pyext
[ 88%] Built target rmw_dds_common__rosidl_typesupport_introspection_c__pyext
[ 88%] Built target rmw_dds_common__rosidl_typesupport_fastrtps_c__pyext
[ 90%] [32m[1mLinking CXX shared library librmw_dds_common.so[0m
[ 90%] Built target rmw_dds_common_library
[35m[1mScanning dependencies of target test_gid_utils[0m
[35m[1mScanning dependencies of target benchmark_graph_cache[0m
[35m[1mScanning dependencies of target test_graph_cache[0m
[ 93%] [32mBuilding CXX object CMakeFiles/test_gid_utils.dir/test/test_gid_utils.cpp.o[0m
[ 93%] [32mBuilding CXX object CMakeFiles/benchmark_graph_cache.dir/test/benchmark/benchmark_graph_cache.cpp.o[0m
[ 95%] [32mBuilding CXX object CMakeFiles/test_graph_cache.dir/test/test_graph_cache.cpp.o[0m
[ 96%] [32m[1mLinking CXX executable test_gid_utils[0m
[ 96%] Built target test_gid_utils
[ 98%] [32m[1mLinking CXX executable benchmark_graph_cache[0m
[ 98%] Built target benchmark_graph_cache
[100%] [32m[1mLinking CXX executable test_graph_cache[0m
[100%] Built target test_graph_cache
-- Install configuration: ""
-- Execute custom install script
-- Symlinking: /robofuzz/ros2_foxy/install/rmw_dds_common/share/ament_index/resource_index/rosidl_interfaces/rmw_dds_common
-- Symlinking: /robofuzz/ros2_foxy/install/rmw_dds_common/include/rmw_dds_common/msg/detail/gid__functions.h
-- Symlinking: /robofuzz/ros2_foxy/install/rmw_dds_common/include/rmw_dds_common/msg/detail/gid__struct.h
-- Symlinking: /robofuzz/ros2_foxy/install/rmw_dds_common/include/rmw_dds_common/msg/detail/gid__type_support.h
-- Symlinking: /robofuzz/ros2_foxy/install/rmw_dds_common/include/rmw_dds_common/msg/detail/node_entities_info__functions.h
-- Symlinking: /robofuzz/ros2_foxy/install/rmw_dds_common/include/rmw_dds_common/msg/detail/node_entities_info__struct.h
-- Symlinking: /robofuzz/ros2_foxy/install/rmw_dds_common/include/rmw_dds_common/msg/detail/node_entities_info__type_support.h
-- Symlinking: /robofuzz/ros2_foxy/install/rmw_dds_common/include/rmw_dds_common/msg/detail/participant_entities_info__functions.h
-- Symlinking: /robofuzz/ros2_foxy/install/rmw_dds_common/include/rmw_dds_common/msg/detail/participant_entities_info__struct.h
-- Symlinking: /robofuzz/ros2_foxy/install/rmw_dds_common/include/rmw_dds_common/msg/detail/participant_entities_info__type_support.h
-- Symlinking: /robofuzz/ros2_foxy/install/rmw_dds_common/include/rmw_dds_common/msg/gid.h
-- Symlinking: /robofuzz/ros2_foxy/install/rmw_dds_common/include/rmw_dds_common/msg/node_entities_info.h
-- Symlinking: /robofuzz/ros2_foxy/install/rmw_dds_common/include/rmw_dds_common/msg/participant_entities_info.h
-- Symlinking: /robofuzz/ros2_foxy/install/rmw_dds_common/include/rmw_dds_common/msg/rosidl_generator_c__visibility_control.h
-- Symlinking: /robofuzz/ros2_foxy/install/rmw_dds_common/share/rmw_dds_common/environment/library_path.sh
-- Symlinking: /robofuzz/ros2_foxy/install/rmw_dds_common/share/rmw_dds_common/environment/library_path.dsv
-- Symlinking: /robofuzz/ros2_foxy/install/rmw_dds_common/include/rmw_dds_common/msg/detail/gid__rosidl_typesupport_fastrtps_c.h
-- Symlinking: /robofuzz/ros2_foxy/install/rmw_dds_common/include/rmw_dds_common/msg/detail/node_entities_info__rosidl_typesupport_fastrtps_c.h
-- Symlinking: /robofuzz/ros2_foxy/install/rmw_dds_common/include/rmw_dds_common/msg/detail/participant_entities_info__rosidl_typesupport_fastrtps_c.h
-- Symlinking: /robofuzz/ros2_foxy/install/rmw_dds_common/include/rmw_dds_common/msg/rosidl_typesupport_fastrtps_c__visibility_control.h
-- Symlinking: /robofuzz/ros2_foxy/install/rmw_dds_common/lib/librmw_dds_common__rosidl_typesupport_fastrtps_c.so
-- Symlinking: /robofuzz/ros2_foxy/install/rmw_dds_common/include/rmw_dds_common/msg/detail/gid__rosidl_typesupport_fastrtps_cpp.hpp
-- Symlinking: /robofuzz/ros2_foxy/install/rmw_dds_common/include/rmw_dds_common/msg/detail/node_entities_info__rosidl_typesupport_fastrtps_cpp.hpp
-- Symlinking: /robofuzz/ros2_foxy/install/rmw_dds_common/include/rmw_dds_common/msg/detail/participant_entities_info__rosidl_typesupport_fastrtps_cpp.hpp
-- Symlinking: /robofuzz/ros2_foxy/install/rmw_dds_common/include/rmw_dds_common/msg/rosidl_typesupport_fastrtps_cpp__visibility_control.h
-- Symlinking: /robofuzz/ros2_foxy/install/rmw_dds_common/lib/librmw_dds_common__rosidl_typesupport_fastrtps_cpp.so
-- Symlinking: /robofuzz/ros2_foxy/install/rmw_dds_common/include/rmw_dds_common/msg/detail/gid__rosidl_typesupport_introspection_c.h
-- Symlinking: /robofuzz/ros2_foxy/install/rmw_dds_common/include/rmw_dds_common/msg/detail/node_entities_info__rosidl_typesupport_introspection_c.h
-- Symlinking: /robofuzz/ros2_foxy/install/rmw_dds_common/include/rmw_dds_common/msg/detail/participant_entities_info__rosidl_typesupport_introspection_c.h
-- Symlinking: /robofuzz/ros2_foxy/install/rmw_dds_common/include/rmw_dds_common/msg/rosidl_typesupport_introspection_c__visibility_control.h
-- Symlinking: /robofuzz/ros2_foxy/install/rmw_dds_common/include/rmw_dds_common/msg/detail/gid__builder.hpp
-- Symlinking: /robofuzz/ros2_foxy/install/rmw_dds_common/include/rmw_dds_common/msg/detail/gid__struct.hpp
-- Symlinking: /robofuzz/ros2_foxy/install/rmw_dds_common/include/rmw_dds_common/msg/detail/gid__traits.hpp
-- Symlinking: /robofuzz/ros2_foxy/install/rmw_dds_common/include/rmw_dds_common/msg/detail/node_entities_info__builder.hpp
-- Symlinking: /robofuzz/ros2_foxy/install/rmw_dds_common/include/rmw_dds_common/msg/detail/node_entities_info__struct.hpp
-- Symlinking: /robofuzz/ros2_foxy/install/rmw_dds_common/include/rmw_dds_common/msg/detail/node_entities_info__traits.hpp
-- Symlinking: /robofuzz/ros2_foxy/install/rmw_dds_common/include/rmw_dds_common/msg/detail/participant_entities_info__builder.hpp
-- Symlinking: /robofuzz/ros2_foxy/install/rmw_dds_common/include/rmw_dds_common/msg/detail/participant_entities_info__struct.hpp
-- Symlinking: /robofuzz/ros2_foxy/install/rmw_dds_common/include/rmw_dds_common/msg/detail/participant_entities_info__traits.hpp
-- Symlinking: /robofuzz/ros2_foxy/install/rmw_dds_common/include/rmw_dds_common/msg/gid.hpp
-- Symlinking: /robofuzz/ros2_foxy/install/rmw_dds_common/include/rmw_dds_common/msg/node_entities_info.hpp
-- Symlinking: /robofuzz/ros2_foxy/install/rmw_dds_common/include/rmw_dds_common/msg/participant_entities_info.hpp
-- Symlinking: /robofuzz/ros2_foxy/install/rmw_dds_common/include/rmw_dds_common/msg/detail/gid__rosidl_typesupport_introspection_cpp.hpp
-- Symlinking: /robofuzz/ros2_foxy/install/rmw_dds_common/include/rmw_dds_common/msg/detail/node_entities_info__rosidl_typesupport_introspection_cpp.hpp
-- Symlinking: /robofuzz/ros2_foxy/install/rmw_dds_common/include/rmw_dds_common/msg/detail/participant_entities_info__rosidl_typesupport_introspection_cpp.hpp
-- Symlinking: /robofuzz/ros2_foxy/install/rmw_dds_common/share/rmw_dds_common/environment/pythonpath.sh
-- Symlinking: /robofuzz/ros2_foxy/install/rmw_dds_common/share/rmw_dds_common/environment/pythonpath.dsv
-- Symlinking: /robofuzz/ros2_foxy/install/rmw_dds_common/lib/python3.8/site-packages/rmw_dds_common/__init__.py
-- Symlinking: /robofuzz/ros2_foxy/install/rmw_dds_common/lib/python3.8/site-packages/rmw_dds_common/msg/__init__.py
-- Symlinking: /robofuzz/ros2_foxy/install/rmw_dds_common/lib/python3.8/site-packages/rmw_dds_common/msg/_gid.py
-- Symlinking: /robofuzz/ros2_foxy/install/rmw_dds_common/lib/python3.8/site-packages/rmw_dds_common/msg/_node_entities_info.py
-- Symlinking: /robofuzz/ros2_foxy/install/rmw_dds_common/lib/python3.8/site-packages/rmw_dds_common/msg/_participant_entities_info.py
-- Symlinking: /robofuzz/ros2_foxy/install/rmw_dds_common/lib/python3.8/site-packages/rmw_dds_common/rmw_dds_common_s__rosidl_typesupport_fastrtps_c.cpython-38-x86_64-linux-gnu.so
-- Symlinking: /robofuzz/ros2_foxy/install/rmw_dds_common/lib/python3.8/site-packages/rmw_dds_common/rmw_dds_common_s__rosidl_typesupport_introspection_c.cpython-38-x86_64-linux-gnu.so
-- Symlinking: /robofuzz/ros2_foxy/install/rmw_dds_common/lib/python3.8/site-packages/rmw_dds_common/rmw_dds_common_s__rosidl_typesupport_c.cpython-38-x86_64-linux-gnu.so
-- Symlinking: /robofuzz/ros2_foxy/install/rmw_dds_common/lib/librmw_dds_common__python.so
-- Symlinking: /robofuzz/ros2_foxy/install/rmw_dds_common/share/rmw_dds_common/msg/Gid.idl
-- Symlinking: /robofuzz/ros2_foxy/install/rmw_dds_common/share/rmw_dds_common/msg/NodeEntitiesInfo.idl
-- Symlinking: /robofuzz/ros2_foxy/install/rmw_dds_common/share/rmw_dds_common/msg/ParticipantEntitiesInfo.idl
-- Symlinking: /robofuzz/ros2_foxy/install/rmw_dds_common/share/rmw_dds_common/msg/Gid.msg
-- Symlinking: /robofuzz/ros2_foxy/install/rmw_dds_common/share/rmw_dds_common/msg/NodeEntitiesInfo.msg
-- Symlinking: /robofuzz/ros2_foxy/install/rmw_dds_common/share/rmw_dds_common/msg/ParticipantEntitiesInfo.msg
-- Symlinking: /robofuzz/ros2_foxy/install/rmw_dds_common/include/rmw_dds_common/context.hpp
-- Symlinking: /robofuzz/ros2_foxy/install/rmw_dds_common/include/rmw_dds_common/gid_utils.hpp
-- Symlinking: /robofuzz/ros2_foxy/install/rmw_dds_common/include/rmw_dds_common/graph_cache.hpp
-- Symlinking: /robofuzz/ros2_foxy/install/rmw_dds_common/include/rmw_dds_common/visibility_control.h
-- Symlinking: /robofuzz/ros2_foxy/install/rmw_dds_common/share/ament_index/resource_index/package_run_dependencies/rmw_dds_common
-- Symlinking: /robofuzz/ros2_foxy/install/rmw_dds_common/share/ament_index/resource_index/parent_prefix_path/rmw_dds_common
-- Symlinking: /robofuzz/ros2_foxy/install/rmw_dds_common/share/rmw_dds_common/environment/ament_prefix_path.sh
-- Symlinking: /robofuzz/ros2_foxy/install/rmw_dds_common/share/rmw_dds_common/environment/ament_prefix_path.dsv
-- Symlinking: /robofuzz/ros2_foxy/install/rmw_dds_common/share/rmw_dds_common/environment/path.sh
-- Symlinking: /robofuzz/ros2_foxy/install/rmw_dds_common/share/rmw_dds_common/environment/path.dsv
-- Symlinking: /robofuzz/ros2_foxy/install/rmw_dds_common/share/rmw_dds_common/local_setup.bash
-- Symlinking: /robofuzz/ros2_foxy/install/rmw_dds_common/share/rmw_dds_common/local_setup.sh
-- Symlinking: /robofuzz/ros2_foxy/install/rmw_dds_common/share/rmw_dds_common/local_setup.zsh
-- Symlinking: /robofuzz/ros2_foxy/install/rmw_dds_common/share/rmw_dds_common/local_setup.dsv
-- Symlinking: /robofuzz/ros2_foxy/install/rmw_dds_common/share/rmw_dds_common/package.dsv
-- Symlinking: /robofuzz/ros2_foxy/install/rmw_dds_common/share/ament_index/resource_index/packages/rmw_dds_common
-- Symlinking: /robofuzz/ros2_foxy/install/rmw_dds_common/share/rmw_dds_common/cmake/ament_cmake_export_dependencies-extras.cmake
-- Symlinking: /robofuzz/ros2_foxy/install/rmw_dds_common/share/rmw_dds_common/cmake/rosidl_cmake-extras.cmake
-- Symlinking: /robofuzz/ros2_foxy/install/rmw_dds_common/share/rmw_dds_common/cmake/ament_cmake_export_libraries-extras.cmake
-- Symlinking: /robofuzz/ros2_foxy/install/rmw_dds_common/share/rmw_dds_common/cmake/ament_cmake_export_targets-extras.cmake
-- Symlinking: /robofuzz/ros2_foxy/install/rmw_dds_common/share/rmw_dds_common/cmake/ament_cmake_export_include_directories-extras.cmake
-- Symlinking: /robofuzz/ros2_foxy/install/rmw_dds_common/share/rmw_dds_common/cmake/rosidl_cmake_export_typesupport_libraries-extras.cmake
-- Symlinking: /robofuzz/ros2_foxy/install/rmw_dds_common/share/rmw_dds_common/cmake/rosidl_cmake_export_typesupport_targets-extras.cmake
-- Symlinking: /robofuzz/ros2_foxy/install/rmw_dds_common/share/rmw_dds_common/cmake/rmw_dds_commonConfig.cmake
-- Symlinking: /robofuzz/ros2_foxy/install/rmw_dds_common/share/rmw_dds_common/cmake/rmw_dds_commonConfig-version.cmake
-- Symlinking: /robofuzz/ros2_foxy/install/rmw_dds_common/share/rmw_dds_common/package.xml
-- Installing: /robofuzz/ros2_foxy/install/rmw_dds_common/lib/librmw_dds_common__rosidl_generator_c.so
-- Set runtime path of "/robofuzz/ros2_foxy/install/rmw_dds_common/lib/librmw_dds_common__rosidl_generator_c.so" to ""
-- Installing: /robofuzz/ros2_foxy/install/rmw_dds_common/lib/librmw_dds_common__rosidl_typesupport_introspection_c.so
-- Set runtime path of "/robofuzz/ros2_foxy/install/rmw_dds_common/lib/librmw_dds_common__rosidl_typesupport_introspection_c.so" to ""
-- Installing: /robofuzz/ros2_foxy/install/rmw_dds_common/lib/librmw_dds_common__rosidl_typesupport_c.so
-- Set runtime path of "/robofuzz/ros2_foxy/install/rmw_dds_common/lib/librmw_dds_common__rosidl_typesupport_c.so" to ""
-- Installing: /robofuzz/ros2_foxy/install/rmw_dds_common/lib/librmw_dds_common__rosidl_typesupport_introspection_cpp.so
-- Set runtime path of "/robofuzz/ros2_foxy/install/rmw_dds_common/lib/librmw_dds_common__rosidl_typesupport_introspection_cpp.so" to ""
-- Installing: /robofuzz/ros2_foxy/install/rmw_dds_common/lib/librmw_dds_common__rosidl_typesupport_cpp.so
-- Set runtime path of "/robofuzz/ros2_foxy/install/rmw_dds_common/lib/librmw_dds_common__rosidl_typesupport_cpp.so" to ""
Compiling '/robofuzz/ros2_foxy/install/rmw_dds_common/lib/python3.8/site-packages/rmw_dds_common/__init__.py'...
-- Installing: /robofuzz/ros2_foxy/install/rmw_dds_common/lib/librmw_dds_common.so
-- Set runtime path of "/robofuzz/ros2_foxy/install/rmw_dds_common/lib/librmw_dds_common.so" to ""
-- Installing: /robofuzz/ros2_foxy/install/rmw_dds_common/share/rmw_dds_common/cmake/rmw_dds_common__rosidl_generator_cExport.cmake
-- Installing: /robofuzz/ros2_foxy/install/rmw_dds_common/share/rmw_dds_common/cmake/rmw_dds_common__rosidl_generator_cExport-noconfig.cmake
-- Installing: /robofuzz/ros2_foxy/install/rmw_dds_common/share/rmw_dds_common/cmake/rmw_dds_common__rosidl_typesupport_introspection_cExport.cmake
-- Installing: /robofuzz/ros2_foxy/install/rmw_dds_common/share/rmw_dds_common/cmake/rmw_dds_common__rosidl_typesupport_introspection_cExport-noconfig.cmake
-- Installing: /robofuzz/ros2_foxy/install/rmw_dds_common/share/rmw_dds_common/cmake/rmw_dds_common__rosidl_typesupport_cExport.cmake
-- Installing: /robofuzz/ros2_foxy/install/rmw_dds_common/share/rmw_dds_common/cmake/rmw_dds_common__rosidl_typesupport_cExport-noconfig.cmake
-- Installing: /robofuzz/ros2_foxy/install/rmw_dds_common/share/rmw_dds_common/cmake/rmw_dds_common__rosidl_generator_cppExport.cmake
-- Installing: /robofuzz/ros2_foxy/install/rmw_dds_common/share/rmw_dds_common/cmake/rmw_dds_common__rosidl_typesupport_introspection_cppExport.cmake
-- Installing: /robofuzz/ros2_foxy/install/rmw_dds_common/share/rmw_dds_common/cmake/rmw_dds_common__rosidl_typesupport_introspection_cppExport-noconfig.cmake
-- Installing: /robofuzz/ros2_foxy/install/rmw_dds_common/share/rmw_dds_common/cmake/rmw_dds_common__rosidl_typesupport_cppExport.cmake
-- Installing: /robofuzz/ros2_foxy/install/rmw_dds_common/share/rmw_dds_common/cmake/rmw_dds_common__rosidl_typesupport_cppExport-noconfig.cmake
-- Installing: /robofuzz/ros2_foxy/install/rmw_dds_common/share/rmw_dds_common/cmake/rmw_dds_common_libraryExport.cmake
-- Installing: /robofuzz/ros2_foxy/install/rmw_dds_common/share/rmw_dds_common/cmake/rmw_dds_common_libraryExport-noconfig.cmake
