[3.156s] Invoking command in '/robofuzz/targets/rcl_lang_ws/build/rclpy_create_node': PYTHONPATH=/robofuzz/targets/rcl_lang_ws/install/rclpy_create_node/lib/python3.8/site-packages:${PYTHONPATH} /usr/bin/python3 setup.py develop --prefix /robofuzz/targets/rcl_lang_ws/install/rclpy_create_node --editable --build-directory /robofuzz/targets/rcl_lang_ws/build/rclpy_create_node/build --no-deps install_data --install-dir /robofuzz/targets/rcl_lang_ws/install/rclpy_create_node
[3.818s] running develop
[4.208s] running egg_info
[4.208s] creating rclpy_create_node.egg-info
[4.208s] writing rclpy_create_node.egg-info/PKG-INFO
[4.209s] writing dependency_links to rclpy_create_node.egg-info/dependency_links.txt
[4.209s] writing entry points to rclpy_create_node.egg-info/entry_points.txt
[4.210s] writing requirements to rclpy_create_node.egg-info/requires.txt
[4.211s] writing top-level names to rclpy_create_node.egg-info/top_level.txt
[4.211s] writing manifest file 'rclpy_create_node.egg-info/SOURCES.txt'
[4.309s] reading manifest file 'rclpy_create_node.egg-info/SOURCES.txt'
[4.310s] writing manifest file 'rclpy_create_node.egg-info/SOURCES.txt'
[4.408s] running build_ext
[4.408s] Creating /robofuzz/targets/rcl_lang_ws/install/rclpy_create_node/lib/python3.8/site-packages/site.py
[4.410s] Creating /robofuzz/targets/rcl_lang_ws/install/rclpy_create_node/lib/python3.8/site-packages/rclpy-create-node.egg-link (link to .)
[4.411s] Installing rclpy_create_node script to /robofuzz/targets/rcl_lang_ws/install/rclpy_create_node/bin
[4.412s] 
[4.412s] Installed /robofuzz/targets/rcl_lang_ws/build/rclpy_create_node
[4.413s] running install_data
[4.413s] creating /robofuzz/targets/rcl_lang_ws/install/rclpy_create_node/share/ament_index
[4.414s] creating /robofuzz/targets/rcl_lang_ws/install/rclpy_create_node/share/ament_index/resource_index
[4.414s] creating /robofuzz/targets/rcl_lang_ws/install/rclpy_create_node/share/ament_index/resource_index/packages
[4.414s] copying resource/rclpy_create_node -> /robofuzz/targets/rcl_lang_ws/install/rclpy_create_node/share/ament_index/resource_index/packages
[4.416s] copying package.xml -> /robofuzz/targets/rcl_lang_ws/install/rclpy_create_node/share/rclpy_create_node
[4.481s] Invoked command in '/robofuzz/targets/rcl_lang_ws/build/rclpy_create_node' returned '0': PYTHONPATH=/robofuzz/targets/rcl_lang_ws/install/rclpy_create_node/lib/python3.8/site-packages:${PYTHONPATH} /usr/bin/python3 setup.py develop --prefix /robofuzz/targets/rcl_lang_ws/install/rclpy_create_node --editable --build-directory /robofuzz/targets/rcl_lang_ws/build/rclpy_create_node/build --no-deps install_data --install-dir /robofuzz/targets/rcl_lang_ws/install/rclpy_create_node
