running develop
running egg_info
creating tracetools_trace.egg-info
writing tracetools_trace.egg-info/PKG-INFO
writing dependency_links to tracetools_trace.egg-info/dependency_links.txt
writing entry points to tracetools_trace.egg-info/entry_points.txt
writing requirements to tracetools_trace.egg-info/requires.txt
writing top-level names to tracetools_trace.egg-info/top_level.txt
writing manifest file 'tracetools_trace.egg-info/SOURCES.txt'
reading manifest file 'tracetools_trace.egg-info/SOURCES.txt'
writing manifest file 'tracetools_trace.egg-info/SOURCES.txt'
running build_ext
Creating /robofuzz/ros2_foxy/install/tracetools_trace/lib/python3.8/site-packages/site.py
Creating /robofuzz/ros2_foxy/install/tracetools_trace/lib/python3.8/site-packages/tracetools-trace.egg-link (link to .)
Installing trace script to /robofuzz/ros2_foxy/install/tracetools_trace/lib/tracetools_trace

Installed /robofuzz/ros2_foxy/build/tracetools_trace
running install_data
copying package.xml -> /robofuzz/ros2_foxy/install/tracetools_trace/share/tracetools_trace
creating /robofuzz/ros2_foxy/install/tracetools_trace/share/ament_index
creating /robofuzz/ros2_foxy/install/tracetools_trace/share/ament_index/resource_index
creating /robofuzz/ros2_foxy/install/tracetools_trace/share/ament_index/resource_index/packages
copying resource/tracetools_trace -> /robofuzz/ros2_foxy/install/tracetools_trace/share/ament_index/resource_index/packages
