-- Found ament_cmake_core: 0.9.10 (/robofuzz/ros2_foxy/install/ament_cmake_core/share/ament_cmake_core/cmake)
-- Found PythonInterp: /usr/bin/python3 (found suitable version "3.8.10", minimum required is "3") 
-- Using PYTHON_EXECUTABLE: /usr/bin/python3
-- Override CMake install command with custom implementation using symlinks instead of copying resources
-- Found ament_cmake_test: 0.9.10 (/robofuzz/ros2_foxy/install/ament_cmake_test/share/ament_cmake_test/cmake)
-- Found ament_cmake_copyright: 0.9.7 (/robofuzz/ros2_foxy/install/ament_cmake_copyright/share/ament_cmake_copyright/cmake)
-- Found ament_cmake_lint_cmake: 0.9.7 (/robofuzz/ros2_foxy/install/ament_cmake_lint_cmake/share/ament_cmake_lint_cmake/cmake)
-- Configuring done
-- Generating done
-- Build files have been written to: /robofuzz/ros2_foxy/build/ament_cmake_uncrustify
-- Install configuration: ""
-- Execute custom install script
-- Symlinking: /robofuzz/ros2_foxy/install/ament_cmake_uncrustify/share/ament_index/resource_index/package_run_dependencies/ament_cmake_uncrustify
-- Symlinking: /robofuzz/ros2_foxy/install/ament_cmake_uncrustify/share/ament_index/resource_index/parent_prefix_path/ament_cmake_uncrustify
-- Symlinking: /robofuzz/ros2_foxy/install/ament_cmake_uncrustify/share/ament_cmake_uncrustify/environment/ament_prefix_path.sh
-- Symlinking: /robofuzz/ros2_foxy/install/ament_cmake_uncrustify/share/ament_cmake_uncrustify/environment/ament_prefix_path.dsv
-- Symlinking: /robofuzz/ros2_foxy/install/ament_cmake_uncrustify/share/ament_cmake_uncrustify/environment/path.sh
-- Symlinking: /robofuzz/ros2_foxy/install/ament_cmake_uncrustify/share/ament_cmake_uncrustify/environment/path.dsv
-- Symlinking: /robofuzz/ros2_foxy/install/ament_cmake_uncrustify/share/ament_cmake_uncrustify/local_setup.bash
-- Symlinking: /robofuzz/ros2_foxy/install/ament_cmake_uncrustify/share/ament_cmake_uncrustify/local_setup.sh
-- Symlinking: /robofuzz/ros2_foxy/install/ament_cmake_uncrustify/share/ament_cmake_uncrustify/local_setup.zsh
-- Symlinking: /robofuzz/ros2_foxy/install/ament_cmake_uncrustify/share/ament_cmake_uncrustify/local_setup.dsv
-- Symlinking: /robofuzz/ros2_foxy/install/ament_cmake_uncrustify/share/ament_cmake_uncrustify/package.dsv
-- Symlinking: /robofuzz/ros2_foxy/install/ament_cmake_uncrustify/share/ament_index/resource_index/packages/ament_cmake_uncrustify
-- Symlinking: /robofuzz/ros2_foxy/install/ament_cmake_uncrustify/share/ament_cmake_uncrustify/cmake/ament_cmake_uncrustify-extras.cmake
-- Symlinking: /robofuzz/ros2_foxy/install/ament_cmake_uncrustify/share/ament_cmake_uncrustify/cmake/ament_cmake_uncrustifyConfig.cmake
-- Symlinking: /robofuzz/ros2_foxy/install/ament_cmake_uncrustify/share/ament_cmake_uncrustify/cmake/ament_cmake_uncrustifyConfig-version.cmake
-- Symlinking: /robofuzz/ros2_foxy/install/ament_cmake_uncrustify/share/ament_cmake_uncrustify/package.xml
-- Symlinking: /robofuzz/ros2_foxy/install/ament_cmake_uncrustify/share/ament_cmake_uncrustify/cmake/ament_cmake_uncrustify_lint_hook.cmake
-- Symlinking: /robofuzz/ros2_foxy/install/ament_cmake_uncrustify/share/ament_cmake_uncrustify/cmake/ament_uncrustify.cmake
