[0.184s] Invoking command in '/robofuzz/ros2_foxy/build/rosidl_typesupport_interface': AMENT_PREFIX_PATH=/robofuzz/ros2_foxy/install/ament_lint_common:/robofuzz/ros2_foxy/install/ament_cmake_xmllint:/robofuzz/ros2_foxy/install/ament_cmake_uncrustify:/robofuzz/ros2_foxy/install/ament_cmake_pep257:/robofuzz/ros2_foxy/install/ament_cmake_flake8:/robofuzz/ros2_foxy/install/ament_cmake_cpplint:/robofuzz/ros2_foxy/install/ament_cmake_cppcheck:/robofuzz/ros2_foxy/install/ament_uncrustify:/robofuzz/ros2_foxy/install/ament_cmake_copyright:/robofuzz/ros2_foxy/install/uncrustify_vendor:/robofuzz/ros2_foxy/install/ament_cmake_lint_cmake:/robofuzz/ros2_foxy/install/ament_xmllint:/robofuzz/ros2_foxy/install/ament_lint_cmake:/robofuzz/ros2_foxy/install/ament_lint_auto:/robofuzz/ros2_foxy/install/ament_cpplint:/robofuzz/ros2_foxy/install/ament_cmake_gtest:/robofuzz/ros2_foxy/install/ament_cmake:/robofuzz/ros2_foxy/install/ament_copyright:/robofuzz/ros2_foxy/install/ament_cmake_test:/robofuzz/ros2_foxy/install/ament_cmake_target_dependencies:/robofuzz/ros2_foxy/install/ament_cmake_export_targets:/robofuzz/ros2_foxy/install/ament_cmake_export_interfaces:/robofuzz/ros2_foxy/install/ament_cmake_export_dependencies:/robofuzz/ros2_foxy/install/ament_pep257:/robofuzz/ros2_foxy/install/ament_cmake_version:/robofuzz/ros2_foxy/install/ament_cmake_python:/robofuzz/ros2_foxy/install/ament_cmake_libraries:/robofuzz/ros2_foxy/install/ament_cmake_include_directories:/robofuzz/ros2_foxy/install/ament_cmake_export_link_flags:/robofuzz/ros2_foxy/install/ament_cmake_export_libraries:/robofuzz/ros2_foxy/install/ament_cmake_export_include_directories:/robofuzz/ros2_foxy/install/ament_cmake_export_definitions:/robofuzz/ros2_foxy/install/ament_flake8:/robofuzz/ros2_foxy/install/ament_cmake_core:/robofuzz/ros2_foxy/install/ament_package:/robofuzz/ros2_foxy/install/ament_lint:/robofuzz/ros2_foxy/install/ament_cppcheck:${AMENT_PREFIX_PATH} CMAKE_PREFIX_PATH=/robofuzz/ros2_foxy/install/ament_lint_common:/robofuzz/ros2_foxy/install/ament_cmake_xmllint:/robofuzz/ros2_foxy/install/ament_cmake_uncrustify:/robofuzz/ros2_foxy/install/ament_cmake_pep257:/robofuzz/ros2_foxy/install/ament_cmake_flake8:/robofuzz/ros2_foxy/install/ament_cmake_cpplint:/robofuzz/ros2_foxy/install/ament_cmake_cppcheck:/robofuzz/ros2_foxy/install/ament_cmake_copyright:/robofuzz/ros2_foxy/install/uncrustify_vendor:/robofuzz/ros2_foxy/install/ament_cmake_lint_cmake:/robofuzz/ros2_foxy/install/ament_lint_auto:/robofuzz/ros2_foxy/install/ament_cmake_gtest:/robofuzz/ros2_foxy/install/ament_cmake:/robofuzz/ros2_foxy/install/ament_cmake_test:/robofuzz/ros2_foxy/install/ament_cmake_target_dependencies:/robofuzz/ros2_foxy/install/ament_cmake_export_targets:/robofuzz/ros2_foxy/install/ament_cmake_export_interfaces:/robofuzz/ros2_foxy/install/ament_cmake_export_dependencies:/robofuzz/ros2_foxy/install/ament_cmake_version:/robofuzz/ros2_foxy/install/ament_cmake_python:/robofuzz/ros2_foxy/install/ament_cmake_libraries:/robofuzz/ros2_foxy/install/ament_cmake_include_directories:/robofuzz/ros2_foxy/install/ament_cmake_export_link_flags:/robofuzz/ros2_foxy/install/ament_cmake_export_libraries:/robofuzz/ros2_foxy/install/ament_cmake_export_include_directories:/robofuzz/ros2_foxy/install/ament_cmake_export_definitions:/robofuzz/ros2_foxy/install/ament_cmake_core:/robofuzz/ros2_foxy/install/gtest_vendor:/robofuzz/targets/moveit2_ws/install/moveit2_tutorials:/robofuzz/targets/moveit2_ws/install/moveit_visual_tools:/robofuzz/targets/moveit2_ws/install/rviz_visual_tools:/robofuzz/targets/turtlebot3_ws/install/turtlebot3:/robofuzz/targets/turtlebot3_ws/install/turtlebot3_simulations:/robofuzz/targets/turtlebot3_ws/install/turtlebot3_bringup:/robofuzz/targets/turtlebot3_ws/install/turtlebot3_node:/robofuzz/targets/turtlebot3_ws/install/turtlebot3_navigation2:/robofuzz/targets/turtlebot3_ws/install/turtlebot3_fake_node:/robofuzz/targets/turtlebot3_ws/install/turtlebot3_msgs:/robofuzz/targets/turtlebot3_ws/install/turtlebot3_gazebo:/robofuzz/targets/turtlebot3_ws/install/turtlebot3_description:/robofuzz/targets/turtlebot3_ws/install/turtlebot3_cartographer:/robofuzz/targets/turtlebot3_ws/install/hls_lfcd_lds_driver:/robofuzz/targets/turtlebot3_ws/install/dynamixel_sdk_examples:/robofuzz/targets/turtlebot3_ws/install/dynamixel_sdk_custom_interfaces:/robofuzz/targets/turtlebot3_ws/install/dynamixel_sdk:/robofuzz/targets/idltest_ws/install/idltest_target:/robofuzz/targets/idltest_ws/install/idltest_msgs:/robofuzz/targets/px4_ros_com_ros2/install/px4_ros_com:/robofuzz/targets/px4_ros_com_ros2/install/px4_msgs:/robofuzz/targets/turtlebot3_ws/install/turtlebot3_teleop:/robofuzz/targets/turtlebot3_ws/install/turtlebot3_example:/opt/ros/foxy PATH=/robofuzz/ros2_foxy/install/ament_uncrustify/bin:/robofuzz/ros2_foxy/install/ament_xmllint/bin:/robofuzz/ros2_foxy/install/ament_lint_cmake/bin:/robofuzz/ros2_foxy/install/ament_cpplint/bin:/robofuzz/ros2_foxy/install/ament_copyright/bin:/robofuzz/ros2_foxy/install/ament_pep257/bin:/robofuzz/ros2_foxy/install/ament_flake8/bin:/robofuzz/ros2_foxy/install/ament_cppcheck/bin:${PATH} PKG_CONFIG_PATH=/robofuzz/ros2_foxy/install/gtest_vendor/lib/x86_64-linux-gnu/pkgconfig:/robofuzz/ros2_foxy/install/gtest_vendor/lib/pkgconfig PYTHONPATH=/robofuzz/ros2_foxy/build/ament_uncrustify:/robofuzz/ros2_foxy/install/ament_uncrustify/lib/python3.8/site-packages:/robofuzz/ros2_foxy/build/ament_xmllint:/robofuzz/ros2_foxy/install/ament_xmllint/lib/python3.8/site-packages:/robofuzz/ros2_foxy/build/ament_lint_cmake:/robofuzz/ros2_foxy/install/ament_lint_cmake/lib/python3.8/site-packages:/robofuzz/ros2_foxy/build/ament_cpplint:/robofuzz/ros2_foxy/install/ament_cpplint/lib/python3.8/site-packages:/robofuzz/ros2_foxy/build/ament_copyright:/robofuzz/ros2_foxy/install/ament_copyright/lib/python3.8/site-packages:/robofuzz/ros2_foxy/install/ament_cmake_test/lib/python3.8/site-packages:/robofuzz/ros2_foxy/build/ament_pep257:/robofuzz/ros2_foxy/install/ament_pep257/lib/python3.8/site-packages:/robofuzz/ros2_foxy/build/ament_flake8:/robofuzz/ros2_foxy/install/ament_flake8/lib/python3.8/site-packages:/robofuzz/ros2_foxy/build/ament_package:/robofuzz/ros2_foxy/install/ament_package/lib/python3.8/site-packages:/robofuzz/ros2_foxy/build/ament_lint:/robofuzz/ros2_foxy/install/ament_lint/lib/python3.8/site-packages:/robofuzz/ros2_foxy/build/ament_cppcheck:/robofuzz/ros2_foxy/install/ament_cppcheck/lib/python3.8/site-packages:${PYTHONPATH} /usr/bin/cmake /robofuzz/ros2_foxy/src/ros2/rosidl/rosidl_typesupport_interface -DAMENT_CMAKE_SYMLINK_INSTALL=1 -DCMAKE_INSTALL_PREFIX=/robofuzz/ros2_foxy/install/rosidl_typesupport_interface
[0.262s] -- Found ament_cmake: 0.9.10 (/robofuzz/ros2_foxy/install/ament_cmake/share/ament_cmake/cmake)
[0.372s] -- Found PythonInterp: /usr/bin/python3 (found suitable version "3.8.10", minimum required is "3") 
[0.374s] -- Using PYTHON_EXECUTABLE: /usr/bin/python3
[0.957s] -- Override CMake install command with custom implementation using symlinks instead of copying resources
[1.035s] -- Found ament_lint_auto: 0.9.7 (/robofuzz/ros2_foxy/install/ament_lint_auto/share/ament_lint_auto/cmake)
[1.387s] -- The C compiler identification is GNU 9.4.0
[1.571s] -- The CXX compiler identification is GNU 9.4.0
[1.600s] -- Check for working C compiler: /usr/bin/cc
[1.869s] -- Check for working C compiler: /usr/bin/cc -- works
[1.872s] -- Detecting C compiler ABI info
[2.331s] -- Detecting C compiler ABI info - done
[2.374s] -- Detecting C compile features
[2.376s] -- Detecting C compile features - done
[2.383s] -- Check for working CXX compiler: /usr/bin/c++
[2.943s] -- Check for working CXX compiler: /usr/bin/c++ -- works
[2.943s] -- Detecting CXX compiler ABI info
[3.473s] -- Detecting CXX compiler ABI info - done
[3.565s] -- Detecting CXX compile features
[3.566s] -- Detecting CXX compile features - done
[3.593s] -- Found gtest sources under '/robofuzz/ros2_foxy/install/gtest_vendor/src/gtest_vendor': C++ tests using 'Google Test' will be built
[3.615s] -- Looking for pthread.h
[4.332s] -- Looking for pthread.h - found
[4.333s] -- Performing Test CMAKE_HAVE_LIBC_PTHREAD
[4.844s] -- Performing Test CMAKE_HAVE_LIBC_PTHREAD - Failed
[4.844s] -- Check if compiler accepts -pthread
[5.256s] -- Check if compiler accepts -pthread - yes
[5.259s] -- Found Threads: TRUE  
[5.274s] -- Added test 'copyright' to check source files copyright and LICENSE
[5.279s] -- Added test 'cppcheck' to perform static code analysis on C / C++ code
[5.280s] -- Configured cppcheck include dirs: /robofuzz/ros2_foxy/src/ros2/rosidl/rosidl_typesupport_interface/include
[5.280s] -- Configured cppcheck exclude dirs and/or files: 
[5.292s] -- Added test 'cpplint' to check C / C++ code against the Google style
[5.292s] -- Configured cpplint exclude dirs and/or files: 
[5.296s] -- Added test 'lint_cmake' to check CMake code style
[5.305s] -- Added test 'uncrustify' to check C / C++ code style
[5.306s] -- Configured uncrustify additional arguments: 
[5.313s] -- Added test 'xmllint' to check XML markup files
[5.329s] -- Configuring done
[5.348s] -- Generating done
[5.360s] -- Build files have been written to: /robofuzz/ros2_foxy/build/rosidl_typesupport_interface
