running develop
running egg_info
creating examples_rclpy_executors.egg-info
writing examples_rclpy_executors.egg-info/PKG-INFO
writing dependency_links to examples_rclpy_executors.egg-info/dependency_links.txt
writing entry points to examples_rclpy_executors.egg-info/entry_points.txt
writing requirements to examples_rclpy_executors.egg-info/requires.txt
writing top-level names to examples_rclpy_executors.egg-info/top_level.txt
writing manifest file 'examples_rclpy_executors.egg-info/SOURCES.txt'
reading manifest file 'examples_rclpy_executors.egg-info/SOURCES.txt'
writing manifest file 'examples_rclpy_executors.egg-info/SOURCES.txt'
running build_ext
Creating /robofuzz/ros2_foxy/install/examples_rclpy_executors/lib/python3.8/site-packages/site.py
Creating /robofuzz/ros2_foxy/install/examples_rclpy_executors/lib/python3.8/site-packages/examples-rclpy-executors.egg-link (link to .)
Installing callback_group script to /robofuzz/ros2_foxy/install/examples_rclpy_executors/lib/examples_rclpy_executors
Installing composed script to /robofuzz/ros2_foxy/install/examples_rclpy_executors/lib/examples_rclpy_executors
Installing custom_callback_group script to /robofuzz/ros2_foxy/install/examples_rclpy_executors/lib/examples_rclpy_executors
Installing custom_executor script to /robofuzz/ros2_foxy/install/examples_rclpy_executors/lib/examples_rclpy_executors
Installing listener script to /robofuzz/ros2_foxy/install/examples_rclpy_executors/lib/examples_rclpy_executors
Installing talker script to /robofuzz/ros2_foxy/install/examples_rclpy_executors/lib/examples_rclpy_executors

Installed /robofuzz/ros2_foxy/build/examples_rclpy_executors
running install_data
creating /robofuzz/ros2_foxy/install/examples_rclpy_executors/share/ament_index
creating /robofuzz/ros2_foxy/install/examples_rclpy_executors/share/ament_index/resource_index
creating /robofuzz/ros2_foxy/install/examples_rclpy_executors/share/ament_index/resource_index/packages
copying resource/examples_rclpy_executors -> /robofuzz/ros2_foxy/install/examples_rclpy_executors/share/ament_index/resource_index/packages
copying package.xml -> /robofuzz/ros2_foxy/install/examples_rclpy_executors/share/examples_rclpy_executors
