-- The C compiler identification is GNU 9.4.0
-- The CXX compiler identification is GNU 9.4.0
-- Check for working C compiler: /usr/bin/cc
-- Check for working C compiler: /usr/bin/cc -- works
-- Detecting C compiler ABI info
-- Detecting C compiler ABI info - done
-- Detecting C compile features
-- Detecting C compile features - done
-- Check for working CXX compiler: /usr/bin/c++
-- Check for working CXX compiler: /usr/bin/c++ -- works
-- Detecting CXX compiler ABI info
-- Detecting CXX compiler ABI info - done
-- Detecting CXX compile features
-- Detecting CXX compile features - done
-- Found ament_cmake_ros: 0.9.2 (/robofuzz/ros2_foxy/install/ament_cmake_ros/share/ament_cmake_ros/cmake)
-- Found PythonInterp: /usr/bin/python3 (found suitable version "3.8.10", minimum required is "3") 
-- Using PYTHON_EXECUTABLE: /usr/bin/python3
-- Override CMake install command with custom implementation using symlinks instead of copying resources
-- Found rclcpp: 2.4.2 (/robofuzz/ros2_foxy/install/rclcpp/share/rclcpp/cmake)
-- Using all available rosidl_typesupport_c: rosidl_typesupport_fastrtps_c;rosidl_typesupport_introspection_c
-- Found rosidl_adapter: 1.2.1 (/robofuzz/ros2_foxy/install/rosidl_adapter/share/rosidl_adapter/cmake)
-- Found OpenSSL: /usr/lib/x86_64-linux-gnu/libcrypto.so (found version "1.1.1f")  
-- Found FastRTPS: /robofuzz/ros2_foxy/install/fastrtps/include  
-- Using all available rosidl_typesupport_cpp: rosidl_typesupport_introspection_cpp;rosidl_typesupport_fastrtps_cpp
-- Found rmw_implementation_cmake: 1.0.3 (/robofuzz/ros2_foxy/install/rmw_implementation_cmake/share/rmw_implementation_cmake/cmake)
-- Using RMW implementation 'rmw_fastrtps_cpp' as default
-- Looking for pthread.h
-- Looking for pthread.h - found
-- Performing Test CMAKE_HAVE_LIBC_PTHREAD
-- Performing Test CMAKE_HAVE_LIBC_PTHREAD - Failed
-- Looking for pthread_create in pthreads
-- Looking for pthread_create in pthreads - not found
-- Looking for pthread_create in pthread
-- Looking for pthread_create in pthread - found
-- Found Threads: TRUE  
-- Found rcl_lifecycle: 1.1.14 (/robofuzz/ros2_foxy/install/rcl_lifecycle/share/rcl_lifecycle/cmake)
-- Found ament_lint_auto: 0.9.7 (/robofuzz/ros2_foxy/install/ament_lint_auto/share/ament_lint_auto/cmake)
-- Performance tests are disabled by default, so Google Benchmark tests will be skipped. To enable these tests, set the CMake variable 'AMENT_RUN_PERFORMANCE_TESTS'.
-- Found gtest sources under '/robofuzz/ros2_foxy/install/gtest_vendor/src/gtest_vendor': C++ tests using 'Google Test' will be built
-- Check if compiler accepts -pthread
-- Check if compiler accepts -pthread - yes
-- Added test 'copyright' to check source files copyright and LICENSE
-- Added test 'cppcheck' to perform static code analysis on C / C++ code
-- Configured cppcheck include dirs: /robofuzz/ros2_foxy/install/rclcpp/include;/robofuzz/ros2_foxy/install/libstatistics_collector/include;/robofuzz/ros2_foxy/install/rcl/include;/robofuzz/ros2_foxy/install/rcpputils/include;/robofuzz/ros2_foxy/install/rcutils/include;/robofuzz/ros2_foxy/install/builtin_interfaces/include;/robofuzz/ros2_foxy/install/rosgraph_msgs/include;/robofuzz/ros2_foxy/install/rosidl_typesupport_cpp/include;/robofuzz/ros2_foxy/install/rosidl_typesupport_c/include;/robofuzz/ros2_foxy/install/rosidl_runtime_cpp/include;/robofuzz/ros2_foxy/install/rcl_yaml_param_parser/include;/robofuzz/ros2_foxy/install/statistics_msgs/include;/robofuzz/ros2_foxy/install/tracetools/include;$<BUILD_INTERFACE:/robofuzz/ros2_foxy/src/ros2/rclcpp/rclcpp_lifecycle/include>
-- Configured cppcheck exclude dirs and/or files: 
-- Added test 'cpplint' to check C / C++ code against the Google style
-- Configured cpplint exclude dirs and/or files: 
-- Added test 'lint_cmake' to check CMake code style
-- Added test 'uncrustify' to check C / C++ code style
-- Configured uncrustify additional arguments: 
-- Added test 'xmllint' to check XML markup files
-- Configuring done
-- Generating done
-- Build files have been written to: /robofuzz/ros2_foxy/build/rclcpp_lifecycle
[35m[1mScanning dependencies of target gtest[0m
[35m[1mScanning dependencies of target rclcpp_lifecycle[0m
[35m[1mScanning dependencies of target gtest_main[0m
[  3%] [32mBuilding CXX object gtest/CMakeFiles/gtest.dir/src/gtest-all.cc.o[0m
[  6%] [32mBuilding CXX object gtest/CMakeFiles/gtest_main.dir/src/gtest_main.cc.o[0m
[  9%] [32mBuilding CXX object CMakeFiles/rclcpp_lifecycle.dir/src/node_interfaces/lifecycle_node_interface.cpp.o[0m
[ 15%] [32mBuilding CXX object CMakeFiles/rclcpp_lifecycle.dir/src/lifecycle_node.cpp.o[0m
[ 12%] [32mBuilding CXX object CMakeFiles/rclcpp_lifecycle.dir/src/state.cpp.o[0m
[ 18%] [32mBuilding CXX object CMakeFiles/rclcpp_lifecycle.dir/src/transition.cpp.o[0m
[ 21%] [32m[1mLinking CXX static library libgtest_main.a[0m
[ 21%] Built target gtest_main
[ 24%] [32m[1mLinking CXX static library libgtest.a[0m
[ 24%] Built target gtest
[ 27%] [32m[1mLinking CXX shared library librclcpp_lifecycle.so[0m
[ 27%] Built target rclcpp_lifecycle
[35m[1mScanning dependencies of target test_lifecycle_service_client[0m
[ 30%] [32mBuilding CXX object CMakeFiles/test_lifecycle_service_client.dir/test/test_lifecycle_service_client.cpp.o[0m
[ 33%] [32m[1mLinking CXX executable test_lifecycle_service_client[0m
[ 33%] Built target test_lifecycle_service_client
[35m[1mScanning dependencies of target test_callback_exceptions[0m
[ 36%] [32mBuilding CXX object CMakeFiles/test_callback_exceptions.dir/test/test_callback_exceptions.cpp.o[0m
[ 39%] [32m[1mLinking CXX executable test_callback_exceptions[0m
[ 39%] Built target test_callback_exceptions
[35m[1mScanning dependencies of target test_register_custom_callbacks[0m
[ 42%] [32mBuilding CXX object CMakeFiles/test_register_custom_callbacks.dir/test/test_register_custom_callbacks.cpp.o[0m
[ 45%] [32m[1mLinking CXX executable test_register_custom_callbacks[0m
[ 45%] Built target test_register_custom_callbacks
[35m[1mScanning dependencies of target test_state_machine_info[0m
[ 48%] [32mBuilding CXX object CMakeFiles/test_state_machine_info.dir/test/test_state_machine_info.cpp.o[0m
[ 51%] [32m[1mLinking CXX executable test_state_machine_info[0m
[ 51%] Built target test_state_machine_info
[35m[1mScanning dependencies of target test_state_wrapper[0m
[ 54%] [32mBuilding CXX object CMakeFiles/test_state_wrapper.dir/test/test_state_wrapper.cpp.o[0m
[ 57%] [32m[1mLinking CXX executable test_state_wrapper[0m
[ 57%] Built target test_state_wrapper
[35m[1mScanning dependencies of target test_lifecycle_publisher[0m
[ 60%] [32mBuilding CXX object CMakeFiles/test_lifecycle_publisher.dir/test/test_lifecycle_publisher.cpp.o[0m
[ 63%] [32m[1mLinking CXX executable test_lifecycle_publisher[0m
[ 63%] Built target test_lifecycle_publisher
[35m[1mScanning dependencies of target benchmark_transition[0m
[35m[1mScanning dependencies of target test_lifecycle_node[0m
[ 66%] [32mBuilding CXX object CMakeFiles/benchmark_transition.dir/test/benchmark/benchmark_transition.cpp.o[0m
[ 69%] [32mBuilding CXX object CMakeFiles/test_lifecycle_node.dir/test/test_lifecycle_node.cpp.o[0m
[ 72%] [32m[1mLinking CXX executable benchmark_transition[0m
[ 72%] Built target benchmark_transition
[35m[1mScanning dependencies of target benchmark_lifecycle_client[0m
[ 75%] [32mBuilding CXX object CMakeFiles/benchmark_lifecycle_client.dir/test/benchmark/benchmark_lifecycle_client.cpp.o[0m
[ 78%] [32m[1mLinking CXX executable benchmark_lifecycle_client[0m
[ 78%] Built target benchmark_lifecycle_client
[ 81%] [32m[1mLinking CXX executable test_lifecycle_node[0m
[ 81%] Built target test_lifecycle_node
[35m[1mScanning dependencies of target benchmark_state[0m
[ 84%] [32mBuilding CXX object CMakeFiles/benchmark_state.dir/test/benchmark/benchmark_state.cpp.o[0m
[ 87%] [32m[1mLinking CXX executable benchmark_state[0m
[ 87%] Built target benchmark_state
[35m[1mScanning dependencies of target test_transition_wrapper[0m
[ 90%] [32mBuilding CXX object CMakeFiles/test_transition_wrapper.dir/test/test_transition_wrapper.cpp.o[0m
[ 93%] [32m[1mLinking CXX executable test_transition_wrapper[0m
[ 93%] Built target test_transition_wrapper
[35m[1mScanning dependencies of target benchmark_lifecycle_node[0m
[ 96%] [32mBuilding CXX object CMakeFiles/benchmark_lifecycle_node.dir/test/benchmark/benchmark_lifecycle_node.cpp.o[0m
[100%] [32m[1mLinking CXX executable benchmark_lifecycle_node[0m
[100%] Built target benchmark_lifecycle_node
-- Install configuration: ""
-- Execute custom install script
-- Symlinking: /robofuzz/ros2_foxy/install/rclcpp_lifecycle/share/rclcpp_lifecycle/environment/library_path.sh
-- Symlinking: /robofuzz/ros2_foxy/install/rclcpp_lifecycle/share/rclcpp_lifecycle/environment/library_path.dsv
-- Symlinking: /robofuzz/ros2_foxy/install/rclcpp_lifecycle/share/ament_index/resource_index/package_run_dependencies/rclcpp_lifecycle
-- Symlinking: /robofuzz/ros2_foxy/install/rclcpp_lifecycle/share/ament_index/resource_index/parent_prefix_path/rclcpp_lifecycle
-- Symlinking: /robofuzz/ros2_foxy/install/rclcpp_lifecycle/share/rclcpp_lifecycle/environment/ament_prefix_path.sh
-- Symlinking: /robofuzz/ros2_foxy/install/rclcpp_lifecycle/share/rclcpp_lifecycle/environment/ament_prefix_path.dsv
-- Symlinking: /robofuzz/ros2_foxy/install/rclcpp_lifecycle/share/rclcpp_lifecycle/environment/path.sh
-- Symlinking: /robofuzz/ros2_foxy/install/rclcpp_lifecycle/share/rclcpp_lifecycle/environment/path.dsv
-- Symlinking: /robofuzz/ros2_foxy/install/rclcpp_lifecycle/share/rclcpp_lifecycle/local_setup.bash
-- Symlinking: /robofuzz/ros2_foxy/install/rclcpp_lifecycle/share/rclcpp_lifecycle/local_setup.sh
-- Symlinking: /robofuzz/ros2_foxy/install/rclcpp_lifecycle/share/rclcpp_lifecycle/local_setup.zsh
-- Symlinking: /robofuzz/ros2_foxy/install/rclcpp_lifecycle/share/rclcpp_lifecycle/local_setup.dsv
-- Symlinking: /robofuzz/ros2_foxy/install/rclcpp_lifecycle/share/rclcpp_lifecycle/package.dsv
-- Symlinking: /robofuzz/ros2_foxy/install/rclcpp_lifecycle/share/ament_index/resource_index/packages/rclcpp_lifecycle
-- Symlinking: /robofuzz/ros2_foxy/install/rclcpp_lifecycle/share/rclcpp_lifecycle/cmake/ament_cmake_export_include_directories-extras.cmake
-- Symlinking: /robofuzz/ros2_foxy/install/rclcpp_lifecycle/share/rclcpp_lifecycle/cmake/ament_cmake_export_libraries-extras.cmake
-- Symlinking: /robofuzz/ros2_foxy/install/rclcpp_lifecycle/share/rclcpp_lifecycle/cmake/ament_cmake_export_targets-extras.cmake
-- Symlinking: /robofuzz/ros2_foxy/install/rclcpp_lifecycle/share/rclcpp_lifecycle/cmake/ament_cmake_export_dependencies-extras.cmake
-- Symlinking: /robofuzz/ros2_foxy/install/rclcpp_lifecycle/share/rclcpp_lifecycle/cmake/rclcpp_lifecycleConfig.cmake
-- Symlinking: /robofuzz/ros2_foxy/install/rclcpp_lifecycle/share/rclcpp_lifecycle/cmake/rclcpp_lifecycleConfig-version.cmake
-- Symlinking: /robofuzz/ros2_foxy/install/rclcpp_lifecycle/share/rclcpp_lifecycle/package.xml
-- Symlinking: /robofuzz/ros2_foxy/install/rclcpp_lifecycle/include/rclcpp_lifecycle/lifecycle_node.hpp
-- Symlinking: /robofuzz/ros2_foxy/install/rclcpp_lifecycle/include/rclcpp_lifecycle/lifecycle_node_impl.hpp
-- Symlinking: /robofuzz/ros2_foxy/install/rclcpp_lifecycle/include/rclcpp_lifecycle/lifecycle_publisher.hpp
-- Symlinking: /robofuzz/ros2_foxy/install/rclcpp_lifecycle/include/rclcpp_lifecycle/node_interfaces/lifecycle_node_interface.hpp
-- Symlinking: /robofuzz/ros2_foxy/install/rclcpp_lifecycle/include/rclcpp_lifecycle/state.hpp
-- Symlinking: /robofuzz/ros2_foxy/install/rclcpp_lifecycle/include/rclcpp_lifecycle/transition.hpp
-- Symlinking: /robofuzz/ros2_foxy/install/rclcpp_lifecycle/include/rclcpp_lifecycle/type_traits/is_manageable_node.hpp
-- Symlinking: /robofuzz/ros2_foxy/install/rclcpp_lifecycle/include/rclcpp_lifecycle/visibility_control.h
-- Installing: /robofuzz/ros2_foxy/install/rclcpp_lifecycle/lib/librclcpp_lifecycle.so
-- Set runtime path of "/robofuzz/ros2_foxy/install/rclcpp_lifecycle/lib/librclcpp_lifecycle.so" to ""
-- Installing: /robofuzz/ros2_foxy/install/rclcpp_lifecycle/share/rclcpp_lifecycle/cmake/rclcpp_lifecycleExport.cmake
-- Installing: /robofuzz/ros2_foxy/install/rclcpp_lifecycle/share/rclcpp_lifecycle/cmake/rclcpp_lifecycleExport-noconfig.cmake
