[0.202s] Invoking command in '/robofuzz/ros2_foxy/build/orocos_kdl': AMENT_PREFIX_PATH=/robofuzz/ros2_foxy/install/eigen3_cmake_module:${AMENT_PREFIX_PATH} CMAKE_PREFIX_PATH=/robofuzz/ros2_foxy/install/eigen3_cmake_module:/robofuzz/targets/moveit2_ws/install/moveit2_tutorials:/robofuzz/targets/moveit2_ws/install/moveit_visual_tools:/robofuzz/targets/moveit2_ws/install/rviz_visual_tools:/robofuzz/targets/turtlebot3_ws/install/turtlebot3:/robofuzz/targets/turtlebot3_ws/install/turtlebot3_simulations:/robofuzz/targets/turtlebot3_ws/install/turtlebot3_bringup:/robofuzz/targets/turtlebot3_ws/install/turtlebot3_node:/robofuzz/targets/turtlebot3_ws/install/turtlebot3_navigation2:/robofuzz/targets/turtlebot3_ws/install/turtlebot3_fake_node:/robofuzz/targets/turtlebot3_ws/install/turtlebot3_msgs:/robofuzz/targets/turtlebot3_ws/install/turtlebot3_gazebo:/robofuzz/targets/turtlebot3_ws/install/turtlebot3_description:/robofuzz/targets/turtlebot3_ws/install/turtlebot3_cartographer:/robofuzz/targets/turtlebot3_ws/install/hls_lfcd_lds_driver:/robofuzz/targets/turtlebot3_ws/install/dynamixel_sdk_examples:/robofuzz/targets/turtlebot3_ws/install/dynamixel_sdk_custom_interfaces:/robofuzz/targets/turtlebot3_ws/install/dynamixel_sdk:/robofuzz/targets/idltest_ws/install/idltest_target:/robofuzz/targets/idltest_ws/install/idltest_msgs:/robofuzz/targets/px4_ros_com_ros2/install/px4_ros_com:/robofuzz/targets/px4_ros_com_ros2/install/px4_msgs:/robofuzz/targets/turtlebot3_ws/install/turtlebot3_teleop:/robofuzz/targets/turtlebot3_ws/install/turtlebot3_example:/opt/ros/foxy /usr/bin/cmake /robofuzz/ros2_foxy/src/ros2/orocos_kinematics_dynamics/orocos_kdl -DCMAKE_INSTALL_PREFIX=/robofuzz/ros2_foxy/install/orocos_kdl
[0.440s] -- The C compiler identification is GNU 9.4.0
[0.595s] -- The CXX compiler identification is GNU 9.4.0
[0.614s] -- Check for working C compiler: /usr/bin/cc
[0.765s] -- Check for working C compiler: /usr/bin/cc -- works
[0.767s] -- Detecting C compiler ABI info
[0.901s] -- Detecting C compiler ABI info - done
[0.940s] -- Detecting C compile features
[0.940s] -- Detecting C compile features - done
[0.950s] -- Check for working CXX compiler: /usr/bin/c++
[1.095s] -- Check for working CXX compiler: /usr/bin/c++ -- works
[1.096s] -- Detecting CXX compiler ABI info
[1.270s] -- Detecting CXX compiler ABI info - done
[1.311s] -- Detecting CXX compile features
[1.313s] -- Detecting CXX compile features - done
[1.315s] -- Orocos KDL version  (1.4.0)
[1.315s] -- Setting build type to 'Release'
[1.333s] -- Using Eigen3 include dirs: /usr/include/eigen3
[1.340s] -- Performing Test HAVE_STL_CONTAINER_INCOMPLETE_TYPES
[2.074s] -- Performing Test HAVE_STL_CONTAINER_INCOMPLETE_TYPES - Success
[2.097s] -- Configuring done
[2.139s] -- Generating done
[2.143s] -- Build files have been written to: /robofuzz/ros2_foxy/build/orocos_kdl
[2.157s] Invoked command in '/robofuzz/ros2_foxy/build/orocos_kdl' returned '0': AMENT_PREFIX_PATH=/robofuzz/ros2_foxy/install/eigen3_cmake_module:${AMENT_PREFIX_PATH} CMAKE_PREFIX_PATH=/robofuzz/ros2_foxy/install/eigen3_cmake_module:/robofuzz/targets/moveit2_ws/install/moveit2_tutorials:/robofuzz/targets/moveit2_ws/install/moveit_visual_tools:/robofuzz/targets/moveit2_ws/install/rviz_visual_tools:/robofuzz/targets/turtlebot3_ws/install/turtlebot3:/robofuzz/targets/turtlebot3_ws/install/turtlebot3_simulations:/robofuzz/targets/turtlebot3_ws/install/turtlebot3_bringup:/robofuzz/targets/turtlebot3_ws/install/turtlebot3_node:/robofuzz/targets/turtlebot3_ws/install/turtlebot3_navigation2:/robofuzz/targets/turtlebot3_ws/install/turtlebot3_fake_node:/robofuzz/targets/turtlebot3_ws/install/turtlebot3_msgs:/robofuzz/targets/turtlebot3_ws/install/turtlebot3_gazebo:/robofuzz/targets/turtlebot3_ws/install/turtlebot3_description:/robofuzz/targets/turtlebot3_ws/install/turtlebot3_cartographer:/robofuzz/targets/turtlebot3_ws/install/hls_lfcd_lds_driver:/robofuzz/targets/turtlebot3_ws/install/dynamixel_sdk_examples:/robofuzz/targets/turtlebot3_ws/install/dynamixel_sdk_custom_interfaces:/robofuzz/targets/turtlebot3_ws/install/dynamixel_sdk:/robofuzz/targets/idltest_ws/install/idltest_target:/robofuzz/targets/idltest_ws/install/idltest_msgs:/robofuzz/targets/px4_ros_com_ros2/install/px4_ros_com:/robofuzz/targets/px4_ros_com_ros2/install/px4_msgs:/robofuzz/targets/turtlebot3_ws/install/turtlebot3_teleop:/robofuzz/targets/turtlebot3_ws/install/turtlebot3_example:/opt/ros/foxy /usr/bin/cmake /robofuzz/ros2_foxy/src/ros2/orocos_kinematics_dynamics/orocos_kdl -DCMAKE_INSTALL_PREFIX=/robofuzz/ros2_foxy/install/orocos_kdl
[2.159s] Invoking command in '/robofuzz/ros2_foxy/build/orocos_kdl': AMENT_PREFIX_PATH=/robofuzz/ros2_foxy/install/eigen3_cmake_module:${AMENT_PREFIX_PATH} CMAKE_PREFIX_PATH=/robofuzz/ros2_foxy/install/eigen3_cmake_module:/robofuzz/targets/moveit2_ws/install/moveit2_tutorials:/robofuzz/targets/moveit2_ws/install/moveit_visual_tools:/robofuzz/targets/moveit2_ws/install/rviz_visual_tools:/robofuzz/targets/turtlebot3_ws/install/turtlebot3:/robofuzz/targets/turtlebot3_ws/install/turtlebot3_simulations:/robofuzz/targets/turtlebot3_ws/install/turtlebot3_bringup:/robofuzz/targets/turtlebot3_ws/install/turtlebot3_node:/robofuzz/targets/turtlebot3_ws/install/turtlebot3_navigation2:/robofuzz/targets/turtlebot3_ws/install/turtlebot3_fake_node:/robofuzz/targets/turtlebot3_ws/install/turtlebot3_msgs:/robofuzz/targets/turtlebot3_ws/install/turtlebot3_gazebo:/robofuzz/targets/turtlebot3_ws/install/turtlebot3_description:/robofuzz/targets/turtlebot3_ws/install/turtlebot3_cartographer:/robofuzz/targets/turtlebot3_ws/install/hls_lfcd_lds_driver:/robofuzz/targets/turtlebot3_ws/install/dynamixel_sdk_examples:/robofuzz/targets/turtlebot3_ws/install/dynamixel_sdk_custom_interfaces:/robofuzz/targets/turtlebot3_ws/install/dynamixel_sdk:/robofuzz/targets/idltest_ws/install/idltest_target:/robofuzz/targets/idltest_ws/install/idltest_msgs:/robofuzz/targets/px4_ros_com_ros2/install/px4_ros_com:/robofuzz/targets/px4_ros_com_ros2/install/px4_msgs:/robofuzz/targets/turtlebot3_ws/install/turtlebot3_teleop:/robofuzz/targets/turtlebot3_ws/install/turtlebot3_example:/opt/ros/foxy /usr/bin/cmake --build /robofuzz/ros2_foxy/build/orocos_kdl -- -j12 -l12
[4.949s] [35m[1mScanning dependencies of target orocos-kdl[0m
[4.949s] [  1%] [32mBuilding CXX object src/CMakeFiles/orocos-kdl.dir/chain.cpp.o[0m
[4.950s] [  3%] [32mBuilding CXX object src/CMakeFiles/orocos-kdl.dir/articulatedbodyinertia.cpp.o[0m
[4.950s] [  4%] [32mBuilding CXX object src/CMakeFiles/orocos-kdl.dir/chaindynparam.cpp.o[0m
[4.950s] [  6%] [32mBuilding CXX object src/CMakeFiles/orocos-kdl.dir/chainfksolverpos_recursive.cpp.o[0m
[4.950s] [  7%] [32mBuilding CXX object src/CMakeFiles/orocos-kdl.dir/chainfksolvervel_recursive.cpp.o[0m
[4.950s] [  9%] [32mBuilding CXX object src/CMakeFiles/orocos-kdl.dir/chainfdsolver_recursive_newton_euler.cpp.o[0m
[4.951s] [ 10%] [32mBuilding CXX object src/CMakeFiles/orocos-kdl.dir/chainidsolver_vereshchagin.cpp.o[0m
[4.951s] [ 12%] [32mBuilding CXX object src/CMakeFiles/orocos-kdl.dir/chainidsolver_recursive_newton_euler.cpp.o[0m
[4.951s] [ 13%] [32mBuilding CXX object src/CMakeFiles/orocos-kdl.dir/chainiksolverpos_lma.cpp.o[0m
[4.951s] [ 15%] [32mBuilding CXX object src/CMakeFiles/orocos-kdl.dir/chainiksolverpos_nr.cpp.o[0m
[4.952s] [ 16%] [32mBuilding CXX object src/CMakeFiles/orocos-kdl.dir/chainiksolverpos_nr_jl.cpp.o[0m
[4.952s] [ 18%] [32mBuilding CXX object src/CMakeFiles/orocos-kdl.dir/chainiksolvervel_pinv_givens.cpp.o[0m
[4.952s] [ 20%] [32mBuilding CXX object src/CMakeFiles/orocos-kdl.dir/chainiksolvervel_pinv.cpp.o[0m
[5.526s] [ 21%] [32mBuilding CXX object src/CMakeFiles/orocos-kdl.dir/chainiksolvervel_pinv_nso.cpp.o[0m
[5.578s] [ 23%] [32mBuilding CXX object src/CMakeFiles/orocos-kdl.dir/chainiksolvervel_wdls.cpp.o[0m
[6.173s] [ 24%] [32mBuilding CXX object src/CMakeFiles/orocos-kdl.dir/chainjnttojacdotsolver.cpp.o[0m
[6.302s] [ 26%] [32mBuilding CXX object src/CMakeFiles/orocos-kdl.dir/chainjnttojacsolver.cpp.o[0m
[6.309s] [ 27%] [32mBuilding CXX object src/CMakeFiles/orocos-kdl.dir/frameacc.cpp.o[0m
[6.445s] [ 29%] [32mBuilding CXX object src/CMakeFiles/orocos-kdl.dir/frames.cpp.o[0m
[6.753s] [ 30%] [32mBuilding CXX object src/CMakeFiles/orocos-kdl.dir/frames_io.cpp.o[0m
[6.841s] [ 32%] [32mBuilding CXX object src/CMakeFiles/orocos-kdl.dir/framevel.cpp.o[0m
[6.888s] [ 33%] [32mBuilding CXX object src/CMakeFiles/orocos-kdl.dir/jacobian.cpp.o[0m
[7.331s] [ 35%] [32mBuilding CXX object src/CMakeFiles/orocos-kdl.dir/jntarray.cpp.o[0m
[7.361s] [ 36%] [32mBuilding CXX object src/CMakeFiles/orocos-kdl.dir/jntarrayacc.cpp.o[0m
[8.645s] [ 38%] [32mBuilding CXX object src/CMakeFiles/orocos-kdl.dir/jntarrayvel.cpp.o[0m
[8.685s] [ 40%] [32mBuilding CXX object src/CMakeFiles/orocos-kdl.dir/jntspaceinertiamatrix.cpp.o[0m
[8.949s] [ 41%] [32mBuilding CXX object src/CMakeFiles/orocos-kdl.dir/joint.cpp.o[0m
[9.390s] [ 43%] [32mBuilding CXX object src/CMakeFiles/orocos-kdl.dir/kinfam_io.cpp.o[0m
[9.745s] [ 44%] [32mBuilding CXX object src/CMakeFiles/orocos-kdl.dir/path.cpp.o[0m
[9.766s] [ 46%] [32mBuilding CXX object src/CMakeFiles/orocos-kdl.dir/path_circle.cpp.o[0m
[9.897s] [ 47%] [32mBuilding CXX object src/CMakeFiles/orocos-kdl.dir/path_composite.cpp.o[0m
[10.305s] [ 49%] [32mBuilding CXX object src/CMakeFiles/orocos-kdl.dir/path_line.cpp.o[0m
[10.323s] [ 50%] [32mBuilding CXX object src/CMakeFiles/orocos-kdl.dir/path_cyclic_closed.cpp.o[0m
[10.548s] [ 52%] [32mBuilding CXX object src/CMakeFiles/orocos-kdl.dir/path_point.cpp.o[0m
[10.902s] [ 53%] [32mBuilding CXX object src/CMakeFiles/orocos-kdl.dir/path_roundedcomposite.cpp.o[0m
[12.138s] [ 55%] [32mBuilding CXX object src/CMakeFiles/orocos-kdl.dir/rigidbodyinertia.cpp.o[0m
[12.195s] [ 56%] [32mBuilding CXX object src/CMakeFiles/orocos-kdl.dir/rotational_interpolation.cpp.o[0m
[12.453s] [ 58%] [32mBuilding CXX object src/CMakeFiles/orocos-kdl.dir/rotational_interpolation_sa.cpp.o[0m
[12.630s] [ 60%] [32mBuilding CXX object src/CMakeFiles/orocos-kdl.dir/rotationalinertia.cpp.o[0m
[12.974s] [ 61%] [32mBuilding CXX object src/CMakeFiles/orocos-kdl.dir/segment.cpp.o[0m
[13.326s] [ 63%] [32mBuilding CXX object src/CMakeFiles/orocos-kdl.dir/trajectory.cpp.o[0m
[13.469s] [ 64%] [32mBuilding CXX object src/CMakeFiles/orocos-kdl.dir/trajectory_composite.cpp.o[0m
[13.547s] [ 66%] [32mBuilding CXX object src/CMakeFiles/orocos-kdl.dir/trajectory_segment.cpp.o[0m
[13.878s] [ 67%] [32mBuilding CXX object src/CMakeFiles/orocos-kdl.dir/trajectory_stationary.cpp.o[0m
[14.458s] [ 69%] [32mBuilding CXX object src/CMakeFiles/orocos-kdl.dir/tree.cpp.o[0m
[14.971s] [ 70%] [32mBuilding CXX object src/CMakeFiles/orocos-kdl.dir/treefksolverpos_recursive.cpp.o[0m
[15.062s] [ 72%] [32mBuilding CXX object src/CMakeFiles/orocos-kdl.dir/treeidsolver_recursive_newton_euler.cpp.o[0m
[15.599s] [ 73%] [32mBuilding CXX object src/CMakeFiles/orocos-kdl.dir/treeiksolverpos_nr_jl.cpp.o[0m
[15.794s] [ 75%] [32mBuilding CXX object src/CMakeFiles/orocos-kdl.dir/treeiksolverpos_online.cpp.o[0m
[16.055s] [ 76%] [32mBuilding CXX object src/CMakeFiles/orocos-kdl.dir/treeiksolvervel_wdls.cpp.o[0m
[16.138s] [ 78%] [32mBuilding CXX object src/CMakeFiles/orocos-kdl.dir/treejnttojacsolver.cpp.o[0m
[16.366s] [ 80%] [32mBuilding CXX object src/CMakeFiles/orocos-kdl.dir/utilities/error_stack.cxx.o[0m
[16.698s] [ 81%] [32mBuilding CXX object src/CMakeFiles/orocos-kdl.dir/utilities/ldl_solver_eigen.cpp.o[0m
[16.884s] [ 83%] [32mBuilding CXX object src/CMakeFiles/orocos-kdl.dir/utilities/svd_HH.cpp.o[0m
[17.410s] [ 84%] [32mBuilding CXX object src/CMakeFiles/orocos-kdl.dir/utilities/svd_eigen_HH.cpp.o[0m
[17.974s] [ 86%] [32mBuilding CXX object src/CMakeFiles/orocos-kdl.dir/utilities/svd_eigen_Macie.cpp.o[0m
[18.007s] [ 87%] [32mBuilding CXX object src/CMakeFiles/orocos-kdl.dir/utilities/utility.cxx.o[0m
[18.247s] [ 89%] [32mBuilding CXX object src/CMakeFiles/orocos-kdl.dir/utilities/utility_io.cxx.o[0m
[18.468s] [ 90%] [32mBuilding CXX object src/CMakeFiles/orocos-kdl.dir/velocityprofile.cpp.o[0m
[19.203s] [ 92%] [32mBuilding CXX object src/CMakeFiles/orocos-kdl.dir/velocityprofile_dirac.cpp.o[0m
[19.270s] [ 93%] [32mBuilding CXX object src/CMakeFiles/orocos-kdl.dir/velocityprofile_rect.cpp.o[0m
[19.360s] [ 95%] [32mBuilding CXX object src/CMakeFiles/orocos-kdl.dir/velocityprofile_spline.cpp.o[0m
[19.416s] [ 96%] [32mBuilding CXX object src/CMakeFiles/orocos-kdl.dir/velocityprofile_trap.cpp.o[0m
[19.734s] [ 98%] [32mBuilding CXX object src/CMakeFiles/orocos-kdl.dir/velocityprofile_traphalf.cpp.o[0m
[25.415s] [100%] [32m[1mLinking CXX shared library liborocos-kdl.so[0m
[25.659s] [100%] Built target orocos-kdl
