running develop
running egg_info
creating tracetools_read.egg-info
writing tracetools_read.egg-info/PKG-INFO
writing dependency_links to tracetools_read.egg-info/dependency_links.txt
writing requirements to tracetools_read.egg-info/requires.txt
writing top-level names to tracetools_read.egg-info/top_level.txt
writing manifest file 'tracetools_read.egg-info/SOURCES.txt'
reading manifest file 'tracetools_read.egg-info/SOURCES.txt'
writing manifest file 'tracetools_read.egg-info/SOURCES.txt'
running build_ext
Creating /robofuzz/ros2_foxy/install/tracetools_read/lib/python3.8/site-packages/site.py
Creating /robofuzz/ros2_foxy/install/tracetools_read/lib/python3.8/site-packages/tracetools-read.egg-link (link to .)

Installed /robofuzz/ros2_foxy/build/tracetools_read
running install_data
copying package.xml -> /robofuzz/ros2_foxy/install/tracetools_read/share/tracetools_read
creating /robofuzz/ros2_foxy/install/tracetools_read/share/ament_index
creating /robofuzz/ros2_foxy/install/tracetools_read/share/ament_index/resource_index
creating /robofuzz/ros2_foxy/install/tracetools_read/share/ament_index/resource_index/packages
copying resource/tracetools_read -> /robofuzz/ros2_foxy/install/tracetools_read/share/ament_index/resource_index/packages
