running develop
running egg_info
creating ros2trace.egg-info
writing ros2trace.egg-info/PKG-INFO
writing dependency_links to ros2trace.egg-info/dependency_links.txt
writing entry points to ros2trace.egg-info/entry_points.txt
writing requirements to ros2trace.egg-info/requires.txt
writing top-level names to ros2trace.egg-info/top_level.txt
writing manifest file 'ros2trace.egg-info/SOURCES.txt'
reading manifest file 'ros2trace.egg-info/SOURCES.txt'
writing manifest file 'ros2trace.egg-info/SOURCES.txt'
running build_ext
Creating /robofuzz/ros2_foxy/install/ros2trace/lib/python3.8/site-packages/site.py
Creating /robofuzz/ros2_foxy/install/ros2trace/lib/python3.8/site-packages/ros2trace.egg-link (link to .)

Installed /robofuzz/ros2_foxy/build/ros2trace
running install_data
copying package.xml -> /robofuzz/ros2_foxy/install/ros2trace/share/ros2trace
creating /robofuzz/ros2_foxy/install/ros2trace/share/ament_index
creating /robofuzz/ros2_foxy/install/ros2trace/share/ament_index/resource_index
creating /robofuzz/ros2_foxy/install/ros2trace/share/ament_index/resource_index/packages
copying resource/ros2trace -> /robofuzz/ros2_foxy/install/ros2trace/share/ament_index/resource_index/packages
