-- The C compiler identification is GNU 9.4.0
-- The CXX compiler identification is GNU 9.4.0
-- Check for working C compiler: /usr/bin/cc
-- Check for working C compiler: /usr/bin/cc -- works
-- Detecting C compiler ABI info
-- Detecting C compiler ABI info - done
-- Detecting C compile features
-- Detecting C compile features - done
-- Check for working CXX compiler: /usr/bin/c++
-- Check for working CXX compiler: /usr/bin/c++ -- works
-- Detecting CXX compiler ABI info
-- Detecting CXX compiler ABI info - done
-- Detecting CXX compile features
-- Detecting CXX compile features - done
-- Found ament_cmake: 0.9.10 (/robofuzz/ros2_foxy/install/ament_cmake/share/ament_cmake/cmake)
-- Found PythonInterp: /usr/bin/python3 (found suitable version "3.8.10", minimum required is "3") 
-- Using PYTHON_EXECUTABLE: /usr/bin/python3
-- Override CMake install command with custom implementation using symlinks instead of copying resources
-- Found ament_cmake_pytest: 0.9.10 (/robofuzz/ros2_foxy/install/ament_cmake_pytest/share/ament_cmake_pytest/cmake)
-- Found ament_lint_auto: 0.9.7 (/robofuzz/ros2_foxy/install/ament_lint_auto/share/ament_lint_auto/cmake)
-- Added test 'flake8' to check Python code syntax and style conventions
-- Added test 'lint_cmake' to check CMake code style
-- Added test 'pep257' to check Python code against some of the style conventions in PEP 257
-- Added test 'xmllint' to check XML markup files
-- Configuring done
-- Generating done
-- Build files have been written to: /robofuzz/ros2_foxy/build/python_qt_binding
-- Install configuration: ""
-- Execute custom install script
-- Symlinking: /robofuzz/ros2_foxy/install/python_qt_binding/share/python_qt_binding/environment/pythonpath.sh
-- Symlinking: /robofuzz/ros2_foxy/install/python_qt_binding/share/python_qt_binding/environment/pythonpath.dsv
-- Symlinking: /robofuzz/ros2_foxy/install/python_qt_binding/lib/python3.8/site-packages/python_qt_binding/__init__.py
-- Symlinking: /robofuzz/ros2_foxy/install/python_qt_binding/lib/python3.8/site-packages/python_qt_binding/binding_helper.py
-- Symlinking: /robofuzz/ros2_foxy/install/python_qt_binding/share/python_qt_binding/cmake/shiboken_helper.cmake
-- Symlinking: /robofuzz/ros2_foxy/install/python_qt_binding/share/python_qt_binding/cmake/sip_configure.py
-- Symlinking: /robofuzz/ros2_foxy/install/python_qt_binding/share/python_qt_binding/cmake/sip_helper.cmake
-- Symlinking: /robofuzz/ros2_foxy/install/python_qt_binding/share/ament_index/resource_index/package_run_dependencies/python_qt_binding
-- Symlinking: /robofuzz/ros2_foxy/install/python_qt_binding/share/ament_index/resource_index/parent_prefix_path/python_qt_binding
-- Symlinking: /robofuzz/ros2_foxy/install/python_qt_binding/share/python_qt_binding/environment/ament_prefix_path.sh
-- Symlinking: /robofuzz/ros2_foxy/install/python_qt_binding/share/python_qt_binding/environment/ament_prefix_path.dsv
-- Symlinking: /robofuzz/ros2_foxy/install/python_qt_binding/share/python_qt_binding/environment/path.sh
-- Symlinking: /robofuzz/ros2_foxy/install/python_qt_binding/share/python_qt_binding/environment/path.dsv
-- Symlinking: /robofuzz/ros2_foxy/install/python_qt_binding/share/python_qt_binding/local_setup.bash
-- Symlinking: /robofuzz/ros2_foxy/install/python_qt_binding/share/python_qt_binding/local_setup.sh
-- Symlinking: /robofuzz/ros2_foxy/install/python_qt_binding/share/python_qt_binding/local_setup.zsh
-- Symlinking: /robofuzz/ros2_foxy/install/python_qt_binding/share/python_qt_binding/local_setup.dsv
-- Symlinking: /robofuzz/ros2_foxy/install/python_qt_binding/share/python_qt_binding/package.dsv
-- Symlinking: /robofuzz/ros2_foxy/install/python_qt_binding/share/ament_index/resource_index/packages/python_qt_binding
-- Symlinking: /robofuzz/ros2_foxy/install/python_qt_binding/share/python_qt_binding/cmake/python_qt_bindingConfig.cmake
-- Symlinking: /robofuzz/ros2_foxy/install/python_qt_binding/share/python_qt_binding/cmake/python_qt_bindingConfig-version.cmake
-- Symlinking: /robofuzz/ros2_foxy/install/python_qt_binding/share/python_qt_binding/package.xml
Listing '/robofuzz/ros2_foxy/install/python_qt_binding/lib/python3.8/site-packages/python_qt_binding'...
Compiling '/robofuzz/ros2_foxy/install/python_qt_binding/lib/python3.8/site-packages/python_qt_binding/__init__.py'...
Compiling '/robofuzz/ros2_foxy/install/python_qt_binding/lib/python3.8/site-packages/python_qt_binding/binding_helper.py'...
