running develop
running egg_info
creating ros2cli.egg-info
writing ros2cli.egg-info/PKG-INFO
writing dependency_links to ros2cli.egg-info/dependency_links.txt
writing entry points to ros2cli.egg-info/entry_points.txt
writing requirements to ros2cli.egg-info/requires.txt
writing top-level names to ros2cli.egg-info/top_level.txt
writing manifest file 'ros2cli.egg-info/SOURCES.txt'
reading manifest file 'ros2cli.egg-info/SOURCES.txt'
writing manifest file 'ros2cli.egg-info/SOURCES.txt'
running build_ext
Creating /robofuzz/ros2_foxy/install/ros2cli/lib/python3.8/site-packages/site.py
Creating /robofuzz/ros2_foxy/install/ros2cli/lib/python3.8/site-packages/ros2cli.egg-link (link to .)
Installing _ros2_daemon script to /robofuzz/ros2_foxy/install/ros2cli/bin
Installing ros2 script to /robofuzz/ros2_foxy/install/ros2cli/bin

Installed /robofuzz/ros2_foxy/build/ros2cli
running install_data
creating /robofuzz/ros2_foxy/install/ros2cli/share/ament_index
creating /robofuzz/ros2_foxy/install/ros2cli/share/ament_index/resource_index
creating /robofuzz/ros2_foxy/install/ros2cli/share/ament_index/resource_index/packages
copying resource/ros2cli -> /robofuzz/ros2_foxy/install/ros2cli/share/ament_index/resource_index/packages
copying package.xml -> /robofuzz/ros2_foxy/install/ros2cli/share/ros2cli
copying resource/package.dsv -> /robofuzz/ros2_foxy/install/ros2cli/share/ros2cli
creating /robofuzz/ros2_foxy/install/ros2cli/share/ros2cli/environment
copying completion/ros2-argcomplete.bash -> /robofuzz/ros2_foxy/install/ros2cli/share/ros2cli/environment
copying completion/ros2-argcomplete.zsh -> /robofuzz/ros2_foxy/install/ros2cli/share/ros2cli/environment
