running develop
running egg_info
creating src/rqt_py_console.egg-info
writing src/rqt_py_console.egg-info/PKG-INFO
writing dependency_links to src/rqt_py_console.egg-info/dependency_links.txt
writing entry points to src/rqt_py_console.egg-info/entry_points.txt
writing requirements to src/rqt_py_console.egg-info/requires.txt
writing top-level names to src/rqt_py_console.egg-info/top_level.txt
writing manifest file 'src/rqt_py_console.egg-info/SOURCES.txt'
reading manifest file 'src/rqt_py_console.egg-info/SOURCES.txt'
writing manifest file 'src/rqt_py_console.egg-info/SOURCES.txt'
running build_ext
Creating /robofuzz/ros2_foxy/install/rqt_py_console/lib/python3.8/site-packages/site.py
Creating /robofuzz/ros2_foxy/install/rqt_py_console/lib/python3.8/site-packages/rqt-py-console.egg-link (link to src)
Installing rqt_py_console script to /robofuzz/ros2_foxy/install/rqt_py_console/lib/rqt_py_console

Installed /robofuzz/ros2_foxy/build/rqt_py_console/src
running install_data
creating /robofuzz/ros2_foxy/install/rqt_py_console/share/ament_index
creating /robofuzz/ros2_foxy/install/rqt_py_console/share/ament_index/resource_index
creating /robofuzz/ros2_foxy/install/rqt_py_console/share/ament_index/resource_index/packages
copying resource/rqt_py_console -> /robofuzz/ros2_foxy/install/rqt_py_console/share/ament_index/resource_index/packages
creating /robofuzz/ros2_foxy/install/rqt_py_console/share/rqt_py_console/resource
copying resource/py_console_widget.ui -> /robofuzz/ros2_foxy/install/rqt_py_console/share/rqt_py_console/resource
copying package.xml -> /robofuzz/ros2_foxy/install/rqt_py_console/share/rqt_py_console
copying plugin.xml -> /robofuzz/ros2_foxy/install/rqt_py_console/share/rqt_py_console
