running develop
running egg_info
creating launch_ros.egg-info
writing launch_ros.egg-info/PKG-INFO
writing dependency_links to launch_ros.egg-info/dependency_links.txt
writing entry points to launch_ros.egg-info/entry_points.txt
writing requirements to launch_ros.egg-info/requires.txt
writing top-level names to launch_ros.egg-info/top_level.txt
writing manifest file 'launch_ros.egg-info/SOURCES.txt'
reading manifest file 'launch_ros.egg-info/SOURCES.txt'
writing manifest file 'launch_ros.egg-info/SOURCES.txt'
running build_ext
Creating /robofuzz/ros2_foxy/install/launch_ros/lib/python3.8/site-packages/site.py
Creating /robofuzz/ros2_foxy/install/launch_ros/lib/python3.8/site-packages/launch-ros.egg-link (link to .)

Installed /robofuzz/ros2_foxy/build/launch_ros
running install_data
copying package.xml -> /robofuzz/ros2_foxy/install/launch_ros/share/launch_ros
creating /robofuzz/ros2_foxy/install/launch_ros/share/ament_index
creating /robofuzz/ros2_foxy/install/launch_ros/share/ament_index/resource_index
creating /robofuzz/ros2_foxy/install/launch_ros/share/ament_index/resource_index/packages
copying resource/launch_ros -> /robofuzz/ros2_foxy/install/launch_ros/share/ament_index/resource_index/packages
