running develop
running egg_info
creating ros2service.egg-info
writing ros2service.egg-info/PKG-INFO
writing dependency_links to ros2service.egg-info/dependency_links.txt
writing entry points to ros2service.egg-info/entry_points.txt
writing requirements to ros2service.egg-info/requires.txt
writing top-level names to ros2service.egg-info/top_level.txt
writing manifest file 'ros2service.egg-info/SOURCES.txt'
reading manifest file 'ros2service.egg-info/SOURCES.txt'
writing manifest file 'ros2service.egg-info/SOURCES.txt'
running build_ext
Creating /robofuzz/ros2_foxy/install/ros2service/lib/python3.8/site-packages/site.py
Creating /robofuzz/ros2_foxy/install/ros2service/lib/python3.8/site-packages/ros2service.egg-link (link to .)

Installed /robofuzz/ros2_foxy/build/ros2service
running install_data
copying package.xml -> /robofuzz/ros2_foxy/install/ros2service/share/ros2service
creating /robofuzz/ros2_foxy/install/ros2service/share/ament_index
creating /robofuzz/ros2_foxy/install/ros2service/share/ament_index/resource_index
creating /robofuzz/ros2_foxy/install/ros2service/share/ament_index/resource_index/packages
copying resource/ros2service -> /robofuzz/ros2_foxy/install/ros2service/share/ament_index/resource_index/packages
