[1.251s] Invoking command in '/robofuzz/ros2_foxy/build/urdfdom_headers': /usr/bin/cmake --build /robofuzz/ros2_foxy/build/urdfdom_headers -- -j12 -l12
[1.578s] Invoked command in '/robofuzz/ros2_foxy/build/urdfdom_headers' returned '0': /usr/bin/cmake --build /robofuzz/ros2_foxy/build/urdfdom_headers -- -j12 -l12
[1.659s] Invoking command in '/robofuzz/ros2_foxy/build/urdfdom_headers': /usr/bin/cmake --install /robofuzz/ros2_foxy/build/urdfdom_headers
[1.751s] -- Install configuration: ""
[1.768s] -- Up-to-date: /robofuzz/ros2_foxy/install/urdfdom_headers/lib/urdfdom_headers/cmake/urdfdom_headers-config.cmake
[1.769s] -- Up-to-date: /robofuzz/ros2_foxy/install/urdfdom_headers/lib/urdfdom_headers/cmake/urdfdom_headers-config-version.cmake
[1.769s] -- Up-to-date: /robofuzz/ros2_foxy/install/urdfdom_headers/lib/pkgconfig/urdfdom_headers.pc
[1.775s] -- Up-to-date: /robofuzz/ros2_foxy/install/urdfdom_headers/lib/urdfdom_headers/cmake/urdfdom_headersExport.cmake
[1.775s] -- Up-to-date: /robofuzz/ros2_foxy/install/urdfdom_headers/include/urdf_sensor
[1.776s] -- Up-to-date: /robofuzz/ros2_foxy/install/urdfdom_headers/include/urdf_sensor/types.h
[1.776s] -- Up-to-date: /robofuzz/ros2_foxy/install/urdfdom_headers/include/urdf_sensor/sensor.h
[1.777s] -- Up-to-date: /robofuzz/ros2_foxy/install/urdfdom_headers/include/urdf_model
[1.778s] -- Up-to-date: /robofuzz/ros2_foxy/install/urdfdom_headers/include/urdf_model/joint.h
[1.778s] -- Up-to-date: /robofuzz/ros2_foxy/install/urdfdom_headers/include/urdf_model/pose.h
[1.778s] -- Up-to-date: /robofuzz/ros2_foxy/install/urdfdom_headers/include/urdf_model/utils.h
[1.778s] -- Up-to-date: /robofuzz/ros2_foxy/install/urdfdom_headers/include/urdf_model/model.h
[1.779s] -- Up-to-date: /robofuzz/ros2_foxy/install/urdfdom_headers/include/urdf_model/color.h
[1.779s] -- Up-to-date: /robofuzz/ros2_foxy/install/urdfdom_headers/include/urdf_model/twist.h
[1.779s] -- Up-to-date: /robofuzz/ros2_foxy/install/urdfdom_headers/include/urdf_model/link.h
[1.780s] -- Up-to-date: /robofuzz/ros2_foxy/install/urdfdom_headers/include/urdf_model/types.h
[1.780s] -- Up-to-date: /robofuzz/ros2_foxy/install/urdfdom_headers/include/urdf_model_state
[1.781s] -- Up-to-date: /robofuzz/ros2_foxy/install/urdfdom_headers/include/urdf_model_state/model_state.h
[1.781s] -- Up-to-date: /robofuzz/ros2_foxy/install/urdfdom_headers/include/urdf_model_state/twist.h
[1.781s] -- Up-to-date: /robofuzz/ros2_foxy/install/urdfdom_headers/include/urdf_model_state/types.h
[1.782s] -- Up-to-date: /robofuzz/ros2_foxy/install/urdfdom_headers/include/urdf_world
[1.784s] -- Up-to-date: /robofuzz/ros2_foxy/install/urdfdom_headers/include/urdf_world/world.h
[1.784s] -- Up-to-date: /robofuzz/ros2_foxy/install/urdfdom_headers/include/urdf_world/types.h
[1.785s] -- Up-to-date: /robofuzz/ros2_foxy/install/urdfdom_headers/include/urdf_exception
[1.785s] -- Up-to-date: /robofuzz/ros2_foxy/install/urdfdom_headers/include/urdf_exception/exception.h
[1.876s] Invoked command in '/robofuzz/ros2_foxy/build/urdfdom_headers' returned '0': /usr/bin/cmake --install /robofuzz/ros2_foxy/build/urdfdom_headers
