-- The C compiler identification is GNU 9.4.0
-- The CXX compiler identification is GNU 9.4.0
-- Check for working C compiler: /usr/bin/cc
-- Check for working C compiler: /usr/bin/cc -- works
-- Detecting C compiler ABI info
-- Detecting C compiler ABI info - done
-- Detecting C compile features
-- Detecting C compile features - done
-- Check for working CXX compiler: /usr/bin/c++
-- Check for working CXX compiler: /usr/bin/c++ -- works
-- Detecting CXX compiler ABI info
-- Detecting CXX compiler ABI info - done
-- Detecting CXX compile features
-- Detecting CXX compile features - done
-- Found ament_cmake_ros: 0.9.2 (/robofuzz/ros2_foxy/install/ament_cmake_ros/share/ament_cmake_ros/cmake)
-- Found PythonInterp: /usr/bin/python3 (found suitable version "3.8.10", minimum required is "3") 
-- Using PYTHON_EXECUTABLE: /usr/bin/python3
-- Override CMake install command with custom implementation using symlinks instead of copying resources
-- Found connext_cmake_module: 1.0.3 (/robofuzz/ros2_foxy/install/connext_cmake_module/share/connext_cmake_module/cmake)
-- Configuring done
-- Generating done
-- Build files have been written to: /robofuzz/ros2_foxy/build/rmw_connext_shared_cpp
-- Install configuration: ""
-- Execute custom install script
-- Symlinking: /robofuzz/ros2_foxy/install/rmw_connext_shared_cpp/share/ament_index/resource_index/package_run_dependencies/rmw_connext_shared_cpp
-- Symlinking: /robofuzz/ros2_foxy/install/rmw_connext_shared_cpp/share/ament_index/resource_index/parent_prefix_path/rmw_connext_shared_cpp
-- Symlinking: /robofuzz/ros2_foxy/install/rmw_connext_shared_cpp/share/rmw_connext_shared_cpp/environment/ament_prefix_path.sh
-- Symlinking: /robofuzz/ros2_foxy/install/rmw_connext_shared_cpp/share/rmw_connext_shared_cpp/environment/ament_prefix_path.dsv
-- Symlinking: /robofuzz/ros2_foxy/install/rmw_connext_shared_cpp/share/rmw_connext_shared_cpp/environment/path.sh
-- Symlinking: /robofuzz/ros2_foxy/install/rmw_connext_shared_cpp/share/rmw_connext_shared_cpp/environment/path.dsv
-- Symlinking: /robofuzz/ros2_foxy/install/rmw_connext_shared_cpp/share/rmw_connext_shared_cpp/local_setup.bash
-- Symlinking: /robofuzz/ros2_foxy/install/rmw_connext_shared_cpp/share/rmw_connext_shared_cpp/local_setup.sh
-- Symlinking: /robofuzz/ros2_foxy/install/rmw_connext_shared_cpp/share/rmw_connext_shared_cpp/local_setup.zsh
-- Symlinking: /robofuzz/ros2_foxy/install/rmw_connext_shared_cpp/share/rmw_connext_shared_cpp/local_setup.dsv
-- Symlinking: /robofuzz/ros2_foxy/install/rmw_connext_shared_cpp/share/rmw_connext_shared_cpp/package.dsv
-- Symlinking: /robofuzz/ros2_foxy/install/rmw_connext_shared_cpp/share/ament_index/resource_index/packages/rmw_connext_shared_cpp
-- Symlinking: /robofuzz/ros2_foxy/install/rmw_connext_shared_cpp/share/rmw_connext_shared_cpp/cmake/rmw_connext_shared_cppConfig.cmake
-- Symlinking: /robofuzz/ros2_foxy/install/rmw_connext_shared_cpp/share/rmw_connext_shared_cpp/cmake/rmw_connext_shared_cppConfig-version.cmake
-- Symlinking: /robofuzz/ros2_foxy/install/rmw_connext_shared_cpp/share/rmw_connext_shared_cpp/package.xml
