running develop
running egg_info
creating src/rqt_srv.egg-info
writing src/rqt_srv.egg-info/PKG-INFO
writing dependency_links to src/rqt_srv.egg-info/dependency_links.txt
writing entry points to src/rqt_srv.egg-info/entry_points.txt
writing requirements to src/rqt_srv.egg-info/requires.txt
writing top-level names to src/rqt_srv.egg-info/top_level.txt
writing manifest file 'src/rqt_srv.egg-info/SOURCES.txt'
reading manifest file 'src/rqt_srv.egg-info/SOURCES.txt'
writing manifest file 'src/rqt_srv.egg-info/SOURCES.txt'
running build_ext
Creating /robofuzz/ros2_foxy/install/rqt_srv/lib/python3.8/site-packages/site.py
Creating /robofuzz/ros2_foxy/install/rqt_srv/lib/python3.8/site-packages/rqt-srv.egg-link (link to src)
Installing rqt_srv script to /robofuzz/ros2_foxy/install/rqt_srv/lib/rqt_srv

Installed /robofuzz/ros2_foxy/build/rqt_srv/src
running install_data
creating /robofuzz/ros2_foxy/install/rqt_srv/share/ament_index
creating /robofuzz/ros2_foxy/install/rqt_srv/share/ament_index/resource_index
creating /robofuzz/ros2_foxy/install/rqt_srv/share/ament_index/resource_index/packages
copying resource/rqt_srv -> /robofuzz/ros2_foxy/install/rqt_srv/share/ament_index/resource_index/packages
copying package.xml -> /robofuzz/ros2_foxy/install/rqt_srv/share/rqt_srv
copying plugin.xml -> /robofuzz/ros2_foxy/install/rqt_srv/share/rqt_srv
