-- The C compiler identification is GNU 9.4.0
-- The CXX compiler identification is GNU 9.4.0
-- Check for working C compiler: /usr/bin/cc
-- Check for working C compiler: /usr/bin/cc -- works
-- Detecting C compiler ABI info
-- Detecting C compiler ABI info - done
-- Detecting C compile features
-- Detecting C compile features - done
-- Check for working CXX compiler: /usr/bin/c++
-- Check for working CXX compiler: /usr/bin/c++ -- works
-- Detecting CXX compiler ABI info
-- Detecting CXX compiler ABI info - done
-- Detecting CXX compile features
-- Detecting CXX compile features - done
-- Found ament_cmake: 0.9.10 (/robofuzz/ros2_foxy/install/ament_cmake/share/ament_cmake/cmake)
-- Found PythonInterp: /usr/bin/python3 (found suitable version "3.8.10", minimum required is "3") 
-- Using PYTHON_EXECUTABLE: /usr/bin/python3
-- Override CMake install command with custom implementation using symlinks instead of copying resources
-- Found ament_index_cpp: 1.1.0 (/robofuzz/ros2_foxy/install/ament_index_cpp/share/ament_index_cpp/cmake)
-- Found class_loader: 2.0.3 (/robofuzz/ros2_foxy/install/class_loader/share/class_loader/cmake)
-- Found tinyxml2_vendor: 0.7.4 (/robofuzz/ros2_foxy/install/tinyxml2_vendor/share/tinyxml2_vendor/cmake)
-- Found TinyXML2: /usr/lib/x86_64-linux-gnu/libtinyxml2.so  
-- Found ament_cmake_gtest: 0.9.10 (/robofuzz/ros2_foxy/install/ament_cmake_gtest/share/ament_cmake_gtest/cmake)
-- Found gtest sources under '/robofuzz/ros2_foxy/install/gtest_vendor/src/gtest_vendor': C++ tests using 'Google Test' will be built
-- Looking for pthread.h
-- Looking for pthread.h - found
-- Performing Test CMAKE_HAVE_LIBC_PTHREAD
-- Performing Test CMAKE_HAVE_LIBC_PTHREAD - Failed
-- Check if compiler accepts -pthread
-- Check if compiler accepts -pthread - yes
-- Found Threads: TRUE  
-- Configuring done
-- Generating done
-- Build files have been written to: /robofuzz/ros2_foxy/build/pluginlib
[35m[1mScanning dependencies of target test_plugins[0m
[ 10%] [32mBuilding CXX object CMakeFiles/test_plugins.dir/test/test_plugins.cpp.o[0m
[ 20%] [32m[1mLinking CXX shared library libtest_plugins.so[0m
[ 20%] Built target test_plugins
[35m[1mScanning dependencies of target pluginlib_enable_plugin_testing__test_pluginlib__test_pluginlib[0m
[35m[1mScanning dependencies of target gtest_main[0m
[ 20%] Built target pluginlib_enable_plugin_testing__test_pluginlib__test_pluginlib
[ 30%] [32mBuilding CXX object gtest/CMakeFiles/gtest_main.dir/src/gtest_main.cc.o[0m
[35m[1mScanning dependencies of target gtest[0m
[ 40%] [32mBuilding CXX object gtest/CMakeFiles/gtest.dir/src/gtest-all.cc.o[0m
[ 50%] [32m[1mLinking CXX static library libgtest_main.a[0m
[ 50%] Built target gtest_main
[ 60%] [32m[1mLinking CXX static library libgtest.a[0m
[ 60%] Built target gtest
[35m[1mScanning dependencies of target pluginlib_utest[0m
[35m[1mScanning dependencies of target pluginlib_unique_ptr_test[0m
[ 70%] [32mBuilding CXX object CMakeFiles/pluginlib_unique_ptr_test.dir/test/unique_ptr_test.cpp.o[0m
[ 80%] [32mBuilding CXX object CMakeFiles/pluginlib_utest.dir/test/utest.cpp.o[0m
[ 90%] [32m[1mLinking CXX executable pluginlib_unique_ptr_test[0m
[ 90%] Built target pluginlib_unique_ptr_test
[100%] [32m[1mLinking CXX executable pluginlib_utest[0m
[100%] Built target pluginlib_utest
-- Install configuration: ""
-- Execute custom install script
-- Symlinking: /robofuzz/ros2_foxy/install/pluginlib/share/pluginlib/cmake/blank.in
-- Symlinking: /robofuzz/ros2_foxy/install/pluginlib/share/pluginlib/cmake/pluginlib_enable_plugin_testing.cmake
-- Symlinking: /robofuzz/ros2_foxy/install/pluginlib/share/pluginlib/cmake/pluginlib_export_plugin_description_file.cmake
-- Symlinking: /robofuzz/ros2_foxy/install/pluginlib/share/pluginlib/cmake/pluginlib_package_hook.cmake
-- Symlinking: /robofuzz/ros2_foxy/install/pluginlib/include/pluginlib/class_desc.h
-- Symlinking: /robofuzz/ros2_foxy/install/pluginlib/include/pluginlib/class_desc.hpp
-- Symlinking: /robofuzz/ros2_foxy/install/pluginlib/include/pluginlib/class_list_macros.h
-- Symlinking: /robofuzz/ros2_foxy/install/pluginlib/include/pluginlib/class_list_macros.hpp
-- Symlinking: /robofuzz/ros2_foxy/install/pluginlib/include/pluginlib/class_loader.h
-- Symlinking: /robofuzz/ros2_foxy/install/pluginlib/include/pluginlib/class_loader.hpp
-- Symlinking: /robofuzz/ros2_foxy/install/pluginlib/include/pluginlib/class_loader_base.h
-- Symlinking: /robofuzz/ros2_foxy/install/pluginlib/include/pluginlib/class_loader_base.hpp
-- Symlinking: /robofuzz/ros2_foxy/install/pluginlib/include/pluginlib/class_loader_imp.h
-- Symlinking: /robofuzz/ros2_foxy/install/pluginlib/include/pluginlib/class_loader_imp.hpp
-- Symlinking: /robofuzz/ros2_foxy/install/pluginlib/include/pluginlib/exceptions.hpp
-- Symlinking: /robofuzz/ros2_foxy/install/pluginlib/include/pluginlib/impl/filesystem_helper.hpp
-- Symlinking: /robofuzz/ros2_foxy/install/pluginlib/include/pluginlib/impl/split.hpp
-- Symlinking: /robofuzz/ros2_foxy/install/pluginlib/include/pluginlib/pluginlib_exceptions.h
-- Symlinking: /robofuzz/ros2_foxy/install/pluginlib/share/ament_index/resource_index/package_run_dependencies/pluginlib
-- Symlinking: /robofuzz/ros2_foxy/install/pluginlib/share/ament_index/resource_index/parent_prefix_path/pluginlib
-- Symlinking: /robofuzz/ros2_foxy/install/pluginlib/share/pluginlib/environment/ament_prefix_path.sh
-- Symlinking: /robofuzz/ros2_foxy/install/pluginlib/share/pluginlib/environment/ament_prefix_path.dsv
-- Symlinking: /robofuzz/ros2_foxy/install/pluginlib/share/pluginlib/environment/path.sh
-- Symlinking: /robofuzz/ros2_foxy/install/pluginlib/share/pluginlib/environment/path.dsv
-- Symlinking: /robofuzz/ros2_foxy/install/pluginlib/share/pluginlib/local_setup.bash
-- Symlinking: /robofuzz/ros2_foxy/install/pluginlib/share/pluginlib/local_setup.sh
-- Symlinking: /robofuzz/ros2_foxy/install/pluginlib/share/pluginlib/local_setup.zsh
-- Symlinking: /robofuzz/ros2_foxy/install/pluginlib/share/pluginlib/local_setup.dsv
-- Symlinking: /robofuzz/ros2_foxy/install/pluginlib/share/pluginlib/package.dsv
-- Symlinking: /robofuzz/ros2_foxy/install/pluginlib/share/ament_index/resource_index/packages/pluginlib
-- Symlinking: /robofuzz/ros2_foxy/install/pluginlib/share/pluginlib/cmake/pluginlib-extras.cmake
-- Symlinking: /robofuzz/ros2_foxy/install/pluginlib/share/pluginlib/cmake/ament_cmake_export_dependencies-extras.cmake
-- Symlinking: /robofuzz/ros2_foxy/install/pluginlib/share/pluginlib/cmake/ament_cmake_export_include_directories-extras.cmake
-- Symlinking: /robofuzz/ros2_foxy/install/pluginlib/share/pluginlib/cmake/ament_cmake_export_targets-extras.cmake
-- Symlinking: /robofuzz/ros2_foxy/install/pluginlib/share/pluginlib/cmake/pluginlibConfig.cmake
-- Symlinking: /robofuzz/ros2_foxy/install/pluginlib/share/pluginlib/cmake/pluginlibConfig-version.cmake
-- Symlinking: /robofuzz/ros2_foxy/install/pluginlib/share/pluginlib/package.xml
-- Installing: /robofuzz/ros2_foxy/install/pluginlib/share/pluginlib/cmake/pluginlibExport.cmake
