-- The C compiler identification is GNU 9.4.0
-- The CXX compiler identification is GNU 9.4.0
-- Check for working C compiler: /usr/bin/cc
-- Check for working C compiler: /usr/bin/cc -- works
-- Detecting C compiler ABI info
-- Detecting C compiler ABI info - done
-- Detecting C compile features
-- Detecting C compile features - done
-- Check for working CXX compiler: /usr/bin/c++
-- Check for working CXX compiler: /usr/bin/c++ -- works
-- Detecting CXX compiler ABI info
-- Detecting CXX compiler ABI info - done
-- Detecting CXX compile features
-- Detecting CXX compile features - done
-- Found ament_cmake: 0.9.10 (/robofuzz/ros2_foxy/install/ament_cmake/share/ament_cmake/cmake)
-- Found PythonInterp: /usr/bin/python3 (found suitable version "3.8.10", minimum required is "3") 
-- Using PYTHON_EXECUTABLE: /usr/bin/python3
-- Override CMake install command with custom implementation using symlinks instead of copying resources
-- Found ament_lint_auto: 0.9.7 (/robofuzz/ros2_foxy/install/ament_lint_auto/share/ament_lint_auto/cmake)
-- Found rosidl_runtime_c: 1.2.1 (/robofuzz/ros2_foxy/install/rosidl_runtime_c/share/rosidl_runtime_c/cmake)
-- Found rosidl_runtime_cpp: 1.2.1 (/robofuzz/ros2_foxy/install/rosidl_runtime_cpp/share/rosidl_runtime_cpp/cmake)
-- Found test_interface_files: 0.8.1 (/robofuzz/ros2_foxy/install/test_interface_files/share/test_interface_files/cmake)
-- Found rosidl_adapter: 1.2.1 (/robofuzz/ros2_foxy/install/rosidl_adapter/share/rosidl_adapter/cmake)
-- Found PythonInterp: /usr/bin/python3 (found version "3.8.10") 
-- Found gtest sources under '/robofuzz/ros2_foxy/install/gtest_vendor/src/gtest_vendor': C++ tests using 'Google Test' will be built
-- Looking for pthread.h
-- Looking for pthread.h - found
-- Performing Test CMAKE_HAVE_LIBC_PTHREAD
-- Performing Test CMAKE_HAVE_LIBC_PTHREAD - Failed
-- Check if compiler accepts -pthread
-- Check if compiler accepts -pthread - yes
-- Found Threads: TRUE  
-- Added test 'copyright' to check source files copyright and LICENSE
-- Added test 'cppcheck' to perform static code analysis on C / C++ code
-- Configured cppcheck include dirs: 
-- Configured cppcheck exclude dirs and/or files: 
-- Added test 'cpplint' to check C / C++ code against the Google style
-- Configured cpplint exclude dirs and/or files: 
-- Added test 'flake8' to check Python code syntax and style conventions
-- Added test 'lint_cmake' to check CMake code style
-- Added test 'pep257' to check Python code against some of the style conventions in PEP 257
-- Added test 'uncrustify' to check C / C++ code style
-- Configured uncrustify additional arguments: 
-- Added test 'xmllint' to check XML markup files
-- Configuring done
-- Generating done
-- Build files have been written to: /robofuzz/ros2_foxy/build/rosidl_generator_cpp
[35m[1mScanning dependencies of target gtest[0m
[  5%] [32mBuilding CXX object gtest/CMakeFiles/gtest.dir/src/gtest-all.cc.o[0m
[ 10%] [32m[1mLinking CXX static library libgtest.a[0m
[ 10%] Built target gtest
[35m[1mScanning dependencies of target gtest_main[0m
[ 15%] [32mBuilding CXX object gtest/CMakeFiles/gtest_main.dir/src/gtest_main.cc.o[0m
[ 21%] [32m[1mLinking CXX static library libgtest_main.a[0m
[ 21%] Built target gtest_main
[35m[1mScanning dependencies of target rosidl_generator_cpp__cpp[0m
[ 26%] [34m[1mGenerating C++ code for ROS interfaces[0m
[ 26%] Built target rosidl_generator_cpp__cpp
[35m[1mScanning dependencies of target rosidl_generator_cpp[0m
[ 26%] Built target rosidl_generator_cpp
[35m[1mScanning dependencies of target test_srv_initialization[0m
[35m[1mScanning dependencies of target test_msg_builder[0m
[ 31%] [32mBuilding CXX object CMakeFiles/test_srv_initialization.dir/test/test_srv_initialization.cpp.o[0m
[ 36%] [32mBuilding CXX object CMakeFiles/test_msg_builder.dir/test/test_msg_builder.cpp.o[0m
[ 42%] [32m[1mLinking CXX executable test_srv_initialization[0m
[ 42%] Built target test_srv_initialization
[ 47%] [32m[1mLinking CXX executable test_msg_builder[0m
[ 47%] Built target test_msg_builder
[35m[1mScanning dependencies of target test_traits[0m
[35m[1mScanning dependencies of target test_interfaces_cpp[0m
[ 52%] [32mBuilding CXX object CMakeFiles/test_traits.dir/test/test_traits.cpp.o[0m
[ 57%] [32mBuilding CXX object CMakeFiles/test_interfaces_cpp.dir/test/test_interfaces.cpp.o[0m
[ 63%] [32m[1mLinking CXX executable test_traits[0m
[ 63%] Built target test_traits
[35m[1mScanning dependencies of target test_name[0m
[ 68%] [32mBuilding CXX object CMakeFiles/test_name.dir/test/test_name.cpp.o[0m
[ 73%] [32m[1mLinking CXX executable test_name[0m
[ 73%] Built target test_name
[35m[1mScanning dependencies of target test_msg_datatype[0m
[ 78%] [32mBuilding CXX object CMakeFiles/test_msg_datatype.dir/test/test_msg_datatype.cpp.o[0m
[ 84%] [32m[1mLinking CXX executable test_msg_datatype[0m
[ 84%] Built target test_msg_datatype
[ 89%] [32m[1mLinking CXX executable test_interfaces_cpp[0m
[ 89%] Built target test_interfaces_cpp
[35m[1mScanning dependencies of target test_msg_initialization[0m
[ 94%] [32mBuilding CXX object CMakeFiles/test_msg_initialization.dir/test/test_msg_initialization.cpp.o[0m
[100%] [32m[1mLinking CXX executable test_msg_initialization[0m
[100%] Built target test_msg_initialization
-- Install configuration: ""
-- Execute custom install script
-- Symlinking: /robofuzz/ros2_foxy/install/rosidl_generator_cpp/share/ament_index/resource_index/rosidl_generator_packages/rosidl_generator_cpp
-- Symlinking: /robofuzz/ros2_foxy/install/rosidl_generator_cpp/share/rosidl_generator_cpp/environment/pythonpath.sh
-- Symlinking: /robofuzz/ros2_foxy/install/rosidl_generator_cpp/share/rosidl_generator_cpp/environment/pythonpath.dsv
-- Symlinking: /robofuzz/ros2_foxy/install/rosidl_generator_cpp/lib/python3.8/site-packages/rosidl_generator_cpp/__init__.py
-- Symlinking: /robofuzz/ros2_foxy/install/rosidl_generator_cpp/share/ament_index/resource_index/package_run_dependencies/rosidl_generator_cpp
-- Symlinking: /robofuzz/ros2_foxy/install/rosidl_generator_cpp/share/ament_index/resource_index/parent_prefix_path/rosidl_generator_cpp
-- Symlinking: /robofuzz/ros2_foxy/install/rosidl_generator_cpp/share/rosidl_generator_cpp/environment/ament_prefix_path.sh
-- Symlinking: /robofuzz/ros2_foxy/install/rosidl_generator_cpp/share/rosidl_generator_cpp/environment/ament_prefix_path.dsv
-- Symlinking: /robofuzz/ros2_foxy/install/rosidl_generator_cpp/share/rosidl_generator_cpp/environment/path.sh
-- Symlinking: /robofuzz/ros2_foxy/install/rosidl_generator_cpp/share/rosidl_generator_cpp/environment/path.dsv
-- Symlinking: /robofuzz/ros2_foxy/install/rosidl_generator_cpp/share/rosidl_generator_cpp/local_setup.bash
-- Symlinking: /robofuzz/ros2_foxy/install/rosidl_generator_cpp/share/rosidl_generator_cpp/local_setup.sh
-- Symlinking: /robofuzz/ros2_foxy/install/rosidl_generator_cpp/share/rosidl_generator_cpp/local_setup.zsh
-- Symlinking: /robofuzz/ros2_foxy/install/rosidl_generator_cpp/share/rosidl_generator_cpp/local_setup.dsv
-- Symlinking: /robofuzz/ros2_foxy/install/rosidl_generator_cpp/share/rosidl_generator_cpp/package.dsv
-- Symlinking: /robofuzz/ros2_foxy/install/rosidl_generator_cpp/share/ament_index/resource_index/packages/rosidl_generator_cpp
-- Symlinking: /robofuzz/ros2_foxy/install/rosidl_generator_cpp/share/rosidl_generator_cpp/cmake/rosidl_generator_cpp-extras.cmake
-- Symlinking: /robofuzz/ros2_foxy/install/rosidl_generator_cpp/share/rosidl_generator_cpp/cmake/ament_cmake_export_dependencies-extras.cmake
-- Symlinking: /robofuzz/ros2_foxy/install/rosidl_generator_cpp/share/rosidl_generator_cpp/cmake/rosidl_cmake-extras.cmake
-- Symlinking: /robofuzz/ros2_foxy/install/rosidl_generator_cpp/share/rosidl_generator_cpp/cmake/rosidl_generator_cppConfig.cmake
-- Symlinking: /robofuzz/ros2_foxy/install/rosidl_generator_cpp/share/rosidl_generator_cpp/cmake/rosidl_generator_cppConfig-version.cmake
-- Symlinking: /robofuzz/ros2_foxy/install/rosidl_generator_cpp/share/rosidl_generator_cpp/package.xml
-- Symlinking: /robofuzz/ros2_foxy/install/rosidl_generator_cpp/lib/rosidl_generator_cpp/rosidl_generator_cpp
-- Symlinking: /robofuzz/ros2_foxy/install/rosidl_generator_cpp/share/rosidl_generator_cpp/cmake/register_cpp.cmake
-- Symlinking: /robofuzz/ros2_foxy/install/rosidl_generator_cpp/share/rosidl_generator_cpp/cmake/rosidl_generator_cpp_generate_interfaces.cmake
-- Symlinking: /robofuzz/ros2_foxy/install/rosidl_generator_cpp/share/rosidl_generator_cpp/resource/action__builder.hpp.em
-- Symlinking: /robofuzz/ros2_foxy/install/rosidl_generator_cpp/share/rosidl_generator_cpp/resource/action__struct.hpp.em
-- Symlinking: /robofuzz/ros2_foxy/install/rosidl_generator_cpp/share/rosidl_generator_cpp/resource/action__traits.hpp.em
-- Symlinking: /robofuzz/ros2_foxy/install/rosidl_generator_cpp/share/rosidl_generator_cpp/resource/idl.hpp.em
-- Symlinking: /robofuzz/ros2_foxy/install/rosidl_generator_cpp/share/rosidl_generator_cpp/resource/idl__builder.hpp.em
-- Symlinking: /robofuzz/ros2_foxy/install/rosidl_generator_cpp/share/rosidl_generator_cpp/resource/idl__struct.hpp.em
-- Symlinking: /robofuzz/ros2_foxy/install/rosidl_generator_cpp/share/rosidl_generator_cpp/resource/idl__traits.hpp.em
-- Symlinking: /robofuzz/ros2_foxy/install/rosidl_generator_cpp/share/rosidl_generator_cpp/resource/msg__builder.hpp.em
-- Symlinking: /robofuzz/ros2_foxy/install/rosidl_generator_cpp/share/rosidl_generator_cpp/resource/msg__struct.hpp.em
-- Symlinking: /robofuzz/ros2_foxy/install/rosidl_generator_cpp/share/rosidl_generator_cpp/resource/msg__traits.hpp.em
-- Symlinking: /robofuzz/ros2_foxy/install/rosidl_generator_cpp/share/rosidl_generator_cpp/resource/srv__builder.hpp.em
-- Symlinking: /robofuzz/ros2_foxy/install/rosidl_generator_cpp/share/rosidl_generator_cpp/resource/srv__struct.hpp.em
-- Symlinking: /robofuzz/ros2_foxy/install/rosidl_generator_cpp/share/rosidl_generator_cpp/resource/srv__traits.hpp.em
Listing '/robofuzz/ros2_foxy/install/rosidl_generator_cpp/lib/python3.8/site-packages/rosidl_generator_cpp'...
Compiling '/robofuzz/ros2_foxy/install/rosidl_generator_cpp/lib/python3.8/site-packages/rosidl_generator_cpp/__init__.py'...
