-- Setting build type to 'Release' as none was specified.
-- The C compiler identification is GNU 9.4.0
-- The CXX compiler identification is GNU 9.4.0
-- Check for working C compiler: /usr/bin/cc
-- Check for working C compiler: /usr/bin/cc -- works
-- Detecting C compiler ABI info
-- Detecting C compiler ABI info - done
-- Detecting C compile features
-- Detecting C compile features - done
-- Check for working CXX compiler: /usr/bin/c++
-- Check for working CXX compiler: /usr/bin/c++ -- works
-- Detecting CXX compiler ABI info
-- Detecting CXX compiler ABI info - done
-- Detecting CXX compile features
-- Detecting CXX compile features - done
-- Configuring Fast RTPS
-- Version: 2.1.2
-- To change the version modify the file configure.ac
-- Performing Test SUPPORTS_CXX14
-- Performing Test SUPPORTS_CXX14 - Success
-- Performing Test SUPPORTS_CXX1Y
-- Performing Test SUPPORTS_CXX1Y - Success
-- Performing Test SUPPORTS_CXX11
-- Performing Test SUPPORTS_CXX11 - Success
-- Check if the system is big endian
-- Searching 16 bit integer
-- Looking for sys/types.h
-- Looking for sys/types.h - found
-- Looking for stdint.h
-- Looking for stdint.h - found
-- Looking for stddef.h
-- Looking for stddef.h - found
-- Check size of unsigned short
-- Check size of unsigned short - done
-- Using unsigned short
-- Check if the system is big endian - little endian
-- Found fastcdr
CMake Error at cmake/common/eprosima_libraries.cmake:243 (message):
  Cannot find package Asio
Call Stack (most recent call first):
  CMakeLists.txt:221 (eprosima_find_thirdparty)


-- Configuring incomplete, errors occurred!
See also "/robofuzz/ros2_foxy/build/fastrtps/CMakeFiles/CMakeOutput.log".
