running develop
running egg_info
creating src/rqt_reconfigure.egg-info
writing src/rqt_reconfigure.egg-info/PKG-INFO
writing dependency_links to src/rqt_reconfigure.egg-info/dependency_links.txt
writing entry points to src/rqt_reconfigure.egg-info/entry_points.txt
writing requirements to src/rqt_reconfigure.egg-info/requires.txt
writing top-level names to src/rqt_reconfigure.egg-info/top_level.txt
writing manifest file 'src/rqt_reconfigure.egg-info/SOURCES.txt'
reading manifest file 'src/rqt_reconfigure.egg-info/SOURCES.txt'
writing manifest file 'src/rqt_reconfigure.egg-info/SOURCES.txt'
running build_ext
Creating /robofuzz/ros2_foxy/install/rqt_reconfigure/lib/python3.8/site-packages/site.py
Creating /robofuzz/ros2_foxy/install/rqt_reconfigure/lib/python3.8/site-packages/rqt-reconfigure.egg-link (link to src)
Installing rqt_reconfigure script to /robofuzz/ros2_foxy/install/rqt_reconfigure/lib/rqt_reconfigure

Installed /robofuzz/ros2_foxy/build/rqt_reconfigure/src
running install_data
creating /robofuzz/ros2_foxy/install/rqt_reconfigure/share/rqt_reconfigure/resource
copying resource/editor_bool.ui -> /robofuzz/ros2_foxy/install/rqt_reconfigure/share/rqt_reconfigure/resource
copying resource/editor_enum.ui -> /robofuzz/ros2_foxy/install/rqt_reconfigure/share/rqt_reconfigure/resource
copying resource/editor_number.ui -> /robofuzz/ros2_foxy/install/rqt_reconfigure/share/rqt_reconfigure/resource
copying resource/editor_string.ui -> /robofuzz/ros2_foxy/install/rqt_reconfigure/share/rqt_reconfigure/resource
copying resource/node_selector.ui -> /robofuzz/ros2_foxy/install/rqt_reconfigure/share/rqt_reconfigure/resource
copying resource/paramedit_pane.ui -> /robofuzz/ros2_foxy/install/rqt_reconfigure/share/rqt_reconfigure/resource
copying resource/param_main.ui -> /robofuzz/ros2_foxy/install/rqt_reconfigure/share/rqt_reconfigure/resource
copying resource/param_timeline.ui -> /robofuzz/ros2_foxy/install/rqt_reconfigure/share/rqt_reconfigure/resource
copying resource/singlenode_parameditor.ui -> /robofuzz/ros2_foxy/install/rqt_reconfigure/share/rqt_reconfigure/resource
copying resource/text_filter_widget.ui -> /robofuzz/ros2_foxy/install/rqt_reconfigure/share/rqt_reconfigure/resource
copying package.xml -> /robofuzz/ros2_foxy/install/rqt_reconfigure/share/rqt_reconfigure
copying plugin.xml -> /robofuzz/ros2_foxy/install/rqt_reconfigure/share/rqt_reconfigure
creating /robofuzz/ros2_foxy/install/rqt_reconfigure/share/ament_index
creating /robofuzz/ros2_foxy/install/rqt_reconfigure/share/ament_index/resource_index
creating /robofuzz/ros2_foxy/install/rqt_reconfigure/share/ament_index/resource_index/packages
copying resource/rqt_reconfigure -> /robofuzz/ros2_foxy/install/rqt_reconfigure/share/ament_index/resource_index/packages
