running develop
running egg_info
creating src/rqt_gui_py.egg-info
writing src/rqt_gui_py.egg-info/PKG-INFO
writing dependency_links to src/rqt_gui_py.egg-info/dependency_links.txt
writing requirements to src/rqt_gui_py.egg-info/requires.txt
writing top-level names to src/rqt_gui_py.egg-info/top_level.txt
writing manifest file 'src/rqt_gui_py.egg-info/SOURCES.txt'
reading manifest file 'src/rqt_gui_py.egg-info/SOURCES.txt'
writing manifest file 'src/rqt_gui_py.egg-info/SOURCES.txt'
running build_ext
Creating /robofuzz/ros2_foxy/install/rqt_gui_py/lib/python3.8/site-packages/site.py
Creating /robofuzz/ros2_foxy/install/rqt_gui_py/lib/python3.8/site-packages/rqt-gui-py.egg-link (link to src)

Installed /robofuzz/ros2_foxy/build/rqt_gui_py/src
running install_data
creating /robofuzz/ros2_foxy/install/rqt_gui_py/share/ament_index
creating /robofuzz/ros2_foxy/install/rqt_gui_py/share/ament_index/resource_index
creating /robofuzz/ros2_foxy/install/rqt_gui_py/share/ament_index/resource_index/packages
copying resource/rqt_gui_py -> /robofuzz/ros2_foxy/install/rqt_gui_py/share/ament_index/resource_index/packages
copying package.xml -> /robofuzz/ros2_foxy/install/rqt_gui_py/share/rqt_gui_py
copying plugin.xml -> /robofuzz/ros2_foxy/install/rqt_gui_py/share/rqt_gui_py
