running develop
running egg_info
creating ros2component.egg-info
writing ros2component.egg-info/PKG-INFO
writing dependency_links to ros2component.egg-info/dependency_links.txt
writing entry points to ros2component.egg-info/entry_points.txt
writing requirements to ros2component.egg-info/requires.txt
writing top-level names to ros2component.egg-info/top_level.txt
writing manifest file 'ros2component.egg-info/SOURCES.txt'
reading manifest file 'ros2component.egg-info/SOURCES.txt'
writing manifest file 'ros2component.egg-info/SOURCES.txt'
running build_ext
Creating /robofuzz/ros2_foxy/install/ros2component/lib/python3.8/site-packages/site.py
Creating /robofuzz/ros2_foxy/install/ros2component/lib/python3.8/site-packages/ros2component.egg-link (link to .)

Installed /robofuzz/ros2_foxy/build/ros2component
running install_data
copying package.xml -> /robofuzz/ros2_foxy/install/ros2component/share/ros2component
creating /robofuzz/ros2_foxy/install/ros2component/share/ament_index
creating /robofuzz/ros2_foxy/install/ros2component/share/ament_index/resource_index
creating /robofuzz/ros2_foxy/install/ros2component/share/ament_index/resource_index/packages
copying resource/ros2component -> /robofuzz/ros2_foxy/install/ros2component/share/ament_index/resource_index/packages
