[0.112s] Invoking command in '/robofuzz/targets/rcl_lang_ws/build/rclcpp_publisher': CMAKE_PREFIX_PATH=${CMAKE_PREFIX_PATH}:/robofuzz/targets/turtlebot3_ws/install/turtlebot3_teleop:/robofuzz/targets/turtlebot3_ws/install/turtlebot3_example:/opt/ros/foxy /usr/bin/cmake --build /robofuzz/targets/rcl_lang_ws/build/rclcpp_publisher -- -j12 -l12
[1.475s] [100%] Built target rclcpp_publisher
[1.484s] Invoked command in '/robofuzz/targets/rcl_lang_ws/build/rclcpp_publisher' returned '0': CMAKE_PREFIX_PATH=${CMAKE_PREFIX_PATH}:/robofuzz/targets/turtlebot3_ws/install/turtlebot3_teleop:/robofuzz/targets/turtlebot3_ws/install/turtlebot3_example:/opt/ros/foxy /usr/bin/cmake --build /robofuzz/targets/rcl_lang_ws/build/rclcpp_publisher -- -j12 -l12
[1.575s] Invoking command in '/robofuzz/targets/rcl_lang_ws/build/rclcpp_publisher': CMAKE_PREFIX_PATH=${CMAKE_PREFIX_PATH}:/robofuzz/targets/turtlebot3_ws/install/turtlebot3_teleop:/robofuzz/targets/turtlebot3_ws/install/turtlebot3_example:/opt/ros/foxy /usr/bin/cmake --install /robofuzz/targets/rcl_lang_ws/build/rclcpp_publisher
[1.591s] -- Install configuration: ""
[1.593s] -- Execute custom install script
[1.593s] -- Up-to-date symlink: /robofuzz/targets/rcl_lang_ws/install/rclcpp_publisher/lib/rclcpp_publisher/rclcpp_publisher
[1.594s] -- Up-to-date symlink: /robofuzz/targets/rcl_lang_ws/install/rclcpp_publisher/share/ament_index/resource_index/package_run_dependencies/rclcpp_publisher
[1.595s] -- Up-to-date symlink: /robofuzz/targets/rcl_lang_ws/install/rclcpp_publisher/share/ament_index/resource_index/parent_prefix_path/rclcpp_publisher
[1.595s] -- Up-to-date symlink: /robofuzz/targets/rcl_lang_ws/install/rclcpp_publisher/share/rclcpp_publisher/environment/ament_prefix_path.sh
[1.595s] -- Up-to-date symlink: /robofuzz/targets/rcl_lang_ws/install/rclcpp_publisher/share/rclcpp_publisher/environment/ament_prefix_path.dsv
[1.597s] -- Up-to-date symlink: /robofuzz/targets/rcl_lang_ws/install/rclcpp_publisher/share/rclcpp_publisher/environment/path.sh
[1.597s] -- Up-to-date symlink: /robofuzz/targets/rcl_lang_ws/install/rclcpp_publisher/share/rclcpp_publisher/environment/path.dsv
[1.598s] -- Up-to-date symlink: /robofuzz/targets/rcl_lang_ws/install/rclcpp_publisher/share/rclcpp_publisher/local_setup.bash
[1.598s] -- Up-to-date symlink: /robofuzz/targets/rcl_lang_ws/install/rclcpp_publisher/share/rclcpp_publisher/local_setup.sh
[1.599s] -- Up-to-date symlink: /robofuzz/targets/rcl_lang_ws/install/rclcpp_publisher/share/rclcpp_publisher/local_setup.zsh
[1.599s] -- Up-to-date symlink: /robofuzz/targets/rcl_lang_ws/install/rclcpp_publisher/share/rclcpp_publisher/local_setup.dsv
[1.599s] -- Symlinking: /robofuzz/targets/rcl_lang_ws/install/rclcpp_publisher/share/rclcpp_publisher/package.dsv
[1.613s] -- Up-to-date symlink: /robofuzz/targets/rcl_lang_ws/install/rclcpp_publisher/share/ament_index/resource_index/packages/rclcpp_publisher
[1.614s] -- Up-to-date symlink: /robofuzz/targets/rcl_lang_ws/install/rclcpp_publisher/share/rclcpp_publisher/cmake/rclcpp_publisherConfig.cmake
[1.614s] -- Up-to-date symlink: /robofuzz/targets/rcl_lang_ws/install/rclcpp_publisher/share/rclcpp_publisher/cmake/rclcpp_publisherConfig-version.cmake
[1.615s] -- Up-to-date symlink: /robofuzz/targets/rcl_lang_ws/install/rclcpp_publisher/share/rclcpp_publisher/package.xml
[1.690s] Invoked command in '/robofuzz/targets/rcl_lang_ws/build/rclcpp_publisher' returned '0': CMAKE_PREFIX_PATH=${CMAKE_PREFIX_PATH}:/robofuzz/targets/turtlebot3_ws/install/turtlebot3_teleop:/robofuzz/targets/turtlebot3_ws/install/turtlebot3_example:/opt/ros/foxy /usr/bin/cmake --install /robofuzz/targets/rcl_lang_ws/build/rclcpp_publisher
