-- The C compiler identification is GNU 9.4.0
-- The CXX compiler identification is GNU 9.4.0
-- Check for working C compiler: /usr/bin/cc
-- Check for working C compiler: /usr/bin/cc -- works
-- Detecting C compiler ABI info
-- Detecting C compiler ABI info - done
-- Detecting C compile features
-- Detecting C compile features - done
-- Check for working CXX compiler: /usr/bin/c++
-- Check for working CXX compiler: /usr/bin/c++ -- works
-- Detecting CXX compiler ABI info
-- Detecting CXX compiler ABI info - done
-- Detecting CXX compile features
-- Detecting CXX compile features - done
-- Found ament_cmake: 0.9.10 (/robofuzz/ros2_foxy/install/ament_cmake/share/ament_cmake/cmake)
-- Found PythonInterp: /usr/bin/python3 (found suitable version "3.8.10", minimum required is "3") 
-- Using PYTHON_EXECUTABLE: /usr/bin/python3
-- Override CMake install command with custom implementation using symlinks instead of copying resources
-- Found geometry_msgs: 2.0.5 (/robofuzz/ros2_foxy/install/geometry_msgs/share/geometry_msgs/cmake)
-- Using all available rosidl_typesupport_c: rosidl_typesupport_fastrtps_c;rosidl_typesupport_introspection_c
-- Found rosidl_adapter: 1.2.1 (/robofuzz/ros2_foxy/install/rosidl_adapter/share/rosidl_adapter/cmake)
-- Found OpenSSL: /usr/lib/x86_64-linux-gnu/libcrypto.so (found version "1.1.1f")  
-- Found FastRTPS: /robofuzz/ros2_foxy/install/fastrtps/include  
-- Using all available rosidl_typesupport_cpp: rosidl_typesupport_introspection_cpp;rosidl_typesupport_fastrtps_cpp
-- Found rosidl_default_generators: 1.0.1 (/robofuzz/ros2_foxy/install/rosidl_default_generators/share/rosidl_default_generators/cmake)
-- Found PythonInterp: /usr/bin/python3 (found version "3.8.10") 
-- Found ament_cmake_cppcheck: 0.9.7 (/robofuzz/ros2_foxy/install/ament_cmake_cppcheck/share/ament_cmake_cppcheck/cmake)
-- Found ament_cmake_cpplint: 0.9.7 (/robofuzz/ros2_foxy/install/ament_cmake_cpplint/share/ament_cmake_cpplint/cmake)
-- Found ament_cmake_uncrustify: 0.9.7 (/robofuzz/ros2_foxy/install/ament_cmake_uncrustify/share/ament_cmake_uncrustify/cmake)
-- Found ament_cmake_ros: 0.9.2 (/robofuzz/ros2_foxy/install/ament_cmake_ros/share/ament_cmake_ros/cmake)
-- Using all available rosidl_typesupport_c: rosidl_typesupport_fastrtps_c;rosidl_typesupport_introspection_c
-- Using all available rosidl_typesupport_cpp: rosidl_typesupport_introspection_cpp;rosidl_typesupport_fastrtps_cpp
-- Found PythonInterp: /usr/bin/python3 (found suitable version "3.8.10", minimum required is "3.5") 
-- Found python_cmake_module: 0.8.1 (/robofuzz/ros2_foxy/install/python_cmake_module/share/python_cmake_module/cmake)
-- Found PythonLibs: /usr/lib/x86_64-linux-gnu/libpython3.8.so (found suitable version "3.8.10", minimum required is "3.5") 
-- Using PYTHON_EXECUTABLE: /usr/bin/python3
-- Using PYTHON_INCLUDE_DIRS: /usr/include/python3.8
-- Using PYTHON_LIBRARIES: /usr/lib/x86_64-linux-gnu/libpython3.8.so
-- Found PythonExtra: .so  
-- Found ament_cmake_flake8: 0.9.7 (/robofuzz/ros2_foxy/install/ament_cmake_flake8/share/ament_cmake_flake8/cmake)
-- Found ament_cmake_pep257: 0.9.7 (/robofuzz/ros2_foxy/install/ament_cmake_pep257/share/ament_cmake_pep257/cmake)
-- Configuring done
-- Generating done
-- Build files have been written to: /robofuzz/ros2_foxy/build/shape_msgs
[35m[1mScanning dependencies of target shape_msgs__cpp[0m
[  1%] [34m[1mGenerating C code for ROS interfaces[0m
[  3%] [34m[1mGenerating C++ code for ROS interfaces[0m
[  3%] Built target shape_msgs__cpp
[  5%] [34m[1mGenerating C++ type support for eProsima Fast-RTPS[0m
[  7%] [34m[1mGenerating C++ type support dispatch for ROS interfaces[0m
[  9%] [34m[1mGenerating C++ introspection for ROS interfaces[0m
[35m[1mScanning dependencies of target shape_msgs__rosidl_generator_c[0m
[ 10%] [32mBuilding C object CMakeFiles/shape_msgs__rosidl_generator_c.dir/rosidl_generator_c/shape_msgs/msg/detail/mesh__functions.c.o[0m
[ 12%] [32mBuilding C object CMakeFiles/shape_msgs__rosidl_generator_c.dir/rosidl_generator_c/shape_msgs/msg/detail/mesh_triangle__functions.c.o[0m
[ 14%] [32mBuilding C object CMakeFiles/shape_msgs__rosidl_generator_c.dir/rosidl_generator_c/shape_msgs/msg/detail/solid_primitive__functions.c.o[0m
[ 16%] [32mBuilding C object CMakeFiles/shape_msgs__rosidl_generator_c.dir/rosidl_generator_c/shape_msgs/msg/detail/plane__functions.c.o[0m
[ 18%] [32m[1mLinking C shared library libshape_msgs__rosidl_generator_c.so[0m
[ 18%] Built target shape_msgs__rosidl_generator_c
[ 20%] [34m[1mGenerating C type support dispatch for ROS interfaces[0m
[35m[1mScanning dependencies of target shape_msgs__rosidl_typesupport_introspection_cpp[0m
[ 21%] [32mBuilding CXX object CMakeFiles/shape_msgs__rosidl_typesupport_introspection_cpp.dir/rosidl_typesupport_introspection_cpp/shape_msgs/msg/detail/mesh__type_support.cpp.o[0m
[ 23%] [32mBuilding CXX object CMakeFiles/shape_msgs__rosidl_typesupport_introspection_cpp.dir/rosidl_typesupport_introspection_cpp/shape_msgs/msg/detail/mesh_triangle__type_support.cpp.o[0m
[35m[1mScanning dependencies of target shape_msgs__rosidl_typesupport_cpp[0m
[35m[1mScanning dependencies of target shape_msgs__rosidl_typesupport_fastrtps_cpp[0m
[ 25%] [32mBuilding CXX object CMakeFiles/shape_msgs__rosidl_typesupport_cpp.dir/rosidl_typesupport_cpp/shape_msgs/msg/mesh__type_support.cpp.o[0m
[ 27%] [32mBuilding CXX object CMakeFiles/shape_msgs__rosidl_typesupport_cpp.dir/rosidl_typesupport_cpp/shape_msgs/msg/mesh_triangle__type_support.cpp.o[0m
[ 29%] [32mBuilding CXX object CMakeFiles/shape_msgs__rosidl_typesupport_fastrtps_cpp.dir/rosidl_typesupport_fastrtps_cpp/shape_msgs/msg/detail/dds_fastrtps/mesh__type_support.cpp.o[0m
[ 30%] [32mBuilding CXX object CMakeFiles/shape_msgs__rosidl_typesupport_introspection_cpp.dir/rosidl_typesupport_introspection_cpp/shape_msgs/msg/detail/solid_primitive__type_support.cpp.o[0m
[ 32%] [32mBuilding CXX object CMakeFiles/shape_msgs__rosidl_typesupport_cpp.dir/rosidl_typesupport_cpp/shape_msgs/msg/solid_primitive__type_support.cpp.o[0m
[35m[1mScanning dependencies of target shape_msgs__rosidl_typesupport_c[0m
[ 34%] [32mBuilding CXX object CMakeFiles/shape_msgs__rosidl_typesupport_c.dir/rosidl_typesupport_c/shape_msgs/msg/mesh__type_support.cpp.o[0m
[ 36%] [32mBuilding CXX object CMakeFiles/shape_msgs__rosidl_typesupport_c.dir/rosidl_typesupport_c/shape_msgs/msg/plane__type_support.cpp.o[0m
[ 38%] [32mBuilding CXX object CMakeFiles/shape_msgs__rosidl_typesupport_c.dir/rosidl_typesupport_c/shape_msgs/msg/solid_primitive__type_support.cpp.o[0m
[ 40%] [32mBuilding CXX object CMakeFiles/shape_msgs__rosidl_typesupport_c.dir/rosidl_typesupport_c/shape_msgs/msg/mesh_triangle__type_support.cpp.o[0m
[ 41%] [32mBuilding CXX object CMakeFiles/shape_msgs__rosidl_typesupport_fastrtps_cpp.dir/rosidl_typesupport_fastrtps_cpp/shape_msgs/msg/detail/dds_fastrtps/solid_primitive__type_support.cpp.o[0m
[ 43%] [32m[1mLinking CXX shared library libshape_msgs__rosidl_typesupport_c.so[0m
[ 43%] Built target shape_msgs__rosidl_typesupport_c
[ 45%] [32mBuilding CXX object CMakeFiles/shape_msgs__rosidl_typesupport_cpp.dir/rosidl_typesupport_cpp/shape_msgs/msg/plane__type_support.cpp.o[0m
[ 47%] [32mBuilding CXX object CMakeFiles/shape_msgs__rosidl_typesupport_introspection_cpp.dir/rosidl_typesupport_introspection_cpp/shape_msgs/msg/detail/plane__type_support.cpp.o[0m
[ 49%] [32m[1mLinking CXX shared library libshape_msgs__rosidl_typesupport_introspection_cpp.so[0m
[ 49%] Built target shape_msgs__rosidl_typesupport_introspection_cpp
[ 50%] [32m[1mLinking CXX shared library libshape_msgs__rosidl_typesupport_cpp.so[0m
[ 52%] [32mBuilding CXX object CMakeFiles/shape_msgs__rosidl_typesupport_fastrtps_cpp.dir/rosidl_typesupport_fastrtps_cpp/shape_msgs/msg/detail/dds_fastrtps/plane__type_support.cpp.o[0m
[ 52%] Built target shape_msgs__rosidl_typesupport_cpp
[ 54%] [32mBuilding CXX object CMakeFiles/shape_msgs__rosidl_typesupport_fastrtps_cpp.dir/rosidl_typesupport_fastrtps_cpp/shape_msgs/msg/detail/dds_fastrtps/mesh_triangle__type_support.cpp.o[0m
[ 56%] [32m[1mLinking CXX shared library libshape_msgs__rosidl_typesupport_fastrtps_cpp.so[0m
[ 56%] Built target shape_msgs__rosidl_typesupport_fastrtps_cpp
[ 58%] [34m[1mGenerating C introspection for ROS interfaces[0m
[35m[1mScanning dependencies of target shape_msgs__rosidl_typesupport_introspection_c[0m
[ 60%] [32mBuilding C object CMakeFiles/shape_msgs__rosidl_typesupport_introspection_c.dir/rosidl_typesupport_introspection_c/shape_msgs/msg/detail/mesh__type_support.c.o[0m
[ 61%] [32mBuilding C object CMakeFiles/shape_msgs__rosidl_typesupport_introspection_c.dir/rosidl_typesupport_introspection_c/shape_msgs/msg/detail/solid_primitive__type_support.c.o[0m
[ 63%] [32mBuilding C object CMakeFiles/shape_msgs__rosidl_typesupport_introspection_c.dir/rosidl_typesupport_introspection_c/shape_msgs/msg/detail/plane__type_support.c.o[0m
[ 65%] [32mBuilding C object CMakeFiles/shape_msgs__rosidl_typesupport_introspection_c.dir/rosidl_typesupport_introspection_c/shape_msgs/msg/detail/mesh_triangle__type_support.c.o[0m
[ 67%] [32m[1mLinking C shared library libshape_msgs__rosidl_typesupport_introspection_c.so[0m
[ 67%] Built target shape_msgs__rosidl_typesupport_introspection_c
[ 69%] [34m[1mGenerating C type support for eProsima Fast-RTPS[0m
[35m[1mScanning dependencies of target shape_msgs__rosidl_typesupport_fastrtps_c[0m
[ 70%] [32mBuilding CXX object CMakeFiles/shape_msgs__rosidl_typesupport_fastrtps_c.dir/rosidl_typesupport_fastrtps_c/shape_msgs/msg/detail/mesh__type_support_c.cpp.o[0m
[ 72%] [32mBuilding CXX object CMakeFiles/shape_msgs__rosidl_typesupport_fastrtps_c.dir/rosidl_typesupport_fastrtps_c/shape_msgs/msg/detail/solid_primitive__type_support_c.cpp.o[0m
[ 74%] [32mBuilding CXX object CMakeFiles/shape_msgs__rosidl_typesupport_fastrtps_c.dir/rosidl_typesupport_fastrtps_c/shape_msgs/msg/detail/plane__type_support_c.cpp.o[0m
[ 76%] [32mBuilding CXX object CMakeFiles/shape_msgs__rosidl_typesupport_fastrtps_c.dir/rosidl_typesupport_fastrtps_c/shape_msgs/msg/detail/mesh_triangle__type_support_c.cpp.o[0m
[ 78%] [32m[1mLinking CXX shared library libshape_msgs__rosidl_typesupport_fastrtps_c.so[0m
[ 78%] Built target shape_msgs__rosidl_typesupport_fastrtps_c
[35m[1mScanning dependencies of target shape_msgs[0m
[ 78%] Built target shape_msgs
[35m[1mScanning dependencies of target shape_msgs__py[0m
[ 80%] [34m[1mGenerating Python code for ROS interfaces[0m
[ 80%] Built target shape_msgs__py
[35m[1mScanning dependencies of target shape_msgs__python[0m
[ 81%] [32mBuilding C object CMakeFiles/shape_msgs__python.dir/rosidl_generator_py/shape_msgs/msg/_mesh_s.c.o[0m
[ 83%] [32mBuilding C object CMakeFiles/shape_msgs__python.dir/rosidl_generator_py/shape_msgs/msg/_solid_primitive_s.c.o[0m
[ 85%] [32mBuilding C object CMakeFiles/shape_msgs__python.dir/rosidl_generator_py/shape_msgs/msg/_plane_s.c.o[0m
[ 87%] [32mBuilding C object CMakeFiles/shape_msgs__python.dir/rosidl_generator_py/shape_msgs/msg/_mesh_triangle_s.c.o[0m
[ 89%] [32m[1mLinking C shared library rosidl_generator_py/shape_msgs/libshape_msgs__python.so[0m
[ 89%] Built target shape_msgs__python
[35m[1mScanning dependencies of target shape_msgs__rosidl_typesupport_introspection_c__pyext[0m
[ 90%] [32mBuilding C object CMakeFiles/shape_msgs__rosidl_typesupport_introspection_c__pyext.dir/rosidl_generator_py/shape_msgs/_shape_msgs_s.ep.rosidl_typesupport_introspection_c.c.o[0m
[ 92%] [32m[1mLinking C shared library rosidl_generator_py/shape_msgs/shape_msgs_s__rosidl_typesupport_introspection_c.cpython-38-x86_64-linux-gnu.so[0m
[ 92%] Built target shape_msgs__rosidl_typesupport_introspection_c__pyext
[35m[1mScanning dependencies of target shape_msgs__rosidl_typesupport_c__pyext[0m
[ 94%] [32mBuilding C object CMakeFiles/shape_msgs__rosidl_typesupport_c__pyext.dir/rosidl_generator_py/shape_msgs/_shape_msgs_s.ep.rosidl_typesupport_c.c.o[0m
[ 96%] [32m[1mLinking C shared library rosidl_generator_py/shape_msgs/shape_msgs_s__rosidl_typesupport_c.cpython-38-x86_64-linux-gnu.so[0m
[ 96%] Built target shape_msgs__rosidl_typesupport_c__pyext
[35m[1mScanning dependencies of target shape_msgs__rosidl_typesupport_fastrtps_c__pyext[0m
[ 98%] [32mBuilding C object CMakeFiles/shape_msgs__rosidl_typesupport_fastrtps_c__pyext.dir/rosidl_generator_py/shape_msgs/_shape_msgs_s.ep.rosidl_typesupport_fastrtps_c.c.o[0m
[100%] [32m[1mLinking CXX shared library rosidl_generator_py/shape_msgs/shape_msgs_s__rosidl_typesupport_fastrtps_c.cpython-38-x86_64-linux-gnu.so[0m
[100%] Built target shape_msgs__rosidl_typesupport_fastrtps_c__pyext
-- Install configuration: ""
-- Execute custom install script
-- Symlinking: /robofuzz/ros2_foxy/install/shape_msgs/share/ament_index/resource_index/rosidl_interfaces/shape_msgs
-- Symlinking: /robofuzz/ros2_foxy/install/shape_msgs/include/shape_msgs/msg/detail/mesh__functions.h
-- Symlinking: /robofuzz/ros2_foxy/install/shape_msgs/include/shape_msgs/msg/detail/mesh__struct.h
-- Symlinking: /robofuzz/ros2_foxy/install/shape_msgs/include/shape_msgs/msg/detail/mesh__type_support.h
-- Symlinking: /robofuzz/ros2_foxy/install/shape_msgs/include/shape_msgs/msg/detail/mesh_triangle__functions.h
-- Symlinking: /robofuzz/ros2_foxy/install/shape_msgs/include/shape_msgs/msg/detail/mesh_triangle__struct.h
-- Symlinking: /robofuzz/ros2_foxy/install/shape_msgs/include/shape_msgs/msg/detail/mesh_triangle__type_support.h
-- Symlinking: /robofuzz/ros2_foxy/install/shape_msgs/include/shape_msgs/msg/detail/plane__functions.h
-- Symlinking: /robofuzz/ros2_foxy/install/shape_msgs/include/shape_msgs/msg/detail/plane__struct.h
-- Symlinking: /robofuzz/ros2_foxy/install/shape_msgs/include/shape_msgs/msg/detail/plane__type_support.h
-- Symlinking: /robofuzz/ros2_foxy/install/shape_msgs/include/shape_msgs/msg/detail/solid_primitive__functions.h
-- Symlinking: /robofuzz/ros2_foxy/install/shape_msgs/include/shape_msgs/msg/detail/solid_primitive__struct.h
-- Symlinking: /robofuzz/ros2_foxy/install/shape_msgs/include/shape_msgs/msg/detail/solid_primitive__type_support.h
-- Symlinking: /robofuzz/ros2_foxy/install/shape_msgs/include/shape_msgs/msg/mesh.h
-- Symlinking: /robofuzz/ros2_foxy/install/shape_msgs/include/shape_msgs/msg/mesh_triangle.h
-- Symlinking: /robofuzz/ros2_foxy/install/shape_msgs/include/shape_msgs/msg/plane.h
-- Symlinking: /robofuzz/ros2_foxy/install/shape_msgs/include/shape_msgs/msg/rosidl_generator_c__visibility_control.h
-- Symlinking: /robofuzz/ros2_foxy/install/shape_msgs/include/shape_msgs/msg/solid_primitive.h
-- Symlinking: /robofuzz/ros2_foxy/install/shape_msgs/share/shape_msgs/environment/library_path.sh
-- Symlinking: /robofuzz/ros2_foxy/install/shape_msgs/share/shape_msgs/environment/library_path.dsv
-- Symlinking: /robofuzz/ros2_foxy/install/shape_msgs/include/shape_msgs/msg/detail/mesh__rosidl_typesupport_fastrtps_c.h
-- Symlinking: /robofuzz/ros2_foxy/install/shape_msgs/include/shape_msgs/msg/detail/mesh_triangle__rosidl_typesupport_fastrtps_c.h
-- Symlinking: /robofuzz/ros2_foxy/install/shape_msgs/include/shape_msgs/msg/detail/plane__rosidl_typesupport_fastrtps_c.h
-- Symlinking: /robofuzz/ros2_foxy/install/shape_msgs/include/shape_msgs/msg/detail/solid_primitive__rosidl_typesupport_fastrtps_c.h
-- Symlinking: /robofuzz/ros2_foxy/install/shape_msgs/include/shape_msgs/msg/rosidl_typesupport_fastrtps_c__visibility_control.h
-- Symlinking: /robofuzz/ros2_foxy/install/shape_msgs/lib/libshape_msgs__rosidl_typesupport_fastrtps_c.so
-- Symlinking: /robofuzz/ros2_foxy/install/shape_msgs/include/shape_msgs/msg/detail/mesh__rosidl_typesupport_fastrtps_cpp.hpp
-- Symlinking: /robofuzz/ros2_foxy/install/shape_msgs/include/shape_msgs/msg/detail/mesh_triangle__rosidl_typesupport_fastrtps_cpp.hpp
-- Symlinking: /robofuzz/ros2_foxy/install/shape_msgs/include/shape_msgs/msg/detail/plane__rosidl_typesupport_fastrtps_cpp.hpp
-- Symlinking: /robofuzz/ros2_foxy/install/shape_msgs/include/shape_msgs/msg/detail/solid_primitive__rosidl_typesupport_fastrtps_cpp.hpp
-- Symlinking: /robofuzz/ros2_foxy/install/shape_msgs/include/shape_msgs/msg/rosidl_typesupport_fastrtps_cpp__visibility_control.h
-- Symlinking: /robofuzz/ros2_foxy/install/shape_msgs/lib/libshape_msgs__rosidl_typesupport_fastrtps_cpp.so
-- Symlinking: /robofuzz/ros2_foxy/install/shape_msgs/include/shape_msgs/msg/detail/mesh__rosidl_typesupport_introspection_c.h
-- Symlinking: /robofuzz/ros2_foxy/install/shape_msgs/include/shape_msgs/msg/detail/mesh_triangle__rosidl_typesupport_introspection_c.h
-- Symlinking: /robofuzz/ros2_foxy/install/shape_msgs/include/shape_msgs/msg/detail/plane__rosidl_typesupport_introspection_c.h
-- Symlinking: /robofuzz/ros2_foxy/install/shape_msgs/include/shape_msgs/msg/detail/solid_primitive__rosidl_typesupport_introspection_c.h
-- Symlinking: /robofuzz/ros2_foxy/install/shape_msgs/include/shape_msgs/msg/rosidl_typesupport_introspection_c__visibility_control.h
-- Symlinking: /robofuzz/ros2_foxy/install/shape_msgs/include/shape_msgs/msg/detail/mesh__builder.hpp
-- Symlinking: /robofuzz/ros2_foxy/install/shape_msgs/include/shape_msgs/msg/detail/mesh__struct.hpp
-- Symlinking: /robofuzz/ros2_foxy/install/shape_msgs/include/shape_msgs/msg/detail/mesh__traits.hpp
-- Symlinking: /robofuzz/ros2_foxy/install/shape_msgs/include/shape_msgs/msg/detail/mesh_triangle__builder.hpp
-- Symlinking: /robofuzz/ros2_foxy/install/shape_msgs/include/shape_msgs/msg/detail/mesh_triangle__struct.hpp
-- Symlinking: /robofuzz/ros2_foxy/install/shape_msgs/include/shape_msgs/msg/detail/mesh_triangle__traits.hpp
-- Symlinking: /robofuzz/ros2_foxy/install/shape_msgs/include/shape_msgs/msg/detail/plane__builder.hpp
-- Symlinking: /robofuzz/ros2_foxy/install/shape_msgs/include/shape_msgs/msg/detail/plane__struct.hpp
-- Symlinking: /robofuzz/ros2_foxy/install/shape_msgs/include/shape_msgs/msg/detail/plane__traits.hpp
-- Symlinking: /robofuzz/ros2_foxy/install/shape_msgs/include/shape_msgs/msg/detail/solid_primitive__builder.hpp
-- Symlinking: /robofuzz/ros2_foxy/install/shape_msgs/include/shape_msgs/msg/detail/solid_primitive__struct.hpp
-- Symlinking: /robofuzz/ros2_foxy/install/shape_msgs/include/shape_msgs/msg/detail/solid_primitive__traits.hpp
-- Symlinking: /robofuzz/ros2_foxy/install/shape_msgs/include/shape_msgs/msg/mesh.hpp
-- Symlinking: /robofuzz/ros2_foxy/install/shape_msgs/include/shape_msgs/msg/mesh_triangle.hpp
-- Symlinking: /robofuzz/ros2_foxy/install/shape_msgs/include/shape_msgs/msg/plane.hpp
-- Symlinking: /robofuzz/ros2_foxy/install/shape_msgs/include/shape_msgs/msg/solid_primitive.hpp
-- Symlinking: /robofuzz/ros2_foxy/install/shape_msgs/include/shape_msgs/msg/detail/mesh__rosidl_typesupport_introspection_cpp.hpp
-- Symlinking: /robofuzz/ros2_foxy/install/shape_msgs/include/shape_msgs/msg/detail/mesh_triangle__rosidl_typesupport_introspection_cpp.hpp
-- Symlinking: /robofuzz/ros2_foxy/install/shape_msgs/include/shape_msgs/msg/detail/plane__rosidl_typesupport_introspection_cpp.hpp
-- Symlinking: /robofuzz/ros2_foxy/install/shape_msgs/include/shape_msgs/msg/detail/solid_primitive__rosidl_typesupport_introspection_cpp.hpp
-- Symlinking: /robofuzz/ros2_foxy/install/shape_msgs/share/shape_msgs/environment/pythonpath.sh
-- Symlinking: /robofuzz/ros2_foxy/install/shape_msgs/share/shape_msgs/environment/pythonpath.dsv
-- Symlinking: /robofuzz/ros2_foxy/install/shape_msgs/lib/python3.8/site-packages/shape_msgs/__init__.py
-- Symlinking: /robofuzz/ros2_foxy/install/shape_msgs/lib/python3.8/site-packages/shape_msgs/msg/__init__.py
-- Symlinking: /robofuzz/ros2_foxy/install/shape_msgs/lib/python3.8/site-packages/shape_msgs/msg/_mesh.py
-- Symlinking: /robofuzz/ros2_foxy/install/shape_msgs/lib/python3.8/site-packages/shape_msgs/msg/_mesh_triangle.py
-- Symlinking: /robofuzz/ros2_foxy/install/shape_msgs/lib/python3.8/site-packages/shape_msgs/msg/_plane.py
-- Symlinking: /robofuzz/ros2_foxy/install/shape_msgs/lib/python3.8/site-packages/shape_msgs/msg/_solid_primitive.py
-- Symlinking: /robofuzz/ros2_foxy/install/shape_msgs/lib/python3.8/site-packages/shape_msgs/shape_msgs_s__rosidl_typesupport_fastrtps_c.cpython-38-x86_64-linux-gnu.so
-- Symlinking: /robofuzz/ros2_foxy/install/shape_msgs/lib/python3.8/site-packages/shape_msgs/shape_msgs_s__rosidl_typesupport_introspection_c.cpython-38-x86_64-linux-gnu.so
-- Symlinking: /robofuzz/ros2_foxy/install/shape_msgs/lib/python3.8/site-packages/shape_msgs/shape_msgs_s__rosidl_typesupport_c.cpython-38-x86_64-linux-gnu.so
-- Symlinking: /robofuzz/ros2_foxy/install/shape_msgs/lib/libshape_msgs__python.so
-- Symlinking: /robofuzz/ros2_foxy/install/shape_msgs/share/shape_msgs/msg/Mesh.idl
-- Symlinking: /robofuzz/ros2_foxy/install/shape_msgs/share/shape_msgs/msg/MeshTriangle.idl
-- Symlinking: /robofuzz/ros2_foxy/install/shape_msgs/share/shape_msgs/msg/Plane.idl
-- Symlinking: /robofuzz/ros2_foxy/install/shape_msgs/share/shape_msgs/msg/SolidPrimitive.idl
-- Symlinking: /robofuzz/ros2_foxy/install/shape_msgs/share/shape_msgs/msg/Mesh.msg
-- Symlinking: /robofuzz/ros2_foxy/install/shape_msgs/share/shape_msgs/msg/MeshTriangle.msg
-- Symlinking: /robofuzz/ros2_foxy/install/shape_msgs/share/shape_msgs/msg/Plane.msg
-- Symlinking: /robofuzz/ros2_foxy/install/shape_msgs/share/shape_msgs/msg/SolidPrimitive.msg
-- Symlinking: /robofuzz/ros2_foxy/install/shape_msgs/share/ament_index/resource_index/package_run_dependencies/shape_msgs
-- Symlinking: /robofuzz/ros2_foxy/install/shape_msgs/share/ament_index/resource_index/parent_prefix_path/shape_msgs
-- Symlinking: /robofuzz/ros2_foxy/install/shape_msgs/share/shape_msgs/environment/ament_prefix_path.sh
-- Symlinking: /robofuzz/ros2_foxy/install/shape_msgs/share/shape_msgs/environment/ament_prefix_path.dsv
-- Symlinking: /robofuzz/ros2_foxy/install/shape_msgs/share/shape_msgs/environment/path.sh
-- Symlinking: /robofuzz/ros2_foxy/install/shape_msgs/share/shape_msgs/environment/path.dsv
-- Symlinking: /robofuzz/ros2_foxy/install/shape_msgs/share/shape_msgs/local_setup.bash
-- Symlinking: /robofuzz/ros2_foxy/install/shape_msgs/share/shape_msgs/local_setup.sh
-- Symlinking: /robofuzz/ros2_foxy/install/shape_msgs/share/shape_msgs/local_setup.zsh
-- Symlinking: /robofuzz/ros2_foxy/install/shape_msgs/share/shape_msgs/local_setup.dsv
-- Symlinking: /robofuzz/ros2_foxy/install/shape_msgs/share/shape_msgs/package.dsv
-- Symlinking: /robofuzz/ros2_foxy/install/shape_msgs/share/ament_index/resource_index/packages/shape_msgs
-- Symlinking: /robofuzz/ros2_foxy/install/shape_msgs/share/shape_msgs/cmake/rosidl_cmake-extras.cmake
-- Symlinking: /robofuzz/ros2_foxy/install/shape_msgs/share/shape_msgs/cmake/ament_cmake_export_dependencies-extras.cmake
-- Symlinking: /robofuzz/ros2_foxy/install/shape_msgs/share/shape_msgs/cmake/ament_cmake_export_libraries-extras.cmake
-- Symlinking: /robofuzz/ros2_foxy/install/shape_msgs/share/shape_msgs/cmake/ament_cmake_export_targets-extras.cmake
-- Symlinking: /robofuzz/ros2_foxy/install/shape_msgs/share/shape_msgs/cmake/ament_cmake_export_include_directories-extras.cmake
-- Symlinking: /robofuzz/ros2_foxy/install/shape_msgs/share/shape_msgs/cmake/rosidl_cmake_export_typesupport_libraries-extras.cmake
-- Symlinking: /robofuzz/ros2_foxy/install/shape_msgs/share/shape_msgs/cmake/rosidl_cmake_export_typesupport_targets-extras.cmake
-- Symlinking: /robofuzz/ros2_foxy/install/shape_msgs/share/shape_msgs/cmake/shape_msgsConfig.cmake
-- Symlinking: /robofuzz/ros2_foxy/install/shape_msgs/share/shape_msgs/cmake/shape_msgsConfig-version.cmake
-- Symlinking: /robofuzz/ros2_foxy/install/shape_msgs/share/shape_msgs/package.xml
-- Installing: /robofuzz/ros2_foxy/install/shape_msgs/lib/libshape_msgs__rosidl_generator_c.so
-- Set runtime path of "/robofuzz/ros2_foxy/install/shape_msgs/lib/libshape_msgs__rosidl_generator_c.so" to ""
-- Installing: /robofuzz/ros2_foxy/install/shape_msgs/lib/libshape_msgs__rosidl_typesupport_introspection_c.so
-- Set runtime path of "/robofuzz/ros2_foxy/install/shape_msgs/lib/libshape_msgs__rosidl_typesupport_introspection_c.so" to ""
-- Installing: /robofuzz/ros2_foxy/install/shape_msgs/lib/libshape_msgs__rosidl_typesupport_c.so
-- Set runtime path of "/robofuzz/ros2_foxy/install/shape_msgs/lib/libshape_msgs__rosidl_typesupport_c.so" to ""
-- Installing: /robofuzz/ros2_foxy/install/shape_msgs/lib/libshape_msgs__rosidl_typesupport_introspection_cpp.so
-- Set runtime path of "/robofuzz/ros2_foxy/install/shape_msgs/lib/libshape_msgs__rosidl_typesupport_introspection_cpp.so" to ""
-- Installing: /robofuzz/ros2_foxy/install/shape_msgs/lib/libshape_msgs__rosidl_typesupport_cpp.so
-- Set runtime path of "/robofuzz/ros2_foxy/install/shape_msgs/lib/libshape_msgs__rosidl_typesupport_cpp.so" to ""
Compiling '/robofuzz/ros2_foxy/install/shape_msgs/lib/python3.8/site-packages/shape_msgs/__init__.py'...
-- Installing: /robofuzz/ros2_foxy/install/shape_msgs/share/shape_msgs/cmake/shape_msgs__rosidl_generator_cExport.cmake
-- Installing: /robofuzz/ros2_foxy/install/shape_msgs/share/shape_msgs/cmake/shape_msgs__rosidl_generator_cExport-noconfig.cmake
-- Installing: /robofuzz/ros2_foxy/install/shape_msgs/share/shape_msgs/cmake/shape_msgs__rosidl_typesupport_introspection_cExport.cmake
-- Installing: /robofuzz/ros2_foxy/install/shape_msgs/share/shape_msgs/cmake/shape_msgs__rosidl_typesupport_introspection_cExport-noconfig.cmake
-- Installing: /robofuzz/ros2_foxy/install/shape_msgs/share/shape_msgs/cmake/shape_msgs__rosidl_typesupport_cExport.cmake
-- Installing: /robofuzz/ros2_foxy/install/shape_msgs/share/shape_msgs/cmake/shape_msgs__rosidl_typesupport_cExport-noconfig.cmake
-- Installing: /robofuzz/ros2_foxy/install/shape_msgs/share/shape_msgs/cmake/shape_msgs__rosidl_generator_cppExport.cmake
-- Installing: /robofuzz/ros2_foxy/install/shape_msgs/share/shape_msgs/cmake/shape_msgs__rosidl_typesupport_introspection_cppExport.cmake
-- Installing: /robofuzz/ros2_foxy/install/shape_msgs/share/shape_msgs/cmake/shape_msgs__rosidl_typesupport_introspection_cppExport-noconfig.cmake
-- Installing: /robofuzz/ros2_foxy/install/shape_msgs/share/shape_msgs/cmake/shape_msgs__rosidl_typesupport_cppExport.cmake
-- Installing: /robofuzz/ros2_foxy/install/shape_msgs/share/shape_msgs/cmake/shape_msgs__rosidl_typesupport_cppExport-noconfig.cmake
