-- The C compiler identification is GNU 9.4.0
-- The CXX compiler identification is GNU 9.4.0
-- Check for working C compiler: /usr/bin/cc
-- Check for working C compiler: /usr/bin/cc -- works
-- Detecting C compiler ABI info
-- Detecting C compiler ABI info - done
-- Detecting C compile features
-- Detecting C compile features - done
-- Check for working CXX compiler: /usr/bin/c++
-- Check for working CXX compiler: /usr/bin/c++ -- works
-- Detecting CXX compiler ABI info
-- Detecting CXX compiler ABI info - done
-- Detecting CXX compile features
-- Detecting CXX compile features - done
-- Found ament_cmake: 0.9.10 (/robofuzz/ros2_foxy/install/ament_cmake/share/ament_cmake/cmake)
-- Found PythonInterp: /usr/bin/python3 (found suitable version "3.8.10", minimum required is "3") 
-- Using PYTHON_EXECUTABLE: /usr/bin/python3
-- Override CMake install command with custom implementation using symlinks instead of copying resources
-- Found TinyXML2: /usr/lib/x86_64-linux-gnu/libtinyxml2.so  
-- Configuring done
-- Generating done
-- Build files have been written to: /robofuzz/ros2_foxy/build/tinyxml2_vendor
-- Install configuration: ""
-- Execute custom install script
-- Symlinking: /robofuzz/ros2_foxy/install/tinyxml2_vendor/share/tinyxml2_vendor/cmake/Modules/FindTinyXML2.cmake
-- Symlinking: /robofuzz/ros2_foxy/install/tinyxml2_vendor/share/ament_index/resource_index/package_run_dependencies/tinyxml2_vendor
-- Symlinking: /robofuzz/ros2_foxy/install/tinyxml2_vendor/share/ament_index/resource_index/parent_prefix_path/tinyxml2_vendor
-- Symlinking: /robofuzz/ros2_foxy/install/tinyxml2_vendor/share/tinyxml2_vendor/environment/ament_prefix_path.sh
-- Symlinking: /robofuzz/ros2_foxy/install/tinyxml2_vendor/share/tinyxml2_vendor/environment/ament_prefix_path.dsv
-- Symlinking: /robofuzz/ros2_foxy/install/tinyxml2_vendor/share/tinyxml2_vendor/environment/path.sh
-- Symlinking: /robofuzz/ros2_foxy/install/tinyxml2_vendor/share/tinyxml2_vendor/environment/path.dsv
-- Symlinking: /robofuzz/ros2_foxy/install/tinyxml2_vendor/share/tinyxml2_vendor/local_setup.bash
-- Symlinking: /robofuzz/ros2_foxy/install/tinyxml2_vendor/share/tinyxml2_vendor/local_setup.sh
-- Symlinking: /robofuzz/ros2_foxy/install/tinyxml2_vendor/share/tinyxml2_vendor/local_setup.zsh
-- Symlinking: /robofuzz/ros2_foxy/install/tinyxml2_vendor/share/tinyxml2_vendor/local_setup.dsv
-- Symlinking: /robofuzz/ros2_foxy/install/tinyxml2_vendor/share/tinyxml2_vendor/package.dsv
-- Symlinking: /robofuzz/ros2_foxy/install/tinyxml2_vendor/share/ament_index/resource_index/packages/tinyxml2_vendor
-- Symlinking: /robofuzz/ros2_foxy/install/tinyxml2_vendor/share/tinyxml2_vendor/cmake/tinyxml2_vendor-extras.cmake
-- Symlinking: /robofuzz/ros2_foxy/install/tinyxml2_vendor/share/tinyxml2_vendor/cmake/tinyxml2_vendorConfig.cmake
-- Symlinking: /robofuzz/ros2_foxy/install/tinyxml2_vendor/share/tinyxml2_vendor/cmake/tinyxml2_vendorConfig-version.cmake
-- Symlinking: /robofuzz/ros2_foxy/install/tinyxml2_vendor/share/tinyxml2_vendor/package.xml
