-- The C compiler identification is GNU 9.4.0
-- The CXX compiler identification is GNU 9.4.0
-- Check for working C compiler: /usr/bin/cc
-- Check for working C compiler: /usr/bin/cc -- works
-- Detecting C compiler ABI info
-- Detecting C compiler ABI info - done
-- Detecting C compile features
-- Detecting C compile features - done
-- Check for working CXX compiler: /usr/bin/c++
-- Check for working CXX compiler: /usr/bin/c++ -- works
-- Detecting CXX compiler ABI info
-- Detecting CXX compiler ABI info - done
-- Detecting CXX compile features
-- Detecting CXX compile features - done
-- Found ament_cmake: 0.9.10 (/robofuzz/ros2_foxy/install/ament_cmake/share/ament_cmake/cmake)
-- Found PythonInterp: /usr/bin/python3 (found suitable version "3.8.10", minimum required is "3") 
-- Using PYTHON_EXECUTABLE: /usr/bin/python3
-- Override CMake install command with custom implementation using symlinks instead of copying resources
-- Found ament_lint_auto: 0.9.7 (/robofuzz/ros2_foxy/install/ament_lint_auto/share/ament_lint_auto/cmake)
-- Added test 'flake8' to check Python code syntax and style conventions
-- Added test 'lint_cmake' to check CMake code style
-- Added test 'pep257' to check Python code against some of the style conventions in PEP 257
-- Added test 'xmllint' to check XML markup files
-- Configuring done
-- Generating done
-- Build files have been written to: /robofuzz/ros2_foxy/build/qt_gui_py_common
-- Install configuration: ""
-- Execute custom install script
-- Symlinking: /robofuzz/ros2_foxy/install/qt_gui_py_common/share/qt_gui_py_common/environment/pythonpath.sh
-- Symlinking: /robofuzz/ros2_foxy/install/qt_gui_py_common/share/qt_gui_py_common/environment/pythonpath.dsv
-- Symlinking: /robofuzz/ros2_foxy/install/qt_gui_py_common/lib/python3.8/site-packages/qt_gui_py_common/__init__.py
-- Symlinking: /robofuzz/ros2_foxy/install/qt_gui_py_common/lib/python3.8/site-packages/qt_gui_py_common/checkbox_group.py
-- Symlinking: /robofuzz/ros2_foxy/install/qt_gui_py_common/lib/python3.8/site-packages/qt_gui_py_common/console_text_edit.py
-- Symlinking: /robofuzz/ros2_foxy/install/qt_gui_py_common/lib/python3.8/site-packages/qt_gui_py_common/exclusive_options_group.py
-- Symlinking: /robofuzz/ros2_foxy/install/qt_gui_py_common/lib/python3.8/site-packages/qt_gui_py_common/simple_settings_dialog.py
-- Symlinking: /robofuzz/ros2_foxy/install/qt_gui_py_common/lib/python3.8/site-packages/qt_gui_py_common/worker_thread.py
-- Symlinking: /robofuzz/ros2_foxy/install/qt_gui_py_common/share/qt_gui_py_common/resource/simple_settings_dialog.ui
-- Symlinking: /robofuzz/ros2_foxy/install/qt_gui_py_common/share/ament_index/resource_index/package_run_dependencies/qt_gui_py_common
-- Symlinking: /robofuzz/ros2_foxy/install/qt_gui_py_common/share/ament_index/resource_index/parent_prefix_path/qt_gui_py_common
-- Symlinking: /robofuzz/ros2_foxy/install/qt_gui_py_common/share/qt_gui_py_common/environment/ament_prefix_path.sh
-- Symlinking: /robofuzz/ros2_foxy/install/qt_gui_py_common/share/qt_gui_py_common/environment/ament_prefix_path.dsv
-- Symlinking: /robofuzz/ros2_foxy/install/qt_gui_py_common/share/qt_gui_py_common/environment/path.sh
-- Symlinking: /robofuzz/ros2_foxy/install/qt_gui_py_common/share/qt_gui_py_common/environment/path.dsv
-- Symlinking: /robofuzz/ros2_foxy/install/qt_gui_py_common/share/qt_gui_py_common/local_setup.bash
-- Symlinking: /robofuzz/ros2_foxy/install/qt_gui_py_common/share/qt_gui_py_common/local_setup.sh
-- Symlinking: /robofuzz/ros2_foxy/install/qt_gui_py_common/share/qt_gui_py_common/local_setup.zsh
-- Symlinking: /robofuzz/ros2_foxy/install/qt_gui_py_common/share/qt_gui_py_common/local_setup.dsv
-- Symlinking: /robofuzz/ros2_foxy/install/qt_gui_py_common/share/qt_gui_py_common/package.dsv
-- Symlinking: /robofuzz/ros2_foxy/install/qt_gui_py_common/share/ament_index/resource_index/packages/qt_gui_py_common
-- Symlinking: /robofuzz/ros2_foxy/install/qt_gui_py_common/share/qt_gui_py_common/cmake/qt_gui_py_commonConfig.cmake
-- Symlinking: /robofuzz/ros2_foxy/install/qt_gui_py_common/share/qt_gui_py_common/cmake/qt_gui_py_commonConfig-version.cmake
-- Symlinking: /robofuzz/ros2_foxy/install/qt_gui_py_common/share/qt_gui_py_common/package.xml
Listing '/robofuzz/ros2_foxy/install/qt_gui_py_common/lib/python3.8/site-packages/qt_gui_py_common'...
Compiling '/robofuzz/ros2_foxy/install/qt_gui_py_common/lib/python3.8/site-packages/qt_gui_py_common/__init__.py'...
Compiling '/robofuzz/ros2_foxy/install/qt_gui_py_common/lib/python3.8/site-packages/qt_gui_py_common/checkbox_group.py'...
Compiling '/robofuzz/ros2_foxy/install/qt_gui_py_common/lib/python3.8/site-packages/qt_gui_py_common/console_text_edit.py'...
Compiling '/robofuzz/ros2_foxy/install/qt_gui_py_common/lib/python3.8/site-packages/qt_gui_py_common/exclusive_options_group.py'...
Compiling '/robofuzz/ros2_foxy/install/qt_gui_py_common/lib/python3.8/site-packages/qt_gui_py_common/simple_settings_dialog.py'...
Compiling '/robofuzz/ros2_foxy/install/qt_gui_py_common/lib/python3.8/site-packages/qt_gui_py_common/worker_thread.py'...
