running develop
running egg_info
creating ros2run.egg-info
writing ros2run.egg-info/PKG-INFO
writing dependency_links to ros2run.egg-info/dependency_links.txt
writing entry points to ros2run.egg-info/entry_points.txt
writing requirements to ros2run.egg-info/requires.txt
writing top-level names to ros2run.egg-info/top_level.txt
writing manifest file 'ros2run.egg-info/SOURCES.txt'
reading manifest file 'ros2run.egg-info/SOURCES.txt'
writing manifest file 'ros2run.egg-info/SOURCES.txt'
running build_ext
Creating /robofuzz/ros2_foxy/install/ros2run/lib/python3.8/site-packages/site.py
Creating /robofuzz/ros2_foxy/install/ros2run/lib/python3.8/site-packages/ros2run.egg-link (link to .)

Installed /robofuzz/ros2_foxy/build/ros2run
running install_data
copying package.xml -> /robofuzz/ros2_foxy/install/ros2run/share/ros2run
creating /robofuzz/ros2_foxy/install/ros2run/share/ament_index
creating /robofuzz/ros2_foxy/install/ros2run/share/ament_index/resource_index
creating /robofuzz/ros2_foxy/install/ros2run/share/ament_index/resource_index/packages
copying resource/ros2run -> /robofuzz/ros2_foxy/install/ros2run/share/ament_index/resource_index/packages
