running develop
running egg_info
creating src/rqt_plot.egg-info
writing src/rqt_plot.egg-info/PKG-INFO
writing dependency_links to src/rqt_plot.egg-info/dependency_links.txt
writing entry points to src/rqt_plot.egg-info/entry_points.txt
writing requirements to src/rqt_plot.egg-info/requires.txt
writing top-level names to src/rqt_plot.egg-info/top_level.txt
writing manifest file 'src/rqt_plot.egg-info/SOURCES.txt'
reading manifest file 'src/rqt_plot.egg-info/SOURCES.txt'
writing manifest file 'src/rqt_plot.egg-info/SOURCES.txt'
running build_ext
Creating /robofuzz/ros2_foxy/install/rqt_plot/lib/python3.8/site-packages/site.py
Creating /robofuzz/ros2_foxy/install/rqt_plot/lib/python3.8/site-packages/rqt-plot.egg-link (link to src)
Installing rqt_plot script to /robofuzz/ros2_foxy/install/rqt_plot/lib/rqt_plot

Installed /robofuzz/ros2_foxy/build/rqt_plot/src
running install_data
creating /robofuzz/ros2_foxy/install/rqt_plot/share/ament_index
creating /robofuzz/ros2_foxy/install/rqt_plot/share/ament_index/resource_index
creating /robofuzz/ros2_foxy/install/rqt_plot/share/ament_index/resource_index/packages
copying resource/rqt_plot -> /robofuzz/ros2_foxy/install/rqt_plot/share/ament_index/resource_index/packages
creating /robofuzz/ros2_foxy/install/rqt_plot/share/rqt_plot/resource
copying resource/plot.ui -> /robofuzz/ros2_foxy/install/rqt_plot/share/rqt_plot/resource
copying package.xml -> /robofuzz/ros2_foxy/install/rqt_plot/share/rqt_plot
copying plugin.xml -> /robofuzz/ros2_foxy/install/rqt_plot/share/rqt_plot
