running develop
running egg_info
creating ros2action.egg-info
writing ros2action.egg-info/PKG-INFO
writing dependency_links to ros2action.egg-info/dependency_links.txt
writing entry points to ros2action.egg-info/entry_points.txt
writing requirements to ros2action.egg-info/requires.txt
writing top-level names to ros2action.egg-info/top_level.txt
writing manifest file 'ros2action.egg-info/SOURCES.txt'
reading manifest file 'ros2action.egg-info/SOURCES.txt'
writing manifest file 'ros2action.egg-info/SOURCES.txt'
running build_ext
Creating /robofuzz/ros2_foxy/install/ros2action/lib/python3.8/site-packages/site.py
Creating /robofuzz/ros2_foxy/install/ros2action/lib/python3.8/site-packages/ros2action.egg-link (link to .)

Installed /robofuzz/ros2_foxy/build/ros2action
running install_data
copying package.xml -> /robofuzz/ros2_foxy/install/ros2action/share/ros2action
creating /robofuzz/ros2_foxy/install/ros2action/share/ament_index
creating /robofuzz/ros2_foxy/install/ros2action/share/ament_index/resource_index
creating /robofuzz/ros2_foxy/install/ros2action/share/ament_index/resource_index/packages
copying resource/ros2action -> /robofuzz/ros2_foxy/install/ros2action/share/ament_index/resource_index/packages
