[2.498s] Invoking command in '/robofuzz/ros2_foxy/build/rpyutils': AMENT_PREFIX_PATH=/robofuzz/ros2_foxy/install/ament_xmllint:/robofuzz/ros2_foxy/install/ament_copyright:/robofuzz/ros2_foxy/install/ament_pep257:/robofuzz/ros2_foxy/install/ament_flake8:/robofuzz/ros2_foxy/install/ament_lint:${AMENT_PREFIX_PATH} PATH=/robofuzz/ros2_foxy/install/ament_xmllint/bin:/robofuzz/ros2_foxy/install/ament_copyright/bin:/robofuzz/ros2_foxy/install/ament_pep257/bin:/robofuzz/ros2_foxy/install/ament_flake8/bin:${PATH} PYTHONPATH=/robofuzz/ros2_foxy/install/rpyutils/lib/python3.8/site-packages:/robofuzz/ros2_foxy/build/ament_xmllint:/robofuzz/ros2_foxy/install/ament_xmllint/lib/python3.8/site-packages:/robofuzz/ros2_foxy/build/ament_copyright:/robofuzz/ros2_foxy/install/ament_copyright/lib/python3.8/site-packages:/robofuzz/ros2_foxy/build/ament_pep257:/robofuzz/ros2_foxy/install/ament_pep257/lib/python3.8/site-packages:/robofuzz/ros2_foxy/build/ament_flake8:/robofuzz/ros2_foxy/install/ament_flake8/lib/python3.8/site-packages:/robofuzz/ros2_foxy/build/ament_lint:/robofuzz/ros2_foxy/install/ament_lint/lib/python3.8/site-packages:${PYTHONPATH} /usr/bin/python3 setup.py develop --prefix /robofuzz/ros2_foxy/install/rpyutils --editable --build-directory /robofuzz/ros2_foxy/build/rpyutils/build --no-deps install_data --install-dir /robofuzz/ros2_foxy/install/rpyutils
[3.194s] running develop
[3.548s] running egg_info
[3.548s] creating rpyutils.egg-info
[3.548s] writing rpyutils.egg-info/PKG-INFO
[3.561s] writing dependency_links to rpyutils.egg-info/dependency_links.txt
[3.561s] writing top-level names to rpyutils.egg-info/top_level.txt
[3.562s] writing manifest file 'rpyutils.egg-info/SOURCES.txt'
[3.706s] reading manifest file 'rpyutils.egg-info/SOURCES.txt'
[3.707s] writing manifest file 'rpyutils.egg-info/SOURCES.txt'
[3.954s] running build_ext
[3.955s] Creating /robofuzz/ros2_foxy/install/rpyutils/lib/python3.8/site-packages/site.py
[3.974s] Creating /robofuzz/ros2_foxy/install/rpyutils/lib/python3.8/site-packages/rpyutils.egg-link (link to .)
[3.976s] 
[3.977s] Installed /robofuzz/ros2_foxy/build/rpyutils
[3.977s] running install_data
[3.978s] copying package.xml -> /robofuzz/ros2_foxy/install/rpyutils/share/rpyutils
[3.978s] creating /robofuzz/ros2_foxy/install/rpyutils/share/ament_index
[3.978s] creating /robofuzz/ros2_foxy/install/rpyutils/share/ament_index/resource_index
[3.978s] creating /robofuzz/ros2_foxy/install/rpyutils/share/ament_index/resource_index/packages
[3.979s] copying resource/rpyutils -> /robofuzz/ros2_foxy/install/rpyutils/share/ament_index/resource_index/packages
[4.875s] Invoked command in '/robofuzz/ros2_foxy/build/rpyutils' returned '0': AMENT_PREFIX_PATH=/robofuzz/ros2_foxy/install/ament_xmllint:/robofuzz/ros2_foxy/install/ament_copyright:/robofuzz/ros2_foxy/install/ament_pep257:/robofuzz/ros2_foxy/install/ament_flake8:/robofuzz/ros2_foxy/install/ament_lint:${AMENT_PREFIX_PATH} PATH=/robofuzz/ros2_foxy/install/ament_xmllint/bin:/robofuzz/ros2_foxy/install/ament_copyright/bin:/robofuzz/ros2_foxy/install/ament_pep257/bin:/robofuzz/ros2_foxy/install/ament_flake8/bin:${PATH} PYTHONPATH=/robofuzz/ros2_foxy/install/rpyutils/lib/python3.8/site-packages:/robofuzz/ros2_foxy/build/ament_xmllint:/robofuzz/ros2_foxy/install/ament_xmllint/lib/python3.8/site-packages:/robofuzz/ros2_foxy/build/ament_copyright:/robofuzz/ros2_foxy/install/ament_copyright/lib/python3.8/site-packages:/robofuzz/ros2_foxy/build/ament_pep257:/robofuzz/ros2_foxy/install/ament_pep257/lib/python3.8/site-packages:/robofuzz/ros2_foxy/build/ament_flake8:/robofuzz/ros2_foxy/install/ament_flake8/lib/python3.8/site-packages:/robofuzz/ros2_foxy/build/ament_lint:/robofuzz/ros2_foxy/install/ament_lint/lib/python3.8/site-packages:${PYTHONPATH} /usr/bin/python3 setup.py develop --prefix /robofuzz/ros2_foxy/install/rpyutils --editable --build-directory /robofuzz/ros2_foxy/build/rpyutils/build --no-deps install_data --install-dir /robofuzz/ros2_foxy/install/rpyutils
