-- The C compiler identification is GNU 9.4.0
-- The CXX compiler identification is GNU 9.4.0
-- Check for working C compiler: /usr/bin/cc
-- Check for working C compiler: /usr/bin/cc -- works
-- Detecting C compiler ABI info
-- Detecting C compiler ABI info - done
-- Detecting C compile features
-- Detecting C compile features - done
-- Check for working CXX compiler: /usr/bin/c++
-- Check for working CXX compiler: /usr/bin/c++ -- works
-- Detecting CXX compiler ABI info
-- Detecting CXX compiler ABI info - done
-- Detecting CXX compile features
-- Detecting CXX compile features - done
-- Found ament_cmake: 0.9.10 (/robofuzz/ros2_foxy/install/ament_cmake/share/ament_cmake/cmake)
-- Found PythonInterp: /usr/bin/python3 (found suitable version "3.8.10", minimum required is "3") 
-- Using PYTHON_EXECUTABLE: /usr/bin/python3
-- Override CMake install command with custom implementation using symlinks instead of copying resources
-- Found ament_cmake_lint_cmake: 0.9.7 (/robofuzz/ros2_foxy/install/ament_cmake_lint_cmake/share/ament_cmake_lint_cmake/cmake)
-- Found ament_cmake_copyright: 0.9.7 (/robofuzz/ros2_foxy/install/ament_cmake_copyright/share/ament_cmake_copyright/cmake)
-- Configuring done
-- Generating done
-- Build files have been written to: /robofuzz/ros2_foxy/build/eigen3_cmake_module
-- Install configuration: ""
-- Execute custom install script
-- Symlinking: /robofuzz/ros2_foxy/install/eigen3_cmake_module/share/ament_index/resource_index/package_run_dependencies/eigen3_cmake_module
-- Symlinking: /robofuzz/ros2_foxy/install/eigen3_cmake_module/share/ament_index/resource_index/parent_prefix_path/eigen3_cmake_module
-- Symlinking: /robofuzz/ros2_foxy/install/eigen3_cmake_module/share/eigen3_cmake_module/environment/ament_prefix_path.sh
-- Symlinking: /robofuzz/ros2_foxy/install/eigen3_cmake_module/share/eigen3_cmake_module/environment/ament_prefix_path.dsv
-- Symlinking: /robofuzz/ros2_foxy/install/eigen3_cmake_module/share/eigen3_cmake_module/environment/path.sh
-- Symlinking: /robofuzz/ros2_foxy/install/eigen3_cmake_module/share/eigen3_cmake_module/environment/path.dsv
-- Symlinking: /robofuzz/ros2_foxy/install/eigen3_cmake_module/share/eigen3_cmake_module/local_setup.bash
-- Symlinking: /robofuzz/ros2_foxy/install/eigen3_cmake_module/share/eigen3_cmake_module/local_setup.sh
-- Symlinking: /robofuzz/ros2_foxy/install/eigen3_cmake_module/share/eigen3_cmake_module/local_setup.zsh
-- Symlinking: /robofuzz/ros2_foxy/install/eigen3_cmake_module/share/eigen3_cmake_module/local_setup.dsv
-- Symlinking: /robofuzz/ros2_foxy/install/eigen3_cmake_module/share/eigen3_cmake_module/package.dsv
-- Symlinking: /robofuzz/ros2_foxy/install/eigen3_cmake_module/share/ament_index/resource_index/packages/eigen3_cmake_module
-- Symlinking: /robofuzz/ros2_foxy/install/eigen3_cmake_module/share/eigen3_cmake_module/cmake/eigen3_cmake_module-extras.cmake
-- Symlinking: /robofuzz/ros2_foxy/install/eigen3_cmake_module/share/eigen3_cmake_module/cmake/eigen3_cmake_moduleConfig.cmake
-- Symlinking: /robofuzz/ros2_foxy/install/eigen3_cmake_module/share/eigen3_cmake_module/cmake/eigen3_cmake_moduleConfig-version.cmake
-- Symlinking: /robofuzz/ros2_foxy/install/eigen3_cmake_module/share/eigen3_cmake_module/package.xml
-- Symlinking: /robofuzz/ros2_foxy/install/eigen3_cmake_module/share/eigen3_cmake_module/cmake/Modules/FindEigen3.cmake
