[2.915s] Invoking command in '/robofuzz/ros2_foxy/build/ament_package': PYTHONPATH=/robofuzz/ros2_foxy/install/ament_package/lib/python3.8/site-packages:${PYTHONPATH} /usr/bin/python3 setup.py develop --prefix /robofuzz/ros2_foxy/install/ament_package --editable --build-directory /robofuzz/ros2_foxy/build/ament_package/build --no-deps install_data --install-dir /robofuzz/ros2_foxy/install/ament_package
[3.544s] running develop
[3.909s] running egg_info
[3.910s] creating ament_package.egg-info
[3.910s] writing ament_package.egg-info/PKG-INFO
[3.911s] writing dependency_links to ament_package.egg-info/dependency_links.txt
[3.911s] writing top-level names to ament_package.egg-info/top_level.txt
[3.916s] writing manifest file 'ament_package.egg-info/SOURCES.txt'
[4.018s] reading manifest file 'ament_package.egg-info/SOURCES.txt'
[4.023s] writing manifest file 'ament_package.egg-info/SOURCES.txt'
[4.163s] running build_ext
[4.163s] Creating /robofuzz/ros2_foxy/install/ament_package/lib/python3.8/site-packages/site.py
[4.169s] Creating /robofuzz/ros2_foxy/install/ament_package/lib/python3.8/site-packages/ament-package.egg-link (link to .)
[4.171s] 
[4.172s] Installed /robofuzz/ros2_foxy/build/ament_package
[4.172s] running install_data
[4.172s] copying package.xml -> /robofuzz/ros2_foxy/install/ament_package/share/ament_package
[4.172s] creating /robofuzz/ros2_foxy/install/ament_package/share/ament_index
[4.172s] creating /robofuzz/ros2_foxy/install/ament_package/share/ament_index/resource_index
[4.172s] creating /robofuzz/ros2_foxy/install/ament_package/share/ament_index/resource_index/packages
[4.173s] copying resource/ament_package -> /robofuzz/ros2_foxy/install/ament_package/share/ament_index/resource_index/packages
[4.453s] Invoked command in '/robofuzz/ros2_foxy/build/ament_package' returned '0': PYTHONPATH=/robofuzz/ros2_foxy/install/ament_package/lib/python3.8/site-packages:${PYTHONPATH} /usr/bin/python3 setup.py develop --prefix /robofuzz/ros2_foxy/install/ament_package --editable --build-directory /robofuzz/ros2_foxy/build/ament_package/build --no-deps install_data --install-dir /robofuzz/ros2_foxy/install/ament_package
