clang: [0;1;35mwarning: [0m/robofuzz/src/cov/cov-fs.o: 'linker' input unused [-Wunused-command-line-argument][0m
clang: [0;1;35mwarning: [0m/robofuzz/src/cov/cov-fs.o: 'linker' input unused [-Wunused-command-line-argument][0m
clang: [0;1;35mwarning: [0m/robofuzz/src/cov/cov-fs.o: 'linker' input unused [-Wunused-command-line-argument][0m
clang: [0;1;35mwarning: [0m/robofuzz/src/cov/cov-fs.o: 'linker' input unused [-Wunused-command-line-argument][0m
clangclangclang: : [0;1;35m[0;1;35mwarningwarning: [0m/robofuzz/src/cov/cov-fs.o: 'linker' input unused [-Wunused-command-line-argument]: [0m[0;1;35m
warning: [0m/robofuzz/src/cov/cov-fs.o: 'linker' input unused [-Wunused-command-line-argument]: [0m/robofuzz/src/cov/cov-fs.o: 'linker' input unused [-Wunused-command-line-argument][0m
[0m
clang: [0;1;35mwarning: [0m/robofuzz/src/cov/cov-fs.o: 'linker' input unused [-Wunused-command-line-argument][0m
clang: [0;1;35mwarning: [0m/robofuzz/src/cov/cov-fs.o: 'linker' input unused [-Wunused-command-line-argument][0m
clang: [0;1;35mwarning: [0m/robofuzz/src/cov/cov-fs.o: 'linker' input unused [-Wunused-command-line-argument][0m
clang: [0;1;35mwarning: [0m/robofuzz/src/cov/cov-fs.o: 'linker' input unused [-Wunused-command-line-argument][0m
clang: [0;1;35mwarning: [0m/robofuzz/src/cov/cov-fs.o: 'linker' input unused [-Wunused-command-line-argument][0m
clang: [0;1;35mwarning: [0m/robofuzz/src/cov/cov-fs.o: 'linker' input unused [-Wunused-command-line-argument][0m
clang: [0;1;35mwarning: [0m/robofuzz/src/cov/cov-fs.o: 'linker' input unused [-Wunused-command-line-argument][0m
clang: [0;1;35mwarning: [0m/robofuzz/src/cov/cov-fs.o: 'linker' input unused [-Wunused-command-line-argument][0m
clangclang: : [0;1;35mwarning: [0m[0;1;35mwarning/robofuzz/src/cov/cov-fs.o: 'linker' input unused [-Wunused-command-line-argument]: [0m[0m
/robofuzz/src/cov/cov-fs.o: 'linker' input unused [-Wunused-command-line-argument][0m
clang: [0;1;35mwarning: [0m/robofuzz/src/cov/cov-fs.o: 'linker' input unused [-Wunused-command-line-argument][0m
clang: [0;1;35mwarning: [0m/robofuzz/src/cov/cov-fs.o: 'linker' input unused [-Wunused-command-line-argument][0m
clang: [0;1;35mwarning: [0m/robofuzz/src/cov/cov-fs.o: 'linker' input unused [-Wunused-command-line-argument][0m
clang: [0;1;35mwarning: [0m/robofuzz/src/cov/cov-fs.o: 'linker' input unused [-Wunused-command-line-argument][0m
clang: [0;1;35mwarning: [0m/robofuzz/src/cov/cov-fs.o: 'linker' input unused [-Wunused-command-line-argument][0m
clang: [0;1;35mwarning: [0m/robofuzz/src/cov/cov-fs.o: 'linker' input unused [-Wunused-command-line-argument][0m
clang: [0;1;35mwarning: [0m/robofuzz/src/cov/cov-fs.o: 'linker' input unused [-Wunused-command-line-argument][0m
clang: [0;1;35mwarning: [0m/robofuzz/src/cov/cov-fs.o: 'linker' input unused [-Wunused-command-line-argument][0m
clang: [0;1;35mwarning: [0m/robofuzz/src/cov/cov-fs.o: 'linker' input unused [-Wunused-command-line-argument][0m
clang: [0;1;35mwarning: [0m/robofuzz/src/cov/cov-fs.o: 'linker' input unused [-Wunused-command-line-argument][0m
clang: [0;1;35mwarning: [0m/robofuzz/src/cov/cov-fs.o: 'linker' input unused [-Wunused-command-line-argument][0m
clang: [0;1;35mwarning: [0m/robofuzz/src/cov/cov-fs.o: 'linker' input unused [-Wunused-command-line-argument][0m
clang: [0;1;35mwarning: [0m/robofuzz/src/cov/cov-fs.o: 'linker' input unused [-Wunused-command-line-argument][0m
clang: [0;1;35mwarning: [0m/robofuzz/src/cov/cov-fs.o: 'linker' input unused [-Wunused-command-line-argument][0m
clangclang: [0;1;35mwarning: [0m/robofuzz/src/cov/cov-fs.o: 'linker' input unused [-Wunused-command-line-argument][0m
: [0;1;35mwarning: [0m/robofuzz/src/cov/cov-fs.o: 'linker' input unused [-Wunused-command-line-argument][0m
clang: [0;1;35mwarning: [0m/robofuzz/src/cov/cov-fs.o: 'linker' input unused [-Wunused-command-line-argument][0m
clangclang: : [0;1;35mwarning: [0m/robofuzz/src/cov/cov-fs.o: 'linker' input unused [-Wunused-command-line-argument][0m
[0;1;35mwarning: [0m/robofuzz/src/cov/cov-fs.o: 'linker' input unused [-Wunused-command-line-argument][0m
clang: [0;1;35mwarning: [0m/robofuzz/src/cov/cov-fs.o: 'linker' input unused [-Wunused-command-line-argument][0m
clang: [0;1;35mwarning: [0m/robofuzz/src/cov/cov-fs.o: 'linker' input unused [-Wunused-command-line-argument][0m
clang: [0;1;35mwarning: [0m/robofuzz/src/cov/cov-fs.o: 'linker' input unused [-Wunused-command-line-argument][0m
clang: [0;1;35mwarning: [0m/robofuzz/src/cov/cov-fs.o: 'linker' input unused [-Wunused-command-line-argument][0m
clang: [0;1;35mwarning: [0m/robofuzz/src/cov/cov-fs.o: 'linker' input unused [-Wunused-command-line-argument][0m
clang: [0;1;35mwarning: [0m/robofuzz/src/cov/cov-fs.o: 'linker' input unused [-Wunused-command-line-argument][0m
clang: [0;1;35mwarning: [0m/robofuzz/src/cov/cov-fs.o: 'linker' input unused [-Wunused-command-line-argument][0m
clang: [0;1;35mwarning: [0m/robofuzz/src/cov/cov-fs.o: 'linker' input unused [-Wunused-command-line-argument][0m
clang: [0;1;35mwarning: [0m/robofuzz/src/cov/cov-fs.o: 'linker' input unused [-Wunused-command-line-argument][0m
clang: [0;1;35mwarning: [0m/robofuzz/src/cov/cov-fs.o: 'linker' input unused [-Wunused-command-line-argument][0m
clang: [0;1;35mwarning: [0m/robofuzz/src/cov/cov-fs.o: 'linker' input unused [-Wunused-command-line-argument][0m
clang: [0;1;35mwarning: [0m/robofuzz/src/cov/cov-fs.o: 'linker' input unused [-Wunused-command-line-argument][0m
clang: [0;1;35mwarning: [0m/robofuzz/src/cov/cov-fs.o: 'linker' input unused [-Wunused-command-line-argument][0m
clang: [0;1;35mwarning: [0m/robofuzz/src/cov/cov-fs.o: 'linker' input unused [-Wunused-command-line-argument][0m
clangclang: : [0;1;35mwarning: [0m/robofuzz/src/cov/cov-fs.o: 'linker' input unused [-Wunused-command-line-argument][0m
[0;1;35mwarning: [0m/robofuzz/src/cov/cov-fs.o: 'linker' input unused [-Wunused-command-line-argument][0m
clangclang: [0;1;35mwarning: [0m/robofuzz/src/cov/cov-fs.o: 'linker' input unused [-Wunused-command-line-argument][0m
clang: [0;1;35mwarning: [0m/robofuzz/src/cov/cov-fs.o: 'linker' input unused [-Wunused-command-line-argument]: [0m
[0;1;35mwarning: [0m/robofuzz/src/cov/cov-fs.o: 'linker' input unused [-Wunused-command-line-argument][0m
clang: [0;1;35mwarning: [0m/robofuzz/src/cov/cov-fs.o: 'linker' input unused [-Wunused-command-line-argument][0m
clang: [0;1;35mwarning: [0m/robofuzz/src/cov/cov-fs.o: 'linker' input unused [-Wunused-command-line-argument][0m
clang: [0;1;35mwarning: [0m/robofuzz/src/cov/cov-fs.o: 'linker' input unused [-Wunused-command-line-argument][0m
clang: [0;1;35mwarning: [0m/robofuzz/src/cov/cov-fs.o: 'linker' input unused [-Wunused-command-line-argument][0m
clang: [0;1;35mwarning: [0m/robofuzz/src/cov/cov-fs.o: 'linker' input unused [-Wunused-command-line-argument][0m
clang: [0;1;35mwarning: [0m/robofuzz/src/cov/cov-fs.o: 'linker' input unused [-Wunused-command-line-argument][0m
clang: [0;1;35mwarning: [0m/robofuzz/src/cov/cov-fs.o: 'linker' input unused [-Wunused-command-line-argument][0m
clang: [0;1;35mwarning: [0m/robofuzz/src/cov/cov-fs.o: 'linker' input unused [-Wunused-command-line-argument][0m
clang: [0;1;35mwarning: [0m/robofuzz/src/cov/cov-fs.o: 'linker' input unused [-Wunused-command-line-argument][0m
clang: [0;1;35mwarning: [0m/robofuzz/src/cov/cov-fs.o: 'linker' input unused [-Wunused-command-line-argument][0m
clang: [0;1;35mwarning: [0m/robofuzz/src/cov/cov-fs.o: 'linker' input unused [-Wunused-command-line-argument][0m
clang: [0;1;35mwarning: [0m/robofuzz/src/cov/cov-fs.o: 'linker' input unused [-Wunused-command-line-argument][0m
clang: [0;1;35mwarning: [0m/robofuzz/src/cov/cov-fs.o: 'linker' input unused [-Wunused-command-line-argument][0m
clang: [0;1;35mwarning: [0m/robofuzz/src/cov/cov-fs.o: 'linker' input unused [-Wunused-command-line-argument][0m
clang: [0;1;35mwarning: [0m/robofuzz/src/cov/cov-fs.o: 'linker' input unused [-Wunused-command-line-argument][0m
clang: [0;1;35mwarning: [0m/robofuzz/src/cov/cov-fs.o: 'linker' input unused [-Wunused-command-line-argument][0m
clang: [0;1;35mwarning: [0m/robofuzz/src/cov/cov-fs.o: 'linker' input unused [-Wunused-command-line-argument][0m
clang: [0;1;35mwarning: [0m/robofuzz/src/cov/cov-fs.o: 'linker' input unused [-Wunused-command-line-argument][0m
clang: [0;1;35mwarning: [0m/robofuzz/src/cov/cov-fs.o: 'linker' input unused [-Wunused-command-line-argument][0m
clang: [0;1;35mwarning: [0m/robofuzz/src/cov/cov-fs.o: 'linker' input unused [-Wunused-command-line-argument][0m
clang: [0;1;35mwarning: [0m/robofuzz/src/cov/cov-fs.o: 'linker' input unused [-Wunused-command-line-argument][0m
clang: [0;1;35mwarning: [0m/robofuzz/src/cov/cov-fs.o: 'linker' input unused [-Wunused-command-line-argument][0m
clang: [0;1;35mwarning: [0m/robofuzz/src/cov/cov-fs.o: 'linker' input unused [-Wunused-command-line-argument][0m
clang: [0;1;35mwarning: [0m/robofuzz/src/cov/cov-fs.o: 'linker' input unused [-Wunused-command-line-argument][0m
clang: [0;1;35mwarning: [0m/robofuzz/src/cov/cov-fs.o: 'linker' input unused [-Wunused-command-line-argument][0m
clang: [0;1;35mwarning: [0m/robofuzz/src/cov/cov-fs.o: 'linker' input unused [-Wunused-command-line-argument][0m
clang: [0;1;35mwarning: [0m/robofuzz/src/cov/cov-fs.o: 'linker' input unused [-Wunused-command-line-argument][0m
clang: [0;1;35mwarning: [0m/robofuzz/src/cov/cov-fs.o: 'linker' input unused [-Wunused-command-line-argument][0m
clang: [0;1;35mwarning: [0m/robofuzz/src/cov/cov-fs.o: 'linker' input unused [-Wunused-command-line-argument][0m
clang: [0;1;35mwarning: [0m/robofuzz/src/cov/cov-fs.o: 'linker' input unused [-Wunused-command-line-argument][0m
clang: [0;1;35mwarning: [0m/robofuzz/src/cov/cov-fs.o: 'linker' input unused [-Wunused-command-line-argument][0m
clang: [0;1;35mwarning: [0m/robofuzz/src/cov/cov-fs.o: 'linker' input unused [-Wunused-command-line-argument][0m
clang: [0;1;35mwarning: [0m/robofuzz/src/cov/cov-fs.o: 'linker' input unused [-Wunused-command-line-argument][0m
clang: [0;1;35mwarning: [0m/robofuzz/src/cov/cov-fs.o: 'linker' input unused [-Wunused-command-line-argument][0m
clang: [0;1;35mwarning: [0m/robofuzz/src/cov/cov-fs.o: 'linker' input unused [-Wunused-command-line-argument][0m
clang: [0;1;35mwarning: [0m/robofuzz/src/cov/cov-fs.o: 'linker' input unused [-Wunused-command-line-argument][0m
clang: [0;1;35mwarning: [0m/robofuzz/src/cov/cov-fs.o: 'linker' input unused [-Wunused-command-line-argument][0m
clang: [0;1;35mwarning: [0m/robofuzz/src/cov/cov-fs.o: 'linker' input unused [-Wunused-command-line-argument][0m
clang: [0;1;35mwarning: [0m/robofuzz/src/cov/cov-fs.o: 'linker' input unused [-Wunused-command-line-argument][0m
clang: [0;1;35mwarning: [0m/robofuzz/src/cov/cov-fs.o: 'linker' input unused [-Wunused-command-line-argument][0m
clang: [0;1;35mwarning: [0m/robofuzz/src/cov/cov-fs.o: 'linker' input unused [-Wunused-command-line-argument][0m
clang: [0;1;35mwarning: [0m/robofuzz/src/cov/cov-fs.o: 'linker' input unused [-Wunused-command-line-argument][0m
clang: [0;1;35mwarning: [0m/robofuzz/src/cov/cov-fs.o: 'linker' input unused [-Wunused-command-line-argument][0m
clang: [0;1;35mwarning: [0m/robofuzz/src/cov/cov-fs.o: 'linker' input unused [-Wunused-command-line-argument][0m
clang: [0;1;35mwarning: [0m/robofuzz/src/cov/cov-fs.o: 'linker' input unused [-Wunused-command-line-argument][0m
clang: [0;1;35mwarning: [0m/robofuzz/src/cov/cov-fs.o: 'linker' input unused [-Wunused-command-line-argument][0m
clang: [0;1;35mwarning: [0m/robofuzz/src/cov/cov-fs.o: 'linker' input unused [-Wunused-command-line-argument][0m
clang: [0;1;35mwarning: [0m/robofuzz/src/cov/cov-fs.o: 'linker' input unused [-Wunused-command-line-argument][0m
clang: [0;1;35mwarning: [0m/robofuzz/src/cov/cov-fs.o: 'linker' input unused [-Wunused-command-line-argument][0m
clang: [0;1;35mwarning: [0m/robofuzz/src/cov/cov-fs.o: 'linker' input unused [-Wunused-command-line-argument][0m
clang: [0;1;35mwarning: [0m/robofuzz/src/cov/cov-fs.o: 'linker' input unused [-Wunused-command-line-argument][0m
clang: [0;1;35mwarning: [0m/robofuzz/src/cov/cov-fs.o: 'linker' input unused [-Wunused-command-line-argument][0m
clang: [0;1;35mwarning: [0m/robofuzz/src/cov/cov-fs.o: 'linker' input unused [-Wunused-command-line-argument][0m
clang: [0;1;35mwarning: [0m/robofuzz/src/cov/cov-fs.o: 'linker' input unused [-Wunused-command-line-argument][0m
clang: [0;1;35mwarning: [0m/robofuzz/src/cov/cov-fs.o: 'linker' input unused [-Wunused-command-line-argument][0m
clang: [0;1;35mwarning: [0m/robofuzz/src/cov/cov-fs.o: 'linker' input unused [-Wunused-command-line-argument][0m
clang: [0;1;35mwarning: [0m/robofuzz/src/cov/cov-fs.o: 'linker' input unused [-Wunused-command-line-argument][0m
clang: [0;1;35mwarning: [0m/robofuzz/src/cov/cov-fs.o: 'linker' input unused [-Wunused-command-line-argument][0m
clang: [0;1;35mwarning: [0m/robofuzz/src/cov/cov-fs.o: 'linker' input unused [-Wunused-command-line-argument][0m
clang: [0;1;35mwarning: [0m/robofuzz/src/cov/cov-fs.o: 'linker' input unused [-Wunused-command-line-argument][0m
clang: [0;1;35mwarning: [0m/robofuzz/src/cov/cov-fs.o: 'linker' input unused [-Wunused-command-line-argument][0m
clang: [0;1;35mwarning: [0m/robofuzz/src/cov/cov-fs.o: 'linker' input unused [-Wunused-command-line-argument][0m
clang: [0;1;35mwarning: [0m/robofuzz/src/cov/cov-fs.o: 'linker' input unused [-Wunused-command-line-argument][0m
clang: [0;1;35mwarning: [0m/robofuzz/src/cov/cov-fs.o: 'linker' input unused [-Wunused-command-line-argument][0m
clang: [0;1;35mwarning: [0m/robofuzz/src/cov/cov-fs.o: 'linker' input unused [-Wunused-command-line-argument][0m
clang: [0;1;35mwarning: [0m/robofuzz/src/cov/cov-fs.o: 'linker' input unused [-Wunused-command-line-argument][0m
clang: [0;1;35mwarning: [0m/robofuzz/src/cov/cov-fs.o: 'linker' input unused [-Wunused-command-line-argument][0m
clang: [0;1;35mwarning: [0m/robofuzz/src/cov/cov-fs.o: 'linker' input unused [-Wunused-command-line-argument][0m
clang: [0;1;35mwarning: [0m/robofuzz/src/cov/cov-fs.o: 'linker' input unused [-Wunused-command-line-argument][0m
clang: [0;1;35mwarning: [0m/robofuzz/src/cov/cov-fs.o: 'linker' input unused [-Wunused-command-line-argument][0m
clang: [0;1;35mwarning: [0m/robofuzz/src/cov/cov-fs.o: 'linker' input unused [-Wunused-command-line-argument][0m
clang: [0;1;35mwarning: [0m/robofuzz/src/cov/cov-fs.o: 'linker' input unused [-Wunused-command-line-argument][0m
clang: [0;1;35mwarning: [0m/robofuzz/src/cov/cov-fs.o: 'linker' input unused [-Wunused-command-line-argument][0m
clang: [0;1;35mwarning: [0m/robofuzz/src/cov/cov-fs.o: 'linker' input unused [-Wunused-command-line-argument][0m
clang: [0;1;35mwarning: [0m/robofuzz/src/cov/cov-fs.o: 'linker' input unused [-Wunused-command-line-argument][0m
clang: [0;1;35mwarning: [0m/robofuzz/src/cov/cov-fs.o: 'linker' input unused [-Wunused-command-line-argument][0m
clang: [0;1;35mwarning: [0m/robofuzz/src/cov/cov-fs.o: 'linker' input unused [-Wunused-command-line-argument][0m
clang: [0;1;35mwarning: [0m/robofuzz/src/cov/cov-fs.o: 'linker' input unused [-Wunused-command-line-argument][0m
clang: [0;1;35mwarning: [0m/robofuzz/src/cov/cov-fs.o: 'linker' input unused [-Wunused-command-line-argument][0m
clang: [0;1;35mwarning: [0m/robofuzz/src/cov/cov-fs.o: 'linker' input unused [-Wunused-command-line-argument][0m
clang: [0;1;35mwarning: [0m/robofuzz/src/cov/cov-fs.o: 'linker' input unused [-Wunused-command-line-argument][0m
clang: [0;1;35mwarning: [0m/robofuzz/src/cov/cov-fs.o: 'linker' input unused [-Wunused-command-line-argument][0m
