-- The C compiler identification is GNU 9.4.0
-- The CXX compiler identification is GNU 9.4.0
-- Check for working C compiler: /usr/bin/cc
-- Check for working C compiler: /usr/bin/cc -- works
-- Detecting C compiler ABI info
-- Detecting C compiler ABI info - done
-- Detecting C compile features
-- Detecting C compile features - done
-- Check for working CXX compiler: /usr/bin/c++
-- Check for working CXX compiler: /usr/bin/c++ -- works
-- Detecting CXX compiler ABI info
-- Detecting CXX compiler ABI info - done
-- Detecting CXX compile features
-- Detecting CXX compile features - done
-- Found ament_cmake: 0.9.10 (/robofuzz/ros2_foxy/install/ament_cmake/share/ament_cmake/cmake)
-- Found PythonInterp: /usr/bin/python3 (found suitable version "3.8.10", minimum required is "3") 
-- Using PYTHON_EXECUTABLE: /usr/bin/python3
-- Override CMake install command with custom implementation using symlinks instead of copying resources
-- Found ament_cmake_pytest: 0.9.10 (/robofuzz/ros2_foxy/install/ament_cmake_pytest/share/ament_cmake_pytest/cmake)
-- Found rmw: 1.0.3 (/robofuzz/ros2_foxy/install/rmw/share/rmw/cmake)
-- Found rosidl_cmake: 1.2.1 (/robofuzz/ros2_foxy/install/rosidl_cmake/share/rosidl_cmake/cmake)
-- Found rosidl_adapter: 1.2.1 (/robofuzz/ros2_foxy/install/rosidl_adapter/share/rosidl_adapter/cmake)
-- Found ament_lint_auto: 0.9.7 (/robofuzz/ros2_foxy/install/ament_lint_auto/share/ament_lint_auto/cmake)
-- Found OpenSSL: /usr/lib/x86_64-linux-gnu/libcrypto.so (found version "1.1.1f")  
-- Found FastRTPS: /robofuzz/ros2_foxy/install/fastrtps/include  
-- Using all available rosidl_typesupport_c: rosidl_typesupport_fastrtps_c;rosidl_typesupport_introspection_c
-- Found PythonInterp: /usr/bin/python3 (found version "3.8.10") 
-- Found ament_cmake_ros: 0.9.2 (/robofuzz/ros2_foxy/install/ament_cmake_ros/share/ament_cmake_ros/cmake)
-- Using all available rosidl_typesupport_c: rosidl_typesupport_fastrtps_c;rosidl_typesupport_introspection_c
-- Found PythonInterp: /usr/bin/python3 (found suitable version "3.8.10", minimum required is "3.5") 
-- Found PythonLibs: /usr/lib/x86_64-linux-gnu/libpython3.8.so (found suitable version "3.8.10", minimum required is "3.5") 
-- Using PYTHON_EXECUTABLE: /usr/bin/python3
-- Using PYTHON_INCLUDE_DIRS: /usr/include/python3.8
-- Using PYTHON_LIBRARIES: /usr/lib/x86_64-linux-gnu/libpython3.8.so
-- Found PythonExtra: .so  
-- Added test 'copyright' to check source files copyright and LICENSE
-- Added test 'flake8' to check Python code syntax and style conventions
-- Added test 'lint_cmake' to check CMake code style
-- Added test 'pep257' to check Python code against some of the style conventions in PEP 257
-- Added test 'xmllint' to check XML markup files
-- Configuring done
-- Generating done
-- Build files have been written to: /robofuzz/ros2_foxy/build/rosidl_generator_py
[  1%] [34m[1mGenerating C code for ROS interfaces[0m
[35m[1mScanning dependencies of target rosidl_generator_py_custom__cpp[0m
[  2%] [34m[1mGenerating C++ code for ROS interfaces[0m
[  2%] Built target rosidl_generator_py_custom__cpp
[  3%] [34m[1mGenerating C++ type support for eProsima Fast-RTPS[0m
[35m[1mScanning dependencies of target rosidl_generator_py_custom__rosidl_generator_c[0m
[  4%] [32mBuilding C object CMakeFiles/rosidl_generator_py_custom__rosidl_generator_c.dir/rosidl_generator_c/rosidl_generator_py/msg/detail/arrays__functions.c.o[0m
[  6%] [32mBuilding C object CMakeFiles/rosidl_generator_py_custom__rosidl_generator_c.dir/rosidl_generator_c/rosidl_generator_py/msg/detail/constants__functions.c.o[0m
[  6%] [32mBuilding C object CMakeFiles/rosidl_generator_py_custom__rosidl_generator_c.dir/rosidl_generator_c/rosidl_generator_py/msg/detail/defaults__functions.c.o[0m
[  7%] [32mBuilding C object CMakeFiles/rosidl_generator_py_custom__rosidl_generator_c.dir/rosidl_generator_c/rosidl_generator_py/msg/detail/empty__functions.c.o[0m
[  8%] [32mBuilding C object CMakeFiles/rosidl_generator_py_custom__rosidl_generator_c.dir/rosidl_generator_c/rosidl_generator_py/msg/detail/basic_types__functions.c.o[0m
[  9%] [32mBuilding C object CMakeFiles/rosidl_generator_py_custom__rosidl_generator_c.dir/rosidl_generator_c/rosidl_generator_py/msg/detail/bounded_sequences__functions.c.o[0m
[ 11%] [32mBuilding C object CMakeFiles/rosidl_generator_py_custom__rosidl_generator_c.dir/rosidl_generator_c/rosidl_generator_py/msg/detail/multi_nested__functions.c.o[0m
[ 10%] [32mBuilding C object CMakeFiles/rosidl_generator_py_custom__rosidl_generator_c.dir/rosidl_generator_c/rosidl_generator_py/msg/detail/nested__functions.c.o[0m
[ 12%] [32mBuilding C object CMakeFiles/rosidl_generator_py_custom__rosidl_generator_c.dir/rosidl_generator_c/rosidl_generator_py/msg/detail/strings__functions.c.o[0m
[ 13%] [32mBuilding C object CMakeFiles/rosidl_generator_py_custom__rosidl_generator_c.dir/rosidl_generator_c/rosidl_generator_py/msg/detail/builtin_type_sequences_idl__functions.c.o[0m
[ 14%] [32mBuilding C object CMakeFiles/rosidl_generator_py_custom__rosidl_generator_c.dir/rosidl_generator_c/rosidl_generator_py/msg/detail/unbounded_sequences__functions.c.o[0m
[ 16%] [32mBuilding C object CMakeFiles/rosidl_generator_py_custom__rosidl_generator_c.dir/rosidl_generator_c/rosidl_generator_py/msg/detail/w_strings__functions.c.o[0m
[ 16%] [32mBuilding C object CMakeFiles/rosidl_generator_py_custom__rosidl_generator_c.dir/rosidl_generator_c/rosidl_generator_py/msg/detail/string_arrays__functions.c.o[0m
[ 17%] [32m[1mLinking C shared library librosidl_generator_py_custom__rosidl_generator_c.so[0m
[ 17%] Built target rosidl_generator_py_custom__rosidl_generator_c
[ 19%] [34m[1mGenerating C introspection for ROS interfaces[0m
[ 19%] [34m[1mGenerating C type support dispatch for ROS interfaces[0m
[35m[1mScanning dependencies of target rosidl_generator_py_custom__rosidl_typesupport_c[0m
[ 20%] [32mBuilding CXX object CMakeFiles/rosidl_generator_py_custom__rosidl_typesupport_c.dir/rosidl_typesupport_c/rosidl_generator_py/msg/arrays__type_support.cpp.o[0m
[ 22%] [32mBuilding CXX object CMakeFiles/rosidl_generator_py_custom__rosidl_typesupport_c.dir/rosidl_typesupport_c/rosidl_generator_py/msg/basic_types__type_support.cpp.o[0m
[ 22%] [32mBuilding CXX object CMakeFiles/rosidl_generator_py_custom__rosidl_typesupport_c.dir/rosidl_typesupport_c/rosidl_generator_py/msg/bounded_sequences__type_support.cpp.o[0m
[ 23%] [32mBuilding CXX object CMakeFiles/rosidl_generator_py_custom__rosidl_typesupport_c.dir/rosidl_typesupport_c/rosidl_generator_py/msg/defaults__type_support.cpp.o[0m
[ 24%] [32mBuilding CXX object CMakeFiles/rosidl_generator_py_custom__rosidl_typesupport_c.dir/rosidl_typesupport_c/rosidl_generator_py/msg/constants__type_support.cpp.o[0m
[ 25%] [32mBuilding CXX object CMakeFiles/rosidl_generator_py_custom__rosidl_typesupport_c.dir/rosidl_typesupport_c/rosidl_generator_py/msg/nested__type_support.cpp.o[0m
[ 26%] [32mBuilding CXX object CMakeFiles/rosidl_generator_py_custom__rosidl_typesupport_c.dir/rosidl_typesupport_c/rosidl_generator_py/msg/builtin_type_sequences_idl__type_support.cpp.o[0m
[ 28%] [32mBuilding CXX object CMakeFiles/rosidl_generator_py_custom__rosidl_typesupport_c.dir/rosidl_typesupport_c/rosidl_generator_py/msg/multi_nested__type_support.cpp.o[0m
[ 28%] [32mBuilding CXX object CMakeFiles/rosidl_generator_py_custom__rosidl_typesupport_c.dir/rosidl_typesupport_c/rosidl_generator_py/msg/strings__type_support.cpp.o[0m
[ 29%] [32mBuilding CXX object CMakeFiles/rosidl_generator_py_custom__rosidl_typesupport_c.dir/rosidl_typesupport_c/rosidl_generator_py/msg/empty__type_support.cpp.o[0m
[ 30%] [32mBuilding CXX object CMakeFiles/rosidl_generator_py_custom__rosidl_typesupport_c.dir/rosidl_typesupport_c/rosidl_generator_py/msg/w_strings__type_support.cpp.o[0m
[ 32%] [32mBuilding CXX object CMakeFiles/rosidl_generator_py_custom__rosidl_typesupport_c.dir/rosidl_typesupport_c/rosidl_generator_py/msg/unbounded_sequences__type_support.cpp.o[0m
[ 32%] [32mBuilding CXX object CMakeFiles/rosidl_generator_py_custom__rosidl_typesupport_c.dir/rosidl_typesupport_c/rosidl_generator_py/msg/string_arrays__type_support.cpp.o[0m
[ 34%] [32m[1mLinking CXX shared library librosidl_generator_py_custom__rosidl_typesupport_c.so[0m
[ 34%] Built target rosidl_generator_py_custom__rosidl_typesupport_c
[35m[1mScanning dependencies of target rosidl_generator_py_custom__rosidl_typesupport_fastrtps_cpp[0m
[ 37%] [32mBuilding CXX object CMakeFiles/rosidl_generator_py_custom__rosidl_typesupport_fastrtps_cpp.dir/rosidl_typesupport_fastrtps_cpp/rosidl_generator_py/msg/detail/dds_fastrtps/basic_types__type_support.cpp.o[0m
[ 37%] [32mBuilding CXX object CMakeFiles/rosidl_generator_py_custom__rosidl_typesupport_fastrtps_cpp.dir/rosidl_typesupport_fastrtps_cpp/rosidl_generator_py/msg/detail/dds_fastrtps/arrays__type_support.cpp.o[0m
[ 40%] [32mBuilding CXX object CMakeFiles/rosidl_generator_py_custom__rosidl_typesupport_fastrtps_cpp.dir/rosidl_typesupport_fastrtps_cpp/rosidl_generator_py/msg/detail/dds_fastrtps/defaults__type_support.cpp.o[0m
[ 40%] [32mBuilding CXX object CMakeFiles/rosidl_generator_py_custom__rosidl_typesupport_fastrtps_cpp.dir/rosidl_typesupport_fastrtps_cpp/rosidl_generator_py/msg/detail/dds_fastrtps/bounded_sequences__type_support.cpp.o[0m
[ 40%] [32mBuilding CXX object CMakeFiles/rosidl_generator_py_custom__rosidl_typesupport_fastrtps_cpp.dir/rosidl_typesupport_fastrtps_cpp/rosidl_generator_py/msg/detail/dds_fastrtps/constants__type_support.cpp.o[0m
[ 41%] [32mBuilding CXX object CMakeFiles/rosidl_generator_py_custom__rosidl_typesupport_fastrtps_cpp.dir/rosidl_typesupport_fastrtps_cpp/rosidl_generator_py/msg/detail/dds_fastrtps/empty__type_support.cpp.o[0m
[ 37%] [32mBuilding CXX object CMakeFiles/rosidl_generator_py_custom__rosidl_typesupport_fastrtps_cpp.dir/rosidl_typesupport_fastrtps_cpp/rosidl_generator_py/msg/detail/dds_fastrtps/builtin_type_sequences_idl__type_support.cpp.o[0m
[ 43%] [32mBuilding CXX object CMakeFiles/rosidl_generator_py_custom__rosidl_typesupport_fastrtps_cpp.dir/rosidl_typesupport_fastrtps_cpp/rosidl_generator_py/msg/detail/dds_fastrtps/nested__type_support.cpp.o[0m
[ 43%] [32mBuilding CXX object CMakeFiles/rosidl_generator_py_custom__rosidl_typesupport_fastrtps_cpp.dir/rosidl_typesupport_fastrtps_cpp/rosidl_generator_py/msg/detail/dds_fastrtps/multi_nested__type_support.cpp.o[0m
[ 44%] [32mBuilding CXX object CMakeFiles/rosidl_generator_py_custom__rosidl_typesupport_fastrtps_cpp.dir/rosidl_typesupport_fastrtps_cpp/rosidl_generator_py/msg/detail/dds_fastrtps/unbounded_sequences__type_support.cpp.o[0m
[ 45%] [32mBuilding CXX object CMakeFiles/rosidl_generator_py_custom__rosidl_typesupport_fastrtps_cpp.dir/rosidl_typesupport_fastrtps_cpp/rosidl_generator_py/msg/detail/dds_fastrtps/strings__type_support.cpp.o[0m
[35m[1mScanning dependencies of target rosidl_generator_py_custom__rosidl_typesupport_introspection_c[0m
[ 46%] [32mBuilding C object CMakeFiles/rosidl_generator_py_custom__rosidl_typesupport_introspection_c.dir/rosidl_typesupport_introspection_c/rosidl_generator_py/msg/detail/builtin_type_sequences_idl__type_support.c.o[0m
[ 47%] [32mBuilding C object CMakeFiles/rosidl_generator_py_custom__rosidl_typesupport_introspection_c.dir/rosidl_typesupport_introspection_c/rosidl_generator_py/msg/detail/arrays__type_support.c.o[0m
[ 48%] [32mBuilding C object CMakeFiles/rosidl_generator_py_custom__rosidl_typesupport_introspection_c.dir/rosidl_typesupport_introspection_c/rosidl_generator_py/msg/detail/basic_types__type_support.c.o[0m
[ 49%] [32mBuilding C object CMakeFiles/rosidl_generator_py_custom__rosidl_typesupport_introspection_c.dir/rosidl_typesupport_introspection_c/rosidl_generator_py/msg/detail/bounded_sequences__type_support.c.o[0m
[ 50%] [32mBuilding CXX object CMakeFiles/rosidl_generator_py_custom__rosidl_typesupport_fastrtps_cpp.dir/rosidl_typesupport_fastrtps_cpp/rosidl_generator_py/msg/detail/dds_fastrtps/w_strings__type_support.cpp.o[0m
[ 51%] [32mBuilding CXX object CMakeFiles/rosidl_generator_py_custom__rosidl_typesupport_fastrtps_cpp.dir/rosidl_typesupport_fastrtps_cpp/rosidl_generator_py/msg/detail/dds_fastrtps/string_arrays__type_support.cpp.o[0m
[ 52%] [32mBuilding C object CMakeFiles/rosidl_generator_py_custom__rosidl_typesupport_introspection_c.dir/rosidl_typesupport_introspection_c/rosidl_generator_py/msg/detail/constants__type_support.c.o[0m
[ 53%] [32mBuilding C object CMakeFiles/rosidl_generator_py_custom__rosidl_typesupport_introspection_c.dir/rosidl_typesupport_introspection_c/rosidl_generator_py/msg/detail/defaults__type_support.c.o[0m
[ 54%] [32mBuilding C object CMakeFiles/rosidl_generator_py_custom__rosidl_typesupport_introspection_c.dir/rosidl_typesupport_introspection_c/rosidl_generator_py/msg/detail/empty__type_support.c.o[0m
[ 55%] [32mBuilding C object CMakeFiles/rosidl_generator_py_custom__rosidl_typesupport_introspection_c.dir/rosidl_typesupport_introspection_c/rosidl_generator_py/msg/detail/multi_nested__type_support.c.o[0m
[ 56%] [32mBuilding C object CMakeFiles/rosidl_generator_py_custom__rosidl_typesupport_introspection_c.dir/rosidl_typesupport_introspection_c/rosidl_generator_py/msg/detail/nested__type_support.c.o[0m
[ 57%] [32mBuilding C object CMakeFiles/rosidl_generator_py_custom__rosidl_typesupport_introspection_c.dir/rosidl_typesupport_introspection_c/rosidl_generator_py/msg/detail/strings__type_support.c.o[0m
[ 58%] [32mBuilding C object CMakeFiles/rosidl_generator_py_custom__rosidl_typesupport_introspection_c.dir/rosidl_typesupport_introspection_c/rosidl_generator_py/msg/detail/unbounded_sequences__type_support.c.o[0m
[ 59%] [32mBuilding C object CMakeFiles/rosidl_generator_py_custom__rosidl_typesupport_introspection_c.dir/rosidl_typesupport_introspection_c/rosidl_generator_py/msg/detail/w_strings__type_support.c.o[0m
[ 60%] [32mBuilding C object CMakeFiles/rosidl_generator_py_custom__rosidl_typesupport_introspection_c.dir/rosidl_typesupport_introspection_c/rosidl_generator_py/msg/detail/string_arrays__type_support.c.o[0m
[ 61%] [32m[1mLinking C shared library librosidl_generator_py_custom__rosidl_typesupport_introspection_c.so[0m
[ 61%] Built target rosidl_generator_py_custom__rosidl_typesupport_introspection_c
[ 62%] [32m[1mLinking CXX shared library librosidl_generator_py_custom__rosidl_typesupport_fastrtps_cpp.so[0m
[ 62%] Built target rosidl_generator_py_custom__rosidl_typesupport_fastrtps_cpp
[ 63%] [34m[1mGenerating C type support for eProsima Fast-RTPS[0m
[35m[1mScanning dependencies of target rosidl_generator_py_custom__rosidl_typesupport_fastrtps_c[0m
[ 65%] [32mBuilding CXX object CMakeFiles/rosidl_generator_py_custom__rosidl_typesupport_fastrtps_c.dir/rosidl_typesupport_fastrtps_c/rosidl_generator_py/msg/detail/arrays__type_support_c.cpp.o[0m
[ 67%] [32mBuilding CXX object CMakeFiles/rosidl_generator_py_custom__rosidl_typesupport_fastrtps_c.dir/rosidl_typesupport_fastrtps_c/rosidl_generator_py/msg/detail/bounded_sequences__type_support_c.cpp.o[0m
[ 65%] [32mBuilding CXX object CMakeFiles/rosidl_generator_py_custom__rosidl_typesupport_fastrtps_c.dir/rosidl_typesupport_fastrtps_c/rosidl_generator_py/msg/detail/builtin_type_sequences_idl__type_support_c.cpp.o[0m
[ 68%] [32mBuilding CXX object CMakeFiles/rosidl_generator_py_custom__rosidl_typesupport_fastrtps_c.dir/rosidl_typesupport_fastrtps_c/rosidl_generator_py/msg/detail/basic_types__type_support_c.cpp.o[0m
[ 70%] [32mBuilding CXX object CMakeFiles/rosidl_generator_py_custom__rosidl_typesupport_fastrtps_c.dir/rosidl_typesupport_fastrtps_c/rosidl_generator_py/msg/detail/constants__type_support_c.cpp.o[0m
[ 70%] [32mBuilding CXX object CMakeFiles/rosidl_generator_py_custom__rosidl_typesupport_fastrtps_c.dir/rosidl_typesupport_fastrtps_c/rosidl_generator_py/msg/detail/defaults__type_support_c.cpp.o[0m
[ 71%] [32mBuilding CXX object CMakeFiles/rosidl_generator_py_custom__rosidl_typesupport_fastrtps_c.dir/rosidl_typesupport_fastrtps_c/rosidl_generator_py/msg/detail/empty__type_support_c.cpp.o[0m
[ 72%] [32mBuilding CXX object CMakeFiles/rosidl_generator_py_custom__rosidl_typesupport_fastrtps_c.dir/rosidl_typesupport_fastrtps_c/rosidl_generator_py/msg/detail/multi_nested__type_support_c.cpp.o[0m
[ 73%] [32mBuilding CXX object CMakeFiles/rosidl_generator_py_custom__rosidl_typesupport_fastrtps_c.dir/rosidl_typesupport_fastrtps_c/rosidl_generator_py/msg/detail/nested__type_support_c.cpp.o[0m
[ 75%] [32mBuilding CXX object CMakeFiles/rosidl_generator_py_custom__rosidl_typesupport_fastrtps_c.dir/rosidl_typesupport_fastrtps_c/rosidl_generator_py/msg/detail/strings__type_support_c.cpp.o[0m
[ 75%] [32mBuilding CXX object CMakeFiles/rosidl_generator_py_custom__rosidl_typesupport_fastrtps_c.dir/rosidl_typesupport_fastrtps_c/rosidl_generator_py/msg/detail/w_strings__type_support_c.cpp.o[0m
[ 76%] [32mBuilding CXX object CMakeFiles/rosidl_generator_py_custom__rosidl_typesupport_fastrtps_c.dir/rosidl_typesupport_fastrtps_c/rosidl_generator_py/msg/detail/unbounded_sequences__type_support_c.cpp.o[0m
[ 77%] [32mBuilding CXX object CMakeFiles/rosidl_generator_py_custom__rosidl_typesupport_fastrtps_c.dir/rosidl_typesupport_fastrtps_c/rosidl_generator_py/msg/detail/string_arrays__type_support_c.cpp.o[0m
[ 78%] [32m[1mLinking CXX shared library librosidl_generator_py_custom__rosidl_typesupport_fastrtps_c.so[0m
[ 78%] Built target rosidl_generator_py_custom__rosidl_typesupport_fastrtps_c
[35m[1mScanning dependencies of target rosidl_generator_py_custom[0m
[ 78%] Built target rosidl_generator_py_custom
[35m[1mScanning dependencies of target rosidl_generator_py_custom__py[0m
[ 79%] [34m[1mGenerating Python code for ROS interfaces[0m
[ 79%] Built target rosidl_generator_py_custom__py
[35m[1mScanning dependencies of target rosidl_generator_py_custom__python[0m
[ 81%] [32mBuilding C object CMakeFiles/rosidl_generator_py_custom__python.dir/rosidl_generator_py/rosidl_generator_py/msg/_builtin_type_sequences_idl_s.c.o[0m
[ 82%] [32mBuilding C object CMakeFiles/rosidl_generator_py_custom__python.dir/rosidl_generator_py/rosidl_generator_py/msg/_basic_types_s.c.o[0m
[ 81%] [32mBuilding C object CMakeFiles/rosidl_generator_py_custom__python.dir/rosidl_generator_py/rosidl_generator_py/msg/_arrays_s.c.o[0m
[ 83%] [32mBuilding C object CMakeFiles/rosidl_generator_py_custom__python.dir/rosidl_generator_py/rosidl_generator_py/msg/_bounded_sequences_s.c.o[0m
[ 85%] [32mBuilding C object CMakeFiles/rosidl_generator_py_custom__python.dir/rosidl_generator_py/rosidl_generator_py/msg/_constants_s.c.o[0m
[ 85%] [32mBuilding C object CMakeFiles/rosidl_generator_py_custom__python.dir/rosidl_generator_py/rosidl_generator_py/msg/_defaults_s.c.o[0m
[ 87%] [32mBuilding C object CMakeFiles/rosidl_generator_py_custom__python.dir/rosidl_generator_py/rosidl_generator_py/msg/_nested_s.c.o[0m
[ 87%] [32mBuilding C object CMakeFiles/rosidl_generator_py_custom__python.dir/rosidl_generator_py/rosidl_generator_py/msg/_empty_s.c.o[0m
[ 88%] [32mBuilding C object CMakeFiles/rosidl_generator_py_custom__python.dir/rosidl_generator_py/rosidl_generator_py/msg/_multi_nested_s.c.o[0m
[ 89%] [32mBuilding C object CMakeFiles/rosidl_generator_py_custom__python.dir/rosidl_generator_py/rosidl_generator_py/msg/_unbounded_sequences_s.c.o[0m
[ 91%] [32mBuilding C object CMakeFiles/rosidl_generator_py_custom__python.dir/rosidl_generator_py/rosidl_generator_py/msg/_strings_s.c.o[0m
[ 91%] [32mBuilding C object CMakeFiles/rosidl_generator_py_custom__python.dir/rosidl_generator_py/rosidl_generator_py/msg/_w_strings_s.c.o[0m
[ 92%] [32mBuilding C object CMakeFiles/rosidl_generator_py_custom__python.dir/rosidl_generator_py/rosidl_generator_py/msg/_string_arrays_s.c.o[0m
[ 93%] [32m[1mLinking C shared library rosidl_generator_py/rosidl_generator_py/librosidl_generator_py_custom__python.so[0m
[ 93%] Built target rosidl_generator_py_custom__python
[35m[1mScanning dependencies of target rosidl_generator_py__rosidl_typesupport_c__pyext[0m
[35m[1mScanning dependencies of target rosidl_generator_py__rosidl_typesupport_introspection_c__pyext[0m
[35m[1mScanning dependencies of target rosidl_generator_py__rosidl_typesupport_fastrtps_c__pyext[0m
[ 95%] [32mBuilding C object CMakeFiles/rosidl_generator_py__rosidl_typesupport_c__pyext.dir/rosidl_generator_py/rosidl_generator_py/_rosidl_generator_py_s.ep.rosidl_typesupport_c.c.o[0m
[ 95%] [32mBuilding C object CMakeFiles/rosidl_generator_py__rosidl_typesupport_introspection_c__pyext.dir/rosidl_generator_py/rosidl_generator_py/_rosidl_generator_py_s.ep.rosidl_typesupport_introspection_c.c.o[0m
[ 96%] [32mBuilding C object CMakeFiles/rosidl_generator_py__rosidl_typesupport_fastrtps_c__pyext.dir/rosidl_generator_py/rosidl_generator_py/_rosidl_generator_py_s.ep.rosidl_typesupport_fastrtps_c.c.o[0m
[ 97%] [32m[1mLinking C shared library rosidl_generator_py/rosidl_generator_py/rosidl_generator_py_s__rosidl_typesupport_c.cpython-38-x86_64-linux-gnu.so[0m
[ 98%] [32m[1mLinking C shared library rosidl_generator_py/rosidl_generator_py/rosidl_generator_py_s__rosidl_typesupport_introspection_c.cpython-38-x86_64-linux-gnu.so[0m
[100%] [32m[1mLinking CXX shared library rosidl_generator_py/rosidl_generator_py/rosidl_generator_py_s__rosidl_typesupport_fastrtps_c.cpython-38-x86_64-linux-gnu.so[0m
[100%] Built target rosidl_generator_py__rosidl_typesupport_c__pyext
[100%] Built target rosidl_generator_py__rosidl_typesupport_introspection_c__pyext
[100%] Built target rosidl_generator_py__rosidl_typesupport_fastrtps_c__pyext
-- Install configuration: ""
-- Execute custom install script
-- Symlinking: /robofuzz/ros2_foxy/install/rosidl_generator_py/share/ament_index/resource_index/rosidl_generator_packages/rosidl_generator_py
-- Symlinking: /robofuzz/ros2_foxy/install/rosidl_generator_py/share/rosidl_generator_py/environment/pythonpath.sh
-- Symlinking: /robofuzz/ros2_foxy/install/rosidl_generator_py/share/rosidl_generator_py/environment/pythonpath.dsv
-- Symlinking: /robofuzz/ros2_foxy/install/rosidl_generator_py/lib/python3.8/site-packages/rosidl_generator_py/__init__.py
-- Symlinking: /robofuzz/ros2_foxy/install/rosidl_generator_py/lib/python3.8/site-packages/rosidl_generator_py/generate_py_impl.py
-- Symlinking: /robofuzz/ros2_foxy/install/rosidl_generator_py/lib/python3.8/site-packages/rosidl_generator_py/import_type_support_impl.py
-- Symlinking: /robofuzz/ros2_foxy/install/rosidl_generator_py/share/ament_index/resource_index/package_run_dependencies/rosidl_generator_py
-- Symlinking: /robofuzz/ros2_foxy/install/rosidl_generator_py/share/ament_index/resource_index/parent_prefix_path/rosidl_generator_py
-- Symlinking: /robofuzz/ros2_foxy/install/rosidl_generator_py/share/rosidl_generator_py/environment/ament_prefix_path.sh
-- Symlinking: /robofuzz/ros2_foxy/install/rosidl_generator_py/share/rosidl_generator_py/environment/ament_prefix_path.dsv
-- Symlinking: /robofuzz/ros2_foxy/install/rosidl_generator_py/share/rosidl_generator_py/environment/path.sh
-- Symlinking: /robofuzz/ros2_foxy/install/rosidl_generator_py/share/rosidl_generator_py/environment/path.dsv
-- Symlinking: /robofuzz/ros2_foxy/install/rosidl_generator_py/share/rosidl_generator_py/local_setup.bash
-- Symlinking: /robofuzz/ros2_foxy/install/rosidl_generator_py/share/rosidl_generator_py/local_setup.sh
-- Symlinking: /robofuzz/ros2_foxy/install/rosidl_generator_py/share/rosidl_generator_py/local_setup.zsh
-- Symlinking: /robofuzz/ros2_foxy/install/rosidl_generator_py/share/rosidl_generator_py/local_setup.dsv
-- Symlinking: /robofuzz/ros2_foxy/install/rosidl_generator_py/share/rosidl_generator_py/package.dsv
-- Symlinking: /robofuzz/ros2_foxy/install/rosidl_generator_py/share/ament_index/resource_index/packages/rosidl_generator_py
-- Symlinking: /robofuzz/ros2_foxy/install/rosidl_generator_py/share/rosidl_generator_py/cmake/rosidl_generator_py_get_typesupports.cmake
-- Symlinking: /robofuzz/ros2_foxy/install/rosidl_generator_py/share/rosidl_generator_py/cmake/register_py.cmake
-- Symlinking: /robofuzz/ros2_foxy/install/rosidl_generator_py/share/rosidl_generator_py/cmake/rosidl_generator_py-extras.cmake
-- Symlinking: /robofuzz/ros2_foxy/install/rosidl_generator_py/share/rosidl_generator_py/cmake/ament_cmake_export_dependencies-extras.cmake
-- Symlinking: /robofuzz/ros2_foxy/install/rosidl_generator_py/share/rosidl_generator_py/cmake/rosidl_cmake-extras.cmake
-- Symlinking: /robofuzz/ros2_foxy/install/rosidl_generator_py/share/rosidl_generator_py/cmake/rosidl_generator_pyConfig.cmake
-- Symlinking: /robofuzz/ros2_foxy/install/rosidl_generator_py/share/rosidl_generator_py/cmake/rosidl_generator_pyConfig-version.cmake
-- Symlinking: /robofuzz/ros2_foxy/install/rosidl_generator_py/share/rosidl_generator_py/package.xml
-- Symlinking: /robofuzz/ros2_foxy/install/rosidl_generator_py/lib/rosidl_generator_py/rosidl_generator_py
-- Symlinking: /robofuzz/ros2_foxy/install/rosidl_generator_py/share/rosidl_generator_py/cmake/custom_command.cmake
-- Up-to-date symlink: /robofuzz/ros2_foxy/install/rosidl_generator_py/share/rosidl_generator_py/cmake/register_py.cmake
-- Symlinking: /robofuzz/ros2_foxy/install/rosidl_generator_py/share/rosidl_generator_py/cmake/rosidl_generator_py_generate_interfaces.cmake
-- Up-to-date symlink: /robofuzz/ros2_foxy/install/rosidl_generator_py/share/rosidl_generator_py/cmake/rosidl_generator_py_get_typesupports.cmake
-- Symlinking: /robofuzz/ros2_foxy/install/rosidl_generator_py/share/rosidl_generator_py/resource/_action.py.em
-- Symlinking: /robofuzz/ros2_foxy/install/rosidl_generator_py/share/rosidl_generator_py/resource/_action_pkg_typesupport_entry_point.c.em
-- Symlinking: /robofuzz/ros2_foxy/install/rosidl_generator_py/share/rosidl_generator_py/resource/_idl.py.em
-- Symlinking: /robofuzz/ros2_foxy/install/rosidl_generator_py/share/rosidl_generator_py/resource/_idl_pkg_typesupport_entry_point.c.em
-- Symlinking: /robofuzz/ros2_foxy/install/rosidl_generator_py/share/rosidl_generator_py/resource/_idl_support.c.em
-- Symlinking: /robofuzz/ros2_foxy/install/rosidl_generator_py/share/rosidl_generator_py/resource/_msg.py.em
-- Symlinking: /robofuzz/ros2_foxy/install/rosidl_generator_py/share/rosidl_generator_py/resource/_msg_pkg_typesupport_entry_point.c.em
-- Symlinking: /robofuzz/ros2_foxy/install/rosidl_generator_py/share/rosidl_generator_py/resource/_msg_support.c.em
-- Symlinking: /robofuzz/ros2_foxy/install/rosidl_generator_py/share/rosidl_generator_py/resource/_srv.py.em
-- Symlinking: /robofuzz/ros2_foxy/install/rosidl_generator_py/share/rosidl_generator_py/resource/_srv_pkg_typesupport_entry_point.c.em
Listing '/robofuzz/ros2_foxy/install/rosidl_generator_py/lib/python3.8/site-packages/rosidl_generator_py'...
Compiling '/robofuzz/ros2_foxy/install/rosidl_generator_py/lib/python3.8/site-packages/rosidl_generator_py/__init__.py'...
Compiling '/robofuzz/ros2_foxy/install/rosidl_generator_py/lib/python3.8/site-packages/rosidl_generator_py/generate_py_impl.py'...
Compiling '/robofuzz/ros2_foxy/install/rosidl_generator_py/lib/python3.8/site-packages/rosidl_generator_py/import_type_support_impl.py'...
