-- The C compiler identification is GNU 9.4.0
-- The CXX compiler identification is GNU 9.4.0
-- Check for working C compiler: /usr/bin/cc
-- Check for working C compiler: /usr/bin/cc -- works
-- Detecting C compiler ABI info
-- Detecting C compiler ABI info - done
-- Detecting C compile features
-- Detecting C compile features - done
-- Check for working CXX compiler: /usr/bin/c++
-- Check for working CXX compiler: /usr/bin/c++ -- works
-- Detecting CXX compiler ABI info
-- Detecting CXX compiler ABI info - done
-- Detecting CXX compile features
-- Detecting CXX compile features - done
-- Found ament_cmake: 0.9.10 (/robofuzz/ros2_foxy/install/ament_cmake/share/ament_cmake/cmake)
-- Found PythonInterp: /usr/bin/python3 (found suitable version "3.8.10", minimum required is "3") 
-- Using PYTHON_EXECUTABLE: /usr/bin/python3
-- Override CMake install command with custom implementation using symlinks instead of copying resources
-- Found rcpputils: 1.3.2 (/robofuzz/ros2_foxy/install/rcpputils/share/rcpputils/cmake)
-- Found rosbag2_cpp: 0.3.9 (/robofuzz/ros2_foxy/install/rosbag2_cpp/share/rosbag2_cpp/cmake)
-- Setting yaml-cpp_DIR to: '/robofuzz/ros2_foxy/install/yaml_cpp_vendor/share/yaml_cpp_vendor/cmake/../../../opt/yaml_cpp_vendor/lib/cmake/yaml-cpp'
-- Using all available rosidl_typesupport_c: rosidl_typesupport_fastrtps_c;rosidl_typesupport_introspection_c
-- Found rosidl_adapter: 1.2.1 (/robofuzz/ros2_foxy/install/rosidl_adapter/share/rosidl_adapter/cmake)
-- Found OpenSSL: /usr/lib/x86_64-linux-gnu/libcrypto.so (found version "1.1.1f")  
-- Found FastRTPS: /robofuzz/ros2_foxy/install/fastrtps/include  
-- Using all available rosidl_typesupport_cpp: rosidl_typesupport_introspection_cpp;rosidl_typesupport_fastrtps_cpp
-- Found zstd_vendor: 0.3.9 (/robofuzz/ros2_foxy/install/zstd_vendor/share/zstd_vendor/cmake)
-- Found zstd: /robofuzz/ros2_foxy/install/zstd_vendor/lib/libzstd.so  
-- Found ament_cmake_gmock: 0.9.10 (/robofuzz/ros2_foxy/install/ament_cmake_gmock/share/ament_cmake_gmock/cmake)
-- Found ament_lint_auto: 0.9.7 (/robofuzz/ros2_foxy/install/ament_lint_auto/share/ament_lint_auto/cmake)
-- Found rclcpp: 2.4.2 (/robofuzz/ros2_foxy/install/rclcpp/share/rclcpp/cmake)
-- Found rmw_implementation_cmake: 1.0.3 (/robofuzz/ros2_foxy/install/rmw_implementation_cmake/share/rmw_implementation_cmake/cmake)
-- Using RMW implementation 'rmw_fastrtps_cpp' as default
-- Looking for pthread.h
-- Looking for pthread.h - found
-- Performing Test CMAKE_HAVE_LIBC_PTHREAD
-- Performing Test CMAKE_HAVE_LIBC_PTHREAD - Failed
-- Looking for pthread_create in pthreads
-- Looking for pthread_create in pthreads - not found
-- Looking for pthread_create in pthread
-- Looking for pthread_create in pthread - found
-- Found Threads: TRUE  
-- Found rosbag2_test_common: 0.3.9 (/robofuzz/ros2_foxy/install/rosbag2_test_common/share/rosbag2_test_common/cmake)
-- Found gmock sources under '/robofuzz/ros2_foxy/install/gmock_vendor/src/gmock_vendor': C++ tests using 'Google Mock' will be built
-- Found ament_cmake_gtest: 0.9.10 (/robofuzz/ros2_foxy/install/ament_cmake_gtest/share/ament_cmake_gtest/cmake)
-- Found gtest sources under '/robofuzz/ros2_foxy/install/gtest_vendor/src/gtest_vendor': C++ tests using 'Google Test' will be built
-- Added test 'copyright' to check source files copyright and LICENSE
-- Added test 'cppcheck' to perform static code analysis on C / C++ code
-- Configured cppcheck include dirs: $<BUILD_INTERFACE:/robofuzz/ros2_foxy/src/ros2/rosbag2/rosbag2_compression/include>;/robofuzz/ros2_foxy/src/ros2/rosbag2/rosbag2_compression/include
-- Configured cppcheck exclude dirs and/or files: 
-- Added test 'cpplint' to check C / C++ code against the Google style
-- Configured cpplint exclude dirs and/or files: 
-- Added test 'lint_cmake' to check CMake code style
-- Added test 'uncrustify' to check C / C++ code style
-- Configured uncrustify additional arguments: 
-- Added test 'xmllint' to check XML markup files
-- Configuring done
-- Generating done
-- Build files have been written to: /robofuzz/ros2_foxy/build/rosbag2_compression
[35m[1mScanning dependencies of target rosbag2_compression_zstd[0m
[  3%] [32mBuilding CXX object CMakeFiles/rosbag2_compression_zstd.dir/src/rosbag2_compression/zstd_compressor.cpp.o[0m
[  6%] [32mBuilding CXX object CMakeFiles/rosbag2_compression_zstd.dir/src/rosbag2_compression/zstd_decompressor.cpp.o[0m
[  9%] [32m[1mLinking CXX shared library librosbag2_compression_zstd.so[0m
[  9%] Built target rosbag2_compression_zstd
[35m[1mScanning dependencies of target fake_decompressor[0m
[ 12%] [32mBuilding CXX object CMakeFiles/fake_decompressor.dir/test/rosbag2_compression/fake_decompressor.cpp.o[0m
[ 16%] [32m[1mLinking CXX shared library libfake_decompressor.so[0m
[ 16%] Built target fake_decompressor
[35m[1mScanning dependencies of target rosbag2_compression[0m
[ 19%] [32mBuilding CXX object CMakeFiles/rosbag2_compression.dir/src/rosbag2_compression/compression_factory.cpp.o[0m
[ 22%] [32mBuilding CXX object CMakeFiles/rosbag2_compression.dir/src/rosbag2_compression/sequential_compression_writer.cpp.o[0m
[ 25%] [32mBuilding CXX object CMakeFiles/rosbag2_compression.dir/src/rosbag2_compression/sequential_compression_reader.cpp.o[0m
[ 29%] [32mBuilding CXX object CMakeFiles/rosbag2_compression.dir/src/rosbag2_compression/compression_options.cpp.o[0m
[ 32%] [32m[1mLinking CXX shared library librosbag2_compression.so[0m
[ 32%] Built target rosbag2_compression
[35m[1mScanning dependencies of target fake_compressor[0m
[ 35%] [32mBuilding CXX object CMakeFiles/fake_compressor.dir/test/rosbag2_compression/fake_compressor.cpp.o[0m
[ 38%] [32m[1mLinking CXX shared library libfake_compressor.so[0m
[ 38%] Built target fake_compressor
[35m[1mScanning dependencies of target gmock_main[0m
[ 41%] [32mBuilding CXX object gmock/CMakeFiles/gmock_main.dir/src/gmock_main.cc.o[0m
[ 45%] [32m[1mLinking CXX static library libgmock_main.a[0m
[ 45%] Built target gmock_main
[35m[1mScanning dependencies of target gmock[0m
[ 48%] [32mBuilding CXX object gmock/CMakeFiles/gmock.dir/robofuzz/ros2_foxy/install/gtest_vendor/src/gtest_vendor/src/gtest-all.cc.o[0m
[ 51%] [32mBuilding CXX object gmock/CMakeFiles/gmock.dir/src/gmock-all.cc.o[0m
[ 54%] [32m[1mLinking CXX static library libgmock.a[0m
[ 54%] Built target gmock
[35m[1mScanning dependencies of target test_compression_factory[0m
[ 58%] [32mBuilding CXX object CMakeFiles/test_compression_factory.dir/test/rosbag2_compression/test_compression_factory.cpp.o[0m
[ 61%] [32m[1mLinking CXX executable test_compression_factory[0m
[ 61%] Built target test_compression_factory
[35m[1mScanning dependencies of target test_compression_options[0m
[ 64%] [32mBuilding CXX object CMakeFiles/test_compression_options.dir/test/rosbag2_compression/test_compression_options.cpp.o[0m
[ 67%] [32m[1mLinking CXX executable test_compression_options[0m
[ 67%] Built target test_compression_options
[35m[1mScanning dependencies of target test_decompressor[0m
[ 70%] [32mBuilding CXX object CMakeFiles/test_decompressor.dir/test/rosbag2_compression/test_decompressor.cpp.o[0m
[ 74%] [32m[1mLinking CXX executable test_decompressor[0m
[ 74%] Built target test_decompressor
[35m[1mScanning dependencies of target test_sequential_compression_writer[0m
[ 77%] [32mBuilding CXX object CMakeFiles/test_sequential_compression_writer.dir/test/rosbag2_compression/test_sequential_compression_writer.cpp.o[0m
[ 80%] [32m[1mLinking CXX executable test_sequential_compression_writer[0m
[ 80%] Built target test_sequential_compression_writer
[35m[1mScanning dependencies of target test_zstd_compressor[0m
[ 83%] [32mBuilding CXX object CMakeFiles/test_zstd_compressor.dir/test/rosbag2_compression/test_zstd_compressor.cpp.o[0m
[ 87%] [32m[1mLinking CXX executable test_zstd_compressor[0m
[ 87%] Built target test_zstd_compressor
[35m[1mScanning dependencies of target test_sequential_compression_reader[0m
[ 90%] [32mBuilding CXX object CMakeFiles/test_sequential_compression_reader.dir/test/rosbag2_compression/test_sequential_compression_reader.cpp.o[0m
[ 93%] [32m[1mLinking CXX executable test_sequential_compression_reader[0m
[ 93%] Built target test_sequential_compression_reader
[35m[1mScanning dependencies of target test_compressor[0m
[ 96%] [32mBuilding CXX object CMakeFiles/test_compressor.dir/test/rosbag2_compression/test_compressor.cpp.o[0m
[100%] [32m[1mLinking CXX executable test_compressor[0m
[100%] Built target test_compressor
-- Install configuration: ""
-- Execute custom install script
-- Symlinking: /robofuzz/ros2_foxy/install/rosbag2_compression/include/rosbag2_compression/base_compressor_interface.hpp
-- Symlinking: /robofuzz/ros2_foxy/install/rosbag2_compression/include/rosbag2_compression/base_decompressor_interface.hpp
-- Symlinking: /robofuzz/ros2_foxy/install/rosbag2_compression/include/rosbag2_compression/compression_factory.hpp
-- Symlinking: /robofuzz/ros2_foxy/install/rosbag2_compression/include/rosbag2_compression/compression_options.hpp
-- Symlinking: /robofuzz/ros2_foxy/install/rosbag2_compression/include/rosbag2_compression/sequential_compression_reader.hpp
-- Symlinking: /robofuzz/ros2_foxy/install/rosbag2_compression/include/rosbag2_compression/sequential_compression_writer.hpp
-- Symlinking: /robofuzz/ros2_foxy/install/rosbag2_compression/include/rosbag2_compression/visibility_control.hpp
-- Symlinking: /robofuzz/ros2_foxy/install/rosbag2_compression/include/rosbag2_compression/zstd_compressor.hpp
-- Symlinking: /robofuzz/ros2_foxy/install/rosbag2_compression/include/rosbag2_compression/zstd_decompressor.hpp
-- Symlinking: /robofuzz/ros2_foxy/install/rosbag2_compression/share/rosbag2_compression/environment/library_path.sh
-- Symlinking: /robofuzz/ros2_foxy/install/rosbag2_compression/share/rosbag2_compression/environment/library_path.dsv
-- Symlinking: /robofuzz/ros2_foxy/install/rosbag2_compression/share/ament_index/resource_index/package_run_dependencies/rosbag2_compression
-- Symlinking: /robofuzz/ros2_foxy/install/rosbag2_compression/share/ament_index/resource_index/parent_prefix_path/rosbag2_compression
-- Symlinking: /robofuzz/ros2_foxy/install/rosbag2_compression/share/rosbag2_compression/environment/ament_prefix_path.sh
-- Symlinking: /robofuzz/ros2_foxy/install/rosbag2_compression/share/rosbag2_compression/environment/ament_prefix_path.dsv
-- Symlinking: /robofuzz/ros2_foxy/install/rosbag2_compression/share/rosbag2_compression/environment/path.sh
-- Symlinking: /robofuzz/ros2_foxy/install/rosbag2_compression/share/rosbag2_compression/environment/path.dsv
-- Symlinking: /robofuzz/ros2_foxy/install/rosbag2_compression/share/rosbag2_compression/local_setup.bash
-- Symlinking: /robofuzz/ros2_foxy/install/rosbag2_compression/share/rosbag2_compression/local_setup.sh
-- Symlinking: /robofuzz/ros2_foxy/install/rosbag2_compression/share/rosbag2_compression/local_setup.zsh
-- Symlinking: /robofuzz/ros2_foxy/install/rosbag2_compression/share/rosbag2_compression/local_setup.dsv
-- Symlinking: /robofuzz/ros2_foxy/install/rosbag2_compression/share/rosbag2_compression/package.dsv
-- Symlinking: /robofuzz/ros2_foxy/install/rosbag2_compression/share/ament_index/resource_index/packages/rosbag2_compression
-- Symlinking: /robofuzz/ros2_foxy/install/rosbag2_compression/share/rosbag2_compression/cmake/ament_cmake_export_include_directories-extras.cmake
-- Symlinking: /robofuzz/ros2_foxy/install/rosbag2_compression/share/rosbag2_compression/cmake/ament_cmake_export_libraries-extras.cmake
-- Symlinking: /robofuzz/ros2_foxy/install/rosbag2_compression/share/rosbag2_compression/cmake/ament_cmake_export_targets-extras.cmake
-- Symlinking: /robofuzz/ros2_foxy/install/rosbag2_compression/share/rosbag2_compression/cmake/ament_cmake_export_dependencies-extras.cmake
-- Symlinking: /robofuzz/ros2_foxy/install/rosbag2_compression/share/rosbag2_compression/cmake/rosbag2_compressionConfig.cmake
-- Symlinking: /robofuzz/ros2_foxy/install/rosbag2_compression/share/rosbag2_compression/cmake/rosbag2_compressionConfig-version.cmake
-- Symlinking: /robofuzz/ros2_foxy/install/rosbag2_compression/share/rosbag2_compression/package.xml
-- Installing: /robofuzz/ros2_foxy/install/rosbag2_compression/lib/librosbag2_compression.so
-- Set runtime path of "/robofuzz/ros2_foxy/install/rosbag2_compression/lib/librosbag2_compression.so" to ""
-- Installing: /robofuzz/ros2_foxy/install/rosbag2_compression/lib/librosbag2_compression_zstd.so
-- Set runtime path of "/robofuzz/ros2_foxy/install/rosbag2_compression/lib/librosbag2_compression_zstd.so" to ""
-- Installing: /robofuzz/ros2_foxy/install/rosbag2_compression/share/rosbag2_compression/cmake/export_rosbag2_compressionExport.cmake
-- Installing: /robofuzz/ros2_foxy/install/rosbag2_compression/share/rosbag2_compression/cmake/export_rosbag2_compressionExport-noconfig.cmake
