running develop
running egg_info
creating quality_of_service_demo_py.egg-info
writing quality_of_service_demo_py.egg-info/PKG-INFO
writing dependency_links to quality_of_service_demo_py.egg-info/dependency_links.txt
writing entry points to quality_of_service_demo_py.egg-info/entry_points.txt
writing requirements to quality_of_service_demo_py.egg-info/requires.txt
writing top-level names to quality_of_service_demo_py.egg-info/top_level.txt
writing manifest file 'quality_of_service_demo_py.egg-info/SOURCES.txt'
reading manifest file 'quality_of_service_demo_py.egg-info/SOURCES.txt'
writing manifest file 'quality_of_service_demo_py.egg-info/SOURCES.txt'
running build_ext
Creating /robofuzz/ros2_foxy/install/quality_of_service_demo_py/lib/python3.8/site-packages/site.py
Creating /robofuzz/ros2_foxy/install/quality_of_service_demo_py/lib/python3.8/site-packages/quality-of-service-demo-py.egg-link (link to .)
Installing deadline script to /robofuzz/ros2_foxy/install/quality_of_service_demo_py/lib/quality_of_service_demo_py
Installing incompatible_qos script to /robofuzz/ros2_foxy/install/quality_of_service_demo_py/lib/quality_of_service_demo_py
Installing lifespan script to /robofuzz/ros2_foxy/install/quality_of_service_demo_py/lib/quality_of_service_demo_py
Installing liveliness script to /robofuzz/ros2_foxy/install/quality_of_service_demo_py/lib/quality_of_service_demo_py

Installed /robofuzz/ros2_foxy/build/quality_of_service_demo_py
running install_data
creating /robofuzz/ros2_foxy/install/quality_of_service_demo_py/share/ament_index
creating /robofuzz/ros2_foxy/install/quality_of_service_demo_py/share/ament_index/resource_index
creating /robofuzz/ros2_foxy/install/quality_of_service_demo_py/share/ament_index/resource_index/packages
copying resource/quality_of_service_demo_py -> /robofuzz/ros2_foxy/install/quality_of_service_demo_py/share/ament_index/resource_index/packages
copying package.xml -> /robofuzz/ros2_foxy/install/quality_of_service_demo_py/share/quality_of_service_demo_py
