running develop
running egg_info
creating examples_tf2_py.egg-info
writing examples_tf2_py.egg-info/PKG-INFO
writing dependency_links to examples_tf2_py.egg-info/dependency_links.txt
writing entry points to examples_tf2_py.egg-info/entry_points.txt
writing requirements to examples_tf2_py.egg-info/requires.txt
writing top-level names to examples_tf2_py.egg-info/top_level.txt
writing manifest file 'examples_tf2_py.egg-info/SOURCES.txt'
reading manifest file 'examples_tf2_py.egg-info/SOURCES.txt'
writing manifest file 'examples_tf2_py.egg-info/SOURCES.txt'
running build_ext
Creating /robofuzz/ros2_foxy/install/examples_tf2_py/lib/python3.8/site-packages/site.py
Creating /robofuzz/ros2_foxy/install/examples_tf2_py/lib/python3.8/site-packages/examples-tf2-py.egg-link (link to .)
Installing async_waits_for_transform script to /robofuzz/ros2_foxy/install/examples_tf2_py/lib/examples_tf2_py
Installing blocking_waits_for_transform script to /robofuzz/ros2_foxy/install/examples_tf2_py/lib/examples_tf2_py
Installing dynamic_broadcaster script to /robofuzz/ros2_foxy/install/examples_tf2_py/lib/examples_tf2_py
Installing frame_dumper script to /robofuzz/ros2_foxy/install/examples_tf2_py/lib/examples_tf2_py
Installing static_broadcaster script to /robofuzz/ros2_foxy/install/examples_tf2_py/lib/examples_tf2_py
Installing waits_for_transform script to /robofuzz/ros2_foxy/install/examples_tf2_py/lib/examples_tf2_py

Installed /robofuzz/ros2_foxy/build/examples_tf2_py
running install_data
creating /robofuzz/ros2_foxy/install/examples_tf2_py/share/ament_index
creating /robofuzz/ros2_foxy/install/examples_tf2_py/share/ament_index/resource_index
creating /robofuzz/ros2_foxy/install/examples_tf2_py/share/ament_index/resource_index/packages
copying resource/examples_tf2_py -> /robofuzz/ros2_foxy/install/examples_tf2_py/share/ament_index/resource_index/packages
copying package.xml -> /robofuzz/ros2_foxy/install/examples_tf2_py/share/examples_tf2_py
creating /robofuzz/ros2_foxy/install/examples_tf2_py/share/examples_tf2_py/launch
copying launch/broadcasters.launch.xml -> /robofuzz/ros2_foxy/install/examples_tf2_py/share/examples_tf2_py/launch
