[3.039s] Invoking command in '/robofuzz/ros2_foxy/build/ament_cpplint': AMENT_PREFIX_PATH=/robofuzz/ros2_foxy/install/ament_copyright:/robofuzz/ros2_foxy/install/ament_pep257:/robofuzz/ros2_foxy/install/ament_flake8:/robofuzz/ros2_foxy/install/ament_lint:${AMENT_PREFIX_PATH} PATH=/robofuzz/ros2_foxy/install/ament_copyright/bin:/robofuzz/ros2_foxy/install/ament_pep257/bin:/robofuzz/ros2_foxy/install/ament_flake8/bin:${PATH} PYTHONPATH=/robofuzz/ros2_foxy/install/ament_cpplint/lib/python3.8/site-packages:/robofuzz/ros2_foxy/build/ament_copyright:/robofuzz/ros2_foxy/install/ament_copyright/lib/python3.8/site-packages:/robofuzz/ros2_foxy/build/ament_pep257:/robofuzz/ros2_foxy/install/ament_pep257/lib/python3.8/site-packages:/robofuzz/ros2_foxy/build/ament_flake8:/robofuzz/ros2_foxy/install/ament_flake8/lib/python3.8/site-packages:/robofuzz/ros2_foxy/build/ament_lint:/robofuzz/ros2_foxy/install/ament_lint/lib/python3.8/site-packages:${PYTHONPATH} /usr/bin/python3 setup.py develop --prefix /robofuzz/ros2_foxy/install/ament_cpplint --editable --build-directory /robofuzz/ros2_foxy/build/ament_cpplint/build --no-deps install_data --install-dir /robofuzz/ros2_foxy/install/ament_cpplint
[3.600s] running develop
[3.945s] running egg_info
[3.945s] creating ament_cpplint.egg-info
[3.947s] writing ament_cpplint.egg-info/PKG-INFO
[3.947s] writing dependency_links to ament_cpplint.egg-info/dependency_links.txt
[3.948s] writing entry points to ament_cpplint.egg-info/entry_points.txt
[3.948s] writing requirements to ament_cpplint.egg-info/requires.txt
[3.948s] writing top-level names to ament_cpplint.egg-info/top_level.txt
[3.949s] writing manifest file 'ament_cpplint.egg-info/SOURCES.txt'
[4.050s] reading manifest file 'ament_cpplint.egg-info/SOURCES.txt'
[4.059s] writing manifest file 'ament_cpplint.egg-info/SOURCES.txt'
[4.169s] running build_ext
[4.170s] Creating /robofuzz/ros2_foxy/install/ament_cpplint/lib/python3.8/site-packages/site.py
[4.181s] Creating /robofuzz/ros2_foxy/install/ament_cpplint/lib/python3.8/site-packages/ament-cpplint.egg-link (link to .)
[4.181s] Installing ament_cpplint script to /robofuzz/ros2_foxy/install/ament_cpplint/bin
[4.182s] 
[4.182s] Installed /robofuzz/ros2_foxy/build/ament_cpplint
[4.182s] running install_data
[4.182s] copying package.xml -> /robofuzz/ros2_foxy/install/ament_cpplint/share/ament_cpplint
[4.182s] creating /robofuzz/ros2_foxy/install/ament_cpplint/share/ament_index
[4.183s] creating /robofuzz/ros2_foxy/install/ament_cpplint/share/ament_index/resource_index
[4.183s] creating /robofuzz/ros2_foxy/install/ament_cpplint/share/ament_index/resource_index/packages
[4.183s] copying resource/ament_cpplint -> /robofuzz/ros2_foxy/install/ament_cpplint/share/ament_index/resource_index/packages
[4.374s] Invoked command in '/robofuzz/ros2_foxy/build/ament_cpplint' returned '0': AMENT_PREFIX_PATH=/robofuzz/ros2_foxy/install/ament_copyright:/robofuzz/ros2_foxy/install/ament_pep257:/robofuzz/ros2_foxy/install/ament_flake8:/robofuzz/ros2_foxy/install/ament_lint:${AMENT_PREFIX_PATH} PATH=/robofuzz/ros2_foxy/install/ament_copyright/bin:/robofuzz/ros2_foxy/install/ament_pep257/bin:/robofuzz/ros2_foxy/install/ament_flake8/bin:${PATH} PYTHONPATH=/robofuzz/ros2_foxy/install/ament_cpplint/lib/python3.8/site-packages:/robofuzz/ros2_foxy/build/ament_copyright:/robofuzz/ros2_foxy/install/ament_copyright/lib/python3.8/site-packages:/robofuzz/ros2_foxy/build/ament_pep257:/robofuzz/ros2_foxy/install/ament_pep257/lib/python3.8/site-packages:/robofuzz/ros2_foxy/build/ament_flake8:/robofuzz/ros2_foxy/install/ament_flake8/lib/python3.8/site-packages:/robofuzz/ros2_foxy/build/ament_lint:/robofuzz/ros2_foxy/install/ament_lint/lib/python3.8/site-packages:${PYTHONPATH} /usr/bin/python3 setup.py develop --prefix /robofuzz/ros2_foxy/install/ament_cpplint --editable --build-directory /robofuzz/ros2_foxy/build/ament_cpplint/build --no-deps install_data --install-dir /robofuzz/ros2_foxy/install/ament_cpplint
