[0.626s] Invoking command in '/robofuzz/ros2_foxy/build/rmw': AMENT_PREFIX_PATH=/robofuzz/ros2_foxy/install/rosidl_runtime_c:/robofuzz/ros2_foxy/install/rcutils:/robofuzz/ros2_foxy/install/rosidl_typesupport_interface:/robofuzz/ros2_foxy/install/ament_cmake_ros:/robofuzz/ros2_foxy/install/ament_lint_common:/robofuzz/ros2_foxy/install/ament_cmake_xmllint:/robofuzz/ros2_foxy/install/ament_cmake_uncrustify:/robofuzz/ros2_foxy/install/ament_cmake_pep257:/robofuzz/ros2_foxy/install/ament_cmake_flake8:/robofuzz/ros2_foxy/install/ament_cmake_cpplint:/robofuzz/ros2_foxy/install/ament_cmake_cppcheck:/robofuzz/ros2_foxy/install/ament_uncrustify:/robofuzz/ros2_foxy/install/ament_cmake_copyright:/robofuzz/ros2_foxy/install/uncrustify_vendor:/robofuzz/ros2_foxy/install/ament_cmake_lint_cmake:/robofuzz/ros2_foxy/install/ament_cmake_gmock:/robofuzz/ros2_foxy/install/domain_coordinator:/robofuzz/ros2_foxy/install/ament_xmllint:/robofuzz/ros2_foxy/install/ament_lint_cmake:/robofuzz/ros2_foxy/install/ament_lint_auto:/robofuzz/ros2_foxy/install/ament_cpplint:/robofuzz/ros2_foxy/install/ament_cmake_pytest:/robofuzz/ros2_foxy/install/ament_cmake_gtest:/robofuzz/ros2_foxy/install/ament_cmake:/robofuzz/ros2_foxy/install/ament_copyright:/robofuzz/ros2_foxy/install/ament_cmake_test:/robofuzz/ros2_foxy/install/ament_cmake_target_dependencies:/robofuzz/ros2_foxy/install/ament_cmake_export_targets:/robofuzz/ros2_foxy/install/ament_cmake_export_interfaces:/robofuzz/ros2_foxy/install/ament_cmake_export_dependencies:/robofuzz/ros2_foxy/install/ament_pep257:/robofuzz/ros2_foxy/install/ament_cmake_version:/robofuzz/ros2_foxy/install/ament_cmake_python:/robofuzz/ros2_foxy/install/ament_cmake_libraries:/robofuzz/ros2_foxy/install/ament_cmake_include_directories:/robofuzz/ros2_foxy/install/ament_cmake_export_link_flags:/robofuzz/ros2_foxy/install/ament_cmake_export_libraries:/robofuzz/ros2_foxy/install/ament_cmake_export_include_directories:/robofuzz/ros2_foxy/install/ament_cmake_export_definitions:/robofuzz/ros2_foxy/install/ament_flake8:/robofuzz/ros2_foxy/install/ament_cmake_core:/robofuzz/ros2_foxy/install/ament_package:/robofuzz/ros2_foxy/install/ament_lint:/robofuzz/ros2_foxy/install/ament_cppcheck:${AMENT_PREFIX_PATH} CMAKE_PREFIX_PATH=/robofuzz/ros2_foxy/install/rosidl_runtime_c:/robofuzz/ros2_foxy/install/rcutils:/robofuzz/ros2_foxy/install/rosidl_typesupport_interface:/robofuzz/ros2_foxy/install/ament_cmake_ros:/robofuzz/ros2_foxy/install/ament_lint_common:/robofuzz/ros2_foxy/install/ament_cmake_xmllint:/robofuzz/ros2_foxy/install/ament_cmake_uncrustify:/robofuzz/ros2_foxy/install/ament_cmake_pep257:/robofuzz/ros2_foxy/install/ament_cmake_flake8:/robofuzz/ros2_foxy/install/ament_cmake_cpplint:/robofuzz/ros2_foxy/install/ament_cmake_cppcheck:/robofuzz/ros2_foxy/install/ament_cmake_copyright:/robofuzz/ros2_foxy/install/uncrustify_vendor:/robofuzz/ros2_foxy/install/ament_cmake_lint_cmake:/robofuzz/ros2_foxy/install/ament_cmake_gmock:/robofuzz/ros2_foxy/install/ament_lint_auto:/robofuzz/ros2_foxy/install/ament_cmake_pytest:/robofuzz/ros2_foxy/install/ament_cmake_gtest:/robofuzz/ros2_foxy/install/ament_cmake:/robofuzz/ros2_foxy/install/ament_cmake_test:/robofuzz/ros2_foxy/install/ament_cmake_target_dependencies:/robofuzz/ros2_foxy/install/ament_cmake_export_targets:/robofuzz/ros2_foxy/install/ament_cmake_export_interfaces:/robofuzz/ros2_foxy/install/ament_cmake_export_dependencies:/robofuzz/ros2_foxy/install/ament_cmake_version:/robofuzz/ros2_foxy/install/ament_cmake_python:/robofuzz/ros2_foxy/install/ament_cmake_libraries:/robofuzz/ros2_foxy/install/ament_cmake_include_directories:/robofuzz/ros2_foxy/install/ament_cmake_export_link_flags:/robofuzz/ros2_foxy/install/ament_cmake_export_libraries:/robofuzz/ros2_foxy/install/ament_cmake_export_include_directories:/robofuzz/ros2_foxy/install/ament_cmake_export_definitions:/robofuzz/ros2_foxy/install/gmock_vendor:/robofuzz/ros2_foxy/install/ament_cmake_core:/robofuzz/ros2_foxy/install/osrf_testing_tools_cpp:/robofuzz/ros2_foxy/install/gtest_vendor:/robofuzz/targets/moveit2_ws/install/moveit2_tutorials:/robofuzz/targets/moveit2_ws/install/moveit_visual_tools:/robofuzz/targets/moveit2_ws/install/rviz_visual_tools:/robofuzz/targets/turtlebot3_ws/install/turtlebot3:/robofuzz/targets/turtlebot3_ws/install/turtlebot3_simulations:/robofuzz/targets/turtlebot3_ws/install/turtlebot3_bringup:/robofuzz/targets/turtlebot3_ws/install/turtlebot3_node:/robofuzz/targets/turtlebot3_ws/install/turtlebot3_navigation2:/robofuzz/targets/turtlebot3_ws/install/turtlebot3_fake_node:/robofuzz/targets/turtlebot3_ws/install/turtlebot3_msgs:/robofuzz/targets/turtlebot3_ws/install/turtlebot3_gazebo:/robofuzz/targets/turtlebot3_ws/install/turtlebot3_description:/robofuzz/targets/turtlebot3_ws/install/turtlebot3_cartographer:/robofuzz/targets/turtlebot3_ws/install/hls_lfcd_lds_driver:/robofuzz/targets/turtlebot3_ws/install/dynamixel_sdk_examples:/robofuzz/targets/turtlebot3_ws/install/dynamixel_sdk_custom_interfaces:/robofuzz/targets/turtlebot3_ws/install/dynamixel_sdk:/robofuzz/targets/idltest_ws/install/idltest_target:/robofuzz/targets/idltest_ws/install/idltest_msgs:/robofuzz/targets/px4_ros_com_ros2/install/px4_ros_com:/robofuzz/targets/px4_ros_com_ros2/install/px4_msgs:/robofuzz/targets/turtlebot3_ws/install/turtlebot3_teleop:/robofuzz/targets/turtlebot3_ws/install/turtlebot3_example:/opt/ros/foxy LD_LIBRARY_PATH=/robofuzz/ros2_foxy/install/rosidl_runtime_c/lib:/robofuzz/ros2_foxy/install/rcutils/lib:/robofuzz/ros2_foxy/install/osrf_testing_tools_cpp/lib:${LD_LIBRARY_PATH} PATH=/robofuzz/ros2_foxy/install/ament_uncrustify/bin:/robofuzz/ros2_foxy/install/ament_xmllint/bin:/robofuzz/ros2_foxy/install/ament_lint_cmake/bin:/robofuzz/ros2_foxy/install/ament_cpplint/bin:/robofuzz/ros2_foxy/install/ament_copyright/bin:/robofuzz/ros2_foxy/install/ament_pep257/bin:/robofuzz/ros2_foxy/install/ament_flake8/bin:/robofuzz/ros2_foxy/install/ament_cppcheck/bin:${PATH} PKG_CONFIG_PATH=/robofuzz/ros2_foxy/install/gmock_vendor/lib/x86_64-linux-gnu/pkgconfig:/robofuzz/ros2_foxy/install/gmock_vendor/lib/pkgconfig:/robofuzz/ros2_foxy/install/osrf_testing_tools_cpp/lib/x86_64-linux-gnu/pkgconfig:/robofuzz/ros2_foxy/install/osrf_testing_tools_cpp/lib/pkgconfig:/robofuzz/ros2_foxy/install/gtest_vendor/lib/x86_64-linux-gnu/pkgconfig:/robofuzz/ros2_foxy/install/gtest_vendor/lib/pkgconfig PYTHONPATH=/robofuzz/ros2_foxy/install/rcutils/lib/python3.8/site-packages:/robofuzz/ros2_foxy/build/ament_uncrustify:/robofuzz/ros2_foxy/install/ament_uncrustify/lib/python3.8/site-packages:/robofuzz/ros2_foxy/build/domain_coordinator:/robofuzz/ros2_foxy/install/domain_coordinator/lib/python3.8/site-packages:/robofuzz/ros2_foxy/build/ament_xmllint:/robofuzz/ros2_foxy/install/ament_xmllint/lib/python3.8/site-packages:/robofuzz/ros2_foxy/build/ament_lint_cmake:/robofuzz/ros2_foxy/install/ament_lint_cmake/lib/python3.8/site-packages:/robofuzz/ros2_foxy/build/ament_cpplint:/robofuzz/ros2_foxy/install/ament_cpplint/lib/python3.8/site-packages:/robofuzz/ros2_foxy/build/ament_copyright:/robofuzz/ros2_foxy/install/ament_copyright/lib/python3.8/site-packages:/robofuzz/ros2_foxy/install/ament_cmake_test/lib/python3.8/site-packages:/robofuzz/ros2_foxy/build/ament_pep257:/robofuzz/ros2_foxy/install/ament_pep257/lib/python3.8/site-packages:/robofuzz/ros2_foxy/build/ament_flake8:/robofuzz/ros2_foxy/install/ament_flake8/lib/python3.8/site-packages:/robofuzz/ros2_foxy/build/ament_package:/robofuzz/ros2_foxy/install/ament_package/lib/python3.8/site-packages:/robofuzz/ros2_foxy/build/ament_lint:/robofuzz/ros2_foxy/install/ament_lint/lib/python3.8/site-packages:/robofuzz/ros2_foxy/build/ament_cppcheck:/robofuzz/ros2_foxy/install/ament_cppcheck/lib/python3.8/site-packages:${PYTHONPATH} /usr/bin/cmake /robofuzz/ros2_foxy/src/ros2/rmw/rmw -DAMENT_CMAKE_SYMLINK_INSTALL=1 -DCMAKE_INSTALL_PREFIX=/robofuzz/ros2_foxy/install/rmw
[1.327s] -- The C compiler identification is GNU 9.4.0
[1.936s] -- The CXX compiler identification is GNU 9.4.0
[2.041s] -- Check for working C compiler: /usr/bin/cc
[2.912s] -- Check for working C compiler: /usr/bin/cc -- works
[2.917s] -- Detecting C compiler ABI info
[3.916s] -- Detecting C compiler ABI info - done
[4.154s] -- Detecting C compile features
[4.157s] -- Detecting C compile features - done
[4.179s] -- Check for working CXX compiler: /usr/bin/c++
[4.976s] -- Check for working CXX compiler: /usr/bin/c++ -- works
[4.996s] -- Detecting CXX compiler ABI info
[5.921s] -- Detecting CXX compiler ABI info - done
[6.134s] -- Detecting CXX compile features
[6.138s] -- Detecting CXX compile features - done
[6.149s] -- Found ament_cmake_ros: 0.9.2 (/robofuzz/ros2_foxy/install/ament_cmake_ros/share/ament_cmake_ros/cmake)
[6.766s] -- Found PythonInterp: /usr/bin/python3 (found suitable version "3.8.10", minimum required is "3") 
[6.768s] -- Using PYTHON_EXECUTABLE: /usr/bin/python3
[8.707s] -- Override CMake install command with custom implementation using symlinks instead of copying resources
[9.011s] -- Found rcutils: 1.1.4 (/robofuzz/ros2_foxy/install/rcutils/share/rcutils/cmake)
[9.128s] -- Found rosidl_runtime_c: 1.2.1 (/robofuzz/ros2_foxy/install/rosidl_runtime_c/share/rosidl_runtime_c/cmake)
[9.227s] -- Found ament_lint_auto: 0.9.7 (/robofuzz/ros2_foxy/install/ament_lint_auto/share/ament_lint_auto/cmake)
[10.163s] -- Found gmock sources under '/robofuzz/ros2_foxy/install/gmock_vendor/src/gmock_vendor': C++ tests using 'Google Mock' will be built
[10.199s] -- Found gtest sources under '/robofuzz/ros2_foxy/install/gtest_vendor/src/gtest_vendor': C++ tests using 'Google Test' will be built
[10.319s] -- Added test 'copyright' to check source files copyright and LICENSE
[10.362s] -- Added test 'cpplint' to check C / C++ code against the Google style
[10.362s] -- Configured cpplint exclude dirs and/or files: 
[10.385s] -- Added test 'lint_cmake' to check CMake code style
[10.431s] -- Added test 'uncrustify' to check C / C++ code style
[10.432s] -- Configured uncrustify additional arguments: 
[10.445s] -- Added test 'xmllint' to check XML markup files
[10.522s] -- Configuring done
[10.865s] -- Generating done
[10.893s] -- Build files have been written to: /robofuzz/ros2_foxy/build/rmw
[10.940s] Invoked command in '/robofuzz/ros2_foxy/build/rmw' returned '0': AMENT_PREFIX_PATH=/robofuzz/ros2_foxy/install/rosidl_runtime_c:/robofuzz/ros2_foxy/install/rcutils:/robofuzz/ros2_foxy/install/rosidl_typesupport_interface:/robofuzz/ros2_foxy/install/ament_cmake_ros:/robofuzz/ros2_foxy/install/ament_lint_common:/robofuzz/ros2_foxy/install/ament_cmake_xmllint:/robofuzz/ros2_foxy/install/ament_cmake_uncrustify:/robofuzz/ros2_foxy/install/ament_cmake_pep257:/robofuzz/ros2_foxy/install/ament_cmake_flake8:/robofuzz/ros2_foxy/install/ament_cmake_cpplint:/robofuzz/ros2_foxy/install/ament_cmake_cppcheck:/robofuzz/ros2_foxy/install/ament_uncrustify:/robofuzz/ros2_foxy/install/ament_cmake_copyright:/robofuzz/ros2_foxy/install/uncrustify_vendor:/robofuzz/ros2_foxy/install/ament_cmake_lint_cmake:/robofuzz/ros2_foxy/install/ament_cmake_gmock:/robofuzz/ros2_foxy/install/domain_coordinator:/robofuzz/ros2_foxy/install/ament_xmllint:/robofuzz/ros2_foxy/install/ament_lint_cmake:/robofuzz/ros2_foxy/install/ament_lint_auto:/robofuzz/ros2_foxy/install/ament_cpplint:/robofuzz/ros2_foxy/install/ament_cmake_pytest:/robofuzz/ros2_foxy/install/ament_cmake_gtest:/robofuzz/ros2_foxy/install/ament_cmake:/robofuzz/ros2_foxy/install/ament_copyright:/robofuzz/ros2_foxy/install/ament_cmake_test:/robofuzz/ros2_foxy/install/ament_cmake_target_dependencies:/robofuzz/ros2_foxy/install/ament_cmake_export_targets:/robofuzz/ros2_foxy/install/ament_cmake_export_interfaces:/robofuzz/ros2_foxy/install/ament_cmake_export_dependencies:/robofuzz/ros2_foxy/install/ament_pep257:/robofuzz/ros2_foxy/install/ament_cmake_version:/robofuzz/ros2_foxy/install/ament_cmake_python:/robofuzz/ros2_foxy/install/ament_cmake_libraries:/robofuzz/ros2_foxy/install/ament_cmake_include_directories:/robofuzz/ros2_foxy/install/ament_cmake_export_link_flags:/robofuzz/ros2_foxy/install/ament_cmake_export_libraries:/robofuzz/ros2_foxy/install/ament_cmake_export_include_directories:/robofuzz/ros2_foxy/install/ament_cmake_export_definitions:/robofuzz/ros2_foxy/install/ament_flake8:/robofuzz/ros2_foxy/install/ament_cmake_core:/robofuzz/ros2_foxy/install/ament_package:/robofuzz/ros2_foxy/install/ament_lint:/robofuzz/ros2_foxy/install/ament_cppcheck:${AMENT_PREFIX_PATH} CMAKE_PREFIX_PATH=/robofuzz/ros2_foxy/install/rosidl_runtime_c:/robofuzz/ros2_foxy/install/rcutils:/robofuzz/ros2_foxy/install/rosidl_typesupport_interface:/robofuzz/ros2_foxy/install/ament_cmake_ros:/robofuzz/ros2_foxy/install/ament_lint_common:/robofuzz/ros2_foxy/install/ament_cmake_xmllint:/robofuzz/ros2_foxy/install/ament_cmake_uncrustify:/robofuzz/ros2_foxy/install/ament_cmake_pep257:/robofuzz/ros2_foxy/install/ament_cmake_flake8:/robofuzz/ros2_foxy/install/ament_cmake_cpplint:/robofuzz/ros2_foxy/install/ament_cmake_cppcheck:/robofuzz/ros2_foxy/install/ament_cmake_copyright:/robofuzz/ros2_foxy/install/uncrustify_vendor:/robofuzz/ros2_foxy/install/ament_cmake_lint_cmake:/robofuzz/ros2_foxy/install/ament_cmake_gmock:/robofuzz/ros2_foxy/install/ament_lint_auto:/robofuzz/ros2_foxy/install/ament_cmake_pytest:/robofuzz/ros2_foxy/install/ament_cmake_gtest:/robofuzz/ros2_foxy/install/ament_cmake:/robofuzz/ros2_foxy/install/ament_cmake_test:/robofuzz/ros2_foxy/install/ament_cmake_target_dependencies:/robofuzz/ros2_foxy/install/ament_cmake_export_targets:/robofuzz/ros2_foxy/install/ament_cmake_export_interfaces:/robofuzz/ros2_foxy/install/ament_cmake_export_dependencies:/robofuzz/ros2_foxy/install/ament_cmake_version:/robofuzz/ros2_foxy/install/ament_cmake_python:/robofuzz/ros2_foxy/install/ament_cmake_libraries:/robofuzz/ros2_foxy/install/ament_cmake_include_directories:/robofuzz/ros2_foxy/install/ament_cmake_export_link_flags:/robofuzz/ros2_foxy/install/ament_cmake_export_libraries:/robofuzz/ros2_foxy/install/ament_cmake_export_include_directories:/robofuzz/ros2_foxy/install/ament_cmake_export_definitions:/robofuzz/ros2_foxy/install/gmock_vendor:/robofuzz/ros2_foxy/install/ament_cmake_core:/robofuzz/ros2_foxy/install/osrf_testing_tools_cpp:/robofuzz/ros2_foxy/install/gtest_vendor:/robofuzz/targets/moveit2_ws/install/moveit2_tutorials:/robofuzz/targets/moveit2_ws/install/moveit_visual_tools:/robofuzz/targets/moveit2_ws/install/rviz_visual_tools:/robofuzz/targets/turtlebot3_ws/install/turtlebot3:/robofuzz/targets/turtlebot3_ws/install/turtlebot3_simulations:/robofuzz/targets/turtlebot3_ws/install/turtlebot3_bringup:/robofuzz/targets/turtlebot3_ws/install/turtlebot3_node:/robofuzz/targets/turtlebot3_ws/install/turtlebot3_navigation2:/robofuzz/targets/turtlebot3_ws/install/turtlebot3_fake_node:/robofuzz/targets/turtlebot3_ws/install/turtlebot3_msgs:/robofuzz/targets/turtlebot3_ws/install/turtlebot3_gazebo:/robofuzz/targets/turtlebot3_ws/install/turtlebot3_description:/robofuzz/targets/turtlebot3_ws/install/turtlebot3_cartographer:/robofuzz/targets/turtlebot3_ws/install/hls_lfcd_lds_driver:/robofuzz/targets/turtlebot3_ws/install/dynamixel_sdk_examples:/robofuzz/targets/turtlebot3_ws/install/dynamixel_sdk_custom_interfaces:/robofuzz/targets/turtlebot3_ws/install/dynamixel_sdk:/robofuzz/targets/idltest_ws/install/idltest_target:/robofuzz/targets/idltest_ws/install/idltest_msgs:/robofuzz/targets/px4_ros_com_ros2/install/px4_ros_com:/robofuzz/targets/px4_ros_com_ros2/install/px4_msgs:/robofuzz/targets/turtlebot3_ws/install/turtlebot3_teleop:/robofuzz/targets/turtlebot3_ws/install/turtlebot3_example:/opt/ros/foxy LD_LIBRARY_PATH=/robofuzz/ros2_foxy/install/rosidl_runtime_c/lib:/robofuzz/ros2_foxy/install/rcutils/lib:/robofuzz/ros2_foxy/install/osrf_testing_tools_cpp/lib:${LD_LIBRARY_PATH} PATH=/robofuzz/ros2_foxy/install/ament_uncrustify/bin:/robofuzz/ros2_foxy/install/ament_xmllint/bin:/robofuzz/ros2_foxy/install/ament_lint_cmake/bin:/robofuzz/ros2_foxy/install/ament_cpplint/bin:/robofuzz/ros2_foxy/install/ament_copyright/bin:/robofuzz/ros2_foxy/install/ament_pep257/bin:/robofuzz/ros2_foxy/install/ament_flake8/bin:/robofuzz/ros2_foxy/install/ament_cppcheck/bin:${PATH} PKG_CONFIG_PATH=/robofuzz/ros2_foxy/install/gmock_vendor/lib/x86_64-linux-gnu/pkgconfig:/robofuzz/ros2_foxy/install/gmock_vendor/lib/pkgconfig:/robofuzz/ros2_foxy/install/osrf_testing_tools_cpp/lib/x86_64-linux-gnu/pkgconfig:/robofuzz/ros2_foxy/install/osrf_testing_tools_cpp/lib/pkgconfig:/robofuzz/ros2_foxy/install/gtest_vendor/lib/x86_64-linux-gnu/pkgconfig:/robofuzz/ros2_foxy/install/gtest_vendor/lib/pkgconfig PYTHONPATH=/robofuzz/ros2_foxy/install/rcutils/lib/python3.8/site-packages:/robofuzz/ros2_foxy/build/ament_uncrustify:/robofuzz/ros2_foxy/install/ament_uncrustify/lib/python3.8/site-packages:/robofuzz/ros2_foxy/build/domain_coordinator:/robofuzz/ros2_foxy/install/domain_coordinator/lib/python3.8/site-packages:/robofuzz/ros2_foxy/build/ament_xmllint:/robofuzz/ros2_foxy/install/ament_xmllint/lib/python3.8/site-packages:/robofuzz/ros2_foxy/build/ament_lint_cmake:/robofuzz/ros2_foxy/install/ament_lint_cmake/lib/python3.8/site-packages:/robofuzz/ros2_foxy/build/ament_cpplint:/robofuzz/ros2_foxy/install/ament_cpplint/lib/python3.8/site-packages:/robofuzz/ros2_foxy/build/ament_copyright:/robofuzz/ros2_foxy/install/ament_copyright/lib/python3.8/site-packages:/robofuzz/ros2_foxy/install/ament_cmake_test/lib/python3.8/site-packages:/robofuzz/ros2_foxy/build/ament_pep257:/robofuzz/ros2_foxy/install/ament_pep257/lib/python3.8/site-packages:/robofuzz/ros2_foxy/build/ament_flake8:/robofuzz/ros2_foxy/install/ament_flake8/lib/python3.8/site-packages:/robofuzz/ros2_foxy/build/ament_package:/robofuzz/ros2_foxy/install/ament_package/lib/python3.8/site-packages:/robofuzz/ros2_foxy/build/ament_lint:/robofuzz/ros2_foxy/install/ament_lint/lib/python3.8/site-packages:/robofuzz/ros2_foxy/build/ament_cppcheck:/robofuzz/ros2_foxy/install/ament_cppcheck/lib/python3.8/site-packages:${PYTHONPATH} /usr/bin/cmake /robofuzz/ros2_foxy/src/ros2/rmw/rmw -DAMENT_CMAKE_SYMLINK_INSTALL=1 -DCMAKE_INSTALL_PREFIX=/robofuzz/ros2_foxy/install/rmw
[10.944s] Invoking command in '/robofuzz/ros2_foxy/build/rmw': AMENT_PREFIX_PATH=/robofuzz/ros2_foxy/install/rosidl_runtime_c:/robofuzz/ros2_foxy/install/rcutils:/robofuzz/ros2_foxy/install/rosidl_typesupport_interface:/robofuzz/ros2_foxy/install/ament_cmake_ros:/robofuzz/ros2_foxy/install/ament_lint_common:/robofuzz/ros2_foxy/install/ament_cmake_xmllint:/robofuzz/ros2_foxy/install/ament_cmake_uncrustify:/robofuzz/ros2_foxy/install/ament_cmake_pep257:/robofuzz/ros2_foxy/install/ament_cmake_flake8:/robofuzz/ros2_foxy/install/ament_cmake_cpplint:/robofuzz/ros2_foxy/install/ament_cmake_cppcheck:/robofuzz/ros2_foxy/install/ament_uncrustify:/robofuzz/ros2_foxy/install/ament_cmake_copyright:/robofuzz/ros2_foxy/install/uncrustify_vendor:/robofuzz/ros2_foxy/install/ament_cmake_lint_cmake:/robofuzz/ros2_foxy/install/ament_cmake_gmock:/robofuzz/ros2_foxy/install/domain_coordinator:/robofuzz/ros2_foxy/install/ament_xmllint:/robofuzz/ros2_foxy/install/ament_lint_cmake:/robofuzz/ros2_foxy/install/ament_lint_auto:/robofuzz/ros2_foxy/install/ament_cpplint:/robofuzz/ros2_foxy/install/ament_cmake_pytest:/robofuzz/ros2_foxy/install/ament_cmake_gtest:/robofuzz/ros2_foxy/install/ament_cmake:/robofuzz/ros2_foxy/install/ament_copyright:/robofuzz/ros2_foxy/install/ament_cmake_test:/robofuzz/ros2_foxy/install/ament_cmake_target_dependencies:/robofuzz/ros2_foxy/install/ament_cmake_export_targets:/robofuzz/ros2_foxy/install/ament_cmake_export_interfaces:/robofuzz/ros2_foxy/install/ament_cmake_export_dependencies:/robofuzz/ros2_foxy/install/ament_pep257:/robofuzz/ros2_foxy/install/ament_cmake_version:/robofuzz/ros2_foxy/install/ament_cmake_python:/robofuzz/ros2_foxy/install/ament_cmake_libraries:/robofuzz/ros2_foxy/install/ament_cmake_include_directories:/robofuzz/ros2_foxy/install/ament_cmake_export_link_flags:/robofuzz/ros2_foxy/install/ament_cmake_export_libraries:/robofuzz/ros2_foxy/install/ament_cmake_export_include_directories:/robofuzz/ros2_foxy/install/ament_cmake_export_definitions:/robofuzz/ros2_foxy/install/ament_flake8:/robofuzz/ros2_foxy/install/ament_cmake_core:/robofuzz/ros2_foxy/install/ament_package:/robofuzz/ros2_foxy/install/ament_lint:/robofuzz/ros2_foxy/install/ament_cppcheck:${AMENT_PREFIX_PATH} CMAKE_PREFIX_PATH=/robofuzz/ros2_foxy/install/rosidl_runtime_c:/robofuzz/ros2_foxy/install/rcutils:/robofuzz/ros2_foxy/install/rosidl_typesupport_interface:/robofuzz/ros2_foxy/install/ament_cmake_ros:/robofuzz/ros2_foxy/install/ament_lint_common:/robofuzz/ros2_foxy/install/ament_cmake_xmllint:/robofuzz/ros2_foxy/install/ament_cmake_uncrustify:/robofuzz/ros2_foxy/install/ament_cmake_pep257:/robofuzz/ros2_foxy/install/ament_cmake_flake8:/robofuzz/ros2_foxy/install/ament_cmake_cpplint:/robofuzz/ros2_foxy/install/ament_cmake_cppcheck:/robofuzz/ros2_foxy/install/ament_cmake_copyright:/robofuzz/ros2_foxy/install/uncrustify_vendor:/robofuzz/ros2_foxy/install/ament_cmake_lint_cmake:/robofuzz/ros2_foxy/install/ament_cmake_gmock:/robofuzz/ros2_foxy/install/ament_lint_auto:/robofuzz/ros2_foxy/install/ament_cmake_pytest:/robofuzz/ros2_foxy/install/ament_cmake_gtest:/robofuzz/ros2_foxy/install/ament_cmake:/robofuzz/ros2_foxy/install/ament_cmake_test:/robofuzz/ros2_foxy/install/ament_cmake_target_dependencies:/robofuzz/ros2_foxy/install/ament_cmake_export_targets:/robofuzz/ros2_foxy/install/ament_cmake_export_interfaces:/robofuzz/ros2_foxy/install/ament_cmake_export_dependencies:/robofuzz/ros2_foxy/install/ament_cmake_version:/robofuzz/ros2_foxy/install/ament_cmake_python:/robofuzz/ros2_foxy/install/ament_cmake_libraries:/robofuzz/ros2_foxy/install/ament_cmake_include_directories:/robofuzz/ros2_foxy/install/ament_cmake_export_link_flags:/robofuzz/ros2_foxy/install/ament_cmake_export_libraries:/robofuzz/ros2_foxy/install/ament_cmake_export_include_directories:/robofuzz/ros2_foxy/install/ament_cmake_export_definitions:/robofuzz/ros2_foxy/install/gmock_vendor:/robofuzz/ros2_foxy/install/ament_cmake_core:/robofuzz/ros2_foxy/install/osrf_testing_tools_cpp:/robofuzz/ros2_foxy/install/gtest_vendor:/robofuzz/targets/moveit2_ws/install/moveit2_tutorials:/robofuzz/targets/moveit2_ws/install/moveit_visual_tools:/robofuzz/targets/moveit2_ws/install/rviz_visual_tools:/robofuzz/targets/turtlebot3_ws/install/turtlebot3:/robofuzz/targets/turtlebot3_ws/install/turtlebot3_simulations:/robofuzz/targets/turtlebot3_ws/install/turtlebot3_bringup:/robofuzz/targets/turtlebot3_ws/install/turtlebot3_node:/robofuzz/targets/turtlebot3_ws/install/turtlebot3_navigation2:/robofuzz/targets/turtlebot3_ws/install/turtlebot3_fake_node:/robofuzz/targets/turtlebot3_ws/install/turtlebot3_msgs:/robofuzz/targets/turtlebot3_ws/install/turtlebot3_gazebo:/robofuzz/targets/turtlebot3_ws/install/turtlebot3_description:/robofuzz/targets/turtlebot3_ws/install/turtlebot3_cartographer:/robofuzz/targets/turtlebot3_ws/install/hls_lfcd_lds_driver:/robofuzz/targets/turtlebot3_ws/install/dynamixel_sdk_examples:/robofuzz/targets/turtlebot3_ws/install/dynamixel_sdk_custom_interfaces:/robofuzz/targets/turtlebot3_ws/install/dynamixel_sdk:/robofuzz/targets/idltest_ws/install/idltest_target:/robofuzz/targets/idltest_ws/install/idltest_msgs:/robofuzz/targets/px4_ros_com_ros2/install/px4_ros_com:/robofuzz/targets/px4_ros_com_ros2/install/px4_msgs:/robofuzz/targets/turtlebot3_ws/install/turtlebot3_teleop:/robofuzz/targets/turtlebot3_ws/install/turtlebot3_example:/opt/ros/foxy LD_LIBRARY_PATH=/robofuzz/ros2_foxy/install/rosidl_runtime_c/lib:/robofuzz/ros2_foxy/install/rcutils/lib:/robofuzz/ros2_foxy/install/osrf_testing_tools_cpp/lib:${LD_LIBRARY_PATH} PATH=/robofuzz/ros2_foxy/install/ament_uncrustify/bin:/robofuzz/ros2_foxy/install/ament_xmllint/bin:/robofuzz/ros2_foxy/install/ament_lint_cmake/bin:/robofuzz/ros2_foxy/install/ament_cpplint/bin:/robofuzz/ros2_foxy/install/ament_copyright/bin:/robofuzz/ros2_foxy/install/ament_pep257/bin:/robofuzz/ros2_foxy/install/ament_flake8/bin:/robofuzz/ros2_foxy/install/ament_cppcheck/bin:${PATH} PKG_CONFIG_PATH=/robofuzz/ros2_foxy/install/gmock_vendor/lib/x86_64-linux-gnu/pkgconfig:/robofuzz/ros2_foxy/install/gmock_vendor/lib/pkgconfig:/robofuzz/ros2_foxy/install/osrf_testing_tools_cpp/lib/x86_64-linux-gnu/pkgconfig:/robofuzz/ros2_foxy/install/osrf_testing_tools_cpp/lib/pkgconfig:/robofuzz/ros2_foxy/install/gtest_vendor/lib/x86_64-linux-gnu/pkgconfig:/robofuzz/ros2_foxy/install/gtest_vendor/lib/pkgconfig PYTHONPATH=/robofuzz/ros2_foxy/install/rcutils/lib/python3.8/site-packages:/robofuzz/ros2_foxy/build/ament_uncrustify:/robofuzz/ros2_foxy/install/ament_uncrustify/lib/python3.8/site-packages:/robofuzz/ros2_foxy/build/domain_coordinator:/robofuzz/ros2_foxy/install/domain_coordinator/lib/python3.8/site-packages:/robofuzz/ros2_foxy/build/ament_xmllint:/robofuzz/ros2_foxy/install/ament_xmllint/lib/python3.8/site-packages:/robofuzz/ros2_foxy/build/ament_lint_cmake:/robofuzz/ros2_foxy/install/ament_lint_cmake/lib/python3.8/site-packages:/robofuzz/ros2_foxy/build/ament_cpplint:/robofuzz/ros2_foxy/install/ament_cpplint/lib/python3.8/site-packages:/robofuzz/ros2_foxy/build/ament_copyright:/robofuzz/ros2_foxy/install/ament_copyright/lib/python3.8/site-packages:/robofuzz/ros2_foxy/install/ament_cmake_test/lib/python3.8/site-packages:/robofuzz/ros2_foxy/build/ament_pep257:/robofuzz/ros2_foxy/install/ament_pep257/lib/python3.8/site-packages:/robofuzz/ros2_foxy/build/ament_flake8:/robofuzz/ros2_foxy/install/ament_flake8/lib/python3.8/site-packages:/robofuzz/ros2_foxy/build/ament_package:/robofuzz/ros2_foxy/install/ament_package/lib/python3.8/site-packages:/robofuzz/ros2_foxy/build/ament_lint:/robofuzz/ros2_foxy/install/ament_lint/lib/python3.8/site-packages:/robofuzz/ros2_foxy/build/ament_cppcheck:/robofuzz/ros2_foxy/install/ament_cppcheck/lib/python3.8/site-packages:${PYTHONPATH} /usr/bin/cmake --build /robofuzz/ros2_foxy/build/rmw -- -j12 -l12
[11.254s] [35m[1mScanning dependencies of target rmw[0m
[11.434s] [  1%] [32mBuilding C object CMakeFiles/rmw.dir/src/allocators.c.o[0m
[11.738s] [  3%] [32mBuilding C object CMakeFiles/rmw.dir/src/security_options.c.o[0m
[11.973s] [  5%] [32mBuilding C object CMakeFiles/rmw.dir/src/subscription_options.c.o[0m
[12.232s] [  6%] [32mBuilding C object CMakeFiles/rmw.dir/src/topic_endpoint_info_array.c.o[0m
[12.489s] [  8%] [32mBuilding C object CMakeFiles/rmw.dir/src/topic_endpoint_info.c.o[0m
[12.775s] [ 10%] [32mBuilding C object CMakeFiles/rmw.dir/src/types.c.o[0m
[13.042s] [ 11%] [32mBuilding C object CMakeFiles/rmw.dir/src/validate_full_topic_name.c.o[0m
[13.343s] [ 13%] [32mBuilding C object CMakeFiles/rmw.dir/src/validate_namespace.c.o[0m
[13.643s] [ 15%] [32mBuilding C object CMakeFiles/rmw.dir/src/validate_node_name.c.o[0m
[13.918s] [ 16%] [32mBuilding C object CMakeFiles/rmw.dir/src/sanity_checks.c.o[0m
[14.203s] [ 18%] [32mBuilding C object CMakeFiles/rmw.dir/src/publisher_options.c.o[0m
[14.482s] [ 20%] [32mBuilding C object CMakeFiles/rmw.dir/src/names_and_types.c.o[0m
[14.816s] [ 22%] [32mBuilding C object CMakeFiles/rmw.dir/src/message_sequence.c.o[0m
[15.117s] [ 23%] [32mBuilding C object CMakeFiles/rmw.dir/src/init_options.c.o[0m
[15.329s] [ 25%] [32mBuilding C object CMakeFiles/rmw.dir/src/init.c.o[0m
[15.424s] [ 27%] [32mBuilding C object CMakeFiles/rmw.dir/src/event.c.o[0m
[15.687s] [ 28%] [32mBuilding C object CMakeFiles/rmw.dir/src/convert_rcutils_ret_to_rmw_ret.c.o[0m
[15.900s] [ 30%] [32m[1mLinking C shared library librmw.so[0m
[16.080s] [ 30%] Built target rmw
[16.131s] [35m[1mScanning dependencies of target gmock_main[0m
[16.234s] [ 32%] [32mBuilding CXX object gmock/CMakeFiles/gmock_main.dir/src/gmock_main.cc.o[0m
[20.260s] [ 33%] [32m[1mLinking CXX static library libgmock_main.a[0m
[20.332s] [ 33%] Built target gmock_main
[20.349s] [35m[1mScanning dependencies of target gmock[0m
[20.392s] [ 35%] [32mBuilding CXX object gmock/CMakeFiles/gmock.dir/robofuzz/ros2_foxy/install/gtest_vendor/src/gtest_vendor/src/gtest-all.cc.o[0m
[20.393s] [ 37%] [32mBuilding CXX object gmock/CMakeFiles/gmock.dir/src/gmock-all.cc.o[0m
[26.882s] [ 38%] [32m[1mLinking CXX static library libgmock.a[0m
[27.234s] [ 38%] Built target gmock
[27.308s] [35m[1mScanning dependencies of target test_topic_endpoint_info[0m
[27.322s] [35m[1mScanning dependencies of target test_validate_node_name[0m
[27.462s] [ 40%] [32mBuilding CXX object test/CMakeFiles/test_validate_node_name.dir/test_validate_node_name.cpp.o[0m
[27.466s] [ 42%] [32mBuilding CXX object test/CMakeFiles/test_topic_endpoint_info.dir/test_topic_endpoint_info.cpp.o[0m
[27.484s] [35m[1mScanning dependencies of target test_subscription_options[0m
[27.590s] [ 44%] [32mBuilding CXX object test/CMakeFiles/test_subscription_options.dir/test_subscription_options.cpp.o[0m
[28.621s] [35m[1mScanning dependencies of target test_security_options[0m
[28.801s] [ 45%] [32mBuilding CXX object test/CMakeFiles/test_security_options.dir/test_security_options.cpp.o[0m
[29.810s] [35m[1mScanning dependencies of target test_message_sequence[0m
[29.882s] [ 47%] [32mBuilding CXX object test/CMakeFiles/test_message_sequence.dir/test_message_sequence.cpp.o[0m
[30.508s] [ 49%] [32m[1mLinking CXX executable test_subscription_options[0m
[30.944s] [35m[1mScanning dependencies of target test_init_options[0m
[31.071s] [ 50%] [32mBuilding CXX object test/CMakeFiles/test_init_options.dir/test_init_options.cpp.o[0m
[31.208s] [ 52%] [32m[1mLinking CXX executable test_validate_node_name[0m
[31.223s] [ 52%] Built target test_subscription_options
[31.310s] [35m[1mScanning dependencies of target test_names_and_types[0m
[31.490s] [ 54%] [32mBuilding CXX object test/CMakeFiles/test_names_and_types.dir/test_names_and_types.cpp.o[0m
[31.808s] [ 54%] Built target test_validate_node_name
[32.560s] [ 55%] [32m[1mLinking CXX executable test_topic_endpoint_info[0m
[33.200s] [ 57%] [32m[1mLinking CXX executable test_security_options[0m
[33.432s] [ 57%] Built target test_topic_endpoint_info
[33.548s] [ 59%] [32m[1mLinking CXX executable test_message_sequence[0m
[33.780s] [ 59%] Built target test_security_options
[33.940s] [ 61%] [32m[1mLinking CXX executable test_init_options[0m
[34.171s] [ 61%] Built target test_message_sequence
[34.598s] [ 61%] Built target test_init_options
[35.189s] [ 62%] [32m[1mLinking CXX executable test_names_and_types[0m
[35.604s] [ 62%] Built target test_names_and_types
[35.622s] [35m[1mScanning dependencies of target test_types[0m
[35.676s] [ 64%] [32mBuilding CXX object test/CMakeFiles/test_types.dir/test_types.cpp.o[0m
[37.764s] [ 66%] [32m[1mLinking CXX executable test_types[0m
[38.043s] [ 66%] Built target test_types
[38.068s] [35m[1mScanning dependencies of target test_serialized_message[0m
[38.126s] [ 67%] [32mBuilding CXX object test/CMakeFiles/test_serialized_message.dir/test_serialized_message.cpp.o[0m
[40.447s] [ 69%] [32m[1mLinking CXX executable test_serialized_message[0m
[40.696s] [ 69%] Built target test_serialized_message
[40.712s] [35m[1mScanning dependencies of target test_event[0m
[40.748s] [ 71%] [32mBuilding CXX object test/CMakeFiles/test_event.dir/test_event.cpp.o[0m
[42.160s] [ 72%] [32m[1mLinking CXX executable test_event[0m
[42.499s] [ 72%] Built target test_event
[42.516s] [35m[1mScanning dependencies of target test_validate_namespace[0m
[42.523s] [35m[1mScanning dependencies of target test_sanity_checks[0m
[42.563s] [ 74%] [32mBuilding CXX object test/CMakeFiles/test_validate_namespace.dir/test_validate_namespace.cpp.o[0m
[42.577s] [ 76%] [32mBuilding CXX object test/CMakeFiles/test_sanity_checks.dir/test_sanity_checks.cpp.o[0m
[44.748s] [ 77%] [32m[1mLinking CXX executable test_sanity_checks[0m
[45.161s] [ 79%] [32m[1mLinking CXX executable test_validate_namespace[0m
[45.240s] [ 79%] Built target test_sanity_checks
[45.267s] [35m[1mScanning dependencies of target test_publisher_options[0m
[45.340s] [ 81%] [32mBuilding CXX object test/CMakeFiles/test_publisher_options.dir/test_publisher_options.cpp.o[0m
[45.626s] [ 81%] Built target test_validate_namespace
[45.652s] [35m[1mScanning dependencies of target test_topic_endpoint_info_array[0m
[45.722s] [ 83%] [32mBuilding CXX object test/CMakeFiles/test_topic_endpoint_info_array.dir/test_topic_endpoint_info_array.cpp.o[0m
[47.730s] [ 84%] [32m[1mLinking CXX executable test_publisher_options[0m
[48.296s] [ 86%] [32m[1mLinking CXX executable test_topic_endpoint_info_array[0m
[48.446s] [ 86%] Built target test_publisher_options
[48.532s] [35m[1mScanning dependencies of target test_convert_rcutils_ret_to_rmw_ret[0m
[48.660s] [ 88%] [32mBuilding CXX object test/CMakeFiles/test_convert_rcutils_ret_to_rmw_ret.dir/test_convert_rcutils_ret_to_rmw_ret.cpp.o[0m
[48.743s] [ 88%] Built target test_topic_endpoint_info_array
[48.767s] [35m[1mScanning dependencies of target test_init[0m
[48.904s] [ 89%] [32mBuilding CXX object test/CMakeFiles/test_init.dir/test_init.cpp.o[0m
[51.708s] [ 91%] [32m[1mLinking CXX executable test_convert_rcutils_ret_to_rmw_ret[0m
[51.878s] [ 93%] [32m[1mLinking CXX executable test_init[0m
[52.188s] [ 93%] Built target test_convert_rcutils_ret_to_rmw_ret
[52.433s] [ 93%] Built target test_init
[52.460s] [35m[1mScanning dependencies of target test_validate_full_topic_name[0m
[52.520s] [ 94%] [32mBuilding CXX object test/CMakeFiles/test_validate_full_topic_name.dir/test_validate_full_topic_name.cpp.o[0m
[55.140s] [ 96%] [32m[1mLinking CXX executable test_validate_full_topic_name[0m
[55.696s] [ 96%] Built target test_validate_full_topic_name
[55.742s] [35m[1mScanning dependencies of target test_allocators[0m
[55.848s] [ 98%] [32mBuilding CXX object test/CMakeFiles/test_allocators.dir/test_allocators.cpp.o[0m
[60.041s] [100%] [32m[1mLinking CXX executable test_allocators[0m
[60.422s] [100%] Built target test_allocators
[60.448s] Invoked command in '/robofuzz/ros2_foxy/build/rmw' returned '0': AMENT_PREFIX_PATH=/robofuzz/ros2_foxy/install/rosidl_runtime_c:/robofuzz/ros2_foxy/install/rcutils:/robofuzz/ros2_foxy/install/rosidl_typesupport_interface:/robofuzz/ros2_foxy/install/ament_cmake_ros:/robofuzz/ros2_foxy/install/ament_lint_common:/robofuzz/ros2_foxy/install/ament_cmake_xmllint:/robofuzz/ros2_foxy/install/ament_cmake_uncrustify:/robofuzz/ros2_foxy/install/ament_cmake_pep257:/robofuzz/ros2_foxy/install/ament_cmake_flake8:/robofuzz/ros2_foxy/install/ament_cmake_cpplint:/robofuzz/ros2_foxy/install/ament_cmake_cppcheck:/robofuzz/ros2_foxy/install/ament_uncrustify:/robofuzz/ros2_foxy/install/ament_cmake_copyright:/robofuzz/ros2_foxy/install/uncrustify_vendor:/robofuzz/ros2_foxy/install/ament_cmake_lint_cmake:/robofuzz/ros2_foxy/install/ament_cmake_gmock:/robofuzz/ros2_foxy/install/domain_coordinator:/robofuzz/ros2_foxy/install/ament_xmllint:/robofuzz/ros2_foxy/install/ament_lint_cmake:/robofuzz/ros2_foxy/install/ament_lint_auto:/robofuzz/ros2_foxy/install/ament_cpplint:/robofuzz/ros2_foxy/install/ament_cmake_pytest:/robofuzz/ros2_foxy/install/ament_cmake_gtest:/robofuzz/ros2_foxy/install/ament_cmake:/robofuzz/ros2_foxy/install/ament_copyright:/robofuzz/ros2_foxy/install/ament_cmake_test:/robofuzz/ros2_foxy/install/ament_cmake_target_dependencies:/robofuzz/ros2_foxy/install/ament_cmake_export_targets:/robofuzz/ros2_foxy/install/ament_cmake_export_interfaces:/robofuzz/ros2_foxy/install/ament_cmake_export_dependencies:/robofuzz/ros2_foxy/install/ament_pep257:/robofuzz/ros2_foxy/install/ament_cmake_version:/robofuzz/ros2_foxy/install/ament_cmake_python:/robofuzz/ros2_foxy/install/ament_cmake_libraries:/robofuzz/ros2_foxy/install/ament_cmake_include_directories:/robofuzz/ros2_foxy/install/ament_cmake_export_link_flags:/robofuzz/ros2_foxy/install/ament_cmake_export_libraries:/robofuzz/ros2_foxy/install/ament_cmake_export_include_directories:/robofuzz/ros2_foxy/install/ament_cmake_export_definitions:/robofuzz/ros2_foxy/install/ament_flake8:/robofuzz/ros2_foxy/install/ament_cmake_core:/robofuzz/ros2_foxy/install/ament_package:/robofuzz/ros2_foxy/install/ament_lint:/robofuzz/ros2_foxy/install/ament_cppcheck:${AMENT_PREFIX_PATH} CMAKE_PREFIX_PATH=/robofuzz/ros2_foxy/install/rosidl_runtime_c:/robofuzz/ros2_foxy/install/rcutils:/robofuzz/ros2_foxy/install/rosidl_typesupport_interface:/robofuzz/ros2_foxy/install/ament_cmake_ros:/robofuzz/ros2_foxy/install/ament_lint_common:/robofuzz/ros2_foxy/install/ament_cmake_xmllint:/robofuzz/ros2_foxy/install/ament_cmake_uncrustify:/robofuzz/ros2_foxy/install/ament_cmake_pep257:/robofuzz/ros2_foxy/install/ament_cmake_flake8:/robofuzz/ros2_foxy/install/ament_cmake_cpplint:/robofuzz/ros2_foxy/install/ament_cmake_cppcheck:/robofuzz/ros2_foxy/install/ament_cmake_copyright:/robofuzz/ros2_foxy/install/uncrustify_vendor:/robofuzz/ros2_foxy/install/ament_cmake_lint_cmake:/robofuzz/ros2_foxy/install/ament_cmake_gmock:/robofuzz/ros2_foxy/install/ament_lint_auto:/robofuzz/ros2_foxy/install/ament_cmake_pytest:/robofuzz/ros2_foxy/install/ament_cmake_gtest:/robofuzz/ros2_foxy/install/ament_cmake:/robofuzz/ros2_foxy/install/ament_cmake_test:/robofuzz/ros2_foxy/install/ament_cmake_target_dependencies:/robofuzz/ros2_foxy/install/ament_cmake_export_targets:/robofuzz/ros2_foxy/install/ament_cmake_export_interfaces:/robofuzz/ros2_foxy/install/ament_cmake_export_dependencies:/robofuzz/ros2_foxy/install/ament_cmake_version:/robofuzz/ros2_foxy/install/ament_cmake_python:/robofuzz/ros2_foxy/install/ament_cmake_libraries:/robofuzz/ros2_foxy/install/ament_cmake_include_directories:/robofuzz/ros2_foxy/install/ament_cmake_export_link_flags:/robofuzz/ros2_foxy/install/ament_cmake_export_libraries:/robofuzz/ros2_foxy/install/ament_cmake_export_include_directories:/robofuzz/ros2_foxy/install/ament_cmake_export_definitions:/robofuzz/ros2_foxy/install/gmock_vendor:/robofuzz/ros2_foxy/install/ament_cmake_core:/robofuzz/ros2_foxy/install/osrf_testing_tools_cpp:/robofuzz/ros2_foxy/install/gtest_vendor:/robofuzz/targets/moveit2_ws/install/moveit2_tutorials:/robofuzz/targets/moveit2_ws/install/moveit_visual_tools:/robofuzz/targets/moveit2_ws/install/rviz_visual_tools:/robofuzz/targets/turtlebot3_ws/install/turtlebot3:/robofuzz/targets/turtlebot3_ws/install/turtlebot3_simulations:/robofuzz/targets/turtlebot3_ws/install/turtlebot3_bringup:/robofuzz/targets/turtlebot3_ws/install/turtlebot3_node:/robofuzz/targets/turtlebot3_ws/install/turtlebot3_navigation2:/robofuzz/targets/turtlebot3_ws/install/turtlebot3_fake_node:/robofuzz/targets/turtlebot3_ws/install/turtlebot3_msgs:/robofuzz/targets/turtlebot3_ws/install/turtlebot3_gazebo:/robofuzz/targets/turtlebot3_ws/install/turtlebot3_description:/robofuzz/targets/turtlebot3_ws/install/turtlebot3_cartographer:/robofuzz/targets/turtlebot3_ws/install/hls_lfcd_lds_driver:/robofuzz/targets/turtlebot3_ws/install/dynamixel_sdk_examples:/robofuzz/targets/turtlebot3_ws/install/dynamixel_sdk_custom_interfaces:/robofuzz/targets/turtlebot3_ws/install/dynamixel_sdk:/robofuzz/targets/idltest_ws/install/idltest_target:/robofuzz/targets/idltest_ws/install/idltest_msgs:/robofuzz/targets/px4_ros_com_ros2/install/px4_ros_com:/robofuzz/targets/px4_ros_com_ros2/install/px4_msgs:/robofuzz/targets/turtlebot3_ws/install/turtlebot3_teleop:/robofuzz/targets/turtlebot3_ws/install/turtlebot3_example:/opt/ros/foxy LD_LIBRARY_PATH=/robofuzz/ros2_foxy/install/rosidl_runtime_c/lib:/robofuzz/ros2_foxy/install/rcutils/lib:/robofuzz/ros2_foxy/install/osrf_testing_tools_cpp/lib:${LD_LIBRARY_PATH} PATH=/robofuzz/ros2_foxy/install/ament_uncrustify/bin:/robofuzz/ros2_foxy/install/ament_xmllint/bin:/robofuzz/ros2_foxy/install/ament_lint_cmake/bin:/robofuzz/ros2_foxy/install/ament_cpplint/bin:/robofuzz/ros2_foxy/install/ament_copyright/bin:/robofuzz/ros2_foxy/install/ament_pep257/bin:/robofuzz/ros2_foxy/install/ament_flake8/bin:/robofuzz/ros2_foxy/install/ament_cppcheck/bin:${PATH} PKG_CONFIG_PATH=/robofuzz/ros2_foxy/install/gmock_vendor/lib/x86_64-linux-gnu/pkgconfig:/robofuzz/ros2_foxy/install/gmock_vendor/lib/pkgconfig:/robofuzz/ros2_foxy/install/osrf_testing_tools_cpp/lib/x86_64-linux-gnu/pkgconfig:/robofuzz/ros2_foxy/install/osrf_testing_tools_cpp/lib/pkgconfig:/robofuzz/ros2_foxy/install/gtest_vendor/lib/x86_64-linux-gnu/pkgconfig:/robofuzz/ros2_foxy/install/gtest_vendor/lib/pkgconfig PYTHONPATH=/robofuzz/ros2_foxy/install/rcutils/lib/python3.8/site-packages:/robofuzz/ros2_foxy/build/ament_uncrustify:/robofuzz/ros2_foxy/install/ament_uncrustify/lib/python3.8/site-packages:/robofuzz/ros2_foxy/build/domain_coordinator:/robofuzz/ros2_foxy/install/domain_coordinator/lib/python3.8/site-packages:/robofuzz/ros2_foxy/build/ament_xmllint:/robofuzz/ros2_foxy/install/ament_xmllint/lib/python3.8/site-packages:/robofuzz/ros2_foxy/build/ament_lint_cmake:/robofuzz/ros2_foxy/install/ament_lint_cmake/lib/python3.8/site-packages:/robofuzz/ros2_foxy/build/ament_cpplint:/robofuzz/ros2_foxy/install/ament_cpplint/lib/python3.8/site-packages:/robofuzz/ros2_foxy/build/ament_copyright:/robofuzz/ros2_foxy/install/ament_copyright/lib/python3.8/site-packages:/robofuzz/ros2_foxy/install/ament_cmake_test/lib/python3.8/site-packages:/robofuzz/ros2_foxy/build/ament_pep257:/robofuzz/ros2_foxy/install/ament_pep257/lib/python3.8/site-packages:/robofuzz/ros2_foxy/build/ament_flake8:/robofuzz/ros2_foxy/install/ament_flake8/lib/python3.8/site-packages:/robofuzz/ros2_foxy/build/ament_package:/robofuzz/ros2_foxy/install/ament_package/lib/python3.8/site-packages:/robofuzz/ros2_foxy/build/ament_lint:/robofuzz/ros2_foxy/install/ament_lint/lib/python3.8/site-packages:/robofuzz/ros2_foxy/build/ament_cppcheck:/robofuzz/ros2_foxy/install/ament_cppcheck/lib/python3.8/site-packages:${PYTHONPATH} /usr/bin/cmake --build /robofuzz/ros2_foxy/build/rmw -- -j12 -l12
[60.627s] Invoking command in '/robofuzz/ros2_foxy/build/rmw': AMENT_PREFIX_PATH=/robofuzz/ros2_foxy/install/rosidl_runtime_c:/robofuzz/ros2_foxy/install/rcutils:/robofuzz/ros2_foxy/install/rosidl_typesupport_interface:/robofuzz/ros2_foxy/install/ament_cmake_ros:/robofuzz/ros2_foxy/install/ament_lint_common:/robofuzz/ros2_foxy/install/ament_cmake_xmllint:/robofuzz/ros2_foxy/install/ament_cmake_uncrustify:/robofuzz/ros2_foxy/install/ament_cmake_pep257:/robofuzz/ros2_foxy/install/ament_cmake_flake8:/robofuzz/ros2_foxy/install/ament_cmake_cpplint:/robofuzz/ros2_foxy/install/ament_cmake_cppcheck:/robofuzz/ros2_foxy/install/ament_uncrustify:/robofuzz/ros2_foxy/install/ament_cmake_copyright:/robofuzz/ros2_foxy/install/uncrustify_vendor:/robofuzz/ros2_foxy/install/ament_cmake_lint_cmake:/robofuzz/ros2_foxy/install/ament_cmake_gmock:/robofuzz/ros2_foxy/install/domain_coordinator:/robofuzz/ros2_foxy/install/ament_xmllint:/robofuzz/ros2_foxy/install/ament_lint_cmake:/robofuzz/ros2_foxy/install/ament_lint_auto:/robofuzz/ros2_foxy/install/ament_cpplint:/robofuzz/ros2_foxy/install/ament_cmake_pytest:/robofuzz/ros2_foxy/install/ament_cmake_gtest:/robofuzz/ros2_foxy/install/ament_cmake:/robofuzz/ros2_foxy/install/ament_copyright:/robofuzz/ros2_foxy/install/ament_cmake_test:/robofuzz/ros2_foxy/install/ament_cmake_target_dependencies:/robofuzz/ros2_foxy/install/ament_cmake_export_targets:/robofuzz/ros2_foxy/install/ament_cmake_export_interfaces:/robofuzz/ros2_foxy/install/ament_cmake_export_dependencies:/robofuzz/ros2_foxy/install/ament_pep257:/robofuzz/ros2_foxy/install/ament_cmake_version:/robofuzz/ros2_foxy/install/ament_cmake_python:/robofuzz/ros2_foxy/install/ament_cmake_libraries:/robofuzz/ros2_foxy/install/ament_cmake_include_directories:/robofuzz/ros2_foxy/install/ament_cmake_export_link_flags:/robofuzz/ros2_foxy/install/ament_cmake_export_libraries:/robofuzz/ros2_foxy/install/ament_cmake_export_include_directories:/robofuzz/ros2_foxy/install/ament_cmake_export_definitions:/robofuzz/ros2_foxy/install/ament_flake8:/robofuzz/ros2_foxy/install/ament_cmake_core:/robofuzz/ros2_foxy/install/ament_package:/robofuzz/ros2_foxy/install/ament_lint:/robofuzz/ros2_foxy/install/ament_cppcheck:${AMENT_PREFIX_PATH} CMAKE_PREFIX_PATH=/robofuzz/ros2_foxy/install/rosidl_runtime_c:/robofuzz/ros2_foxy/install/rcutils:/robofuzz/ros2_foxy/install/rosidl_typesupport_interface:/robofuzz/ros2_foxy/install/ament_cmake_ros:/robofuzz/ros2_foxy/install/ament_lint_common:/robofuzz/ros2_foxy/install/ament_cmake_xmllint:/robofuzz/ros2_foxy/install/ament_cmake_uncrustify:/robofuzz/ros2_foxy/install/ament_cmake_pep257:/robofuzz/ros2_foxy/install/ament_cmake_flake8:/robofuzz/ros2_foxy/install/ament_cmake_cpplint:/robofuzz/ros2_foxy/install/ament_cmake_cppcheck:/robofuzz/ros2_foxy/install/ament_cmake_copyright:/robofuzz/ros2_foxy/install/uncrustify_vendor:/robofuzz/ros2_foxy/install/ament_cmake_lint_cmake:/robofuzz/ros2_foxy/install/ament_cmake_gmock:/robofuzz/ros2_foxy/install/ament_lint_auto:/robofuzz/ros2_foxy/install/ament_cmake_pytest:/robofuzz/ros2_foxy/install/ament_cmake_gtest:/robofuzz/ros2_foxy/install/ament_cmake:/robofuzz/ros2_foxy/install/ament_cmake_test:/robofuzz/ros2_foxy/install/ament_cmake_target_dependencies:/robofuzz/ros2_foxy/install/ament_cmake_export_targets:/robofuzz/ros2_foxy/install/ament_cmake_export_interfaces:/robofuzz/ros2_foxy/install/ament_cmake_export_dependencies:/robofuzz/ros2_foxy/install/ament_cmake_version:/robofuzz/ros2_foxy/install/ament_cmake_python:/robofuzz/ros2_foxy/install/ament_cmake_libraries:/robofuzz/ros2_foxy/install/ament_cmake_include_directories:/robofuzz/ros2_foxy/install/ament_cmake_export_link_flags:/robofuzz/ros2_foxy/install/ament_cmake_export_libraries:/robofuzz/ros2_foxy/install/ament_cmake_export_include_directories:/robofuzz/ros2_foxy/install/ament_cmake_export_definitions:/robofuzz/ros2_foxy/install/gmock_vendor:/robofuzz/ros2_foxy/install/ament_cmake_core:/robofuzz/ros2_foxy/install/osrf_testing_tools_cpp:/robofuzz/ros2_foxy/install/gtest_vendor:/robofuzz/targets/moveit2_ws/install/moveit2_tutorials:/robofuzz/targets/moveit2_ws/install/moveit_visual_tools:/robofuzz/targets/moveit2_ws/install/rviz_visual_tools:/robofuzz/targets/turtlebot3_ws/install/turtlebot3:/robofuzz/targets/turtlebot3_ws/install/turtlebot3_simulations:/robofuzz/targets/turtlebot3_ws/install/turtlebot3_bringup:/robofuzz/targets/turtlebot3_ws/install/turtlebot3_node:/robofuzz/targets/turtlebot3_ws/install/turtlebot3_navigation2:/robofuzz/targets/turtlebot3_ws/install/turtlebot3_fake_node:/robofuzz/targets/turtlebot3_ws/install/turtlebot3_msgs:/robofuzz/targets/turtlebot3_ws/install/turtlebot3_gazebo:/robofuzz/targets/turtlebot3_ws/install/turtlebot3_description:/robofuzz/targets/turtlebot3_ws/install/turtlebot3_cartographer:/robofuzz/targets/turtlebot3_ws/install/hls_lfcd_lds_driver:/robofuzz/targets/turtlebot3_ws/install/dynamixel_sdk_examples:/robofuzz/targets/turtlebot3_ws/install/dynamixel_sdk_custom_interfaces:/robofuzz/targets/turtlebot3_ws/install/dynamixel_sdk:/robofuzz/targets/idltest_ws/install/idltest_target:/robofuzz/targets/idltest_ws/install/idltest_msgs:/robofuzz/targets/px4_ros_com_ros2/install/px4_ros_com:/robofuzz/targets/px4_ros_com_ros2/install/px4_msgs:/robofuzz/targets/turtlebot3_ws/install/turtlebot3_teleop:/robofuzz/targets/turtlebot3_ws/install/turtlebot3_example:/opt/ros/foxy LD_LIBRARY_PATH=/robofuzz/ros2_foxy/install/rosidl_runtime_c/lib:/robofuzz/ros2_foxy/install/rcutils/lib:/robofuzz/ros2_foxy/install/osrf_testing_tools_cpp/lib:${LD_LIBRARY_PATH} PATH=/robofuzz/ros2_foxy/install/ament_uncrustify/bin:/robofuzz/ros2_foxy/install/ament_xmllint/bin:/robofuzz/ros2_foxy/install/ament_lint_cmake/bin:/robofuzz/ros2_foxy/install/ament_cpplint/bin:/robofuzz/ros2_foxy/install/ament_copyright/bin:/robofuzz/ros2_foxy/install/ament_pep257/bin:/robofuzz/ros2_foxy/install/ament_flake8/bin:/robofuzz/ros2_foxy/install/ament_cppcheck/bin:${PATH} PKG_CONFIG_PATH=/robofuzz/ros2_foxy/install/gmock_vendor/lib/x86_64-linux-gnu/pkgconfig:/robofuzz/ros2_foxy/install/gmock_vendor/lib/pkgconfig:/robofuzz/ros2_foxy/install/osrf_testing_tools_cpp/lib/x86_64-linux-gnu/pkgconfig:/robofuzz/ros2_foxy/install/osrf_testing_tools_cpp/lib/pkgconfig:/robofuzz/ros2_foxy/install/gtest_vendor/lib/x86_64-linux-gnu/pkgconfig:/robofuzz/ros2_foxy/install/gtest_vendor/lib/pkgconfig PYTHONPATH=/robofuzz/ros2_foxy/install/rcutils/lib/python3.8/site-packages:/robofuzz/ros2_foxy/build/ament_uncrustify:/robofuzz/ros2_foxy/install/ament_uncrustify/lib/python3.8/site-packages:/robofuzz/ros2_foxy/build/domain_coordinator:/robofuzz/ros2_foxy/install/domain_coordinator/lib/python3.8/site-packages:/robofuzz/ros2_foxy/build/ament_xmllint:/robofuzz/ros2_foxy/install/ament_xmllint/lib/python3.8/site-packages:/robofuzz/ros2_foxy/build/ament_lint_cmake:/robofuzz/ros2_foxy/install/ament_lint_cmake/lib/python3.8/site-packages:/robofuzz/ros2_foxy/build/ament_cpplint:/robofuzz/ros2_foxy/install/ament_cpplint/lib/python3.8/site-packages:/robofuzz/ros2_foxy/build/ament_copyright:/robofuzz/ros2_foxy/install/ament_copyright/lib/python3.8/site-packages:/robofuzz/ros2_foxy/install/ament_cmake_test/lib/python3.8/site-packages:/robofuzz/ros2_foxy/build/ament_pep257:/robofuzz/ros2_foxy/install/ament_pep257/lib/python3.8/site-packages:/robofuzz/ros2_foxy/build/ament_flake8:/robofuzz/ros2_foxy/install/ament_flake8/lib/python3.8/site-packages:/robofuzz/ros2_foxy/build/ament_package:/robofuzz/ros2_foxy/install/ament_package/lib/python3.8/site-packages:/robofuzz/ros2_foxy/build/ament_lint:/robofuzz/ros2_foxy/install/ament_lint/lib/python3.8/site-packages:/robofuzz/ros2_foxy/build/ament_cppcheck:/robofuzz/ros2_foxy/install/ament_cppcheck/lib/python3.8/site-packages:${PYTHONPATH} /usr/bin/cmake --install /robofuzz/ros2_foxy/build/rmw
[60.649s] -- Install configuration: ""
[60.650s] -- Execute custom install script
[60.651s] -- Symlinking: /robofuzz/ros2_foxy/install/rmw/share/rmw/environment/library_path.sh
[60.674s] -- Symlinking: /robofuzz/ros2_foxy/install/rmw/share/rmw/environment/library_path.dsv
[60.699s] -- Symlinking: /robofuzz/ros2_foxy/install/rmw/share/ament_index/resource_index/package_run_dependencies/rmw
[60.720s] -- Symlinking: /robofuzz/ros2_foxy/install/rmw/share/ament_index/resource_index/parent_prefix_path/rmw
[60.741s] -- Symlinking: /robofuzz/ros2_foxy/install/rmw/share/rmw/environment/ament_prefix_path.sh
[60.762s] -- Symlinking: /robofuzz/ros2_foxy/install/rmw/share/rmw/environment/ament_prefix_path.dsv
[60.783s] -- Symlinking: /robofuzz/ros2_foxy/install/rmw/share/rmw/environment/path.sh
[60.804s] -- Symlinking: /robofuzz/ros2_foxy/install/rmw/share/rmw/environment/path.dsv
[60.824s] -- Symlinking: /robofuzz/ros2_foxy/install/rmw/share/rmw/local_setup.bash
[60.846s] -- Symlinking: /robofuzz/ros2_foxy/install/rmw/share/rmw/local_setup.sh
[60.876s] -- Symlinking: /robofuzz/ros2_foxy/install/rmw/share/rmw/local_setup.zsh
[60.896s] -- Symlinking: /robofuzz/ros2_foxy/install/rmw/share/rmw/local_setup.dsv
[60.917s] -- Symlinking: /robofuzz/ros2_foxy/install/rmw/share/rmw/package.dsv
[60.939s] -- Symlinking: /robofuzz/ros2_foxy/install/rmw/share/ament_index/resource_index/packages/rmw
[60.963s] -- Symlinking: /robofuzz/ros2_foxy/install/rmw/share/rmw/cmake/rmw-extras.cmake
[60.982s] -- Symlinking: /robofuzz/ros2_foxy/install/rmw/share/rmw/cmake/ament_cmake_export_dependencies-extras.cmake
[60.998s] -- Symlinking: /robofuzz/ros2_foxy/install/rmw/share/rmw/cmake/ament_cmake_export_include_directories-extras.cmake
[61.015s] -- Symlinking: /robofuzz/ros2_foxy/install/rmw/share/rmw/cmake/ament_cmake_export_libraries-extras.cmake
[61.030s] -- Symlinking: /robofuzz/ros2_foxy/install/rmw/share/rmw/cmake/ament_cmake_export_targets-extras.cmake
[61.046s] -- Symlinking: /robofuzz/ros2_foxy/install/rmw/share/rmw/cmake/rmwConfig.cmake
[61.060s] -- Symlinking: /robofuzz/ros2_foxy/install/rmw/share/rmw/cmake/rmwConfig-version.cmake
[61.080s] -- Symlinking: /robofuzz/ros2_foxy/install/rmw/share/rmw/package.xml
[61.101s] -- Symlinking: /robofuzz/ros2_foxy/install/rmw/share/rmw/cmake/configure_rmw_library.cmake
[61.122s] -- Symlinking: /robofuzz/ros2_foxy/install/rmw/share/rmw/cmake/get_rmw_typesupport.cmake
[61.144s] -- Symlinking: /robofuzz/ros2_foxy/install/rmw/share/rmw/cmake/register_rmw_implementation.cmake
[61.166s] -- Symlinking: /robofuzz/ros2_foxy/install/rmw/include/rmw/allocators.h
[61.183s] -- Symlinking: /robofuzz/ros2_foxy/install/rmw/include/rmw/convert_rcutils_ret_to_rmw_ret.h
[61.205s] -- Symlinking: /robofuzz/ros2_foxy/install/rmw/include/rmw/domain_id.h
[61.223s] -- Symlinking: /robofuzz/ros2_foxy/install/rmw/include/rmw/error_handling.h
[61.237s] -- Symlinking: /robofuzz/ros2_foxy/install/rmw/include/rmw/event.h
[61.258s] -- Symlinking: /robofuzz/ros2_foxy/install/rmw/include/rmw/get_node_info_and_types.h
[61.280s] -- Symlinking: /robofuzz/ros2_foxy/install/rmw/include/rmw/get_service_names_and_types.h
[61.297s] -- Symlinking: /robofuzz/ros2_foxy/install/rmw/include/rmw/get_topic_endpoint_info.h
[61.318s] -- Symlinking: /robofuzz/ros2_foxy/install/rmw/include/rmw/get_topic_names_and_types.h
[61.338s] -- Symlinking: /robofuzz/ros2_foxy/install/rmw/include/rmw/impl/config.h
[61.360s] -- Symlinking: /robofuzz/ros2_foxy/install/rmw/include/rmw/impl/cpp/demangle.hpp
[61.380s] -- Symlinking: /robofuzz/ros2_foxy/install/rmw/include/rmw/impl/cpp/key_value.hpp
[61.400s] -- Symlinking: /robofuzz/ros2_foxy/install/rmw/include/rmw/impl/cpp/macros.hpp
[61.423s] -- Symlinking: /robofuzz/ros2_foxy/install/rmw/include/rmw/incompatible_qos_events_statuses.h
[61.444s] -- Symlinking: /robofuzz/ros2_foxy/install/rmw/include/rmw/init.h
[61.465s] -- Symlinking: /robofuzz/ros2_foxy/install/rmw/include/rmw/init_options.h
[61.486s] -- Symlinking: /robofuzz/ros2_foxy/install/rmw/include/rmw/localhost.h
[61.506s] -- Symlinking: /robofuzz/ros2_foxy/install/rmw/include/rmw/macros.h
[61.526s] -- Symlinking: /robofuzz/ros2_foxy/install/rmw/include/rmw/message_sequence.h
[61.547s] -- Symlinking: /robofuzz/ros2_foxy/install/rmw/include/rmw/names_and_types.h
[61.567s] -- Symlinking: /robofuzz/ros2_foxy/install/rmw/include/rmw/publisher_options.h
[61.588s] -- Symlinking: /robofuzz/ros2_foxy/install/rmw/include/rmw/qos_profiles.h
[61.610s] -- Symlinking: /robofuzz/ros2_foxy/install/rmw/include/rmw/ret_types.h
[61.631s] -- Symlinking: /robofuzz/ros2_foxy/install/rmw/include/rmw/rmw.h
[61.651s] -- Symlinking: /robofuzz/ros2_foxy/install/rmw/include/rmw/sanity_checks.h
[61.671s] -- Symlinking: /robofuzz/ros2_foxy/install/rmw/include/rmw/security_options.h
[61.694s] -- Symlinking: /robofuzz/ros2_foxy/install/rmw/include/rmw/serialized_message.h
[61.715s] -- Symlinking: /robofuzz/ros2_foxy/install/rmw/include/rmw/subscription_options.h
[61.736s] -- Symlinking: /robofuzz/ros2_foxy/install/rmw/include/rmw/topic_endpoint_info.h
[61.756s] -- Symlinking: /robofuzz/ros2_foxy/install/rmw/include/rmw/topic_endpoint_info_array.h
[61.778s] -- Symlinking: /robofuzz/ros2_foxy/install/rmw/include/rmw/types.h
[61.802s] -- Symlinking: /robofuzz/ros2_foxy/install/rmw/include/rmw/validate_full_topic_name.h
[61.824s] -- Symlinking: /robofuzz/ros2_foxy/install/rmw/include/rmw/validate_namespace.h
[61.846s] -- Symlinking: /robofuzz/ros2_foxy/install/rmw/include/rmw/validate_node_name.h
[61.867s] -- Symlinking: /robofuzz/ros2_foxy/install/rmw/include/rmw/visibility_control.h
[61.889s] -- Installing: /robofuzz/ros2_foxy/install/rmw/share/rmw/cmake/rmwExport.cmake
[61.889s] -- Installing: /robofuzz/ros2_foxy/install/rmw/share/rmw/cmake/rmwExport-noconfig.cmake
[61.890s] -- Installing: /robofuzz/ros2_foxy/install/rmw/lib/librmw.so
[61.891s] -- Set runtime path of "/robofuzz/ros2_foxy/install/rmw/lib/librmw.so" to ""
[61.900s] Invoked command in '/robofuzz/ros2_foxy/build/rmw' returned '0': AMENT_PREFIX_PATH=/robofuzz/ros2_foxy/install/rosidl_runtime_c:/robofuzz/ros2_foxy/install/rcutils:/robofuzz/ros2_foxy/install/rosidl_typesupport_interface:/robofuzz/ros2_foxy/install/ament_cmake_ros:/robofuzz/ros2_foxy/install/ament_lint_common:/robofuzz/ros2_foxy/install/ament_cmake_xmllint:/robofuzz/ros2_foxy/install/ament_cmake_uncrustify:/robofuzz/ros2_foxy/install/ament_cmake_pep257:/robofuzz/ros2_foxy/install/ament_cmake_flake8:/robofuzz/ros2_foxy/install/ament_cmake_cpplint:/robofuzz/ros2_foxy/install/ament_cmake_cppcheck:/robofuzz/ros2_foxy/install/ament_uncrustify:/robofuzz/ros2_foxy/install/ament_cmake_copyright:/robofuzz/ros2_foxy/install/uncrustify_vendor:/robofuzz/ros2_foxy/install/ament_cmake_lint_cmake:/robofuzz/ros2_foxy/install/ament_cmake_gmock:/robofuzz/ros2_foxy/install/domain_coordinator:/robofuzz/ros2_foxy/install/ament_xmllint:/robofuzz/ros2_foxy/install/ament_lint_cmake:/robofuzz/ros2_foxy/install/ament_lint_auto:/robofuzz/ros2_foxy/install/ament_cpplint:/robofuzz/ros2_foxy/install/ament_cmake_pytest:/robofuzz/ros2_foxy/install/ament_cmake_gtest:/robofuzz/ros2_foxy/install/ament_cmake:/robofuzz/ros2_foxy/install/ament_copyright:/robofuzz/ros2_foxy/install/ament_cmake_test:/robofuzz/ros2_foxy/install/ament_cmake_target_dependencies:/robofuzz/ros2_foxy/install/ament_cmake_export_targets:/robofuzz/ros2_foxy/install/ament_cmake_export_interfaces:/robofuzz/ros2_foxy/install/ament_cmake_export_dependencies:/robofuzz/ros2_foxy/install/ament_pep257:/robofuzz/ros2_foxy/install/ament_cmake_version:/robofuzz/ros2_foxy/install/ament_cmake_python:/robofuzz/ros2_foxy/install/ament_cmake_libraries:/robofuzz/ros2_foxy/install/ament_cmake_include_directories:/robofuzz/ros2_foxy/install/ament_cmake_export_link_flags:/robofuzz/ros2_foxy/install/ament_cmake_export_libraries:/robofuzz/ros2_foxy/install/ament_cmake_export_include_directories:/robofuzz/ros2_foxy/install/ament_cmake_export_definitions:/robofuzz/ros2_foxy/install/ament_flake8:/robofuzz/ros2_foxy/install/ament_cmake_core:/robofuzz/ros2_foxy/install/ament_package:/robofuzz/ros2_foxy/install/ament_lint:/robofuzz/ros2_foxy/install/ament_cppcheck:${AMENT_PREFIX_PATH} CMAKE_PREFIX_PATH=/robofuzz/ros2_foxy/install/rosidl_runtime_c:/robofuzz/ros2_foxy/install/rcutils:/robofuzz/ros2_foxy/install/rosidl_typesupport_interface:/robofuzz/ros2_foxy/install/ament_cmake_ros:/robofuzz/ros2_foxy/install/ament_lint_common:/robofuzz/ros2_foxy/install/ament_cmake_xmllint:/robofuzz/ros2_foxy/install/ament_cmake_uncrustify:/robofuzz/ros2_foxy/install/ament_cmake_pep257:/robofuzz/ros2_foxy/install/ament_cmake_flake8:/robofuzz/ros2_foxy/install/ament_cmake_cpplint:/robofuzz/ros2_foxy/install/ament_cmake_cppcheck:/robofuzz/ros2_foxy/install/ament_cmake_copyright:/robofuzz/ros2_foxy/install/uncrustify_vendor:/robofuzz/ros2_foxy/install/ament_cmake_lint_cmake:/robofuzz/ros2_foxy/install/ament_cmake_gmock:/robofuzz/ros2_foxy/install/ament_lint_auto:/robofuzz/ros2_foxy/install/ament_cmake_pytest:/robofuzz/ros2_foxy/install/ament_cmake_gtest:/robofuzz/ros2_foxy/install/ament_cmake:/robofuzz/ros2_foxy/install/ament_cmake_test:/robofuzz/ros2_foxy/install/ament_cmake_target_dependencies:/robofuzz/ros2_foxy/install/ament_cmake_export_targets:/robofuzz/ros2_foxy/install/ament_cmake_export_interfaces:/robofuzz/ros2_foxy/install/ament_cmake_export_dependencies:/robofuzz/ros2_foxy/install/ament_cmake_version:/robofuzz/ros2_foxy/install/ament_cmake_python:/robofuzz/ros2_foxy/install/ament_cmake_libraries:/robofuzz/ros2_foxy/install/ament_cmake_include_directories:/robofuzz/ros2_foxy/install/ament_cmake_export_link_flags:/robofuzz/ros2_foxy/install/ament_cmake_export_libraries:/robofuzz/ros2_foxy/install/ament_cmake_export_include_directories:/robofuzz/ros2_foxy/install/ament_cmake_export_definitions:/robofuzz/ros2_foxy/install/gmock_vendor:/robofuzz/ros2_foxy/install/ament_cmake_core:/robofuzz/ros2_foxy/install/osrf_testing_tools_cpp:/robofuzz/ros2_foxy/install/gtest_vendor:/robofuzz/targets/moveit2_ws/install/moveit2_tutorials:/robofuzz/targets/moveit2_ws/install/moveit_visual_tools:/robofuzz/targets/moveit2_ws/install/rviz_visual_tools:/robofuzz/targets/turtlebot3_ws/install/turtlebot3:/robofuzz/targets/turtlebot3_ws/install/turtlebot3_simulations:/robofuzz/targets/turtlebot3_ws/install/turtlebot3_bringup:/robofuzz/targets/turtlebot3_ws/install/turtlebot3_node:/robofuzz/targets/turtlebot3_ws/install/turtlebot3_navigation2:/robofuzz/targets/turtlebot3_ws/install/turtlebot3_fake_node:/robofuzz/targets/turtlebot3_ws/install/turtlebot3_msgs:/robofuzz/targets/turtlebot3_ws/install/turtlebot3_gazebo:/robofuzz/targets/turtlebot3_ws/install/turtlebot3_description:/robofuzz/targets/turtlebot3_ws/install/turtlebot3_cartographer:/robofuzz/targets/turtlebot3_ws/install/hls_lfcd_lds_driver:/robofuzz/targets/turtlebot3_ws/install/dynamixel_sdk_examples:/robofuzz/targets/turtlebot3_ws/install/dynamixel_sdk_custom_interfaces:/robofuzz/targets/turtlebot3_ws/install/dynamixel_sdk:/robofuzz/targets/idltest_ws/install/idltest_target:/robofuzz/targets/idltest_ws/install/idltest_msgs:/robofuzz/targets/px4_ros_com_ros2/install/px4_ros_com:/robofuzz/targets/px4_ros_com_ros2/install/px4_msgs:/robofuzz/targets/turtlebot3_ws/install/turtlebot3_teleop:/robofuzz/targets/turtlebot3_ws/install/turtlebot3_example:/opt/ros/foxy LD_LIBRARY_PATH=/robofuzz/ros2_foxy/install/rosidl_runtime_c/lib:/robofuzz/ros2_foxy/install/rcutils/lib:/robofuzz/ros2_foxy/install/osrf_testing_tools_cpp/lib:${LD_LIBRARY_PATH} PATH=/robofuzz/ros2_foxy/install/ament_uncrustify/bin:/robofuzz/ros2_foxy/install/ament_xmllint/bin:/robofuzz/ros2_foxy/install/ament_lint_cmake/bin:/robofuzz/ros2_foxy/install/ament_cpplint/bin:/robofuzz/ros2_foxy/install/ament_copyright/bin:/robofuzz/ros2_foxy/install/ament_pep257/bin:/robofuzz/ros2_foxy/install/ament_flake8/bin:/robofuzz/ros2_foxy/install/ament_cppcheck/bin:${PATH} PKG_CONFIG_PATH=/robofuzz/ros2_foxy/install/gmock_vendor/lib/x86_64-linux-gnu/pkgconfig:/robofuzz/ros2_foxy/install/gmock_vendor/lib/pkgconfig:/robofuzz/ros2_foxy/install/osrf_testing_tools_cpp/lib/x86_64-linux-gnu/pkgconfig:/robofuzz/ros2_foxy/install/osrf_testing_tools_cpp/lib/pkgconfig:/robofuzz/ros2_foxy/install/gtest_vendor/lib/x86_64-linux-gnu/pkgconfig:/robofuzz/ros2_foxy/install/gtest_vendor/lib/pkgconfig PYTHONPATH=/robofuzz/ros2_foxy/install/rcutils/lib/python3.8/site-packages:/robofuzz/ros2_foxy/build/ament_uncrustify:/robofuzz/ros2_foxy/install/ament_uncrustify/lib/python3.8/site-packages:/robofuzz/ros2_foxy/build/domain_coordinator:/robofuzz/ros2_foxy/install/domain_coordinator/lib/python3.8/site-packages:/robofuzz/ros2_foxy/build/ament_xmllint:/robofuzz/ros2_foxy/install/ament_xmllint/lib/python3.8/site-packages:/robofuzz/ros2_foxy/build/ament_lint_cmake:/robofuzz/ros2_foxy/install/ament_lint_cmake/lib/python3.8/site-packages:/robofuzz/ros2_foxy/build/ament_cpplint:/robofuzz/ros2_foxy/install/ament_cpplint/lib/python3.8/site-packages:/robofuzz/ros2_foxy/build/ament_copyright:/robofuzz/ros2_foxy/install/ament_copyright/lib/python3.8/site-packages:/robofuzz/ros2_foxy/install/ament_cmake_test/lib/python3.8/site-packages:/robofuzz/ros2_foxy/build/ament_pep257:/robofuzz/ros2_foxy/install/ament_pep257/lib/python3.8/site-packages:/robofuzz/ros2_foxy/build/ament_flake8:/robofuzz/ros2_foxy/install/ament_flake8/lib/python3.8/site-packages:/robofuzz/ros2_foxy/build/ament_package:/robofuzz/ros2_foxy/install/ament_package/lib/python3.8/site-packages:/robofuzz/ros2_foxy/build/ament_lint:/robofuzz/ros2_foxy/install/ament_lint/lib/python3.8/site-packages:/robofuzz/ros2_foxy/build/ament_cppcheck:/robofuzz/ros2_foxy/install/ament_cppcheck/lib/python3.8/site-packages:${PYTHONPATH} /usr/bin/cmake --install /robofuzz/ros2_foxy/build/rmw
