running develop
running egg_info
creating sensor_msgs_py.egg-info
writing sensor_msgs_py.egg-info/PKG-INFO
writing dependency_links to sensor_msgs_py.egg-info/dependency_links.txt
writing requirements to sensor_msgs_py.egg-info/requires.txt
writing top-level names to sensor_msgs_py.egg-info/top_level.txt
writing manifest file 'sensor_msgs_py.egg-info/SOURCES.txt'
reading manifest file 'sensor_msgs_py.egg-info/SOURCES.txt'
writing manifest file 'sensor_msgs_py.egg-info/SOURCES.txt'
running build_ext
Creating /robofuzz/ros2_foxy/install/sensor_msgs_py/lib/python3.8/site-packages/site.py
Creating /robofuzz/ros2_foxy/install/sensor_msgs_py/lib/python3.8/site-packages/sensor-msgs-py.egg-link (link to .)

Installed /robofuzz/ros2_foxy/build/sensor_msgs_py
running install_data
creating /robofuzz/ros2_foxy/install/sensor_msgs_py/share/ament_index
creating /robofuzz/ros2_foxy/install/sensor_msgs_py/share/ament_index/resource_index
creating /robofuzz/ros2_foxy/install/sensor_msgs_py/share/ament_index/resource_index/packages
copying resource/sensor_msgs_py -> /robofuzz/ros2_foxy/install/sensor_msgs_py/share/ament_index/resource_index/packages
copying package.xml -> /robofuzz/ros2_foxy/install/sensor_msgs_py/share/sensor_msgs_py
