-- The C compiler identification is GNU 9.4.0
-- The CXX compiler identification is GNU 9.4.0
-- Check for working C compiler: /usr/bin/cc
-- Check for working C compiler: /usr/bin/cc -- works
-- Detecting C compiler ABI info
-- Detecting C compiler ABI info - done
-- Detecting C compile features
-- Detecting C compile features - done
-- Check for working CXX compiler: /usr/bin/c++
-- Check for working CXX compiler: /usr/bin/c++ -- works
-- Detecting CXX compiler ABI info
-- Detecting CXX compiler ABI info - done
-- Detecting CXX compile features
-- Detecting CXX compile features - done
-- Found ament_cmake: 0.9.10 (/robofuzz/ros2_foxy/install/ament_cmake/share/ament_cmake/cmake)
-- Found PythonInterp: /usr/bin/python3 (found suitable version "3.8.10", minimum required is "3") 
-- Using PYTHON_EXECUTABLE: /usr/bin/python3
-- Override CMake install command with custom implementation using symlinks instead of copying resources
-- Configuring done
-- Generating done
-- Build files have been written to: /robofuzz/ros2_foxy/build/shared_queues_vendor
[35m[1mScanning dependencies of target ext-concurrentqueue[0m
[  6%] [34m[1mCreating directories for 'ext-concurrentqueue'[0m
[35m[1mScanning dependencies of target ext-singleproducerconsumer[0m
[ 12%] [34m[1mCreating directories for 'ext-singleproducerconsumer'[0m
[ 18%] [34m[1mPerforming download step (download, verify and extract) for 'ext-concurrentqueue'[0m
-- Downloading...
   dst='/robofuzz/ros2_foxy/build/shared_queues_vendor/download/8f65a8734d77c3cc00d74c0532efca872931d3ce.zip'
   timeout='60 seconds'
-- Using src='https://github.com/cameron314/concurrentqueue/archive/8f65a8734d77c3cc00d74c0532efca872931d3ce.zip'
[ 25%] [34m[1mPerforming download step (download, verify and extract) for 'ext-singleproducerconsumer'[0m
-- Downloading...
   dst='/robofuzz/ros2_foxy/build/shared_queues_vendor/download/ef7dfbf553288064347d51b8ac335f1ca489032a.zip'
   timeout='60 seconds'
-- Using src='https://github.com/cameron314/readerwriterqueue/archive/ef7dfbf553288064347d51b8ac335f1ca489032a.zip'
-- [download 0% complete]
-- [download 1% complete]
-- [download 2% complete]
-- [download 3% complete]
-- [download 4% complete]
-- verifying file...
       file='/robofuzz/ros2_foxy/build/shared_queues_vendor/download/ef7dfbf553288064347d51b8ac335f1ca489032a.zip'
-- Downloading... done
-- [download 8% complete]
-- [download 9% complete]
-- [download 10% complete]
-- [download 11% complete]
-- [download 13% complete]
-- [download 14% complete]
-- [download 15% complete]
-- [download 16% complete]
-- [download 17% complete]
-- [download 18% complete]
-- [download 19% complete]
-- [download 20% complete]
-- [download 21% complete]
-- extracting...
     src='/robofuzz/ros2_foxy/build/shared_queues_vendor/download/ef7dfbf553288064347d51b8ac335f1ca489032a.zip'
     dst='/robofuzz/ros2_foxy/build/shared_queues_vendor/singleproducerconsumer/src/ext-singleproducerconsumer'
-- extracting... [tar xfz]
-- [download 23% complete]
-- [download 24% complete]
-- [download 25% complete]
-- [download 27% complete]
-- [download 30% complete]
-- [download 32% complete]
-- [download 33% complete]
-- [download 38% complete]
-- [download 42% complete]
-- [download 43% complete]
-- [download 45% complete]
-- [download 46% complete]
-- [download 47% complete]
-- [download 48% complete]
-- [download 49% complete]
-- [download 50% complete]
-- [download 51% complete]
-- [download 53% complete]
-- [download 55% complete]
-- [download 57% complete]
-- [download 58% complete]
-- [download 63% complete]
-- [download 65% complete]
-- [download 67% complete]
-- [download 72% complete]
-- [download 74% complete]
-- [download 80% complete]
-- [download 85% complete]
-- [download 90% complete]
-- extracting... [analysis]
-- extracting... [rename]
-- extracting... [clean up]
-- [download 96% complete]
-- extracting... done
-- [download 100% complete]
-- verifying file...
       file='/robofuzz/ros2_foxy/build/shared_queues_vendor/download/8f65a8734d77c3cc00d74c0532efca872931d3ce.zip'
-- Downloading... done
[ 31%] [34m[1mNo update step for 'ext-singleproducerconsumer'[0m
[ 37%] [34m[1mNo patch step for 'ext-singleproducerconsumer'[0m
-- extracting...
     src='/robofuzz/ros2_foxy/build/shared_queues_vendor/download/8f65a8734d77c3cc00d74c0532efca872931d3ce.zip'
     dst='/robofuzz/ros2_foxy/build/shared_queues_vendor/concurrentqueue/src/ext-concurrentqueue'
-- extracting... [tar xfz]
[ 43%] [34m[1mNo configure step for 'ext-singleproducerconsumer'[0m
[ 50%] [34m[1mNo build step for 'ext-singleproducerconsumer'[0m
-- extracting... [analysis]
-- extracting... [rename]
-- extracting... [clean up]
-- extracting... done
[ 62%] [34m[1mNo patch step for 'ext-concurrentqueue'[0m
[ 62%] [34m[1mNo update step for 'ext-concurrentqueue'[0m
[ 68%] [34m[1mNo install step for 'ext-singleproducerconsumer'[0m
[ 75%] [34m[1mNo configure step for 'ext-concurrentqueue'[0m
[ 81%] [34m[1mCompleted 'ext-singleproducerconsumer'[0m
[ 81%] Built target ext-singleproducerconsumer
[ 87%] [34m[1mNo build step for 'ext-concurrentqueue'[0m
[ 93%] [34m[1mNo install step for 'ext-concurrentqueue'[0m
[100%] [34m[1mCompleted 'ext-concurrentqueue'[0m
[100%] Built target ext-concurrentqueue
-- Install configuration: ""
-- Execute custom install script
-- Symlinking: /robofuzz/ros2_foxy/install/shared_queues_vendor/include/moodycamel/atomicops.h
-- Symlinking: /robofuzz/ros2_foxy/install/shared_queues_vendor/include/moodycamel/readerwriterqueue.h
-- Symlinking: /robofuzz/ros2_foxy/install/shared_queues_vendor/include/moodycamel/concurrentqueue.h
-- Symlinking: /robofuzz/ros2_foxy/install/shared_queues_vendor/include/moodycamel/blockingconcurrentqueue.h
-- Symlinking: /robofuzz/ros2_foxy/install/shared_queues_vendor/share/ament_index/resource_index/package_run_dependencies/shared_queues_vendor
-- Symlinking: /robofuzz/ros2_foxy/install/shared_queues_vendor/share/ament_index/resource_index/parent_prefix_path/shared_queues_vendor
-- Symlinking: /robofuzz/ros2_foxy/install/shared_queues_vendor/share/shared_queues_vendor/environment/ament_prefix_path.sh
-- Symlinking: /robofuzz/ros2_foxy/install/shared_queues_vendor/share/shared_queues_vendor/environment/ament_prefix_path.dsv
-- Symlinking: /robofuzz/ros2_foxy/install/shared_queues_vendor/share/shared_queues_vendor/environment/path.sh
-- Symlinking: /robofuzz/ros2_foxy/install/shared_queues_vendor/share/shared_queues_vendor/environment/path.dsv
-- Symlinking: /robofuzz/ros2_foxy/install/shared_queues_vendor/share/shared_queues_vendor/local_setup.bash
-- Symlinking: /robofuzz/ros2_foxy/install/shared_queues_vendor/share/shared_queues_vendor/local_setup.sh
-- Symlinking: /robofuzz/ros2_foxy/install/shared_queues_vendor/share/shared_queues_vendor/local_setup.zsh
-- Symlinking: /robofuzz/ros2_foxy/install/shared_queues_vendor/share/shared_queues_vendor/local_setup.dsv
-- Symlinking: /robofuzz/ros2_foxy/install/shared_queues_vendor/share/shared_queues_vendor/package.dsv
-- Symlinking: /robofuzz/ros2_foxy/install/shared_queues_vendor/share/ament_index/resource_index/packages/shared_queues_vendor
-- Symlinking: /robofuzz/ros2_foxy/install/shared_queues_vendor/share/shared_queues_vendor/cmake/ament_cmake_export_include_directories-extras.cmake
-- Symlinking: /robofuzz/ros2_foxy/install/shared_queues_vendor/share/shared_queues_vendor/cmake/ament_cmake_export_targets-extras.cmake
-- Symlinking: /robofuzz/ros2_foxy/install/shared_queues_vendor/share/shared_queues_vendor/cmake/shared_queues_vendorConfig.cmake
-- Symlinking: /robofuzz/ros2_foxy/install/shared_queues_vendor/share/shared_queues_vendor/cmake/shared_queues_vendorConfig-version.cmake
-- Symlinking: /robofuzz/ros2_foxy/install/shared_queues_vendor/share/shared_queues_vendor/package.xml
-- Installing: /robofuzz/ros2_foxy/install/shared_queues_vendor/share/shared_queues_vendor/cmake/export_shared_queues_vendorExport.cmake
