[0.966s] Invoking command in '/robofuzz/ros2_foxy/build/shared_queues_vendor': AMENT_PREFIX_PATH=/robofuzz/ros2_foxy/install/ament_cmake:/robofuzz/ros2_foxy/install/ament_cmake_test:/robofuzz/ros2_foxy/install/ament_cmake_target_dependencies:/robofuzz/ros2_foxy/install/ament_cmake_export_targets:/robofuzz/ros2_foxy/install/ament_cmake_export_interfaces:/robofuzz/ros2_foxy/install/ament_cmake_export_dependencies:/robofuzz/ros2_foxy/install/ament_cmake_version:/robofuzz/ros2_foxy/install/ament_cmake_python:/robofuzz/ros2_foxy/install/ament_cmake_libraries:/robofuzz/ros2_foxy/install/ament_cmake_include_directories:/robofuzz/ros2_foxy/install/ament_cmake_export_link_flags:/robofuzz/ros2_foxy/install/ament_cmake_export_libraries:/robofuzz/ros2_foxy/install/ament_cmake_export_include_directories:/robofuzz/ros2_foxy/install/ament_cmake_export_definitions:/robofuzz/ros2_foxy/install/ament_cmake_core:/robofuzz/ros2_foxy/install/ament_package:${AMENT_PREFIX_PATH} CMAKE_PREFIX_PATH=/robofuzz/ros2_foxy/install/ament_cmake:/robofuzz/ros2_foxy/install/ament_cmake_test:/robofuzz/ros2_foxy/install/ament_cmake_target_dependencies:/robofuzz/ros2_foxy/install/ament_cmake_export_targets:/robofuzz/ros2_foxy/install/ament_cmake_export_interfaces:/robofuzz/ros2_foxy/install/ament_cmake_export_dependencies:/robofuzz/ros2_foxy/install/ament_cmake_version:/robofuzz/ros2_foxy/install/ament_cmake_python:/robofuzz/ros2_foxy/install/ament_cmake_libraries:/robofuzz/ros2_foxy/install/ament_cmake_include_directories:/robofuzz/ros2_foxy/install/ament_cmake_export_link_flags:/robofuzz/ros2_foxy/install/ament_cmake_export_libraries:/robofuzz/ros2_foxy/install/ament_cmake_export_include_directories:/robofuzz/ros2_foxy/install/ament_cmake_export_definitions:/robofuzz/ros2_foxy/install/ament_cmake_core:/robofuzz/targets/moveit2_ws/install/moveit2_tutorials:/robofuzz/targets/moveit2_ws/install/moveit_visual_tools:/robofuzz/targets/moveit2_ws/install/rviz_visual_tools:/robofuzz/targets/turtlebot3_ws/install/turtlebot3:/robofuzz/targets/turtlebot3_ws/install/turtlebot3_simulations:/robofuzz/targets/turtlebot3_ws/install/turtlebot3_bringup:/robofuzz/targets/turtlebot3_ws/install/turtlebot3_node:/robofuzz/targets/turtlebot3_ws/install/turtlebot3_navigation2:/robofuzz/targets/turtlebot3_ws/install/turtlebot3_fake_node:/robofuzz/targets/turtlebot3_ws/install/turtlebot3_msgs:/robofuzz/targets/turtlebot3_ws/install/turtlebot3_gazebo:/robofuzz/targets/turtlebot3_ws/install/turtlebot3_description:/robofuzz/targets/turtlebot3_ws/install/turtlebot3_cartographer:/robofuzz/targets/turtlebot3_ws/install/hls_lfcd_lds_driver:/robofuzz/targets/turtlebot3_ws/install/dynamixel_sdk_examples:/robofuzz/targets/turtlebot3_ws/install/dynamixel_sdk_custom_interfaces:/robofuzz/targets/turtlebot3_ws/install/dynamixel_sdk:/robofuzz/targets/idltest_ws/install/idltest_target:/robofuzz/targets/idltest_ws/install/idltest_msgs:/robofuzz/targets/px4_ros_com_ros2/install/px4_ros_com:/robofuzz/targets/px4_ros_com_ros2/install/px4_msgs:/robofuzz/targets/turtlebot3_ws/install/turtlebot3_teleop:/robofuzz/targets/turtlebot3_ws/install/turtlebot3_example:/opt/ros/foxy PYTHONPATH=/robofuzz/ros2_foxy/install/ament_cmake_test/lib/python3.8/site-packages:/robofuzz/ros2_foxy/build/ament_package:/robofuzz/ros2_foxy/install/ament_package/lib/python3.8/site-packages:${PYTHONPATH} /usr/bin/cmake /robofuzz/ros2_foxy/src/ros2/rosbag2/shared_queues_vendor -DAMENT_CMAKE_SYMLINK_INSTALL=1 -DCMAKE_INSTALL_PREFIX=/robofuzz/ros2_foxy/install/shared_queues_vendor
[1.041s] -- The C compiler identification is GNU 9.4.0
[1.140s] -- The CXX compiler identification is GNU 9.4.0
[1.154s] -- Check for working C compiler: /usr/bin/cc
[1.304s] -- Check for working C compiler: /usr/bin/cc -- works
[1.305s] -- Detecting C compiler ABI info
[1.460s] -- Detecting C compiler ABI info - done
[1.493s] -- Detecting C compile features
[1.494s] -- Detecting C compile features - done
[1.500s] -- Check for working CXX compiler: /usr/bin/c++
[1.690s] -- Check for working CXX compiler: /usr/bin/c++ -- works
[1.690s] -- Detecting CXX compiler ABI info
[1.855s] -- Detecting CXX compiler ABI info - done
[1.884s] -- Detecting CXX compile features
[1.885s] -- Detecting CXX compile features - done
[1.887s] -- Found ament_cmake: 0.9.10 (/robofuzz/ros2_foxy/install/ament_cmake/share/ament_cmake/cmake)
[1.970s] -- Found PythonInterp: /usr/bin/python3 (found suitable version "3.8.10", minimum required is "3") 
[1.970s] -- Using PYTHON_EXECUTABLE: /usr/bin/python3
[2.299s] -- Override CMake install command with custom implementation using symlinks instead of copying resources
[2.550s] -- Configuring done
[2.562s] -- Generating done
[2.565s] -- Build files have been written to: /robofuzz/ros2_foxy/build/shared_queues_vendor
[2.575s] Invoked command in '/robofuzz/ros2_foxy/build/shared_queues_vendor' returned '0': AMENT_PREFIX_PATH=/robofuzz/ros2_foxy/install/ament_cmake:/robofuzz/ros2_foxy/install/ament_cmake_test:/robofuzz/ros2_foxy/install/ament_cmake_target_dependencies:/robofuzz/ros2_foxy/install/ament_cmake_export_targets:/robofuzz/ros2_foxy/install/ament_cmake_export_interfaces:/robofuzz/ros2_foxy/install/ament_cmake_export_dependencies:/robofuzz/ros2_foxy/install/ament_cmake_version:/robofuzz/ros2_foxy/install/ament_cmake_python:/robofuzz/ros2_foxy/install/ament_cmake_libraries:/robofuzz/ros2_foxy/install/ament_cmake_include_directories:/robofuzz/ros2_foxy/install/ament_cmake_export_link_flags:/robofuzz/ros2_foxy/install/ament_cmake_export_libraries:/robofuzz/ros2_foxy/install/ament_cmake_export_include_directories:/robofuzz/ros2_foxy/install/ament_cmake_export_definitions:/robofuzz/ros2_foxy/install/ament_cmake_core:/robofuzz/ros2_foxy/install/ament_package:${AMENT_PREFIX_PATH} CMAKE_PREFIX_PATH=/robofuzz/ros2_foxy/install/ament_cmake:/robofuzz/ros2_foxy/install/ament_cmake_test:/robofuzz/ros2_foxy/install/ament_cmake_target_dependencies:/robofuzz/ros2_foxy/install/ament_cmake_export_targets:/robofuzz/ros2_foxy/install/ament_cmake_export_interfaces:/robofuzz/ros2_foxy/install/ament_cmake_export_dependencies:/robofuzz/ros2_foxy/install/ament_cmake_version:/robofuzz/ros2_foxy/install/ament_cmake_python:/robofuzz/ros2_foxy/install/ament_cmake_libraries:/robofuzz/ros2_foxy/install/ament_cmake_include_directories:/robofuzz/ros2_foxy/install/ament_cmake_export_link_flags:/robofuzz/ros2_foxy/install/ament_cmake_export_libraries:/robofuzz/ros2_foxy/install/ament_cmake_export_include_directories:/robofuzz/ros2_foxy/install/ament_cmake_export_definitions:/robofuzz/ros2_foxy/install/ament_cmake_core:/robofuzz/targets/moveit2_ws/install/moveit2_tutorials:/robofuzz/targets/moveit2_ws/install/moveit_visual_tools:/robofuzz/targets/moveit2_ws/install/rviz_visual_tools:/robofuzz/targets/turtlebot3_ws/install/turtlebot3:/robofuzz/targets/turtlebot3_ws/install/turtlebot3_simulations:/robofuzz/targets/turtlebot3_ws/install/turtlebot3_bringup:/robofuzz/targets/turtlebot3_ws/install/turtlebot3_node:/robofuzz/targets/turtlebot3_ws/install/turtlebot3_navigation2:/robofuzz/targets/turtlebot3_ws/install/turtlebot3_fake_node:/robofuzz/targets/turtlebot3_ws/install/turtlebot3_msgs:/robofuzz/targets/turtlebot3_ws/install/turtlebot3_gazebo:/robofuzz/targets/turtlebot3_ws/install/turtlebot3_description:/robofuzz/targets/turtlebot3_ws/install/turtlebot3_cartographer:/robofuzz/targets/turtlebot3_ws/install/hls_lfcd_lds_driver:/robofuzz/targets/turtlebot3_ws/install/dynamixel_sdk_examples:/robofuzz/targets/turtlebot3_ws/install/dynamixel_sdk_custom_interfaces:/robofuzz/targets/turtlebot3_ws/install/dynamixel_sdk:/robofuzz/targets/idltest_ws/install/idltest_target:/robofuzz/targets/idltest_ws/install/idltest_msgs:/robofuzz/targets/px4_ros_com_ros2/install/px4_ros_com:/robofuzz/targets/px4_ros_com_ros2/install/px4_msgs:/robofuzz/targets/turtlebot3_ws/install/turtlebot3_teleop:/robofuzz/targets/turtlebot3_ws/install/turtlebot3_example:/opt/ros/foxy PYTHONPATH=/robofuzz/ros2_foxy/install/ament_cmake_test/lib/python3.8/site-packages:/robofuzz/ros2_foxy/build/ament_package:/robofuzz/ros2_foxy/install/ament_package/lib/python3.8/site-packages:${PYTHONPATH} /usr/bin/cmake /robofuzz/ros2_foxy/src/ros2/rosbag2/shared_queues_vendor -DAMENT_CMAKE_SYMLINK_INSTALL=1 -DCMAKE_INSTALL_PREFIX=/robofuzz/ros2_foxy/install/shared_queues_vendor
[2.581s] Invoking command in '/robofuzz/ros2_foxy/build/shared_queues_vendor': AMENT_PREFIX_PATH=/robofuzz/ros2_foxy/install/ament_cmake:/robofuzz/ros2_foxy/install/ament_cmake_test:/robofuzz/ros2_foxy/install/ament_cmake_target_dependencies:/robofuzz/ros2_foxy/install/ament_cmake_export_targets:/robofuzz/ros2_foxy/install/ament_cmake_export_interfaces:/robofuzz/ros2_foxy/install/ament_cmake_export_dependencies:/robofuzz/ros2_foxy/install/ament_cmake_version:/robofuzz/ros2_foxy/install/ament_cmake_python:/robofuzz/ros2_foxy/install/ament_cmake_libraries:/robofuzz/ros2_foxy/install/ament_cmake_include_directories:/robofuzz/ros2_foxy/install/ament_cmake_export_link_flags:/robofuzz/ros2_foxy/install/ament_cmake_export_libraries:/robofuzz/ros2_foxy/install/ament_cmake_export_include_directories:/robofuzz/ros2_foxy/install/ament_cmake_export_definitions:/robofuzz/ros2_foxy/install/ament_cmake_core:/robofuzz/ros2_foxy/install/ament_package:${AMENT_PREFIX_PATH} CMAKE_PREFIX_PATH=/robofuzz/ros2_foxy/install/ament_cmake:/robofuzz/ros2_foxy/install/ament_cmake_test:/robofuzz/ros2_foxy/install/ament_cmake_target_dependencies:/robofuzz/ros2_foxy/install/ament_cmake_export_targets:/robofuzz/ros2_foxy/install/ament_cmake_export_interfaces:/robofuzz/ros2_foxy/install/ament_cmake_export_dependencies:/robofuzz/ros2_foxy/install/ament_cmake_version:/robofuzz/ros2_foxy/install/ament_cmake_python:/robofuzz/ros2_foxy/install/ament_cmake_libraries:/robofuzz/ros2_foxy/install/ament_cmake_include_directories:/robofuzz/ros2_foxy/install/ament_cmake_export_link_flags:/robofuzz/ros2_foxy/install/ament_cmake_export_libraries:/robofuzz/ros2_foxy/install/ament_cmake_export_include_directories:/robofuzz/ros2_foxy/install/ament_cmake_export_definitions:/robofuzz/ros2_foxy/install/ament_cmake_core:/robofuzz/targets/moveit2_ws/install/moveit2_tutorials:/robofuzz/targets/moveit2_ws/install/moveit_visual_tools:/robofuzz/targets/moveit2_ws/install/rviz_visual_tools:/robofuzz/targets/turtlebot3_ws/install/turtlebot3:/robofuzz/targets/turtlebot3_ws/install/turtlebot3_simulations:/robofuzz/targets/turtlebot3_ws/install/turtlebot3_bringup:/robofuzz/targets/turtlebot3_ws/install/turtlebot3_node:/robofuzz/targets/turtlebot3_ws/install/turtlebot3_navigation2:/robofuzz/targets/turtlebot3_ws/install/turtlebot3_fake_node:/robofuzz/targets/turtlebot3_ws/install/turtlebot3_msgs:/robofuzz/targets/turtlebot3_ws/install/turtlebot3_gazebo:/robofuzz/targets/turtlebot3_ws/install/turtlebot3_description:/robofuzz/targets/turtlebot3_ws/install/turtlebot3_cartographer:/robofuzz/targets/turtlebot3_ws/install/hls_lfcd_lds_driver:/robofuzz/targets/turtlebot3_ws/install/dynamixel_sdk_examples:/robofuzz/targets/turtlebot3_ws/install/dynamixel_sdk_custom_interfaces:/robofuzz/targets/turtlebot3_ws/install/dynamixel_sdk:/robofuzz/targets/idltest_ws/install/idltest_target:/robofuzz/targets/idltest_ws/install/idltest_msgs:/robofuzz/targets/px4_ros_com_ros2/install/px4_ros_com:/robofuzz/targets/px4_ros_com_ros2/install/px4_msgs:/robofuzz/targets/turtlebot3_ws/install/turtlebot3_teleop:/robofuzz/targets/turtlebot3_ws/install/turtlebot3_example:/opt/ros/foxy PYTHONPATH=/robofuzz/ros2_foxy/install/ament_cmake_test/lib/python3.8/site-packages:/robofuzz/ros2_foxy/build/ament_package:/robofuzz/ros2_foxy/install/ament_package/lib/python3.8/site-packages:${PYTHONPATH} /usr/bin/cmake --build /robofuzz/ros2_foxy/build/shared_queues_vendor -- -j12 -l12
[2.887s] [35m[1mScanning dependencies of target ext-concurrentqueue[0m
[2.887s] [  6%] [34m[1mCreating directories for 'ext-concurrentqueue'[0m
[2.887s] [35m[1mScanning dependencies of target ext-singleproducerconsumer[0m
[2.887s] [ 12%] [34m[1mCreating directories for 'ext-singleproducerconsumer'[0m
[2.887s] [ 18%] [34m[1mPerforming download step (download, verify and extract) for 'ext-concurrentqueue'[0m
[2.908s] -- Downloading...
[2.908s]    dst='/robofuzz/ros2_foxy/build/shared_queues_vendor/download/8f65a8734d77c3cc00d74c0532efca872931d3ce.zip'
[2.908s]    timeout='60 seconds'
[2.908s] -- Using src='https://github.com/cameron314/concurrentqueue/archive/8f65a8734d77c3cc00d74c0532efca872931d3ce.zip'
[3.006s] [ 25%] [34m[1mPerforming download step (download, verify and extract) for 'ext-singleproducerconsumer'[0m
[3.029s] -- Downloading...
[3.029s]    dst='/robofuzz/ros2_foxy/build/shared_queues_vendor/download/ef7dfbf553288064347d51b8ac335f1ca489032a.zip'
[3.030s]    timeout='60 seconds'
[3.031s] -- Using src='https://github.com/cameron314/readerwriterqueue/archive/ef7dfbf553288064347d51b8ac335f1ca489032a.zip'
[3.356s] -- [download 0% complete]
[3.357s] -- [download 1% complete]
[3.383s] -- [download 2% complete]
[3.420s] -- [download 3% complete]
[3.421s] -- [download 4% complete]
[3.457s] -- verifying file...
[3.458s]        file='/robofuzz/ros2_foxy/build/shared_queues_vendor/download/ef7dfbf553288064347d51b8ac335f1ca489032a.zip'
[3.458s] -- Downloading... done
[3.469s] -- [download 8% complete]
[3.479s] -- [download 9% complete]
[3.479s] -- [download 10% complete]
[3.490s] -- [download 11% complete]
[3.490s] -- [download 13% complete]
[3.492s] -- [download 14% complete]
[3.504s] -- [download 15% complete]
[3.504s] -- [download 16% complete]
[3.506s] -- [download 17% complete]
[3.507s] -- [download 18% complete]
[3.507s] -- [download 19% complete]
[3.509s] -- [download 20% complete]
[3.512s] -- [download 21% complete]
[3.515s] -- extracting...
[3.515s]      src='/robofuzz/ros2_foxy/build/shared_queues_vendor/download/ef7dfbf553288064347d51b8ac335f1ca489032a.zip'
[3.519s]      dst='/robofuzz/ros2_foxy/build/shared_queues_vendor/singleproducerconsumer/src/ext-singleproducerconsumer'
[3.525s] -- extracting... [tar xfz]
[3.528s] -- [download 23% complete]
[3.529s] -- [download 24% complete]
[3.530s] -- [download 25% complete]
[3.533s] -- [download 27% complete]
[3.534s] -- [download 30% complete]
[3.535s] -- [download 32% complete]
[3.536s] -- [download 33% complete]
[3.539s] -- [download 38% complete]
[3.542s] -- [download 42% complete]
[3.544s] -- [download 43% complete]
[3.545s] -- [download 45% complete]
[3.546s] -- [download 46% complete]
[3.548s] -- [download 47% complete]
[3.553s] -- [download 48% complete]
[3.555s] -- [download 49% complete]
[3.557s] -- [download 50% complete]
[3.559s] -- [download 51% complete]
[3.561s] -- [download 53% complete]
[3.563s] -- [download 55% complete]
[3.565s] -- [download 57% complete]
[3.568s] -- [download 58% complete]
[3.572s] -- [download 63% complete]
[3.573s] -- [download 65% complete]
[3.575s] -- [download 67% complete]
[3.578s] -- [download 72% complete]
[3.579s] -- [download 74% complete]
[3.582s] -- [download 80% complete]
[3.585s] -- [download 85% complete]
[3.587s] -- [download 90% complete]
[3.589s] -- extracting... [analysis]
[3.589s] -- extracting... [rename]
[3.590s] -- extracting... [clean up]
[3.590s] -- [download 96% complete]
[3.590s] -- extracting... done
[3.591s] -- [download 100% complete]
[3.604s] -- verifying file...
[3.605s]        file='/robofuzz/ros2_foxy/build/shared_queues_vendor/download/8f65a8734d77c3cc00d74c0532efca872931d3ce.zip'
[3.611s] -- Downloading... done
[3.679s] [ 31%] [34m[1mNo update step for 'ext-singleproducerconsumer'[0m
[3.689s] [ 37%] [34m[1mNo patch step for 'ext-singleproducerconsumer'[0m
[3.757s] -- extracting...
[3.757s]      src='/robofuzz/ros2_foxy/build/shared_queues_vendor/download/8f65a8734d77c3cc00d74c0532efca872931d3ce.zip'
[3.758s]      dst='/robofuzz/ros2_foxy/build/shared_queues_vendor/concurrentqueue/src/ext-concurrentqueue'
[3.758s] -- extracting... [tar xfz]
[3.862s] [ 43%] [34m[1mNo configure step for 'ext-singleproducerconsumer'[0m
[4.044s] [ 50%] [34m[1mNo build step for 'ext-singleproducerconsumer'[0m
[4.105s] -- extracting... [analysis]
[4.105s] -- extracting... [rename]
[4.105s] -- extracting... [clean up]
[4.106s] -- extracting... done
[4.241s] [ 62%] [34m[1mNo patch step for 'ext-concurrentqueue'[0m
[4.246s] [ 62%] [34m[1mNo update step for 'ext-concurrentqueue'[0m
[4.263s] [ 68%] [34m[1mNo install step for 'ext-singleproducerconsumer'[0m
[4.446s] [ 75%] [34m[1mNo configure step for 'ext-concurrentqueue'[0m
[4.468s] [ 81%] [34m[1mCompleted 'ext-singleproducerconsumer'[0m
[4.618s] [ 81%] Built target ext-singleproducerconsumer
[4.653s] [ 87%] [34m[1mNo build step for 'ext-concurrentqueue'[0m
[4.809s] [ 93%] [34m[1mNo install step for 'ext-concurrentqueue'[0m
[5.007s] [100%] [34m[1mCompleted 'ext-concurrentqueue'[0m
[5.223s] [100%] Built target ext-concurrentqueue
[6.366s] Invoked command in '/robofuzz/ros2_foxy/build/shared_queues_vendor' returned '0': AMENT_PREFIX_PATH=/robofuzz/ros2_foxy/install/ament_cmake:/robofuzz/ros2_foxy/install/ament_cmake_test:/robofuzz/ros2_foxy/install/ament_cmake_target_dependencies:/robofuzz/ros2_foxy/install/ament_cmake_export_targets:/robofuzz/ros2_foxy/install/ament_cmake_export_interfaces:/robofuzz/ros2_foxy/install/ament_cmake_export_dependencies:/robofuzz/ros2_foxy/install/ament_cmake_version:/robofuzz/ros2_foxy/install/ament_cmake_python:/robofuzz/ros2_foxy/install/ament_cmake_libraries:/robofuzz/ros2_foxy/install/ament_cmake_include_directories:/robofuzz/ros2_foxy/install/ament_cmake_export_link_flags:/robofuzz/ros2_foxy/install/ament_cmake_export_libraries:/robofuzz/ros2_foxy/install/ament_cmake_export_include_directories:/robofuzz/ros2_foxy/install/ament_cmake_export_definitions:/robofuzz/ros2_foxy/install/ament_cmake_core:/robofuzz/ros2_foxy/install/ament_package:${AMENT_PREFIX_PATH} CMAKE_PREFIX_PATH=/robofuzz/ros2_foxy/install/ament_cmake:/robofuzz/ros2_foxy/install/ament_cmake_test:/robofuzz/ros2_foxy/install/ament_cmake_target_dependencies:/robofuzz/ros2_foxy/install/ament_cmake_export_targets:/robofuzz/ros2_foxy/install/ament_cmake_export_interfaces:/robofuzz/ros2_foxy/install/ament_cmake_export_dependencies:/robofuzz/ros2_foxy/install/ament_cmake_version:/robofuzz/ros2_foxy/install/ament_cmake_python:/robofuzz/ros2_foxy/install/ament_cmake_libraries:/robofuzz/ros2_foxy/install/ament_cmake_include_directories:/robofuzz/ros2_foxy/install/ament_cmake_export_link_flags:/robofuzz/ros2_foxy/install/ament_cmake_export_libraries:/robofuzz/ros2_foxy/install/ament_cmake_export_include_directories:/robofuzz/ros2_foxy/install/ament_cmake_export_definitions:/robofuzz/ros2_foxy/install/ament_cmake_core:/robofuzz/targets/moveit2_ws/install/moveit2_tutorials:/robofuzz/targets/moveit2_ws/install/moveit_visual_tools:/robofuzz/targets/moveit2_ws/install/rviz_visual_tools:/robofuzz/targets/turtlebot3_ws/install/turtlebot3:/robofuzz/targets/turtlebot3_ws/install/turtlebot3_simulations:/robofuzz/targets/turtlebot3_ws/install/turtlebot3_bringup:/robofuzz/targets/turtlebot3_ws/install/turtlebot3_node:/robofuzz/targets/turtlebot3_ws/install/turtlebot3_navigation2:/robofuzz/targets/turtlebot3_ws/install/turtlebot3_fake_node:/robofuzz/targets/turtlebot3_ws/install/turtlebot3_msgs:/robofuzz/targets/turtlebot3_ws/install/turtlebot3_gazebo:/robofuzz/targets/turtlebot3_ws/install/turtlebot3_description:/robofuzz/targets/turtlebot3_ws/install/turtlebot3_cartographer:/robofuzz/targets/turtlebot3_ws/install/hls_lfcd_lds_driver:/robofuzz/targets/turtlebot3_ws/install/dynamixel_sdk_examples:/robofuzz/targets/turtlebot3_ws/install/dynamixel_sdk_custom_interfaces:/robofuzz/targets/turtlebot3_ws/install/dynamixel_sdk:/robofuzz/targets/idltest_ws/install/idltest_target:/robofuzz/targets/idltest_ws/install/idltest_msgs:/robofuzz/targets/px4_ros_com_ros2/install/px4_ros_com:/robofuzz/targets/px4_ros_com_ros2/install/px4_msgs:/robofuzz/targets/turtlebot3_ws/install/turtlebot3_teleop:/robofuzz/targets/turtlebot3_ws/install/turtlebot3_example:/opt/ros/foxy PYTHONPATH=/robofuzz/ros2_foxy/install/ament_cmake_test/lib/python3.8/site-packages:/robofuzz/ros2_foxy/build/ament_package:/robofuzz/ros2_foxy/install/ament_package/lib/python3.8/site-packages:${PYTHONPATH} /usr/bin/cmake --build /robofuzz/ros2_foxy/build/shared_queues_vendor -- -j12 -l12
[9.000s] Invoking command in '/robofuzz/ros2_foxy/build/shared_queues_vendor': AMENT_PREFIX_PATH=/robofuzz/ros2_foxy/install/ament_cmake:/robofuzz/ros2_foxy/install/ament_cmake_test:/robofuzz/ros2_foxy/install/ament_cmake_target_dependencies:/robofuzz/ros2_foxy/install/ament_cmake_export_targets:/robofuzz/ros2_foxy/install/ament_cmake_export_interfaces:/robofuzz/ros2_foxy/install/ament_cmake_export_dependencies:/robofuzz/ros2_foxy/install/ament_cmake_version:/robofuzz/ros2_foxy/install/ament_cmake_python:/robofuzz/ros2_foxy/install/ament_cmake_libraries:/robofuzz/ros2_foxy/install/ament_cmake_include_directories:/robofuzz/ros2_foxy/install/ament_cmake_export_link_flags:/robofuzz/ros2_foxy/install/ament_cmake_export_libraries:/robofuzz/ros2_foxy/install/ament_cmake_export_include_directories:/robofuzz/ros2_foxy/install/ament_cmake_export_definitions:/robofuzz/ros2_foxy/install/ament_cmake_core:/robofuzz/ros2_foxy/install/ament_package:${AMENT_PREFIX_PATH} CMAKE_PREFIX_PATH=/robofuzz/ros2_foxy/install/ament_cmake:/robofuzz/ros2_foxy/install/ament_cmake_test:/robofuzz/ros2_foxy/install/ament_cmake_target_dependencies:/robofuzz/ros2_foxy/install/ament_cmake_export_targets:/robofuzz/ros2_foxy/install/ament_cmake_export_interfaces:/robofuzz/ros2_foxy/install/ament_cmake_export_dependencies:/robofuzz/ros2_foxy/install/ament_cmake_version:/robofuzz/ros2_foxy/install/ament_cmake_python:/robofuzz/ros2_foxy/install/ament_cmake_libraries:/robofuzz/ros2_foxy/install/ament_cmake_include_directories:/robofuzz/ros2_foxy/install/ament_cmake_export_link_flags:/robofuzz/ros2_foxy/install/ament_cmake_export_libraries:/robofuzz/ros2_foxy/install/ament_cmake_export_include_directories:/robofuzz/ros2_foxy/install/ament_cmake_export_definitions:/robofuzz/ros2_foxy/install/ament_cmake_core:/robofuzz/targets/moveit2_ws/install/moveit2_tutorials:/robofuzz/targets/moveit2_ws/install/moveit_visual_tools:/robofuzz/targets/moveit2_ws/install/rviz_visual_tools:/robofuzz/targets/turtlebot3_ws/install/turtlebot3:/robofuzz/targets/turtlebot3_ws/install/turtlebot3_simulations:/robofuzz/targets/turtlebot3_ws/install/turtlebot3_bringup:/robofuzz/targets/turtlebot3_ws/install/turtlebot3_node:/robofuzz/targets/turtlebot3_ws/install/turtlebot3_navigation2:/robofuzz/targets/turtlebot3_ws/install/turtlebot3_fake_node:/robofuzz/targets/turtlebot3_ws/install/turtlebot3_msgs:/robofuzz/targets/turtlebot3_ws/install/turtlebot3_gazebo:/robofuzz/targets/turtlebot3_ws/install/turtlebot3_description:/robofuzz/targets/turtlebot3_ws/install/turtlebot3_cartographer:/robofuzz/targets/turtlebot3_ws/install/hls_lfcd_lds_driver:/robofuzz/targets/turtlebot3_ws/install/dynamixel_sdk_examples:/robofuzz/targets/turtlebot3_ws/install/dynamixel_sdk_custom_interfaces:/robofuzz/targets/turtlebot3_ws/install/dynamixel_sdk:/robofuzz/targets/idltest_ws/install/idltest_target:/robofuzz/targets/idltest_ws/install/idltest_msgs:/robofuzz/targets/px4_ros_com_ros2/install/px4_ros_com:/robofuzz/targets/px4_ros_com_ros2/install/px4_msgs:/robofuzz/targets/turtlebot3_ws/install/turtlebot3_teleop:/robofuzz/targets/turtlebot3_ws/install/turtlebot3_example:/opt/ros/foxy PYTHONPATH=/robofuzz/ros2_foxy/install/ament_cmake_test/lib/python3.8/site-packages:/robofuzz/ros2_foxy/build/ament_package:/robofuzz/ros2_foxy/install/ament_package/lib/python3.8/site-packages:${PYTHONPATH} /usr/bin/cmake --install /robofuzz/ros2_foxy/build/shared_queues_vendor
[9.096s] -- Install configuration: ""
[9.096s] -- Execute custom install script
[9.097s] -- Symlinking: /robofuzz/ros2_foxy/install/shared_queues_vendor/include/moodycamel/atomicops.h
[9.098s] -- Symlinking: /robofuzz/ros2_foxy/install/shared_queues_vendor/include/moodycamel/readerwriterqueue.h
[9.098s] -- Symlinking: /robofuzz/ros2_foxy/install/shared_queues_vendor/include/moodycamel/concurrentqueue.h
[9.098s] -- Symlinking: /robofuzz/ros2_foxy/install/shared_queues_vendor/include/moodycamel/blockingconcurrentqueue.h
[9.098s] -- Symlinking: /robofuzz/ros2_foxy/install/shared_queues_vendor/share/ament_index/resource_index/package_run_dependencies/shared_queues_vendor
[9.106s] -- Symlinking: /robofuzz/ros2_foxy/install/shared_queues_vendor/share/ament_index/resource_index/parent_prefix_path/shared_queues_vendor
[9.130s] -- Symlinking: /robofuzz/ros2_foxy/install/shared_queues_vendor/share/shared_queues_vendor/environment/ament_prefix_path.sh
[9.151s] -- Symlinking: /robofuzz/ros2_foxy/install/shared_queues_vendor/share/shared_queues_vendor/environment/ament_prefix_path.dsv
[9.172s] -- Symlinking: /robofuzz/ros2_foxy/install/shared_queues_vendor/share/shared_queues_vendor/environment/path.sh
[9.195s] -- Symlinking: /robofuzz/ros2_foxy/install/shared_queues_vendor/share/shared_queues_vendor/environment/path.dsv
[9.218s] -- Symlinking: /robofuzz/ros2_foxy/install/shared_queues_vendor/share/shared_queues_vendor/local_setup.bash
[9.240s] -- Symlinking: /robofuzz/ros2_foxy/install/shared_queues_vendor/share/shared_queues_vendor/local_setup.sh
[9.262s] -- Symlinking: /robofuzz/ros2_foxy/install/shared_queues_vendor/share/shared_queues_vendor/local_setup.zsh
[9.278s] -- Symlinking: /robofuzz/ros2_foxy/install/shared_queues_vendor/share/shared_queues_vendor/local_setup.dsv
[9.293s] -- Symlinking: /robofuzz/ros2_foxy/install/shared_queues_vendor/share/shared_queues_vendor/package.dsv
[9.313s] -- Symlinking: /robofuzz/ros2_foxy/install/shared_queues_vendor/share/ament_index/resource_index/packages/shared_queues_vendor
[9.335s] -- Symlinking: /robofuzz/ros2_foxy/install/shared_queues_vendor/share/shared_queues_vendor/cmake/ament_cmake_export_include_directories-extras.cmake
[9.352s] -- Symlinking: /robofuzz/ros2_foxy/install/shared_queues_vendor/share/shared_queues_vendor/cmake/ament_cmake_export_targets-extras.cmake
[9.371s] -- Symlinking: /robofuzz/ros2_foxy/install/shared_queues_vendor/share/shared_queues_vendor/cmake/shared_queues_vendorConfig.cmake
[9.392s] -- Symlinking: /robofuzz/ros2_foxy/install/shared_queues_vendor/share/shared_queues_vendor/cmake/shared_queues_vendorConfig-version.cmake
[9.412s] -- Symlinking: /robofuzz/ros2_foxy/install/shared_queues_vendor/share/shared_queues_vendor/package.xml
[9.433s] -- Installing: /robofuzz/ros2_foxy/install/shared_queues_vendor/share/shared_queues_vendor/cmake/export_shared_queues_vendorExport.cmake
[9.854s] Invoked command in '/robofuzz/ros2_foxy/build/shared_queues_vendor' returned '0': AMENT_PREFIX_PATH=/robofuzz/ros2_foxy/install/ament_cmake:/robofuzz/ros2_foxy/install/ament_cmake_test:/robofuzz/ros2_foxy/install/ament_cmake_target_dependencies:/robofuzz/ros2_foxy/install/ament_cmake_export_targets:/robofuzz/ros2_foxy/install/ament_cmake_export_interfaces:/robofuzz/ros2_foxy/install/ament_cmake_export_dependencies:/robofuzz/ros2_foxy/install/ament_cmake_version:/robofuzz/ros2_foxy/install/ament_cmake_python:/robofuzz/ros2_foxy/install/ament_cmake_libraries:/robofuzz/ros2_foxy/install/ament_cmake_include_directories:/robofuzz/ros2_foxy/install/ament_cmake_export_link_flags:/robofuzz/ros2_foxy/install/ament_cmake_export_libraries:/robofuzz/ros2_foxy/install/ament_cmake_export_include_directories:/robofuzz/ros2_foxy/install/ament_cmake_export_definitions:/robofuzz/ros2_foxy/install/ament_cmake_core:/robofuzz/ros2_foxy/install/ament_package:${AMENT_PREFIX_PATH} CMAKE_PREFIX_PATH=/robofuzz/ros2_foxy/install/ament_cmake:/robofuzz/ros2_foxy/install/ament_cmake_test:/robofuzz/ros2_foxy/install/ament_cmake_target_dependencies:/robofuzz/ros2_foxy/install/ament_cmake_export_targets:/robofuzz/ros2_foxy/install/ament_cmake_export_interfaces:/robofuzz/ros2_foxy/install/ament_cmake_export_dependencies:/robofuzz/ros2_foxy/install/ament_cmake_version:/robofuzz/ros2_foxy/install/ament_cmake_python:/robofuzz/ros2_foxy/install/ament_cmake_libraries:/robofuzz/ros2_foxy/install/ament_cmake_include_directories:/robofuzz/ros2_foxy/install/ament_cmake_export_link_flags:/robofuzz/ros2_foxy/install/ament_cmake_export_libraries:/robofuzz/ros2_foxy/install/ament_cmake_export_include_directories:/robofuzz/ros2_foxy/install/ament_cmake_export_definitions:/robofuzz/ros2_foxy/install/ament_cmake_core:/robofuzz/targets/moveit2_ws/install/moveit2_tutorials:/robofuzz/targets/moveit2_ws/install/moveit_visual_tools:/robofuzz/targets/moveit2_ws/install/rviz_visual_tools:/robofuzz/targets/turtlebot3_ws/install/turtlebot3:/robofuzz/targets/turtlebot3_ws/install/turtlebot3_simulations:/robofuzz/targets/turtlebot3_ws/install/turtlebot3_bringup:/robofuzz/targets/turtlebot3_ws/install/turtlebot3_node:/robofuzz/targets/turtlebot3_ws/install/turtlebot3_navigation2:/robofuzz/targets/turtlebot3_ws/install/turtlebot3_fake_node:/robofuzz/targets/turtlebot3_ws/install/turtlebot3_msgs:/robofuzz/targets/turtlebot3_ws/install/turtlebot3_gazebo:/robofuzz/targets/turtlebot3_ws/install/turtlebot3_description:/robofuzz/targets/turtlebot3_ws/install/turtlebot3_cartographer:/robofuzz/targets/turtlebot3_ws/install/hls_lfcd_lds_driver:/robofuzz/targets/turtlebot3_ws/install/dynamixel_sdk_examples:/robofuzz/targets/turtlebot3_ws/install/dynamixel_sdk_custom_interfaces:/robofuzz/targets/turtlebot3_ws/install/dynamixel_sdk:/robofuzz/targets/idltest_ws/install/idltest_target:/robofuzz/targets/idltest_ws/install/idltest_msgs:/robofuzz/targets/px4_ros_com_ros2/install/px4_ros_com:/robofuzz/targets/px4_ros_com_ros2/install/px4_msgs:/robofuzz/targets/turtlebot3_ws/install/turtlebot3_teleop:/robofuzz/targets/turtlebot3_ws/install/turtlebot3_example:/opt/ros/foxy PYTHONPATH=/robofuzz/ros2_foxy/install/ament_cmake_test/lib/python3.8/site-packages:/robofuzz/ros2_foxy/build/ament_package:/robofuzz/ros2_foxy/install/ament_package/lib/python3.8/site-packages:${PYTHONPATH} /usr/bin/cmake --install /robofuzz/ros2_foxy/build/shared_queues_vendor
