-- The C compiler identification is GNU 9.4.0
-- The CXX compiler identification is GNU 9.4.0
-- Check for working C compiler: /usr/bin/cc
-- Check for working C compiler: /usr/bin/cc -- works
-- Detecting C compiler ABI info
-- Detecting C compiler ABI info - done
-- Detecting C compile features
-- Detecting C compile features - done
-- Check for working CXX compiler: /usr/bin/c++
-- Check for working CXX compiler: /usr/bin/c++ -- works
-- Detecting CXX compiler ABI info
-- Detecting CXX compiler ABI info - done
-- Detecting CXX compile features
-- Detecting CXX compile features - done
-- Found ament_cmake: 0.9.10 (/robofuzz/ros2_foxy/install/ament_cmake/share/ament_cmake/cmake)
-- Found PythonInterp: /usr/bin/python3 (found suitable version "3.8.10", minimum required is "3") 
-- Using PYTHON_EXECUTABLE: /usr/bin/python3
-- Override CMake install command with custom implementation using symlinks instead of copying resources
-- Found ament_cmake_pytest: 0.9.10 (/robofuzz/ros2_foxy/install/ament_cmake_pytest/share/ament_cmake_pytest/cmake)
-- Found ament_lint_auto: 0.9.7 (/robofuzz/ros2_foxy/install/ament_lint_auto/share/ament_lint_auto/cmake)
-- Added test 'flake8' to check Python code syntax and style conventions
-- Added test 'lint_cmake' to check CMake code style
-- Added test 'pep257' to check Python code against some of the style conventions in PEP 257
-- Added test 'xmllint' to check XML markup files
-- Configuring done
-- Generating done
-- Build files have been written to: /robofuzz/ros2_foxy/build/qt_dotgraph
-- Install configuration: ""
-- Execute custom install script
-- Symlinking: /robofuzz/ros2_foxy/install/qt_dotgraph/share/qt_dotgraph/environment/pythonpath.sh
-- Symlinking: /robofuzz/ros2_foxy/install/qt_dotgraph/share/qt_dotgraph/environment/pythonpath.dsv
-- Symlinking: /robofuzz/ros2_foxy/install/qt_dotgraph/lib/python3.8/site-packages/qt_dotgraph/__init__.py
-- Symlinking: /robofuzz/ros2_foxy/install/qt_dotgraph/lib/python3.8/site-packages/qt_dotgraph/colors.py
-- Symlinking: /robofuzz/ros2_foxy/install/qt_dotgraph/lib/python3.8/site-packages/qt_dotgraph/dot_shapes.py
-- Symlinking: /robofuzz/ros2_foxy/install/qt_dotgraph/lib/python3.8/site-packages/qt_dotgraph/dot_to_qt.py
-- Symlinking: /robofuzz/ros2_foxy/install/qt_dotgraph/lib/python3.8/site-packages/qt_dotgraph/edge_item.py
-- Symlinking: /robofuzz/ros2_foxy/install/qt_dotgraph/lib/python3.8/site-packages/qt_dotgraph/graph_item.py
-- Symlinking: /robofuzz/ros2_foxy/install/qt_dotgraph/lib/python3.8/site-packages/qt_dotgraph/node_item.py
-- Symlinking: /robofuzz/ros2_foxy/install/qt_dotgraph/lib/python3.8/site-packages/qt_dotgraph/pydotfactory.py
-- Symlinking: /robofuzz/ros2_foxy/install/qt_dotgraph/lib/python3.8/site-packages/qt_dotgraph/pygraphvizfactory.py
-- Symlinking: /robofuzz/ros2_foxy/install/qt_dotgraph/share/ament_index/resource_index/package_run_dependencies/qt_dotgraph
-- Symlinking: /robofuzz/ros2_foxy/install/qt_dotgraph/share/ament_index/resource_index/parent_prefix_path/qt_dotgraph
-- Symlinking: /robofuzz/ros2_foxy/install/qt_dotgraph/share/qt_dotgraph/environment/ament_prefix_path.sh
-- Symlinking: /robofuzz/ros2_foxy/install/qt_dotgraph/share/qt_dotgraph/environment/ament_prefix_path.dsv
-- Symlinking: /robofuzz/ros2_foxy/install/qt_dotgraph/share/qt_dotgraph/environment/path.sh
-- Symlinking: /robofuzz/ros2_foxy/install/qt_dotgraph/share/qt_dotgraph/environment/path.dsv
-- Symlinking: /robofuzz/ros2_foxy/install/qt_dotgraph/share/qt_dotgraph/local_setup.bash
-- Symlinking: /robofuzz/ros2_foxy/install/qt_dotgraph/share/qt_dotgraph/local_setup.sh
-- Symlinking: /robofuzz/ros2_foxy/install/qt_dotgraph/share/qt_dotgraph/local_setup.zsh
-- Symlinking: /robofuzz/ros2_foxy/install/qt_dotgraph/share/qt_dotgraph/local_setup.dsv
-- Symlinking: /robofuzz/ros2_foxy/install/qt_dotgraph/share/qt_dotgraph/package.dsv
-- Symlinking: /robofuzz/ros2_foxy/install/qt_dotgraph/share/ament_index/resource_index/packages/qt_dotgraph
-- Symlinking: /robofuzz/ros2_foxy/install/qt_dotgraph/share/qt_dotgraph/cmake/qt_dotgraphConfig.cmake
-- Symlinking: /robofuzz/ros2_foxy/install/qt_dotgraph/share/qt_dotgraph/cmake/qt_dotgraphConfig-version.cmake
-- Symlinking: /robofuzz/ros2_foxy/install/qt_dotgraph/share/qt_dotgraph/package.xml
Listing '/robofuzz/ros2_foxy/install/qt_dotgraph/lib/python3.8/site-packages/qt_dotgraph'...
Compiling '/robofuzz/ros2_foxy/install/qt_dotgraph/lib/python3.8/site-packages/qt_dotgraph/__init__.py'...
Compiling '/robofuzz/ros2_foxy/install/qt_dotgraph/lib/python3.8/site-packages/qt_dotgraph/colors.py'...
Compiling '/robofuzz/ros2_foxy/install/qt_dotgraph/lib/python3.8/site-packages/qt_dotgraph/dot_shapes.py'...
Compiling '/robofuzz/ros2_foxy/install/qt_dotgraph/lib/python3.8/site-packages/qt_dotgraph/dot_to_qt.py'...
Compiling '/robofuzz/ros2_foxy/install/qt_dotgraph/lib/python3.8/site-packages/qt_dotgraph/edge_item.py'...
Compiling '/robofuzz/ros2_foxy/install/qt_dotgraph/lib/python3.8/site-packages/qt_dotgraph/graph_item.py'...
Compiling '/robofuzz/ros2_foxy/install/qt_dotgraph/lib/python3.8/site-packages/qt_dotgraph/node_item.py'...
Compiling '/robofuzz/ros2_foxy/install/qt_dotgraph/lib/python3.8/site-packages/qt_dotgraph/pydotfactory.py'...
Compiling '/robofuzz/ros2_foxy/install/qt_dotgraph/lib/python3.8/site-packages/qt_dotgraph/pygraphvizfactory.py'...
