-- The C compiler identification is GNU 9.4.0
-- The CXX compiler identification is GNU 9.4.0
-- Check for working C compiler: /usr/bin/cc
-- Check for working C compiler: /usr/bin/cc -- works
-- Detecting C compiler ABI info
-- Detecting C compiler ABI info - done
-- Detecting C compile features
-- Detecting C compile features - done
-- Check for working CXX compiler: /usr/bin/c++
-- Check for working CXX compiler: /usr/bin/c++ -- works
-- Detecting CXX compiler ABI info
-- Detecting CXX compiler ABI info - done
-- Detecting CXX compile features
-- Detecting CXX compile features - done
-- Found ament_cmake: 0.9.10 (/robofuzz/ros2_foxy/install/ament_cmake/share/ament_cmake/cmake)
-- Found PythonInterp: /usr/bin/python3 (found suitable version "3.8.10", minimum required is "3") 
-- Using PYTHON_EXECUTABLE: /usr/bin/python3
-- Override CMake install command with custom implementation using symlinks instead of copying resources
-- Found eigen3_cmake_module: 0.1.1 (/robofuzz/ros2_foxy/install/eigen3_cmake_module/share/eigen3_cmake_module/cmake)
-- Found Eigen3: TRUE (found version "3.3.7") 
-- Found tf2: 0.13.13 (/robofuzz/ros2_foxy/install/tf2/share/tf2/cmake)
-- Using all available rosidl_typesupport_c: rosidl_typesupport_fastrtps_c;rosidl_typesupport_introspection_c
-- Found rosidl_adapter: 1.2.1 (/robofuzz/ros2_foxy/install/rosidl_adapter/share/rosidl_adapter/cmake)
-- Found OpenSSL: /usr/lib/x86_64-linux-gnu/libcrypto.so (found version "1.1.1f")  
-- Found FastRTPS: /robofuzz/ros2_foxy/install/fastrtps/include  
-- Using all available rosidl_typesupport_cpp: rosidl_typesupport_introspection_cpp;rosidl_typesupport_fastrtps_cpp
-- Found ament_lint_auto: 0.9.7 (/robofuzz/ros2_foxy/install/ament_lint_auto/share/ament_lint_auto/cmake)
-- Found gtest sources under '/robofuzz/ros2_foxy/install/gtest_vendor/src/gtest_vendor': C++ tests using 'Google Test' will be built
-- Looking for pthread.h
-- Looking for pthread.h - found
-- Performing Test CMAKE_HAVE_LIBC_PTHREAD
-- Performing Test CMAKE_HAVE_LIBC_PTHREAD - Failed
-- Check if compiler accepts -pthread
-- Check if compiler accepts -pthread - yes
-- Found Threads: TRUE  
-- Added test 'copyright' to check source files copyright and LICENSE
-- Added test 'cppcheck' to perform static code analysis on C / C++ code
-- Configured cppcheck include dirs: $<BUILD_INTERFACE:/robofuzz/ros2_foxy/src/ros2/geometry2/tf2_eigen_kdl/include>
-- Configured cppcheck exclude dirs and/or files: 
-- Added test 'cpplint' to check C / C++ code against the Google style
-- Configured cpplint exclude dirs and/or files: 
-- Added test 'lint_cmake' to check CMake code style
-- Added test 'uncrustify' to check C / C++ code style
-- Configured uncrustify additional arguments: 
-- Added test 'xmllint' to check XML markup files
-- Configuring done
-- Generating done
-- Build files have been written to: /robofuzz/ros2_foxy/build/tf2_eigen_kdl
[35m[1mScanning dependencies of target tf2_eigen_kdl[0m
[ 12%] [32mBuilding CXX object CMakeFiles/tf2_eigen_kdl.dir/src/tf2_eigen_kdl.cpp.o[0m
[ 25%] [32m[1mLinking CXX shared library libtf2_eigen_kdl.so[0m
[ 25%] Built target tf2_eigen_kdl
[35m[1mScanning dependencies of target gtest[0m
[ 37%] [32mBuilding CXX object gtest/CMakeFiles/gtest.dir/src/gtest-all.cc.o[0m
[ 50%] [32m[1mLinking CXX static library libgtest.a[0m
[ 50%] Built target gtest
[35m[1mScanning dependencies of target gtest_main[0m
[ 62%] [32mBuilding CXX object gtest/CMakeFiles/gtest_main.dir/src/gtest_main.cc.o[0m
[ 75%] [32m[1mLinking CXX static library libgtest_main.a[0m
[ 75%] Built target gtest_main
[35m[1mScanning dependencies of target tf2_eigen_kdl_test[0m
[ 87%] [32mBuilding CXX object CMakeFiles/tf2_eigen_kdl_test.dir/test/tf2_eigen_kdl_test.cpp.o[0m
[100%] [32m[1mLinking CXX executable tf2_eigen_kdl_test[0m
[100%] Built target tf2_eigen_kdl_test
-- Install configuration: ""
-- Execute custom install script
-- Symlinking: /robofuzz/ros2_foxy/install/tf2_eigen_kdl/include/tf2_eigen_kdl/tf2_eigen_kdl.hpp
-- Symlinking: /robofuzz/ros2_foxy/install/tf2_eigen_kdl/include/tf2_eigen_kdl/visibility_control.h
-- Symlinking: /robofuzz/ros2_foxy/install/tf2_eigen_kdl/share/tf2_eigen_kdl/environment/library_path.sh
-- Symlinking: /robofuzz/ros2_foxy/install/tf2_eigen_kdl/share/tf2_eigen_kdl/environment/library_path.dsv
-- Symlinking: /robofuzz/ros2_foxy/install/tf2_eigen_kdl/share/ament_index/resource_index/package_run_dependencies/tf2_eigen_kdl
-- Symlinking: /robofuzz/ros2_foxy/install/tf2_eigen_kdl/share/ament_index/resource_index/parent_prefix_path/tf2_eigen_kdl
-- Symlinking: /robofuzz/ros2_foxy/install/tf2_eigen_kdl/share/tf2_eigen_kdl/environment/ament_prefix_path.sh
-- Symlinking: /robofuzz/ros2_foxy/install/tf2_eigen_kdl/share/tf2_eigen_kdl/environment/ament_prefix_path.dsv
-- Symlinking: /robofuzz/ros2_foxy/install/tf2_eigen_kdl/share/tf2_eigen_kdl/environment/path.sh
-- Symlinking: /robofuzz/ros2_foxy/install/tf2_eigen_kdl/share/tf2_eigen_kdl/environment/path.dsv
-- Symlinking: /robofuzz/ros2_foxy/install/tf2_eigen_kdl/share/tf2_eigen_kdl/local_setup.bash
-- Symlinking: /robofuzz/ros2_foxy/install/tf2_eigen_kdl/share/tf2_eigen_kdl/local_setup.sh
-- Symlinking: /robofuzz/ros2_foxy/install/tf2_eigen_kdl/share/tf2_eigen_kdl/local_setup.zsh
-- Symlinking: /robofuzz/ros2_foxy/install/tf2_eigen_kdl/share/tf2_eigen_kdl/local_setup.dsv
-- Symlinking: /robofuzz/ros2_foxy/install/tf2_eigen_kdl/share/tf2_eigen_kdl/package.dsv
-- Symlinking: /robofuzz/ros2_foxy/install/tf2_eigen_kdl/share/ament_index/resource_index/packages/tf2_eigen_kdl
-- Symlinking: /robofuzz/ros2_foxy/install/tf2_eigen_kdl/share/tf2_eigen_kdl/cmake/ament_cmake_export_include_directories-extras.cmake
-- Symlinking: /robofuzz/ros2_foxy/install/tf2_eigen_kdl/share/tf2_eigen_kdl/cmake/ament_cmake_export_dependencies-extras.cmake
-- Symlinking: /robofuzz/ros2_foxy/install/tf2_eigen_kdl/share/tf2_eigen_kdl/cmake/ament_cmake_export_libraries-extras.cmake
-- Symlinking: /robofuzz/ros2_foxy/install/tf2_eigen_kdl/share/tf2_eigen_kdl/cmake/ament_cmake_export_targets-extras.cmake
-- Symlinking: /robofuzz/ros2_foxy/install/tf2_eigen_kdl/share/tf2_eigen_kdl/cmake/tf2_eigen_kdlConfig.cmake
-- Symlinking: /robofuzz/ros2_foxy/install/tf2_eigen_kdl/share/tf2_eigen_kdl/cmake/tf2_eigen_kdlConfig-version.cmake
-- Symlinking: /robofuzz/ros2_foxy/install/tf2_eigen_kdl/share/tf2_eigen_kdl/package.xml
-- Installing: /robofuzz/ros2_foxy/install/tf2_eigen_kdl/lib/libtf2_eigen_kdl.so
-- Set runtime path of "/robofuzz/ros2_foxy/install/tf2_eigen_kdl/lib/libtf2_eigen_kdl.so" to ""
-- Installing: /robofuzz/ros2_foxy/install/tf2_eigen_kdl/share/tf2_eigen_kdl/cmake/tf2_eigen_kdlExport.cmake
-- Installing: /robofuzz/ros2_foxy/install/tf2_eigen_kdl/share/tf2_eigen_kdl/cmake/tf2_eigen_kdlExport-noconfig.cmake
