-- Found ament_cmake_core: 0.9.10 (/robofuzz/ros2_foxy/install/ament_cmake_core/share/ament_cmake_core/cmake)
-- Found PythonInterp: /usr/bin/python3 (found suitable version "3.8.10", minimum required is "3") 
-- Using PYTHON_EXECUTABLE: /usr/bin/python3
-- Override CMake install command with custom implementation using symlinks instead of copying resources
-- Configuring done
-- Generating done
-- Build files have been written to: /robofuzz/ros2_foxy/build/ament_lint_auto
-- Install configuration: ""
-- Execute custom install script
-- Symlinking: /robofuzz/ros2_foxy/install/ament_lint_auto/share/ament_index/resource_index/package_run_dependencies/ament_lint_auto
-- Symlinking: /robofuzz/ros2_foxy/install/ament_lint_auto/share/ament_index/resource_index/parent_prefix_path/ament_lint_auto
-- Symlinking: /robofuzz/ros2_foxy/install/ament_lint_auto/share/ament_lint_auto/environment/ament_prefix_path.sh
-- Symlinking: /robofuzz/ros2_foxy/install/ament_lint_auto/share/ament_lint_auto/environment/ament_prefix_path.dsv
-- Symlinking: /robofuzz/ros2_foxy/install/ament_lint_auto/share/ament_lint_auto/environment/path.sh
-- Symlinking: /robofuzz/ros2_foxy/install/ament_lint_auto/share/ament_lint_auto/environment/path.dsv
-- Symlinking: /robofuzz/ros2_foxy/install/ament_lint_auto/share/ament_lint_auto/local_setup.bash
-- Symlinking: /robofuzz/ros2_foxy/install/ament_lint_auto/share/ament_lint_auto/local_setup.sh
-- Symlinking: /robofuzz/ros2_foxy/install/ament_lint_auto/share/ament_lint_auto/local_setup.zsh
-- Symlinking: /robofuzz/ros2_foxy/install/ament_lint_auto/share/ament_lint_auto/local_setup.dsv
-- Symlinking: /robofuzz/ros2_foxy/install/ament_lint_auto/share/ament_lint_auto/package.dsv
-- Symlinking: /robofuzz/ros2_foxy/install/ament_lint_auto/share/ament_index/resource_index/packages/ament_lint_auto
-- Symlinking: /robofuzz/ros2_foxy/install/ament_lint_auto/share/ament_lint_auto/cmake/ament_lint_auto-extras.cmake
-- Symlinking: /robofuzz/ros2_foxy/install/ament_lint_auto/share/ament_lint_auto/cmake/ament_lint_autoConfig.cmake
-- Symlinking: /robofuzz/ros2_foxy/install/ament_lint_auto/share/ament_lint_auto/cmake/ament_lint_autoConfig-version.cmake
-- Symlinking: /robofuzz/ros2_foxy/install/ament_lint_auto/share/ament_lint_auto/package.xml
-- Symlinking: /robofuzz/ros2_foxy/install/ament_lint_auto/share/ament_lint_auto/cmake/ament_lint_auto_find_test_dependencies.cmake
-- Symlinking: /robofuzz/ros2_foxy/install/ament_lint_auto/share/ament_lint_auto/cmake/ament_lint_auto_package_hook.cmake
