[0.107s] Invoking command in '/robofuzz/ros2_foxy/build/yaml_cpp_vendor': AMENT_PREFIX_PATH=/robofuzz/ros2_foxy/install/ament_cmake:/robofuzz/ros2_foxy/install/ament_cmake_test:/robofuzz/ros2_foxy/install/ament_cmake_target_dependencies:/robofuzz/ros2_foxy/install/ament_cmake_export_targets:/robofuzz/ros2_foxy/install/ament_cmake_export_interfaces:/robofuzz/ros2_foxy/install/ament_cmake_export_dependencies:/robofuzz/ros2_foxy/install/ament_cmake_version:/robofuzz/ros2_foxy/install/ament_cmake_python:/robofuzz/ros2_foxy/install/ament_cmake_libraries:/robofuzz/ros2_foxy/install/ament_cmake_include_directories:/robofuzz/ros2_foxy/install/ament_cmake_export_link_flags:/robofuzz/ros2_foxy/install/ament_cmake_export_libraries:/robofuzz/ros2_foxy/install/ament_cmake_export_include_directories:/robofuzz/ros2_foxy/install/ament_cmake_export_definitions:/robofuzz/ros2_foxy/install/ament_cmake_core:/robofuzz/ros2_foxy/install/ament_package:${AMENT_PREFIX_PATH} CMAKE_PREFIX_PATH=/robofuzz/ros2_foxy/install/ament_cmake:/robofuzz/ros2_foxy/install/ament_cmake_test:/robofuzz/ros2_foxy/install/ament_cmake_target_dependencies:/robofuzz/ros2_foxy/install/ament_cmake_export_targets:/robofuzz/ros2_foxy/install/ament_cmake_export_interfaces:/robofuzz/ros2_foxy/install/ament_cmake_export_dependencies:/robofuzz/ros2_foxy/install/ament_cmake_version:/robofuzz/ros2_foxy/install/ament_cmake_python:/robofuzz/ros2_foxy/install/ament_cmake_libraries:/robofuzz/ros2_foxy/install/ament_cmake_include_directories:/robofuzz/ros2_foxy/install/ament_cmake_export_link_flags:/robofuzz/ros2_foxy/install/ament_cmake_export_libraries:/robofuzz/ros2_foxy/install/ament_cmake_export_include_directories:/robofuzz/ros2_foxy/install/ament_cmake_export_definitions:/robofuzz/ros2_foxy/install/ament_cmake_core:/robofuzz/targets/moveit2_ws/install/moveit2_tutorials:/robofuzz/targets/moveit2_ws/install/moveit_visual_tools:/robofuzz/targets/moveit2_ws/install/rviz_visual_tools:/robofuzz/targets/turtlebot3_ws/install/turtlebot3:/robofuzz/targets/turtlebot3_ws/install/turtlebot3_simulations:/robofuzz/targets/turtlebot3_ws/install/turtlebot3_bringup:/robofuzz/targets/turtlebot3_ws/install/turtlebot3_node:/robofuzz/targets/turtlebot3_ws/install/turtlebot3_navigation2:/robofuzz/targets/turtlebot3_ws/install/turtlebot3_fake_node:/robofuzz/targets/turtlebot3_ws/install/turtlebot3_msgs:/robofuzz/targets/turtlebot3_ws/install/turtlebot3_gazebo:/robofuzz/targets/turtlebot3_ws/install/turtlebot3_description:/robofuzz/targets/turtlebot3_ws/install/turtlebot3_cartographer:/robofuzz/targets/turtlebot3_ws/install/hls_lfcd_lds_driver:/robofuzz/targets/turtlebot3_ws/install/dynamixel_sdk_examples:/robofuzz/targets/turtlebot3_ws/install/dynamixel_sdk_custom_interfaces:/robofuzz/targets/turtlebot3_ws/install/dynamixel_sdk:/robofuzz/targets/idltest_ws/install/idltest_target:/robofuzz/targets/idltest_ws/install/idltest_msgs:/robofuzz/targets/px4_ros_com_ros2/install/px4_ros_com:/robofuzz/targets/px4_ros_com_ros2/install/px4_msgs:/robofuzz/targets/turtlebot3_ws/install/turtlebot3_teleop:/robofuzz/targets/turtlebot3_ws/install/turtlebot3_example:/opt/ros/foxy PYTHONPATH=/robofuzz/ros2_foxy/install/ament_cmake_test/lib/python3.8/site-packages:/robofuzz/ros2_foxy/build/ament_package:/robofuzz/ros2_foxy/install/ament_package/lib/python3.8/site-packages:${PYTHONPATH} /usr/bin/cmake /robofuzz/ros2_foxy/src/ros2/yaml_cpp_vendor -DAMENT_CMAKE_SYMLINK_INSTALL=1 -DCMAKE_INSTALL_PREFIX=/robofuzz/ros2_foxy/install/yaml_cpp_vendor
[0.906s] -- The C compiler identification is GNU 9.4.0
[0.911s] -- The CXX compiler identification is GNU 9.4.0
[0.913s] -- Check for working C compiler: /usr/bin/cc
[0.913s] -- Check for working C compiler: /usr/bin/cc -- works
[0.913s] -- Detecting C compiler ABI info
[0.913s] -- Detecting C compiler ABI info - done
[0.913s] -- Detecting C compile features
[0.914s] -- Detecting C compile features - done
[0.914s] -- Check for working CXX compiler: /usr/bin/c++
[0.979s] -- Check for working CXX compiler: /usr/bin/c++ -- works
[0.980s] -- Detecting CXX compiler ABI info
[1.123s] -- Detecting CXX compiler ABI info - done
[1.159s] -- Detecting CXX compile features
[1.159s] -- Detecting CXX compile features - done
[1.161s] -- Found ament_cmake: 0.9.10 (/robofuzz/ros2_foxy/install/ament_cmake/share/ament_cmake/cmake)
[1.229s] -- Found PythonInterp: /usr/bin/python3 (found suitable version "3.8.10", minimum required is "3") 
[1.230s] -- Using PYTHON_EXECUTABLE: /usr/bin/python3
[1.596s] -- Override CMake install command with custom implementation using symlinks instead of copying resources
[1.793s] -- Configuring done
[1.805s] -- Generating done
[1.806s] -- Build files have been written to: /robofuzz/ros2_foxy/build/yaml_cpp_vendor
[2.257s] Invoked command in '/robofuzz/ros2_foxy/build/yaml_cpp_vendor' returned '0': AMENT_PREFIX_PATH=/robofuzz/ros2_foxy/install/ament_cmake:/robofuzz/ros2_foxy/install/ament_cmake_test:/robofuzz/ros2_foxy/install/ament_cmake_target_dependencies:/robofuzz/ros2_foxy/install/ament_cmake_export_targets:/robofuzz/ros2_foxy/install/ament_cmake_export_interfaces:/robofuzz/ros2_foxy/install/ament_cmake_export_dependencies:/robofuzz/ros2_foxy/install/ament_cmake_version:/robofuzz/ros2_foxy/install/ament_cmake_python:/robofuzz/ros2_foxy/install/ament_cmake_libraries:/robofuzz/ros2_foxy/install/ament_cmake_include_directories:/robofuzz/ros2_foxy/install/ament_cmake_export_link_flags:/robofuzz/ros2_foxy/install/ament_cmake_export_libraries:/robofuzz/ros2_foxy/install/ament_cmake_export_include_directories:/robofuzz/ros2_foxy/install/ament_cmake_export_definitions:/robofuzz/ros2_foxy/install/ament_cmake_core:/robofuzz/ros2_foxy/install/ament_package:${AMENT_PREFIX_PATH} CMAKE_PREFIX_PATH=/robofuzz/ros2_foxy/install/ament_cmake:/robofuzz/ros2_foxy/install/ament_cmake_test:/robofuzz/ros2_foxy/install/ament_cmake_target_dependencies:/robofuzz/ros2_foxy/install/ament_cmake_export_targets:/robofuzz/ros2_foxy/install/ament_cmake_export_interfaces:/robofuzz/ros2_foxy/install/ament_cmake_export_dependencies:/robofuzz/ros2_foxy/install/ament_cmake_version:/robofuzz/ros2_foxy/install/ament_cmake_python:/robofuzz/ros2_foxy/install/ament_cmake_libraries:/robofuzz/ros2_foxy/install/ament_cmake_include_directories:/robofuzz/ros2_foxy/install/ament_cmake_export_link_flags:/robofuzz/ros2_foxy/install/ament_cmake_export_libraries:/robofuzz/ros2_foxy/install/ament_cmake_export_include_directories:/robofuzz/ros2_foxy/install/ament_cmake_export_definitions:/robofuzz/ros2_foxy/install/ament_cmake_core:/robofuzz/targets/moveit2_ws/install/moveit2_tutorials:/robofuzz/targets/moveit2_ws/install/moveit_visual_tools:/robofuzz/targets/moveit2_ws/install/rviz_visual_tools:/robofuzz/targets/turtlebot3_ws/install/turtlebot3:/robofuzz/targets/turtlebot3_ws/install/turtlebot3_simulations:/robofuzz/targets/turtlebot3_ws/install/turtlebot3_bringup:/robofuzz/targets/turtlebot3_ws/install/turtlebot3_node:/robofuzz/targets/turtlebot3_ws/install/turtlebot3_navigation2:/robofuzz/targets/turtlebot3_ws/install/turtlebot3_fake_node:/robofuzz/targets/turtlebot3_ws/install/turtlebot3_msgs:/robofuzz/targets/turtlebot3_ws/install/turtlebot3_gazebo:/robofuzz/targets/turtlebot3_ws/install/turtlebot3_description:/robofuzz/targets/turtlebot3_ws/install/turtlebot3_cartographer:/robofuzz/targets/turtlebot3_ws/install/hls_lfcd_lds_driver:/robofuzz/targets/turtlebot3_ws/install/dynamixel_sdk_examples:/robofuzz/targets/turtlebot3_ws/install/dynamixel_sdk_custom_interfaces:/robofuzz/targets/turtlebot3_ws/install/dynamixel_sdk:/robofuzz/targets/idltest_ws/install/idltest_target:/robofuzz/targets/idltest_ws/install/idltest_msgs:/robofuzz/targets/px4_ros_com_ros2/install/px4_ros_com:/robofuzz/targets/px4_ros_com_ros2/install/px4_msgs:/robofuzz/targets/turtlebot3_ws/install/turtlebot3_teleop:/robofuzz/targets/turtlebot3_ws/install/turtlebot3_example:/opt/ros/foxy PYTHONPATH=/robofuzz/ros2_foxy/install/ament_cmake_test/lib/python3.8/site-packages:/robofuzz/ros2_foxy/build/ament_package:/robofuzz/ros2_foxy/install/ament_package/lib/python3.8/site-packages:${PYTHONPATH} /usr/bin/cmake /robofuzz/ros2_foxy/src/ros2/yaml_cpp_vendor -DAMENT_CMAKE_SYMLINK_INSTALL=1 -DCMAKE_INSTALL_PREFIX=/robofuzz/ros2_foxy/install/yaml_cpp_vendor
[2.261s] Invoking command in '/robofuzz/ros2_foxy/build/yaml_cpp_vendor': AMENT_PREFIX_PATH=/robofuzz/ros2_foxy/install/ament_cmake:/robofuzz/ros2_foxy/install/ament_cmake_test:/robofuzz/ros2_foxy/install/ament_cmake_target_dependencies:/robofuzz/ros2_foxy/install/ament_cmake_export_targets:/robofuzz/ros2_foxy/install/ament_cmake_export_interfaces:/robofuzz/ros2_foxy/install/ament_cmake_export_dependencies:/robofuzz/ros2_foxy/install/ament_cmake_version:/robofuzz/ros2_foxy/install/ament_cmake_python:/robofuzz/ros2_foxy/install/ament_cmake_libraries:/robofuzz/ros2_foxy/install/ament_cmake_include_directories:/robofuzz/ros2_foxy/install/ament_cmake_export_link_flags:/robofuzz/ros2_foxy/install/ament_cmake_export_libraries:/robofuzz/ros2_foxy/install/ament_cmake_export_include_directories:/robofuzz/ros2_foxy/install/ament_cmake_export_definitions:/robofuzz/ros2_foxy/install/ament_cmake_core:/robofuzz/ros2_foxy/install/ament_package:${AMENT_PREFIX_PATH} CMAKE_PREFIX_PATH=/robofuzz/ros2_foxy/install/ament_cmake:/robofuzz/ros2_foxy/install/ament_cmake_test:/robofuzz/ros2_foxy/install/ament_cmake_target_dependencies:/robofuzz/ros2_foxy/install/ament_cmake_export_targets:/robofuzz/ros2_foxy/install/ament_cmake_export_interfaces:/robofuzz/ros2_foxy/install/ament_cmake_export_dependencies:/robofuzz/ros2_foxy/install/ament_cmake_version:/robofuzz/ros2_foxy/install/ament_cmake_python:/robofuzz/ros2_foxy/install/ament_cmake_libraries:/robofuzz/ros2_foxy/install/ament_cmake_include_directories:/robofuzz/ros2_foxy/install/ament_cmake_export_link_flags:/robofuzz/ros2_foxy/install/ament_cmake_export_libraries:/robofuzz/ros2_foxy/install/ament_cmake_export_include_directories:/robofuzz/ros2_foxy/install/ament_cmake_export_definitions:/robofuzz/ros2_foxy/install/ament_cmake_core:/robofuzz/targets/moveit2_ws/install/moveit2_tutorials:/robofuzz/targets/moveit2_ws/install/moveit_visual_tools:/robofuzz/targets/moveit2_ws/install/rviz_visual_tools:/robofuzz/targets/turtlebot3_ws/install/turtlebot3:/robofuzz/targets/turtlebot3_ws/install/turtlebot3_simulations:/robofuzz/targets/turtlebot3_ws/install/turtlebot3_bringup:/robofuzz/targets/turtlebot3_ws/install/turtlebot3_node:/robofuzz/targets/turtlebot3_ws/install/turtlebot3_navigation2:/robofuzz/targets/turtlebot3_ws/install/turtlebot3_fake_node:/robofuzz/targets/turtlebot3_ws/install/turtlebot3_msgs:/robofuzz/targets/turtlebot3_ws/install/turtlebot3_gazebo:/robofuzz/targets/turtlebot3_ws/install/turtlebot3_description:/robofuzz/targets/turtlebot3_ws/install/turtlebot3_cartographer:/robofuzz/targets/turtlebot3_ws/install/hls_lfcd_lds_driver:/robofuzz/targets/turtlebot3_ws/install/dynamixel_sdk_examples:/robofuzz/targets/turtlebot3_ws/install/dynamixel_sdk_custom_interfaces:/robofuzz/targets/turtlebot3_ws/install/dynamixel_sdk:/robofuzz/targets/idltest_ws/install/idltest_target:/robofuzz/targets/idltest_ws/install/idltest_msgs:/robofuzz/targets/px4_ros_com_ros2/install/px4_ros_com:/robofuzz/targets/px4_ros_com_ros2/install/px4_msgs:/robofuzz/targets/turtlebot3_ws/install/turtlebot3_teleop:/robofuzz/targets/turtlebot3_ws/install/turtlebot3_example:/opt/ros/foxy PYTHONPATH=/robofuzz/ros2_foxy/install/ament_cmake_test/lib/python3.8/site-packages:/robofuzz/ros2_foxy/build/ament_package:/robofuzz/ros2_foxy/install/ament_package/lib/python3.8/site-packages:${PYTHONPATH} /usr/bin/cmake --build /robofuzz/ros2_foxy/build/yaml_cpp_vendor -- -j12 -l12
[2.341s] [35m[1mScanning dependencies of target yaml_cpp-0f9a586[0m
[2.356s] [ 12%] [34m[1mCreating directories for 'yaml_cpp-0f9a586'[0m
[2.511s] [ 25%] [34m[1mPerforming download step (download, verify and extract) for 'yaml_cpp-0f9a586'[0m
[2.536s] -- Downloading...
[2.536s]    dst='/robofuzz/ros2_foxy/build/yaml_cpp_vendor/yaml_cpp-0f9a586-prefix/src/0f9a586ca1dc29c2ecb8dd715a315b93e3f40f79.zip'
[2.536s]    timeout='600 seconds'
[2.536s] -- Using src='https://github.com/jbeder/yaml-cpp/archive/0f9a586ca1dc29c2ecb8dd715a315b93e3f40f79.zip'
[3.141s] -- verifying file...
[3.141s]        file='/robofuzz/ros2_foxy/build/yaml_cpp_vendor/yaml_cpp-0f9a586-prefix/src/0f9a586ca1dc29c2ecb8dd715a315b93e3f40f79.zip'
[3.143s] -- Downloading... done
[3.186s] -- extracting...
[3.186s]      src='/robofuzz/ros2_foxy/build/yaml_cpp_vendor/yaml_cpp-0f9a586-prefix/src/0f9a586ca1dc29c2ecb8dd715a315b93e3f40f79.zip'
[3.186s]      dst='/robofuzz/ros2_foxy/build/yaml_cpp_vendor/yaml_cpp-0f9a586-prefix/src/yaml_cpp-0f9a586'
[3.186s] -- extracting... [tar xfz]
[3.273s] -- extracting... [analysis]
[3.274s] -- extracting... [rename]
[3.274s] -- extracting... [clean up]
[3.274s] -- extracting... done
[3.303s] [ 37%] [34m[1mNo patch step for 'yaml_cpp-0f9a586'[0m
[3.307s] [ 50%] [34m[1mNo update step for 'yaml_cpp-0f9a586'[0m
[3.350s] [ 62%] [34m[1mPerforming configure step for 'yaml_cpp-0f9a586'[0m
[3.445s] -- The C compiler identification is GNU 9.4.0
[3.546s] -- The CXX compiler identification is GNU 9.4.0
[3.561s] -- Check for working C compiler: /usr/bin/cc
[3.664s] -- Check for working C compiler: /usr/bin/cc -- works
[3.666s] -- Detecting C compiler ABI info
[3.831s] -- Detecting C compiler ABI info - done
[3.878s] -- Detecting C compile features
[3.879s] -- Detecting C compile features - done
[3.890s] -- Check for working CXX compiler: /usr/bin/c++
[4.100s] -- Check for working CXX compiler: /usr/bin/c++ -- works
[4.103s] -- Detecting CXX compiler ABI info
[4.287s] -- Detecting CXX compiler ABI info - done
[4.336s] -- Detecting CXX compile features
[4.337s] -- Detecting CXX compile features - done
[4.351s] -- Performing Test FLAG_WEXTRA
[4.501s] -- Performing Test FLAG_WEXTRA - Success
[4.507s] -- Configuring done
[4.532s] -- Generating done
[4.539s] -- Build files have been written to: /robofuzz/ros2_foxy/build/yaml_cpp_vendor/yaml_cpp-0f9a586-prefix/src/yaml_cpp-0f9a586-build
[4.570s] [ 75%] [34m[1mPerforming build step for 'yaml_cpp-0f9a586'[0m
[4.650s] [35m[1mScanning dependencies of target yaml-cpp[0m
[4.682s] [  3%] [32mBuilding CXX object CMakeFiles/yaml-cpp.dir/src/binary.cpp.o[0m
[4.683s] [  6%] [32mBuilding CXX object CMakeFiles/yaml-cpp.dir/src/directives.cpp.o[0m
[4.689s] [ 10%] [32mBuilding CXX object CMakeFiles/yaml-cpp.dir/src/convert.cpp.o[0m
[4.705s] [ 17%] [32mBuilding CXX object CMakeFiles/yaml-cpp.dir/src/emitfromevents.cpp.o[0m
[4.707s] [ 13%] [32mBuilding CXX object CMakeFiles/yaml-cpp.dir/src/emit.cpp.o[0m
[4.710s] [ 20%] [32mBuilding CXX object CMakeFiles/yaml-cpp.dir/src/emitterstate.cpp.o[0m
[4.724s] [ 24%] [32mBuilding CXX object CMakeFiles/yaml-cpp.dir/src/emitterutils.cpp.o[0m
[4.724s] [ 27%] [32mBuilding CXX object CMakeFiles/yaml-cpp.dir/src/emitter.cpp.o[0m
[4.734s] [ 31%] [32mBuilding CXX object CMakeFiles/yaml-cpp.dir/src/exceptions.cpp.o[0m
[4.783s] [ 34%] [32mBuilding CXX object CMakeFiles/yaml-cpp.dir/src/exp.cpp.o[0m
[4.886s] [ 37%] [32mBuilding CXX object CMakeFiles/yaml-cpp.dir/src/memory.cpp.o[0m
[4.940s] [ 41%] [32mBuilding CXX object CMakeFiles/yaml-cpp.dir/src/node.cpp.o[0m
[5.609s] [ 44%] [32mBuilding CXX object CMakeFiles/yaml-cpp.dir/src/node_data.cpp.o[0m
[5.773s] [ 48%] [32mBuilding CXX object CMakeFiles/yaml-cpp.dir/src/nodebuilder.cpp.o[0m
[5.894s] [ 51%] [32mBuilding CXX object CMakeFiles/yaml-cpp.dir/src/nodeevents.cpp.o[0m
[6.273s] [ 55%] [32mBuilding CXX object CMakeFiles/yaml-cpp.dir/src/null.cpp.o[0m
[6.385s] [ 58%] [32mBuilding CXX object CMakeFiles/yaml-cpp.dir/src/ostream_wrapper.cpp.o[0m
[6.714s] [ 62%] [32mBuilding CXX object CMakeFiles/yaml-cpp.dir/src/parse.cpp.o[0m
[6.898s] [ 65%] [32mBuilding CXX object CMakeFiles/yaml-cpp.dir/src/parser.cpp.o[0m
[6.909s] [ 68%] [32mBuilding CXX object CMakeFiles/yaml-cpp.dir/src/regex_yaml.cpp.o[0m
[6.924s] [ 72%] [32mBuilding CXX object CMakeFiles/yaml-cpp.dir/src/scanner.cpp.o[0m
[6.950s] [ 75%] [32mBuilding CXX object CMakeFiles/yaml-cpp.dir/src/scanscalar.cpp.o[0m
[7.055s] [ 79%] [32mBuilding CXX object CMakeFiles/yaml-cpp.dir/src/scantag.cpp.o[0m
[7.276s] [ 82%] [32mBuilding CXX object CMakeFiles/yaml-cpp.dir/src/scantoken.cpp.o[0m
[7.733s] [ 86%] [32mBuilding CXX object CMakeFiles/yaml-cpp.dir/src/simplekey.cpp.o[0m
[7.877s] [ 89%] [32mBuilding CXX object CMakeFiles/yaml-cpp.dir/src/singledocparser.cpp.o[0m
[8.182s] [ 93%] [32mBuilding CXX object CMakeFiles/yaml-cpp.dir/src/stream.cpp.o[0m
[8.277s] [ 96%] [32mBuilding CXX object CMakeFiles/yaml-cpp.dir/src/tag.cpp.o[0m
[11.486s] [100%] [32m[1mLinking CXX shared library libyaml-cpp.so[0m
[11.746s] [100%] Built target yaml-cpp
[11.814s] [ 87%] [34m[1mPerforming install step for 'yaml_cpp-0f9a586'[0m
[11.935s] [100%] Built target yaml-cpp
[11.979s] [36mInstall the project...[0m
[12.000s] -- Install configuration: "Release"
[12.001s] -- Installing: /robofuzz/ros2_foxy/build/yaml_cpp_vendor/yaml_cpp_install/lib/libyaml-cpp.so.0.6.2
[12.002s] -- Installing: /robofuzz/ros2_foxy/build/yaml_cpp_vendor/yaml_cpp_install/lib/libyaml-cpp.so.0.6
[12.003s] -- Installing: /robofuzz/ros2_foxy/build/yaml_cpp_vendor/yaml_cpp_install/lib/libyaml-cpp.so
[12.004s] -- Installing: /robofuzz/ros2_foxy/build/yaml_cpp_vendor/yaml_cpp_install/include/yaml-cpp
[12.004s] -- Installing: /robofuzz/ros2_foxy/build/yaml_cpp_vendor/yaml_cpp_install/include/yaml-cpp/anchor.h
[12.005s] -- Installing: /robofuzz/ros2_foxy/build/yaml_cpp_vendor/yaml_cpp_install/include/yaml-cpp/dll.h
[12.007s] -- Installing: /robofuzz/ros2_foxy/build/yaml_cpp_vendor/yaml_cpp_install/include/yaml-cpp/yaml.h
[12.007s] -- Installing: /robofuzz/ros2_foxy/build/yaml_cpp_vendor/yaml_cpp_install/include/yaml-cpp/exceptions.h
[12.008s] -- Installing: /robofuzz/ros2_foxy/build/yaml_cpp_vendor/yaml_cpp_install/include/yaml-cpp/parser.h
[12.008s] -- Installing: /robofuzz/ros2_foxy/build/yaml_cpp_vendor/yaml_cpp_install/include/yaml-cpp/node
[12.008s] -- Installing: /robofuzz/ros2_foxy/build/yaml_cpp_vendor/yaml_cpp_install/include/yaml-cpp/node/emit.h
[12.008s] -- Installing: /robofuzz/ros2_foxy/build/yaml_cpp_vendor/yaml_cpp_install/include/yaml-cpp/node/convert.h
[12.009s] -- Installing: /robofuzz/ros2_foxy/build/yaml_cpp_vendor/yaml_cpp_install/include/yaml-cpp/node/ptr.h
[12.009s] -- Installing: /robofuzz/ros2_foxy/build/yaml_cpp_vendor/yaml_cpp_install/include/yaml-cpp/node/detail
[12.010s] -- Installing: /robofuzz/ros2_foxy/build/yaml_cpp_vendor/yaml_cpp_install/include/yaml-cpp/node/detail/node_iterator.h
[12.010s] -- Installing: /robofuzz/ros2_foxy/build/yaml_cpp_vendor/yaml_cpp_install/include/yaml-cpp/node/detail/bool_type.h
[12.010s] -- Installing: /robofuzz/ros2_foxy/build/yaml_cpp_vendor/yaml_cpp_install/include/yaml-cpp/node/detail/node.h
[12.011s] -- Installing: /robofuzz/ros2_foxy/build/yaml_cpp_vendor/yaml_cpp_install/include/yaml-cpp/node/detail/node_ref.h
[12.011s] -- Installing: /robofuzz/ros2_foxy/build/yaml_cpp_vendor/yaml_cpp_install/include/yaml-cpp/node/detail/iterator_fwd.h
[12.012s] -- Installing: /robofuzz/ros2_foxy/build/yaml_cpp_vendor/yaml_cpp_install/include/yaml-cpp/node/detail/iterator.h
[12.012s] -- Installing: /robofuzz/ros2_foxy/build/yaml_cpp_vendor/yaml_cpp_install/include/yaml-cpp/node/detail/impl.h
[12.012s] -- Installing: /robofuzz/ros2_foxy/build/yaml_cpp_vendor/yaml_cpp_install/include/yaml-cpp/node/detail/memory.h
[12.013s] -- Installing: /robofuzz/ros2_foxy/build/yaml_cpp_vendor/yaml_cpp_install/include/yaml-cpp/node/detail/node_data.h
[12.013s] -- Installing: /robofuzz/ros2_foxy/build/yaml_cpp_vendor/yaml_cpp_install/include/yaml-cpp/node/node.h
[12.014s] -- Installing: /robofuzz/ros2_foxy/build/yaml_cpp_vendor/yaml_cpp_install/include/yaml-cpp/node/iterator.h
[12.015s] -- Installing: /robofuzz/ros2_foxy/build/yaml_cpp_vendor/yaml_cpp_install/include/yaml-cpp/node/parse.h
[12.015s] -- Installing: /robofuzz/ros2_foxy/build/yaml_cpp_vendor/yaml_cpp_install/include/yaml-cpp/node/type.h
[12.016s] -- Installing: /robofuzz/ros2_foxy/build/yaml_cpp_vendor/yaml_cpp_install/include/yaml-cpp/node/impl.h
[12.017s] -- Installing: /robofuzz/ros2_foxy/build/yaml_cpp_vendor/yaml_cpp_install/include/yaml-cpp/binary.h
[12.018s] -- Installing: /robofuzz/ros2_foxy/build/yaml_cpp_vendor/yaml_cpp_install/include/yaml-cpp/emitterdef.h
[12.018s] -- Installing: /robofuzz/ros2_foxy/build/yaml_cpp_vendor/yaml_cpp_install/include/yaml-cpp/ostream_wrapper.h
[12.019s] -- Installing: /robofuzz/ros2_foxy/build/yaml_cpp_vendor/yaml_cpp_install/include/yaml-cpp/stlemitter.h
[12.020s] -- Installing: /robofuzz/ros2_foxy/build/yaml_cpp_vendor/yaml_cpp_install/include/yaml-cpp/noncopyable.h
[12.020s] -- Installing: /robofuzz/ros2_foxy/build/yaml_cpp_vendor/yaml_cpp_install/include/yaml-cpp/emitterstyle.h
[12.021s] -- Installing: /robofuzz/ros2_foxy/build/yaml_cpp_vendor/yaml_cpp_install/include/yaml-cpp/emitter.h
[12.022s] -- Installing: /robofuzz/ros2_foxy/build/yaml_cpp_vendor/yaml_cpp_install/include/yaml-cpp/emitfromevents.h
[12.022s] -- Installing: /robofuzz/ros2_foxy/build/yaml_cpp_vendor/yaml_cpp_install/include/yaml-cpp/null.h
[12.023s] -- Installing: /robofuzz/ros2_foxy/build/yaml_cpp_vendor/yaml_cpp_install/include/yaml-cpp/emittermanip.h
[12.024s] -- Installing: /robofuzz/ros2_foxy/build/yaml_cpp_vendor/yaml_cpp_install/include/yaml-cpp/eventhandler.h
[12.024s] -- Installing: /robofuzz/ros2_foxy/build/yaml_cpp_vendor/yaml_cpp_install/include/yaml-cpp/mark.h
[12.025s] -- Installing: /robofuzz/ros2_foxy/build/yaml_cpp_vendor/yaml_cpp_install/include/yaml-cpp/contrib
[12.026s] -- Installing: /robofuzz/ros2_foxy/build/yaml_cpp_vendor/yaml_cpp_install/include/yaml-cpp/contrib/anchordict.h
[12.026s] -- Installing: /robofuzz/ros2_foxy/build/yaml_cpp_vendor/yaml_cpp_install/include/yaml-cpp/contrib/graphbuilder.h
[12.027s] -- Installing: /robofuzz/ros2_foxy/build/yaml_cpp_vendor/yaml_cpp_install/include/yaml-cpp/traits.h
[12.028s] -- Installing: /robofuzz/ros2_foxy/build/yaml_cpp_vendor/yaml_cpp_install/lib/cmake/yaml-cpp/yaml-cpp-config.cmake
[12.029s] -- Installing: /robofuzz/ros2_foxy/build/yaml_cpp_vendor/yaml_cpp_install/lib/cmake/yaml-cpp/yaml-cpp-config-version.cmake
[12.030s] -- Installing: /robofuzz/ros2_foxy/build/yaml_cpp_vendor/yaml_cpp_install/lib/cmake/yaml-cpp/yaml-cpp-targets.cmake
[12.031s] -- Installing: /robofuzz/ros2_foxy/build/yaml_cpp_vendor/yaml_cpp_install/lib/cmake/yaml-cpp/yaml-cpp-targets-release.cmake
[12.032s] -- Installing: /robofuzz/ros2_foxy/build/yaml_cpp_vendor/yaml_cpp_install/lib/pkgconfig/yaml-cpp.pc
[12.080s] [100%] [34m[1mCompleted 'yaml_cpp-0f9a586'[0m
[12.165s] [100%] Built target yaml_cpp-0f9a586
[12.197s] Invoked command in '/robofuzz/ros2_foxy/build/yaml_cpp_vendor' returned '0': AMENT_PREFIX_PATH=/robofuzz/ros2_foxy/install/ament_cmake:/robofuzz/ros2_foxy/install/ament_cmake_test:/robofuzz/ros2_foxy/install/ament_cmake_target_dependencies:/robofuzz/ros2_foxy/install/ament_cmake_export_targets:/robofuzz/ros2_foxy/install/ament_cmake_export_interfaces:/robofuzz/ros2_foxy/install/ament_cmake_export_dependencies:/robofuzz/ros2_foxy/install/ament_cmake_version:/robofuzz/ros2_foxy/install/ament_cmake_python:/robofuzz/ros2_foxy/install/ament_cmake_libraries:/robofuzz/ros2_foxy/install/ament_cmake_include_directories:/robofuzz/ros2_foxy/install/ament_cmake_export_link_flags:/robofuzz/ros2_foxy/install/ament_cmake_export_libraries:/robofuzz/ros2_foxy/install/ament_cmake_export_include_directories:/robofuzz/ros2_foxy/install/ament_cmake_export_definitions:/robofuzz/ros2_foxy/install/ament_cmake_core:/robofuzz/ros2_foxy/install/ament_package:${AMENT_PREFIX_PATH} CMAKE_PREFIX_PATH=/robofuzz/ros2_foxy/install/ament_cmake:/robofuzz/ros2_foxy/install/ament_cmake_test:/robofuzz/ros2_foxy/install/ament_cmake_target_dependencies:/robofuzz/ros2_foxy/install/ament_cmake_export_targets:/robofuzz/ros2_foxy/install/ament_cmake_export_interfaces:/robofuzz/ros2_foxy/install/ament_cmake_export_dependencies:/robofuzz/ros2_foxy/install/ament_cmake_version:/robofuzz/ros2_foxy/install/ament_cmake_python:/robofuzz/ros2_foxy/install/ament_cmake_libraries:/robofuzz/ros2_foxy/install/ament_cmake_include_directories:/robofuzz/ros2_foxy/install/ament_cmake_export_link_flags:/robofuzz/ros2_foxy/install/ament_cmake_export_libraries:/robofuzz/ros2_foxy/install/ament_cmake_export_include_directories:/robofuzz/ros2_foxy/install/ament_cmake_export_definitions:/robofuzz/ros2_foxy/install/ament_cmake_core:/robofuzz/targets/moveit2_ws/install/moveit2_tutorials:/robofuzz/targets/moveit2_ws/install/moveit_visual_tools:/robofuzz/targets/moveit2_ws/install/rviz_visual_tools:/robofuzz/targets/turtlebot3_ws/install/turtlebot3:/robofuzz/targets/turtlebot3_ws/install/turtlebot3_simulations:/robofuzz/targets/turtlebot3_ws/install/turtlebot3_bringup:/robofuzz/targets/turtlebot3_ws/install/turtlebot3_node:/robofuzz/targets/turtlebot3_ws/install/turtlebot3_navigation2:/robofuzz/targets/turtlebot3_ws/install/turtlebot3_fake_node:/robofuzz/targets/turtlebot3_ws/install/turtlebot3_msgs:/robofuzz/targets/turtlebot3_ws/install/turtlebot3_gazebo:/robofuzz/targets/turtlebot3_ws/install/turtlebot3_description:/robofuzz/targets/turtlebot3_ws/install/turtlebot3_cartographer:/robofuzz/targets/turtlebot3_ws/install/hls_lfcd_lds_driver:/robofuzz/targets/turtlebot3_ws/install/dynamixel_sdk_examples:/robofuzz/targets/turtlebot3_ws/install/dynamixel_sdk_custom_interfaces:/robofuzz/targets/turtlebot3_ws/install/dynamixel_sdk:/robofuzz/targets/idltest_ws/install/idltest_target:/robofuzz/targets/idltest_ws/install/idltest_msgs:/robofuzz/targets/px4_ros_com_ros2/install/px4_ros_com:/robofuzz/targets/px4_ros_com_ros2/install/px4_msgs:/robofuzz/targets/turtlebot3_ws/install/turtlebot3_teleop:/robofuzz/targets/turtlebot3_ws/install/turtlebot3_example:/opt/ros/foxy PYTHONPATH=/robofuzz/ros2_foxy/install/ament_cmake_test/lib/python3.8/site-packages:/robofuzz/ros2_foxy/build/ament_package:/robofuzz/ros2_foxy/install/ament_package/lib/python3.8/site-packages:${PYTHONPATH} /usr/bin/cmake --build /robofuzz/ros2_foxy/build/yaml_cpp_vendor -- -j12 -l12
[12.260s] Invoking command in '/robofuzz/ros2_foxy/build/yaml_cpp_vendor': AMENT_PREFIX_PATH=/robofuzz/ros2_foxy/install/ament_cmake:/robofuzz/ros2_foxy/install/ament_cmake_test:/robofuzz/ros2_foxy/install/ament_cmake_target_dependencies:/robofuzz/ros2_foxy/install/ament_cmake_export_targets:/robofuzz/ros2_foxy/install/ament_cmake_export_interfaces:/robofuzz/ros2_foxy/install/ament_cmake_export_dependencies:/robofuzz/ros2_foxy/install/ament_cmake_version:/robofuzz/ros2_foxy/install/ament_cmake_python:/robofuzz/ros2_foxy/install/ament_cmake_libraries:/robofuzz/ros2_foxy/install/ament_cmake_include_directories:/robofuzz/ros2_foxy/install/ament_cmake_export_link_flags:/robofuzz/ros2_foxy/install/ament_cmake_export_libraries:/robofuzz/ros2_foxy/install/ament_cmake_export_include_directories:/robofuzz/ros2_foxy/install/ament_cmake_export_definitions:/robofuzz/ros2_foxy/install/ament_cmake_core:/robofuzz/ros2_foxy/install/ament_package:${AMENT_PREFIX_PATH} CMAKE_PREFIX_PATH=/robofuzz/ros2_foxy/install/ament_cmake:/robofuzz/ros2_foxy/install/ament_cmake_test:/robofuzz/ros2_foxy/install/ament_cmake_target_dependencies:/robofuzz/ros2_foxy/install/ament_cmake_export_targets:/robofuzz/ros2_foxy/install/ament_cmake_export_interfaces:/robofuzz/ros2_foxy/install/ament_cmake_export_dependencies:/robofuzz/ros2_foxy/install/ament_cmake_version:/robofuzz/ros2_foxy/install/ament_cmake_python:/robofuzz/ros2_foxy/install/ament_cmake_libraries:/robofuzz/ros2_foxy/install/ament_cmake_include_directories:/robofuzz/ros2_foxy/install/ament_cmake_export_link_flags:/robofuzz/ros2_foxy/install/ament_cmake_export_libraries:/robofuzz/ros2_foxy/install/ament_cmake_export_include_directories:/robofuzz/ros2_foxy/install/ament_cmake_export_definitions:/robofuzz/ros2_foxy/install/ament_cmake_core:/robofuzz/targets/moveit2_ws/install/moveit2_tutorials:/robofuzz/targets/moveit2_ws/install/moveit_visual_tools:/robofuzz/targets/moveit2_ws/install/rviz_visual_tools:/robofuzz/targets/turtlebot3_ws/install/turtlebot3:/robofuzz/targets/turtlebot3_ws/install/turtlebot3_simulations:/robofuzz/targets/turtlebot3_ws/install/turtlebot3_bringup:/robofuzz/targets/turtlebot3_ws/install/turtlebot3_node:/robofuzz/targets/turtlebot3_ws/install/turtlebot3_navigation2:/robofuzz/targets/turtlebot3_ws/install/turtlebot3_fake_node:/robofuzz/targets/turtlebot3_ws/install/turtlebot3_msgs:/robofuzz/targets/turtlebot3_ws/install/turtlebot3_gazebo:/robofuzz/targets/turtlebot3_ws/install/turtlebot3_description:/robofuzz/targets/turtlebot3_ws/install/turtlebot3_cartographer:/robofuzz/targets/turtlebot3_ws/install/hls_lfcd_lds_driver:/robofuzz/targets/turtlebot3_ws/install/dynamixel_sdk_examples:/robofuzz/targets/turtlebot3_ws/install/dynamixel_sdk_custom_interfaces:/robofuzz/targets/turtlebot3_ws/install/dynamixel_sdk:/robofuzz/targets/idltest_ws/install/idltest_target:/robofuzz/targets/idltest_ws/install/idltest_msgs:/robofuzz/targets/px4_ros_com_ros2/install/px4_ros_com:/robofuzz/targets/px4_ros_com_ros2/install/px4_msgs:/robofuzz/targets/turtlebot3_ws/install/turtlebot3_teleop:/robofuzz/targets/turtlebot3_ws/install/turtlebot3_example:/opt/ros/foxy PYTHONPATH=/robofuzz/ros2_foxy/install/ament_cmake_test/lib/python3.8/site-packages:/robofuzz/ros2_foxy/build/ament_package:/robofuzz/ros2_foxy/install/ament_package/lib/python3.8/site-packages:${PYTHONPATH} /usr/bin/cmake --install /robofuzz/ros2_foxy/build/yaml_cpp_vendor
[12.562s] -- Install configuration: ""
[12.563s] -- Execute custom install script
[12.563s] -- Symlinking: /robofuzz/ros2_foxy/install/yaml_cpp_vendor/opt/yaml_cpp_vendor/include/yaml-cpp/anchor.h
[12.564s] -- Symlinking: /robofuzz/ros2_foxy/install/yaml_cpp_vendor/opt/yaml_cpp_vendor/include/yaml-cpp/binary.h
[12.564s] -- Symlinking: /robofuzz/ros2_foxy/install/yaml_cpp_vendor/opt/yaml_cpp_vendor/include/yaml-cpp/contrib/anchordict.h
[12.565s] -- Symlinking: /robofuzz/ros2_foxy/install/yaml_cpp_vendor/opt/yaml_cpp_vendor/include/yaml-cpp/contrib/graphbuilder.h
[12.565s] -- Symlinking: /robofuzz/ros2_foxy/install/yaml_cpp_vendor/opt/yaml_cpp_vendor/include/yaml-cpp/dll.h
[12.565s] -- Symlinking: /robofuzz/ros2_foxy/install/yaml_cpp_vendor/opt/yaml_cpp_vendor/include/yaml-cpp/emitfromevents.h
[12.566s] -- Symlinking: /robofuzz/ros2_foxy/install/yaml_cpp_vendor/opt/yaml_cpp_vendor/include/yaml-cpp/emitter.h
[12.566s] -- Symlinking: /robofuzz/ros2_foxy/install/yaml_cpp_vendor/opt/yaml_cpp_vendor/include/yaml-cpp/emitterdef.h
[12.570s] -- Symlinking: /robofuzz/ros2_foxy/install/yaml_cpp_vendor/opt/yaml_cpp_vendor/include/yaml-cpp/emittermanip.h
[12.570s] -- Symlinking: /robofuzz/ros2_foxy/install/yaml_cpp_vendor/opt/yaml_cpp_vendor/include/yaml-cpp/emitterstyle.h
[12.570s] -- Symlinking: /robofuzz/ros2_foxy/install/yaml_cpp_vendor/opt/yaml_cpp_vendor/include/yaml-cpp/eventhandler.h
[12.571s] -- Symlinking: /robofuzz/ros2_foxy/install/yaml_cpp_vendor/opt/yaml_cpp_vendor/include/yaml-cpp/exceptions.h
[12.571s] -- Symlinking: /robofuzz/ros2_foxy/install/yaml_cpp_vendor/opt/yaml_cpp_vendor/include/yaml-cpp/mark.h
[12.571s] -- Symlinking: /robofuzz/ros2_foxy/install/yaml_cpp_vendor/opt/yaml_cpp_vendor/include/yaml-cpp/node/convert.h
[12.599s] -- Symlinking: /robofuzz/ros2_foxy/install/yaml_cpp_vendor/opt/yaml_cpp_vendor/include/yaml-cpp/node/detail/bool_type.h
[12.605s] -- Symlinking: /robofuzz/ros2_foxy/install/yaml_cpp_vendor/opt/yaml_cpp_vendor/include/yaml-cpp/node/detail/impl.h
[12.625s] -- Symlinking: /robofuzz/ros2_foxy/install/yaml_cpp_vendor/opt/yaml_cpp_vendor/include/yaml-cpp/node/detail/iterator.h
[12.652s] -- Symlinking: /robofuzz/ros2_foxy/install/yaml_cpp_vendor/opt/yaml_cpp_vendor/include/yaml-cpp/node/detail/iterator_fwd.h
[12.674s] -- Symlinking: /robofuzz/ros2_foxy/install/yaml_cpp_vendor/opt/yaml_cpp_vendor/include/yaml-cpp/node/detail/memory.h
[12.691s] -- Symlinking: /robofuzz/ros2_foxy/install/yaml_cpp_vendor/opt/yaml_cpp_vendor/include/yaml-cpp/node/detail/node.h
[12.712s] -- Symlinking: /robofuzz/ros2_foxy/install/yaml_cpp_vendor/opt/yaml_cpp_vendor/include/yaml-cpp/node/detail/node_data.h
[12.731s] -- Symlinking: /robofuzz/ros2_foxy/install/yaml_cpp_vendor/opt/yaml_cpp_vendor/include/yaml-cpp/node/detail/node_iterator.h
[12.762s] -- Symlinking: /robofuzz/ros2_foxy/install/yaml_cpp_vendor/opt/yaml_cpp_vendor/include/yaml-cpp/node/detail/node_ref.h
[12.773s] -- Symlinking: /robofuzz/ros2_foxy/install/yaml_cpp_vendor/opt/yaml_cpp_vendor/include/yaml-cpp/node/emit.h
[12.792s] -- Symlinking: /robofuzz/ros2_foxy/install/yaml_cpp_vendor/opt/yaml_cpp_vendor/include/yaml-cpp/node/impl.h
[12.816s] -- Symlinking: /robofuzz/ros2_foxy/install/yaml_cpp_vendor/opt/yaml_cpp_vendor/include/yaml-cpp/node/iterator.h
[12.837s] -- Symlinking: /robofuzz/ros2_foxy/install/yaml_cpp_vendor/opt/yaml_cpp_vendor/include/yaml-cpp/node/node.h
[12.856s] -- Symlinking: /robofuzz/ros2_foxy/install/yaml_cpp_vendor/opt/yaml_cpp_vendor/include/yaml-cpp/node/parse.h
[12.880s] -- Symlinking: /robofuzz/ros2_foxy/install/yaml_cpp_vendor/opt/yaml_cpp_vendor/include/yaml-cpp/node/ptr.h
[12.889s] -- Symlinking: /robofuzz/ros2_foxy/install/yaml_cpp_vendor/opt/yaml_cpp_vendor/include/yaml-cpp/node/type.h
[12.908s] -- Symlinking: /robofuzz/ros2_foxy/install/yaml_cpp_vendor/opt/yaml_cpp_vendor/include/yaml-cpp/noncopyable.h
[12.930s] -- Symlinking: /robofuzz/ros2_foxy/install/yaml_cpp_vendor/opt/yaml_cpp_vendor/include/yaml-cpp/null.h
[12.963s] -- Symlinking: /robofuzz/ros2_foxy/install/yaml_cpp_vendor/opt/yaml_cpp_vendor/include/yaml-cpp/ostream_wrapper.h
[12.982s] -- Symlinking: /robofuzz/ros2_foxy/install/yaml_cpp_vendor/opt/yaml_cpp_vendor/include/yaml-cpp/parser.h
[13.003s] -- Symlinking: /robofuzz/ros2_foxy/install/yaml_cpp_vendor/opt/yaml_cpp_vendor/include/yaml-cpp/stlemitter.h
[13.018s] -- Symlinking: /robofuzz/ros2_foxy/install/yaml_cpp_vendor/opt/yaml_cpp_vendor/include/yaml-cpp/traits.h
[13.045s] -- Symlinking: /robofuzz/ros2_foxy/install/yaml_cpp_vendor/opt/yaml_cpp_vendor/include/yaml-cpp/yaml.h
[13.070s] -- Symlinking: /robofuzz/ros2_foxy/install/yaml_cpp_vendor/opt/yaml_cpp_vendor/lib/cmake/yaml-cpp/yaml-cpp-config-version.cmake
[13.085s] -- Symlinking: /robofuzz/ros2_foxy/install/yaml_cpp_vendor/opt/yaml_cpp_vendor/lib/cmake/yaml-cpp/yaml-cpp-config.cmake
[13.112s] -- Symlinking: /robofuzz/ros2_foxy/install/yaml_cpp_vendor/opt/yaml_cpp_vendor/lib/cmake/yaml-cpp/yaml-cpp-targets-release.cmake
[13.130s] -- Symlinking: /robofuzz/ros2_foxy/install/yaml_cpp_vendor/opt/yaml_cpp_vendor/lib/cmake/yaml-cpp/yaml-cpp-targets.cmake
[13.150s] -- Symlinking: /robofuzz/ros2_foxy/install/yaml_cpp_vendor/opt/yaml_cpp_vendor/lib/libyaml-cpp.so
[13.172s] -- Symlinking: /robofuzz/ros2_foxy/install/yaml_cpp_vendor/opt/yaml_cpp_vendor/lib/libyaml-cpp.so.0.6
[13.191s] -- Symlinking: /robofuzz/ros2_foxy/install/yaml_cpp_vendor/opt/yaml_cpp_vendor/lib/libyaml-cpp.so.0.6.2
[13.214s] -- Symlinking: /robofuzz/ros2_foxy/install/yaml_cpp_vendor/opt/yaml_cpp_vendor/lib/pkgconfig/yaml-cpp.pc
[13.238s] -- Symlinking: /robofuzz/ros2_foxy/install/yaml_cpp_vendor/share/yaml_cpp_vendor/environment/yaml_cpp_vendor_library_path.sh
[13.259s] -- Symlinking: /robofuzz/ros2_foxy/install/yaml_cpp_vendor/share/yaml_cpp_vendor/environment/yaml_cpp_vendor_library_path.dsv
[13.280s] -- Symlinking: /robofuzz/ros2_foxy/install/yaml_cpp_vendor/share/ament_index/resource_index/package_run_dependencies/yaml_cpp_vendor
[13.301s] -- Symlinking: /robofuzz/ros2_foxy/install/yaml_cpp_vendor/share/ament_index/resource_index/parent_prefix_path/yaml_cpp_vendor
[13.322s] -- Symlinking: /robofuzz/ros2_foxy/install/yaml_cpp_vendor/share/yaml_cpp_vendor/environment/ament_prefix_path.sh
[13.343s] -- Symlinking: /robofuzz/ros2_foxy/install/yaml_cpp_vendor/share/yaml_cpp_vendor/environment/ament_prefix_path.dsv
[13.362s] -- Symlinking: /robofuzz/ros2_foxy/install/yaml_cpp_vendor/share/yaml_cpp_vendor/environment/path.sh
[13.382s] -- Symlinking: /robofuzz/ros2_foxy/install/yaml_cpp_vendor/share/yaml_cpp_vendor/environment/path.dsv
[13.403s] -- Symlinking: /robofuzz/ros2_foxy/install/yaml_cpp_vendor/share/yaml_cpp_vendor/local_setup.bash
[13.424s] -- Symlinking: /robofuzz/ros2_foxy/install/yaml_cpp_vendor/share/yaml_cpp_vendor/local_setup.sh
[13.445s] -- Symlinking: /robofuzz/ros2_foxy/install/yaml_cpp_vendor/share/yaml_cpp_vendor/local_setup.zsh
[13.466s] -- Symlinking: /robofuzz/ros2_foxy/install/yaml_cpp_vendor/share/yaml_cpp_vendor/local_setup.dsv
[13.487s] -- Symlinking: /robofuzz/ros2_foxy/install/yaml_cpp_vendor/share/yaml_cpp_vendor/package.dsv
[13.513s] -- Symlinking: /robofuzz/ros2_foxy/install/yaml_cpp_vendor/share/ament_index/resource_index/packages/yaml_cpp_vendor
[13.545s] -- Symlinking: /robofuzz/ros2_foxy/install/yaml_cpp_vendor/share/yaml_cpp_vendor/cmake/yaml_cpp_vendor-extras.cmake
[13.585s] -- Symlinking: /robofuzz/ros2_foxy/install/yaml_cpp_vendor/share/yaml_cpp_vendor/cmake/yaml_cpp_vendorConfig.cmake
[13.612s] -- Symlinking: /robofuzz/ros2_foxy/install/yaml_cpp_vendor/share/yaml_cpp_vendor/cmake/yaml_cpp_vendorConfig-version.cmake
[13.672s] -- Symlinking: /robofuzz/ros2_foxy/install/yaml_cpp_vendor/share/yaml_cpp_vendor/package.xml
[14.422s] Invoked command in '/robofuzz/ros2_foxy/build/yaml_cpp_vendor' returned '0': AMENT_PREFIX_PATH=/robofuzz/ros2_foxy/install/ament_cmake:/robofuzz/ros2_foxy/install/ament_cmake_test:/robofuzz/ros2_foxy/install/ament_cmake_target_dependencies:/robofuzz/ros2_foxy/install/ament_cmake_export_targets:/robofuzz/ros2_foxy/install/ament_cmake_export_interfaces:/robofuzz/ros2_foxy/install/ament_cmake_export_dependencies:/robofuzz/ros2_foxy/install/ament_cmake_version:/robofuzz/ros2_foxy/install/ament_cmake_python:/robofuzz/ros2_foxy/install/ament_cmake_libraries:/robofuzz/ros2_foxy/install/ament_cmake_include_directories:/robofuzz/ros2_foxy/install/ament_cmake_export_link_flags:/robofuzz/ros2_foxy/install/ament_cmake_export_libraries:/robofuzz/ros2_foxy/install/ament_cmake_export_include_directories:/robofuzz/ros2_foxy/install/ament_cmake_export_definitions:/robofuzz/ros2_foxy/install/ament_cmake_core:/robofuzz/ros2_foxy/install/ament_package:${AMENT_PREFIX_PATH} CMAKE_PREFIX_PATH=/robofuzz/ros2_foxy/install/ament_cmake:/robofuzz/ros2_foxy/install/ament_cmake_test:/robofuzz/ros2_foxy/install/ament_cmake_target_dependencies:/robofuzz/ros2_foxy/install/ament_cmake_export_targets:/robofuzz/ros2_foxy/install/ament_cmake_export_interfaces:/robofuzz/ros2_foxy/install/ament_cmake_export_dependencies:/robofuzz/ros2_foxy/install/ament_cmake_version:/robofuzz/ros2_foxy/install/ament_cmake_python:/robofuzz/ros2_foxy/install/ament_cmake_libraries:/robofuzz/ros2_foxy/install/ament_cmake_include_directories:/robofuzz/ros2_foxy/install/ament_cmake_export_link_flags:/robofuzz/ros2_foxy/install/ament_cmake_export_libraries:/robofuzz/ros2_foxy/install/ament_cmake_export_include_directories:/robofuzz/ros2_foxy/install/ament_cmake_export_definitions:/robofuzz/ros2_foxy/install/ament_cmake_core:/robofuzz/targets/moveit2_ws/install/moveit2_tutorials:/robofuzz/targets/moveit2_ws/install/moveit_visual_tools:/robofuzz/targets/moveit2_ws/install/rviz_visual_tools:/robofuzz/targets/turtlebot3_ws/install/turtlebot3:/robofuzz/targets/turtlebot3_ws/install/turtlebot3_simulations:/robofuzz/targets/turtlebot3_ws/install/turtlebot3_bringup:/robofuzz/targets/turtlebot3_ws/install/turtlebot3_node:/robofuzz/targets/turtlebot3_ws/install/turtlebot3_navigation2:/robofuzz/targets/turtlebot3_ws/install/turtlebot3_fake_node:/robofuzz/targets/turtlebot3_ws/install/turtlebot3_msgs:/robofuzz/targets/turtlebot3_ws/install/turtlebot3_gazebo:/robofuzz/targets/turtlebot3_ws/install/turtlebot3_description:/robofuzz/targets/turtlebot3_ws/install/turtlebot3_cartographer:/robofuzz/targets/turtlebot3_ws/install/hls_lfcd_lds_driver:/robofuzz/targets/turtlebot3_ws/install/dynamixel_sdk_examples:/robofuzz/targets/turtlebot3_ws/install/dynamixel_sdk_custom_interfaces:/robofuzz/targets/turtlebot3_ws/install/dynamixel_sdk:/robofuzz/targets/idltest_ws/install/idltest_target:/robofuzz/targets/idltest_ws/install/idltest_msgs:/robofuzz/targets/px4_ros_com_ros2/install/px4_ros_com:/robofuzz/targets/px4_ros_com_ros2/install/px4_msgs:/robofuzz/targets/turtlebot3_ws/install/turtlebot3_teleop:/robofuzz/targets/turtlebot3_ws/install/turtlebot3_example:/opt/ros/foxy PYTHONPATH=/robofuzz/ros2_foxy/install/ament_cmake_test/lib/python3.8/site-packages:/robofuzz/ros2_foxy/build/ament_package:/robofuzz/ros2_foxy/install/ament_package/lib/python3.8/site-packages:${PYTHONPATH} /usr/bin/cmake --install /robofuzz/ros2_foxy/build/yaml_cpp_vendor
