[0.562s] Invoking command in '/robofuzz/ros2_foxy/build/orocos_kdl': AMENT_PREFIX_PATH=/robofuzz/ros2_foxy/install/eigen3_cmake_module:${AMENT_PREFIX_PATH} CMAKE_PREFIX_PATH=/robofuzz/ros2_foxy/install/eigen3_cmake_module:/robofuzz/targets/moveit2_ws/install/moveit2_tutorials:/robofuzz/targets/moveit2_ws/install/moveit_visual_tools:/robofuzz/targets/moveit2_ws/install/rviz_visual_tools:/robofuzz/targets/turtlebot3_ws/install/turtlebot3:/robofuzz/targets/turtlebot3_ws/install/turtlebot3_simulations:/robofuzz/targets/turtlebot3_ws/install/turtlebot3_bringup:/robofuzz/targets/turtlebot3_ws/install/turtlebot3_node:/robofuzz/targets/turtlebot3_ws/install/turtlebot3_navigation2:/robofuzz/targets/turtlebot3_ws/install/turtlebot3_fake_node:/robofuzz/targets/turtlebot3_ws/install/turtlebot3_msgs:/robofuzz/targets/turtlebot3_ws/install/turtlebot3_gazebo:/robofuzz/targets/turtlebot3_ws/install/turtlebot3_description:/robofuzz/targets/turtlebot3_ws/install/turtlebot3_cartographer:/robofuzz/targets/turtlebot3_ws/install/hls_lfcd_lds_driver:/robofuzz/targets/turtlebot3_ws/install/dynamixel_sdk_examples:/robofuzz/targets/turtlebot3_ws/install/dynamixel_sdk_custom_interfaces:/robofuzz/targets/turtlebot3_ws/install/dynamixel_sdk:/robofuzz/targets/idltest_ws/install/idltest_target:/robofuzz/targets/idltest_ws/install/idltest_msgs:/robofuzz/targets/px4_ros_com_ros2/install/px4_ros_com:/robofuzz/targets/px4_ros_com_ros2/install/px4_msgs:/robofuzz/targets/turtlebot3_ws/install/turtlebot3_teleop:/robofuzz/targets/turtlebot3_ws/install/turtlebot3_example:/opt/ros/foxy /usr/bin/cmake --build /robofuzz/ros2_foxy/build/orocos_kdl -- -j12 -l12
[0.694s] [100%] Built target orocos-kdl
[1.080s] Invoked command in '/robofuzz/ros2_foxy/build/orocos_kdl' returned '0': AMENT_PREFIX_PATH=/robofuzz/ros2_foxy/install/eigen3_cmake_module:${AMENT_PREFIX_PATH} CMAKE_PREFIX_PATH=/robofuzz/ros2_foxy/install/eigen3_cmake_module:/robofuzz/targets/moveit2_ws/install/moveit2_tutorials:/robofuzz/targets/moveit2_ws/install/moveit_visual_tools:/robofuzz/targets/moveit2_ws/install/rviz_visual_tools:/robofuzz/targets/turtlebot3_ws/install/turtlebot3:/robofuzz/targets/turtlebot3_ws/install/turtlebot3_simulations:/robofuzz/targets/turtlebot3_ws/install/turtlebot3_bringup:/robofuzz/targets/turtlebot3_ws/install/turtlebot3_node:/robofuzz/targets/turtlebot3_ws/install/turtlebot3_navigation2:/robofuzz/targets/turtlebot3_ws/install/turtlebot3_fake_node:/robofuzz/targets/turtlebot3_ws/install/turtlebot3_msgs:/robofuzz/targets/turtlebot3_ws/install/turtlebot3_gazebo:/robofuzz/targets/turtlebot3_ws/install/turtlebot3_description:/robofuzz/targets/turtlebot3_ws/install/turtlebot3_cartographer:/robofuzz/targets/turtlebot3_ws/install/hls_lfcd_lds_driver:/robofuzz/targets/turtlebot3_ws/install/dynamixel_sdk_examples:/robofuzz/targets/turtlebot3_ws/install/dynamixel_sdk_custom_interfaces:/robofuzz/targets/turtlebot3_ws/install/dynamixel_sdk:/robofuzz/targets/idltest_ws/install/idltest_target:/robofuzz/targets/idltest_ws/install/idltest_msgs:/robofuzz/targets/px4_ros_com_ros2/install/px4_ros_com:/robofuzz/targets/px4_ros_com_ros2/install/px4_msgs:/robofuzz/targets/turtlebot3_ws/install/turtlebot3_teleop:/robofuzz/targets/turtlebot3_ws/install/turtlebot3_example:/opt/ros/foxy /usr/bin/cmake --build /robofuzz/ros2_foxy/build/orocos_kdl -- -j12 -l12
[1.577s] Invoking command in '/robofuzz/ros2_foxy/build/orocos_kdl': AMENT_PREFIX_PATH=/robofuzz/ros2_foxy/install/eigen3_cmake_module:${AMENT_PREFIX_PATH} CMAKE_PREFIX_PATH=/robofuzz/ros2_foxy/install/eigen3_cmake_module:/robofuzz/targets/moveit2_ws/install/moveit2_tutorials:/robofuzz/targets/moveit2_ws/install/moveit_visual_tools:/robofuzz/targets/moveit2_ws/install/rviz_visual_tools:/robofuzz/targets/turtlebot3_ws/install/turtlebot3:/robofuzz/targets/turtlebot3_ws/install/turtlebot3_simulations:/robofuzz/targets/turtlebot3_ws/install/turtlebot3_bringup:/robofuzz/targets/turtlebot3_ws/install/turtlebot3_node:/robofuzz/targets/turtlebot3_ws/install/turtlebot3_navigation2:/robofuzz/targets/turtlebot3_ws/install/turtlebot3_fake_node:/robofuzz/targets/turtlebot3_ws/install/turtlebot3_msgs:/robofuzz/targets/turtlebot3_ws/install/turtlebot3_gazebo:/robofuzz/targets/turtlebot3_ws/install/turtlebot3_description:/robofuzz/targets/turtlebot3_ws/install/turtlebot3_cartographer:/robofuzz/targets/turtlebot3_ws/install/hls_lfcd_lds_driver:/robofuzz/targets/turtlebot3_ws/install/dynamixel_sdk_examples:/robofuzz/targets/turtlebot3_ws/install/dynamixel_sdk_custom_interfaces:/robofuzz/targets/turtlebot3_ws/install/dynamixel_sdk:/robofuzz/targets/idltest_ws/install/idltest_target:/robofuzz/targets/idltest_ws/install/idltest_msgs:/robofuzz/targets/px4_ros_com_ros2/install/px4_ros_com:/robofuzz/targets/px4_ros_com_ros2/install/px4_msgs:/robofuzz/targets/turtlebot3_ws/install/turtlebot3_teleop:/robofuzz/targets/turtlebot3_ws/install/turtlebot3_example:/opt/ros/foxy /usr/bin/cmake --install /robofuzz/ros2_foxy/build/orocos_kdl
[1.671s] -- Install configuration: "Release"
[1.671s] -- Installing: /robofuzz/ros2_foxy/install/orocos_kdl/share/orocos_kdl/cmake/orocos_kdl-config.cmake
[1.672s] -- Installing: /robofuzz/ros2_foxy/install/orocos_kdl/share/orocos_kdl/cmake/orocos_kdl-config-version.cmake
[1.672s] -- Installing: /robofuzz/ros2_foxy/install/orocos_kdl/share/orocos_kdl/cmake/OrocosKDLTargets.cmake
[1.673s] -- Installing: /robofuzz/ros2_foxy/install/orocos_kdl/share/orocos_kdl/cmake/OrocosKDLTargets-release.cmake
[1.673s] -- Installing: /robofuzz/ros2_foxy/install/orocos_kdl/share/orocos_kdl/package.xml
[1.674s] -- Installing: /robofuzz/ros2_foxy/install/orocos_kdl/lib/liborocos-kdl.so.1.4.0
[1.675s] -- Installing: /robofuzz/ros2_foxy/install/orocos_kdl/lib/liborocos-kdl.so.1.4
[1.677s] -- Set runtime path of "/robofuzz/ros2_foxy/install/orocos_kdl/lib/liborocos-kdl.so.1.4.0" to "$ORIGIN/../lib"
[1.678s] -- Installing: /robofuzz/ros2_foxy/install/orocos_kdl/lib/liborocos-kdl.so
[1.679s] -- Installing: /robofuzz/ros2_foxy/install/orocos_kdl/include/kdl/articulatedbodyinertia.hpp
[1.679s] -- Installing: /robofuzz/ros2_foxy/install/orocos_kdl/include/kdl/chain.hpp
[1.679s] -- Installing: /robofuzz/ros2_foxy/install/orocos_kdl/include/kdl/chaindynparam.hpp
[1.679s] -- Installing: /robofuzz/ros2_foxy/install/orocos_kdl/include/kdl/chainfdsolver.hpp
[1.679s] -- Installing: /robofuzz/ros2_foxy/install/orocos_kdl/include/kdl/chainfdsolver_recursive_newton_euler.hpp
[1.680s] -- Installing: /robofuzz/ros2_foxy/install/orocos_kdl/include/kdl/chainfksolver.hpp
[1.680s] -- Installing: /robofuzz/ros2_foxy/install/orocos_kdl/include/kdl/chainfksolverpos_recursive.hpp
[1.683s] -- Installing: /robofuzz/ros2_foxy/install/orocos_kdl/include/kdl/chainfksolvervel_recursive.hpp
[1.683s] -- Installing: /robofuzz/ros2_foxy/install/orocos_kdl/include/kdl/chainidsolver.hpp
[1.683s] -- Installing: /robofuzz/ros2_foxy/install/orocos_kdl/include/kdl/chainidsolver_recursive_newton_euler.hpp
[1.683s] -- Installing: /robofuzz/ros2_foxy/install/orocos_kdl/include/kdl/chainidsolver_vereshchagin.hpp
[1.684s] -- Installing: /robofuzz/ros2_foxy/install/orocos_kdl/include/kdl/chainiksolver.hpp
[1.684s] -- Installing: /robofuzz/ros2_foxy/install/orocos_kdl/include/kdl/chainiksolverpos_lma.hpp
[1.684s] -- Installing: /robofuzz/ros2_foxy/install/orocos_kdl/include/kdl/chainiksolverpos_nr.hpp
[1.684s] -- Installing: /robofuzz/ros2_foxy/install/orocos_kdl/include/kdl/chainiksolverpos_nr_jl.hpp
[1.685s] -- Installing: /robofuzz/ros2_foxy/install/orocos_kdl/include/kdl/chainiksolvervel_pinv.hpp
[1.685s] -- Installing: /robofuzz/ros2_foxy/install/orocos_kdl/include/kdl/chainiksolvervel_pinv_givens.hpp
[1.686s] -- Installing: /robofuzz/ros2_foxy/install/orocos_kdl/include/kdl/chainiksolvervel_pinv_nso.hpp
[1.686s] -- Installing: /robofuzz/ros2_foxy/install/orocos_kdl/include/kdl/chainiksolvervel_wdls.hpp
[1.689s] -- Installing: /robofuzz/ros2_foxy/install/orocos_kdl/include/kdl/chainjnttojacdotsolver.hpp
[1.690s] -- Installing: /robofuzz/ros2_foxy/install/orocos_kdl/include/kdl/chainjnttojacsolver.hpp
[1.690s] -- Installing: /robofuzz/ros2_foxy/install/orocos_kdl/include/kdl/frameacc.hpp
[1.690s] -- Installing: /robofuzz/ros2_foxy/install/orocos_kdl/include/kdl/frameacc.inl
[1.690s] -- Installing: /robofuzz/ros2_foxy/install/orocos_kdl/include/kdl/frameacc_io.hpp
[1.691s] -- Installing: /robofuzz/ros2_foxy/install/orocos_kdl/include/kdl/frames.hpp
[1.691s] -- Installing: /robofuzz/ros2_foxy/install/orocos_kdl/include/kdl/frames.inl
[1.692s] -- Installing: /robofuzz/ros2_foxy/install/orocos_kdl/include/kdl/frames_io.hpp
[1.695s] -- Installing: /robofuzz/ros2_foxy/install/orocos_kdl/include/kdl/framevel.hpp
[1.696s] -- Installing: /robofuzz/ros2_foxy/install/orocos_kdl/include/kdl/framevel.inl
[1.696s] -- Installing: /robofuzz/ros2_foxy/install/orocos_kdl/include/kdl/framevel_io.hpp
[1.696s] -- Installing: /robofuzz/ros2_foxy/install/orocos_kdl/include/kdl/jacobian.hpp
[1.697s] -- Installing: /robofuzz/ros2_foxy/install/orocos_kdl/include/kdl/jntarray.hpp
[1.697s] -- Installing: /robofuzz/ros2_foxy/install/orocos_kdl/include/kdl/jntarrayacc.hpp
[1.697s] -- Installing: /robofuzz/ros2_foxy/install/orocos_kdl/include/kdl/jntarrayvel.hpp
[1.698s] -- Installing: /robofuzz/ros2_foxy/install/orocos_kdl/include/kdl/jntspaceinertiamatrix.hpp
[1.698s] -- Installing: /robofuzz/ros2_foxy/install/orocos_kdl/include/kdl/joint.hpp
[1.698s] -- Installing: /robofuzz/ros2_foxy/install/orocos_kdl/include/kdl/kdl.hpp
[1.699s] -- Installing: /robofuzz/ros2_foxy/install/orocos_kdl/include/kdl/kinfam.hpp
[1.699s] -- Installing: /robofuzz/ros2_foxy/install/orocos_kdl/include/kdl/kinfam_io.hpp
[1.700s] -- Installing: /robofuzz/ros2_foxy/install/orocos_kdl/include/kdl/motion.hpp
[1.701s] -- Installing: /robofuzz/ros2_foxy/install/orocos_kdl/include/kdl/path.hpp
[1.701s] -- Installing: /robofuzz/ros2_foxy/install/orocos_kdl/include/kdl/path_circle.hpp
[1.701s] -- Installing: /robofuzz/ros2_foxy/install/orocos_kdl/include/kdl/path_composite.hpp
[1.701s] -- Installing: /robofuzz/ros2_foxy/install/orocos_kdl/include/kdl/path_cyclic_closed.hpp
[1.702s] -- Installing: /robofuzz/ros2_foxy/install/orocos_kdl/include/kdl/path_line.hpp
[1.702s] -- Installing: /robofuzz/ros2_foxy/install/orocos_kdl/include/kdl/path_point.hpp
[1.702s] -- Installing: /robofuzz/ros2_foxy/install/orocos_kdl/include/kdl/path_roundedcomposite.hpp
[1.703s] -- Installing: /robofuzz/ros2_foxy/install/orocos_kdl/include/kdl/rigidbodyinertia.hpp
[1.703s] -- Installing: /robofuzz/ros2_foxy/install/orocos_kdl/include/kdl/rotational_interpolation.hpp
[1.704s] -- Installing: /robofuzz/ros2_foxy/install/orocos_kdl/include/kdl/rotational_interpolation_sa.hpp
[1.704s] -- Installing: /robofuzz/ros2_foxy/install/orocos_kdl/include/kdl/rotationalinertia.hpp
[1.704s] -- Installing: /robofuzz/ros2_foxy/install/orocos_kdl/include/kdl/segment.hpp
[1.706s] -- Installing: /robofuzz/ros2_foxy/install/orocos_kdl/include/kdl/solveri.hpp
[1.707s] -- Installing: /robofuzz/ros2_foxy/install/orocos_kdl/include/kdl/stiffness.hpp
[1.707s] -- Installing: /robofuzz/ros2_foxy/install/orocos_kdl/include/kdl/trajectory.hpp
[1.708s] -- Installing: /robofuzz/ros2_foxy/install/orocos_kdl/include/kdl/trajectory_composite.hpp
[1.708s] -- Installing: /robofuzz/ros2_foxy/install/orocos_kdl/include/kdl/trajectory_segment.hpp
[1.708s] -- Installing: /robofuzz/ros2_foxy/install/orocos_kdl/include/kdl/trajectory_stationary.hpp
[1.708s] -- Installing: /robofuzz/ros2_foxy/install/orocos_kdl/include/kdl/tree.hpp
[1.708s] -- Installing: /robofuzz/ros2_foxy/install/orocos_kdl/include/kdl/treefksolver.hpp
[1.709s] -- Installing: /robofuzz/ros2_foxy/install/orocos_kdl/include/kdl/treefksolverpos_recursive.hpp
[1.709s] -- Installing: /robofuzz/ros2_foxy/install/orocos_kdl/include/kdl/treeidsolver.hpp
[1.709s] -- Installing: /robofuzz/ros2_foxy/install/orocos_kdl/include/kdl/treeidsolver_recursive_newton_euler.hpp
[1.709s] -- Installing: /robofuzz/ros2_foxy/install/orocos_kdl/include/kdl/treeiksolver.hpp
[1.709s] -- Installing: /robofuzz/ros2_foxy/install/orocos_kdl/include/kdl/treeiksolverpos_nr_jl.hpp
[1.710s] -- Installing: /robofuzz/ros2_foxy/install/orocos_kdl/include/kdl/treeiksolverpos_online.hpp
[1.710s] -- Installing: /robofuzz/ros2_foxy/install/orocos_kdl/include/kdl/treeiksolvervel_wdls.hpp
[1.710s] -- Installing: /robofuzz/ros2_foxy/install/orocos_kdl/include/kdl/treejnttojacsolver.hpp
[1.710s] -- Installing: /robofuzz/ros2_foxy/install/orocos_kdl/include/kdl/velocityprofile.hpp
[1.710s] -- Installing: /robofuzz/ros2_foxy/install/orocos_kdl/include/kdl/velocityprofile_dirac.hpp
[1.710s] -- Installing: /robofuzz/ros2_foxy/install/orocos_kdl/include/kdl/velocityprofile_rect.hpp
[1.710s] -- Installing: /robofuzz/ros2_foxy/install/orocos_kdl/include/kdl/velocityprofile_spline.hpp
[1.711s] -- Installing: /robofuzz/ros2_foxy/install/orocos_kdl/include/kdl/velocityprofile_trap.hpp
[1.711s] -- Installing: /robofuzz/ros2_foxy/install/orocos_kdl/include/kdl/velocityprofile_traphalf.hpp
[1.711s] -- Installing: /robofuzz/ros2_foxy/install/orocos_kdl/include/kdl/config.h
[1.711s] -- Installing: /robofuzz/ros2_foxy/install/orocos_kdl/include/kdl/utilities/error.h
[1.711s] -- Installing: /robofuzz/ros2_foxy/install/orocos_kdl/include/kdl/utilities/error_stack.h
[1.711s] -- Installing: /robofuzz/ros2_foxy/install/orocos_kdl/include/kdl/utilities/kdl-config.h
[1.713s] -- Installing: /robofuzz/ros2_foxy/install/orocos_kdl/include/kdl/utilities/ldl_solver_eigen.hpp
[1.714s] -- Installing: /robofuzz/ros2_foxy/install/orocos_kdl/include/kdl/utilities/rall1d.h
[1.714s] -- Installing: /robofuzz/ros2_foxy/install/orocos_kdl/include/kdl/utilities/rall1d_io.h
[1.714s] -- Installing: /robofuzz/ros2_foxy/install/orocos_kdl/include/kdl/utilities/rall2d.h
[1.714s] -- Installing: /robofuzz/ros2_foxy/install/orocos_kdl/include/kdl/utilities/rall2d_io.h
[1.715s] -- Installing: /robofuzz/ros2_foxy/install/orocos_kdl/include/kdl/utilities/rallNd.h
[1.715s] -- Installing: /robofuzz/ros2_foxy/install/orocos_kdl/include/kdl/utilities/scoped_ptr.hpp
[1.715s] -- Installing: /robofuzz/ros2_foxy/install/orocos_kdl/include/kdl/utilities/svd_HH.hpp
[1.715s] -- Installing: /robofuzz/ros2_foxy/install/orocos_kdl/include/kdl/utilities/svd_eigen_HH.hpp
[1.716s] -- Installing: /robofuzz/ros2_foxy/install/orocos_kdl/include/kdl/utilities/svd_eigen_Macie.hpp
[1.717s] -- Installing: /robofuzz/ros2_foxy/install/orocos_kdl/include/kdl/utilities/traits.h
[1.717s] -- Installing: /robofuzz/ros2_foxy/install/orocos_kdl/include/kdl/utilities/utility.h
[1.717s] -- Installing: /robofuzz/ros2_foxy/install/orocos_kdl/include/kdl/utilities/utility_io.h
[1.718s] -- Installing: /robofuzz/ros2_foxy/install/orocos_kdl/lib/pkgconfig/orocos-kdl.pc
[1.720s] -- Installing: /robofuzz/ros2_foxy/install/orocos_kdl/lib/pkgconfig/orocos_kdl.pc
[1.721s] Invoked command in '/robofuzz/ros2_foxy/build/orocos_kdl' returned '0': AMENT_PREFIX_PATH=/robofuzz/ros2_foxy/install/eigen3_cmake_module:${AMENT_PREFIX_PATH} CMAKE_PREFIX_PATH=/robofuzz/ros2_foxy/install/eigen3_cmake_module:/robofuzz/targets/moveit2_ws/install/moveit2_tutorials:/robofuzz/targets/moveit2_ws/install/moveit_visual_tools:/robofuzz/targets/moveit2_ws/install/rviz_visual_tools:/robofuzz/targets/turtlebot3_ws/install/turtlebot3:/robofuzz/targets/turtlebot3_ws/install/turtlebot3_simulations:/robofuzz/targets/turtlebot3_ws/install/turtlebot3_bringup:/robofuzz/targets/turtlebot3_ws/install/turtlebot3_node:/robofuzz/targets/turtlebot3_ws/install/turtlebot3_navigation2:/robofuzz/targets/turtlebot3_ws/install/turtlebot3_fake_node:/robofuzz/targets/turtlebot3_ws/install/turtlebot3_msgs:/robofuzz/targets/turtlebot3_ws/install/turtlebot3_gazebo:/robofuzz/targets/turtlebot3_ws/install/turtlebot3_description:/robofuzz/targets/turtlebot3_ws/install/turtlebot3_cartographer:/robofuzz/targets/turtlebot3_ws/install/hls_lfcd_lds_driver:/robofuzz/targets/turtlebot3_ws/install/dynamixel_sdk_examples:/robofuzz/targets/turtlebot3_ws/install/dynamixel_sdk_custom_interfaces:/robofuzz/targets/turtlebot3_ws/install/dynamixel_sdk:/robofuzz/targets/idltest_ws/install/idltest_target:/robofuzz/targets/idltest_ws/install/idltest_msgs:/robofuzz/targets/px4_ros_com_ros2/install/px4_ros_com:/robofuzz/targets/px4_ros_com_ros2/install/px4_msgs:/robofuzz/targets/turtlebot3_ws/install/turtlebot3_teleop:/robofuzz/targets/turtlebot3_ws/install/turtlebot3_example:/opt/ros/foxy /usr/bin/cmake --install /robofuzz/ros2_foxy/build/orocos_kdl
