-- The C compiler identification is GNU 9.4.0
-- The CXX compiler identification is GNU 9.4.0
-- Check for working C compiler: /usr/bin/cc
-- Check for working C compiler: /usr/bin/cc -- works
-- Detecting C compiler ABI info
-- Detecting C compiler ABI info - done
-- Detecting C compile features
-- Detecting C compile features - done
-- Check for working CXX compiler: /usr/bin/c++
-- Check for working CXX compiler: /usr/bin/c++ -- works
-- Detecting CXX compiler ABI info
-- Detecting CXX compiler ABI info - done
-- Detecting CXX compile features
-- Detecting CXX compile features - done
-- Found ament_cmake: 0.9.10 (/robofuzz/ros2_foxy/install/ament_cmake/share/ament_cmake/cmake)
-- Found PythonInterp: /usr/bin/python3 (found suitable version "3.8.10", minimum required is "3") 
-- Using PYTHON_EXECUTABLE: /usr/bin/python3
-- Override CMake install command with custom implementation using symlinks instead of copying resources
-- Looking for pthread.h
-- Looking for pthread.h - found
-- Performing Test CMAKE_HAVE_LIBC_PTHREAD
-- Performing Test CMAKE_HAVE_LIBC_PTHREAD - Failed
-- Looking for pthread_create in pthreads
-- Looking for pthread_create in pthreads - not found
-- Looking for pthread_create in pthread
-- Looking for pthread_create in pthread - found
-- Found Threads: TRUE  
-- Found ament_lint_auto: 0.9.7 (/robofuzz/ros2_foxy/install/ament_lint_auto/share/ament_lint_auto/cmake)
-- Added test 'copyright' to check source files copyright and LICENSE
-- Added test 'lint_cmake' to check CMake code style
-- Added test 'xmllint' to check XML markup files
-- Configuring done
-- Generating done
-- Build files have been written to: /robofuzz/ros2_foxy/build/spdlog_vendor
-- Install configuration: ""
-- Execute custom install script
-- Symlinking: /robofuzz/ros2_foxy/install/spdlog_vendor/share/ament_index/resource_index/package_run_dependencies/spdlog_vendor
-- Symlinking: /robofuzz/ros2_foxy/install/spdlog_vendor/share/ament_index/resource_index/parent_prefix_path/spdlog_vendor
-- Symlinking: /robofuzz/ros2_foxy/install/spdlog_vendor/share/spdlog_vendor/environment/ament_prefix_path.sh
-- Symlinking: /robofuzz/ros2_foxy/install/spdlog_vendor/share/spdlog_vendor/environment/ament_prefix_path.dsv
-- Symlinking: /robofuzz/ros2_foxy/install/spdlog_vendor/share/spdlog_vendor/environment/path.sh
-- Symlinking: /robofuzz/ros2_foxy/install/spdlog_vendor/share/spdlog_vendor/environment/path.dsv
-- Symlinking: /robofuzz/ros2_foxy/install/spdlog_vendor/share/spdlog_vendor/local_setup.bash
-- Symlinking: /robofuzz/ros2_foxy/install/spdlog_vendor/share/spdlog_vendor/local_setup.sh
-- Symlinking: /robofuzz/ros2_foxy/install/spdlog_vendor/share/spdlog_vendor/local_setup.zsh
-- Symlinking: /robofuzz/ros2_foxy/install/spdlog_vendor/share/spdlog_vendor/local_setup.dsv
-- Symlinking: /robofuzz/ros2_foxy/install/spdlog_vendor/share/spdlog_vendor/package.dsv
-- Symlinking: /robofuzz/ros2_foxy/install/spdlog_vendor/share/ament_index/resource_index/packages/spdlog_vendor
-- Symlinking: /robofuzz/ros2_foxy/install/spdlog_vendor/share/spdlog_vendor/cmake/spdlog_vendorConfig.cmake
-- Symlinking: /robofuzz/ros2_foxy/install/spdlog_vendor/share/spdlog_vendor/cmake/spdlog_vendorConfig-version.cmake
-- Symlinking: /robofuzz/ros2_foxy/install/spdlog_vendor/share/spdlog_vendor/package.xml
