running develop
running egg_info
creating ros2lifecycle.egg-info
writing ros2lifecycle.egg-info/PKG-INFO
writing dependency_links to ros2lifecycle.egg-info/dependency_links.txt
writing entry points to ros2lifecycle.egg-info/entry_points.txt
writing requirements to ros2lifecycle.egg-info/requires.txt
writing top-level names to ros2lifecycle.egg-info/top_level.txt
writing manifest file 'ros2lifecycle.egg-info/SOURCES.txt'
reading manifest file 'ros2lifecycle.egg-info/SOURCES.txt'
writing manifest file 'ros2lifecycle.egg-info/SOURCES.txt'
running build_ext
Creating /robofuzz/ros2_foxy/install/ros2lifecycle/lib/python3.8/site-packages/site.py
Creating /robofuzz/ros2_foxy/install/ros2lifecycle/lib/python3.8/site-packages/ros2lifecycle.egg-link (link to .)

Installed /robofuzz/ros2_foxy/build/ros2lifecycle
running install_data
copying package.xml -> /robofuzz/ros2_foxy/install/ros2lifecycle/share/ros2lifecycle
creating /robofuzz/ros2_foxy/install/ros2lifecycle/share/ament_index
creating /robofuzz/ros2_foxy/install/ros2lifecycle/share/ament_index/resource_index
creating /robofuzz/ros2_foxy/install/ros2lifecycle/share/ament_index/resource_index/packages
copying resource/ros2lifecycle -> /robofuzz/ros2_foxy/install/ros2lifecycle/share/ament_index/resource_index/packages
