[0.214s] DEBUG:colcon:Command line arguments: ['/usr/bin/colcon', 'build', '--cmake-args', '-DCMAKE_BUILD_TYPE=RELWITHDEBINFO', '--symlink-install', '--packages-skip', 'ros1_bridge', '--event-handlers', 'console_direct+']
[0.214s] DEBUG:colcon:Parsed command line arguments: Namespace(allow_overriding=[], ament_cmake_args=None, base_paths=['.'], build_base='build', catkin_cmake_args=None, catkin_skip_building_tests=False, cmake_args=['-DCMAKE_BUILD_TYPE=RELWITHDEBINFO'], cmake_clean_cache=False, cmake_clean_first=False, cmake_force_configure=False, cmake_target=None, cmake_target_skip_unavailable=False, continue_on_error=False, event_handlers=['console_direct+'], executor='parallel', ignore_user_meta=False, install_base='install', log_base=None, log_level=None, main=<bound method BuildVerb.main of <colcon_core.verb.build.BuildVerb object at 0x7f567b7e2dc0>>, merge_install=False, metas=['./colcon.meta'], mixin=None, mixin_files=None, mixin_verb=('build',), packages_above=None, packages_above_and_dependencies=None, packages_above_depth=None, packages_end=None, packages_ignore=None, packages_ignore_regex=None, packages_select=None, packages_select_build_failed=False, packages_select_by_dep=None, packages_select_regex=None, packages_select_test_failures=False, packages_skip=['ros1_bridge'], packages_skip_build_finished=False, packages_skip_by_dep=None, packages_skip_regex=None, packages_skip_test_passed=False, packages_skip_up_to=None, packages_start=None, packages_up_to=None, packages_up_to_regex=None, parallel_workers=12, paths=None, symlink_install=True, test_result_base=None, verb_extension=<colcon_core.verb.build.BuildVerb object at 0x7f567b7e2dc0>, verb_name='build', verb_parser=<colcon_mixin.mixin.mixin_argument.MixinArgumentDecorator object at 0x7f567b7ee3d0>)
[0.220s] Level 1:colcon.colcon_core.package_discovery:discover_packages(colcon_meta) check parameters
[0.221s] INFO:colcon.colcon_metadata.package_discovery.colcon_meta:Using configuration from '/root/.colcon/metadata/default/Gazebo.meta'
[0.222s] INFO:colcon.colcon_metadata.package_discovery.colcon_meta:Using configuration from '/root/.colcon/metadata/default/fastrtps.meta'
[0.222s] Level 1:colcon.colcon_core.package_discovery:discover_packages(recursive) check parameters
[0.222s] Level 1:colcon.colcon_core.package_discovery:discover_packages(ignore) check parameters
[0.222s] Level 1:colcon.colcon_core.package_discovery:discover_packages(path) check parameters
[0.222s] Level 1:colcon.colcon_core.package_discovery:discover_packages(colcon_meta) discover
[0.222s] Level 1:colcon.colcon_core.package_discovery:discover_packages(recursive) discover
[0.222s] INFO:colcon.colcon_core.package_discovery:Crawling recursively for packages in '/robofuzz/targets/px4_ros_com_ros2'
[0.222s] Level 1:colcon.colcon_core.package_identification:_identify(.) by extensions ['ignore', 'ignore_ament_install']
[0.222s] Level 1:colcon.colcon_core.package_identification:_identify(.) by extension 'ignore'
[0.222s] Level 1:colcon.colcon_core.package_identification:_identify(.) by extension 'ignore_ament_install'
[0.223s] Level 1:colcon.colcon_core.package_identification:_identify(.) by extensions ['colcon_pkg']
[0.223s] Level 1:colcon.colcon_core.package_identification:_identify(.) by extension 'colcon_pkg'
[0.223s] Level 1:colcon.colcon_core.package_identification:_identify(.) by extensions ['colcon_meta']
[0.223s] Level 1:colcon.colcon_core.package_identification:_identify(.) by extension 'colcon_meta'
[0.223s] Level 1:colcon.colcon_core.package_identification:_identify(.) by extensions ['ros']
[0.223s] Level 1:colcon.colcon_core.package_identification:_identify(.) by extension 'ros'
[0.237s] Level 1:colcon.colcon_core.package_identification:_identify(.) by extensions ['cmake', 'python']
[0.237s] Level 1:colcon.colcon_core.package_identification:_identify(.) by extension 'cmake'
[0.237s] Level 1:colcon.colcon_core.package_identification:_identify(.) by extension 'python'
[0.237s] Level 1:colcon.colcon_core.package_identification:_identify(.) by extensions ['python_setup_py']
[0.237s] Level 1:colcon.colcon_core.package_identification:_identify(.) by extension 'python_setup_py'
[0.237s] Level 1:colcon.colcon_core.package_identification:_identify(build) by extensions ['ignore', 'ignore_ament_install']
[0.237s] Level 1:colcon.colcon_core.package_identification:_identify(build) by extension 'ignore'
[0.237s] Level 1:colcon.colcon_core.package_identification:_identify(build) ignored
[0.237s] Level 1:colcon.colcon_core.package_identification:_identify(install) by extensions ['ignore', 'ignore_ament_install']
[0.237s] Level 1:colcon.colcon_core.package_identification:_identify(install) by extension 'ignore'
[0.237s] Level 1:colcon.colcon_core.package_identification:_identify(install) ignored
[0.238s] Level 1:colcon.colcon_core.package_identification:_identify(log) by extensions ['ignore', 'ignore_ament_install']
[0.238s] Level 1:colcon.colcon_core.package_identification:_identify(log) by extension 'ignore'
[0.238s] Level 1:colcon.colcon_core.package_identification:_identify(log) ignored
[0.238s] Level 1:colcon.colcon_core.package_identification:_identify(src) by extensions ['ignore', 'ignore_ament_install']
[0.238s] Level 1:colcon.colcon_core.package_identification:_identify(src) by extension 'ignore'
[0.238s] Level 1:colcon.colcon_core.package_identification:_identify(src) by extension 'ignore_ament_install'
[0.238s] Level 1:colcon.colcon_core.package_identification:_identify(src) by extensions ['colcon_pkg']
[0.238s] Level 1:colcon.colcon_core.package_identification:_identify(src) by extension 'colcon_pkg'
[0.238s] Level 1:colcon.colcon_core.package_identification:_identify(src) by extensions ['colcon_meta']
[0.238s] Level 1:colcon.colcon_core.package_identification:_identify(src) by extension 'colcon_meta'
[0.238s] Level 1:colcon.colcon_core.package_identification:_identify(src) by extensions ['ros']
[0.238s] Level 1:colcon.colcon_core.package_identification:_identify(src) by extension 'ros'
[0.238s] Level 1:colcon.colcon_core.package_identification:_identify(src) by extensions ['cmake', 'python']
[0.238s] Level 1:colcon.colcon_core.package_identification:_identify(src) by extension 'cmake'
[0.238s] Level 1:colcon.colcon_core.package_identification:_identify(src) by extension 'python'
[0.239s] Level 1:colcon.colcon_core.package_identification:_identify(src) by extensions ['python_setup_py']
[0.239s] Level 1:colcon.colcon_core.package_identification:_identify(src) by extension 'python_setup_py'
[0.239s] Level 1:colcon.colcon_core.package_identification:_identify(src/px4_msgs) by extensions ['ignore', 'ignore_ament_install']
[0.239s] Level 1:colcon.colcon_core.package_identification:_identify(src/px4_msgs) by extension 'ignore'
[0.239s] Level 1:colcon.colcon_core.package_identification:_identify(src/px4_msgs) by extension 'ignore_ament_install'
[0.239s] Level 1:colcon.colcon_core.package_identification:_identify(src/px4_msgs) by extensions ['colcon_pkg']
[0.239s] Level 1:colcon.colcon_core.package_identification:_identify(src/px4_msgs) by extension 'colcon_pkg'
[0.239s] Level 1:colcon.colcon_core.package_identification:_identify(src/px4_msgs) by extensions ['colcon_meta']
[0.239s] Level 1:colcon.colcon_core.package_identification:_identify(src/px4_msgs) by extension 'colcon_meta'
[0.239s] Level 1:colcon.colcon_core.package_identification:_identify(src/px4_msgs) by extensions ['ros']
[0.239s] Level 1:colcon.colcon_core.package_identification:_identify(src/px4_msgs) by extension 'ros'
[0.242s] DEBUG:colcon.colcon_core.package_identification:Package 'src/px4_msgs' with type 'ros.ament_cmake' and name 'px4_msgs'
[0.242s] Level 1:colcon.colcon_core.package_identification:_identify(src/px4_ros_com) by extensions ['ignore', 'ignore_ament_install']
[0.242s] Level 1:colcon.colcon_core.package_identification:_identify(src/px4_ros_com) by extension 'ignore'
[0.242s] Level 1:colcon.colcon_core.package_identification:_identify(src/px4_ros_com) by extension 'ignore_ament_install'
[0.242s] Level 1:colcon.colcon_core.package_identification:_identify(src/px4_ros_com) by extensions ['colcon_pkg']
[0.243s] Level 1:colcon.colcon_core.package_identification:_identify(src/px4_ros_com) by extension 'colcon_pkg'
[0.243s] Level 1:colcon.colcon_core.package_identification:_identify(src/px4_ros_com) by extensions ['colcon_meta']
[0.243s] Level 1:colcon.colcon_core.package_identification:_identify(src/px4_ros_com) by extension 'colcon_meta'
[0.243s] Level 1:colcon.colcon_core.package_identification:_identify(src/px4_ros_com) by extensions ['ros']
[0.243s] Level 1:colcon.colcon_core.package_identification:_identify(src/px4_ros_com) by extension 'ros'
[0.244s] DEBUG:colcon.colcon_core.package_identification:Package 'src/px4_ros_com' with type 'ros.ament_cmake' and name 'px4_ros_com'
[0.244s] Level 1:colcon.colcon_core.package_discovery:discover_packages(recursive) using defaults
[0.245s] Level 1:colcon.colcon_core.package_discovery:discover_packages(ignore) discover
[0.245s] Level 1:colcon.colcon_core.package_discovery:discover_packages(ignore) using defaults
[0.245s] Level 1:colcon.colcon_core.package_discovery:discover_packages(path) discover
[0.245s] Level 1:colcon.colcon_core.package_discovery:discover_packages(path) using defaults
[0.245s] WARNING:colcon.colcon_core.package_selection:ignoring unknown package 'ros1_bridge' in --packages-skip
[0.267s] Level 5:colcon.colcon_core.verb:set package 'px4_msgs' build argument 'cmake_args' from command line to '['-DCMAKE_BUILD_TYPE=RELWITHDEBINFO']'
[0.267s] Level 5:colcon.colcon_core.verb:set package 'px4_msgs' build argument 'cmake_target' from command line to 'None'
[0.267s] Level 5:colcon.colcon_core.verb:set package 'px4_msgs' build argument 'cmake_target_skip_unavailable' from command line to 'False'
[0.267s] Level 5:colcon.colcon_core.verb:set package 'px4_msgs' build argument 'cmake_clean_cache' from command line to 'False'
[0.267s] Level 5:colcon.colcon_core.verb:set package 'px4_msgs' build argument 'cmake_clean_first' from command line to 'False'
[0.267s] Level 5:colcon.colcon_core.verb:set package 'px4_msgs' build argument 'cmake_force_configure' from command line to 'False'
[0.267s] Level 5:colcon.colcon_core.verb:set package 'px4_msgs' build argument 'ament_cmake_args' from command line to 'None'
[0.267s] Level 5:colcon.colcon_core.verb:set package 'px4_msgs' build argument 'catkin_cmake_args' from command line to 'None'
[0.267s] Level 5:colcon.colcon_core.verb:set package 'px4_msgs' build argument 'catkin_skip_building_tests' from command line to 'False'
[0.267s] DEBUG:colcon.colcon_core.verb:Building package 'px4_msgs' with the following arguments: {'ament_cmake_args': None, 'build_base': '/robofuzz/targets/px4_ros_com_ros2/build/px4_msgs', 'catkin_cmake_args': None, 'catkin_skip_building_tests': False, 'cmake_args': ['-DCMAKE_BUILD_TYPE=RELWITHDEBINFO'], 'cmake_clean_cache': False, 'cmake_clean_first': False, 'cmake_force_configure': False, 'cmake_target': None, 'cmake_target_skip_unavailable': False, 'install_base': '/robofuzz/targets/px4_ros_com_ros2/install/px4_msgs', 'merge_install': False, 'path': '/robofuzz/targets/px4_ros_com_ros2/src/px4_msgs', 'symlink_install': True, 'test_result_base': None}
[0.268s] Level 5:colcon.colcon_core.verb:set package 'px4_ros_com' build argument 'cmake_args' from command line to '['-DCMAKE_BUILD_TYPE=RELWITHDEBINFO']'
[0.268s] Level 5:colcon.colcon_core.verb:set package 'px4_ros_com' build argument 'cmake_target' from command line to 'None'
[0.268s] Level 5:colcon.colcon_core.verb:set package 'px4_ros_com' build argument 'cmake_target_skip_unavailable' from command line to 'False'
[0.268s] Level 5:colcon.colcon_core.verb:set package 'px4_ros_com' build argument 'cmake_clean_cache' from command line to 'False'
[0.268s] Level 5:colcon.colcon_core.verb:set package 'px4_ros_com' build argument 'cmake_clean_first' from command line to 'False'
[0.268s] Level 5:colcon.colcon_core.verb:set package 'px4_ros_com' build argument 'cmake_force_configure' from command line to 'False'
[0.268s] Level 5:colcon.colcon_core.verb:set package 'px4_ros_com' build argument 'ament_cmake_args' from command line to 'None'
[0.268s] Level 5:colcon.colcon_core.verb:set package 'px4_ros_com' build argument 'catkin_cmake_args' from command line to 'None'
[0.268s] Level 5:colcon.colcon_core.verb:set package 'px4_ros_com' build argument 'catkin_skip_building_tests' from command line to 'False'
[0.268s] DEBUG:colcon.colcon_core.verb:Building package 'px4_ros_com' with the following arguments: {'ament_cmake_args': None, 'build_base': '/robofuzz/targets/px4_ros_com_ros2/build/px4_ros_com', 'catkin_cmake_args': None, 'catkin_skip_building_tests': False, 'cmake_args': ['-DCMAKE_BUILD_TYPE=RELWITHDEBINFO'], 'cmake_clean_cache': False, 'cmake_clean_first': False, 'cmake_force_configure': False, 'cmake_target': None, 'cmake_target_skip_unavailable': False, 'install_base': '/robofuzz/targets/px4_ros_com_ros2/install/px4_ros_com', 'merge_install': False, 'path': '/robofuzz/targets/px4_ros_com_ros2/src/px4_ros_com', 'symlink_install': True, 'test_result_base': None}
[0.273s] INFO:colcon.colcon_core.executor:Executing jobs using 'parallel' executor
[0.275s] DEBUG:colcon.colcon_parallel_executor.executor.parallel:run_until_complete
[0.275s] INFO:colcon.colcon_ros.task.ament_cmake.build:Building ROS package in '/robofuzz/targets/px4_ros_com_ros2/src/px4_msgs' with build type 'ament_cmake'
[0.275s] INFO:colcon.colcon_cmake.task.cmake.build:Building CMake package in '/robofuzz/targets/px4_ros_com_ros2/src/px4_msgs'
[0.280s] INFO:colcon.colcon_core.plugin_system:Skipping extension 'colcon_core.shell.bat': Not used on non-Windows systems
[0.280s] INFO:colcon.colcon_core.shell:Skip shell extension 'powershell' for command environment: Not usable outside of PowerShell
[0.280s] DEBUG:colcon.colcon_core.shell:Skip shell extension 'dsv' for command environment
[0.290s] DEBUG:colcon.colcon_core.event_handler.log_command:Invoking command in '/robofuzz/targets/px4_ros_com_ros2/build/px4_msgs': CMAKE_PREFIX_PATH=/opt/ros/foxy /usr/bin/cmake /robofuzz/targets/px4_ros_com_ros2/src/px4_msgs -DCMAKE_BUILD_TYPE=RELWITHDEBINFO -DAMENT_CMAKE_SYMLINK_INSTALL=1 -DCMAKE_INSTALL_PREFIX=/robofuzz/targets/px4_ros_com_ros2/install/px4_msgs
[5.011s] DEBUG:colcon.colcon_core.event_handler.log_command:Invoked command in '/robofuzz/targets/px4_ros_com_ros2/build/px4_msgs' returned '0': CMAKE_PREFIX_PATH=/opt/ros/foxy /usr/bin/cmake /robofuzz/targets/px4_ros_com_ros2/src/px4_msgs -DCMAKE_BUILD_TYPE=RELWITHDEBINFO -DAMENT_CMAKE_SYMLINK_INSTALL=1 -DCMAKE_INSTALL_PREFIX=/robofuzz/targets/px4_ros_com_ros2/install/px4_msgs
[5.013s] DEBUG:colcon.colcon_core.event_handler.log_command:Invoking command in '/robofuzz/targets/px4_ros_com_ros2/build/px4_msgs': CMAKE_PREFIX_PATH=/opt/ros/foxy /usr/bin/cmake --build /robofuzz/targets/px4_ros_com_ros2/build/px4_msgs -- -j12 -l12
[355.223s] DEBUG:colcon.colcon_core.event_handler.log_command:Invoked command in '/robofuzz/targets/px4_ros_com_ros2/build/px4_msgs' returned '0': CMAKE_PREFIX_PATH=/opt/ros/foxy /usr/bin/cmake --build /robofuzz/targets/px4_ros_com_ros2/build/px4_msgs -- -j12 -l12
[360.765s] DEBUG:colcon.colcon_core.event_handler.log_command:Invoking command in '/robofuzz/targets/px4_ros_com_ros2/build/px4_msgs': CMAKE_PREFIX_PATH=/opt/ros/foxy /usr/bin/cmake --install /robofuzz/targets/px4_ros_com_ros2/build/px4_msgs
[387.066s] Level 1:colcon.colcon_core.environment:create_environment_scripts_only(px4_msgs)
[387.067s] DEBUG:colcon.colcon_core.event_handler.log_command:Invoked command in '/robofuzz/targets/px4_ros_com_ros2/build/px4_msgs' returned '0': CMAKE_PREFIX_PATH=/opt/ros/foxy /usr/bin/cmake --install /robofuzz/targets/px4_ros_com_ros2/build/px4_msgs
[387.072s] Level 1:colcon.colcon_core.environment:checking '/robofuzz/targets/px4_ros_com_ros2/install/px4_msgs' for CMake module files
[387.073s] Level 1:colcon.colcon_core.environment:checking '/robofuzz/targets/px4_ros_com_ros2/install/px4_msgs' for CMake config files
[387.100s] Level 1:colcon.colcon_core.shell:create_environment_hook('px4_msgs', 'cmake_prefix_path')
[387.101s] INFO:colcon.colcon_core.shell:Creating environment hook '/robofuzz/targets/px4_ros_com_ros2/install/px4_msgs/share/px4_msgs/hook/cmake_prefix_path.ps1'
[387.102s] INFO:colcon.colcon_core.shell:Creating environment descriptor '/robofuzz/targets/px4_ros_com_ros2/install/px4_msgs/share/px4_msgs/hook/cmake_prefix_path.dsv'
[387.103s] INFO:colcon.colcon_core.shell:Creating environment hook '/robofuzz/targets/px4_ros_com_ros2/install/px4_msgs/share/px4_msgs/hook/cmake_prefix_path.sh'
[387.104s] Level 1:colcon.colcon_core.environment:checking '/robofuzz/targets/px4_ros_com_ros2/install/px4_msgs/lib'
[387.104s] Level 1:colcon.colcon_core.shell:create_environment_hook('px4_msgs', 'ld_library_path_lib')
[387.105s] INFO:colcon.colcon_core.shell:Creating environment hook '/robofuzz/targets/px4_ros_com_ros2/install/px4_msgs/share/px4_msgs/hook/ld_library_path_lib.ps1'
[387.105s] INFO:colcon.colcon_core.shell:Creating environment descriptor '/robofuzz/targets/px4_ros_com_ros2/install/px4_msgs/share/px4_msgs/hook/ld_library_path_lib.dsv'
[387.105s] INFO:colcon.colcon_core.shell:Creating environment hook '/robofuzz/targets/px4_ros_com_ros2/install/px4_msgs/share/px4_msgs/hook/ld_library_path_lib.sh'
[387.106s] Level 1:colcon.colcon_core.environment:checking '/robofuzz/targets/px4_ros_com_ros2/install/px4_msgs/bin'
[387.106s] Level 1:colcon.colcon_core.environment:checking '/robofuzz/targets/px4_ros_com_ros2/install/px4_msgs/lib/pkgconfig/px4_msgs.pc'
[387.106s] Level 1:colcon.colcon_core.environment:checking '/robofuzz/targets/px4_ros_com_ros2/install/px4_msgs/lib/python3.8/site-packages'
[387.106s] Level 1:colcon.colcon_core.shell:create_environment_hook('px4_msgs', 'pythonpath')
[387.107s] INFO:colcon.colcon_core.shell:Creating environment hook '/robofuzz/targets/px4_ros_com_ros2/install/px4_msgs/share/px4_msgs/hook/pythonpath.ps1'
[387.107s] INFO:colcon.colcon_core.shell:Creating environment descriptor '/robofuzz/targets/px4_ros_com_ros2/install/px4_msgs/share/px4_msgs/hook/pythonpath.dsv'
[387.108s] INFO:colcon.colcon_core.shell:Creating environment hook '/robofuzz/targets/px4_ros_com_ros2/install/px4_msgs/share/px4_msgs/hook/pythonpath.sh'
[387.109s] INFO:colcon.colcon_core.shell:Creating package script '/robofuzz/targets/px4_ros_com_ros2/install/px4_msgs/share/px4_msgs/package.ps1'
[387.110s] INFO:colcon.colcon_core.shell:Creating package descriptor '/robofuzz/targets/px4_ros_com_ros2/install/px4_msgs/share/px4_msgs/package.dsv'
[387.111s] INFO:colcon.colcon_core.shell:Creating package script '/robofuzz/targets/px4_ros_com_ros2/install/px4_msgs/share/px4_msgs/package.sh'
[387.112s] INFO:colcon.colcon_core.shell:Creating package script '/robofuzz/targets/px4_ros_com_ros2/install/px4_msgs/share/px4_msgs/package.bash'
[387.113s] INFO:colcon.colcon_core.shell:Creating package script '/robofuzz/targets/px4_ros_com_ros2/install/px4_msgs/share/px4_msgs/package.zsh'
[387.114s] Level 1:colcon.colcon_core.environment:create_file_with_runtime_dependencies(/robofuzz/targets/px4_ros_com_ros2/install/px4_msgs/share/colcon-core/packages/px4_msgs)
[392.520s] Level 1:colcon.colcon_core.environment:create_environment_scripts_only(px4_msgs)
[392.523s] Level 1:colcon.colcon_core.environment:checking '/robofuzz/targets/px4_ros_com_ros2/install/px4_msgs' for CMake module files
[392.525s] Level 1:colcon.colcon_core.environment:checking '/robofuzz/targets/px4_ros_com_ros2/install/px4_msgs' for CMake config files
[392.556s] Level 1:colcon.colcon_core.shell:create_environment_hook('px4_msgs', 'cmake_prefix_path')
[392.557s] INFO:colcon.colcon_core.shell:Creating environment hook '/robofuzz/targets/px4_ros_com_ros2/install/px4_msgs/share/px4_msgs/hook/cmake_prefix_path.ps1'
[392.558s] INFO:colcon.colcon_core.shell:Creating environment descriptor '/robofuzz/targets/px4_ros_com_ros2/install/px4_msgs/share/px4_msgs/hook/cmake_prefix_path.dsv'
[392.558s] INFO:colcon.colcon_core.shell:Creating environment hook '/robofuzz/targets/px4_ros_com_ros2/install/px4_msgs/share/px4_msgs/hook/cmake_prefix_path.sh'
[392.559s] Level 1:colcon.colcon_core.environment:checking '/robofuzz/targets/px4_ros_com_ros2/install/px4_msgs/lib'
[392.559s] Level 1:colcon.colcon_core.shell:create_environment_hook('px4_msgs', 'ld_library_path_lib')
[392.559s] INFO:colcon.colcon_core.shell:Creating environment hook '/robofuzz/targets/px4_ros_com_ros2/install/px4_msgs/share/px4_msgs/hook/ld_library_path_lib.ps1'
[392.560s] INFO:colcon.colcon_core.shell:Creating environment descriptor '/robofuzz/targets/px4_ros_com_ros2/install/px4_msgs/share/px4_msgs/hook/ld_library_path_lib.dsv'
[392.560s] INFO:colcon.colcon_core.shell:Creating environment hook '/robofuzz/targets/px4_ros_com_ros2/install/px4_msgs/share/px4_msgs/hook/ld_library_path_lib.sh'
[392.560s] Level 1:colcon.colcon_core.environment:checking '/robofuzz/targets/px4_ros_com_ros2/install/px4_msgs/bin'
[392.561s] Level 1:colcon.colcon_core.environment:checking '/robofuzz/targets/px4_ros_com_ros2/install/px4_msgs/lib/pkgconfig/px4_msgs.pc'
[392.561s] Level 1:colcon.colcon_core.environment:checking '/robofuzz/targets/px4_ros_com_ros2/install/px4_msgs/lib/python3.8/site-packages'
[392.561s] Level 1:colcon.colcon_core.shell:create_environment_hook('px4_msgs', 'pythonpath')
[392.561s] INFO:colcon.colcon_core.shell:Creating environment hook '/robofuzz/targets/px4_ros_com_ros2/install/px4_msgs/share/px4_msgs/hook/pythonpath.ps1'
[392.562s] INFO:colcon.colcon_core.shell:Creating environment descriptor '/robofuzz/targets/px4_ros_com_ros2/install/px4_msgs/share/px4_msgs/hook/pythonpath.dsv'
[392.562s] INFO:colcon.colcon_core.shell:Creating environment hook '/robofuzz/targets/px4_ros_com_ros2/install/px4_msgs/share/px4_msgs/hook/pythonpath.sh'
[392.563s] INFO:colcon.colcon_core.shell:Creating package script '/robofuzz/targets/px4_ros_com_ros2/install/px4_msgs/share/px4_msgs/package.ps1'
[392.563s] INFO:colcon.colcon_core.shell:Creating package descriptor '/robofuzz/targets/px4_ros_com_ros2/install/px4_msgs/share/px4_msgs/package.dsv'
[392.564s] INFO:colcon.colcon_core.shell:Creating package script '/robofuzz/targets/px4_ros_com_ros2/install/px4_msgs/share/px4_msgs/package.sh'
[392.564s] INFO:colcon.colcon_core.shell:Creating package script '/robofuzz/targets/px4_ros_com_ros2/install/px4_msgs/share/px4_msgs/package.bash'
[392.565s] INFO:colcon.colcon_core.shell:Creating package script '/robofuzz/targets/px4_ros_com_ros2/install/px4_msgs/share/px4_msgs/package.zsh'
[392.565s] Level 1:colcon.colcon_core.environment:create_file_with_runtime_dependencies(/robofuzz/targets/px4_ros_com_ros2/install/px4_msgs/share/colcon-core/packages/px4_msgs)
[392.566s] INFO:colcon.colcon_ros.task.ament_cmake.build:Building ROS package in '/robofuzz/targets/px4_ros_com_ros2/src/px4_ros_com' with build type 'ament_cmake'
[392.566s] INFO:colcon.colcon_cmake.task.cmake.build:Building CMake package in '/robofuzz/targets/px4_ros_com_ros2/src/px4_ros_com'
[392.566s] INFO:colcon.colcon_core.shell:Skip shell extension 'powershell' for command environment: Not usable outside of PowerShell
[392.566s] DEBUG:colcon.colcon_core.shell:Skip shell extension 'dsv' for command environment
[392.578s] DEBUG:colcon.colcon_core.event_handler.log_command:Invoking command in '/robofuzz/targets/px4_ros_com_ros2/build/px4_ros_com': AMENT_PREFIX_PATH=/robofuzz/targets/px4_ros_com_ros2/install/px4_msgs:${AMENT_PREFIX_PATH} CMAKE_PREFIX_PATH=/robofuzz/targets/px4_ros_com_ros2/install/px4_msgs:/opt/ros/foxy LD_LIBRARY_PATH=/robofuzz/targets/px4_ros_com_ros2/install/px4_msgs/lib:${LD_LIBRARY_PATH} PYTHONPATH=/robofuzz/targets/px4_ros_com_ros2/install/px4_msgs/lib/python3.8/site-packages:${PYTHONPATH} /usr/bin/cmake /robofuzz/targets/px4_ros_com_ros2/src/px4_ros_com -DCMAKE_BUILD_TYPE=RELWITHDEBINFO -DAMENT_CMAKE_SYMLINK_INSTALL=1 -DCMAKE_INSTALL_PREFIX=/robofuzz/targets/px4_ros_com_ros2/install/px4_ros_com
[395.671s] DEBUG:colcon.colcon_core.event_handler.log_command:Invoked command in '/robofuzz/targets/px4_ros_com_ros2/build/px4_ros_com' returned '0': AMENT_PREFIX_PATH=/robofuzz/targets/px4_ros_com_ros2/install/px4_msgs:${AMENT_PREFIX_PATH} CMAKE_PREFIX_PATH=/robofuzz/targets/px4_ros_com_ros2/install/px4_msgs:/opt/ros/foxy LD_LIBRARY_PATH=/robofuzz/targets/px4_ros_com_ros2/install/px4_msgs/lib:${LD_LIBRARY_PATH} PYTHONPATH=/robofuzz/targets/px4_ros_com_ros2/install/px4_msgs/lib/python3.8/site-packages:${PYTHONPATH} /usr/bin/cmake /robofuzz/targets/px4_ros_com_ros2/src/px4_ros_com -DCMAKE_BUILD_TYPE=RELWITHDEBINFO -DAMENT_CMAKE_SYMLINK_INSTALL=1 -DCMAKE_INSTALL_PREFIX=/robofuzz/targets/px4_ros_com_ros2/install/px4_ros_com
[395.674s] DEBUG:colcon.colcon_core.event_handler.log_command:Invoking command in '/robofuzz/targets/px4_ros_com_ros2/build/px4_ros_com': AMENT_PREFIX_PATH=/robofuzz/targets/px4_ros_com_ros2/install/px4_msgs:${AMENT_PREFIX_PATH} CMAKE_PREFIX_PATH=/robofuzz/targets/px4_ros_com_ros2/install/px4_msgs:/opt/ros/foxy LD_LIBRARY_PATH=/robofuzz/targets/px4_ros_com_ros2/install/px4_msgs/lib:${LD_LIBRARY_PATH} PYTHONPATH=/robofuzz/targets/px4_ros_com_ros2/install/px4_msgs/lib/python3.8/site-packages:${PYTHONPATH} /usr/bin/cmake --build /robofuzz/targets/px4_ros_com_ros2/build/px4_ros_com -- -j12 -l12
[451.147s] DEBUG:colcon.colcon_core.event_handler.log_command:Invoked command in '/robofuzz/targets/px4_ros_com_ros2/build/px4_ros_com' returned '2': AMENT_PREFIX_PATH=/robofuzz/targets/px4_ros_com_ros2/install/px4_msgs:${AMENT_PREFIX_PATH} CMAKE_PREFIX_PATH=/robofuzz/targets/px4_ros_com_ros2/install/px4_msgs:/opt/ros/foxy LD_LIBRARY_PATH=/robofuzz/targets/px4_ros_com_ros2/install/px4_msgs/lib:${LD_LIBRARY_PATH} PYTHONPATH=/robofuzz/targets/px4_ros_com_ros2/install/px4_msgs/lib/python3.8/site-packages:${PYTHONPATH} /usr/bin/cmake --build /robofuzz/targets/px4_ros_com_ros2/build/px4_ros_com -- -j12 -l12
[451.671s] Level 1:colcon.colcon_core.environment:create_environment_scripts_only(px4_ros_com)
[451.674s] Level 1:colcon.colcon_core.environment:checking '/robofuzz/targets/px4_ros_com_ros2/install/px4_ros_com' for CMake module files
[451.675s] Level 1:colcon.colcon_core.environment:checking '/robofuzz/targets/px4_ros_com_ros2/install/px4_ros_com' for CMake config files
[451.676s] Level 1:colcon.colcon_core.environment:checking '/robofuzz/targets/px4_ros_com_ros2/install/px4_ros_com/bin'
[451.676s] Level 1:colcon.colcon_core.environment:checking '/robofuzz/targets/px4_ros_com_ros2/install/px4_ros_com/lib/pkgconfig/px4_ros_com.pc'
[451.676s] Level 1:colcon.colcon_core.environment:checking '/robofuzz/targets/px4_ros_com_ros2/install/px4_ros_com/lib/python3.8/site-packages'
[451.678s] INFO:colcon.colcon_core.shell:Creating package script '/robofuzz/targets/px4_ros_com_ros2/install/px4_ros_com/share/px4_ros_com/package.ps1'
[451.680s] INFO:colcon.colcon_core.shell:Creating package descriptor '/robofuzz/targets/px4_ros_com_ros2/install/px4_ros_com/share/px4_ros_com/package.dsv'
[451.681s] INFO:colcon.colcon_core.shell:Creating package script '/robofuzz/targets/px4_ros_com_ros2/install/px4_ros_com/share/px4_ros_com/package.sh'
[451.682s] INFO:colcon.colcon_core.shell:Creating package script '/robofuzz/targets/px4_ros_com_ros2/install/px4_ros_com/share/px4_ros_com/package.bash'
[451.683s] INFO:colcon.colcon_core.shell:Creating package script '/robofuzz/targets/px4_ros_com_ros2/install/px4_ros_com/share/px4_ros_com/package.zsh'
[451.684s] Level 1:colcon.colcon_core.environment:create_file_with_runtime_dependencies(/robofuzz/targets/px4_ros_com_ros2/install/px4_ros_com/share/colcon-core/packages/px4_ros_com)
[451.695s] DEBUG:colcon.colcon_parallel_executor.executor.parallel:closing loop
[451.695s] DEBUG:colcon.colcon_parallel_executor.executor.parallel:loop closed
[451.696s] DEBUG:colcon.colcon_parallel_executor.executor.parallel:run_until_complete finished with '2'
[451.696s] DEBUG:colcon.colcon_core.event_reactor:joining thread
[451.717s] INFO:colcon.colcon_core.plugin_system:Skipping extension 'colcon_notification.desktop_notification.notify_send': Could not find 'notify-send'
[451.717s] INFO:colcon.colcon_core.plugin_system:Skipping extension 'colcon_notification.desktop_notification.terminal_notifier': Not used on non-Darwin systems
[451.718s] INFO:colcon.colcon_core.plugin_system:Skipping extension 'colcon_notification.desktop_notification.win32': Not used on non-Windows systems
[451.718s] INFO:colcon.colcon_notification.desktop_notification:Sending desktop notification using 'notify2'
[451.718s] DEBUG:colcon.colcon_notification.desktop_notification.notify2:Failed to initialize notify2: org.freedesktop.DBus.Error.NotSupported: Unable to autolaunch a dbus-daemon without a $DISPLAY for X11
[451.718s] DEBUG:colcon.colcon_core.event_reactor:joined thread
[451.720s] INFO:colcon.colcon_core.shell:Creating prefix script '/robofuzz/targets/px4_ros_com_ros2/install/local_setup.ps1'
[451.723s] INFO:colcon.colcon_core.shell:Creating prefix util module '/robofuzz/targets/px4_ros_com_ros2/install/_local_setup_util_ps1.py'
[451.729s] INFO:colcon.colcon_core.shell:Creating prefix chain script '/robofuzz/targets/px4_ros_com_ros2/install/setup.ps1'
[451.732s] INFO:colcon.colcon_core.shell:Creating prefix script '/robofuzz/targets/px4_ros_com_ros2/install/local_setup.sh'
[451.734s] INFO:colcon.colcon_core.shell:Creating prefix util module '/robofuzz/targets/px4_ros_com_ros2/install/_local_setup_util_sh.py'
[451.735s] INFO:colcon.colcon_core.shell:Creating prefix chain script '/robofuzz/targets/px4_ros_com_ros2/install/setup.sh'
[451.756s] INFO:colcon.colcon_core.shell:Creating prefix script '/robofuzz/targets/px4_ros_com_ros2/install/local_setup.bash'
[451.757s] INFO:colcon.colcon_core.shell:Creating prefix chain script '/robofuzz/targets/px4_ros_com_ros2/install/setup.bash'
[451.759s] INFO:colcon.colcon_core.shell:Creating prefix script '/robofuzz/targets/px4_ros_com_ros2/install/local_setup.zsh'
[451.760s] INFO:colcon.colcon_core.shell:Creating prefix chain script '/robofuzz/targets/px4_ros_com_ros2/install/setup.zsh'
