running develop
running egg_info
creating ament_clang_tidy.egg-info
writing ament_clang_tidy.egg-info/PKG-INFO
writing dependency_links to ament_clang_tidy.egg-info/dependency_links.txt
writing entry points to ament_clang_tidy.egg-info/entry_points.txt
writing requirements to ament_clang_tidy.egg-info/requires.txt
writing top-level names to ament_clang_tidy.egg-info/top_level.txt
writing manifest file 'ament_clang_tidy.egg-info/SOURCES.txt'
reading manifest file 'ament_clang_tidy.egg-info/SOURCES.txt'
writing manifest file 'ament_clang_tidy.egg-info/SOURCES.txt'
running build_ext
Creating /robofuzz/ros2_foxy/install/ament_clang_tidy/lib/python3.8/site-packages/site.py
Creating /robofuzz/ros2_foxy/install/ament_clang_tidy/lib/python3.8/site-packages/ament-clang-tidy.egg-link (link to .)
Installing ament_clang_tidy script to /robofuzz/ros2_foxy/install/ament_clang_tidy/bin

Installed /robofuzz/ros2_foxy/build/ament_clang_tidy
running install_data
copying package.xml -> /robofuzz/ros2_foxy/install/ament_clang_tidy/share/ament_clang_tidy
creating /robofuzz/ros2_foxy/install/ament_clang_tidy/share/ament_index
creating /robofuzz/ros2_foxy/install/ament_clang_tidy/share/ament_index/resource_index
creating /robofuzz/ros2_foxy/install/ament_clang_tidy/share/ament_index/resource_index/packages
copying resource/ament_clang_tidy -> /robofuzz/ros2_foxy/install/ament_clang_tidy/share/ament_index/resource_index/packages
