[4.899s] Invoking command in '/robofuzz/ros2_foxy/build/ament_clang_tidy': AMENT_PREFIX_PATH=/robofuzz/ros2_foxy/install/ament_copyright:/robofuzz/ros2_foxy/install/ament_pep257:/robofuzz/ros2_foxy/install/ament_flake8:/robofuzz/ros2_foxy/install/ament_lint:${AMENT_PREFIX_PATH} PATH=/robofuzz/ros2_foxy/install/ament_copyright/bin:/robofuzz/ros2_foxy/install/ament_pep257/bin:/robofuzz/ros2_foxy/install/ament_flake8/bin:${PATH} PYTHONPATH=/robofuzz/ros2_foxy/install/ament_clang_tidy/lib/python3.8/site-packages:/robofuzz/ros2_foxy/build/ament_copyright:/robofuzz/ros2_foxy/install/ament_copyright/lib/python3.8/site-packages:/robofuzz/ros2_foxy/build/ament_pep257:/robofuzz/ros2_foxy/install/ament_pep257/lib/python3.8/site-packages:/robofuzz/ros2_foxy/build/ament_flake8:/robofuzz/ros2_foxy/install/ament_flake8/lib/python3.8/site-packages:/robofuzz/ros2_foxy/build/ament_lint:/robofuzz/ros2_foxy/install/ament_lint/lib/python3.8/site-packages:${PYTHONPATH} /usr/bin/python3 setup.py develop --prefix /robofuzz/ros2_foxy/install/ament_clang_tidy --editable --build-directory /robofuzz/ros2_foxy/build/ament_clang_tidy/build --no-deps install_data --install-dir /robofuzz/ros2_foxy/install/ament_clang_tidy
[5.654s] running develop
[6.055s] running egg_info
[6.055s] creating ament_clang_tidy.egg-info
[6.056s] writing ament_clang_tidy.egg-info/PKG-INFO
[6.056s] writing dependency_links to ament_clang_tidy.egg-info/dependency_links.txt
[6.056s] writing entry points to ament_clang_tidy.egg-info/entry_points.txt
[6.056s] writing requirements to ament_clang_tidy.egg-info/requires.txt
[6.057s] writing top-level names to ament_clang_tidy.egg-info/top_level.txt
[6.060s] writing manifest file 'ament_clang_tidy.egg-info/SOURCES.txt'
[6.158s] reading manifest file 'ament_clang_tidy.egg-info/SOURCES.txt'
[6.159s] writing manifest file 'ament_clang_tidy.egg-info/SOURCES.txt'
[6.273s] running build_ext
[6.273s] Creating /robofuzz/ros2_foxy/install/ament_clang_tidy/lib/python3.8/site-packages/site.py
[6.278s] Creating /robofuzz/ros2_foxy/install/ament_clang_tidy/lib/python3.8/site-packages/ament-clang-tidy.egg-link (link to .)
[6.280s] Installing ament_clang_tidy script to /robofuzz/ros2_foxy/install/ament_clang_tidy/bin
[6.281s] 
[6.281s] Installed /robofuzz/ros2_foxy/build/ament_clang_tidy
[6.281s] running install_data
[6.281s] copying package.xml -> /robofuzz/ros2_foxy/install/ament_clang_tidy/share/ament_clang_tidy
[6.282s] creating /robofuzz/ros2_foxy/install/ament_clang_tidy/share/ament_index
[6.282s] creating /robofuzz/ros2_foxy/install/ament_clang_tidy/share/ament_index/resource_index
[6.282s] creating /robofuzz/ros2_foxy/install/ament_clang_tidy/share/ament_index/resource_index/packages
[6.282s] copying resource/ament_clang_tidy -> /robofuzz/ros2_foxy/install/ament_clang_tidy/share/ament_index/resource_index/packages
[6.337s] Invoked command in '/robofuzz/ros2_foxy/build/ament_clang_tidy' returned '0': AMENT_PREFIX_PATH=/robofuzz/ros2_foxy/install/ament_copyright:/robofuzz/ros2_foxy/install/ament_pep257:/robofuzz/ros2_foxy/install/ament_flake8:/robofuzz/ros2_foxy/install/ament_lint:${AMENT_PREFIX_PATH} PATH=/robofuzz/ros2_foxy/install/ament_copyright/bin:/robofuzz/ros2_foxy/install/ament_pep257/bin:/robofuzz/ros2_foxy/install/ament_flake8/bin:${PATH} PYTHONPATH=/robofuzz/ros2_foxy/install/ament_clang_tidy/lib/python3.8/site-packages:/robofuzz/ros2_foxy/build/ament_copyright:/robofuzz/ros2_foxy/install/ament_copyright/lib/python3.8/site-packages:/robofuzz/ros2_foxy/build/ament_pep257:/robofuzz/ros2_foxy/install/ament_pep257/lib/python3.8/site-packages:/robofuzz/ros2_foxy/build/ament_flake8:/robofuzz/ros2_foxy/install/ament_flake8/lib/python3.8/site-packages:/robofuzz/ros2_foxy/build/ament_lint:/robofuzz/ros2_foxy/install/ament_lint/lib/python3.8/site-packages:${PYTHONPATH} /usr/bin/python3 setup.py develop --prefix /robofuzz/ros2_foxy/install/ament_clang_tidy --editable --build-directory /robofuzz/ros2_foxy/build/ament_clang_tidy/build --no-deps install_data --install-dir /robofuzz/ros2_foxy/install/ament_clang_tidy
