running develop
running egg_info
creating src/rqt_shell.egg-info
writing src/rqt_shell.egg-info/PKG-INFO
writing dependency_links to src/rqt_shell.egg-info/dependency_links.txt
writing entry points to src/rqt_shell.egg-info/entry_points.txt
writing requirements to src/rqt_shell.egg-info/requires.txt
writing top-level names to src/rqt_shell.egg-info/top_level.txt
writing manifest file 'src/rqt_shell.egg-info/SOURCES.txt'
reading manifest file 'src/rqt_shell.egg-info/SOURCES.txt'
writing manifest file 'src/rqt_shell.egg-info/SOURCES.txt'
running build_ext
Creating /robofuzz/ros2_foxy/install/rqt_shell/lib/python3.8/site-packages/site.py
Creating /robofuzz/ros2_foxy/install/rqt_shell/lib/python3.8/site-packages/rqt-shell.egg-link (link to src)
Installing rqt_shell script to /robofuzz/ros2_foxy/install/rqt_shell/lib/rqt_shell

Installed /robofuzz/ros2_foxy/build/rqt_shell/src
running install_data
creating /robofuzz/ros2_foxy/install/rqt_shell/share/ament_index
creating /robofuzz/ros2_foxy/install/rqt_shell/share/ament_index/resource_index
creating /robofuzz/ros2_foxy/install/rqt_shell/share/ament_index/resource_index/packages
copying resource/rqt_shell -> /robofuzz/ros2_foxy/install/rqt_shell/share/ament_index/resource_index/packages
creating /robofuzz/ros2_foxy/install/rqt_shell/share/rqt_shell/resource
copying resource/shell_widget.ui -> /robofuzz/ros2_foxy/install/rqt_shell/share/rqt_shell/resource
copying package.xml -> /robofuzz/ros2_foxy/install/rqt_shell/share/rqt_shell
copying plugin.xml -> /robofuzz/ros2_foxy/install/rqt_shell/share/rqt_shell
