running develop
running egg_info
creating topic_monitor.egg-info
writing topic_monitor.egg-info/PKG-INFO
writing dependency_links to topic_monitor.egg-info/dependency_links.txt
writing entry points to topic_monitor.egg-info/entry_points.txt
writing requirements to topic_monitor.egg-info/requires.txt
writing top-level names to topic_monitor.egg-info/top_level.txt
writing manifest file 'topic_monitor.egg-info/SOURCES.txt'
reading manifest file 'topic_monitor.egg-info/SOURCES.txt'
writing manifest file 'topic_monitor.egg-info/SOURCES.txt'
running build_ext
Creating /robofuzz/ros2_foxy/install/topic_monitor/lib/python3.8/site-packages/site.py
Creating /robofuzz/ros2_foxy/install/topic_monitor/lib/python3.8/site-packages/topic-monitor.egg-link (link to .)
Installing data_publisher script to /robofuzz/ros2_foxy/install/topic_monitor/lib/topic_monitor
Installing topic_monitor script to /robofuzz/ros2_foxy/install/topic_monitor/lib/topic_monitor

Installed /robofuzz/ros2_foxy/build/topic_monitor
running install_data
creating /robofuzz/ros2_foxy/install/topic_monitor/share/ament_index
creating /robofuzz/ros2_foxy/install/topic_monitor/share/ament_index/resource_index
creating /robofuzz/ros2_foxy/install/topic_monitor/share/ament_index/resource_index/packages
copying resource/topic_monitor -> /robofuzz/ros2_foxy/install/topic_monitor/share/ament_index/resource_index/packages
copying package.xml -> /robofuzz/ros2_foxy/install/topic_monitor/share/topic_monitor
creating /robofuzz/ros2_foxy/install/topic_monitor/share/topic_monitor/launch
copying launch/fragmentation_demo.launch.py -> /robofuzz/ros2_foxy/install/topic_monitor/share/topic_monitor/launch
copying launch/depth_demo.launch.py -> /robofuzz/ros2_foxy/install/topic_monitor/share/topic_monitor/launch
copying launch/reliability_demo.launch.py -> /robofuzz/ros2_foxy/install/topic_monitor/share/topic_monitor/launch
