running develop
running egg_info
creating launch_xml.egg-info
writing launch_xml.egg-info/PKG-INFO
writing dependency_links to launch_xml.egg-info/dependency_links.txt
writing entry points to launch_xml.egg-info/entry_points.txt
writing requirements to launch_xml.egg-info/requires.txt
writing top-level names to launch_xml.egg-info/top_level.txt
writing manifest file 'launch_xml.egg-info/SOURCES.txt'
reading manifest file 'launch_xml.egg-info/SOURCES.txt'
writing manifest file 'launch_xml.egg-info/SOURCES.txt'
running build_ext
Creating /robofuzz/ros2_foxy/install/launch_xml/lib/python3.8/site-packages/site.py
Creating /robofuzz/ros2_foxy/install/launch_xml/lib/python3.8/site-packages/launch-xml.egg-link (link to .)

Installed /robofuzz/ros2_foxy/build/launch_xml
running install_data
copying package.xml -> /robofuzz/ros2_foxy/install/launch_xml/share/launch_xml
creating /robofuzz/ros2_foxy/install/launch_xml/share/ament_index
creating /robofuzz/ros2_foxy/install/launch_xml/share/ament_index/resource_index
creating /robofuzz/ros2_foxy/install/launch_xml/share/ament_index/resource_index/packages
copying resource/launch_xml -> /robofuzz/ros2_foxy/install/launch_xml/share/ament_index/resource_index/packages
