running develop
running egg_info
creating demo_nodes_py.egg-info
writing demo_nodes_py.egg-info/PKG-INFO
writing dependency_links to demo_nodes_py.egg-info/dependency_links.txt
writing entry points to demo_nodes_py.egg-info/entry_points.txt
writing requirements to demo_nodes_py.egg-info/requires.txt
writing top-level names to demo_nodes_py.egg-info/top_level.txt
writing manifest file 'demo_nodes_py.egg-info/SOURCES.txt'
reading manifest file 'demo_nodes_py.egg-info/SOURCES.txt'
writing manifest file 'demo_nodes_py.egg-info/SOURCES.txt'
running build_ext
Creating /robofuzz/ros2_foxy/install/demo_nodes_py/lib/python3.8/site-packages/site.py
Creating /robofuzz/ros2_foxy/install/demo_nodes_py/lib/python3.8/site-packages/demo-nodes-py.egg-link (link to .)
Installing add_two_ints_client script to /robofuzz/ros2_foxy/install/demo_nodes_py/lib/demo_nodes_py
Installing add_two_ints_client_async script to /robofuzz/ros2_foxy/install/demo_nodes_py/lib/demo_nodes_py
Installing add_two_ints_server script to /robofuzz/ros2_foxy/install/demo_nodes_py/lib/demo_nodes_py
Installing listener script to /robofuzz/ros2_foxy/install/demo_nodes_py/lib/demo_nodes_py
Installing listener_qos script to /robofuzz/ros2_foxy/install/demo_nodes_py/lib/demo_nodes_py
Installing listener_serialized script to /robofuzz/ros2_foxy/install/demo_nodes_py/lib/demo_nodes_py
Installing talker script to /robofuzz/ros2_foxy/install/demo_nodes_py/lib/demo_nodes_py
Installing talker_qos script to /robofuzz/ros2_foxy/install/demo_nodes_py/lib/demo_nodes_py

Installed /robofuzz/ros2_foxy/build/demo_nodes_py
running install_data
creating /robofuzz/ros2_foxy/install/demo_nodes_py/share/ament_index
creating /robofuzz/ros2_foxy/install/demo_nodes_py/share/ament_index/resource_index
creating /robofuzz/ros2_foxy/install/demo_nodes_py/share/ament_index/resource_index/packages
copying resource/demo_nodes_py -> /robofuzz/ros2_foxy/install/demo_nodes_py/share/ament_index/resource_index/packages
copying package.xml -> /robofuzz/ros2_foxy/install/demo_nodes_py/share/demo_nodes_py
