running develop
running egg_info
creating src/rqt_top.egg-info
writing src/rqt_top.egg-info/PKG-INFO
writing dependency_links to src/rqt_top.egg-info/dependency_links.txt
writing entry points to src/rqt_top.egg-info/entry_points.txt
writing requirements to src/rqt_top.egg-info/requires.txt
writing top-level names to src/rqt_top.egg-info/top_level.txt
writing manifest file 'src/rqt_top.egg-info/SOURCES.txt'
reading manifest file 'src/rqt_top.egg-info/SOURCES.txt'
writing manifest file 'src/rqt_top.egg-info/SOURCES.txt'
running build_ext
Creating /robofuzz/ros2_foxy/install/rqt_top/lib/python3.8/site-packages/site.py
Creating /robofuzz/ros2_foxy/install/rqt_top/lib/python3.8/site-packages/rqt-top.egg-link (link to src)
Installing rqt_top script to /robofuzz/ros2_foxy/install/rqt_top/lib/rqt_top

Installed /robofuzz/ros2_foxy/build/rqt_top/src
running install_data
creating /robofuzz/ros2_foxy/install/rqt_top/share/ament_index
creating /robofuzz/ros2_foxy/install/rqt_top/share/ament_index/resource_index
creating /robofuzz/ros2_foxy/install/rqt_top/share/ament_index/resource_index/packages
copying resource/rqt_top -> /robofuzz/ros2_foxy/install/rqt_top/share/ament_index/resource_index/packages
copying package.xml -> /robofuzz/ros2_foxy/install/rqt_top/share/rqt_top
copying plugin.xml -> /robofuzz/ros2_foxy/install/rqt_top/share/rqt_top
