-- The C compiler identification is GNU 9.4.0
-- The CXX compiler identification is GNU 9.4.0
-- Check for working C compiler: /usr/bin/cc
-- Check for working C compiler: /usr/bin/cc -- works
-- Detecting C compiler ABI info
-- Detecting C compiler ABI info - done
-- Detecting C compile features
-- Detecting C compile features - done
-- Check for working CXX compiler: /usr/bin/c++
-- Check for working CXX compiler: /usr/bin/c++ -- works
-- Detecting CXX compiler ABI info
-- Detecting CXX compiler ABI info - done
-- Detecting CXX compile features
-- Detecting CXX compile features - done
-- Found ament_cmake: 0.9.10 (/robofuzz/ros2_foxy/install/ament_cmake/share/ament_cmake/cmake)
-- Found PythonInterp: /usr/bin/python3 (found suitable version "3.8.10", minimum required is "3") 
-- Using PYTHON_EXECUTABLE: /usr/bin/python3
-- Override CMake install command with custom implementation using symlinks instead of copying resources
-- Found geometry_msgs: 2.0.5 (/robofuzz/ros2_foxy/install/geometry_msgs/share/geometry_msgs/cmake)
-- Using all available rosidl_typesupport_c: rosidl_typesupport_fastrtps_c;rosidl_typesupport_introspection_c
-- Found rosidl_adapter: 1.2.1 (/robofuzz/ros2_foxy/install/rosidl_adapter/share/rosidl_adapter/cmake)
-- Found OpenSSL: /usr/lib/x86_64-linux-gnu/libcrypto.so (found version "1.1.1f")  
-- Found FastRTPS: /robofuzz/ros2_foxy/install/fastrtps/include  
-- Using all available rosidl_typesupport_cpp: rosidl_typesupport_introspection_cpp;rosidl_typesupport_fastrtps_cpp
-- Found tf2: 0.13.13 (/robofuzz/ros2_foxy/install/tf2/share/tf2/cmake)
-- Found tf2_ros: 0.13.13 (/robofuzz/ros2_foxy/install/tf2_ros/share/tf2_ros/cmake)
-- Found rmw_implementation_cmake: 1.0.3 (/robofuzz/ros2_foxy/install/rmw_implementation_cmake/share/rmw_implementation_cmake/cmake)
-- Using RMW implementation 'rmw_fastrtps_cpp' as default
-- Looking for pthread.h
-- Looking for pthread.h - found
-- Performing Test CMAKE_HAVE_LIBC_PTHREAD
-- Performing Test CMAKE_HAVE_LIBC_PTHREAD - Failed
-- Looking for pthread_create in pthreads
-- Looking for pthread_create in pthreads - not found
-- Looking for pthread_create in pthread
-- Looking for pthread_create in pthread - found
-- Found Threads: TRUE  
-- Found eigen3_cmake_module: 0.1.1 (/robofuzz/ros2_foxy/install/eigen3_cmake_module/share/eigen3_cmake_module/cmake)
-- Found Eigen3: TRUE (found version "3.3.7") 
-- Found ament_cmake_gtest: 0.9.10 (/robofuzz/ros2_foxy/install/ament_cmake_gtest/share/ament_cmake_gtest/cmake)
-- Found gtest sources under '/robofuzz/ros2_foxy/install/gtest_vendor/src/gtest_vendor': C++ tests using 'Google Test' will be built
-- Check if compiler accepts -pthread
-- Check if compiler accepts -pthread - yes
-- Configuring done
-- Generating done
-- Build files have been written to: /robofuzz/ros2_foxy/build/tf2_eigen
[35m[1mScanning dependencies of target gtest[0m
[ 16%] [32mBuilding CXX object gtest/CMakeFiles/gtest.dir/src/gtest-all.cc.o[0m
[ 33%] [32m[1mLinking CXX static library libgtest.a[0m
[ 33%] Built target gtest
[35m[1mScanning dependencies of target gtest_main[0m
[ 50%] [32mBuilding CXX object gtest/CMakeFiles/gtest_main.dir/src/gtest_main.cc.o[0m
[ 66%] [32m[1mLinking CXX static library libgtest_main.a[0m
[ 66%] Built target gtest_main
[35m[1mScanning dependencies of target tf2_eigen-test[0m
[ 83%] [32mBuilding CXX object CMakeFiles/tf2_eigen-test.dir/test/tf2_eigen-test.cpp.o[0m
[100%] [32m[1mLinking CXX executable tf2_eigen-test[0m
[100%] Built target tf2_eigen-test
-- Install configuration: ""
-- Execute custom install script
-- Symlinking: /robofuzz/ros2_foxy/install/tf2_eigen/include/tf2_eigen/tf2_eigen.h
-- Symlinking: /robofuzz/ros2_foxy/install/tf2_eigen/share/ament_index/resource_index/package_run_dependencies/tf2_eigen
-- Symlinking: /robofuzz/ros2_foxy/install/tf2_eigen/share/ament_index/resource_index/parent_prefix_path/tf2_eigen
-- Symlinking: /robofuzz/ros2_foxy/install/tf2_eigen/share/tf2_eigen/environment/ament_prefix_path.sh
-- Symlinking: /robofuzz/ros2_foxy/install/tf2_eigen/share/tf2_eigen/environment/ament_prefix_path.dsv
-- Symlinking: /robofuzz/ros2_foxy/install/tf2_eigen/share/tf2_eigen/environment/path.sh
-- Symlinking: /robofuzz/ros2_foxy/install/tf2_eigen/share/tf2_eigen/environment/path.dsv
-- Symlinking: /robofuzz/ros2_foxy/install/tf2_eigen/share/tf2_eigen/local_setup.bash
-- Symlinking: /robofuzz/ros2_foxy/install/tf2_eigen/share/tf2_eigen/local_setup.sh
-- Symlinking: /robofuzz/ros2_foxy/install/tf2_eigen/share/tf2_eigen/local_setup.zsh
-- Symlinking: /robofuzz/ros2_foxy/install/tf2_eigen/share/tf2_eigen/local_setup.dsv
-- Symlinking: /robofuzz/ros2_foxy/install/tf2_eigen/share/tf2_eigen/package.dsv
-- Symlinking: /robofuzz/ros2_foxy/install/tf2_eigen/share/ament_index/resource_index/packages/tf2_eigen
-- Symlinking: /robofuzz/ros2_foxy/install/tf2_eigen/share/tf2_eigen/cmake/ament_cmake_export_include_directories-extras.cmake
-- Symlinking: /robofuzz/ros2_foxy/install/tf2_eigen/share/tf2_eigen/cmake/ament_cmake_export_dependencies-extras.cmake
-- Symlinking: /robofuzz/ros2_foxy/install/tf2_eigen/share/tf2_eigen/cmake/tf2_eigenConfig.cmake
-- Symlinking: /robofuzz/ros2_foxy/install/tf2_eigen/share/tf2_eigen/cmake/tf2_eigenConfig-version.cmake
-- Symlinking: /robofuzz/ros2_foxy/install/tf2_eigen/share/tf2_eigen/package.xml
