[0.019s] Invoking command in '/robofuzz/targets/moveit2_ws/build/moveit2_tutorials': CMAKE_PREFIX_PATH=/robofuzz/targets/moveit2_ws/install/moveit_visual_tools:/robofuzz/targets/moveit2_ws/install/rviz_visual_tools:/robofuzz/targets/moveit2_ws/install/moveit2_tutorials:/robofuzz/targets/turtlebot3_ws/install/turtlebot3:/robofuzz/targets/turtlebot3_ws/install/turtlebot3_simulations:/robofuzz/targets/turtlebot3_ws/install/turtlebot3_bringup:/robofuzz/targets/turtlebot3_ws/install/turtlebot3_node:/robofuzz/targets/turtlebot3_ws/install/turtlebot3_navigation2:/robofuzz/targets/turtlebot3_ws/install/turtlebot3_fake_node:/robofuzz/targets/turtlebot3_ws/install/turtlebot3_msgs:/robofuzz/targets/turtlebot3_ws/install/turtlebot3_gazebo:/robofuzz/targets/turtlebot3_ws/install/turtlebot3_description:/robofuzz/targets/turtlebot3_ws/install/turtlebot3_cartographer:/robofuzz/targets/turtlebot3_ws/install/hls_lfcd_lds_driver:/robofuzz/targets/turtlebot3_ws/install/dynamixel_sdk_examples:/robofuzz/targets/turtlebot3_ws/install/dynamixel_sdk_custom_interfaces:/robofuzz/targets/turtlebot3_ws/install/dynamixel_sdk:/robofuzz/targets/idltest_ws/install/idltest_target:/robofuzz/targets/idltest_ws/install/idltest_msgs:/robofuzz/targets/px4_ros_com_ros2/install/px4_ros_com:/robofuzz/targets/px4_ros_com_ros2/install/px4_msgs:/robofuzz/targets/turtlebot3_ws/install/turtlebot3_teleop:/robofuzz/targets/turtlebot3_ws/install/turtlebot3_example:/opt/ros/foxy /usr/bin/cmake /robofuzz/targets/moveit2_ws/src/moveit2_tutorials -DCMAKE_BUILD_TYPE=Release -DAMENT_CMAKE_SYMLINK_INSTALL=1 -DCMAKE_INSTALL_PREFIX=/robofuzz/targets/moveit2_ws/install/moveit2_tutorials
[0.078s] -- The C compiler identification is GNU 9.4.0
[0.138s] -- The CXX compiler identification is GNU 9.4.0
[0.145s] -- Check for working C compiler: /usr/bin/cc
[0.211s] -- Check for working C compiler: /usr/bin/cc -- works
[0.212s] -- Detecting C compiler ABI info
[0.278s] -- Detecting C compiler ABI info - done
[0.294s] -- Detecting C compile features
[0.294s] -- Detecting C compile features - done
[0.297s] -- Check for working CXX compiler: /usr/bin/c++
[0.371s] -- Check for working CXX compiler: /usr/bin/c++ -- works
[0.372s] -- Detecting CXX compiler ABI info
[0.448s] -- Detecting CXX compiler ABI info - done
[0.464s] -- Detecting CXX compile features
[0.465s] -- Detecting CXX compile features - done
[0.469s] -- Found moveit_common: 2.2.3 (/opt/ros/foxy/share/moveit_common/cmake)
[0.474s] -- Found ament_cmake: 0.9.9 (/opt/ros/foxy/share/ament_cmake/cmake)
[0.513s] -- Found PythonInterp: /usr/bin/python3 (found suitable version "3.8.10", minimum required is "3") 
[0.513s] -- Using PYTHON_EXECUTABLE: /usr/bin/python3
[0.741s] -- Override CMake install command with custom implementation using symlinks instead of copying resources
[1.185s] -- Found Boost: /usr/lib/x86_64-linux-gnu/cmake/Boost-1.71.0/BoostConfig.cmake (found version "1.71.0") found components: system filesystem date_time thread 
[1.191s] -- Found control_msgs: 2.5.1 (/opt/ros/foxy/share/control_msgs/cmake)
[1.249s] -- Using all available rosidl_typesupport_c: rosidl_typesupport_fastrtps_c;rosidl_typesupport_introspection_c
[1.265s] -- Found rosidl_adapter: 1.2.1 (/opt/ros/foxy/share/rosidl_adapter/cmake)
[1.373s] -- Found OpenSSL: /usr/lib/x86_64-linux-gnu/libcrypto.so (found version "1.1.1f")  
[1.418s] -- Found FastRTPS: /opt/ros/foxy/include  
[1.538s] -- Using all available rosidl_typesupport_cpp: rosidl_typesupport_fastrtps_cpp;rosidl_typesupport_introspection_cpp
[2.170s] -- Found moveit_core: 2.2.3 (/opt/ros/foxy/share/moveit_core/cmake)
[2.204s] -- Found Boost: /usr/lib/x86_64-linux-gnu/cmake/Boost-1.71.0/BoostConfig.cmake (found version "1.71.0") found components: chrono date_time filesystem iostreams program_options regex serialization system thread 
[2.238s] -- Found Boost: /usr/lib/x86_64-linux-gnu/cmake/Boost-1.71.0/BoostConfig.cmake (found version "1.71.0") found components: filesystem 
[2.364s] -- Found rmw_implementation_cmake: 1.0.3 (/opt/ros/foxy/share/rmw_implementation_cmake/cmake)
[2.367s] -- Using RMW implementation 'rmw_fastrtps_cpp' as default
[2.369s] -- Found Threads: TRUE  
[2.670s] -- library: /usr/lib/x86_64-linux-gnu/libcurl.so
[2.919s] -- Found Eigen3: TRUE (found version "3.3.7") 
[5.357s] -- Found moveit_ros_planning: 2.2.3 (/opt/ros/foxy/share/moveit_ros_planning/cmake)
[5.364s] -- Found Boost: /usr/lib/x86_64-linux-gnu/cmake/Boost-1.71.0/BoostConfig.cmake (found version "1.71.0") found components: system filesystem date_time program_options thread chrono 
[5.746s] -- Found Boost: /usr/lib/x86_64-linux-gnu/cmake/Boost-1.71.0/BoostConfig.cmake (found version "1.71.0") found components: thread 
[6.571s] -- Found moveit_ros_planning_interface: 2.2.3 (/opt/ros/foxy/share/moveit_ros_planning_interface/cmake)
[6.575s] -- Found Boost: /usr/lib/x86_64-linux-gnu/cmake/Boost-1.71.0/BoostConfig.cmake (found version "1.71.0")  
[6.583s] -- Found Boost: /usr/lib/x86_64-linux-gnu/cmake/Boost-1.71.0/BoostConfig.cmake (found version "1.71.0") found components: date_time filesystem program_options system thread 
[7.078s] -- Found Boost: /usr/lib/x86_64-linux-gnu/cmake/Boost-1.71.0/BoostConfig.cmake (found version "1.71.0") found components: thread system filesystem regex date_time program_options 
[7.598s] -- Found Boost: /usr/lib/x86_64-linux-gnu/cmake/Boost-1.71.0/BoostConfig.cmake (found version "1.71.0") found components: system filesystem date_time program_options thread 
[8.430s] -- Found moveit_ros_perception: 2.2.3 (/opt/ros/foxy/share/moveit_ros_perception/cmake)
[8.435s] -- Found Boost: /usr/lib/x86_64-linux-gnu/cmake/Boost-1.71.0/BoostConfig.cmake (found version "1.71.0") found components: thread 
[9.201s] -- Found moveit_servo: 2.2.3 (/opt/ros/foxy/share/moveit_servo/cmake)
[9.609s] -- Found interactive_markers: 2.1.3 (/opt/ros/foxy/share/interactive_markers/cmake)
[9.641s] -- Found rviz_visual_tools: 4.0.3 (/robofuzz/targets/moveit2_ws/install/rviz_visual_tools/share/rviz_visual_tools/cmake)
[9.797s] -- Setting OGRE_DIR to: '/opt/ros/foxy/share/rviz_ogre_vendor/cmake/../../../opt/rviz_ogre_vendor/lib/OGRE/cmake'
[9.800s] -- Found OGRE
[9.800s] --   static     : OFF
[9.800s] --   components : HLMS;MeshLodGenerator;Overlay;Paging;Property;RTShaderSystem;Terrain;Volume
[9.800s] --   plugins    : Plugin_BSPSceneManager;Plugin_OctreeSceneManager;Plugin_PCZSceneManager;Plugin_ParticleFX;RenderSystem_GL;RenderSystem_GL3Plus;Codec_STBI
[9.800s] --   media      : /opt/ros/foxy/opt/rviz_ogre_vendor/share/OGRE/Media
[9.800s] -- OGRE_LIBRARIES: OgreHLMS;OgreMeshLodGenerator;OgreOverlay;OgrePaging;OgreProperty;OgreRTShaderSystem;OgreTerrain;OgreVolume;OgreMain
[9.800s] -- OGRE_LIBRARY_DIRS: /opt/ros/foxy/opt/rviz_ogre_vendor/lib
[9.800s] -- OGRE_PLUGINS: Plugin_BSPSceneManager;Plugin_OctreeSceneManager;Plugin_PCZSceneManager;Plugin_ParticleFX;RenderSystem_GL;RenderSystem_GL3Plus;Codec_STBI
[9.801s] -- OGRE_PLUGIN_DIR: /opt/ros/foxy/opt/rviz_ogre_vendor/lib/OGRE
[9.801s] -- rviz_ogre_vendor::OgreOverlay for IMPORTED_LOCATION_RELEASE: /opt/ros/foxy/opt/rviz_ogre_vendor/lib/libOgreOverlay.so
[9.801s] -- rviz_ogre_vendor::OgreOverlay for IMPORTED_LOCATION_DEBUG: /opt/ros/foxy/opt/rviz_ogre_vendor/lib/libOgreOverlay.so
[9.801s] -- rviz_ogre_vendor::OgreMain for IMPORTED_LOCATION_RELEASE: /opt/ros/foxy/opt/rviz_ogre_vendor/lib/libOgreMain.so
[9.801s] -- rviz_ogre_vendor::OgreMain for IMPORTED_LOCATION_DEBUG: /opt/ros/foxy/opt/rviz_ogre_vendor/lib/libOgreMain.so
[9.845s] -- Found ZLIB: /usr/lib/x86_64-linux-gnu/libz.so (found version "1.2.11") 
[9.855s] -- Found OpenGL: /usr/lib/x86_64-linux-gnu/libOpenGL.so   
[9.991s] -- Found X11: /usr/include   
[9.991s] -- Looking for XOpenDisplay in /usr/lib/x86_64-linux-gnu/libX11.so;/usr/lib/x86_64-linux-gnu/libXext.so
[10.077s] -- Looking for XOpenDisplay in /usr/lib/x86_64-linux-gnu/libX11.so;/usr/lib/x86_64-linux-gnu/libXext.so - found
[10.077s] -- Looking for gethostbyname
[10.170s] -- Looking for gethostbyname - found
[10.170s] -- Looking for connect
[10.260s] -- Looking for connect - found
[10.260s] -- Looking for remove
[10.337s] -- Looking for remove - found
[10.338s] -- Looking for shmat
[10.421s] -- Looking for shmat - found
[10.421s] -- Looking for IceConnectionNumber in ICE
[10.500s] -- Looking for IceConnectionNumber in ICE - found
[10.505s] -- rviz_ogre_vendor::RenderSystem_GL for IMPORTED_LOCATION_RELEASE: _render_system_gl_static_library_abs-NOTFOUND
[10.505s] -- rviz_ogre_vendor::RenderSystem_GL for IMPORTED_LOCATION_DEBUG: _render_system_gl_static_library_abs-NOTFOUND
[10.588s] -- Setting yaml-cpp_DIR to: '/opt/ros/foxy/share/yaml_cpp_vendor/cmake/../../../opt/yaml_cpp_vendor/lib/cmake/yaml-cpp'
[11.220s] -- Found moveit_visual_tools: 4.0.0 (/robofuzz/targets/moveit2_ws/install/moveit_visual_tools/share/moveit_visual_tools/cmake)
[15.935s] -- Configuring done
[16.933s] -- Generating done
[16.938s] -- Build files have been written to: /robofuzz/targets/moveit2_ws/build/moveit2_tutorials
[16.956s] Invoked command in '/robofuzz/targets/moveit2_ws/build/moveit2_tutorials' returned '0': CMAKE_PREFIX_PATH=/robofuzz/targets/moveit2_ws/install/moveit_visual_tools:/robofuzz/targets/moveit2_ws/install/rviz_visual_tools:/robofuzz/targets/moveit2_ws/install/moveit2_tutorials:/robofuzz/targets/turtlebot3_ws/install/turtlebot3:/robofuzz/targets/turtlebot3_ws/install/turtlebot3_simulations:/robofuzz/targets/turtlebot3_ws/install/turtlebot3_bringup:/robofuzz/targets/turtlebot3_ws/install/turtlebot3_node:/robofuzz/targets/turtlebot3_ws/install/turtlebot3_navigation2:/robofuzz/targets/turtlebot3_ws/install/turtlebot3_fake_node:/robofuzz/targets/turtlebot3_ws/install/turtlebot3_msgs:/robofuzz/targets/turtlebot3_ws/install/turtlebot3_gazebo:/robofuzz/targets/turtlebot3_ws/install/turtlebot3_description:/robofuzz/targets/turtlebot3_ws/install/turtlebot3_cartographer:/robofuzz/targets/turtlebot3_ws/install/hls_lfcd_lds_driver:/robofuzz/targets/turtlebot3_ws/install/dynamixel_sdk_examples:/robofuzz/targets/turtlebot3_ws/install/dynamixel_sdk_custom_interfaces:/robofuzz/targets/turtlebot3_ws/install/dynamixel_sdk:/robofuzz/targets/idltest_ws/install/idltest_target:/robofuzz/targets/idltest_ws/install/idltest_msgs:/robofuzz/targets/px4_ros_com_ros2/install/px4_ros_com:/robofuzz/targets/px4_ros_com_ros2/install/px4_msgs:/robofuzz/targets/turtlebot3_ws/install/turtlebot3_teleop:/robofuzz/targets/turtlebot3_ws/install/turtlebot3_example:/opt/ros/foxy /usr/bin/cmake /robofuzz/targets/moveit2_ws/src/moveit2_tutorials -DCMAKE_BUILD_TYPE=Release -DAMENT_CMAKE_SYMLINK_INSTALL=1 -DCMAKE_INSTALL_PREFIX=/robofuzz/targets/moveit2_ws/install/moveit2_tutorials
[16.960s] Invoking command in '/robofuzz/targets/moveit2_ws/build/moveit2_tutorials': CMAKE_PREFIX_PATH=/robofuzz/targets/moveit2_ws/install/moveit_visual_tools:/robofuzz/targets/moveit2_ws/install/rviz_visual_tools:/robofuzz/targets/moveit2_ws/install/moveit2_tutorials:/robofuzz/targets/turtlebot3_ws/install/turtlebot3:/robofuzz/targets/turtlebot3_ws/install/turtlebot3_simulations:/robofuzz/targets/turtlebot3_ws/install/turtlebot3_bringup:/robofuzz/targets/turtlebot3_ws/install/turtlebot3_node:/robofuzz/targets/turtlebot3_ws/install/turtlebot3_navigation2:/robofuzz/targets/turtlebot3_ws/install/turtlebot3_fake_node:/robofuzz/targets/turtlebot3_ws/install/turtlebot3_msgs:/robofuzz/targets/turtlebot3_ws/install/turtlebot3_gazebo:/robofuzz/targets/turtlebot3_ws/install/turtlebot3_description:/robofuzz/targets/turtlebot3_ws/install/turtlebot3_cartographer:/robofuzz/targets/turtlebot3_ws/install/hls_lfcd_lds_driver:/robofuzz/targets/turtlebot3_ws/install/dynamixel_sdk_examples:/robofuzz/targets/turtlebot3_ws/install/dynamixel_sdk_custom_interfaces:/robofuzz/targets/turtlebot3_ws/install/dynamixel_sdk:/robofuzz/targets/idltest_ws/install/idltest_target:/robofuzz/targets/idltest_ws/install/idltest_msgs:/robofuzz/targets/px4_ros_com_ros2/install/px4_ros_com:/robofuzz/targets/px4_ros_com_ros2/install/px4_msgs:/robofuzz/targets/turtlebot3_ws/install/turtlebot3_teleop:/robofuzz/targets/turtlebot3_ws/install/turtlebot3_example:/opt/ros/foxy /usr/bin/cmake --build /robofuzz/targets/moveit2_ws/build/moveit2_tutorials -- -j12 -l12
[17.012s] [35m[1mScanning dependencies of target moveit_cpp_tutorial[0m
[17.012s] [35m[1mScanning dependencies of target servo_cpp_interface_demo[0m
[17.012s] [35m[1mScanning dependencies of target move_group_interface_tutorial[0m
[17.012s] [35m[1mScanning dependencies of target motion_planning_api_tutorial[0m
[17.015s] [35m[1mScanning dependencies of target planning_scene_ros_api_tutorial[0m
[17.016s] [35m[1mScanning dependencies of target planning_scene_tutorial[0m
[17.018s] [35m[1mScanning dependencies of target servo_keyboard_input[0m
[17.018s] [35m[1mScanning dependencies of target robot_model_and_robot_state_tutorial[0m
[17.121s] [  6%] [32mBuilding CXX object doc/realtime_servo/CMakeFiles/servo_keyboard_input.dir/src/servo_keyboard_input.cpp.o[0m
[17.192s] [ 12%] [32mBuilding CXX object doc/planning_scene/CMakeFiles/planning_scene_tutorial.dir/src/planning_scene_tutorial.cpp.o[0m
[17.197s] [ 18%] [32mBuilding CXX object doc/realtime_servo/CMakeFiles/servo_cpp_interface_demo.dir/src/servo_cpp_interface_demo.cpp.o[0m
[17.211s] [ 25%] [32mBuilding CXX object doc/robot_model_and_robot_state/CMakeFiles/robot_model_and_robot_state_tutorial.dir/src/robot_model_and_robot_state_tutorial.cpp.o[0m
[17.219s] [ 31%] [32mBuilding CXX object doc/planning_scene_ros_api/CMakeFiles/planning_scene_ros_api_tutorial.dir/src/planning_scene_ros_api_tutorial.cpp.o[0m
[17.226s] [ 37%] [32mBuilding CXX object doc/move_group_interface/CMakeFiles/move_group_interface_tutorial.dir/src/move_group_interface_tutorial.cpp.o[0m
[17.228s] [ 43%] [32mBuilding CXX object doc/moveit_cpp/CMakeFiles/moveit_cpp_tutorial.dir/src/moveit_cpp_tutorial.cpp.o[0m
[17.229s] [ 50%] [32mBuilding CXX object doc/motion_planning_api/CMakeFiles/motion_planning_api_tutorial.dir/src/motion_planning_api_tutorial.cpp.o[0m
[23.480s] [ 56%] [32m[1mLinking CXX executable servo_keyboard_input[0m
[24.099s] [ 56%] Built target servo_keyboard_input
[25.117s] [ 62%] [32m[1mLinking CXX executable robot_model_and_robot_state_tutorial[0m
[25.879s] [ 62%] Built target robot_model_and_robot_state_tutorial
[26.150s] [ 68%] [32m[1mLinking CXX executable planning_scene_tutorial[0m
[26.962s] [ 68%] Built target planning_scene_tutorial
[30.063s] [ 75%] [32m[1mLinking CXX executable planning_scene_ros_api_tutorial[0m
[31.075s] [ 75%] Built target planning_scene_ros_api_tutorial
[33.475s] [ 81%] [32m[1mLinking CXX executable move_group_interface_tutorial[0m
[34.455s] [ 87%] [32m[1mLinking CXX executable moveit_cpp_tutorial[0m
[34.563s] [ 87%] Built target move_group_interface_tutorial
[35.478s] [ 87%] Built target moveit_cpp_tutorial
[38.090s] [ 93%] [32m[1mLinking CXX executable servo_cpp_interface_demo[0m
[38.801s] [ 93%] Built target servo_cpp_interface_demo
[40.942s] [100%] [32m[1mLinking CXX executable motion_planning_api_tutorial[0m
[41.824s] [100%] Built target motion_planning_api_tutorial
[41.836s] Invoked command in '/robofuzz/targets/moveit2_ws/build/moveit2_tutorials' returned '0': CMAKE_PREFIX_PATH=/robofuzz/targets/moveit2_ws/install/moveit_visual_tools:/robofuzz/targets/moveit2_ws/install/rviz_visual_tools:/robofuzz/targets/moveit2_ws/install/moveit2_tutorials:/robofuzz/targets/turtlebot3_ws/install/turtlebot3:/robofuzz/targets/turtlebot3_ws/install/turtlebot3_simulations:/robofuzz/targets/turtlebot3_ws/install/turtlebot3_bringup:/robofuzz/targets/turtlebot3_ws/install/turtlebot3_node:/robofuzz/targets/turtlebot3_ws/install/turtlebot3_navigation2:/robofuzz/targets/turtlebot3_ws/install/turtlebot3_fake_node:/robofuzz/targets/turtlebot3_ws/install/turtlebot3_msgs:/robofuzz/targets/turtlebot3_ws/install/turtlebot3_gazebo:/robofuzz/targets/turtlebot3_ws/install/turtlebot3_description:/robofuzz/targets/turtlebot3_ws/install/turtlebot3_cartographer:/robofuzz/targets/turtlebot3_ws/install/hls_lfcd_lds_driver:/robofuzz/targets/turtlebot3_ws/install/dynamixel_sdk_examples:/robofuzz/targets/turtlebot3_ws/install/dynamixel_sdk_custom_interfaces:/robofuzz/targets/turtlebot3_ws/install/dynamixel_sdk:/robofuzz/targets/idltest_ws/install/idltest_target:/robofuzz/targets/idltest_ws/install/idltest_msgs:/robofuzz/targets/px4_ros_com_ros2/install/px4_ros_com:/robofuzz/targets/px4_ros_com_ros2/install/px4_msgs:/robofuzz/targets/turtlebot3_ws/install/turtlebot3_teleop:/robofuzz/targets/turtlebot3_ws/install/turtlebot3_example:/opt/ros/foxy /usr/bin/cmake --build /robofuzz/targets/moveit2_ws/build/moveit2_tutorials -- -j12 -l12
[41.867s] Invoking command in '/robofuzz/targets/moveit2_ws/build/moveit2_tutorials': CMAKE_PREFIX_PATH=/robofuzz/targets/moveit2_ws/install/moveit_visual_tools:/robofuzz/targets/moveit2_ws/install/rviz_visual_tools:/robofuzz/targets/moveit2_ws/install/moveit2_tutorials:/robofuzz/targets/turtlebot3_ws/install/turtlebot3:/robofuzz/targets/turtlebot3_ws/install/turtlebot3_simulations:/robofuzz/targets/turtlebot3_ws/install/turtlebot3_bringup:/robofuzz/targets/turtlebot3_ws/install/turtlebot3_node:/robofuzz/targets/turtlebot3_ws/install/turtlebot3_navigation2:/robofuzz/targets/turtlebot3_ws/install/turtlebot3_fake_node:/robofuzz/targets/turtlebot3_ws/install/turtlebot3_msgs:/robofuzz/targets/turtlebot3_ws/install/turtlebot3_gazebo:/robofuzz/targets/turtlebot3_ws/install/turtlebot3_description:/robofuzz/targets/turtlebot3_ws/install/turtlebot3_cartographer:/robofuzz/targets/turtlebot3_ws/install/hls_lfcd_lds_driver:/robofuzz/targets/turtlebot3_ws/install/dynamixel_sdk_examples:/robofuzz/targets/turtlebot3_ws/install/dynamixel_sdk_custom_interfaces:/robofuzz/targets/turtlebot3_ws/install/dynamixel_sdk:/robofuzz/targets/idltest_ws/install/idltest_target:/robofuzz/targets/idltest_ws/install/idltest_msgs:/robofuzz/targets/px4_ros_com_ros2/install/px4_ros_com:/robofuzz/targets/px4_ros_com_ros2/install/px4_msgs:/robofuzz/targets/turtlebot3_ws/install/turtlebot3_teleop:/robofuzz/targets/turtlebot3_ws/install/turtlebot3_example:/opt/ros/foxy /usr/bin/cmake --install /robofuzz/targets/moveit2_ws/build/moveit2_tutorials
[41.876s] -- Install configuration: "Release"
[41.877s] -- Execute custom install script
[41.878s] -- Symlinking: /robofuzz/targets/moveit2_ws/install/moveit2_tutorials/lib/moveit2_tutorials/motion_planning_api_tutorial
[41.889s] -- Symlinking: /robofuzz/targets/moveit2_ws/install/moveit2_tutorials/share/moveit2_tutorials/launch/motion_planning_api_tutorial.launch.py
[41.898s] -- Symlinking: /robofuzz/targets/moveit2_ws/install/moveit2_tutorials/lib/moveit2_tutorials/move_group_interface_tutorial
[41.907s] -- Symlinking: /robofuzz/targets/moveit2_ws/install/moveit2_tutorials/share/moveit2_tutorials/launch/move_group.launch.py
[41.916s] -- Symlinking: /robofuzz/targets/moveit2_ws/install/moveit2_tutorials/share/moveit2_tutorials/launch/move_group.rviz
[41.925s] -- Symlinking: /robofuzz/targets/moveit2_ws/install/moveit2_tutorials/share/moveit2_tutorials/launch/move_group_interface_tutorial.launch.py
[41.937s] -- Symlinking: /robofuzz/targets/moveit2_ws/install/moveit2_tutorials/lib/moveit2_tutorials/moveit_cpp_tutorial
[41.948s] -- Symlinking: /robofuzz/targets/moveit2_ws/install/moveit2_tutorials/share/moveit2_tutorials/launch/moveit_cpp_tutorial.launch.py
[41.958s] -- Symlinking: /robofuzz/targets/moveit2_ws/install/moveit2_tutorials/share/moveit2_tutorials/launch/moveit_cpp_tutorial.rviz
[41.969s] -- Symlinking: /robofuzz/targets/moveit2_ws/install/moveit2_tutorials/share/moveit2_tutorials/config/moveit_cpp.yaml
[41.980s] -- Symlinking: /robofuzz/targets/moveit2_ws/install/moveit2_tutorials/lib/moveit2_tutorials/planning_scene_tutorial
[41.991s] -- Symlinking: /robofuzz/targets/moveit2_ws/install/moveit2_tutorials/share/moveit2_tutorials/launch/planning_scene_tutorial.launch.py
[42.001s] -- Symlinking: /robofuzz/targets/moveit2_ws/install/moveit2_tutorials/lib/moveit2_tutorials/planning_scene_ros_api_tutorial
[42.013s] -- Symlinking: /robofuzz/targets/moveit2_ws/install/moveit2_tutorials/share/moveit2_tutorials/launch/planning_scene_ros_api_tutorial.launch.py
[42.024s] -- Symlinking: /robofuzz/targets/moveit2_ws/install/moveit2_tutorials/share/moveit2_tutorials/launch/demo.launch.py
[42.033s] -- Symlinking: /robofuzz/targets/moveit2_ws/install/moveit2_tutorials/share/moveit2_tutorials/launch/panda_moveit_config_demo.rviz
[42.041s] -- Symlinking: /robofuzz/targets/moveit2_ws/install/moveit2_tutorials/share/moveit2_tutorials/launch/panda_moveit_config_demo_empty.rviz
[42.050s] -- Symlinking: /robofuzz/targets/moveit2_ws/install/moveit2_tutorials/lib/moveit2_tutorials/servo_keyboard_input
[42.059s] -- Symlinking: /robofuzz/targets/moveit2_ws/install/moveit2_tutorials/lib/moveit2_tutorials/servo_cpp_interface_demo
[42.068s] -- Symlinking: /robofuzz/targets/moveit2_ws/install/moveit2_tutorials/share/moveit2_tutorials/launch/servo_cpp_interface_demo.launch.py
[42.076s] -- Symlinking: /robofuzz/targets/moveit2_ws/install/moveit2_tutorials/share/moveit2_tutorials/launch/servo_server_panda.launch.py
[42.084s] -- Symlinking: /robofuzz/targets/moveit2_ws/install/moveit2_tutorials/share/moveit2_tutorials/launch/servo_teleop.launch.py
[42.094s] -- Symlinking: /robofuzz/targets/moveit2_ws/install/moveit2_tutorials/share/moveit2_tutorials/config/demo_rviz_config.rviz
[42.103s] -- Symlinking: /robofuzz/targets/moveit2_ws/install/moveit2_tutorials/lib/moveit2_tutorials/robot_model_and_robot_state_tutorial
[42.112s] -- Symlinking: /robofuzz/targets/moveit2_ws/install/moveit2_tutorials/share/moveit2_tutorials/launch/robot_model_and_robot_state_tutorial.launch.py
[42.120s] -- Symlinking: /robofuzz/targets/moveit2_ws/install/moveit2_tutorials/share/ament_index/resource_index/package_run_dependencies/moveit2_tutorials
[42.129s] -- Symlinking: /robofuzz/targets/moveit2_ws/install/moveit2_tutorials/share/ament_index/resource_index/parent_prefix_path/moveit2_tutorials
[42.138s] -- Symlinking: /robofuzz/targets/moveit2_ws/install/moveit2_tutorials/share/moveit2_tutorials/environment/ament_prefix_path.sh
[42.147s] -- Symlinking: /robofuzz/targets/moveit2_ws/install/moveit2_tutorials/share/moveit2_tutorials/environment/ament_prefix_path.dsv
[42.155s] -- Symlinking: /robofuzz/targets/moveit2_ws/install/moveit2_tutorials/share/moveit2_tutorials/environment/path.sh
[42.164s] -- Symlinking: /robofuzz/targets/moveit2_ws/install/moveit2_tutorials/share/moveit2_tutorials/environment/path.dsv
[42.172s] -- Symlinking: /robofuzz/targets/moveit2_ws/install/moveit2_tutorials/share/moveit2_tutorials/local_setup.bash
[42.181s] -- Symlinking: /robofuzz/targets/moveit2_ws/install/moveit2_tutorials/share/moveit2_tutorials/local_setup.sh
[42.189s] -- Symlinking: /robofuzz/targets/moveit2_ws/install/moveit2_tutorials/share/moveit2_tutorials/local_setup.zsh
[42.198s] -- Symlinking: /robofuzz/targets/moveit2_ws/install/moveit2_tutorials/share/moveit2_tutorials/local_setup.dsv
[42.207s] -- Symlinking: /robofuzz/targets/moveit2_ws/install/moveit2_tutorials/share/moveit2_tutorials/package.dsv
[42.216s] -- Symlinking: /robofuzz/targets/moveit2_ws/install/moveit2_tutorials/share/ament_index/resource_index/packages/moveit2_tutorials
[42.225s] -- Symlinking: /robofuzz/targets/moveit2_ws/install/moveit2_tutorials/share/moveit2_tutorials/cmake/ament_cmake_export_dependencies-extras.cmake
[42.233s] -- Symlinking: /robofuzz/targets/moveit2_ws/install/moveit2_tutorials/share/moveit2_tutorials/cmake/ament_cmake_export_include_directories-extras.cmake
[42.242s] -- Symlinking: /robofuzz/targets/moveit2_ws/install/moveit2_tutorials/share/moveit2_tutorials/cmake/moveit2_tutorialsConfig.cmake
[42.251s] -- Symlinking: /robofuzz/targets/moveit2_ws/install/moveit2_tutorials/share/moveit2_tutorials/cmake/moveit2_tutorialsConfig-version.cmake
[42.259s] -- Symlinking: /robofuzz/targets/moveit2_ws/install/moveit2_tutorials/share/moveit2_tutorials/package.xml
[42.272s] Invoked command in '/robofuzz/targets/moveit2_ws/build/moveit2_tutorials' returned '0': CMAKE_PREFIX_PATH=/robofuzz/targets/moveit2_ws/install/moveit_visual_tools:/robofuzz/targets/moveit2_ws/install/rviz_visual_tools:/robofuzz/targets/moveit2_ws/install/moveit2_tutorials:/robofuzz/targets/turtlebot3_ws/install/turtlebot3:/robofuzz/targets/turtlebot3_ws/install/turtlebot3_simulations:/robofuzz/targets/turtlebot3_ws/install/turtlebot3_bringup:/robofuzz/targets/turtlebot3_ws/install/turtlebot3_node:/robofuzz/targets/turtlebot3_ws/install/turtlebot3_navigation2:/robofuzz/targets/turtlebot3_ws/install/turtlebot3_fake_node:/robofuzz/targets/turtlebot3_ws/install/turtlebot3_msgs:/robofuzz/targets/turtlebot3_ws/install/turtlebot3_gazebo:/robofuzz/targets/turtlebot3_ws/install/turtlebot3_description:/robofuzz/targets/turtlebot3_ws/install/turtlebot3_cartographer:/robofuzz/targets/turtlebot3_ws/install/hls_lfcd_lds_driver:/robofuzz/targets/turtlebot3_ws/install/dynamixel_sdk_examples:/robofuzz/targets/turtlebot3_ws/install/dynamixel_sdk_custom_interfaces:/robofuzz/targets/turtlebot3_ws/install/dynamixel_sdk:/robofuzz/targets/idltest_ws/install/idltest_target:/robofuzz/targets/idltest_ws/install/idltest_msgs:/robofuzz/targets/px4_ros_com_ros2/install/px4_ros_com:/robofuzz/targets/px4_ros_com_ros2/install/px4_msgs:/robofuzz/targets/turtlebot3_ws/install/turtlebot3_teleop:/robofuzz/targets/turtlebot3_ws/install/turtlebot3_example:/opt/ros/foxy /usr/bin/cmake --install /robofuzz/targets/moveit2_ws/build/moveit2_tutorials
